401000-40100c,2,5,558bec8b450850e8c0310000,,WRITE:0-0
40100c-401011,2,3,83c4045dc3,,WRITE:0-0
401020-40102d,2,5,558bec83ec146a00e8d3ffffff,,WRITE:0-0
40102d-401036,2,3,83c40450e884310000,,WRITE:0-0
401036-401042,2,3,83c404c745f800000000eb09,,WRITE:0-0
401042-401051,11,5,8b45f883c0018945f8837df80a7d31,,WRITE:0-0
40104b-401051,2,2,837df80a7d31,,WRITE:0-0
401051-401056,10,1,e843310000,,WRITE:0-0
401056-40107d,11,10,99b90a000000f7f98b45f8891485e0a241008b4df88b148de0a24100526800904100e823010000,m,WRITE:41a2e0-41a304
40107d-401082,11,2,83c408ebc0,,WRITE:0-0
401082-40108c,2,2,6804904100e814010000,,WRITE:0-0
40108c-401098,2,3,83c404c745f400000000eb09,,WRITE:0-0
401098-4010a7,10,5,8b45f483c0018945f4837df4097d67,,WRITE:0-0
4010a1-4010a7,2,2,837df4097d67,,WRITE:0-0
4010a7-4010b0,10,2,c745fc00000000eb09,,WRITE:0-0
4010b0-4010c6,46,7,8b4dfc83c101894dfcba090000002b55f43955fc7d46,,WRITE:0-0
4010b9-4010c6,10,4,ba090000002b55f43955fc7d46,,WRITE:0-0
4010c6-4010dc,46,5,8b45fc8b4dfc8b1485e0a241003b148de4a241007e2e,,WRITE:0-0
4010dc-40110c,20,11,8b45fc8b0c85e0a24100894dec8b55fc8b45fc8b0c85e4a24100890c95e0a241008b55fc8b45ec890495e4a24100eba4,m,WRITE:41a2e0-41a2f0
40110a-40110c,26,1,eba4,,WRITE:0-0
40110c-40110e,9,1,eb8a,,WRITE:0-0
40110e-401117,2,2,c745f000000000eb09,,WRITE:0-0
401117-401126,11,5,8b4df083c101894df0837df00a7d1a,,WRITE:0-0
401120-401126,2,2,837df00a7d1a,,WRITE:0-0
401126-40113b,11,5,8b55f08b0495e0a24100506808904100e865000000,,WRITE:0-0
40113b-401140,11,2,83c408ebd7,,WRITE:0-0
401140-40114a,2,2,680c904100e856000000,,WRITE:0-0
40114a-401153,2,5,83c40433c08be55dc3,,WRITE:0-0
401160-40116a,24,5,558becb8d8a241005dc3,,WRITE:0-0
401170-401188,23,11,558bec8b4514508b4d10518b550c528b450850e8d8ffffff,,WRITE:0-0
401188-401194,23,5,8b4804518b1052e8822f0000,,WRITE:0-0
401194-401199,23,3,83c4185dc3,,WRITE:0-0
4011a0-4011a5,22,1,e982efc50c,,WRITE:0-0
4011a6-4011aa,50,2,8945fcc3,,WRITE:0-0
4011ac-4011ae,236,2,90c3,,WRITE:0-0
4011af-4011b2,89,2,85c9c3,,WRITE:0-0
4011b3-4011b6,125,2,a801c3,,WRITE:0-0
4011b8-4011bc,43,2,8b400cc3,,WRITE:0-0
4011bd-4011c5,2,2,c7404810924100c3,,WRITE:6f0b08-0
4011da-4011e2,2,3,566a01e8a6310000,,WRITE:0-0
4011e2-4011e7,1,1,e834050000,,WRITE:0-0
4011e7-4011ed,2,2,50e8583b0000,,WRITE:0-0
4011ed-4011f2,1,1,e822050000,,WRITE:0-0
4011f2-4011f9,2,2,8bf0e8e63c0000,,WRITE:0-0
4011f9-401202,2,3,6a018930e8d8020000,m,WRITE:419e24-0
401202-40120a,2,4,83c40c5e84c07473,,WRITE:0-0
40120a-401211,2,2,dbe2e84a070000,,WRITE:0-0
401211-40121b,2,2,6887194000e84c040000,,WRITE:0-0
40121b-401220,1,1,e8f7040000,,WRITE:0-0
401220-401226,2,2,50e8f7340000,,WRITE:0-0
401226-40122c,2,4,595985c07551,,WRITE:0-0
40122c-401231,1,1,e8f0040000,,WRITE:0-0
401231-401236,1,1,e841050000,,WRITE:0-0
401236-40123a,2,2,85c0740b,,WRITE:0-0
401245-40124a,1,1,e807050000,,WRITE:0-0
40124a-40124f,1,1,e802050000,,WRITE:0-0
40124f-401254,1,1,e8dc040000,,WRITE:0-0
401254-401259,1,1,e8bb040000,,WRITE:0-0
401259-40125f,2,2,50e8e83b0000,,WRITE:0-0
40125f-401265,2,2,59e8c8040000,,WRITE:0-0
401265-401269,2,2,84c07405,,WRITE:0-0
401269-40126e,1,1,e86a370000,,WRITE:0-0
40126e-401273,1,1,e8a1040000,,WRITE:0-0
401273-401278,1,1,e832060000,,WRITE:0-0
401278-40127c,2,2,85c07501,,WRITE:0-0
401285-40128a,1,1,e8d0040000,,WRITE:0-0
40128a-40128d,2,2,33c0c3,,WRITE:0-0
40128d-401292,1,1,e85f060000,,WRITE:0-0
401292-401297,1,1,e87d040000,,WRITE:0-0
401297-40129d,2,2,50e8133c0000,,WRITE:0-0
40129d-40129f,2,2,59c3,,WRITE:0-0
40129f-4012ab,2,3,6a1468c07e4100e815070000,,WRITE:0-0
4012ab-4012b2,2,2,6a01e8ef010000,,WRITE:0-0
4012b2-4012bb,2,3,5984c00f8450010000,,WRITE:0-0
4012bb-4012c9,2,4,32db885de78365fc00e8a6010000,,WRITE:0-0
4012c9-4012dc,2,6,8845dca1c098410033c9413bc10f842f010000,,WRITE:0-0
4012dc-4012e0,2,2,85c07549,,WRITE:0-0
4012e0-4012f5,2,4,890dc0984100683c2141006820214100e82d370000,m,WRITE:4198c0-0
4012f5-4012fb,2,4,595985c07411,,WRITE:0-0
40130c-40131b,2,3,681c2141006814214100e8c2360000,,WRITE:0-0
40131b-401329,2,4,5959c705c098410002000000eb05,m,WRITE:4198c0-0
40132e-401336,2,2,ff75dce8bf020000,,WRITE:0-0
401336-40133c,2,2,59e847040000,,WRITE:0-0
40133c-401344,2,4,8bf033ff393e741b,,WRITE:0-0
40135f-401364,1,1,e825040000,,WRITE:0-0
401364-40136a,2,3,8bf0393e7413,,WRITE:0-0
40137d-401382,1,1,e842360000,,WRITE:0-0
401382-401389,2,2,8bf8e8183a0000,,WRITE:0-0
401389-401390,2,2,8b30e80b3a0000,,WRITE:0-0
401390-401399,2,4,5756ff30e887fcffff,,WRITE:0-0
401399-4013a3,2,3,83c40c8bf0e80c050000,,WRITE:0-0
4013a3-4013a7,2,2,84c0746b,,WRITE:0-0
401412-401418,2,2,56e817390000,,WRITE:0-0
401421-401426,1,1,e8a3020000,,WRITE:0-0
401426-40142b,1,1,e974feffff,,WRITE:0-0
40146f-401475,2,2,56e864070000,,WRITE:0-0
401475-401479,2,2,85c07420,,WRITE:0-0
401499-40149d,2,3,32c05ec3,,WRITE:0-0
4014a1-4014aa,2,4,558bec837d08007507,,WRITE:0-0
4014b1-4014b6,1,1,e84f050000,,WRITE:0-0
4014b6-4014bb,1,1,e8030a0000,,WRITE:0-0
4014bb-4014bf,2,2,84c07504,,WRITE:0-0
4014c3-4014c8,1,1,e8703e0000,,WRITE:0-0
4014c8-4014cc,2,2,84c0750a,,WRITE:0-0
4014d6-4014da,2,3,b0015dc3,,WRITE:0-0
4014da-4014e6,2,4,558bec803dc9984100007404,,WRITE:0-0
4014ea-4014f2,2,4,568b750885f67405,,WRITE:0-0
4014f2-4014f7,2,2,83fe017562,,WRITE:0-0
4014f7-4014fc,1,1,e8dd060000,,WRITE:0-0
4014fc-401500,2,2,85c07426,,WRITE:0-0
401526-401559,2,12,83c9ff890dcc984100890dd0984100890dd4984100890dd8984100890ddc984100890de0984100c605c998410001b0015e5dc3,m,WRITE:4198cc-4198c9
4015f5-4015fd,2,3,558bece8dc050000,,WRITE:0-0
4015fd-401601,2,2,85c0740f,,WRITE:0-0
401610-401612,2,2,5dc3,,WRITE:0-0
40163a-401649,2,5,558bec833dcc984100ffff75087507,,WRITE:0-0
401649-40164e,1,1,e8503b0000,,WRITE:0-0
40164e-401650,1,1,eb0b,,WRITE:0-0
40165b-401667,2,7,f7d8591bc0f7d02345085dc3,,WRITE:0-0
401667-401672,2,4,558becff7508e8c8ffffff,,WRITE:0-0
401672-40167c,2,7,f7d8591bc0f7d8485dc3,,WRITE:0-0
40167c-401694,2,8,558bec83ec148365f4008d45f48365f80050ff150c204100,,WRITE:0-0
401694-4016a3,2,4,8b45f83345f48945fcff1508204100,,WRITE:0-0
4016a3-4016ac,2,2,3145fcff1504204100,,WRITE:0-0
4016ac-4016b9,2,4,3145fc8d45ec50ff1500204100,,WRITE:0-0
4016b9-4016c9,2,7,8b45f08d4dfc3345ec3345fc33c1c9c3,,WRITE:0-0
4016c9-4016df,2,7,8b0d289041005657bf4ee640bbbe0000ffff3bcf7404,,WRITE:0-0
4016e3-4016e8,1,1,e894ffffff,,WRITE:0-0
4016e8-4016ee,2,3,8bc83bcf7507,,WRITE:0-0
4016f5-4016f9,2,2,85ce750a,,WRITE:0-0
401703-401714,2,6,890d28904100f7d15f890d249041005ec3,m,WRITE:419028-419024
401714-401717,6,2,33c0c3,,WRITE:0-0
401717-40171b,2,3,33c040c3,,WRITE:0-0
40171b-401721,2,2,b800400000c3,,WRITE:0-0
401721-40172c,2,2,68e8984100ff1510204100,,WRITE:0-0
40172d-401730,4,2,b001c3,,WRITE:0-0
401730-401741,2,4,680000030068000001006a00e8393c0000,,WRITE:0-0
401741-401748,2,3,83c40c85c07501,,WRITE:0-0
401751-401754,174,1,c20000,,WRITE:0-0
401754-40175a,2,2,b8f0984100c3,,WRITE:0-0
40175a-40175f,1,1,e801faffff,,WRITE:0-0
40175f-40176d,2,4,8b4804830824894804e8e7ffffff,m,WRITE:41a2d8-41a2dc
40176d-401777,2,4,8b4804830802894804c3,m,WRITE:4198f0-4198f4
401777-401783,2,4,33c03905149041000f94c0c3,,WRITE:0-0
401783-401789,2,2,b810a34100c3,,WRITE:0-0
401789-40178f,2,2,b80ca34100c3,,WRITE:0-0
4017a3-4017a7,270,2,8b4508c3,,WRITE:0-0
4017a9-4017b1,89,2,833d1c9e410000c3,,WRITE:0-0
4017bc-4017c1,21,2,c6463c00c3,,WRITE:19fa24-19fa24
4017c8-4017cc,8,2,83c604c3,,WRITE:0-0
4017d1-4017d5,3,2,8d45ecc3,,WRITE:0-0
4017d6-4017da,21,2,83ffffc3,,WRITE:0-0
4017db-4017e6,2,2,c70540a1410038954100c3,m,WRITE:41a140-0
4017e8-4017eb,7,2,3bc2c3,,WRITE:0-0
4017ed-4017f1,45,2,6bc038c3,,WRITE:0-0
4017f2-4017fa,45,2,03048d209f4100c3,,WRITE:0-0
401801-401804,2,2,3bf7c3,,WRITE:0-0
401805-401808,2,2,23c7c3,,WRITE:0-0
401818-40181f,2,2,f7c100020000c3,,WRITE:0-0
40187a-40187d,3,2,3801c3,,WRITE:0-0
40187f-401884,513,2,803c0800c3,,WRITE:0-0
4018aa-4018af,1,1,e965feffff,,WRITE:0-0
4018af-4018b7,2,2,6a00ff1528204100,,WRITE:0-0
4018b7-4018bb,2,2,85c07433,,WRITE:0-0
4018bb-4018c5,2,3,b94d5a00006639087529,,WRITE:0-0
4018c5-4018d2,2,4,8b483c03c8813950450000751c,,WRITE:0-0
4018d2-4018dd,2,3,b80b010000663941187511,,WRITE:0-0
4018dd-4018e3,2,2,8379740e760b,,WRITE:0-0
4018e3-4018ee,2,3,83b9e8000000000f95c0c3,,WRITE:0-0
4018f1-4018fc,2,2,68fd184000ff151c204100,,WRITE:0-0
40195b-40196b,2,6,5356beb47e4100bbb47e41003bf37319,,WRITE:0-0
401984-401987,2,3,5e5bc3,,WRITE:0-0
401987-401997,2,6,5356bebc7e4100bbbc7e41003bf37319,,WRITE:0-0
4019b0-4019b3,2,3,5e5bc3,,WRITE:0-0
4019c0-4019c5,58,1,e98be7c50c,,WRITE:0-0
4019c6-4019c9,132,2,85c0c3,,WRITE:0-0
4019ca-4019ce,59,2,8b45fcc3,,WRITE:0-0
4019d0-4019d4,61,2,8d45f0c3,,WRITE:0-0
4019da-4019dd,21,2,33f6c3,,WRITE:0-0
4019e5-4019e9,23,2,8b4104c3,,WRITE:0-0
401a05-401a21,2,7,558bec8325fc9841000083ec24830d20904100016a0aff1524204100,m,WRITE:4198fc-419020
401a21-401a29,2,2,85c00f84ac010000,,WRITE:0-0
401a29-401a92,2,43,8365f00033c053565733c98d7ddc530fa28bf35b908907897704894f0833c989570c8b45dc8b7de08945f481f747656e758b45e835696e65498945fc8b45e4356e74656c8945f833c040530fa28bf35b908d5ddc89038b45fc0b45f80bc7897304894b0889530c7543,,WRITE:19ff04-19ff10
401a92-401aa1,2,4,8b45dc25f03fff0f3dc00601007423,,WRITE:0-0
401aa1-401aa8,2,2,3d60060200741c,,WRITE:0-0
401aa8-401aaf,2,2,3d700602007415,,WRITE:0-0
401aaf-401ab6,2,2,3d50060300740e,,WRITE:0-0
401ab6-401abd,2,2,3d600603007407,,WRITE:0-0
401abd-401ac4,2,2,3d700603007511,,WRITE:0-0
401ad5-401ae9,2,7,8b3d009941008b4de46a0758894dfc3945f47c30,,WRITE:0-0
401ae9-401b0e,2,15,33c9530fa28bf35b908d5ddc8903897304894b088b4dfc89530c8b5de0f7c300020000740e,,WRITE:19ff04-19ff10
401b0e-401b19,2,3,83cf02893d00994100eb03,m,WRITE:419900-0
401b1c-401b3f,2,6,a12090410083c802c705fc98410001000000a320904100f7c1000010000f8493000000,m,WRITE:4198fc-419020
401b3f-401b59,2,5,83c804c705fc98410002000000a320904100f7c1000000087479,m,WRITE:4198fc-419020
401b59-401b61,2,2,f7c1000000107471,,WRITE:0-0
401b61-401b7b,2,11,33c90f01d08945ec8955f08b45ec8b4df06a065e23c63bc67557,,WRITE:0-0
401b7b-401b97,2,6,a12090410083c808c705fc98410003000000a320904100f6c320743b,m,WRITE:4198fc-419020
401b97-401bb4,2,7,83c820c705fc98410005000000a320904100b8000003d023d83bd8751e,m,WRITE:4198fc-419020
401bd2-401bd9,2,6,5f5e5b33c0c9c3,,WRITE:0-0
401bd9-401bde,3,1,e978e5c50c,,WRITE:0-0
401be5-401bed,71,2,3b0d289041007501,,WRITE:0-0
401ebe-401ec3,1,1,e84e050000,,WRITE:0-0
401ec3-401ec7,2,2,84c07503,,WRITE:0-0
401eca-401ecf,1,1,e8f4040000,,WRITE:0-0
401ecf-401ed3,2,2,84c07507,,WRITE:0-0
401eda-401edd,2,2,b001c3,,WRITE:0-0
402010-402027,4,6,8b4c240c0fb64424088bd78b7c240485c90f843c010000,,WRITE:0-0
402027-402036,4,3,69c00101010183f9200f86df000000,,WRITE:0-0
402036-402042,4,2,81f9800000000f828b000000,,WRITE:0-0
402042-40204c,4,2,0fba2500994100017309,,WRITE:0-0
40204c-402055,4,260,f3aa8b4424048bfac3,,WRITE:6ee998-6e4db7
4023c3-4023cd,2,2,6807234000e8bb010000,,WRITE:0-0
4023cd-4023d8,2,4,a3309041005983f8ff7503,m,WRITE:419030-0
4023db-4023e6,2,3,68289c410050e853020000,,WRITE:0-0
4023e6-4023ec,2,4,595985c07507,,WRITE:0-0
4023f3-4023f6,2,2,b001c3,,WRITE:0-0
402411-402427,2,8,5657bf509c410033f66a0068a00f000057e850020000,,WRITE:0-0
402427-40242e,2,3,83c40c85c07415,,WRITE:0-0
40242e-40243f,2,5,ff05689c410083c61883c71883fe1872db,m,WRITE:419c68-0
40243f-402443,2,2,b001eb07,,WRITE:0-0
40244a-40244d,2,3,5f5ec3,,WRITE:0-0
4024a3-4024af,4,8,558bec515356578b7d08eb70,,WRITE:0-0
4024af-4024bf,4,6,8b078d1c85a89c41008b339085f67407,,WRITE:0-0
4024bf-4024c4,2,2,83feff7576,,WRITE:0-0
4024c6-4024de,3,6,8b0485242b410068000800006a00508945fcff156c204100,,WRITE:0-0
4024de-4024e4,3,3,8bf085f67547,,WRITE:0-0
40251f-402524,4,2,3b7d0c758b,,WRITE:0-0
402526-40252b,4,5,5f5e5bc9c3,,WRITE:0-0
40252b-402533,3,4,8bc6870385c07407,m,WRITE:419cac-419ca8
40253a-40253e,4,2,8bc6ebe8,,WRITE:0-0
40253e-402543,2,1,e985dcc50c,,WRITE:0-0
40254d-402550,4,2,23d8c3,,WRITE:0-0
402552-402555,147,2,33d0c3,,WRITE:0-0
40255b-40255f,3,2,8d4dffc3,,WRITE:0-0
402560-402565,2,2,807dfc00c3,,WRITE:0-0
402567-40256a,8,2,f7d6c3,,WRITE:0-0
402570-402574,2,2,8b5d08c3,,WRITE:0-0
402588-4025a2,2,8,558bec5668d42b410068cc2b410068d42b41006a00e89cffffff,,WRITE:0-0
4025a2-4025ab,2,4,8bf083c41085f67410,,WRITE:0-0
4025ab-4025b6,2,3,ff75088bceff150c214100,,WRITE:0-0
4025b6-4025b8,1,1,ffd6,,WRITE:0-0
4025b8-4025bb,2,3,5e5dc3,,WRITE:0-0
402639-40263e,1,1,e997dbc50c,,WRITE:0-0
40263f-402643,23,2,8b5508c3,,WRITE:0-0
402645-402649,113,2,8b4d08c3,,WRITE:0-0
40265a-40265e,147,2,83cfffc3,,WRITE:0-0
402677-402691,2,8,558bec5668202c410068182c410068202c41006a04e8adfeffff,,WRITE:0-0
402691-40269a,2,4,8bf083c41085f67415,,WRITE:0-0
40269a-4026ab,2,5,ff75108bceff750cff7508ff150c214100,,WRITE:0-0
4026ab-4026ad,1,1,ffd6,,WRITE:0-0
4026ad-4026af,1,1,eb0c,,WRITE:0-0
4026bb-4026be,2,3,5e5dc3,,WRITE:0-0
4026c0-4026d8,3,10,57568b7424108b4c24148b7c240c8bc18bd103c63bfe7608,,WRITE:0-0
4026e0-4026e9,3,2,83f9200f82d2040000,,WRITE:0-0
4026e9-4026f1,3,2,81f9800000007313,,WRITE:0-0
402704-40270e,3,2,0fba2500994100017309,,WRITE:0-0
40270e-402717,3,261,f3a48b44240c5e5fc3,m,WRITE:419430-419637
402c40-402c4d,2,6,a1cc9c4100566a035e85c07507,,WRITE:0-0
402c4d-402c54,2,2,b800020000eb06,,WRITE:0-0
402c5a-402c67,2,4,a3cc9c41006a0450e8972e0000,m,WRITE:419ccc-0
402c67-402c73,2,3,6a00a3d09c4100e8e82e0000,m,WRITE:419cd0-0
402c73-402c7f,2,3,83c40c833dd09c410000752b,,WRITE:0-0
402caa-402cc2,2,8,5733ffbe509041006a0068a00f00008d462050e840320000,,WRITE:0-0
402cb2-402cc2,3,5,6a0068a00f00008d462050e840320000,,WRITE:0-0
402cc2-402ce7,4,11,a1d09c41008bd7c1fa068934b88bc783e03f6bc8388b0495209f41008b44081883f8ff7409,,WRITE:6f2298-6f22a0
402ce7-402cec,4,2,83f8fe7404,,WRITE:0-0
402cec-402cf0,4,2,85c07507,,WRITE:0-0
402cf7-402d03,4,4,83c6384781fef890410075af,,WRITE:0-0
402d03-402d08,2,4,5f33c05ec3,,WRITE:0-0
402d08-402d0d,66,1,e9cfd4c50c,,WRITE:0-0
402d18-402d20,2,3,8bff56e851360000,,WRITE:0-0
402d20-402d25,1,1,e817330000,,WRITE:0-0
402d25-402d34,2,4,33f6a1d09c4100ff3406e846360000,,WRITE:0-0
402d27-402d34,3,3,a1d09c4100ff3406e846360000,,WRITE:0-0
402d34-402d47,4,6,a1d09c4100598b040683c02050ff154c204100,,WRITE:0-0
402d47-402d4f,4,3,83c60483fe0c75d8,,WRITE:0-0
402d4f-402d5a,2,2,ff35d09c4100e8012e0000,,WRITE:0-0
402d5a-402d64,2,4,8325d09c410000595ec3,m,WRITE:419cd0-0
402d64-402d69,22,1,e97ed4c50c,,WRITE:0-0
402d78-402d7d,22,1,e975d4c50c,,WRITE:0-0
402d8c-402d98,23,3,6a0c68207f4100e828ecffff,,WRITE:0-0
402d98-402da6,23,4,8365e4008b4508ff30e8beffffff,,WRITE:0-0
402da6-402db3,23,4,598365fc008b4d0ce896030000,,WRITE:0-0
402db3-402dc4,23,4,8bf08975e4c745fcfeffffffe817000000,,WRITE:0-0
402dc4-402dd8,23,9,8bc68b4df064890d00000000595f5e5bc9c20c00,,WRITE:2be000-2be000
402ddb-402de5,23,3,8b4510ff30e893ffffff,,WRITE:0-0
402de5-402de7,23,2,59c3,,WRITE:0-0
402de7-402df0,21,2,83b904040000007506,,WRITE:0-0
402df0-402df6,21,2,b800020000c3,,WRITE:0-0
402ecb-402ee2,21,11,8bff558bec53568bf1578d4e408bb90404000085ff7502,,WRITE:0-0
402ee2-402ee9,21,2,8bf9e8fefeffff,,WRITE:0-0
402ee9-402efb,21,8,8b5d084803f8897e348bcf8b562885d27f04,,WRITE:19fa1c-19fa1c
402ef4-402efb,21,3,8b562885d27f04,,WRITE:0-0
402efb-402eff,21,2,85db7430,,WRITE:0-0
402eff-402f16,21,9,8d4aff8bc333d2894e28f7750c80c2308bd880fa397e0c,,WRITE:19fa10-19fa10
402f22-402f2f,21,5,8b46348810ff4e348b4e34ebc5,,WRITE:19fc27-19fa1c
402f2f-402f3e,21,8,2bf9897e38ff46345f5e5b5dc20c00,,WRITE:19fa20-19fa1c
402fcc-402fd1,20,1,e953d2c50c,,WRITE:0-0
402fdc-402fdf,25,2,b001c3,,WRITE:0-0
402fe9-402fec,2,2,a802c3,,WRITE:0-0
403007-40304c,23,25,8bff558bec5133c0894dfc890189410489410889410c89411089411489411889411c8941208941248941286689413089413888413c8981400400008981440400008bc1c9c3,,WRITE:19f9e8-19fe30
40304c-403059,23,6,8bff558bec568bf1e8aeffffff,,WRITE:0-0
403059-403088,23,17,8b45088b008986480400008b450c89068b45108946048b45188946088b45148946108b451c8946148bc65e5dc21800,,WRITE:19fe30-19fa00
403088-40308d,87,1,e9bfd1c50c,,WRITE:0-0
40308e-403091,895,2,8bffc3,,WRITE:0-0
403092-403097,89,2,6b450838c3,,WRITE:0-0
403099-40309d,89,2,8d5f04c3,,WRITE:0-0
4030a4-4030a8,23,2,f6c2c0c3,,WRITE:0-0
4030aa-4030ae,2,2,894818c3,,WRITE:6f0ad8-0
4030af-4030b3,3,2,8d4508c3,,WRITE:0-0
4030b4-4030b8,2,2,8945f4c3,,WRITE:0-0
4030b9-4030bc,22,2,1bffc3,,WRITE:0-0
4030bd-4030c0,2,2,8bc3c3,,WRITE:0-0
4030d1-4030d4,2,2,8bd1c3,,WRITE:0-0
4030dd-4030e0,2,2,0bcec3,,WRITE:0-0
40310b-40311b,23,5,8bff568bf1ffb604040000e8402a0000,,WRITE:0-0
40311b-403125,23,4,83a60404000000595ec3,,WRITE:19fe2c-19fe30
403149-40316c,23,14,8bff558bec81ec74040000a12890410033c58945fc568bf1578b068b3857e8f94b0000,,WRITE:0-0
40316c-403183,23,6,88859cfbffff8b4604598d8d8cfbffffff30e805ffffff,,WRITE:0-0
403183-4031b8,23,16,8b068d8da4fbffff8b008985a0fbffff8b4610ff308d8590fbffff508b460cff308b4608ff7004ff308d85a0fbffff50e894feffff,,WRITE:0-0
4031b8-4031c7,23,3,8365f4008d8da4fbffffe8e2010000,,WRITE:0-0
4031c7-4031d4,23,3,8d8de4fbffff8bf0e837ffffff,,WRITE:0-0
4031d4-4031dd,23,2,80bd98fbffff00740d,,WRITE:0-0
4031ea-4031f6,23,3,57ffb59cfbffffe81b4c0000,,WRITE:0-0
4031f6-403206,23,8,59598b4dfc8bc65f33cd5ee8dfe9ffff,,WRITE:0-0
403206-403208,23,2,c9c3,,WRITE:0-0
403291-4032a0,63,7,8bff558bec8a4d088d41e03c5a7712,,WRITE:0-0
4032a0-4032b2,61,5,0fbec183e82083e07f8b0cc5442c4100eb02,,WRITE:0-0
4032b2-4032c8,3,7,33c98b450c8d04c883e07f8b04c5402c41005dc20800,,WRITE:0-0
4032b4-4032c8,61,6,8b450c8d04c883e07f8b04c5402c41005dc20800,,WRITE:0-0
4033a9-4033ba,23,6,8bff53568bf18d8e48040000e8ed0a0000,,WRITE:0-0
4033ba-4033be,23,2,84c0741b,,WRITE:0-0
4033be-4033c9,23,3,33db395e100f85b9000000,,WRITE:0-0
4033dc-4033df,23,3,5e5bc3,,WRITE:0-0
4033df-4033ea,23,3,895e38895e1ce985000000,,WRITE:19fa20-19fa08
4033ea-4033f6,63,3,ff4610395e180f8c8c000000,,WRITE:19f9f8-19f9fc
4033f6-403405,63,5,ff761c0fb646318bce50e88cfeffff,,WRITE:0-0
403405-40340d,63,3,89461c83f80874bc,,WRITE:19fa04-19fa08
40340d-403412,63,2,83f80777c7,,WRITE:0-0
403412-403419,62,1,ff24859d344000,,WRITE:0-0
403419-403420,23,2,8bcee8da000000,,WRITE:0-0
403420-403422,22,1,eb45,,WRITE:0-0
403422-403437,21,7,834e28ff895e24885e30895e20895e2c885e3ceb38,,WRITE:19fa10-19fa24
403460-403467,21,2,8bcee8cd020000,,WRITE:0-0
403467-40346f,43,2,84c00f846affffff,,WRITE:0-0
40346f-40347f,85,5,8b46108a0088463184c00f856bffffff,,WRITE:19fa19-19fa1d
40347f-403495,23,4,ff4610ff865004000083be50040000020f854affffff,,WRITE:19f9f8-19fe3c
403482-403495,23,3,ff865004000083be50040000020f854affffff,,WRITE:19fe38-19fe3c
403495-40349d,23,2,8b4618e93fffffff,,WRITE:0-0
4034fa-4034ff,22,1,e81a000000,,WRITE:0-0
4034ff-403503,23,2,84c07513,,WRITE:0-0
403516-403519,23,2,b001c3,,WRITE:0-0
403519-403529,23,8,8bff558bec51566a008bf1e82a000000,,WRITE:0-0
403529-40352d,23,2,84c07423,,WRITE:0-0
40352d-403541,23,5,8a46318d8e480400008845fcff75fce80e0a0000,,WRITE:0-0
403541-403545,23,2,84c07405,,WRITE:0-0
403545-40354a,23,2,ff4618eb04,,WRITE:19fa00-19fa04
40354e-403553,23,4,b0015ec9c3,,WRITE:0-0
403553-403575,23,13,8bff53568bf168008000008a5e310fbec3508b4608c6463c008b00ff30e87f0b0000,,WRITE:19fa24-19fa28
403575-40357c,23,3,83c40c85c0743d,,WRITE:0-0
4035b9-4035c0,23,4,b0015e5bc20400,,WRITE:0-0
403734-40374d,21,14,8bff558bec515153568bf133db6a58590fbe463183f8647f6c,,WRITE:0-0
40374d-403753,20,1,0f8493000000,,WRITE:0-0
403781-403789,21,2,84c00f85a0000000,,WRITE:0-0
4037e6-4037f4,21,5,834e2010536a0a8bcee846040000,,WRITE:19fa08-19fa08
4037f4-4037f6,20,1,eb8b,,WRITE:0-0
403829-403832,21,2,385e300f852e010000,,WRITE:0-0
403832-40384d,21,11,8bcb66895dfc885dfe33d28b5e20428bc3894df8c1e80484c2742f,,WRITE:0-0
40384d-403856,21,4,8bc3c1e80684c27406,,WRITE:0-0
40385c-403860,21,2,84da740b,,WRITE:0-0
40386b-403873,21,4,8bc3d1e884c27409,,WRITE:0-0
40387c-403884,21,3,8a563180fa787405,,WRITE:0-0
403884-403889,21,2,80fa58750d,,WRITE:0-0
403896-40389d,21,3,32db80fa617409,,WRITE:0-0
40389d-4038a2,21,2,80fa417404,,WRITE:0-0
4038a2-4038a6,21,2,32c0eb02,,WRITE:0-0
4038a8-4038ac,21,2,84db7504,,WRITE:0-0
4038ac-4038b0,21,2,84c07420,,WRITE:0-0
4038d0-4038e8,21,8,578b7e248d5e182b7e388d86480400002bf9f646200c7510,,WRITE:0-0
4038e8-4038f2,21,5,53576a2050e8daf6ffff,,WRITE:0-0
4038f2-40390d,21,10,8b4df883c4108d460c5053518d45fc508d8e48040000e81d070000,,WRITE:0-0
40390d-403919,21,5,8b4e208bc1c1e803a801741b,,WRITE:0-0
403934-40393d,21,3,6a008bcee848060000,,WRITE:0-0
40393d-403942,21,2,833b007c1d,,WRITE:0-0
403942-40394c,21,4,8b4620c1e802a8017413,,WRITE:0-0
40395f-403966,21,6,5fb0015e5bc9c3,,WRITE:0-0
4039a0-4039ad,21,6,8bff558bec8b450883f80b772a,,WRITE:0-0
4039ad-4039bb,21,2,0fb680f0394000ff2485dc394000,a,WRITE:0-0
4039c9-4039d0,21,3,b8040000005dc3,,WRITE:0-0
403c3a-403c3f,20,1,e98ac7c50c,,WRITE:0-0
403c40-403c44,41,2,c1e804c3,,WRITE:0-0
403c4b-403c4d,21,2,99c3,,WRITE:0-0
403c4e-403c51,147,2,8bcac3,,WRITE:0-0
403c53-403c57,3,2,8945f0c3,,WRITE:0-0
403c65-403c69,45,2,83e03fc3,,WRITE:0-0
403c70-403c74,2,2,83c908c3,,WRITE:0-0
403c75-403c78,2,2,a810c3,,WRITE:0-0
403c7a-403c7e,2,2,83c902c3,,WRITE:0-0
403c7f-403c82,2,2,a820c3,,WRITE:0-0
403c83-403c87,2,2,83c901c3,,WRITE:0-0
403c92-403c96,2,2,0fb7c0c3,,WRITE:0-0
403c98-403c9c,2,2,8b7d0cc3,,WRITE:0-0
403c9e-403ca2,2,2,83e010c3,,WRITE:0-0
403ca3-403caa,2,2,f7c100010000c3,,WRITE:0-0
403cab-403cb1,2,2,bb00600000c3,,WRITE:0-0
403cb3-403cb9,2,2,a91f030800c3,,WRITE:0-0
403d43-403d5b,23,6,83ec0868a3e94000682ee4400068a611400068af9a4000c3,,WRITE:0-0
403d5c-403d63,23,3,5268643d4000c3,,WRITE:0-0
403d64-403d6c,23,3,6a0168dda74000c3,,WRITE:0-0
403d6d-403d73,23,2,50e951ac0000,,WRITE:0-0
403ea7-403ead,23,3,8b0185c07513,,WRITE:0-0
403ec0-403ec6,23,2,50e802000000,,WRITE:0-0
403ec6-403ec8,23,2,59c3,,WRITE:0-0
403ec8-403edc,23,10,8bff558bec8b4d08568b410c90c1e80ca801756e,,WRITE:0-0
403edc-403ee3,23,3,5751e8e23d0000,,WRITE:0-0
403ee3-403eee,23,4,59b90891410083f8ff741b,,WRITE:0-0
403eee-403ef3,23,2,83f8fe7416,,WRITE:0-0
403ef3-403f09,23,7,8bf08bd083e63fc1fa066bfe38033c95209f4100eb0c,,WRITE:0-0
403f15-403f1c,23,3,807f29005f751a,,WRITE:0-0
403f1c-403f21,23,2,83f8ff740f,,WRITE:0-0
403f21-403f26,23,2,83f8fe740a,,WRITE:0-0
403f26-403f36,23,4,6bce38030c95209f4100f6412d017414,,WRITE:0-0
403f4a-403f4f,23,4,b0015e5dc3,,WRITE:0-0
403f4f-403f54,42,1,e98fc4c50c,,WRITE:0-0
403f85-403fa2,21,13,8bff558bec83ec10a12890410033c58945fc53568bf157807e3c00745c,,WRITE:0-0
403ffe-404017,21,8,8d460c508d461850ff76388d8e48040000ff7634e813000000,,WRITE:0-0
404017-404026,21,7,8b4dfcb0015f5e33cd5be8bfdbffff,,WRITE:0-0
404026-40402a,21,2,c9c20400,,WRITE:0-0
40402a-40403c,41,9,8bff558bec8b018b400c90c1e80ca8017414,,WRITE:0-0
404050-404056,41,2,5de900000000,,WRITE:0-0
404056-40406e,41,12,8bff558bec83ec0c538b5d148bd1568955fc8b3385f6750c,,WRITE:0-0
40406e-404073,20,1,e8781a0000,,WRITE:0-0
404073-404091,21,12,8b55fc8bf089338b5d088b4d0c8b0603cb8326008945f8894df43bd97452,,WRITE:19f9f4-6f0ad0
40407a-404091,21,9,8b5d088b4d0c8b0603cb8326008945f8894df43bd97452,,WRITE:6f0ad0-6f0ad0
404091-4040a0,21,6,578b7d100fb6038bca50e8affeffff,,WRITE:0-0
4040a0-4040a4,21,2,84c07526,,WRITE:0-0
4040ca-4040ce,21,2,ff07eb03,,WRITE:19fa00-19fa00
4040d1-4040da,21,4,8b55fc433b5df475bb,,WRITE:0-0
4040da-4040dc,20,1,eb03,,WRITE:0-0
4040df-4040e8,21,4,8b45f85f833e007506,,WRITE:0-0
4040e3-4040e8,21,2,833e007506,,WRITE:0-0
4040e8-4040ec,41,2,85c07402,,WRITE:0-0
4040ee-4040f4,41,4,5e5bc9c21000,,WRITE:0-0
4040f4-404106,23,7,8bff558bec8b4d0c8d41013d00010000770c,,WRITE:0-0
404106-404112,23,5,8b45080fb704482345105dc3,,WRITE:0-0
404116-404146,23,18,8bff558bec83ec388b451c8b4d108b55148945ec8b45188945f48b45088945dc8b450c8955f0894df88945e085c97515,,WRITE:0-0
40415b-40415f,23,2,85d274e7,,WRITE:0-0
40415f-404197,23,20,8d45f8894de88945c88d45f48945cc8d45dc8945d08d45f08945d48d45ec8945d88d45e8508d45c8894de4508d45e4508d4dffe8f5ebffff,,WRITE:0-0
404197-404199,23,2,c9c3,,WRITE:0-0
404199-40419e,10,1,e86c2d0000,,WRITE:0-0
40419e-4041ba,11,7,694818fd43030081c1c39e2600894818c1e91081e1ff7f00008bc1c3,,WRITE:6f0ad8-6f0ad8
4041ba-4041c4,2,4,8bff558bece8462d0000,,WRITE:0-0
4041c4-4041cc,2,4,8b4d088948185dc3,,WRITE:6f0ad8-0
4041cc-4041e5,2,10,8bff558bec51518365f8008d45f88365fc0050ff150c204100,,WRITE:0-0
4041e5-4041fe,2,6,8b45f88b4dfc2d00803ed581d9deb19d0181f978f083047f19,,WRITE:0-0
4041fe-404200,1,1,7c07,,WRITE:0-0
404207-404215,2,5,6a0068809698005150e89bcf0000,,WRITE:0-0
404215-404217,1,1,eb05,,WRITE:0-0
40421c-404223,2,3,8b4d0885c97405,,WRITE:0-0
404228-40422a,2,2,c9c3,,WRITE:0-0
404388-404397,2,7,8bff558bec8b4508a3d89c41005dc3,m,WRITE:419cd8-0
404397-40439c,4,1,e953c0c50c,,WRITE:0-0
40439d-4043a3,89,2,0550904100c3,,WRITE:0-0
4043ce-4043dd,2,7,8bff558bec8b4508a3dc9c41005dc3,m,WRITE:419cdc-0
404424-404434,2,8,8bff558bec83ec10538b5d0885db7507,,WRITE:0-0
40443b-404441,2,3,5683fb02741b,,WRITE:0-0
404441-404446,2,2,83fb017416,,WRITE:0-0
40445c-404462,2,2,57e8d6480000,,WRITE:0-0
404462-404475,2,6,6804010000bee09c410033ff5657e80a430000,,WRITE:0-0
404475-40448a,2,6,a1149e410083c40c8935049e41008945f085c07405,m,WRITE:419e04-0
40448a-40448f,2,2,8038007505,,WRITE:0-0
404494-4044aa,2,10,8d4df4897dfc518d4dfc897df451575750e8b0000000,,WRITE:0-0
4044aa-4044b7,2,4,6a01ff75f4ff75fce817020000,,WRITE:0-0
4044b7-4044c0,2,4,8bf083c42085f6750c,,WRITE:0-0
4044cc-4044e4,2,10,8d45f4508d45fc508b45fc8d04865056ff75f0e876000000,,WRITE:0-0
4044e4-4044ec,2,3,83c41483fb017516,,WRITE:0-0
4044ec-404502,2,8,8b45fc48a3089e41008bc68bf7a30c9e41008bdfeb4a,m,WRITE:419e08-419e0c
40454c-404552,2,2,56e809160000,,WRITE:0-0
404552-40455a,2,7,598bc35f5e5bc9c3,,WRITE:0-0
40455a-40457f,3,16,8bff558bec518b4514538b5d18568b7510578323008b7d08c700010000008b450c85c07408,,WRITE:19ff04-19ff0c
40457f-404591,2,7,893083c00489450c32c9884dff803f22750d,,WRITE:6f0010-0
404587-404591,2,4,32c9884dff803f22750d,,WRITE:0-0
40458c-404591,63,2,803f22750d,,WRITE:0-0
404591-40459e,5,6,84c9b0220f94c147884dffeb35,,WRITE:0-0
40459e-4045a4,61,3,ff0385f67405,,WRITE:19ff04-19ff04
4045a4-4045b8,31,9,8a078806468a07478845fe0fbec050e8a64a0000,,WRITE:6f0018-6f0035
4045a9-4045b8,31,6,8a07478845fe0fbec050e8a64a0000,,WRITE:0-0
4045b8-4045bd,61,3,5985c0740c,,WRITE:0-0
4045c9-4045d0,61,3,8a45fe84c07419,,WRITE:0-0
4045d0-4045d7,59,3,8a4dff84c975b5,,WRITE:0-0
4045d3-4045d7,5,2,84c975b5,,WRITE:0-0
4045d7-4045db,3,2,3c207404,,WRITE:0-0
4045db-4045df,3,2,3c0975ad,,WRITE:0-0
4045e9-4045f8,3,5,4fc645ff008a0784c00f84c2000000,,WRITE:0-0
4046ba-4046c4,3,6,8b4d0c5f5e5b85c97403,,WRITE:0-0
4046c4-4046ce,2,5,8321008b4514ff00c9c3,,WRITE:6f0014-19ff0c
4046c7-4046ce,2,4,8b4514ff00c9c3,,WRITE:19ff0c-0
4046ce-4046df,2,7,8bff558bec568b750881feffffff3f7339,,WRITE:0-0
4046df-4046ee,2,6,83c8ff8b4d0c33d2f775103bc8732a,,WRITE:0-0
4046ee-4046fd,2,6,0faf4d10c1e6028bc6f7d03bc1761b,,WRITE:0-0
4046fd-404708,2,4,8d040e6a0150e8f6130000,,WRITE:0-0
404708-404711,2,3,6a008bf0e84a140000,,WRITE:0-0
404711-404718,2,3,83c40c8bc6eb02,,WRITE:0-0
40471a-40471d,2,3,5e5dc3,,WRITE:0-0
40471d-404728,2,5,8bff558bec5de9fcfcffff,,WRITE:0-0
404754-40475d,2,2,833de89d4100007403,,WRITE:0-0
404760-404767,2,3,5657e8d1450000,,WRITE:0-0
404767-40476c,1,1,e8744a0000,,WRITE:0-0
40476c-404772,2,3,8bf085f67505,,WRITE:0-0
404777-40477d,2,2,56e82a000000,,WRITE:0-0
40477d-404782,2,3,5985c07505,,WRITE:0-0
404787-40479a,2,5,a3f49d410033ffa3e89d41006a00e8c1130000,m,WRITE:419df4-419de8
40479a-4047a1,2,3,5956e8ba130000,,WRITE:0-0
4047a1-4047a7,2,5,598bc75f5ec3,,WRITE:0-0
4047a7-4047bc,2,13,8bff558bec5151538b5d0833d256578bf38a03eb18,,WRITE:0-0
4047bc-4047c0,87,2,3c3d7401,,WRITE:0-0
4047c0-4047cd,87,7,428bce8d79018a014184c075f9,,WRITE:0-0
4047c6-4047cd,6577,4,8a014184c075f9,,WRITE:0-0
4047cd-4047d8,87,6,2bcf4603f18a0684c075e4,,WRITE:0-0
4047d4-4047d8,2,2,84c075e4,,WRITE:0-0
4047d8-4047e3,2,4,8d42016a0450e81b130000,,WRITE:0-0
4047e3-4047eb,2,5,8bf8595985ff746e,,WRITE:0-0
4047eb-4047f0,2,2,897dfceb52,,WRITE:0-0
4047f0-4047fc,87,6,8bcb8d71018a014184c075f9,,WRITE:0-0
4047f5-4047fc,6577,4,8a014184c075f9,,WRITE:0-0
4047fc-404809,87,5,2bce8d41018945f880fa3d7437,,WRITE:0-0
404809-404811,87,3,6a0150e8ed120000,,WRITE:0-0
404811-404819,87,5,8bf0595985f67431,,WRITE:0-0
404819-404823,87,4,53ff75f856e80d0c0000,,WRITE:0-0
404823-40482a,87,3,83c40c85c07540,,WRITE:0-0
40482a-40483c,87,6,8b45fc6a00893083c0048945fce81f130000,,WRITE:6f6a60-6f6bb4
40483c-404848,87,6,8b45f85903d88a1384d275a8,,WRITE:0-0
404842-404848,2,3,8a1384d275a8,,WRITE:0-0
404848-40484a,1,1,eb11,,WRITE:0-0
40485b-404862,2,2,6a00e8f9120000,,WRITE:0-0
404862-40486a,2,7,598bc75f5e5bc9c3,,WRITE:0-0
404883-404889,89,2,a100924100c3,,WRITE:0-0
4049c4-4049cd,2,3,a1f49d410085c0750a,,WRITE:0-0
4049d8-4049dd,1,1,e977fdffff,,WRITE:0-0
4049dd-4049e2,3,1,e963bac50c,,WRITE:0-0
4049e3-4049e7,21,2,8b40fcc3,,WRITE:0-0
4049e9-4049f1,4,2,8d3c85b49c4100c3,,WRITE:0-0
4049f3-4049f6,73,2,8bc8c3,,WRITE:0-0
4049fb-4049fe,130,2,8bc7c3,,WRITE:0-0
4049ff-404a03,21,2,8b4e20c3,,WRITE:0-0
404a22-404a2e,2,7,8bff558bec568b750857eb17,,WRITE:0-0
404a2e-404a34,8,3,8b3e85ff740e,,WRITE:0-0
404a34-404a3c,7,2,8bcfff150c214100,,WRITE:0-0
404a3c-404a3e,6,1,ffd7,,WRITE:0-0
404a3e-404a42,7,2,85c0750a,,WRITE:0-0
404a42-404a4a,8,3,83c6043b750c75e4,,WRITE:0-0
404a45-404a4a,2,2,3b750c75e4,,WRITE:0-0
404a4a-404a50,2,5,33c05f5e5dc3,,WRITE:0-0
404a50-404a5c,2,3,6a0868607f4100e864cfffff,,WRITE:0-0
404a5c-404a66,2,3,8b4508ff30e8a74b0000,,WRITE:0-0
404a66-404a73,2,4,598365fc008b4d0ce82a000000,,WRITE:0-0
404a73-404a7f,2,2,c745fcfeffffffe812000000,,WRITE:0-0
404a7f-404a91,2,8,8b4df064890d00000000595f5e5bc9c20c00,,WRITE:2be000-0
404a91-404a9b,2,3,8b4510ff30e8ba4b0000,,WRITE:0-0
404a9b-404a9d,2,2,59c3,,WRITE:0-0
404a9d-404aa9,2,3,6a0868407f4100e817cfffff,,WRITE:0-0
404aa9-404ab8,2,3,8bf1803d009e4100000f8596000000,,WRITE:0-0
404ab8-404acf,2,10,33c040b9f89d4100870133db895dfc8b068b0085c0752c,m,WRITE:419df8-0
404acf-404ae3,2,6,8b3d289041008bcf83e11fa1fc9d41003bc77411,,WRITE:0-0
404af4-404afb,2,2,68289e4100eb0a,,WRITE:0-0
404b05-404b0a,1,1,e8aa060000,,WRITE:0-0
404b0a-404b18,2,5,59c745fcfeffffff8b0639187511,,WRITE:0-0
404b18-404b27,2,3,68502141006840214100e8b6feffff,,WRITE:0-0
404b27-404b38,2,5,595968582141006854214100e8a5feffff,,WRITE:0-0
404b38-404b41,2,5,59598b46043918750d,,WRITE:0-0
404b41-404b5e,2,11,c605009e4100018b4608c600018b4df064890d00000000595f5e5bc9c3,m,WRITE:419e00-2be000
404b8a-404b98,2,6,8bff558bec83ec18837d10007512,,WRITE:0-0
404b98-404b9d,1,1,e893000000,,WRITE:0-0
404b9d-404ba1,2,2,84c07409,,WRITE:0-0
404baa-404bdd,2,19,8d450cc645ff008945e88d4dfe8d45108945ec8d45ff6a028945f0588945f88945f48d45f8508d45e8508d45f450e873feffff,,WRITE:0-0
404bdd-404be3,2,2,837d10007402,,WRITE:0-0
404be5-404bed,2,2,ff7508e801000000,,WRITE:0-0
404bee-404bf8,2,4,8bff558bece8744a0000,,WRITE:0-0
404bf8-404bfd,2,2,83f8017420,,WRITE:0-0
404c1d-404c25,2,2,ff7508e84e000000,,WRITE:0-0
404c25-404c2f,2,3,59ff7508ff1580204100,,WRITE:0-0
404c30-404c38,2,2,6a00ff1528204100,,WRITE:0-0
404c38-404c3c,2,2,85c07434,,WRITE:0-0
404c3c-404c46,2,3,b94d5a0000663908752a,,WRITE:0-0
404c46-404c53,2,4,8b483c03c8813950450000751d,,WRITE:0-0
404c53-404c5e,2,3,b80b010000663941187512,,WRITE:0-0
404c5e-404c64,2,2,8379740e760c,,WRITE:0-0
404c64-404c6d,2,2,83b9e8000000007403,,WRITE:0-0
404c70-404c73,2,2,32c0c3,,WRITE:0-0
404c73-404c8e,2,10,8bff558bec518365fc008d45fc5068f43041006a00ff1584204100,,WRITE:0-0
404c8e-404c92,2,2,85c07423,,WRITE:0-0
404cb5-404cbb,2,2,837dfc007409,,WRITE:0-0
404cc4-404cc6,2,2,c9c3,,WRITE:0-0
404cc6-404cd5,2,7,8bff558bec8b4508a3fc9d41005dc3,m,WRITE:419dfc-0
404d2f-404d40,2,7,8bff558bec6a006a00ff7508e84afeffff,,WRITE:0-0
404d45-404d54,2,6,8bff558bec8b45083d004000007423,,WRITE:0-0
404d77-404d82,2,5,b9a4a24100870133c05dc3,m,WRITE:41a2a4-0
404d82-404d88,1,1,ff1588204100,,WRITE:0-0
404d88-404d93,2,2,a3149e4100ff158c204100,m,WRITE:419e14-0
404d93-404d9b,2,3,a3189e4100b001c3,m,WRITE:419e18-0
404d9b-404da1,2,2,b8089e4100c3,,WRITE:0-0
404da1-404da7,2,2,b80c9e4100c3,,WRITE:0-0
404da7-404db3,2,3,6a0c68807f4100e80dccffff,,WRITE:0-0
404db3-404dbd,2,3,8b4508ff30e850480000,,WRITE:0-0
404dbd-404dd7,2,7,598365fc00be38a14100bf489141008975e481fe3ca141007414,,WRITE:0-0
404dcc-404dd7,2,3,8975e481fe3ca141007414,,WRITE:0-0
404dd7-404ddb,2,2,393e740b,,WRITE:0-0
404de6-404deb,2,2,83c604ebe1,,WRITE:0-0
404deb-404df7,2,2,c745fcfeffffffe812000000,,WRITE:0-0
404df7-404e09,2,8,8b4df064890d00000000595f5e5bc9c20c00,,WRITE:2be000-0
404e09-404e13,2,3,8b4510ff30e842480000,,WRITE:0-0
404e13-404e15,2,2,59c3,,WRITE:0-0
404e20-404e45,2,16,8bff558bec83ec0c6a04588945f88d4dff8945f48d45f8508d45ff508d45f450e862ffffff,,WRITE:0-0
404e45-404e47,2,2,c9c3,,WRITE:0-0
404e47-404e52,2,5,8bff558bec56e8b8200000,,WRITE:0-0
404e52-404e6c,2,10,8b55088bf06a00588b8e50030000f6c1020f94c04083faff7433,,WRITE:0-0
404e6c-404e70,2,2,85d27436,,WRITE:0-0
404ea6-404ea9,2,3,5e5dc3,,WRITE:0-0
404eb0-404ebc,2,6,8bff558bec8b450885c0741a,,WRITE:0-0
404ed6-404edf,2,4,b9209e410087015dc3,m,WRITE:419e20-0
404edf-404ee5,2,2,b8249e4100c3,,WRITE:0-0
404ee5-404ef1,2,3,6a0c68c07f4100e8cfcaffff,,WRITE:0-0
404ef1-404eff,2,4,8365e4008b4508ff30e80e470000,,WRITE:0-0
404eff-404f0c,2,4,598365fc008b4d0ce8b8010000,,WRITE:0-0
404f0c-404f1d,2,4,8bf08975e4c745fcfeffffffe817000000,,WRITE:0-0
404f1d-404f31,2,9,8bc68b4df064890d00000000595f5e5bc9c20c00,,WRITE:2be000-0
404f34-404f3e,2,3,8b4510ff30e817470000,,WRITE:0-0
404f3e-404f40,2,2,59c3,,WRITE:0-0
404f40-404f4c,2,3,6a0c68a07f4100e874caffff,,WRITE:0-0
404f4c-404f5a,2,4,8365e4008b4508ff30e8b3460000,,WRITE:0-0
404f5a-404f67,2,4,598365fc008b4d0ce834000000,,WRITE:0-0
404f67-404f78,2,4,8bf08975e4c745fcfeffffffe817000000,,WRITE:0-0
404f78-404f8c,2,9,8bc68b4df064890d00000000595f5e5bc9c20c00,,WRITE:2be000-0
404f8f-404f99,2,3,8b4510ff30e8bc460000,,WRITE:0-0
404f99-404f9b,2,2,59c3,,WRITE:0-0
404f9b-404fb7,2,13,8bff558bec83ec0c8bc18945f853568b00578b3085f60f8405010000,,WRITE:0-0
404fb7-404fdd,2,14,a1289041008bc88b1e83e11f8b7e0433d88b760833f833f0d3cfd3ced3cb3bfe0f859d000000,,WRITE:0-0
404fdd-404feb,2,5,2bf3b800020000c1fe023bf07702,,WRITE:0-0
404feb-404ff4,2,4,8bc68d3c3085ff7503,,WRITE:0-0
404ff4-404ffb,2,4,6a205f3bfe721d,,WRITE:0-0
404ffb-405004,2,4,6a045753e8a2500000,,WRITE:0-0
405004-40500e,2,3,6a008945fce84d0b0000,,WRITE:0-0
40500e-405018,2,4,8b4dfc83c41085c97524,,WRITE:0-0
40503c-405068,2,17,8d04b18bd98945fc8d34b9a1289041008b7dfc8bcf8945f48bc62bc783c003c1e8023bf71bd2f7d223d07412,,WRITE:0-0
405068-405077,2,7,8b7df433c04089398d49043bc275f6,,WRITE:6e4d38-0
40506d-405077,32,5,4089398d49043bc275f6,,WRITE:6e4d3c-6e4db4
405077-405087,2,5,8b7dfc8b45f88b4004ff30e810f3ffff,,WRITE:0-0
405087-40508f,2,3,538907e808f3ffff,,WRITE:6e4d38-0
40508f-4050a1,2,7,8b5df88b0b8b0989018d470450e8f6f2ffff,m,WRITE:419e28-0
4050a1-4050ae,2,5,8b0b568b09894104e8e9f2ffff,m,WRITE:419e2c-0
4050ae-4050bc,2,6,8b0b83c4108b0989410833c0eb03,m,WRITE:419e30-0
4050bf-4050c4,2,5,5f5e5bc9c3,,WRITE:0-0
4050c4-4050db,2,12,8bff558bec83ec14538bd957895dec8b038b3885ff7508,,WRITE:0-0
4050e3-405104,2,12,8b15289041008bca568b3783e11f8b7f0433f233fad3ced3cf85f60f8493000000,,WRITE:0-0
405104-40510d,2,2,83feff0f848a000000,,WRITE:0-0
40510d-40511d,2,6,8955fc897df48975f883ef043bfe7254,,WRITE:0-0
405116-40511d,2,3,83ef043bfe7254,,WRITE:0-0
40511d-405124,2,3,8b073b45fc74f2,,WRITE:0-0
405124-405138,2,7,33c28b55fcd3c88bc889178945f0ff150c214100,,WRITE:6e4d38-0
405138-40513b,1,1,ff55f0,,WRITE:0-0
40513b-405162,2,15,8b038b15289041008bca83e11f8b008b188b400433dad3cb33c2d3c83b5df8895df08b5dec7505,,WRITE:0-0
405162-405167,2,2,3b45f474af,,WRITE:0-0
405171-405176,2,2,83feff740d,,WRITE:0-0
405176-40517c,2,2,56e8df090000,,WRITE:0-0
40517c-40519e,2,17,8b1528904100598b038b0089108b038b008950048b038b0089500833c05e5f5bc9c3,m,WRITE:419e28-419e30
40519e-4051b0,2,6,8bff558becff750868289e4100e85a000000,,WRITE:0-0
4051b0-4051b4,2,4,59595dc3,,WRITE:0-0
4051b4-4051df,2,18,8bff558bec83ec106a028d45088945f48d4dff588945f88945f08d45f8508d45f4508d45f050e806fdffff,,WRITE:0-0
4051df-4051e1,2,2,c9c3,,WRITE:0-0
4051e1-4051ed,3,6,8bff558bec8b4d0885c97505,,WRITE:0-0
4051f2-4051f9,3,3,8b013b4108750d,,WRITE:0-0
4051f9-40520a,3,7,a128904100890189410489410833c05dc3,m,WRITE:419e28-419e3c
40520a-40523b,2,20,8bff558bec83ec148d45088945ec8d4dff6a028d450c8945f0588945f88945f48d45f8508d45ec508d45f450e805fdffff,,WRITE:0-0
40523b-40523d,2,2,c9c3,,WRITE:0-0
40523d-40524a,2,3,c70538a1410048914100b001c3,nm,WRITE:41a138-0
40524a-405254,2,2,68289e4100e88dffffff,,WRITE:0-0
405254-405260,2,2,c70424349e4100e881ffffff,,WRITE:0-0
405260-405264,2,3,59b001c3,,WRITE:0-0
40526c-40527b,2,5,8bff568b352890410056e840070000,,WRITE:0-0
40527b-405281,2,2,56e8464f0000,,WRITE:0-0
405281-405287,2,2,56e8cd500000,,WRITE:0-0
405287-40528d,2,2,56e841f1ffff,,WRITE:0-0
40528d-405293,2,2,56e833faffff,,WRITE:0-0
405293-40529a,2,4,83c414b0015ec3,,WRITE:0-0
405338-405347,2,3,68a03141006820314100e8e74d0000,,WRITE:0-0
405347-40534a,2,3,5959c3,,WRITE:0-0
40537a-405398,2,11,8bff558bec8b4d108b450c81e1fffff7ff23c1568b7508a9e0fcf0fc7424,,WRITE:0-0
4053bc-4053c4,2,4,51ff750c85f67409,,WRITE:0-0
4053cd-4053d2,1,1,e818530000,,WRITE:0-0
4053d2-4053d9,2,6,595933c05e5dc3,,WRITE:0-0
405430-40543d,87,7,8bff558bec8b55085685d27411,,WRITE:0-0
40543d-405444,87,3,8b4d0c85c9740a,,WRITE:0-0
405444-40544b,87,3,8b751085f67517,,WRITE:0-0
40545d-405462,87,4,8bc65e5dc3,,WRITE:0-0
405462-405471,87,8,578bfa2bf28a043e88074784c07405,,WRITE:6eeba8-6eae98
405467-405471,6577,5,8a043e88074784c07405,,WRITE:6eeba9-6eaeb7
405471-405476,6577,2,83e90175f1,,WRITE:0-0
405476-40547b,87,3,5f85c9750b,,WRITE:0-0
405486-40548a,87,2,33f6ebd3,,WRITE:0-0
4059bb-4059ca,2,7,8bff558bec8b4508a3409e41005dc3,m,WRITE:419e40-0
405a49-405a4c,21,2,0bc3c3,,WRITE:0-0
405a4d-405a52,43,2,0fbe4508c3,,WRITE:0-0
405a54-405a58,12,2,83e01fc3,,WRITE:0-0
405a5a-405a5e,4,2,8b450cc3,,WRITE:0-0
405abb-405abf,23,2,8b45f8c3,,WRITE:0-0
405aeb-405af0,20,1,e871150000,,WRITE:0-0
405af0-405af4,21,2,85c07506,,WRITE:0-0
405afa-405afe,21,2,83c010c3,,WRITE:0-0
405afe-405b03,90,1,e9bfa9c50c,,WRITE:0-0
405b04-405b0c,23,2,c745fc00000000c3,,WRITE:0-0
405b0d-405b10,283,2,85f6c3,,WRITE:0-0
405b17-405b1b,41,2,8b4620c3,,WRITE:0-0
405b2a-405b2f,3,2,836620dfc3,,WRITE:19fa08-19fa08
405b34-405b38,26,2,c1e802c3,,WRITE:0-0
405b3a-405b3e,147,2,83e11fc3,,WRITE:0-0
405b5b-405b60,121,1,e97ba9c50c,,WRITE:0-0
405b61-405b65,83,2,8945f8c3,,WRITE:0-0
405b6b-405b6e,43,2,8b01c3,,WRITE:0-0
405b76-405b7e,21,2,c7462801000000c3,,WRITE:19fa10-19fa10
405b95-405bab,2,5,6884374100688037410068843741006a00e819010000,,WRITE:0-0
405bab-405baf,2,2,83c410c3,,WRITE:0-0
405bc9-405bdf,5,5,68dc37410068d437410068dc3741006a14e8e5000000,,WRITE:0-0
405bdf-405be3,5,2,83c410c3,,WRITE:0-0
405bfd-405c0e,8,9,8bff558bec515356578b7d08e9a2000000,,WRITE:0-0
405c0e-405c21,8,7,8b1f8d049d489e41008b308945fc9085f6740b,,WRITE:0-0
405c21-405c2a,3,2,83feff0f8483000000,,WRITE:0-0
405c2a-405c2c,2,1,eb7d,,WRITE:0-0
405c2c-405c41,6,5,8b1c9d0833410068000800006a0053ff156c204100,,WRITE:0-0
405c41-405c47,6,3,8bf085f67550,,WRITE:0-0
405c97-405ca2,6,5,8b4dfc8bc6870185c07407,m,WRITE:419e64-419e90
405ca9-405cad,8,2,85f67513,,WRITE:0-0
405cb0-405cb9,8,2,3b7d0c0f8555ffffff,,WRITE:0-0
405cbb-405cc0,8,5,5f5e5bc9c3,,WRITE:0-0
405cc0-405cc4,8,2,8bc6ebf7,,WRITE:0-0
405cc4-405cc9,65,1,e946a8c50c,,WRITE:0-0
405ce4-405cec,2,2,83a04c03000000c3,,WRITE:6f0e0c-0
405ced-405cf8,2,2,c7053ca1410030944100c3,m,WRITE:41a13c-0
405d02-405d06,7,2,237520c3,,WRITE:0-0
405d07-405d0b,2,2,3b4510c3,,WRITE:0-0
405d0c-405d10,2,2,83c904c3,,WRITE:0-0
405d22-405d25,2,2,8bf7c3,,WRITE:0-0
405d26-405d29,2,2,23f1c3,,WRITE:0-0
405d47-405d63,2,9,8bff558bec56680c3841006808384100680c3841006a1ce861ffffff,,WRITE:0-0
405d63-405d6c,2,4,8bf083c41085f67411,,WRITE:0-0
405d6c-405d79,2,4,ff75088bce6afaff150c214100,,WRITE:0-0
405d79-405d7b,1,1,ffd6,,WRITE:0-0
405d7b-405d7d,1,1,eb05,,WRITE:0-0
405d82-405d87,2,3,5e5dc20400,,WRITE:0-0
405d87-405d8f,2,3,8bff56e806feffff,,WRITE:0-0
405d8f-405d95,2,3,8bf085f6740c,,WRITE:0-0
405d95-405d9d,2,2,8bceff150c214100,,WRITE:0-0
405d9d-405d9f,1,1,ffd6,,WRITE:0-0
405d9f-405da1,2,2,5ec3,,WRITE:0-0
405e03-405e1f,2,9,8bff558bec5668b437410068ac37410068d42b41006a03e8a5feffff,,WRITE:0-0
405e1f-405e28,2,4,8bf083c41085f6740f,,WRITE:0-0
405e28-405e33,2,3,ff75088bceff150c214100,,WRITE:0-0
405e33-405e35,1,1,ffd6,,WRITE:0-0
405e35-405e37,1,1,eb06,,WRITE:0-0
405e3d-405e42,2,3,5e5dc20400,,WRITE:0-0
405e81-405e9d,57,9,8bff558bec5668c437410068bc37410068f82b41006a05e827feffff,,WRITE:0-0
405e9d-405ea6,57,4,8bf083c41085f67412,,WRITE:0-0
405ea6-405eb1,57,3,ff75088bceff150c214100,,WRITE:0-0
405eb1-405eb3,56,1,ffd6,,WRITE:0-0
405eb3-405eb8,57,3,5e5dc20400,,WRITE:0-0
405ec0-405edc,3,9,8bff558bec5668cc37410068c4374100680c2c41006a06e8e8fdffff,,WRITE:0-0
405edc-405ee5,3,4,8bf083c41085f67415,,WRITE:0-0
405ee5-405ef3,3,4,ff750c8bceff7508ff150c214100,,WRITE:0-0
405ef3-405ef5,2,1,ffd6,,WRITE:0-0
405ef5-405efa,3,3,5e5dc20800,,WRITE:0-0
405f02-405f07,81,1,e919a6c50c,,WRITE:0-0
405f08-405f0b,30,2,33c0c3,,WRITE:0-0
405f0c-405f0f,21,2,8bf1c3,,WRITE:0-0
405f11-405f14,30,2,8b06c3,,WRITE:0-0
405f16-405f19,147,2,3bd7c3,,WRITE:0-0
405f1a-405f1d,2,2,33c9c3,,WRITE:0-0
405f1e-405f25,2,2,c70058304100c3,,WRITE:6f0ac0-0
405f4d-405f52,4,1,e9e1a5c50c,,WRITE:0-0
405f53-405f58,89,2,c6470c00c3,,WRITE:19fec8-19f9e0
405f5a-405f5d,22,2,f7dfc3,,WRITE:0-0
405f64-405f67,4,2,f7d3c3,,WRITE:0-0
405f69-405f6c,147,2,8b03c3,,WRITE:0-0
405f6e-405f72,23,2,8d710cc3,,WRITE:0-0
405f73-405f76,23,2,3c02c3,,WRITE:0-0
405f78-405f80,2,2,c6054ca1410001c3,m,WRITE:41a14c-0
405f82-405f85,7,2,3bc1c3,,WRITE:0-0
405f8e-405f95,2,2,81c900000800c3,,WRITE:0-0
405fdb-406002,2,14,b9209f4100b8989e410033d23bc8568b35289041001bc983e1de83c1224289308d40043bd175f6,m,WRITE:419e98-0
405ff8-406002,34,5,4289308d40043bd175f6,m,WRITE:419e9c-419f1c
406002-406006,2,3,b0015ec3,,WRITE:0-0
40603c-406048,2,3,6a106800804100e878b9ffff,,WRITE:0-0
406048-406053,2,3,8365e4006a08e8ba350000,,WRITE:0-0
406053-406066,2,7,598365fc006a035e8975e03b35cc9c41007459,,WRITE:0-0
40605b-406066,510,3,8975e03b35cc9c41007459,,WRITE:0-0
406066-406072,510,4,a1d09c41008b04b085c0744a,,WRITE:0-0
4060bc-4060bf,510,2,46eb9c,,WRITE:0-0
4060bf-4060cb,2,2,c745fcfeffffffe813000000,,WRITE:0-0
4060cb-4060de,2,9,8b45e48b4df064890d00000000595f5e5bc9c3,,WRITE:2be000-0
4060de-4060e5,2,2,6a08e870350000,,WRITE:0-0
4060e5-4060e7,2,2,59c3,,WRITE:0-0
406173-40617f,2,3,6a2c6840804100e841b8ffff,,WRITE:0-0
40617f-406189,2,3,8b4508ff30e884340000,,WRITE:0-0
406189-4061a6,2,9,598365fc008b35d09c4100a1cc9c41008d1c868b7d0c8975d43bf3744f,,WRITE:0-0
40619f-4061a6,513,3,8975d43bf3744f,,WRITE:0-0
4061a6-4061b3,513,5,8b068945e0ff3750e8b9000000,,WRITE:0-0
4061b3-4061b9,513,4,595984c07437,,WRITE:0-0
4061f0-4061f5,513,2,83c604ebaa,,WRITE:0-0
4061f5-406201,2,2,c745fcfeffffffe812000000,,WRITE:0-0
406201-406213,2,8,8b4df064890d00000000595f5e5bc9c20c00,,WRITE:2be000-0
406213-40621d,2,3,8b4510ff30e838340000,,WRITE:0-0
40621d-40621f,2,2,59c3,,WRITE:0-0
40621f-40625e,2,24,8bff558bec83ec208365f8008d45f88365f4008d4dff8945e08d45088945e48d45f46a088945e8588945f08945ec8d45f0508d45e0508d45ec50e815ffffff,,WRITE:0-0
40625e-406267,2,3,807d08008b45f87503,,WRITE:0-0
40626a-40626c,2,2,c9c3,,WRITE:0-0
40626c-406278,513,6,8bff558bec8b450885c0741f,,WRITE:0-0
406278-406285,4,6,8b480c908bc1c1e80da8017412,,WRITE:0-0
406285-40628b,4,2,51e814000000,,WRITE:0-0
40628b-406292,4,3,83c40484c07509,,WRITE:0-0
406292-40629b,4,5,8b450cff0032c05dc3,,WRITE:19fe58-19fe58
406297-40629b,510,3,32c05dc3,,WRITE:0-0
40629f-4062ad,4,7,8bff558bec8b450824033c027506,,WRITE:0-0
4062ad-4062b3,3,2,f64508c07509,,WRITE:0-0
4062b3-4062bc,4,2,f74508000800007404,,WRITE:0-0
4062c0-4062c4,4,3,32c05dc3,,WRITE:0-0
4062c4-4062c9,22,1,e9bda2c50c,,WRITE:0-0
4062dc-4062e2,70,2,a128904100c3,,WRITE:0-0
4062e4-4062e7,89,2,8bf9c3,,WRITE:0-0
4062f0-4062f4,99,2,8b7508c3,,WRITE:0-0
4062f5-4062fd,147,2,8d1c85989e4100c3,,WRITE:0-0
4062fe-406301,147,2,d3cac3,,WRITE:0-0
406302-406305,23,2,3bf8c3,,WRITE:0-0
406306-406308,2,2,41c3,,WRITE:0-0
406309-40630d,3,2,8b7514c3,,WRITE:0-0
40630e-406311,7,2,32dbc3,,WRITE:0-0
406371-406378,2,2,6a01e8a7feffff,,WRITE:0-0
406378-40637a,2,2,59c3,,WRITE:0-0
40637a-406391,4,12,8bff558bec568b7508578d7e0c8b0790c1e80da8017425,,WRITE:0-0
406391-40639b,4,5,8b0790c1e806a801741b,,WRITE:0-0
4063b6-4063ba,4,4,5f5e5dc3,,WRITE:0-0
4063ba-4063cc,2,7,8bff558bec83ec488d45b850ff1520204100,,WRITE:0-0
4063cc-4063d7,2,2,66837dea000f8497000000,,WRITE:0-0
40646e-406470,2,2,c9c3,,WRITE:0-0
406470-406491,2,13,8bff53565733ff8bc78bcf83e03fc1f9066bf03803348d209f4100837e18ff740c,,WRITE:0-0
406477-406491,3,8,8bc78bcf83e03fc1f9066bf03803348d209f4100837e18ff740c,,WRITE:0-0
40649d-4064a8,4,4,8bc7c646288183e8007410,,WRITE:6f0e58-6f0ec8
4064a8-4064ad,3,2,83e8017407,,WRITE:0-0
4064ad-4064b4,2,3,83e8016af4eb06,,WRITE:0-0
4064b4-4064b8,2,2,6af5eb02,,WRITE:0-0
4064b8-4064c2,2,4,6af65850ff1574204100,,WRITE:0-0
4064ba-4064c2,3,3,5850ff1574204100,,WRITE:0-0
4064c2-4064c9,4,3,8bd883fbff740d,,WRITE:0-0
4064c9-4064cd,4,2,85db7409,,WRITE:0-0
4064cd-4064d4,4,2,53ff15a0204100,,WRITE:0-0
4064d4-4064d6,3,1,eb02,,WRITE:0-0
4064d8-4064dc,4,2,85c0741c,,WRITE:0-0
4064dc-4064e7,4,4,0fb6c0895e1883f8027506,,WRITE:6f0e48-6f0eb8
4064e7-4064ed,4,2,804e2840eb29,,WRITE:6f0e58-6f0ec8
406516-406520,4,3,4783ff030f8557ffffff,,WRITE:0-0
406520-406524,2,4,5f5e5bc3,,WRITE:0-0
406524-406530,2,3,6a0c6860804100e890b4ffff,,WRITE:0-0
406530-406537,2,2,6a07e8d6300000,,WRITE:0-0
406537-406546,2,6,5933db885de7895dfc53e807320000,,WRITE:0-0
406546-40654b,2,3,5985c0750f,,WRITE:0-0
40654b-406550,1,1,e86afeffff,,WRITE:0-0
406550-406555,1,1,e81bffffff,,WRITE:0-0
406555-406566,2,4,b301885de7c745fcfeffffffe815000000,,WRITE:0-0
406566-406578,2,9,8ac38b4df064890d00000000595f5e5bc9c3,,WRITE:2be000-0
40657b-406582,2,2,6a07e8d3300000,,WRITE:0-0
406582-406584,2,2,59c3,,WRITE:0-0
4065b0-4065b5,4,1,e9fd9fc50c,,WRITE:0-0
4065b6-4065b9,10,2,3bc6c3,,WRITE:0-0
4065bf-4065c1,21,2,49c3,,WRITE:0-0
4065c2-4065c9,12,2,330528904100c3,,WRITE:0-0
4065cb-4065d0,123,2,837d0800c3,,WRITE:0-0
4065d1-4065d4,23,2,8901c3,m,WRITE:419088-419088
4065d5-4065d9,2,2,8d45f4c3,,WRITE:0-0
4065db-4065de,22,2,23fbc3,,WRITE:0-0
4065df-4065e3,7,2,8b7d24c3,,WRITE:0-0
4065e5-4065e9,2,2,0fb7c8c3,,WRITE:0-0
406bcc-406bd8,2,3,6a086880804100e8e8adffff,,WRITE:0-0
406bd8-406be2,2,3,8b4508ff30e82b2a0000,,WRITE:0-0
406be2-406c00,2,9,598365fc008b450c8b008b008b4048f0ff00c745fcfeffffffe812000000,m,WRITE:419210-0
406c00-406c12,2,8,8b4df064890d00000000595f5e5bc9c20c00,,WRITE:2be000-0
406c12-406c1c,2,3,8b4510ff30e8392a0000,,WRITE:0-0
406c1c-406c1e,2,2,59c3,,WRITE:0-0
406cde-406cea,2,3,6a0868a0804100e8d6acffff,,WRITE:0-0
406cea-406cf4,2,3,8b4508ff30e819290000,,WRITE:0-0
406cf4-406d0c,2,9,598365fc008b4d0c8b41048b00ff308b01ff30e8b3010000,,WRITE:0-0
406d0c-406d1a,2,4,5959c745fcfeffffffe812000000,,WRITE:0-0
406d1a-406d2c,2,8,8b4df064890d00000000595f5e5bc9c20c00,,WRITE:2be000-0
406d2c-406d36,2,3,8b4510ff30e81f290000,,WRITE:0-0
406d36-406d38,2,2,59c3,,WRITE:0-0
406d43-406d46,21,2,8bdac3,,WRITE:0-0
406d48-406d4b,12,2,d3c8c3,,WRITE:0-0
406d4c-406d4f,5,2,33ffc3,,WRITE:0-0
406d50-406d53,8,2,3bfbc3,,WRITE:0-0
406d55-406d58,94,2,33d2c3,,WRITE:0-0
406d5a-406d61,2,2,898850030000c3,,WRITE:6f0e10-0
406d68-406d6c,2,2,8d043bc3,,WRITE:0-0
406d6e-406d71,2,2,a808c3,,WRITE:0-0
406d73-406d7a,2,2,81c900000100c3,,WRITE:0-0
406d7b-406d7e,2,2,85c2c3,,WRITE:0-0
406d8c-406d94,2,2,833dfc98410001c3,,WRITE:0-0
406d96-406d9d,2,2,81e71f030803c3,,WRITE:0-0
406d9e-406da5,2,2,f7c100080000c3,,WRITE:0-0
406ebf-406ece,2,7,8bff558bec568b7508837e4c007428,,WRITE:0-0
406ef6-406f01,2,5,8b450c89464c5e85c07407,,WRITE:6f0b0c-0
406f01-406f07,2,2,50e8052e0000,,WRITE:0-0
406f07-406f0a,2,3,595dc3,,WRITE:0-0
406f0a-406f15,35,5,8bff535657ff153c204100,,WRITE:0-0
406f15-406f21,35,4,8bf0a14091410083f8ff741c,,WRITE:0-0
406f21-406f27,35,2,50e85aefffff,,WRITE:0-0
406f27-406f2d,35,3,8bf885ff740b,,WRITE:0-0
406f2d-406f32,35,2,83ffff7578,,WRITE:0-0
406faa-406fb3,35,3,8bdf56ff1540204100,,WRITE:0-0
406fb3-406fbb,35,4,f7df1bff23fb7406,,WRITE:0-0
406fbb-406fc1,35,5,8bc75f5e5bc3,,WRITE:0-0
406fc7-406fd2,2,4,a1409141005683f8ff7418,,WRITE:0-0
406fd2-406fd8,2,2,50e8a9eeffff,,WRITE:0-0
406fd8-406fde,2,3,8bf085f67407,,WRITE:0-0
406fde-406fe3,2,2,83feff7478,,WRITE:0-0
406fe3-406fe5,1,1,eb6e,,WRITE:0-0
407053-407057,2,2,85f67404,,WRITE:0-0
407057-40705b,2,3,8bc65ec3,,WRITE:0-0
407061-407066,21,1,e99f95c50c,,WRITE:0-0
407067-40706a,23,2,8bc1c3,,WRITE:0-0
40706b-40706e,67,2,85ffc3,,WRITE:0-0
407076-40707d,147,2,8b1528904100c3,,WRITE:0-0
40707f-407082,163,2,8bc2c3,,WRITE:0-0
407083-407086,23,2,8b39c3,,WRITE:0-0
40708d-407093,8,2,bae9fd0000c3,,WRITE:0-0
407094-407097,7,2,23d7c3,,WRITE:0-0
407098-40709c,2,2,c1e104c3,,WRITE:0-0
40709d-4070a0,2,2,0bf0c3,,WRITE:0-0
4070a2-4070a5,2,2,3bf1c3,,WRITE:0-0
4070b0-4070b7,2,2,f7c100040000c3,,WRITE:0-0
4070b8-4070bc,2,2,83c804c3,,WRITE:0-0
407116-407120,2,2,68d16d4000e8e3ecffff,,WRITE:0-0
407120-40712a,2,3,a34091410083f8ff7503,m,WRITE:419140-0
40712d-407132,1,1,e82fffffff,,WRITE:0-0
407132-407136,2,2,85c07509,,WRITE:0-0
40713f-407142,2,2,b001c3,,WRITE:0-0
407abf-407ac3,2,2,8d45f8c3,,WRITE:0-0
407cc5-407cd1,67,6,8bff558bec8b450885c07515,,WRITE:0-0
407ce6-407cec,67,4,8b4010905dc3,,WRITE:0-0
407cec-407cfa,43,6,8bff558bec8b550c836a0801790d,m,WRITE:419090-419090
407d07-407d15,43,7,8b028a4d088808ff020fb6c15dc3,m,WRITE:6f2aa0-419088
407d2a-407d36,23,5,8bff558bec6a02e8d2afffff,,WRITE:0-0
407d36-407d3c,23,3,593945087425,,WRITE:0-0
407d3c-407d43,23,2,6a01e8c5afffff,,WRITE:0-0
407d43-407d49,23,3,593945087514,,WRITE:0-0
407d49-407d51,23,2,ff7508e874ffffff,,WRITE:0-0
407d51-407d57,23,2,50e8a15a0000,,WRITE:0-0
407d57-407d5d,23,4,595985c07504,,WRITE:0-0
407d61-407d65,23,3,b0015dc3,,WRITE:0-0
407d65-407d76,23,9,8bff558bec53568b75085756e8b4ffffff,,WRITE:0-0
407d76-407d7f,23,3,5984c00f848b000000,,WRITE:0-0
407d7f-407d86,23,2,6a01e882afffff,,WRITE:0-0
407d86-407d8e,23,5,596a025b3bf07507,,WRITE:0-0
407d8e-407d95,23,2,bf30a14100eb10,,WRITE:0-0
407da5-407db8,23,6,ff05d49c41008d4e0c8b0190a9c00400007552,m,WRITE:419cd4-419cd4
407db8-407dc6,23,5,b882020000f009018b0785c0752d,m,WRITE:419094-419094
407dc6-407dd0,2,2,6800100000e8e0e7ffff,,WRITE:0-0
407dd0-407dd9,2,3,6a008907e882ddffff,m,WRITE:41a130-0
407dd9-407de1,2,5,8b07595985c07512,,WRITE:0-0
407def-407df3,23,2,b001eb19,,WRITE:0-0
407df3-407e0a,23,6,8946048b078906c7460800100000c7461800100000ebe5,m,WRITE:41908c-4190a0
407e0c-407e11,23,5,5f5e5b5dc3,,WRITE:0-0
407e11-407e1c,23,5,8bff558bec807d0800742d,,WRITE:0-0
407e1c-407e2e,23,9,568b750c578d7e0c8b0790c1e809a8017419,,WRITE:0-0
407e2e-407e34,23,2,56e890e4ffff,,WRITE:0-0
407e34-407e4b,23,11,59b87ffdfffff0210733c089461889460489065f5e5dc3,m,WRITE:419094-419088
407fea-407fee,64,2,83f8ffc3,,WRITE:0-0
4084f8-4084fd,1,1,e96681c50c,,WRITE:0-0
408511-408518,59,2,64a300000000c3,,WRITE:2be000-2be000
408519-40851d,89,2,894304c3,,WRITE:19fec4-19f9dc
40867d-40868a,2,7,8bff558bec568b750885f6750f,,WRITE:0-0
408699-4086a1,2,4,5333db66391e7525,,WRITE:0-0
4086c6-4086d6,2,9,535353536aff5653ff7514e81c0a0000,,WRITE:0-0
4086d6-4086dd,2,3,83c42085c07516,,WRITE:0-0
4086f3-4086fc,2,4,578b7d0c3b470c760c,,WRITE:0-0
408708-40871c,2,9,5353ff770cff77086aff5653ff7514e8d6090000,,WRITE:0-0
40871c-408723,2,3,83c42085c07516,,WRITE:0-0
408739-408744,2,8,4889471033c05f5b5e5dc3,,WRITE:19fcc4-0
40877f-4087aa,2,13,8bff558bec81ec2c020000a12890410033c58945fc8b45088d8df0fdffff68050100005150ff157c204100,,WRITE:0-0
4087aa-4087ae,2,2,85c07511,,WRITE:0-0
4087bf-4087f0,2,9,8b4d0c8b451083a5e4fdffff00898dd4fdffff8985d8fdffff898ddcfdffff8985e0fdffffc685e8fdffff00e808fdffff,,WRITE:0-0
4087f0-40880b,2,8,508d85effdffff508d85d4fdffff508d85f0fdffff50e872feffff,,WRITE:0-0
40880b-40881e,2,5,8b85e4fdffff83c4108b4dfc33cde8c793ffff,,WRITE:0-0
40881e-408820,2,2,c9c3,,WRITE:0-0
408820-40882c,2,3,6a086820814100e89491ffff,,WRITE:0-0
40882c-408836,2,3,8b4508ff30e8d70d0000,,WRITE:0-0
408836-408843,2,4,598365fc008b4d0ce82a000000,,WRITE:0-0
408843-40884f,2,2,c745fcfeffffffe812000000,,WRITE:0-0
40884f-408861,2,8,8b4df064890d00000000595f5e5bc9c20c00,,WRITE:2be000-0
408861-40886b,2,3,8b4510ff30e8ea0d0000,,WRITE:0-0
40886b-40886d,2,2,59c3,,WRITE:0-0
40886d-40888f,2,13,8bff568bf1b901010000518b068b008b404883c0185051ff353ca14100e8f7060000,,WRITE:0-0
40888f-4088ae,2,10,8b06b900010000518b008b404805190100005051ff3540a14100e8d8060000,,WRITE:0-0
4088ae-4088c1,2,7,8b460483c42083c9ff8b008b00f00fc1087515,m,WRITE:419210-0
4088d6-4088f0,2,12,8b068b108b46048b088b424889018b068b008b4048f0ff005ec3,m,WRITE:41a144-6ee980
4088f0-4088ff,2,6,8bff558bec8b45082da40300007428,,WRITE:0-0
4088ff-408904,2,2,83e804741c,,WRITE:0-0
408920-408927,2,3,a1843d41005dc3,,WRITE:0-0
40892e-408940,3,7,8bff558bec83ec108d4df06a00e848a7ffff,,WRITE:0-0
408940-40894f,3,4,832548a14100008b450883f8fe7512,m,WRITE:41a148-41a148
408961-408966,3,2,83f8fd7512,,WRITE:0-0
408966-408976,2,2,c70548a1410001000000ff15b4204100,m,WRITE:41a148-0
408976-408978,1,1,eb15,,WRITE:0-0
408978-40897d,2,2,83f8fc7510,,WRITE:0-0
40898d-408993,3,2,807dfc00740a,,WRITE:0-0
40899d-40899f,3,2,c9c3,,WRITE:0-0
408a04-408a2c,2,13,8bff558bec81ec18070000a12890410033c58945fc53568b750857817e04e9fd00000f840c010000,,WRITE:0-0
408a2c-408a3c,2,4,8d85e8f8ffff50ff7604ff15bc204100,,WRITE:0-0
408a3c-408a44,2,2,85c00f84f4000000,,WRITE:0-0
408a44-408a59,2,7,33dbbf000100008bc3888405fcfeffff403bc772f4,,WRITE:0-0
408a4d-408a59,256,4,888405fcfeffff403bc772f4,,WRITE:0-0
408a59-408a6e,2,4,8a85eef8ffff8d8deef8ffffc685fcfeffff20eb1f,,WRITE:0-0
408a6e-408a77,2,3,0fb651010fb6c0eb0d,,WRITE:0-0
408a77-408a7b,127,2,3bc7730d,,WRITE:0-0
408a7b-408a88,127,4,c68405fcfeffff20403bc276ef,,WRITE:0-0
408a84-408a88,2,2,3bc276ef,,WRITE:0-0
408a88-408a91,2,4,83c1028a0184c075dd,,WRITE:0-0
408a8d-408a91,2,2,84c075dd,,WRITE:0-0
408a91-408aac,2,10,53ff76048d85fcf8ffff50578d85fcfeffff506a0153e83d110000,,WRITE:0-0
408aac-408acd,2,12,53ff76048d85fcfdffff5750578d85fcfeffff5057ffb61c02000053e801560000,,WRITE:0-0
408acd-408af5,2,13,83c4408d85fcfcffff53ff76045750578d85fcfeffff506800020000ffb61c02000053e8d9550000,,WRITE:0-0
408af5-408b07,2,5,83c4248bc30fb78c45fcf8fffff6c101740e,,WRITE:0-0
408afa-408b07,256,3,0fb78c45fcf8fffff6c101740e,,WRITE:0-0
408b07-408b15,27,3,804c0619108a8c05fcfdffffeb15,,WRITE:6ee9da-6ee9f3
408b15-408b1a,231,2,f6c102740e,,WRITE:0-0
408b1a-408b28,27,3,804c0619208a8c05fcfcffffeb02,,WRITE:6ee9fa-6eea13
408b28-408b36,205,5,8acb888c0619010000403bc772c4,,WRITE:6eea99-6eeb98
408b2a-408b36,53,4,888c0619010000403bc772c4,,WRITE:6eeada-6eeb13
408b36-408b38,1,1,eb3d,,WRITE:0-0
408b75-408b82,2,6,8b4dfc5f5e33cd5be86390ffff,,WRITE:0-0
408b82-408b84,2,2,c9c3,,WRITE:0-0
408b84-408b97,2,7,8bff558bec83ec14ff7514ff7510e801010000,,WRITE:0-0
408b97-408b9f,2,2,ff7508e88ffdffff,,WRITE:0-0
408b9f-408bb0,2,6,8b4d1083c40c8945f48b49483b41047504,,WRITE:0-0
408bb4-408bc1,2,5,5356576820020000e8efd9ffff,,WRITE:0-0
408bc1-408bcb,2,5,8bf883cbff5985ff742e,,WRITE:0-0
408bcb-408be6,2,144,8b7510b9880000008b7648f3a58bf857ff75f4832700e8ad010000,,WRITE:6ee980-6ee980
408be6-408bee,2,5,8bf059593bf3751b,,WRITE:0-0
408bfb-408c01,2,2,57e85acfffff,,WRITE:0-0
408c01-408c09,2,7,595f8bc65e5bc9c3,,WRITE:0-0
408c09-408c0f,2,2,807d0c007505,,WRITE:0-0
408c14-408c21,2,5,8b45108b4048f00fc1184b7515,m,WRITE:419210-0
408c21-408c2d,2,3,8b4510817848109241007409,,WRITE:0-0
408c36-408c56,2,9,c707010000008bcf8b451033ff8948488b4d10a18897410085815003000075a5,,WRITE:6ee980-6f0b08
408c56-408c7f,2,16,8d45108945ec8d4dff6a058d45148945f0588945f48945f88d45f4508d45ec508d45f850e8a1fbffff,,WRITE:0-0
408c7f-408c89,2,2,807d0c000f8472ffffff,,WRITE:0-0
408c89-408c98,2,4,8b45148b00a304924100e963ffffff,m,WRITE:419204-0
408c98-408ca4,2,3,6a0c6800814100e81c8dffff,,WRITE:0-0
408ca4-408cb9,2,6,33f68975e48b7d08a188974100858750030000740e,,WRITE:0-0
408cc1-408cc5,2,2,85f6746d,,WRITE:0-0
408cc5-408cc7,1,1,eb59,,WRITE:0-0
408cc7-408cce,2,2,6a05e83f090000,,WRITE:0-0
408cce-408cdf,2,7,598975fc8b77488975e48b5d0c3b337427,,WRITE:0-0
408d06-408d12,2,2,c745fcfeffffffe805000000,,WRITE:0-0
408d12-408d14,1,1,ebad,,WRITE:0-0
408d17-408d1e,2,2,6a05e837090000,,WRITE:0-0
408d1e-408d20,2,2,59c3,,WRITE:0-0
408d20-408d32,2,9,8bc68b4df064890d00000000595f5e5bc9c3,,WRITE:2be000-0
408d38-408d3d,4,1,e94f79c50c,,WRITE:0-0
408d46-408d49,89,2,8903c3,,WRITE:19fec0-19f9d8
408d4a-408d4c,8,2,47c3,,WRITE:0-0
408d4d-408d51,606,2,3b450cc3,,WRITE:0-0
408d57-408d5d,7,2,b935c40000c3,,WRITE:0-0
408d5f-408d62,7,2,f7d2c3,,WRITE:0-0
408d64-408d6a,25,2,0550a14100c3,,WRITE:0-0
408d93-408db3,2,13,8bff558bec83ec20a12890410033c58945fc53568b750c57ff7508e87bfbffff,,WRITE:0-0
408db3-408dbe,2,4,8bd85985db0f84b0010000,,WRITE:0-0
408dbe-408dd3,2,6,33ff8bcf8bc7894de43998409641000f84f3000000,,WRITE:0-0
408dc7-408dd3,2,2,3998409641000f84f3000000,,WRITE:0-0
408dd3-408de1,2,5,4183c030894de43df000000072e6,,WRITE:0-0
408e23-408e29,2,2,56e8dbfbffff,,WRITE:0-0
408e29-408e2e,1,1,e946010000,,WRITE:0-0
408ec6-408ed5,2,5,68010100008d46185750e83b91ffff,,WRITE:0-0
408ed5-408eef,2,8,83c40c6b45e4308945e08d80509641008945e48038008bc87435,,WRITE:0-0
408ee8-408eef,4,3,8038008bc87435,,WRITE:0-0
408eef-408ef6,3,3,8a410184c0742b,,WRITE:0-0
408ef6-408efe,3,3,0fb6110fb6c0eb17,,WRITE:0-0
408efe-408f06,318,2,81fa000100007313,,WRITE:0-0
408f06-408f19,318,6,8a873896410008441619420fb641013bd076e5,,WRITE:6eea1a-6eea97
408f15-408f19,3,2,3bd076e5,,WRITE:0-0
408f19-408f21,3,3,83c10280390075ce,,WRITE:0-0
408f21-408f30,3,6,8b45e44783c0088945e483ff0472b8,,WRITE:0-0
408f24-408f30,3,5,4783c0088945e483ff0472b8,,WRITE:0-0
408f30-408f40,2,4,53895e04c7460801000000e8b0f9ffff,,WRITE:6ee984-6ee988
408f40-408f69,2,13,83c40489861c0200008b45e08d4e0c6a068d90449641005f668b028d52026689018d490283ef0175ef,,WRITE:6eeb9c-6ee98c
408f58-408f69,6,6,668b028d52026689018d490283ef0175ef,,WRITE:6ee98e-6ee996
408f69-408f6e,1,1,e9b5feffff,,WRITE:0-0
408f74-408f84,2,8,33c0598b4dfc5f5e33cd5be8618cffff,,WRITE:0-0
408f84-408f86,2,2,c9c3,,WRITE:0-0
408f86-408f8b,2,1,e94377c50c,,WRITE:0-0
408f8c-408f94,59,2,c745fcfeffffffc3,,WRITE:0-0
408f95-408f98,43,2,8bf8c3,,WRITE:0-0
408f99-408f9d,6,2,39750cc3,,WRITE:0-0
408f9f-408fa2,93,2,f7f6c3,,WRITE:0-0
408fb3-408fbb,2,2,66898872010000c3,,WRITE:6f0c32-0
408fbd-408fc0,22,2,8bdfc3,,WRITE:0-0
408fc1-408fc7,7,2,3d2bc40000c3,,WRITE:0-0
408fd7-408fda,2,2,3bfec3,,WRITE:0-0
408fdb-408fe1,2,2,bb000c0000c3,,WRITE:0-0
409007-40901b,61,8,8bff558bec83ec1056ff75088d4df0e86da0ffff,,WRITE:0-0
40901b-40902b,61,5,0fb6750c8b45f88a4d14844c3019751b,,WRITE:0-0
40902b-409032,61,3,33d2395510740e,,WRITE:0-0
409040-409046,61,3,8bc285c07403,,WRITE:0-0
409049-409050,61,3,807dfc005e740a,,WRITE:0-0
40905a-40905e,61,3,8bc2c9c3,,WRITE:0-0
40905e-409071,61,8,8bff558bec6a046a00ff75086a00e896ffffff,,WRITE:0-0
409071-409076,61,3,83c4105dc3,,WRITE:0-0
409076-409087,7,7,8bff558bec8b4508b935c400003bc17728,,WRITE:0-0
409087-409089,6,1,7465,,WRITE:0-0
409089-40908e,7,2,83f82a7460,,WRITE:0-0
40908e-409095,7,2,3d2bc400007615,,WRITE:0-0
4090aa-4090af,7,2,8b4d0ceb29,,WRITE:0-0
4090d8-4090ec,7,7,ff751cff7518ff7514ff75105150ff15c0204100,,WRITE:0-0
4090ec-4090ee,7,2,5dc3,,WRITE:0-0
4090f2-4090f7,6,1,e98278c50c,,WRITE:0-0
4090f8-4090fc,46,2,0f95c0c3,,WRITE:0-0
409107-40910d,89,2,a104924100c3,,WRITE:0-0
40910f-409114,21,2,83461404c3,,WRITE:19f9fc-19f9fc
40911a-40911d,23,2,2bf8c3,,WRITE:0-0
40911f-409123,2,2,8b45f4c3,,WRITE:0-0
409125-409129,7,2,8b4d0cc3,,WRITE:0-0
40912a-40912d,7,2,1bf6c3,,WRITE:0-0
409133-409135,513,2,40c3,,WRITE:0-0
409136-40913a,2,2,0fb7f0c3,,WRITE:0-0
409142-409148,2,2,0d00000800c3,,WRITE:0-0
409153-409156,2,2,3bc8c3,,WRITE:0-0
4091a9-4091b9,2,8,8bff558bec8b55085733ff66393a7421,,WRITE:0-0
4091b9-4091ca,2,7,568bca8d7102668b0183c102663bc775f5,,WRITE:0-0
4091ba-4091ca,86,6,8bca8d7102668b0183c102663bc775f5,,WRITE:0-0
4091bf-4091ca,6577,4,668b0183c102663bc775f5,,WRITE:0-0
4091ca-4091d9,87,6,2bced1f98d144a83c20266393a75e1,,WRITE:0-0
4091d9-4091e0,2,5,5e8d42025f5dc3,,WRITE:0-0
4091e0-4091ef,2,8,8bff558bec51535657ff15c8204100,,WRITE:0-0
4091ef-4091f7,2,4,8bf033ff85f67459,,WRITE:0-0
4091f7-4091fd,2,2,56e8acffffff,,WRITE:0-0
4091fd-409210,2,12,5757578bd8572bded1fb53565757e8e2feffff,,WRITE:0-0
409210-40921a,2,4,83c4248945fc85c07436,,WRITE:0-0
40921a-409220,2,2,50e890d3ffff,,WRITE:0-0
409220-409227,2,4,8bf85985ff741e,,WRITE:0-0
409227-409238,2,10,33c05050ff75fc5753565050e8bafeffff,,WRITE:0-0
409238-40923f,2,3,83c42085c07406,,WRITE:0-0
40923f-409245,2,3,8bdf33ffeb02,,WRITE:0-0
409247-40924d,2,2,57e80ec9ffff,,WRITE:0-0
40924d-409250,2,2,59eb02,,WRITE:0-0
409252-409256,2,2,85f67407,,WRITE:0-0
409256-40925d,2,2,56ff15cc204100,,WRITE:0-0
40925d-409264,2,6,5f5e8bc35bc9c3,,WRITE:0-0
4095cc-4095e4,2,9,8bff5657bf50a1410033f66a0068a00f000057e81ec9ffff,,WRITE:0-0
4095d7-4095e4,14,4,6a0068a00f000057e81ec9ffff,,WRITE:0-0
4095e4-4095e8,15,2,85c07418,,WRITE:0-0
4095e8-4095fc,15,5,ff05a0a2410083c61883c71881fe5001000072db,m,WRITE:41a2a0-41a2a0
4095fc-409600,2,2,b001eb0a,,WRITE:0-0
40960a-40960d,2,3,5f5ec3,,WRITE:0-0
40960d-409612,12,1,e97373c50c,,WRITE:0-0
409655-40965a,12,1,e93673c50c,,WRITE:0-0
40966c-409686,2,11,8bff558bec5164a1300000005633f68975fc8b40103970087c0f,,WRITE:0-0
409686-40968f,2,3,8d45fc50e8b8c6ffff,,WRITE:0-0
40968f-409695,2,2,837dfc017403,,WRITE:0-0
409695-40969d,2,6,33f6468bc65ec9c3,,WRITE:0-0
40969d-4096af,2,10,8bff558bec515153566a386a40e84fc4ffff,,WRITE:0-0
4096af-4096bc,2,7,8bf033db8975f8595985f67504,,WRITE:0-0
4096c0-4096ca,2,3,8d86000e00003bf07441,,WRITE:0-0
4096ca-4096df,2,8,578d7e208bf05368a00f00008d47e050e823c8ffff,,WRITE:0-0
4096d0-4096df,64,5,5368a00f00008d47e050e823c8ffff,,WRITE:0-0
4096df-409707,65,12,834ff8ff80670df8891f8d7f38895fcc8d47e0c747d000000a0ac647d40a895fd6885fda3bc675c9,,WRITE:6f0e48-6f1c2a
409707-409711,2,4,8b75f85f53e84ac4ffff,,WRITE:0-0
409711-409718,2,6,598bc65e5bc9c3,,WRITE:0-0
40974d-409759,2,3,6a106840814100e86782ffff,,WRITE:0-0
409759-409762,2,2,817d08002000007221,,WRITE:0-0
409771-409783,2,9,8bc68b4df064890d00000000595f5e5bc9c3,,WRITE:2be000-0
409783-40978f,2,4,33f68975e46a07e87efeffff,,WRITE:0-0
40978f-4097a2,2,7,598975fc8bfea120a14100897de03945087c1f,,WRITE:0-0
40979a-4097a2,2,3,897de03945087c1f,,WRITE:0-0
4097a2-4097ab,2,2,3934bd209f41007531,,WRITE:0-0
4097ab-4097b0,1,1,e8edfeffff,,WRITE:0-0
4097b0-4097bb,2,3,8904bd209f410085c07514,m,WRITE:419f20-0
4097c1-4097cd,2,2,c745fcfeffffffe815000000,,WRITE:0-0
4097cd-4097cf,1,1,eba2,,WRITE:0-0
4097cf-4097df,2,5,a120a1410083c040a320a1410047ebbb,m,WRITE:41a120-0
4097e2-4097e9,2,2,6a07e86cfeffff,,WRITE:0-0
4097e9-4097eb,2,2,59c3,,WRITE:0-0
4097eb-4097f0,22,1,e9ab71c50c,,WRITE:0-0
4097f1-4097f4,4,2,8b07c3,,WRITE:0-0
40980e-409813,22,1,e99471c50c,,WRITE:0-0
409814-409817,59,2,33c5c3,,WRITE:0-0
40992c-409935,2,2,833da4a2410000750a,,WRITE:0-0
40993f-409942,2,2,33c0c3,,WRITE:0-0
409aaf-409ab3,24,2,8d450cc3,,WRITE:0-0
409ab9-409abc,115,2,8bf0c3,,WRITE:0-0
409ac7-409acb,61,2,83e901c3,,WRITE:0-0
409be9-409c09,2,13,8bff558bec83ec1ca12890410033c58945fc535657ff75088d4de4e87f94ffff,,WRITE:0-0
409c09-409c10,2,3,8b5d1c85db7506,,WRITE:0-0
409c16-409c36,2,12,33c033ff3945205757ff75140f95c0ff75108d04c5010000005053e840f4ffff,,WRITE:0-0
409c36-409c44,2,4,83c4188945f485c00f8484000000,,WRITE:0-0
409c44-409c55,2,7,8d14008d4a088955f83bd11bc023c17435,,WRITE:0-0
409c55-409c5c,2,2,3d000400007713,,WRITE:0-0
409c5c-409c61,1,1,e85f770000,,WRITE:0-0
409c61-409c67,2,3,8bf485f6741e,,WRITE:0-0
409c67-409c6f,2,2,c706cccc0000eb13,,WRITE:19f510-0
409c82-409c8a,2,3,83c6088b55f8eb02,,WRITE:0-0
409c8c-409c90,2,2,85f67431,,WRITE:0-0
409c90-409c98,2,4,525756e87883ffff,,WRITE:0-0
409c98-409caa,2,7,ff75f456ff7514ff75106a0153e8ccf3ffff,,WRITE:0-0
409caa-409cb1,2,3,83c42485c07410,,WRITE:0-0
409cb1-409cbf,2,5,ff75185056ff750cff15d8204100,,WRITE:0-0
409cbf-409cc7,2,3,8bf856e825000000,,WRITE:0-0
409cc7-409cce,2,3,59807df000740a,,WRITE:0-0
409cd8-409cea,2,8,8bc78d65d85f5e5b8b4dfc33cde8fb7effff,,WRITE:0-0
409cea-409cec,2,2,c9c3,,WRITE:0-0
409cec-409cf1,5,1,e9e66cc50c,,WRITE:0-0
409cf2-409cf5,107,2,8bcec3,,WRITE:0-0
409d0c-409d1f,2,8,8bff558bec8b4508f0ff400c8b487c85c97403,m,WRITE:419154-0
409d22-409d2c,2,3,8b888400000085c97403,,WRITE:0-0
409d2f-409d39,2,3,8b888000000085c97403,,WRITE:0-0
409d3c-409d46,2,3,8b888c00000085c97403,,WRITE:0-0
409d49-409d59,2,6,566a068d48285e8179f8089241007409,,WRITE:0-0
409d50-409d59,6,2,8179f8089241007409,,WRITE:0-0
409d59-409d5f,2,3,8b1185d27403,,WRITE:0-0
409d62-409d68,7,2,8379f400740a,,WRITE:0-0
409d72-409d7a,7,3,83c11083ee0175d6,,WRITE:0-0
409d7a-409d85,2,2,ffb09c000000e84c010000,,WRITE:0-0
409d85-409d89,2,4,595e5dc3,,WRITE:0-0
409ed1-409edd,2,6,8bff558bec8b4d0885c97416,,WRITE:0-0
409edd-409ee5,2,2,81f9c0384100740e,,WRITE:0-0
409ef3-409efa,2,3,b8ffffff7f5dc3,,WRITE:0-0
40a0a6-40a0ab,1,1,e96369c50c,,WRITE:0-0
40a0bb-40a0be,4,2,1bdbc3,,WRITE:0-0
40a0bf-40a0c2,147,2,85d2c3,,WRITE:0-0
40a0c4-40a0c7,23,2,2403c3,,WRITE:0-0
40a0c9-40a0ce,2,2,6689486cc3,,WRITE:6f0b2c-0
40a0d6-40a0e1,2,2,c70544a1410010924100c3,m,WRITE:41a144-0
40a0e2-40a0e6,7,2,83f82ac3,,WRITE:0-0
40a0e7-40a0e9,2,2,9bc3,,WRITE:0-0
40a113-40a119,1,1,ff15dc204100,,WRITE:0-0
40a119-40a124,2,4,85c0a3b0a241000f95c0c3,m,WRITE:41a2b0-0
40a12e-40a13e,2,9,8bff558bec5356578b7d083b7d0c7451,,WRITE:0-0
40a13e-40a146,2,4,8bf78b1e85db740e,,WRITE:0-0
40a140-40a146,16,3,8b1e85db740e,,WRITE:0-0
40a146-40a14e,13,2,8bcbff150c214100,,WRITE:0-0
40a14e-40a150,12,1,ffd3,,WRITE:0-0
40a150-40a154,13,2,84c07408,,WRITE:0-0
40a154-40a15c,17,3,83c6083b750c75e4,,WRITE:0-0
40a15c-40a161,2,2,3b750c742e,,WRITE:0-0
40a18f-40a196,2,6,b0015f5e5b5dc3,,WRITE:0-0
40a1c7-40a1d6,2,7,8bff558bec8b4508a3b4a241005dc3,m,WRITE:41a2b4-0
40a1e5-40a1e8,12,2,2bc8c3,,WRITE:0-0
40a354-40a372,2,10,8bff558bec8b4508a3b8a24100a3bca24100a3c0a24100a3c4a241005dc3,m,WRITE:41a2b8-41a2c4
40a6ea-40a6ef,1,1,e99366c50c,,WRITE:0-0
40a6f8-40a6fc,4,2,83ceffc3,,WRITE:0-0
40a6fd-40a701,21,2,397510c3,,WRITE:0-0
40a703-40a707,21,2,8b4614c3,,WRITE:0-0
40a708-40a70c,43,2,c1e80cc3,,WRITE:0-0
40a70e-40a714,23,2,a140914100c3,,WRITE:0-0
40a723-40a728,25,2,6b450818c3,,WRITE:0-0
40a729-40a72d,2,2,8b750cc3,,WRITE:0-0
40a72e-40a731,2,2,a804c3,,WRITE:0-0
40a733-40a739,2,2,bf00020000c3,,WRITE:0-0
40a73b-40a73e,3,2,23d3c3,,WRITE:0-0
40a73f-40a742,2,2,0bcfc3,,WRITE:0-0
40a75f-40a762,2,2,85cac3,,WRITE:0-0
40a7d3-40a7da,23,2,8bece96995ffff,,WRITE:0-0
40a7dd-40a7ec,23,3,68eda7400068f803040de9a288ffff,,WRITE:0-0
40a7ed-40a7f2,22,1,e9c7410000,,WRITE:0-0
40a7fd-40a803,23,2,5de902000000,,WRITE:0-0
40b1fe-40b20f,23,9,8bff558bec51568b75085756e8e9250000,,WRITE:0-0
40b20f-40b214,23,3,5985c07455,,WRITE:0-0
40b214-40b22d,23,7,8bfe83e63fc1ff066bf6388b04bd209f4100807c3028007d3c,,WRITE:0-0
40b22d-40b232,22,1,e8d8bcffff,,WRITE:0-0
40b232-40b23e,23,3,8b404c83b8a800000000750e,,WRITE:0-0
40b23e-40b24c,23,3,8b04bd209f4100807c302900741d,,WRITE:0-0
40b269-40b26f,23,5,32c05f5ec9c3,,WRITE:0-0
40b26f-40b27e,23,5,8bff558becb80c140000e872610000,,WRITE:0-0
40b27e-40b2c6,23,26,a12890410033c58945fc8b4d0c8bc18b551483e13fc1f8066bc938538b5d088b0485209f410056578bfb8b4408188b4d1003d18985f8ebffff33c0ab8995f4ebffffabab3bca7373,,WRITE:19f91c-19f928
40b2c6-40b2d6,23,4,8bbdf8ebffff8db5fcebffff3bca7318,,WRITE:0-0
40b2d2-40b2d6,43,2,3bca7318,,WRITE:0-0
40b2d6-40b2dd,43,4,8a01413c0a7507,,WRITE:0-0
40b2dd-40b2ee,3,8,ff4308c6060d468806468d45fb3bf072e4,,WRITE:19f928-19e4f9
40b2e4-40b2ee,41,5,8806468d45fb3bf072e4,,WRITE:19e4f4-19e4f5
40b2ee-40b311,23,11,8d85fcebffff894d102bf08d85f8ebffff6a0050568d85fcebffff5057ff1578204100,,WRITE:0-0
40b311-40b315,23,2,85c0741c,,WRITE:0-0
40b315-40b322,23,4,8b85f8ebffff0143043bc67217,,WRITE:19f920-19f924
40b322-40b32f,23,4,8b4d108b95f4ebffff3bca729d,,WRITE:0-0
40b32f-40b331,22,1,eb08,,WRITE:0-0
40b339-40b348,23,7,8b4dfc8bc35f5e33cd5be89d68ffff,,WRITE:0-0
40b348-40b34a,23,2,c9c3,,WRITE:0-0
40b565-40b571,23,3,6a106820824100e84f64ffff,,WRITE:0-0
40b571-40b579,23,3,8b750883fefe7518,,WRITE:0-0
40b591-40b599,23,2,85f60f8893000000,,WRITE:0-0
40b599-40b5a5,23,2,3b3520a141000f8387000000,,WRITE:0-0
40b5a5-40b5c3,23,9,8bdec1fb068bc683e03f6bc838894de08b049d209f4100f6440828017469,,WRITE:0-0
40b5c3-40b5c9,23,2,56e822e2ffff,,WRITE:0-0
40b5c9-40b5e5,23,8,5983cfff897de48365fc008b049d209f41008b4de0f6440828017515,,WRITE:0-0
40b5fa-40b606,23,4,ff7510ff750c56e851000000,,WRITE:0-0
40b606-40b61a,23,5,83c40c8bf8897de4c745fcfeffffffe80a000000,,WRITE:0-0
40b61a-40b61e,23,2,8bc7eb29,,WRITE:0-0
40b624-40b62a,23,2,56e8e4e1ffff,,WRITE:0-0
40b62a-40b62c,23,2,59c3,,WRITE:0-0
40b647-40b657,23,8,8b4df064890d00000000595f5e5bc9c3,,WRITE:2be000-2be000
40b657-40b679,23,14,8bff558bec83ec288b4d10894dfc53568b7508578b7d0c897df485c90f84b1010000,,WRITE:0-0
40b679-40b67d,23,2,85ff7520,,WRITE:0-0
40b69d-40b6c0,23,11,8bc68bd6c1fa0683e03f6bc0388955f08b1495209f41008945f88a5c022980fb027405,,WRITE:0-0
40b6c0-40b6c5,23,2,80fb01750b,,WRITE:0-0
40b6d0-40b6d7,23,2,f644022820740f,,WRITE:0-0
40b6e6-40b6ec,23,2,56e812fbffff,,WRITE:0-0
40b6ec-40b6f1,23,3,5984c07439,,WRITE:0-0
40b710-40b717,23,2,8bf0e99c000000,,WRITE:0-0
40b725-40b72a,23,2,83c410ebe6,,WRITE:0-0
40b72a-40b73e,23,5,8b45f08b0c85209f41008b45f8807c0128007d46,,WRITE:0-0
40b73e-40b746,23,3,0fbec383e800742e,,WRITE:0-0
40b774-40b782,23,6,ff75fc8d45d8575650e8edfaffff,,WRITE:0-0
40b782-40b784,22,1,eba1,,WRITE:0-0
40b7b3-40b7c0,23,7,8d7de4a5a5a58b45e885c07565,,WRITE:19f928-19f934
40b825-40b82a,23,2,2b45eceb02,,WRITE:0-0
40b82c-40b831,23,5,5f5e5bc9c3,,WRITE:0-0
40bb28-40bb2d,21,2,837e2800c3,,WRITE:0-0
40bb2e-40bb33,21,2,837dfc08c3,,WRITE:0-0
40bb3a-40bb3f,92,2,0faf750cc3,,WRITE:0-0
40bb4a-40bb4e,2,2,8d4df0c3,,WRITE:0-0
40bb4f-40bb53,2,2,395008c3,,WRITE:0-0
40bb54-40bb5c,5,2,803d4ca1410000c3,,WRITE:0-0
40bb65-40bb68,7,2,f7dec3,,WRITE:0-0
40bb6a-40bb71,6,2,8138dddd0000c3,,WRITE:0-0
40bb73-40bb76,2,2,8bd8c3,,WRITE:0-0
40bb77-40bb7c,2,2,668b45f8c3,,WRITE:0-0
40bb7d-40bb83,2,2,ba00100000c3,,WRITE:0-0
40bb9a-40bb9f,2,2,0fae5df0c3,,WRITE:0-0
40bba1-40bba5,2,2,83c808c3,,WRITE:0-0
40bba6-40bbaa,2,2,237d08c3,,WRITE:0-0
40d7f8-40d805,45,6,8bff558bec8b4d0883f9fe750d,,WRITE:0-0
40d812-40d816,45,2,85c97824,,WRITE:0-0
40d816-40d81e,45,2,3b0d20a14100731c,,WRITE:0-0
40d81e-40d83a,45,9,8bc183e13fc1f8066bc9388b0485209f41000fb644082883e0405dc3,,WRITE:0-0
40dee4-40deff,3,14,8bff558bec5151a12890410033c58945fc53568b75185785f67e14,,WRITE:0-0
40deff-40df08,3,3,56ff7514e857140000,,WRITE:0-0
40df08-40df11,3,5,593bc6598d70017c02,,WRITE:0-0
40df11-40df1a,3,4,8bf08b7d2485ff750b,,WRITE:0-0
40df25-40df43,3,11,33c03945286a006a000f95c056ff75148d04c5010000005057e833b1ffff,,WRITE:0-0
40df43-40df53,3,5,8bd083c4188955f885d20f8458010000,,WRITE:0-0
40df53-40df61,3,6,8d04128d48083bc11bc023c17435,,WRITE:0-0
40df61-40df68,3,2,3d000400007713,,WRITE:0-0
40df68-40df6d,2,1,e853340000,,WRITE:0-0
40df6d-40df73,3,3,8bdc85db741e,,WRITE:0-0
40df73-40df7b,3,2,c703cccc0000eb13,,WRITE:19f4c0-19f4e0
40df8e-40df96,3,3,83c3088b55f8eb02,,WRITE:0-0
40df98-40dfa0,3,2,85db0f8400010000,,WRITE:0-0
40dfa0-40dfae,3,7,525356ff75146a0157e8c8b0ffff,,WRITE:0-0
40dfae-40dfb9,3,3,83c41885c00f84e7000000,,WRITE:0-0
40dfb9-40dfd0,3,12,8b7df833c050505050505753ff7510ff750ce87d7fffff,,WRITE:0-0
40dfd0-40dfda,3,3,8bf085f60f84c6000000,,WRITE:0-0
40dfda-40dfe4,3,3,ba000400008555107438,,WRITE:0-0
40e01c-40e02a,3,6,8d04368d48083bc11bc023c1742f,,WRITE:0-0
40e02a-40e02e,3,2,3bc27713,,WRITE:0-0
40e02e-40e033,2,1,e88d330000,,WRITE:0-0
40e033-40e039,3,3,8bfc85ff7460,,WRITE:0-0
40e039-40e041,3,2,c707cccc0000eb13,,WRITE:19f2b0-19f2d0
40e054-40e059,3,2,83c708eb02,,WRITE:0-0
40e05b-40e05f,3,2,85ff743a,,WRITE:0-0
40e05f-40e076,3,10,6a006a006a005657ff75f853ff7510ff750ce8d77effff,,WRITE:0-0
40e076-40e07a,3,2,85c0741f,,WRITE:0-0
40e07a-40e083,3,5,33c05050394520753a,,WRITE:0-0
40e085-40e090,3,5,565750ff7524e862b0ffff,,WRITE:0-0
40e090-40e099,3,4,8bf083c42085f6752c,,WRITE:0-0
40e0a2-40e0a8,3,2,53e844bcffff,,WRITE:0-0
40e0a8-40e0bb,3,9,598bc68d65ec5f5e5b8b4dfc33cde82a3bffff,,WRITE:0-0
40e0bb-40e0bd,3,2,c9c3,,WRITE:0-0
40e0bd-40e0c5,3,3,ff7520ff751cebc0,,WRITE:0-0
40e0c5-40e0cb,3,2,57e821bcffff,,WRITE:0-0
40e0cb-40e0ce,3,2,59ebd4,,WRITE:0-0
40e0ce-40e0e1,3,7,8bff558bec83ec10ff75088d4df0e8a74fffff,,WRITE:0-0
40e0e1-40e102,3,11,ff75288d45f4ff7524ff7520ff751cff7518ff7514ff7510ff750c50e8e2fdffff,,WRITE:0-0
40e102-40e10b,3,3,83c424807dfc00740a,,WRITE:0-0
40e115-40e117,3,2,c9c3,,WRITE:0-0
40e117-40e11c,1,1,e81cacffff,,WRITE:0-0
40e11c-40e126,2,5,33c984c00f94c18bc1c3,,WRITE:0-0
40e32e-40e33b,2,7,8bff558bec578b7d0885ff750b,,WRITE:0-0
40e33b-40e343,2,2,ff750ce86d82ffff,,WRITE:0-0
40e343-40e346,2,2,59eb24,,WRITE:0-0
40e36a-40e36d,2,3,5f5dc3,,WRITE:0-0
40e42e-40e432,23,2,8b4dfcc3,,WRITE:0-0
40e434-40e438,45,2,83c020c3,,WRITE:0-0
40e461-40e464,7,2,84dbc3,,WRITE:0-0
40e47b-40e47f,3,2,8b7d10c3,,WRITE:0-0
40e481-40e484,7,2,1bd2c3,,WRITE:0-0
40e486-40e48a,45,2,c1f906c3,,WRITE:0-0
40e48c-40e490,6,2,83e808c3,,WRITE:0-0
40e492-40e496,2,2,83e101c3,,WRITE:0-0
40e8a6-40e8ad,4,2,390508a34100c3,,WRITE:0-0
40e8bf-40e8c3,4,2,83c003c3,,WRITE:0-0
40e8c4-40e8c7,8,2,8bc6c3,,WRITE:0-0
40e8c9-40e8cd,5,2,83fee0c3,,WRITE:0-0
40e8ce-40e8d2,3,2,8945ecc3,,WRITE:0-0
40e8d9-40e8dd,2,2,8b4df0c3,,WRITE:0-0
40e8de-40e8e5,7,2,81e17fffffffc3,,WRITE:0-0
40e8e7-40e8eb,7,2,0fb6d3c3,,WRITE:0-0
40e8ed-40e8f0,7,2,f7dac3,,WRITE:0-0
40e8fd-40e901,2,2,c1e803c3,,WRITE:0-0
40e902-40e909,2,2,81e140800000c3,,WRITE:0-0
40e90b-40e90e,2,2,f7d1c3,,WRITE:0-0
40e99b-40e9a1,23,2,55e932beffff,,WRITE:0-0
40e9a3-40e9aa,23,3,5168abe94000c3,,WRITE:0-0
40e9ab-40e9b8,23,4,6a00685c3d4000683f264000c3,,WRITE:0-0
40e9b9-40e9c2,23,3,83c404686d3d4000c3,,WRITE:0-0
40e9c4-40e9c9,22,1,e8a727ffff,,WRITE:0-0
40e9c9-40e9ce,22,1,e911000000,,WRITE:0-0
40e9df-40e9f6,23,5,83c41068f9e9400068bb5a400068045b4000e96b71ffff,,WRITE:0-0
40e9f9-40ea01,23,3,8be568fda74000c3,,WRITE:0-0
40f35f-40f364,2,1,e9091dc50c,,WRITE:0-0
40f7c0-40f7ca,2,3,a1a098410083f8ff740c,,WRITE:0-0
40f7ca-40f7cf,2,2,83f8fe7407,,WRITE:0-0
40f82c-40f834,2,2,6a0aff1524204100,,WRITE:0-0
40f834-40f83c,2,3,a318a3410033c0c3,m,WRITE:41a318-0
411128-41112c,59,2,3145fcc3,,WRITE:0-0
411131-411135,2,2,83c802c3,,WRITE:0-0
411137-41113a,23,2,85dbc3,,WRITE:0-0
41113b-41113f,21,2,c1e807c3,,WRITE:0-0
411140-411143,4,2,2bc6c3,,WRITE:0-0
411144-411147,8,2,8703c3,m,WRITE:419ee0-419f08
411149-41114e,23,2,83610800c3,m,WRITE:419090-419090
411158-41115c,7,2,8d72ffc3,,WRITE:0-0
41115d-411161,7,2,0fb6f3c3,,WRITE:0-0
411162-411166,2,2,d97df8c3,,WRITE:0-0
411173-411177,2,2,83c801c3,,WRITE:0-0
411178-41117b,3,2,2bcbc3,,WRITE:0-0
411183-411186,2,2,8bcfc3,,WRITE:0-0
4111b0-4111bd,2,7,57565333ff8b4424140bc07d14,,WRITE:0-0
4111d1-4111d9,2,3,8b44241c0bc07d14,,WRITE:0-0
4111ed-4111f1,2,2,0bc07518,,WRITE:0-0
4111f1-411209,2,9,8b4c24188b44241433d2f7f18bd88b442410f7f18bd3eb41,,WRITE:0-0
41124a-41124d,2,2,4f7507,,WRITE:0-0
411254-41125a,2,4,5b5e5fc21000,,WRITE:0-0
41126e-411271,4,2,870fc3,m,WRITE:419cc4-419cc0
411286-411289,23,2,8b16c3,,WRITE:0-0
41128b-411290,2,2,0faf7510c3,,WRITE:0-0
411292-411295,2,2,2bf7c3,,WRITE:0-0
411297-41129a,2,2,8bd6c3,,WRITE:0-0
41129c-4112a3,2,2,81e600030000c3,,WRITE:0-0
4112bb-4112c2,2,2,81e9c07f0000c3,,WRITE:0-0
4112c3-4112c6,2,2,23c8c3,,WRITE:0-0
4112c7-4112ca,2,2,33c6c3,,WRITE:0-0
4113c0-4113d6,6,9,518d4c24082bc883e10f03c11bc90bc159e91a000000,,WRITE:0-0
4113f0-411408,28,10,518d4c24042bc81bc0f7d023c88bc42500f0ffff3bc8720a,,WRITE:0-0
411404-411408,23,2,3bc8720a,,WRITE:0-0
411408-411412,28,6,8bc159948b00890424c3,,WRITE:0-0
411412-41141b,23,3,2d001000008500ebe9,,WRITE:0-0
41c000-41c002,60607,2,40c3,,WRITE:0-0
41c004-41c006,165318,2,48c3,,WRITE:0-0
41c008-41c00c,3,2,6633c0c3,,WRITE:0-0
41c00e-41c014,3,2,6681384d5ac3,a,WRITE:0-0
41c015-41c01b,4,2,250000ffffc3,,WRITE:0-0
41c01d-41c023,4,2,b94d5a0000c3,,WRITE:0-0
41c025-41c029,4,2,663908c3,,WRITE:0-0
41c02b-41c02f,2,2,8b483cc3,,WRITE:0-0
41c031-41c037,2,2,ba50450000c3,,WRITE:0-0
41c039-41c03e,2,2,66391408c3,,WRITE:0-0
41c03f-41c043,4,2,8b7508c3,,WRITE:0-0
41c044-41c047,4,2,33ffc3,,WRITE:0-0
41c049-41c04c,4,2,3bf7c3,,WRITE:0-0
41c04e-41c052,4,2,8b563cc3,,WRITE:0-0
41c053-41c056,3143,2,03d6c3,,WRITE:0-0
41c057-41c05b,4,2,8b4a78c3,,WRITE:0-0
41c05c-41c05f,5,2,03cec3,,WRITE:0-0
41c060-41c064,4,2,397a7cc3,,WRITE:0-0
41c065-41c068,4,2,3bcec3,,WRITE:0-0
41c069-41c06d,3144,2,8b5d0cc3,,WRITE:0-0
41c06e-41c075,4,2,81fb00000100c3,,WRITE:0-0
41c082-41c085,3209,2,03d0c3,,WRITE:0-0
41c09e-41c0a2,4,2,8b4120c3,,WRITE:0-0
41c0a4-41c0a8,4,2,217dfcc3,,WRITE:0-0
41c0aa-41c0ad,8,2,03c6c3,,WRITE:0-0
41c0ae-41c0b2,4,2,397918c3,,WRITE:0-0
41c0b4-41c0b8,6279,2,8b55fcc3,,WRITE:0-0
41c0ba-41c0be,3140,2,8b1490c3,,WRITE:0-0
41c0c0-41c0c4,3140,2,895df8c3,,WRITE:0-0
41c0c6-41c0ca,4001,2,8b5df8c3,,WRITE:0-0
41c0cb-41c0ce,3436,2,8a1bc3,,WRITE:0-0
41c0cf-41c0d2,3436,2,3a1ac3,,WRITE:0-0
41c0d4-41c0d7,865,2,84dbc3,,WRITE:0-0
41c0d8-41c0dc,566,2,8a5b01c3,,WRITE:0-0
41c0de-41c0e2,566,2,885d0bc3,,WRITE:0-0
41c0e4-41c0e8,566,2,3a5a01c3,,WRITE:0-0
41c0e9-41c0ee,297,2,8345f802c3,,WRITE:0-0
41c0ef-41c0f1,593,2,42c3,,WRITE:0-0
41c0f2-41c0f5,4,2,33d2c3,,WRITE:0-0
41c0f7-41c0fa,3137,2,1bd2c3,,WRITE:0-0
41c0fb-41c0ff,3137,2,83daffc3,,WRITE:0-0
41c100-41c103,3140,2,85d2c3,,WRITE:0-0
41c105-41c109,3137,2,ff45fcc3,,WRITE:0-0
41c10b-41c10f,3137,2,3b5118c3,,WRITE:0-0
41c111-41c115,4,2,8b4124c3,,WRITE:0-0
41c116-41c11a,4,2,8b491cc3,,WRITE:0-0
41c11c-41c120,4,2,8d0450c3,,WRITE:0-0
41c121-41c126,4,2,0fb70430c3,,WRITE:0-0
41c127-41c12b,4,2,8d0481c3,,WRITE:0-0
41c12d-41c131,4,2,8b3c30c3,,WRITE:0-0
41c132-41c135,5,2,03fec3,,WRITE:0-0
41c136-41c139,4,2,8bc7c3,,WRITE:0-0
41c13f-41c147,2,2,833d1de3410000c3,,WRITE:0-0
41c149-41c154,2,2,c7051de3410001000000c3,nm,WRITE:41e31d-0
41c156-41c159,2,2,8bd8c3,,WRITE:0-0
41c15a-41c15e,2,2,8b733cc3,,WRITE:0-0
41c15f-41c162,3,2,03f3c3,,WRITE:0-0
41c163-41c16a,2,2,8b8680000000c3,,WRITE:0-0
41c16c-41c171,2,2,8b441810c3,,WRITE:0-0
41c173-41c176,3,2,8bf8c3,,WRITE:0-0
41c177-41c17d,2,2,b873730000c3,,WRITE:0-0
41c17f-41c184,2,2,0fb74e14c3,,WRITE:0-0
41c186-41c18b,2,2,8b743174c3,,WRITE:0-0
41c18d-41c191,2,2,8b7e54c3,,WRITE:0-0
41c192-41c197,2,2,837e2000c3,,WRITE:0-0
41c198-41c19d,5,2,837f0800c3,,WRITE:0-0
41c19f-41c1a3,5,2,8b4f04c3,,WRITE:0-0
41c1a4-41c1a7,7,2,03c8c3,,WRITE:0-0
41c1a8-41c1ab,5,2,8b07c3,,WRITE:0-0
41c1ad-41c1b1,5,2,83c714c3,,WRITE:0-0
41c1b2-41c1b6,5,2,3b4e20c3,,WRITE:0-0
41c1b7-41c1bb,2,2,2b7e2cc3,,WRITE:0-0
41c1bd-41c1c1,2,2,8b4e50c3,,WRITE:0-0
41c1c2-41c1c5,157334,2,8a11c3,,WRITE:0-0
41c1c7-41c1cb,3292,2,80fa03c3,,WRITE:0-0
41c1cc-41c1d0,3019,2,80fa01c3,,WRITE:0-0
41c1d2-41c1d6,84,2,80fa09c3,,WRITE:0-0
41c1d7-41c1db,84,2,80fa08c3,,WRITE:0-0
41c1dd-41c1e1,3209,2,8b5101c3,,WRITE:0-0
41c1ec-41c1ef,3209,2,013ac3,m,WRITE:a451204-a483fb8
41c1f0-41c1f4,3292,2,83c105c3,,WRITE:0-0
41c1f5-41c1fa,3293,2,83790100c3,,WRITE:0-0
41c1fc-41c200,2,2,8b4e28c3,,WRITE:0-0
41c202-41c209,2,2,890d21e34100c3,nm,WRITE:41e321-0
41c20a-41c20e,2,2,8b4e24c3,,WRITE:0-0
41c20f-41c213,316467,2,8b410cc3,,WRITE:0-0
41c214-41c218,316467,2,8d50ffc3,,WRITE:0-0
41c21a-41c21e,316467,2,89510cc3,,WRITE:19fef4-19fef4
41c21f-41c222,552713,2,85c0c3,,WRITE:0-0
41c223-41c226,39562,2,8b01c3,,WRITE:0-0
41c227-41c22b,39562,2,0fb610c3,,WRITE:0-0
41c22d-41c231,356028,2,895108c3,,WRITE:19fef0-19fef0
41c232-41c235,39562,2,8901c3,,WRITE:19fee8-19fee8
41c236-41c23e,39562,2,c7410c07000000c3,,WRITE:19fef4-19fef4
41c240-41c244,316467,2,8b5108c3,,WRITE:0-0
41c245-41c248,316467,2,8bc2c3,,WRITE:0-0
41c249-41c24d,316467,2,c1e807c3,,WRITE:0-0
41c24e-41c251,316467,2,03d2c3,,WRITE:0-0
41c253-41c257,316467,2,83e001c3,,WRITE:0-0
41c259-41c25c,133791,2,33f6c3,,WRITE:0-0
41c25e-41c260,75119,2,46c3,,WRITE:0-0
41c261-41c265,108507,2,8d3470c3,,WRITE:0-0
41c266-41c269,51705,2,8bc6c3,,WRITE:0-0
41c26b-41c26f,5,2,8b4508c3,,WRITE:0-0
41c270-41c273,5,2,8a08c3,,WRITE:0-0
41c275-41c278,5,2,880bc3,m,WRITE:a450000-a47a000
41c279-41c27d,5,2,8d4b01c3,,WRITE:0-0
41c27f-41c281,27561,2,4fc3,,WRITE:0-0
41c283-41c286,30305,2,85f6c3,,WRITE:0-0
41c287-41c28a,6415,2,2bc6c3,,WRITE:0-0
41c28b-41c28e,51303,2,8a00c3,,WRITE:0-0
41c28f-41c292,51303,2,8801c3,m,WRITE:a450001-a484007
41c293-41c297,477,2,c60000c3,m,WRITE:a450003-a484008
41c299-41c29d,4877,2,0fb630c3,,WRITE:0-0
41c29f-41c2a2,4877,2,33c9c3,,WRITE:0-0
41c2a3-41c2a5,158919,2,41c3,,WRITE:0-0
41c2a7-41c2aa,4877,2,23c1c3,,WRITE:0-0
41c2ac-41c2af,4877,2,d1eec3,,WRITE:0-0
41c2b1-41c2b4,20909,2,2bcec3,,WRITE:0-0
41c2b5-41c2b8,120692,2,8817c3,m,WRITE:a450006-a4841ff
41c2b9-41c2bd,17780,2,83f802c3,,WRITE:0-0
41c2be-41c2c1,33352,2,8816c3,m,WRITE:a45000e-a484005
41c2c3-41c2c7,10402,2,83e803c3,,WRITE:0-0
41c2c8-41c2cc,16037,2,0fb609c3,,WRITE:0-0
41c2ce-41c2d2,16037,2,c1e008c3,,WRITE:0-0
41c2d3-41c2d6,16037,2,03c1c3,,WRITE:0-0
41c2d8-41c2db,16037,2,8bf0c3,,WRITE:0-0
41c2dc-41c2e3,16037,2,81fe007d0000c3,,WRITE:0-0
41c2e4-41c2eb,16037,2,81fe00050000c3,,WRITE:0-0
41c2ed-41c2f4,16037,2,81fe80000000c3,,WRITE:0-0
41c2f5-41c2f8,5,2,2bc3c3,,WRITE:0-0
41c2f9-41c304,2,3,6806c341006813c34100c3,,WRITE:0-0
41c313-41c319,2,2,60e903000000,,WRITE:0-0
41c31c-41c323,2,3,546824c34100c3,,WRITE:0-0
41c324-41c32f,2,3,6831c3410068c9ca4100c3,,WRITE:0-0
41c341-41c34b,2,2,684cc34100e911000000,,WRITE:0-0
41c35c-41c377,2,7,586878c34100680ec041006808c041006804c041006800c04100c3,,WRITE:0-0
41c378-41c37e,2,1,0f855b0e0000,,WRITE:0-0
41c37e-41c384,2,2,6885c34100c3,,WRITE:0-0
41c388-41c3aa,2,7,8b44240468adc341006825c04100681dc041006815c041006804c04100e956fcffff,,WRITE:0-0
41c3ad-41c3b3,3,1,0f853b0e0000,,WRITE:0-0
41c3b3-41c3c7,2,4,68cac341006839c041006831c04100e964fcffff,,WRITE:0-0
41c3ca-41c3d0,1,1,0f85390e0000,,WRITE:0-0
41c3d0-41c3d5,1,1,e903000000,,WRITE:0-0
41c3db-41c3e2,4,3,5568e3c34100c3,,WRITE:0-0
41c3e3-41c3eb,4,3,8bec68ecc34100c3,,WRITE:0-0
41c3ec-41c3f3,4,3,5168f5c34100c3,,WRITE:0-0
41c3f5-41c3fc,4,3,5168fdc34100c3,,WRITE:0-0
41c3fd-41c403,4,2,53e902000000,,WRITE:0-0
41c405-41c410,4,3,566813c44100e92ffcffff,,WRITE:0-0
41c413-41c423,4,4,576826c441006849c04100e921fcffff,,WRITE:0-0
41c426-41c42c,3,1,0f84f80d0000,,WRITE:0-0
41c42c-41c44a,4,6,684dc441006860c04100685cc041006857c041006853c04100e904fcffff,,WRITE:0-0
41c44d-41c453,3,1,0f84dc0d0000,,WRITE:0-0
41c453-41c45d,4,2,685fc44100e908fcffff,,WRITE:0-0
41c45f-41c465,3,1,0f86d50d0000,,WRITE:0-0
41c465-41c475,4,4,6876c44100686ec041006869c04100c3,,WRITE:0-0
41c476-41c47c,3,1,0f83ca0d0000,,WRITE:0-0
41c4e3-41c4e9,3,1,0f868e0d0000,,WRITE:0-0
41c4e9-41c4ee,3,1,e903000000,,WRITE:0-0
41c4f1-41c519,4,8,6821c5410068cfc0410068cbc0410068c6c0410068c0c041006853c0410068bac04100e99bfbffff,,WRITE:0-0
41c521-41c527,3435,1,0f855b0d0000,,WRITE:0-0
41c527-41c531,569,2,6833c54100e9a3fbffff,,WRITE:0-0
41c533-41c539,568,1,0f845e0d0000,,WRITE:0-0
41c539-41c552,566,5,6855c5410068e4c0410068dec0410068d8c04100e974fbffff,,WRITE:0-0
41c555-41c55b,565,1,0f85470d0000,,WRITE:0-0
41c55b-41c575,297,6,6876c5410068d4c0410068efc0410068efc0410068e9c04100c3,,WRITE:0-0
41c576-41c57c,296,1,0f853b0d0000,,WRITE:0-0
41c589-41c594,4,3,689cc541006800c14100c3,,WRITE:0-0
41c59c-41c5a2,3139,1,0f842a0d0000,,WRITE:0-0
41c5a2-41c5b6,3137,4,68b9c54100680bc1410068b4c04100e94ffbffff,,WRITE:0-0
41c5b9-41c5bf,3136,1,0f82410d0000,,WRITE:0-0
41c5da-41c5e0,4,2,68e7c54100c3,,WRITE:0-0
41c5e7-41c5ee,4,3,5f68f0c54100c3,,WRITE:0-0
41c5f0-41c5f7,4,3,5e68f8c54100c3,,WRITE:0-0
41c5f8-41c5fe,4,2,5be903000000,,WRITE:0-0
41c601-41c608,4,3,c9680ac64100c3,,WRITE:0-0
41c60d-41c614,2,3,556815c64100c3,,WRITE:0-0
41c615-41c61d,2,3,8bec681fc64100c3,,WRITE:0-0
41c61f-41c627,2,2,83e4f8e902000000,,WRITE:0-0
41c629-41c637,2,4,83ec246838c64100683fc14100c3,,WRITE:0-0
41c638-41c63e,2,2,53e903000000,,WRITE:0-0
41c641-41c647,2,2,56e903000000,,WRITE:0-0
41c64a-41c650,2,2,57e902000000,,WRITE:0-0
41c652-41c658,1,1,0f85d70c0000,,WRITE:0-0
41c658-41c663,2,3,6865c641006849c14100c3,,WRITE:0-0
41c665-41c66b,2,2,688bc64100c3,,WRITE:0-0
41c68b-41c696,2,3,6898c641006841c34100c3,,WRITE:0-0
41c698-41c6b6,2,6,68bec64100686cc141006863c14100685fc14100685ac14100e9a0faffff,,WRITE:0-0
41c6be-41c6c7,2,3,ff341868c8c64100c3,,WRITE:0-0
41c6c8-41c6d3,2,3,68d5c641006888c34100c3,,WRITE:0-0
41c6d5-41c6e5,2,4,68ecc641006877c141006873c14100c3,,WRITE:0-0
41c6ec-41c6f7,2,3,668944243068f8c64100c3,,WRITE:0-0
41c6f8-41c701,2,2,8d442424e902000000,,WRITE:0-0
41c703-41c70a,2,3,50680cc74100c3,,WRITE:0-0
41c70c-41c712,2,2,57e903000000,,WRITE:0-0
41c715-41c723,2,3,c744242c476574506825c74100c3,,WRITE:0-0
41c725-41c733,2,3,c7442430726f63416834c74100c3,,WRITE:0-0
41c734-41c741,2,2,c744243464647265e903000000,,WRITE:0-0
41c744-41c74e,2,2,c644243a00e902000000,,WRITE:0-0
41c750-41c75b,2,3,685dc7410068dbc34100c3,,WRITE:0-0
41c75d-41c763,2,2,686bc74100c3,,WRITE:0-0
41c76b-41c775,2,3,894424286877c74100c3,,WRITE:0-0
41c777-41c780,2,2,8d44242ce902000000,,WRITE:0-0
41c782-41c789,2,3,50688ac74100c3,,WRITE:0-0
41c78a-41c791,2,3,576893c74100c3,,WRITE:0-0
41c793-41c7a0,2,2,c74424344c6f6164e903000000,,WRITE:0-0
41c7a3-41c7b0,2,2,c74424384c696272e902000000,,WRITE:0-0
41c7b2-41c7bf,2,2,c744243c61727941e903000000,,WRITE:0-0
41c7c2-41c7cc,2,2,c644244000e903000000,,WRITE:0-0
41c7cf-41c7da,2,3,68dcc7410068dbc34100c3,,WRITE:0-0
41c7dc-41c7e1,1,1,e908000000,,WRITE:0-0
41c7e9-41c7f3,2,3,8944242c68f4c74100c3,,WRITE:0-0
41c7f4-41c7fd,2,2,8d442434e903000000,,WRITE:0-0
41c800-41c807,2,3,506809c84100c3,,WRITE:0-0
41c809-41c810,2,3,576811c84100c3,,WRITE:0-0
41c811-41c81f,2,3,c744243c566972746820c84100c3,,WRITE:0-0
41c820-41c82d,2,2,c744244075616c41e903000000,,WRITE:0-0
41c830-41c83e,2,3,c74424446c6c6f636840c84100c3,,WRITE:0-0
41c840-41c84b,2,3,c644244800684cc84100c3,,WRITE:0-0
41c84c-41c857,2,3,6859c8410068dbc34100c3,,WRITE:0-0
41c859-41c869,2,4,6871c841006886c14100687fc14100c3,,WRITE:0-0
41c871-41c879,2,2,83c41ce903000000,,WRITE:0-0
41c87c-41c88e,2,5,6a406890c84100688dc14100685fc14100c3,,WRITE:0-0
41c890-41c89b,2,3,6800100000689dc84100c3,,WRITE:0-0
41c89d-41c8ab,2,4,ff761c68adc841006832c14100c3,,WRITE:0-0
41c8ad-41c8b5,2,3,6a0068b6c84100c3,,WRITE:0-0
41c8b6-41c8b8,1,1,ffd0,,WRITE:0-0
41c8b8-41c8be,2,2,68bfc84100c3,,WRITE:0-0
41c8bf-41c8cf,2,4,836424100068d0c841006892c14100c3,,WRITE:0-0
41c8d0-41c8d9,2,2,89442414e902000000,,WRITE:0-0
41c8db-41c8e1,1,1,0f86540a0000,,WRITE:0-0
41c8e1-41c8eb,2,2,68eec84100e9adf8ffff,,WRITE:0-0
41c8ee-41c8f4,4,1,0f84510a0000,,WRITE:0-0
41c8f4-41c909,5,5,680ac9410068a8c1410068a4c14100689fc14100c3,,WRITE:0-0
41c90a-41c916,5,4,516818c9410068aac04100c3,,WRITE:0-0
41c918-41c91e,5,2,50e902000000,,WRITE:0-0
41c920-41c92b,5,3,682cc9410068f8cb4100c3,,WRITE:0-0
41c92c-41c932,5,2,683bc94100c3,,WRITE:0-0
41c93b-41c944,5,2,8b44241ce902000000,,WRITE:0-0
41c946-41c94c,5,2,59e902000000,,WRITE:0-0
41c94e-41c95a,5,4,59685bc9410068adc14100c3,,WRITE:0-0
41c95b-41c964,5,2,ff442410e903000000,,WRITE:0-0
41c967-41c976,5,4,8b4c24106877c9410068b2c14100c3,,WRITE:0-0
41c977-41c97d,4,1,0f82cf090000,,WRITE:0-0
41c97d-41c98d,2,4,688fc9410068b7c141006873c14100c3,,WRITE:0-0
41c98f-41c998,2,2,897c2414e902000000,,WRITE:0-0
41c99a-41c9a0,1,1,0f84b7090000,,WRITE:0-0
41c9a0-41c9af,2,3,68b1c94100685cc04100e90ef8ffff,,WRITE:0-0
41c9b1-41c9bc,2,3,6841ca410068f5c14100c3,,WRITE:0-0
41c9c4-41c9ca,3291,1,0f8494090000,,WRITE:0-0
41c9ca-41c9d5,3019,3,68d7c9410068ccc14100c3,,WRITE:0-0
41c9d7-41c9dd,3018,1,0f84a1090000,,WRITE:0-0
41c9dd-41c9e7,84,2,68eac94100e9ebf7ffff,,WRITE:0-0
41c9ea-41c9f0,83,1,0f84ad090000,,WRITE:0-0
41c9f0-41c9fa,84,2,68fdc94100e9ddf7ffff,,WRITE:0-0
41c9fd-41ca03,83,1,0f85ba090000,,WRITE:0-0
41ca41-41ca47,3292,1,0f8586090000,,WRITE:0-0
41ca47-41ca4c,1,1,e903000000,,WRITE:0-0
41ca4f-41ca5d,2,4,ff7508685eca410068fcc14100c3,,WRITE:0-0
41ca5e-41ca6c,2,3,ff74241c686eca4100e938f7ffff,,WRITE:0-0
41ca6e-41ca82,2,5,ff7424246883ca4100680ac241006802c24100c3,,WRITE:0-0
41ca83-41ca8e,2,3,536890ca4100e916f7ffff,,WRITE:0-0
41ca90-41ca92,1,1,ffd1,,WRITE:0-0
41cac9-41cad3,2,3,ff74240468d4ca4100c3,,WRITE:0-0
41cad4-41cadf,2,3,68e1ca4100680dc64100c3,,WRITE:0-0
41caf7-41cb14,316467,6,8b4c24046816cb4100681fc24100681ac241006814c24100e9fbf6ffff,,WRITE:0-0
41cb16-41cb1c,316466,1,0f85c1080000,,WRITE:0-0
41cb1c-41cb5e,39562,14,6860cb4100682dc241006853c24100684ec241006849c241006845c241006840c241006836c241006832c24100682dc241006800c041006827c241006823c24100c3,,WRITE:0-0
41cb62-41cb72,46829,4,566875cb4100685ec24100e9e7f6ffff,,WRITE:0-0
41cb75-41cb7e,80947,2,ff742408e902000000,,WRITE:0-0
41cb80-41cb8b,80947,3,688dcb410068f7ca4100c3,,WRITE:0-0
41cb8d-41cb93,80947,2,689acb4100c3,,WRITE:0-0
41cb9a-41cba9,80947,4,ff74240c68abcb41006861c24100c3,,WRITE:0-0
41cbab-41cbb5,80947,2,68b7cb4100e942ffffff,,WRITE:0-0
41cbb7-41cbbd,80947,2,68c5cb4100c3,,WRITE:0-0
41cbc5-41cbcb,80947,2,59e902000000,,WRITE:0-0
41cbcd-41cbd8,80947,3,5968dacb4100e947f6ffff,,WRITE:0-0
41cbda-41cbe0,80946,1,0f8521080000,,WRITE:0-0
41cbe0-41cbeb,46829,3,68eccb41006866c24100c3,,WRITE:0-0
41cbec-41cbf2,46829,2,5ee903000000,,WRITE:0-0
41cbf8-41cbfe,5,2,55e903000000,,WRITE:0-0
41cc01-41cc08,5,2,8bece902000000,,WRITE:0-0
41cc0a-41cc13,5,3,83e4f86815cc4100c3,,WRITE:0-0
41cc15-41cc28,5,5,83ec1c6829cc41006870c24100686bc24100c3,,WRITE:0-0
41cc29-41cc34,5,3,83642418006836cc4100c3,,WRITE:0-0
41cc36-41cc41,5,3,536844cc4100e928f4ffff,,WRITE:0-0
41cc44-41cc50,5,4,566852cc41006859c24100c3,,WRITE:0-0
41cc52-41cc6b,5,6,21742410686ccc41006800c041006879c241006875c24100c3,,WRITE:0-0
41cc6c-41cc72,5,2,57e903000000,,WRITE:0-0
41cc75-41cc7f,5,3,894c241c6881cc4100c3,,WRITE:0-0
41cc81-41cc8a,5,2,89442418e902000000,,WRITE:0-0
41cc8c-41cc95,80069,2,8d442418e903000000,,WRITE:0-0
41cc98-41cc9f,80069,3,5068a1cc4100c3,,WRITE:0-0
41cca1-41ccac,80069,3,68adcc410068f7ca4100c3,,WRITE:0-0
41ccad-41ccb2,80068,1,e909000000,,WRITE:0-0
41ccbb-41ccc7,80069,4,5968c8cc4100681fc24100c3,,WRITE:0-0
41ccc8-41ccce,80068,1,0f843a070000,,WRITE:0-0
41ccce-41ccd4,35181,2,68d6cc4100c3,,WRITE:0-0
41ccd6-41cce0,35181,3,8d44241868e2cc4100c3,,WRITE:0-0
41cce2-41cce9,35181,3,5068eacc4100c3,,WRITE:0-0
41ccea-41ccf4,35181,2,68f5cc4100e903feffff,,WRITE:0-0
41ccf5-41ccff,35181,2,680acd4100e920f5ffff,,WRITE:0-0
41cd0a-41cd11,35181,3,596813cd4100c3,,WRITE:0-0
41cd13-41cd1d,35181,3,8d442418681ecd4100c3,,WRITE:0-0
41cd1e-41cd24,35181,2,50e903000000,,WRITE:0-0
41cd27-41cd2d,35180,1,0f84e1060000,,WRITE:0-0
41cd2d-41cd33,11767,2,6835cd4100c3,,WRITE:0-0
41cd35-41cd3f,11767,2,6840cd4100e9b8fdffff,,WRITE:0-0
41cd40-41cd46,11767,2,684fcd4100c3,,WRITE:0-0
41cd4f-41cd5a,11767,3,59685dcd4100e9c5f4ffff,,WRITE:0-0
41cd5d-41cd63,11766,1,0f84b2060000,,WRITE:0-0
41cd63-41cd68,6890,1,e902000000,,WRITE:0-0
41cd6a-41cd77,6891,4,6a046878cd41006859c24100c3,,WRITE:0-0
41cd78-41cd7f,6891,3,5f6881cd4100c3,,WRITE:0-0
41cd81-41cd8b,27561,3,8d442418688ccd4100c3,,WRITE:0-0
41cd8c-41cd93,27561,3,506894cd4100c3,,WRITE:0-0
41cd94-41cd9f,27561,3,68a0cd410068f7ca4100c3,,WRITE:0-0
41cda0-41cdaa,27561,2,68b4cd4100e9d5f4ffff,,WRITE:0-0
41cdb4-41cdc0,27561,4,5968c1cd41006861c24100c3,,WRITE:0-0
41cdc1-41cdc7,27560,1,0f8555060000,,WRITE:0-0
41cdc7-41cdcd,6891,2,68cfcd4100c3,,WRITE:0-0
41cdcf-41cdde,6891,4,8b44241c68e0cd41006883c24100c3,,WRITE:0-0
41cde0-41cde6,6890,1,0f843d060000,,WRITE:0-0
41cde6-41cdec,6415,2,68edcd4100c3,,WRITE:0-0
41cded-41ce05,6415,5,8b4c241c6808ce4100688fc24100688bc24100e982f4ffff,,WRITE:0-0
41ce08-41ce0d,6414,1,e909000000,,WRITE:0-0
41ce16-41ce1f,6891,2,ff44241ce902000000,,WRITE:0-0
41ce21-41ce2c,6891,3,687fd141006859c24100c3,,WRITE:0-0
41ce36-41ce44,4877,3,8b4424186847ce4100e955f4ffff,,WRITE:0-0
41ce47-41ce74,4877,10,ff4424186875ce410068acc241006800c041006800c0410068a7c241006866c2410068a3c24100689fc24100c3,,WRITE:0-0
41ce75-41ce7b,4876,1,0f84b3050000,,WRITE:0-0
41ce7b-41ce86,4873,3,6888ce4100681fc24100c3,,WRITE:0-0
41ce88-41ce8e,4872,1,0f84a6050000,,WRITE:0-0
41ce8e-41ce94,4873,2,6896ce4100c3,,WRITE:0-0
41ce96-41cea5,4873,4,8b4c241c68a7ce410068b1c24100c3,,WRITE:0-0
41cea7-41ceb5,11788,3,8b7c241c68b8ce4100e90df3ffff,,WRITE:0-0
41ceb8-41ced0,11788,5,ff44241c68d2ce410068b5c241006804c04100e9d3f3ffff,,WRITE:0-0
41ced2-41ced8,11787,1,0f8562050000,,WRITE:0-0
41ced8-41cedd,4872,1,e902000000,,WRITE:0-0
41cedf-41cee5,4873,2,6821d14100c3,,WRITE:0-0
41ceef-41cef8,5,2,894c2414e903000000,,WRITE:0-0
41cefb-41cf00,4,1,e921020000,,WRITE:0-0
41cf0c-41cf16,23415,2,6817cf4100e94cfcffff,,WRITE:0-0
41cf17-41cf1d,23415,2,6827cf4100c3,,WRITE:0-0
41cf27-41cf33,23415,4,596834cf41006883c24100c3,,WRITE:0-0
41cf34-41cf3a,23414,1,0f8506050000,,WRITE:0-0
41cf3a-41cf44,17780,2,6847cf4100e975f3ffff,,WRITE:0-0
41cf47-41cf4d,17779,1,0f8504050000,,WRITE:0-0
41cf4d-41cf53,7379,2,6854cf4100c3,,WRITE:0-0
41cf54-41cf5e,7379,3,8d442418685fcf4100c3,,WRITE:0-0
41cf5f-41cf66,7379,3,506868cf4100c3,,WRITE:0-0
41cf68-41cf73,7379,3,6875cf41006862cb4100c3,,WRITE:0-0
41cf75-41cf7a,7378,1,e909000000,,WRITE:0-0
41cf83-41cf8e,7379,3,596891cf4100e991f2ffff,,WRITE:0-0
41cf91-41cf97,7378,1,0f84c6040000,,WRITE:0-0
41cf97-41cf9d,7379,2,689fcf4100c3,,WRITE:0-0
41cf9f-41cfa9,7379,3,8b4c241c68abcf4100c3,,WRITE:0-0
41cfab-41cfb4,7379,2,2b4c2410e903000000,,WRITE:0-0
41cfb7-41cfc5,33352,3,8b74241c68c8cf4100e9fdf1ffff,,WRITE:0-0
41cfc8-41cfe0,33352,5,ff44241c68e3cf410068bec241006804c04100e9c3f2ffff,,WRITE:0-0
41cfe3-41cfe9,33351,1,0f8585040000,,WRITE:0-0
41cfe9-41cfef,7379,2,68f1cf4100c3,,WRITE:0-0
41cff1-41d000,7379,3,6836d14100685ec24100e959f2ffff,,WRITE:0-0
41d009-41d00e,10401,1,e909000000,,WRITE:0-0
41d017-41d030,16037,6,8b4c24186832d0410068d3c2410068cec2410068c8c24100c3,,WRITE:0-0
41d032-41d040,16037,3,ff4424186843d04100e998f2ffff,,WRITE:0-0
41d043-41d04c,16037,2,8d442418e902000000,,WRITE:0-0
41d04e-41d054,16037,2,50e902000000,,WRITE:0-0
41d056-41d060,16037,2,6861d04100e902fbffff,,WRITE:0-0
41d061-41d066,16036,1,e90a000000,,WRITE:0-0
41d070-41d07c,16037,4,59687dd0410068dcc24100c3,,WRITE:0-0
41d07d-41d083,16036,1,0f82f2030000,,WRITE:0-0
41d083-41d092,174,3,6895d0410068e4c24100e96eefffff,,WRITE:0-0
41d095-41d09b,16036,1,0f82e6030000,,WRITE:0-0
41d09b-41d0aa,5549,3,68acd0410068edc24100e956efffff,,WRITE:0-0
41d0ac-41d0b2,16036,1,0f83da030000,,WRITE:0-0
41d0b2-41d0c6,2784,4,68c9d04100681fc241006800c04100e93aefffff,,WRITE:0-0
41d0c9-41d0cf,16036,1,0f84c8030000,,WRITE:0-0
41d0cf-41d0d4,16036,1,e903000000,,WRITE:0-0
41d0d7-41d0e5,16037,3,8b4c241c68e8d04100e9ccf1ffff,,WRITE:0-0
41d0e8-41d0f6,108905,3,8b7c241c68f9d04100e9ccf0ffff,,WRITE:0-0
41d0f9-41d111,108905,5,ff44241c6814d1410068b5c241006804c04100e992f1ffff,,WRITE:0-0
41d114-41d11a,108904,1,0f8583030000,,WRITE:0-0
41d11a-41d120,16037,2,6821d14100c3,,WRITE:0-0
41d121-41d135,20913,5,897424106836d14100685ec241006859c24100c3,,WRITE:0-0
41d136-41d13c,28291,2,687fd14100c3,,WRITE:0-0
41d144-41d14d,44889,2,8b442418e902000000,,WRITE:0-0
41d14f-41d15d,44889,3,8b4c241c685fd14100e92ef1ffff,,WRITE:0-0
41d15f-41d169,44889,3,ff44241c686ad14100c3,,WRITE:0-0
41d16a-41d17e,44889,5,ff442418687fd141006859c24100688fc24100c3,,WRITE:0-0
41d17f-41d18a,80069,3,837c241400688cd14100c3,,WRITE:0-0
41d18c-41d192,80068,1,0f8411030000,,WRITE:0-0
41d192-41d198,5,2,689ad14100c3,,WRITE:0-0
41d19a-41d1a4,5,3,8b44241c68a6d14100c3,,WRITE:0-0
41d1a6-41d1ad,5,3,5f68aed14100c3,,WRITE:0-0
41d1ae-41d1b9,5,3,5e68bbd14100e93cf1ffff,,WRITE:0-0
41d1bb-41d1c1,5,2,5be903000000,,WRITE:0-0
41d1c4-41d1cc,5,3,8be568ced14100c3,,WRITE:0-0
41d1ce-41d1d5,5,3,5d68d6d14100c3,,WRITE:0-0
41d1d9-41d1ee,2,5,6878c34100680ec041006808c041006804c04100c3,,WRITE:0-0
41d1ee-41d208,3,6,68adc341006825c04100681dc041006815c041006804c04100c3,,WRITE:0-0
41d246-41d25f,4,5,68e3c4410068aec0410068aac0410068a4c04100e93feeffff,,WRITE:0-0
41d282-41d296,2868,4,689cc541006800c1410068fbc04100e961eeffff,,WRITE:0-0
41d297-41d2a2,4,3,6889c5410068f2c04100c3,,WRITE:0-0
41d2a2-41d2b7,270,5,689cc541006800c1410068fbc0410068f7c04100c3,,WRITE:0-0
41d2b7-41d2cc,297,5,6821c5410068cfc0410068cbc0410068c6c04100c3,,WRITE:0-0
41d2cc-41d2ff,4,11,68dac541006836c141006832c14100682dc141006827c141006821c14100681cc141006816c1410068b4c041006811c14100c3,,WRITE:0-0
41d300-41d32e,3137,10,6821c5410068cfc0410068cbc0410068c6c0410068c0c041006853c0410068bac0410068b4c041006869c04100c3,,WRITE:0-0
41d34c-41d357,4,3,68eec841006898c14100c3,,WRITE:0-0
41d35e-41d37c,274,6,6841ca410068f5c1410068f0c1410068ecc141006882c04100e961eeffff,,WRITE:0-0
41d37e-41d39d,2936,7,6841ca410068f5c1410068f0c1410068ecc141006882c0410068ddc14100c3,,WRITE:0-0
41d3bd-41d3cc,84,3,6841ca410068f5c14100e924eeffff,,WRITE:0-0
41d3cd-41d3dc,3292,3,68c4c9410068c7c14100e9e6edffff,,WRITE:0-0
41d3dd-41d400,276906,7,6860cb4100682dc241006853c24100684ec241006849c241006845c24100e940eeffff,,WRITE:0-0
41d401-41d406,34118,1,e96ff7ffff,,WRITE:0-0
41d408-41d40e,44889,2,6844d14100c3,,WRITE:0-0
41d40e-41d413,23414,1,e9f9faffff,,WRITE:0-0
41d415-41d41b,4877,2,6836ce4100c3,,WRITE:0-0
41d41c-41d421,20670,1,e960f9ffff,,WRITE:0-0
41d423-41d42e,477,3,6816ce41006893c24100c3,,WRITE:0-0
41d42e-41d434,5,2,68efce4100c3,,WRITE:0-0
41d43a-41d440,6916,2,68a7ce4100c3,,WRITE:0-0
41d440-41d44f,5636,3,6817d041006804c04100e9b5ebffff,,WRITE:0-0
41d451-41d45b,10402,2,6809d04100e968eeffff,,WRITE:0-0
41d46e-41d473,25973,1,e944fbffff,,WRITE:0-0
41d475-41d480,15864,3,6895d0410068e4c24100c3,,WRITE:0-0
41d481-41d48b,10489,2,68acd04100e962eeffff,,WRITE:0-0
41d48c-41d496,13254,2,68c9d04100e989edffff,,WRITE:0-0
41d49d-41d4a2,92868,1,e946fcffff,,WRITE:0-0
41d4a3-41d4a9,80065,2,688ccc4100c3,,WRITE:0-0
