41b000-41b003,2,2,607203,,WRITE:0-0
41b003-41b005,1,1,7301,,WRITE:0-0
41b006-41b008,1,1,7203,,WRITE:0-0
41b008-41b00a,1,1,7301,,WRITE:0-0
41b00b-41b010,2,3,f98bcf7803,,WRITE:0-0
41b010-41b012,1,1,7901,,WRITE:0-0
41b013-41b01a,2,2,85cbe801000000,,WRITE:0-0
41b01b-41b024,2,2,83c4040f8903000000,,WRITE:0-0
41b027-41b02c,1,1,e801000000,,WRITE:0-0
41b02d-41b035,2,3,83c404668beeeb01,,WRITE:0-0
41b036-41b038,1,1,7302,,WRITE:0-0
41b03a-41b03f,1,1,e801000000,,WRITE:0-0
41b040-41b045,2,2,83042406c3,,WRITE:0-0
41b045-41b04b,2,2,66c1ebc0eb01,,WRITE:0-0
41b04c-41b051,1,1,e909000000,,WRITE:0-0
41b05a-41b061,2,2,ba2ab14100eb01,,WRITE:0-0
41b062-41b064,1,1,7d03,,WRITE:0-0
41b067-41b071,2,4,688d815686d3e7587a03,,WRITE:0-0
41b071-41b073,1,1,7b01,,WRITE:0-0
41b074-41b094,2,7,6681df3c168bcd810d71b84100f003ba79bdc88ee51d13ce81ed8e8ee51deb01,m,WRITE:41b871-0
41b095-41b09a,2,3,fc8b32eb01,,WRITE:0-0
41b096-41b09a,58,2,8b32eb01,,WRITE:0-0
41b09b-41b0a0,58,1,e903000000,,WRITE:0-0
41b0a3-41b0a7,59,2,03f07e03,,WRITE:0-0
41b0a7-41b0a9,33,1,7f01,,WRITE:0-0
41b0aa-41b0ac,58,1,7803,,WRITE:0-0
41b0ac-41b0b4,32,3,668bf9c1c61aeb01,,WRITE:0-0
41b0af-41b0b4,28,2,c1c61aeb01,,WRITE:0-0
41b0b5-41b0cb,59,7,6681d3d60566d3e783eafc2b3283ea0450e801000000,,WRITE:0-0
41b0cc-41b0d5,59,3,83c40458e904000000,,WRITE:0-0
41b0d9-41b0e1,59,3,893250e801000000,m,WRITE:41b12a-41b20e
41b0e2-41b0eb,59,3,83c40458e904000000,,WRITE:0-0
41b0ef-41b0f7,59,2,81c054d469677603,,WRITE:0-0
41b0f7-41b0f9,35,1,7701,,WRITE:0-0
41b0fa-41b10b,59,4,87d966c1d32d81c204000000e801000000,,WRITE:0-0
41b10c-41b114,59,2,83c404e901000000,,WRITE:0-0
41b115-41b11e,59,2,83c5ff0f8578ffffff,,WRITE:0-0
41b11e-41b124,2,2,50e801000000,,WRITE:0-0
41b125-41b130,2,5,83c40458f850e801000000,,WRITE:0-0
41b131-41b141,2,5,83c404588bdabf18b24100e801000000,,WRITE:0-0
41b142-41b14a,2,2,83c404e906000000,,WRITE:0-0
41b150-41b15d,2,4,6880e9fa48bbbaaa3a7e58eb01,,WRITE:0-0
41b15e-41b168,2,4,87de4dba3f000000eb01,,WRITE:0-0
41b169-41b16e,1,1,e901000000,,WRITE:0-0
41b16f-41b173,64,2,8b0feb01,,WRITE:0-0
41b174-41b179,63,1,e90f000000,,WRITE:0-0
41b188-41b190,64,3,03c850e801000000,,WRITE:0-0
41b191-41b197,64,3,83c404587703,,WRITE:0-0
41b19a-41b1a4,64,3,85dec1c91be801000000,,WRITE:0-0
41b1a5-41b1ad,64,2,83c404e901000000,,WRITE:0-0
41b1ae-41b1bb,64,4,83effc330f83ef04e801000000,,WRITE:0-0
41b1bc-41b1c1,64,2,83042406c3,,WRITE:0-0
41b1c1-41b1cb,64,4,66c1c5d68bf0890feb01,m,WRITE:41b218-41b310
41b1cc-41b1ce,63,1,7c05,,WRITE:0-0
41b1ce-41b1e1,64,5,6681eb822e87de81e8048ce64b50e801000000,,WRITE:0-0
41b1e2-41b1eb,64,3,83c40458e902000000,,WRITE:0-0
41b1ed-41b1f5,64,2,83c704e801000000,,WRITE:0-0
41b1f6-41b1fe,64,2,83c404e903000000,,WRITE:0-0
41b201-41b208,64,2,4a0f8567ffffff,,WRITE:0-0
41b208-41b20a,1,1,7203,,WRITE:0-0
41b20a-41b20c,1,1,7301,,WRITE:0-0
41b20d-41b212,1,1,e906000000,,WRITE:0-0
41b218-41b21e,2,2,50e801000000,,WRITE:0-0
41b21f-41b231,2,6,83c40458f8c1cfe7be18b34100e801000000,,WRITE:0-0
41b232-41b253,2,7,83c4046633fd81152db84100723df189bad48a9df34181f2407c90ace801000000,m,WRITE:41b82d-0
41b254-41b259,2,2,83042406c3,,WRITE:0-0
41b259-41b260,2,2,4b0f8204000000,,WRITE:0-0
41b260-41b26b,2,3,66c1dbe768420000007305,,WRITE:0-0
41b270-41b276,2,2,58e801000000,,WRITE:0-0
41b277-41b27c,2,2,83042406c3,,WRITE:0-0
41b27c-41b282,1,1,0f8905000000,,WRITE:0-0
41b287-41b296,2,4,fc810df9b84100b0ce73838b2eeb01,m,WRITE:41b8f9-0
41b292-41b296,66,2,8b2eeb01,,WRITE:0-0
41b297-41b29c,66,1,e903000000,,WRITE:0-0
41b29f-41b2a6,67,2,03eae801000000,,WRITE:0-0
41b2a7-41b2ad,67,3,83c404437902,,WRITE:0-0
41b2ad-41b2b7,67,3,85d9c1c512e801000000,,WRITE:0-0
41b2b8-41b2bd,67,2,83042406c3,,WRITE:0-0
41b2bd-41b2c8,67,3,662bdd336e04e801000000,,WRITE:0-0
41b2c9-41b2ce,67,2,83042406c3,,WRITE:0-0
41b2ce-41b2d8,67,4,4787cf892ee801000000,m,WRITE:41b318-41b41c
41b2d9-41b2de,67,2,83042406c3,,WRITE:0-0
41b2de-41b2e3,66,1,e903000000,,WRITE:0-0
41b2e6-41b2f1,67,2,81c27a476dabe801000000,,WRITE:0-0
41b2f2-41b2fe,67,4,83c404f881c604000000eb01,,WRITE:0-0
41b2ff-41b301,66,1,7602,,WRITE:0-0
41b301-41b30a,67,3,85cb480f8588ffffff,,WRITE:0-0
41b30a-41b30f,1,1,e801000000,,WRITE:0-0
41b310-41b315,2,2,83c4047d02,,WRITE:0-0
41b317-41b31d,2,2,f9e801000000,,WRITE:0-0
41b31e-41b32b,2,3,83c40466b922730f8301000000,,WRITE:0-0
41b32c-41b340,2,3,8105c9ba41008116c6b4bf27b44100e801000000,m,WRITE:41bac9-0
41b341-41b349,2,2,83c404e901000000,,WRITE:0-0
41b34a-41b351,2,2,683ed481317403,,WRITE:0-0
41b351-41b357,2,3,c1c23d5eeb01,,WRITE:0-0
41b358-41b360,2,3,f8bb3e000000eb01,,WRITE:0-0
41b361-41b366,1,1,e902000000,,WRITE:0-0
41b368-41b37a,2,4,812d99ba4100002d855f8b0750e801000000,m,WRITE:41ba99-0
41b372-41b37a,62,3,8b0750e801000000,,WRITE:0-0
41b37b-41b384,63,3,83c40458e904000000,,WRITE:0-0
41b388-41b390,63,3,33c650e801000000,,WRITE:0-0
41b391-41b39a,63,3,83c40458e90c000000,,WRITE:0-0
41b3a6-41b3af,63,3,c1c80350e801000000,,WRITE:0-0
41b3b0-41b3c6,63,8,83c40458bdba21280e6633d083c7042b0783c7fceb01,,WRITE:0-0
41b3c7-41b3cc,62,1,e906000000,,WRITE:0-0
41b3d2-41b3d6,63,2,8907eb01,m,WRITE:41b427-41b51b
41b3d7-41b3dc,62,1,e902000000,,WRITE:0-0
41b3de-41b3f3,63,3,811d11b8410033f9442481c6a04024dee801000000,m,WRITE:41b811-41b811
41b3f4-41b3f9,63,2,83042406c3,,WRITE:0-0
41b3f9-41b3fe,62,1,e907000000,,WRITE:0-0
41b405-41b40a,63,2,83c7047e03,,WRITE:0-0
41b40a-41b40c,62,1,7f01,,WRITE:0-0
41b40d-41b419,63,4,f887e983eb010f8559ffffff,,WRITE:0-0
41b419-41b41f,2,2,50e801000000,,WRITE:0-0
41b420-41b42c,2,5,83c40458f885d5e801000000,,WRITE:0-0
41b42d-41b432,2,2,83042406c3,,WRITE:0-0
41b432-41b437,1,1,e907000000,,WRITE:0-0
41b43e-41b44f,2,3,810d15bb4100295fec09b826b54100eb01,m,WRITE:41bb15-0
41b450-41b455,1,1,e905000000,,WRITE:0-0
41b45a-41b465,2,2,68efb201040f8205000000,,WRITE:0-0
41b465-41b470,2,3,6681daf4135be801000000,,WRITE:0-0
41b471-41b47a,2,2,83c4040f8803000000,,WRITE:0-0
41b47a-41b48e,2,5,c1cd9fb9b82c41aafc81e9832c41aae801000000,,WRITE:0-0
41b48f-41b497,2,2,83c404e906000000,,WRITE:0-0
41b49d-41b4a1,54,2,8b307403,,WRITE:0-0
41b4a1-41b4a3,53,1,7501,,WRITE:0-0
41b4a4-41b4aa,53,1,0f8401000000,,WRITE:0-0
41b4aa-41b4b3,54,4,f966bd5d242bf37803,,WRITE:0-0
41b4b3-41b4b5,30,1,7901,,WRITE:0-0
41b4b6-41b4bb,53,1,e904000000,,WRITE:0-0
41b4bf-41b4c7,54,2,c1ce1ae801000000,,WRITE:0-0
41b4c8-41b4d0,54,2,83c404e903000000,,WRITE:0-0
41b4d3-41b4d8,54,2,3370047403,,WRITE:0-0
41b4d8-41b4da,53,1,7501,,WRITE:0-0
41b4db-41b4e0,53,1,e901000000,,WRITE:0-0
41b4e1-41b4e5,54,2,89307403,m,WRITE:41b526-41b5f6
41b4e5-41b4e7,53,1,7501,,WRITE:0-0
41b4e8-41b4ed,53,1,e902000000,,WRITE:0-0
41b4ef-41b4f7,54,2,81ebeb9a9109eb01,,WRITE:0-0
41b4f8-41b501,54,4,d3fd0bd583c0047e03,,WRITE:0-0
41b501-41b503,53,1,7f01,,WRITE:0-0
41b504-41b50e,54,3,fc83e9010f858fffffff,,WRITE:0-0
41b50e-41b510,1,1,7203,,WRITE:0-0
41b510-41b512,1,1,7301,,WRITE:0-0
41b513-41b519,1,1,0f8601000000,,WRITE:0-0
41b51a-41b528,2,4,fc68a2b3995b8f050dba41007403,m,WRITE:41ba0d-0
41b52b-41b53e,2,6,662bce81e9744beb656800b6410013e85aeb01,,WRITE:0-0
41b53f-41b54e,2,5,46bb5aea3ebcfc81f394582ea57603,,WRITE:0-0
41b54e-41b550,1,1,7701,,WRITE:0-0
41b551-41b553,1,1,7306,,WRITE:0-0
41b559-41b565,2,3,bd97f8c6aebf1981ba267b01,,WRITE:0-0
41b566-41b572,2,3,81f75b81ba2650e801000000,,WRITE:0-0
41b573-41b57c,2,3,83c40458e905000000,,WRITE:0-0
41b581-41b585,67,2,8b02eb01,,WRITE:0-0
41b586-41b594,67,4,81c506c691042bc350e801000000,,WRITE:0-0
41b595-41b59e,67,3,83c40458e902000000,,WRITE:0-0
41b5a0-41b5a8,67,2,c1c809e801000000,,WRITE:0-0
41b5a9-41b5ae,67,2,83042406c3,,WRITE:0-0
41b5ae-41b5b3,66,1,e901000000,,WRITE:0-0
41b5b4-41b5be,67,4,83eafc030283c2fc7a03,,WRITE:0-0
41b5be-41b5c0,33,1,7b01,,WRITE:0-0
41b5c1-41b5c6,66,1,e901000000,,WRITE:0-0
41b5c7-41b5cb,67,2,8902eb01,m,WRITE:41b600-41b704
41b5cc-41b5d6,67,3,87f181c3b04636a3eb01,,WRITE:0-0
41b5d7-41b5e6,67,4,66d3c166be37b881eafcffffff7a03,,WRITE:0-0
41b5e6-41b5e8,34,1,7b01,,WRITE:0-0
41b5e9-41b5f3,67,3,4583ef010f858effffff,,WRITE:0-0
41b5f3-41b5f5,1,1,7203,,WRITE:0-0
41b5f5-41b5f7,1,1,7301,,WRITE:0-0
41b5f8-41b5fd,1,1,e903000000,,WRITE:0-0
41b600-41b60b,2,5,61548f0511ba410060eb01,m,WRITE:41ba11-0
41b60c-41b61a,2,5,d3c5680cb7410066bdd1a95e7e03,,WRITE:0-0
41b61d-41b622,1,1,e906000000,,WRITE:0-0
41b628-41b62f,2,2,b91a6e539b7405,,WRITE:0-0
41b634-41b63f,2,2,81c1ef0a1162e801000000,,WRITE:0-0
41b640-41b648,2,2,83c404e902000000,,WRITE:0-0
41b64a-41b655,2,2,bbea2788fe0f8004000000,,WRITE:0-0
41b655-41b661,2,3,66c1cac381ebae2788feeb01,,WRITE:0-0
41b662-41b66c,2,4,85d08b3e50e801000000,,WRITE:0-0
41b664-41b66c,60,3,8b3e50e801000000,,WRITE:0-0
41b66d-41b67c,61,5,83c4045866c1c2562bf9e801000000,,WRITE:0-0
41b67d-41b682,61,2,83042406c3,,WRITE:0-0
41b682-41b687,60,1,e905000000,,WRITE:0-0
41b68c-41b691,61,2,c1cf157e03,,WRITE:0-0
41b691-41b693,60,1,7f01,,WRITE:0-0
41b694-41b6a3,61,4,85eaba784450aa2b7e04e801000000,,WRITE:0-0
41b6a4-41b6ac,61,2,83c404e902000000,,WRITE:0-0
41b6ae-41b6b2,61,2,893eeb01,m,WRITE:41b70c-41b7f8
41b6b3-41b6b8,60,1,e906000000,,WRITE:0-0
41b6be-41b6d0,61,3,812555b941004f3eb80081c19fbdbc397c03,m,WRITE:41b955-41b955
41b6d0-41b6d2,45,1,7d01,,WRITE:0-0
41b6d3-41b6e0,61,3,85d581eefcffffffe801000000,,WRITE:0-0
41b6e1-41b6e6,61,2,83042406c3,,WRITE:0-0
41b6e6-41b6f2,61,3,66d3cd83c3ff0f8572ffffff,,WRITE:0-0
41b6f2-41b6f4,1,1,eb01,,WRITE:0-0
41b6f5-41b6fa,1,1,e912000000,,WRITE:0-0
41b70c-41b70e,1,1,eb01,,WRITE:0-0
41b70f-41b719,2,3,668bf7ba02b84100eb01,,WRITE:0-0
41b71a-41b71f,1,1,e906000000,,WRITE:0-0
41b725-41b736,2,3,812dbdba410067bc372fbf4921c4af7a03,m,WRITE:41babd-0
41b739-41b745,2,3,81c72d2af2ce50e801000000,,WRITE:0-0
41b746-41b74f,2,3,83c40458e902000000,,WRITE:0-0
41b751-41b767,2,4,b9309fd95a81f58e5e837b81e9634cd95ae801000000,,WRITE:0-0
41b768-41b770,2,2,83c404e907000000,,WRITE:0-0
41b777-41b77b,21198,2,8b027c03,,WRITE:0-0
41b77b-41b77d,21197,1,7d01,,WRITE:0-0
41b77e-41b78c,21198,4,f981ed13187e6803c7e801000000,,WRITE:0-0
41b78d-41b792,21198,2,83042406c3,,WRITE:0-0
41b792-41b79e,21198,4,87ee6681c6f42fc1c003eb01,,WRITE:0-0
41b79f-41b7a5,21197,1,0f8006000000,,WRITE:0-0
41b7a5-41b7b5,21198,4,81f3c9e33f618bde2b4204e801000000,,WRITE:0-0
41b7b6-41b7bb,21198,2,83042406c3,,WRITE:0-0
41b7bb-41b7c2,21198,3,66d3d389027e03,m,WRITE:41b802-430332
41b7c2-41b7c4,21197,1,7f01,,WRITE:0-0
41b7c5-41b7d6,21198,5,4d66c1ee2381c7ff891e2c50e801000000,,WRITE:0-0
41b7d7-41b7e9,21198,6,83c4045885de4581c204000000e801000000,,WRITE:0-0
41b7ea-41b7f8,21198,4,83c40485eb83c1ff0f857fffffff,,WRITE:0-0
41b7f8-41b7fa,1,1,eb01,,WRITE:0-0
41b7fb-41b800,1,1,e902000000,,WRITE:0-0
41b802-41b807,1,1,e9bb4a0100,,WRITE:0-0
42a8ce-42a8eb,2,11,520f31c1d00205b49e3af113c433c13185d5084100034424f8d1d05ac3,,WRITE:0-0
42b100-42b105,19,1,e800000000,,WRITE:0-0
42b105-42b10d,20,3,5d81ed05114100c3,,WRITE:0-0
42b12a-42b145,29,12,53505203c55053508b851c8541000fb60083e8333d990000007410,,WRITE:0-0
42b145-42b150,29,6,9090909058ff951c854100,,WRITE:0-0
42b150-42b152,28,1,eb17,,WRITE:0-0
42b169-42b171,29,5,5a89441500585bc3,,WRITE:0-0
42d0db-42d0e6,2,6,60fc66bd49f9458bd7eb01,,WRITE:0-0
42d0e7-42d0ec,2,2,c1fb02eb01,,WRITE:0-0
42d0ed-42d0f2,2,2,66d3cb7403,,WRITE:0-0
42d0f2-42d0f4,1,1,7501,,WRITE:0-0
42d0f5-42d0f8,2,2,43eb01,,WRITE:0-0
42d0f9-42d100,2,3,4250e801000000,,WRITE:0-0
42d101-42d10e,2,4,83c4045866bd9dede801000000,,WRITE:0-0
42d10f-42d11a,2,3,83c40481d5a82869e07803,,WRITE:0-0
42d11d-42d123,2,2,66c1ed777203,,WRITE:0-0
42d123-42d125,1,1,7301,,WRITE:0-0
42d126-42d12c,1,1,0f8c01000000,,WRITE:0-0
42d12c-42d132,2,2,4ae801000000,,WRITE:0-0
42d133-42d13f,2,4,83c404668bd850e801000000,,WRITE:0-0
42d140-42d14c,2,5,83c4045823eb50e801000000,,WRITE:0-0
42d14d-42d15c,2,4,83c4045881da9d218e0de801000000,,WRITE:0-0
42d15d-42d166,2,3,83c40443e801000000,,WRITE:0-0
42d167-42d172,2,3,83c4046623d6e801000000,,WRITE:0-0
42d173-42d17d,2,3,83c40485d5e800000000,,WRITE:0-0
42d17d-42d185,2,4,5d8bc53b451e7c06,,WRITE:0-0
42d185-42d190,2,3,03451e89451ee801000000,,WRITE:0-0
42d191-42d196,2,2,83042406c3,,WRITE:0-0
42d196-42d198,1,1,7602,,WRITE:0-0
42d198-42d1a5,2,5,87d36886d24200c1ed11597403,,WRITE:0-0
42d1a5-42d1a7,1,1,7501,,WRITE:0-0
42d1a8-42d1ad,1,1,e907000000,,WRITE:0-0
42d1b4-42d1c0,2,4,684966909366bb8c495f7e03,,WRITE:0-0
42d1c0-42d1c2,1,1,7f01,,WRITE:0-0
42d1c3-42d1c5,1,1,7a01,,WRITE:0-0
42d1c6-42d1d8,2,4,b80675838387dd81f029758383e801000000,,WRITE:0-0
42d1d9-42d1de,2,2,83042406c3,,WRITE:0-0
42d1de-42d1f3,2,4,66bd159d813515b94100a81679a78b31e801000000,m,WRITE:41b915-0
42d1ec-42d1f3,47,2,8b31e801000000,,WRITE:0-0
42d1f4-42d1f9,48,2,83042406c3,,WRITE:0-0
42d1f9-42d201,48,3,4533f7e801000000,,WRITE:0-0
42d202-42d207,48,2,83042406c3,,WRITE:0-0
42d207-42d20c,47,1,e907000000,,WRITE:0-0
42d213-42d21b,48,2,c1ce13e801000000,,WRITE:0-0
42d21c-42d224,48,2,83c404e903000000,,WRITE:0-0
42d227-42d234,48,4,83c1042b3183e904e801000000,,WRITE:0-0
42d235-42d241,48,5,83c4044d893150e801000000,m,WRITE:42d286-42d33e
42d242-42d255,48,5,83c4045866c1e34e81f7ff42882fe801000000,,WRITE:0-0
42d256-42d265,48,4,83c4044a81c104000000e801000000,,WRITE:0-0
42d266-42d270,48,3,83c4044d0f8a01000000,,WRITE:0-0
42d270-42d278,24,3,4d480f8574ffffff,,WRITE:0-0
42d271-42d278,25,2,480f8574ffffff,,WRITE:0-0
42d278-42d27a,1,1,7203,,WRITE:0-0
42d27a-42d27c,1,1,7301,,WRITE:0-0
42d27d-42d282,1,1,e904000000,,WRITE:0-0
42d286-42d28b,1,1,e875deffff,,WRITE:0-0
42d28b-42d29f,2,5,68200300008dbd11184000576a00ff9573fd4000,,WRITE:0-0
42d29f-42d2b8,2,8,6a0068800000006a036a006a01680000008057ff952bfd4000,,WRITE:0-0
42d2b8-42d2bf,2,2,400f8487000000,,WRITE:0-0
42d2bf-42d2cb,2,5,488bf86a0057ff9577fd4000,,WRITE:0-0
42d2cb-42d2db,2,5,2b856b81410096566a40ff95fffc4000,,WRITE:0-0
42d2db-42d2df,2,2,85c0745e,,WRITE:0-0
42d2df-42d2f6,2,12,90909090936a008d851118400050565357ff954ffd4000,,WRITE:0-0
42d2f6-42d300,2,4,8bc38bce60e884000000,,WRITE:0-0
42d300-42d308,2,2,39856f8141007424,,WRITE:0-0
42d32c-42d335,2,4,618d853533410050c3,,WRITE:0-0
42d335-42d33c,2,2,53ff9503fd4000,,WRITE:0-0
42d33c-42d345,2,4,965057ff9527fd4000,,WRITE:0-0
42d345-42d34c,2,3,5860e800000000,,WRITE:0-0
42d34c-42d367,2,9,5e83ee06b9c000000029ceba49669093c1e90283e90283f9007c1a,,WRITE:0-0
42d362-42d367,48,2,83f9007c1a,,WRITE:0-0
42d367-42d381,48,9,8b048e8b5c8e0403c3c1c01333c281f2ff42882f89048e49ebe1,m,WRITE:42d33e-42d286
42d381-42d384,2,3,6161c3,,WRITE:0-0
42d384-42d396,2,10,8bf833c033db33d28a07f7e203d84247e2f6,,WRITE:0-0
42d38c-42d396,164701,6,8a07f7e203d84247e2f6,,WRITE:0-0
42d396-42d398,2,2,93c3,,WRITE:0-0
42d398-42d39d,2,3,6087daeb01,,WRITE:0-0
42d39e-42d3a9,2,2,81f006c598d4e801000000,,WRITE:0-0
42d3aa-42d3af,2,2,83042406c3,,WRITE:0-0
42d3af-42d3b2,2,2,fceb01,,WRITE:0-0
42d3b3-42d3ba,2,2,d3d8e801000000,,WRITE:0-0
42d3bb-42d3c5,2,3,83c40487d3e801000000,,WRITE:0-0
42d3c6-42d3cb,2,2,83042406c3,,WRITE:0-0
42d3cb-42d3d2,2,2,8bd6e801000000,,WRITE:0-0
42d3d3-42d3de,2,3,83c4046623d8e801000000,,WRITE:0-0
42d3df-42d3ed,2,4,83c404bb15b1cb2850e801000000,,WRITE:0-0
42d3ee-42d3f5,2,4,83c40458fc7603,,WRITE:0-0
42d3f5-42d3f7,1,1,7701,,WRITE:0-0
42d3f8-42d3fa,1,1,7801,,WRITE:0-0
42d3fa-42d401,2,3,f950e801000000,,WRITE:0-0
42d402-42d40b,2,4,83c40458662bd37403,,WRITE:0-0
42d40b-42d40d,1,1,7501,,WRITE:0-0
42d40e-42d410,1,1,7201,,WRITE:0-0
42d411-42d416,1,1,e801000000,,WRITE:0-0
42d417-42d423,2,3,83c40466bb990ae800000000,,WRITE:0-0
42d423-42d42b,2,4,5d8bc53b45217c06,,WRITE:0-0
42d42b-42d436,2,3,034521894521e801000000,,WRITE:0-0
42d437-42d43d,2,3,83c4044a7406,,WRITE:0-0
42d43d-42d44d,2,3,81f0b972a5b8bf43d54200e801000000,,WRITE:0-0
42d44e-42d453,2,2,83042406c3,,WRITE:0-0
42d453-42d465,2,7,f9f968833c5fdc66ba8d535950e801000000,,WRITE:0-0
42d466-42d46f,2,3,83c40458e90d000000,,WRITE:0-0
42d47c-42d487,2,2,bea8727a640f8b06000000,,WRITE:0-0
42d48d-42d498,2,2,81ee8c727a64e801000000,,WRITE:0-0
42d499-42d4a1,2,2,83c404e903000000,,WRITE:0-0
42d4a4-42d4ab,29,2,8b2fe801000000,,WRITE:0-0
42d4ac-42d4b1,29,2,83c4047501,,WRITE:0-0
42d4b2-42d4ba,29,3,4b2be9e801000000,,WRITE:0-0
42d4bb-42d4c6,29,3,83c40485c30f8c02000000,,WRITE:0-0
42d4c6-42d4d0,29,3,23dec1cd14e801000000,,WRITE:0-0
42d4d1-42d4dc,29,4,83c40466d3e0036f047203,,WRITE:0-0
42d4dc-42d4de,16,1,7301,,WRITE:0-0
42d4df-42d4ea,29,4,f8662bc7892fe801000000,m,WRITE:42d543-42d5af
42d4eb-42d500,29,5,83c40487c36681da34a681f126d29256e801000000,,WRITE:0-0
42d501-42d506,29,2,83042406c3,,WRITE:0-0
42d506-42d516,29,5,33de87da81effcffffff50e801000000,,WRITE:0-0
42d517-42d523,29,5,83c40458fc4e0f8581ffffff,,WRITE:0-0
42d523-42d529,2,2,50e801000000,,WRITE:0-0
42d52a-42d533,2,3,83c40458e906000000,,WRITE:0-0
42d539-42d548,2,2,810581b841007c3b6d99e8b8dbffff,m,WRITE:41b881-0
42d548-42d55b,2,6,c68598334100c38db54ef8400056ad0bc07449,,WRITE:0-0
42d555-42d55b,3,4,56ad0bc07449,,WRITE:0-0
42d55b-42d56c,3,11,9090909050ad9151516a40ff95fffc4000,,WRITE:0-0
42d56c-42d592,3,41045,89854af840005958038546f840008bf0508bbd4af84000f3a45850ffb54af84000e82c4c0000,a,WRITE:7909d8-78bd81
42d592-42d59e,3,2,ffb54af84000ff9503fd4000,,WRITE:0-0
42d59e-42d5a4,3,3,5e83c608ebb1,,WRITE:0-0
42d5a4-42d5b2,2,4,5e68307500006a40ff95fffc4000,,WRITE:0-0
42d5b2-42d5be,2,3,89854af8400060e800000000,,WRITE:0-0
42d5be-42d5d9,2,9,5e83ee06b97500000029cebaa5eecd8ac1e90283e90283f9007c1a,,WRITE:0-0
42d5d4-42d5d9,29,2,83f9007c1a,,WRITE:0-0
42d5d9-42d5f3,29,9,8b048e8b5c8e042bc3c1c01403c281f226d2925689048e49ebe1,m,WRITE:42d5af-42d543
42d5f3-42d5fa,2,3,6161e8f7240000,,WRITE:0-0
42d5fb-42d600,1,1,e800dbffff,,WRITE:0-0
42d600-42d61d,2,9,8d8583fb40008bd850508b85208541000fb60083e8333d990000007410,,WRITE:0-0
42d61d-42d628,2,6,9090909058ff9520854100,,WRITE:0-0
42d628-42d62a,1,1,eb17,,WRITE:0-0
42d641-42d645,2,2,0bc0753d,,WRITE:0-0
42d682-42d699,2,5,8bd8898512204000b890fb4000bafffc4000e891daffff,,WRITE:0-0
42d699-42d6a8,2,3,b89cfb4000ba03fd4000e882daffff,,WRITE:0-0
42d6a8-42d6b7,2,3,b8a7fb4000ba17fd4000e873daffff,,WRITE:0-0
42d6b7-42d6c6,2,3,b8bbfb4000ba1bfd4000e864daffff,,WRITE:0-0
42d6c6-42d6d5,2,3,b8d4fb4000ba1ffd4000e855daffff,,WRITE:0-0
42d6d5-42d6e4,2,3,b8e3fb4000ba23fd4000e846daffff,,WRITE:0-0
42d6e4-42d6f3,2,3,b8f1fb4000ba27fd4000e837daffff,,WRITE:0-0
42d6f3-42d702,2,3,b8fdfb4000ba2bfd4000e828daffff,,WRITE:0-0
42d702-42d711,2,3,b809fc4000ba2ffd4000e819daffff,,WRITE:0-0
42d711-42d720,2,3,b81afc4000ba47fd4000e80adaffff,,WRITE:0-0
42d720-42d72f,2,3,b82cfc4000ba4bfd4000e8fbd9ffff,,WRITE:0-0
42d72f-42d73e,2,3,b838fc4000ba4ffd4000e8ecd9ffff,,WRITE:0-0
42d73e-42d74d,2,3,b841fc4000ba53fd4000e8ddd9ffff,,WRITE:0-0
42d74d-42d75c,2,3,b84bfc4000ba57fd4000e8ced9ffff,,WRITE:0-0
42d75c-42d76b,2,3,b857fc4000ba5bfd4000e8bfd9ffff,,WRITE:0-0
42d76b-42d77a,2,3,b864fc4000ba5ffd4000e8b0d9ffff,,WRITE:0-0
42d77a-42d789,2,3,b87dfc4000ba67fd4000e8a1d9ffff,,WRITE:0-0
42d789-42d798,2,3,b88efc4000ba6bfd4000e892d9ffff,,WRITE:0-0
42d798-42d7a7,2,3,b89ffc4000ba6ffd4000e883d9ffff,,WRITE:0-0
42d7a7-42d7b6,2,3,b8a7fd4000baa3fd4000e874d9ffff,,WRITE:0-0
42d7b6-42d7c5,2,3,b8d7fd4000ba73fd4000e865d9ffff,,WRITE:0-0
42d7c5-42d7d4,2,3,b8eafd4000ba77fd4000e856d9ffff,,WRITE:0-0
42d7d4-42d7f1,2,9,8d85b0fc40008bd850508b85208541000fb60083e8333d990000007410,,WRITE:0-0
42d7f1-42d7fc,2,6,9090909058ff9520854100,,WRITE:0-0
42d7fc-42d7fe,1,1,eb17,,WRITE:0-0
42d815-42d819,2,2,0bc0753d,,WRITE:0-0
42d856-42d86d,2,5,8bd8898516204000b8bbfc4000ba07fd4000e8bdd8ffff,,WRITE:0-0
42d86d-42d87c,2,3,b8c7fc4000ba0bfd4000e8aed8ffff,,WRITE:0-0
42d87c-42d88b,2,3,b8d6fc4000ba0ffd4000e89fd8ffff,,WRITE:0-0
42d88b-42d89a,2,3,b8e4fc4000ba13fd4000e890d8ffff,,WRITE:0-0
42d89a-42d8a9,2,3,b8bafd4000bab6fd4000e881d8ffff,,WRITE:0-0
42d8a9-42d8b8,2,3,b8c8fd4000bac4fd4000e872d8ffff,,WRITE:0-0
42d8b8-42d8cb,2,371,8dbd83fb40008d8df1fc40002bcf33c0f3aac3,m,WRITE:429b83-429cf0
42dd39-42dd44,827,5,60f966d3da50e801000000,,WRITE:0-0
42dd45-42dd50,2,4,83c40458d3e3e801000000,,WRITE:0-0
42dd51-42dd56,2,2,83042406c3,,WRITE:0-0
42dd56-42dd5f,2,3,66d3fb50e801000000,,WRITE:0-0
42dd60-42dd67,2,4,83c40458467803,,WRITE:0-0
42dd67-42dd69,1,1,7901,,WRITE:0-0
42dd6a-42dd70,1,1,0f8b02000000,,WRITE:0-0
42dd72-42dd78,2,2,50e801000000,,WRITE:0-0
42dd79-42dd7f,2,3,83c404587c05,,WRITE:0-0
42dd7f-42dd89,2,2,6681ee6caee801000000,,WRITE:0-0
42dd8a-42dd93,2,3,83c404f8e801000000,,WRITE:0-0
42dd94-42dd99,2,2,83042406c3,,WRITE:0-0
42dd99-42dd9c,2,2,4eeb01,,WRITE:0-0
42dd9d-42dda5,2,2,81c21a7ec31a7603,,WRITE:0-0
42dda8-42ddb3,2,3,6681ca76d050e801000000,,WRITE:0-0
42ddb4-42ddc3,2,5,83c404586681cbd7ec50e801000000,,WRITE:0-0
42ddc4-42ddd1,2,5,83c40458668bdd50e801000000,,WRITE:0-0
42ddd2-42ddd9,2,4,83c404584eeb01,,WRITE:0-0
42ddda-42dddf,2,2,c1d3a17a03,,WRITE:0-0
42dddf-42dde1,1,1,7b01,,WRITE:0-0
42dde2-42dde9,2,2,85dae800000000,,WRITE:0-0
42dde9-42ddf1,2,4,5d8bc53b45207c06,,WRITE:0-0
42ddf1-42ddfd,2,4,03452089452050e801000000,,WRITE:0-0
42ddfe-42de0f,2,5,83c4045881c6eaebd6b668e4de42007b02,,WRITE:0-0
42de11-42de14,2,2,58eb01,,WRITE:0-0
42de15-42de20,2,3,f9b9ee372161e801000000,,WRITE:0-0
42de21-42de29,2,2,83c404e911000000,,WRITE:0-0
42de3a-42de41,2,2,bfcf1d47e67c03,,WRITE:0-0
42de41-42de50,2,4,6623df81f74c1d47e650e801000000,,WRITE:0-0
42de51-42de5b,2,3,83c404580f8502000000,,WRITE:0-0
42de5d-42de61,132,2,8b28eb01,,WRITE:0-0
42de62-42de67,132,3,4333e97403,,WRITE:0-0
42de67-42de69,131,1,7501,,WRITE:0-0
42de6a-42de6c,131,1,7702,,WRITE:0-0
42de6e-42de74,132,3,42c1c5017e03,,WRITE:0-0
42de74-42de76,76,1,7f01,,WRITE:0-0
42de77-42de7c,131,1,e902000000,,WRITE:0-0
42de7e-42de87,132,3,2b680450e801000000,,WRITE:0-0
42de88-42de8e,132,3,83c404587102,,WRITE:0-0
42de90-42de97,132,2,8928e801000000,m,WRITE:42dee4-42e0ec
42de98-42deac,132,5,83c404bbad13912a4e81c1f89b2949e801000000,,WRITE:0-0
42dead-42deb2,132,2,83042406c3,,WRITE:0-0
42deb2-42dec1,132,4,6603da81e8fcffffff50e801000000,,WRITE:0-0
42dec2-42decb,132,3,83c40458e903000000,,WRITE:0-0
42dece-42ded7,132,2,83c7ff0f8586ffffff,,WRITE:0-0
42ded7-42ded9,1,1,eb01,,WRITE:0-0
42deda-42dee0,1,1,0f8502000000,,WRITE:0-0
42dee0-42dee9,2,3,87d687dae817d2ffff,,WRITE:0-0
42dee9-42def2,2,2,80bda5524100c37409,,WRITE:0-0
42defb-42df11,2,3,66c7852cf54000000083bd4f814100000f84e5010000,,WRITE:0-0
42e0f6-42e0fc,2,2,60e800000000,,WRITE:0-0
42e0fc-42e117,2,9,5e83ee06b91202000029cebade6b4288c1e90283e90283f9007c1a,,WRITE:0-0
42e112-42e117,132,2,83f9007c1a,,WRITE:0-0
42e117-42e131,132,9,8b048e8b5c8e0403c3c1c80133c281eaf89b294989048e49ebe1,m,WRITE:42e0ec-42dee4
42e131-42e13c,2,8,614af966d3da4bf9fceb01,,WRITE:0-0
42e13d-42e144,2,2,bf1ebc5a457e03,,WRITE:0-0
42e147-42e14d,1,1,0f8701000000,,WRITE:0-0
42e14d-42e150,2,2,f87803,,WRITE:0-0
42e153-42e159,2,2,42e801000000,,WRITE:0-0
42e15a-42e15f,2,2,83042406c3,,WRITE:0-0
42e15f-42e165,2,2,f9e801000000,,WRITE:0-0
42e166-42e16f,2,3,83c40466bb46457203,,WRITE:0-0
42e16f-42e171,1,1,7301,,WRITE:0-0
42e172-42e179,2,3,f850e801000000,,WRITE:0-0
42e17a-42e184,2,4,83c40458fce801000000,,WRITE:0-0
42e185-42e18a,2,2,83042406c3,,WRITE:0-0
42e18a-42e191,2,2,6681cfc56a7a03,,WRITE:0-0
42e191-42e193,1,1,7b01,,WRITE:0-0
42e194-42e19a,2,2,47e801000000,,WRITE:0-0
42e19b-42e1a1,2,3,83c4044aeb01,,WRITE:0-0
42e1a2-42e1a7,2,2,c1eff3eb01,,WRITE:0-0
42e1a8-42e1b0,2,2,c1c7b1e801000000,,WRITE:0-0
42e1b1-42e1b6,2,2,83042406c3,,WRITE:0-0
42e1b6-42e1bc,1,1,0f8404000000,,WRITE:0-0
42e1bc-42e1c6,2,3,66c1c21550e801000000,,WRITE:0-0
42e1c7-42e1d1,2,3,83c404580f8902000000,,WRITE:0-0
42e1d3-42e1d9,2,2,50e801000000,,WRITE:0-0
42e1da-42e1e1,2,4,83c4045842eb01,,WRITE:0-0
42e1e2-42e1ea,2,2,66d3dbe800000000,,WRITE:0-0
42e1ea-42e1f2,2,4,5d8bc53b451c7c06,,WRITE:0-0
42e1f2-42e1fa,2,3,03451c89451ceb01,,WRITE:0-0
42e1fb-42e200,1,1,e905000000,,WRITE:0-0
42e205-42e20c,2,2,b9dce242007603,,WRITE:0-0
42e20c-42e20e,1,1,7701,,WRITE:0-0
42e20f-42e21d,2,5,4a68a11c851fd3d75de801000000,,WRITE:0-0
42e21e-42e239,2,7,83c404bb0d51c3fe811509b941008f7aa1ed6880000000f85e7403,m,WRITE:41b909-0
42e239-42e23b,1,1,7501,,WRITE:0-0
42e23c-42e241,1,1,e913000000,,WRITE:0-0
42e254-42e258,129,2,8b017c03,,WRITE:0-0
42e258-42e25a,127,1,7d01,,WRITE:0-0
42e25b-42e260,129,3,4b2bc5eb01,,WRITE:0-0
42e261-42e26b,129,3,ba137f9ac2c1c00a7c03,,WRITE:0-0
42e26b-42e26d,63,1,7d01,,WRITE:0-0
42e26e-42e270,128,1,7b04,,WRITE:0-0
42e270-42e27d,66,4,66c1e33903410450e801000000,,WRITE:0-0
42e274-42e27d,64,3,03410450e801000000,,WRITE:0-0
42e27e-42e28b,129,5,83c40458d3fa8901e801000000,m,WRITE:42e2dc-42e4d8
42e28c-42e291,129,2,83042406c3,,WRITE:0-0
42e291-42e29f,129,4,87d381ed158869fa50e801000000,,WRITE:0-0
42e2a0-42e2a9,129,3,83c40458e903000000,,WRITE:0-0
42e2ac-42e2b8,129,3,81e9fcffffff50e801000000,,WRITE:0-0
42e2b9-42e2c2,129,3,83c40458e903000000,,WRITE:0-0
42e2c5-42e2cc,129,2,4e0f8588ffffff,,WRITE:0-0
42e2cc-42e2ce,1,1,eb01,,WRITE:0-0
42e2cf-42e2e1,2,3,66d3fa811589ba410092c34320e81fceffff,m,WRITE:41ba89-0
42e2e1-42e2f0,2,2,6681bd2cf5400000ff0f84ac000000,,WRITE:0-0
42e2f0-42e2fb,2,2,6681bd2cf5400001ff7439,,WRITE:0-0
42e2fb-42e30a,2,6,909090906681bd2cf5400002ff7453,,WRITE:0-0
42e30a-42e313,2,5,90909090e989000000,,WRITE:0-0
42e39c-42e3a9,2,2,80bd0d444100000f841b010000,,WRITE:0-0
42e4c4-42e4cd,2,2,80bd6cf7400001740c,,WRITE:0-0
42e4cd-42e4e6,2,15,909090909090909090909090c685393d4100c360e800000000,,WRITE:0-0
42e4e6-42e501,2,9,5e83ee06b90402000029ceba369a2ae5c1e90283e90283f9007c1a,,WRITE:0-0
42e4fc-42e501,129,2,83f9007c1a,,WRITE:0-0
42e501-42e51b,129,9,8b048e8b5c8e042bc3c1c80a03c281c2158869fa89048e49ebe1,m,WRITE:42e4d8-42e2dc
42e51b-42e522,2,3,6161e84c050000,,WRITE:0-0
42ea6e-42ea71,2,2,60eb04,,WRITE:0-0
42ea75-42ea79,2,2,85c3eb01,,WRITE:0-0
42ea7a-42ea80,2,2,66b9fe6b7c03,,WRITE:0-0
42ea80-42ea82,1,1,7d01,,WRITE:0-0
42ea83-42ea8b,2,3,87d850e801000000,,WRITE:0-0
42ea8c-42ea97,2,5,83c40458fc50e801000000,,WRITE:0-0
42ea98-42eaa2,2,3,83c404580f8701000000,,WRITE:0-0
42eaa3-42eaa5,1,1,7e03,,WRITE:0-0
42eaa5-42eaa7,1,1,7f01,,WRITE:0-0
42eaa8-42eaae,2,2,fce801000000,,WRITE:0-0
42eaaf-42eab9,2,3,83c40485d8e801000000,,WRITE:0-0
42eaba-42eabf,2,2,83c4047b03,,WRITE:0-0
42eac2-42eac4,1,1,eb01,,WRITE:0-0
42eac5-42eac8,2,2,f8eb01,,WRITE:0-0
42eac9-42ead2,2,3,6613da50e801000000,,WRITE:0-0
42ead3-42ead9,2,3,83c404587902,,WRITE:0-0
42eadb-42eadd,1,1,7a03,,WRITE:0-0
42eae0-42eae6,1,1,0f8502000000,,WRITE:0-0
42eae8-42eaee,2,2,50e801000000,,WRITE:0-0
42eaef-42eaf9,2,3,83c404580f8806000000,,WRITE:0-0
42eaf9-42eb01,2,2,81d16933467feb01,,WRITE:0-0
42eb02-42eb09,2,2,87d9e801000000,,WRITE:0-0
42eb0a-42eb0f,2,2,83042406c3,,WRITE:0-0
42eb0f-42eb17,2,2,661bd8e800000000,,WRITE:0-0
42eb17-42eb1f,2,4,5d8bc53b45167c06,,WRITE:0-0
42eb1f-42eb27,2,3,0345168945167c03,,WRITE:0-0
42eb27-42eb29,1,1,7d01,,WRITE:0-0
42eb2a-42eb3d,2,5,85c1681fec420081c18b0830335ee801000000,,WRITE:0-0
42eb3e-42eb43,2,2,83042406c3,,WRITE:0-0
42eb43-42eb48,1,1,e902000000,,WRITE:0-0
42eb4a-42eb55,2,2,6801fb36e10f8b03000000,,WRITE:0-0
42eb58-42eb5b,2,2,5f7a03,,WRITE:0-0
42eb5b-42eb5d,1,1,7b01,,WRITE:0-0
42eb5e-42eb68,2,3,6613debdec0000007803,,WRITE:0-0
42eb6b-42eb6d,1,1,7402,,WRITE:0-0
42eb6d-42eb81,2,5,d3c18105a9b941001d858c108b1650e801000000,m,WRITE:41b9a9-0
42eb79-42eb81,236,3,8b1650e801000000,,WRITE:0-0
42eb82-42eb8b,237,3,83c40458e908000000,,WRITE:0-0
42eb93-42eb9e,237,4,548f0515ba410003d77603,m,WRITE:41ba15-41ba15
42eb9e-42eba0,112,1,7701,,WRITE:0-0
42eba1-42eba9,237,3,c1f808c1c2137203,,WRITE:0-0
42eba9-42ebab,126,1,7301,,WRITE:0-0
42ebac-42ebbc,237,7,fcfc83c604031683ee0450e801000000,,WRITE:0-0
42ebbd-42ebc8,237,4,83c40458f80f8101000000,,WRITE:0-0
42ebc9-42ebd0,237,2,8916e801000000,m,WRITE:42ec1f-42efcb
42ebd1-42ebd6,237,2,83042406c3,,WRITE:0-0
42ebd6-42ebdb,236,1,e905000000,,WRITE:0-0
42ebe0-42ebe8,237,2,81efdf2204827803,,WRITE:0-0
42ebe8-42ebea,118,1,7901,,WRITE:0-0
42ebeb-42ebf0,236,1,e901000000,,WRITE:0-0
42ebf1-42ebf9,237,2,83c604e801000000,,WRITE:0-0
42ebfa-42ebff,237,2,83042406c3,,WRITE:0-0
42ebff-42ec04,236,1,e901000000,,WRITE:0-0
42ec05-42ec0e,237,2,83ed010f856bffffff,,WRITE:0-0
42ec0e-42ec14,2,2,50e801000000,,WRITE:0-0
42ec15-42ec1e,2,3,83c40458e901000000,,WRITE:0-0
42ec1f-42ec24,1,1,e8dcc4ffff,,WRITE:0-0
42ec24-42ec46,2,5,c6856e4a4100c3c6856df7400000c685744a41000080bd6cf74000010f848d030000,,WRITE:0-0
42ec46-42ec54,2,3,8a85634c41000ac00f847f030000,,WRITE:0-0
42efd3-42efd9,2,2,60e800000000,,WRITE:0-0
42efd9-42eff4,2,9,5e83ee06b9b403000029ceba4cf86a87c1e90283e90283f9007c1a,,WRITE:0-0
42efef-42eff4,237,2,83f9007c1a,,WRITE:0-0
42eff4-42f00e,237,9,8b048e8b5c8e042bc3c1c8132bc281c2df22048289048e49ebe1,m,WRITE:42efcb-42ec1f
42f00e-42f01d,2,8,6147474966c1cf5566c1d9b7417803,,WRITE:0-0
42f020-42f022,1,1,7704,,WRITE:0-0
42f026-42f028,1,1,7803,,WRITE:0-0
42f02b-42f02f,2,2,87fdeb01,,WRITE:0-0
42f030-42f037,2,2,d3cfe801000000,,WRITE:0-0
42f038-42f03d,2,2,83042406c3,,WRITE:0-0
42f03d-42f03f,1,1,7802,,WRITE:0-0
42f03f-42f046,2,2,87e9e801000000,,WRITE:0-0
42f047-42f052,2,4,83c40413fb50e801000000,,WRITE:0-0
42f053-42f05d,2,3,83c404580f8101000000,,WRITE:0-0
42f05e-42f063,1,1,e801000000,,WRITE:0-0
42f064-42f06b,2,3,83c40485efeb01,,WRITE:0-0
42f06c-42f073,2,2,87fde801000000,,WRITE:0-0
42f074-42f079,2,2,83042406c3,,WRITE:0-0
42f079-42f07f,2,2,66b9d4527803,,WRITE:0-0
42f07f-42f081,1,1,7901,,WRITE:0-0
42f082-42f086,2,2,d3c77c03,,WRITE:0-0
42f086-42f088,1,1,7d01,,WRITE:0-0
42f089-42f08f,2,2,f9e800000000,,WRITE:0-0
42f08f-42f097,2,4,5d8bc53b45227c06,,WRITE:0-0
42f097-42f0a3,2,4,03452289452250e801000000,,WRITE:0-0
42f0a4-42f0bb,2,7,83c404586681dd4f9a6613e8beb9f1420050e801000000,,WRITE:0-0
42f0bc-42f0c5,2,3,83c40458e902000000,,WRITE:0-0
42f0c7-42f0d9,2,4,ba8045f4fdbd8ad07c2981c2fe4eb0aceb01,,WRITE:0-0
42f0da-42f0ef,2,6,4585cfb86cda2e0185f981f045da2e01e801000000,,WRITE:0-0
42f0f0-42f0fc,2,4,83c40487e98b1ee801000000,,WRITE:0-0
42f0f5-42f0fc,41,2,8b1ee801000000,,WRITE:0-0
42f0fd-42f102,42,2,83042406c3,,WRITE:0-0
42f102-42f107,42,3,4103da7e03,,WRITE:0-0
42f107-42f109,15,1,7f01,,WRITE:0-0
42f10a-42f10f,41,1,e905000000,,WRITE:0-0
42f114-42f11d,42,3,c1cb1e50e801000000,,WRITE:0-0
42f11e-42f127,42,3,83c40458e901000000,,WRITE:0-0
42f128-42f13c,42,5,8125e9ba41009332421083c604331e83ee04eb01,m,WRITE:41bae9-41bae9
42f13d-42f142,41,1,e907000000,,WRITE:0-0
42f149-42f150,42,2,891ee801000000,m,WRITE:42f1b9-42f259
42f151-42f156,42,2,83042406c3,,WRITE:0-0
42f156-42f162,42,4,87e987ef81f2d386045feb01,,WRITE:0-0
42f163-42f168,41,1,e906000000,,WRITE:0-0
42f16e-42f183,42,3,811dadba4100709a35e981eefcffffffe801000000,m,WRITE:41baad-41baad
42f184-42f189,42,2,83042406c3,,WRITE:0-0
42f189-42f18e,41,1,e908000000,,WRITE:0-0
42f196-42f19f,42,2,83e8010f8556ffffff,,WRITE:0-0
42f19f-42f1a5,2,2,50e801000000,,WRITE:0-0
42f1a6-42f1ac,2,3,83c404587602,,WRITE:0-0
42f1ac-42f1be,2,4,87e96823e731148f050db94100e842bfffff,m,WRITE:41b90d-0
42f1be-42f1cb,2,2,80bd744a4100000f8497000000,,WRITE:0-0
42f262-42f268,2,2,60e800000000,,WRITE:0-0
42f268-42f283,2,9,5e83ee06b9a900000029ceba7e94a4aac1e90283e90283f9007c1a,,WRITE:0-0
42f27e-42f283,42,2,83f9007c1a,,WRITE:0-0
42f283-42f29d,42,9,8b048e8b5c8e0433c3c1c01e2bc281f2d386045f89048e49ebe1,m,WRITE:42f259-42f1b9
42f29d-42f2a0,2,3,6161c3,,WRITE:0-0
42f2a5-42f2ad,390,4,60f847e801000000,,WRITE:0-0
42f2ae-42f2b3,2,2,83042406c3,,WRITE:0-0
42f2b3-42f2b7,2,2,87f3eb01,,WRITE:0-0
42f2b8-42f2be,2,2,fce801000000,,WRITE:0-0
42f2bf-42f2c4,2,2,83042406c3,,WRITE:0-0
42f2c4-42f2ca,2,2,f8e801000000,,WRITE:0-0
42f2cb-42f2d0,2,2,83042406c3,,WRITE:0-0
42f2d0-42f2d5,2,2,661bdd7603,,WRITE:0-0
42f2d8-42f2de,1,1,0f8403000000,,WRITE:0-0
42f2de-42f2e3,2,2,662bf7eb01,,WRITE:0-0
42f2e4-42f2ea,2,2,66c1e637eb01,,WRITE:0-0
42f2eb-42f2ed,1,1,7401,,WRITE:0-0
42f2ee-42f2f0,1,1,eb01,,WRITE:0-0
42f2f1-42f2fa,2,3,6603fd50e801000000,,WRITE:0-0
42f2fb-42f302,2,4,83c40458437203,,WRITE:0-0
42f302-42f304,1,1,7301,,WRITE:0-0
42f305-42f30a,2,2,6623f7eb01,,WRITE:0-0
42f30b-42f312,2,3,4750e801000000,,WRITE:0-0
42f313-42f31f,2,5,83c40458d3d650e801000000,,WRITE:0-0
42f320-42f326,2,3,83c404587003,,WRITE:0-0
42f326-42f32b,2,2,668bf87c03,,WRITE:0-0
42f32b-42f32d,1,1,7d01,,WRITE:0-0
42f32e-42f335,2,2,8bdde801000000,,WRITE:0-0
42f336-42f33f,2,3,83c404f9e800000000,,WRITE:0-0
42f33f-42f347,2,4,5d8bc53b45237c06,,WRITE:0-0
42f347-42f352,2,3,034523894523e801000000,,WRITE:0-0
42f353-42f35b,2,2,83c404e906000000,,WRITE:0-0
42f361-42f36c,2,4,6850f44200668bde58eb01,,WRITE:0-0
42f36d-42f372,1,1,e906000000,,WRITE:0-0
42f378-42f394,2,5,812d29b941001be780f8b9cd9ae761d3d781f1c175c7cee801000000,m,WRITE:41b929-0
42f395-42f3a0,2,3,83c4048bf90f8001000000,,WRITE:0-0
42f3a0-42f3ab,2,3,f8bd9b000000e801000000,,WRITE:0-0
42f3ac-42f3b1,2,2,83042406c3,,WRITE:0-0
42f3b1-42f3b6,1,1,e903000000,,WRITE:0-0
42f3b9-42f3bd,156,2,8b107403,,WRITE:0-0
42f3bd-42f3bf,155,1,7501,,WRITE:0-0
42f3c0-42f3c5,155,1,e905000000,,WRITE:0-0
42f3ca-42f3ce,156,2,2bd17e03,,WRITE:0-0
42f3ce-42f3d0,81,1,7f01,,WRITE:0-0
42f3d1-42f3d6,155,1,e902000000,,WRITE:0-0
42f3d8-42f3e1,156,3,c1c21850e801000000,,WRITE:0-0
42f3e2-42f3f4,156,6,83c40458bb546e8ded03500450e801000000,,WRITE:0-0
42f3f5-42f3ff,156,3,83c404580f8102000000,,WRITE:0-0
42f401-42f405,156,2,89107c03,m,WRITE:42f450-42f6b8
42f405-42f407,155,1,7d01,,WRITE:0-0
42f408-42f40a,155,1,7803,,WRITE:0-0
42f40a-42f417,156,4,c1c7b285f781e9b1f6b01f7803,,WRITE:0-0
42f417-42f419,77,1,7901,,WRITE:0-0
42f41a-42f41f,155,1,e905000000,,WRITE:0-0
42f424-42f42c,156,2,81e8fcffffff7603,,WRITE:0-0
42f42f-42f434,155,1,e903000000,,WRITE:0-0
42f437-42f440,156,2,83c5ff0f8579ffffff,,WRITE:0-0
42f440-42f442,1,1,7203,,WRITE:0-0
42f445-42f44a,1,1,e906000000,,WRITE:0-0
42f450-42f455,1,1,e8abbcffff,,WRITE:0-0
42f455-42f48c,2,10,c685a5524100c3c7850bf940000010400001ad0bf9400083850bf94000108b9546f840008bb507f9400003f28b460c0bc00f8425020000,a,WRITE:0-0
42f481-42f48c,2,3,8b460c0bc00f8425020000,a,WRITE:0-0
42f48c-42f4a5,2,13,83660c0003c28bd85657508bf38bfbacc0c003aa803f0075f6,anm,WRITE:4182c8-41851e
42f49b-42f4a5,12,5,acc0c003aa803f0075f6,am,WRITE:41851f-418529
42f4a5-42f4af,2,5,585f5e50ff9520854100,,WRITE:0-0
42f4af-42f4b3,2,2,0bc07543,,WRITE:0-0
42f4f6-42f500,2,6,602bc0880343380375f9,am,WRITE:41851e-0
42f4f9-42f500,12,4,880343380375f9,am,WRITE:41851f-418529
42f500-42f51d,2,7,6189853ef84000c78542f84000000000008b9546f840008b060bc07507,a,WRITE:0-0
42f511-42f51d,67,4,8b9546f840008b060bc07507,a,WRITE:0-0
42f524-42f541,68,8,03c2038542f840008b188b7e1003fa03bd42f8400085db0f8462010000,a,WRITE:0-0
42f541-42f549,67,2,f7c300000080751d,,WRITE:0-0
42f549-42f563,67,16,9090909003da83c3025657508bf38bfbacc0c003aa803f0075f6,am,WRITE:4183f2-4188ba
42f559-42f563,933,5,acc0c003aa803f0075f6,am,WRITE:4183f3-4188c6
42f563-42f56e,67,5,585f5e3b9d46f840007c11,,WRITE:0-0
42f56e-42f57b,67,6,9090909083bd1a20400000750a,,WRITE:0-0
42f57b-42f592,67,8,9090909081e3ffffff0f53ffb53ef84000ff951c854100,,WRITE:0-0
42f592-42f59a,67,2,3b9d46f840007c0f,,WRITE:0-0
42f59a-42f5a8,67,10,90909090602bc0880343380375f9,am,WRITE:4183f2-4188ba
42f5a1-42f5a8,933,4,880343380375f9,am,WRITE:4183f3-4188c6
42f5a8-42f5b1,67,3,610bc00f8415ffffff,,WRITE:0-0
42f5b1-42f5b9,67,2,3b852c8541007420,,WRITE:0-0
42f5b9-42f5c5,67,6,909090903b85c4fd40007409,,WRITE:0-0
42f5c5-42f5cb,67,5,90909090eb14,,WRITE:0-0
42f5df-42f5ef,67,5,56ffb53ef840005e39b5122040007415,,WRITE:0-0
42f604-42f60d,67,2,80bd16564100007457,,WRITE:0-0
42f664-42f681,67,266,5e608bd02bbd46f840008bc7b9010100008dbdebec4000f2af0bc97413,,WRITE:0-0
42f694-42f6a3,67,4,618907838542f8400004e96efeffff,anm,WRITE:412000-412104
42f6a3-42f6b1,2,3,83c6148b9546f84000e9d0fdffff,,WRITE:0-0
42f6b1-42f6c6,2,261,8dbdebec400033c0b900010000f3ab60e800000000,m,WRITE:428ceb-4290e7
42f6c6-42f6e1,2,9,5e83ee06b97002000029ceba9288ac9ec1e90283e90283f9007c1a,,WRITE:0-0
42f6dc-42f6e1,156,2,83f9007c1a,,WRITE:0-0
42f6e1-42f6fb,156,9,8b048e8b5c8e042bc3c1c81803c281c2b1f6b01f89048e49ebe1,m,WRITE:42f6b8-42f450
42f6fb-42f702,2,3,6161e8d9d9ffff,,WRITE:0-0
42fa37-42fa3d,2,2,60e8c3b6ffff,,WRITE:0-0
42fa3d-42fa67,2,6,c7850757410000000000b9000000008db53d1b40008dbdcd1c4000c7850b57410064000000e845000000,,WRITE:0-0
42fa67-42fa87,2,5,b9000000008db5d0f440008dbdfcf44000c7850b5741000b000000e825000000,,WRITE:0-0
42fa87-42faa7,2,5,b9000000008db5175741008dbda7584100c7850b57410064000000e805000000,,WRITE:0-0
42faa7-42faa9,1,1,eb46,,WRITE:0-0
42faac-42fab4,4,2,3b8d0b574100743a,,WRITE:0-0
42fab4-42fac2,4,8,909090908b048e8b1c8f0bc0742c,,WRITE:0-0
42faef-42faf1,2,2,61c3,,WRITE:0-0
42faf1-42faf4,2,2,60eb1d,,WRITE:0-0
42fb11-42fb16,1,1,e8eab5ffff,,WRITE:0-0
42fb16-42fb25,2,3,8b5424202b9546f84000e812ffffff,,WRITE:0-0
42fb25-42fb3f,2,5,ffb5075741008f85035741008b85f75a41000bc00f84e4000000,,WRITE:0-0
42fc23-42fc25,2,2,61c3,,WRITE:0-0
42fc48-42fc51,2,4,60fc85c6e801000000,,WRITE:0-0
42fc52-42fc5c,2,4,83c404f950e801000000,,WRITE:0-0
42fc5d-42fc67,2,3,83c404580f8402000000,,WRITE:0-0
42fc67-42fc6e,2,2,87cee801000000,,WRITE:0-0
42fc6f-42fc74,2,2,83042406c3,,WRITE:0-0
42fc74-42fc7b,2,2,33c5e801000000,,WRITE:0-0
42fc7c-42fc81,2,2,83042406c3,,WRITE:0-0
42fc81-42fc87,2,2,4ee801000000,,WRITE:0-0
42fc88-42fc8e,2,3,83c404f97c03,,WRITE:0-0
42fc8e-42fc90,1,1,7d01,,WRITE:0-0
42fc91-42fc93,1,1,7305,,WRITE:0-0
42fc93-42fc9a,2,2,6681e1b659eb01,,WRITE:0-0
42fc9b-42fca1,2,2,40e801000000,,WRITE:0-0
42fca2-42fca7,2,2,83042406c3,,WRITE:0-0
42fca7-42fcaf,2,3,d3c950e801000000,,WRITE:0-0
42fcb0-42fcbc,2,4,83c4045866d3c9e801000000,,WRITE:0-0
42fcbd-42fcc2,2,2,83042406c3,,WRITE:0-0
42fcc2-42fcc8,1,1,0f8a01000000,,WRITE:0-0
42fcc8-42fcce,2,2,41e800000000,,WRITE:0-0
42fcce-42fcd6,2,4,5d8bc53b45157c06,,WRITE:0-0
42fcd6-42fcde,2,3,034515894515eb01,,WRITE:0-0
42fcdf-42fce1,1,1,7101,,WRITE:0-0
42fce2-42fcec,2,4,68f3fd4200d3e15feb01,,WRITE:0-0
42fced-42fcf3,2,2,66be67b47801,,WRITE:0-0
42fcf3-42fd02,2,5,f9bd0775bd544981f53116239c7803,,WRITE:0-0
42fd05-42fd0a,1,1,e906000000,,WRITE:0-0
42fd10-42fd1d,2,4,68080000008bf15ae801000000,,WRITE:0-0
42fd1e-42fd23,2,2,83042406c3,,WRITE:0-0
42fd23-42fd29,1,1,0f8c03000000,,WRITE:0-0
42fd29-42fd32,2,4,668bf2d3e98b1f7203,,WRITE:0-0
42fd2e-42fd32,8,2,8b1f7203,,WRITE:0-0
42fd35-42fd3a,8,1,e902000000,,WRITE:0-0
42fd3c-42fd40,9,2,2bddeb01,,WRITE:0-0
42fd41-42fd46,8,1,e903000000,,WRITE:0-0
42fd49-42fd5c,9,4,8105b9ba41001ef39bfcc1cb0d50e801000000,m,WRITE:41bab9-41bab9
42fd5d-42fd66,9,3,83c40458e90d000000,,WRITE:0-0
42fd73-42fd7d,9,4,83c7042b1f83ef047603,,WRITE:0-0
42fd7d-42fd7f,8,1,7701,,WRITE:0-0
42fd80-42fd85,8,1,e904000000,,WRITE:0-0
42fd89-42fd98,9,4,68465d4b738f058db84100891feb01,m,WRITE:41b88d-42fe0f
42fd99-42fd9b,8,1,7602,,WRITE:0-0
42fd9b-42fdaf,9,5,8bce508f0525b8410081ed3bc42110e801000000,m,WRITE:41b825-41b825
42fdb0-42fdb5,9,2,83042406c3,,WRITE:0-0
42fdb5-42fdba,8,1,e901000000,,WRITE:0-0
42fdbb-42fdc3,9,2,81effcffffffeb01,,WRITE:0-0
42fdc4-42fdc9,8,1,e90a000000,,WRITE:0-0
42fdd3-42fdda,9,2,4a0f8554ffffff,,WRITE:0-0
42fdda-42fde0,2,2,50e801000000,,WRITE:0-0
42fde1-42fdeb,2,3,83c404580f8106000000,,WRITE:0-0
42fdf1-42fdf8,2,2,87c8e808b3ffff,,WRITE:0-0
42fdf8-42fe1e,2,13,8db51c8541008dbd33fd4000b905000000f3a58dbd43fd40008d854bfe4000ab60e800000000,m,WRITE:429d33-429d43
42fe1e-42fe39,2,9,5e83ee06b92500000029ceba9905b257c1e90283e90283f9007c1a,,WRITE:0-0
42fe34-42fe39,9,2,83f9007c1a,,WRITE:0-0
42fe39-42fe53,9,9,8b048e8b5c8e0403c3c1c00d03c281c23bc4211089048e49ebe1,m,WRITE:42fe0f-42fdf3
42fe53-42fe56,2,3,6161c3,,WRITE:0-0
42fe56-42fe5d,2,5,6040f985c8eb01,,WRITE:0-0
42fe5e-42fe64,1,1,0f8901000000,,WRITE:0-0
42fe65-42fe6a,1,1,e801000000,,WRITE:0-0
42fe6b-42fe70,2,2,83042406c3,,WRITE:0-0
42fe70-42fe73,2,2,f97203,,WRITE:0-0
42fe76-42fe78,1,1,7705,,WRITE:0-0
42fe78-42fe82,2,2,6681e093f1e801000000,,WRITE:0-0
42fe83-42fe8c,2,2,83c4040f8101000000,,WRITE:0-0
42fe8d-42fe93,2,2,50e801000000,,WRITE:0-0
42fe94-42fe9d,2,4,83c40458660bc57e03,,WRITE:0-0
42fea0-42fea6,1,1,0f8b05000000,,WRITE:0-0
42feab-42feb0,1,1,e801000000,,WRITE:0-0
42feb1-42feb6,2,2,83c4047404,,WRITE:0-0
42feb6-42fec0,2,3,66c1df4250e801000000,,WRITE:0-0
42fec1-42fec7,2,3,83c404587301,,WRITE:0-0
42fec8-42fecd,1,1,e801000000,,WRITE:0-0
42fece-42fed8,2,4,83c404fc50e801000000,,WRITE:0-0
42fed9-42fee3,2,4,83c40458f8e800000000,,WRITE:0-0
42fee3-42feeb,2,4,5d8bc53b451a7c06,,WRITE:0-0
42feeb-42fef3,2,3,03451a89451aeb01,,WRITE:0-0
42fef4-42fef9,1,1,e903000000,,WRITE:0-0
42fefc-42ff07,2,3,be0100430050e801000000,,WRITE:0-0
42ff08-42ff11,2,3,83c40458e908000000,,WRITE:0-0
42ff19-42ff22,2,4,68dad69692405aeb01,,WRITE:0-0
42ff23-42ff28,1,1,e903000000,,WRITE:0-0
42ff2b-42ff3e,2,4,bbe4d1d28d81cf5202eebe81f3edd1d28deb01,,WRITE:0-0
42ff3f-42ff44,1,1,e904000000,,WRITE:0-0
42ff48-42ff4f,10,2,8b2ee801000000,,WRITE:0-0
42ff50-42ff55,10,2,83042406c3,,WRITE:0-0
42ff55-42ff5a,9,1,e905000000,,WRITE:0-0
42ff5f-42ff63,10,2,03eaeb01,,WRITE:0-0
42ff64-42ff6a,9,1,0f8001000000,,WRITE:0-0
42ff6a-42ff7d,7,4,49813521b8410014685cd8c1cd09e801000000,m,WRITE:41b821-41b821
42ff6b-42ff7d,4,3,813521b8410014685cd8c1cd09e801000000,m,WRITE:41b821-41b821
42ff7e-42ff83,10,2,83042406c3,,WRITE:0-0
42ff83-42ff92,10,5,87c183c604332e83ee04e801000000,,WRITE:0-0
42ff93-42ff9b,10,2,83c404e903000000,,WRITE:0-0
42ff9e-42ffa5,10,2,892ee801000000,m,WRITE:430001-430021
42ffa6-42ffab,10,2,83042406c3,,WRITE:0-0
42ffab-42ffb0,9,1,e905000000,,WRITE:0-0
42ffb5-42ffc0,10,2,81c2b683e9c5e801000000,,WRITE:0-0
42ffc1-42ffc6,10,2,83042406c3,,WRITE:0-0
42ffc6-42ffcb,9,1,e907000000,,WRITE:0-0
42ffd2-42ffde,10,3,81eefcffffff50e801000000,,WRITE:0-0
42ffdf-42ffe8,10,3,83c40458e903000000,,WRITE:0-0
42ffeb-42fff2,10,2,4b0f8556ffffff,,WRITE:0-0
42fff2-42fff7,1,1,e801000000,,WRITE:0-0
42fff8-430006,2,4,83c4046681d836874fe8fab0ffff,,WRITE:0-0
430006-43002c,2,12,b91c0000008db5fffc40008dbdef07410083c707b090aab8ff25000066ab8bc6ab83c604e2ee,m,WRITE:42a7f6-42a7f9
43001a-43002c,28,8,b090aab8ff25000066ab8bc6ab83c604e2ee,m,WRITE:42a7fd-42a8b6
43002c-430032,2,2,60e800000000,,WRITE:0-0
430032-43004d,2,9,5e83ee06b92b00000029ceba8af4e2c1c1e90283e90283f9007c1a,,WRITE:0-0
430048-43004d,10,2,83f9007c1a,,WRITE:0-0
43004d-430067,10,9,8b048e8b5c8e0433c3c1c0092bc281eab683e9c589048e49ebe1,m,WRITE:430021-430001
430067-43006a,2,3,6161c3,,WRITE:0-0
43006a-430070,2,2,60e890b0ffff,,WRITE:0-0
430070-43007d,2,4,33d28bb4953d1b40000bf67431,,WRITE:0-0
4300ae-4300b0,2,2,61c3,,WRITE:0-0
4300b0-4300b3,2,2,607102,,WRITE:0-0
4300b5-4300b9,2,2,d3e77a03,,WRITE:0-0
4300bc-4300bf,2,2,4deb01,,WRITE:0-0
4300c0-4300c8,2,2,6623d5e801000000,,WRITE:0-0
4300c9-4300ce,2,2,83042406c3,,WRITE:0-0
4300ce-4300d4,1,1,0f8704000000,,WRITE:0-0
4300d8-4300da,1,1,7a03,,WRITE:0-0
4300da-4300dc,1,1,7b01,,WRITE:0-0
4300dd-4300e5,2,2,81edaf6ae56beb01,,WRITE:0-0
4300e6-4300ed,2,3,4250e801000000,,WRITE:0-0
4300ee-4300f5,2,4,83c40458f87a03,,WRITE:0-0
4300f5-4300f7,1,1,7b01,,WRITE:0-0
4300f8-4300fe,1,1,0f8901000000,,WRITE:0-0
4300ff-430101,1,1,7a03,,WRITE:0-0
430101-430103,1,1,7b01,,WRITE:0-0
430104-43010e,2,3,66bfcc1350e801000000,,WRITE:0-0
43010f-430119,2,3,83c404580f8d02000000,,WRITE:0-0
43011b-43011d,1,1,eb01,,WRITE:0-0
43011e-430124,2,2,42e801000000,,WRITE:0-0
430125-43012a,2,2,83042406c3,,WRITE:0-0
43012a-430130,1,1,0f8801000000,,WRITE:0-0
430130-430137,2,3,f950e801000000,,WRITE:0-0
430138-430143,2,4,83c4045885fae801000000,,WRITE:0-0
430144-43014d,2,2,83c4040f8a05000000,,WRITE:0-0
430152-430157,1,1,e801000000,,WRITE:0-0
430158-430161,2,3,83c404f9e800000000,,WRITE:0-0
430161-430169,2,4,5d8bc53b451e7c06,,WRITE:0-0
430169-430174,2,3,03451e89451ee801000000,,WRITE:0-0
430175-43017d,2,2,83c404e901000000,,WRITE:0-0
43017e-430188,2,2,b85b024300e801000000,,WRITE:0-0
430189-430191,2,2,83c404e906000000,,WRITE:0-0
430197-4301b1,2,6,6894c19a708f0559b84100b9f16c1645d3ff81c192b32df97c03,m,WRITE:41b859-0
4301b1-4301b3,1,1,7d01,,WRITE:0-0
4301b4-4301c0,2,4,c1cd778bd7bb090000007403,,WRITE:0-0
4301c0-4301c2,1,1,7501,,WRITE:0-0
4301c3-4301c5,1,1,7303,,WRITE:0-0
4301c5-4301ca,2,2,c1e56e7b05,,WRITE:0-0
4301ca-4301d6,2,3,6681ca65be8b30e801000000,,WRITE:0-0
4301cf-4301d6,9,2,8b30e801000000,,WRITE:0-0
4301d7-4301e1,10,5,83c404d3eff82bf17c03,,WRITE:0-0
4301e1-4301e3,6,1,7d01,,WRITE:0-0
4301e4-4301e7,10,2,457a03,,WRITE:0-0
4301e7-4301f3,7,4,668bfac1ce1c50e801000000,,WRITE:0-0
4301ea-4301f3,4,3,c1ce1c50e801000000,,WRITE:0-0
4301f4-4301fd,10,3,83c40458e901000000,,WRITE:0-0
4301fe-430208,10,4,83e8fc2b3083c0fc7203,,WRITE:0-0
43020b-430216,10,4,87d587fd8930e801000000,m,WRITE:43025b-43027b
430217-43021c,10,2,83042406c3,,WRITE:0-0
43021c-43022b,10,4,6613ea81c125b0157450e801000000,,WRITE:0-0
43022c-430235,10,3,83c40458e904000000,,WRITE:0-0
430239-43023e,10,2,83c0047803,,WRITE:0-0
43023e-430240,9,1,7901,,WRITE:0-0
430241-430252,10,6,85d542558f0571b941004b0f857dffffff,m,WRITE:41b971-41b971
430252-430254,1,1,eb01,,WRITE:0-0
430255-43025a,1,1,e901000000,,WRITE:0-0
43025b-430260,1,1,e8a0aeffff,,WRITE:0-0
430260-43028a,2,13,8b8546f840008b703c03b546f8400083c628ad8ad802dcc1e81002d802dc889d1e20400060e800000000,,WRITE:0-0
43028a-4302a5,2,9,5e83ee06b92900000029cebaaba1f1dec1e90283e90283f9007c1a,,WRITE:0-0
4302a0-4302a5,10,2,83f9007c1a,,WRITE:0-0
4302a5-4302bf,10,9,8b048e8b5c8e0403c3c1c01c03c281ea25b0157489048e49ebe1,m,WRITE:43027b-43025b
4302bf-4302c2,2,3,6161c3,,WRITE:0-0
4302c2-4302c7,1,1,e839aeffff,,WRITE:0-0
4302c7-4302cc,1,1,e800000000,,WRITE:0-0
4302cc-4302ea,2,6,5b2b9d0e20400081ebcc520100899d46f84000899d7bfd4000e8c6fdffff,,WRITE:0-0
4302ea-4302ef,1,1,e811aeffff,,WRITE:0-0
4302ef-4302f4,1,1,e8daa5ffff,,WRITE:0-0
4302f4-4302ff,2,2,8985d5084100e801aeffff,,WRITE:0-0
4302ff-43030b,2,2,c6856cf7400000e8f0d2ffff,,WRITE:0-0
43030b-430310,1,1,e838f9ffff,,WRITE:0-0
430310-430315,1,1,e8ebadffff,,WRITE:0-0
430315-430332,2,5,8b856b81410089857ffd40008b856f814100898583fd4000e866d0ffff,,WRITE:0-0
430332-430337,1,1,e81ffbffff,,WRITE:0-0
430337-43033c,1,1,e82efdffff,,WRITE:0-0
43033c-43033e,1,1,7e03,,WRITE:0-0
430341-430349,2,2,81c3d0685c65eb01,,WRITE:0-0
43034a-430352,2,2,66d3ebe801000000,,WRITE:0-0
430353-430358,2,2,83c4047202,,WRITE:0-0
430358-43035c,2,2,8be87c03,,WRITE:0-0
43035c-43035e,1,1,7d01,,WRITE:0-0
43035f-430363,2,2,8bfd7a03,,WRITE:0-0
430363-430365,1,1,7b01,,WRITE:0-0
430366-43036c,1,1,0f8401000000,,WRITE:0-0
43036c-43036f,2,2,f9eb01,,WRITE:0-0
430370-430376,2,2,f9e801000000,,WRITE:0-0
430377-43037c,2,2,83042406c3,,WRITE:0-0
43037c-43037f,2,2,f8eb01,,WRITE:0-0
430380-430382,1,1,7601,,WRITE:0-0
430382-430385,2,2,437603,,WRITE:0-0
430385-430387,1,1,7701,,WRITE:0-0
430388-43038f,2,2,87fbe801000000,,WRITE:0-0
430390-430399,2,3,83c4044de801000000,,WRITE:0-0
43039a-4303a5,2,3,83c404661bd8e801000000,,WRITE:0-0
4303a6-4303ac,2,3,83c404457403,,WRITE:0-0
4303ac-4303ae,1,1,7501,,WRITE:0-0
4303af-4303b2,2,2,fc7e03,,WRITE:0-0
4303b2-4303b4,1,1,7f01,,WRITE:0-0
4303b5-4303b8,2,2,477c03,,WRITE:0-0
4303bb-4303c2,2,2,0bdde801000000,,WRITE:0-0
4303c3-4303c8,2,2,83042406c3,,WRITE:0-0
4303c8-4303cf,2,3,f950e801000000,,WRITE:0-0
4303d0-4303da,2,3,83c404580f8001000000,,WRITE:0-0
4303da-4303e0,2,2,f9e801000000,,WRITE:0-0
4303e1-4303ee,2,3,83c404bfdb70584fe801000000,,WRITE:0-0
4303ef-4303fa,2,3,83c40466d3e7e801000000,,WRITE:0-0
4303fb-430400,2,2,83042406c3,,WRITE:0-0
430400-430407,2,2,8bdae801000000,,WRITE:0-0
430408-430413,2,4,83c404d3d350e801000000,,WRITE:0-0
430414-43041e,2,3,83c404580f8b02000000,,WRITE:0-0
43041e-43042b,2,4,d3dabe2305430050e801000000,,WRITE:0-0
43042c-430435,2,3,83c40458e870eeffff,,WRITE:0-0
430435-43044b,2,6,c1c9cdbd7f8cbf9723ce81c5886f259a50e801000000,,WRITE:0-0
43044c-430455,2,3,83c40458e902000000,,WRITE:0-0
430457-430462,2,2,bb1fa288730f8901000000,,WRITE:0-0
430463-43046b,2,2,81f35aa28873eb01,,WRITE:0-0
43046c-430477,2,5,f866b9c0b6ad83c6fceb01,,WRITE:0-0
430471-430477,69,3,ad83c6fceb01,,WRITE:0-0
430478-43047d,69,1,e903000000,,WRITE:0-0
430480-430488,70,3,03c550e801000000,,WRITE:0-0
430489-430499,70,6,83c40458bf068550608bcbc1c008eb01,,WRITE:0-0
43049a-43049f,69,1,e901000000,,WRITE:0-0
4304a0-4304a8,70,2,2b4604e801000000,,WRITE:0-0
4304a9-4304ae,70,2,83042406c3,,WRITE:0-0
4304ae-4304b3,69,1,e901000000,,WRITE:0-0
4304b4-4304c2,70,3,811dc1ba4100df7ffa6a8906eb01,m,WRITE:41bac1-430633
4304c3-4304c9,69,1,0f8603000000,,WRITE:0-0
4304c9-4304de,41,4,6633f98105b5b841000dcaf87a81c55a8b41567403,m,WRITE:41b8b5-41b8b5
4304cc-4304de,30,3,8105b5b841000dcaf87a81c55a8b41567403,m,WRITE:41b8b5-41b8b5
4304de-4304e0,69,1,7501,,WRITE:0-0
4304e1-4304e6,69,1,e906000000,,WRITE:0-0
4304ec-4304f1,70,2,83c604eb01,,WRITE:0-0
4304f2-4304f7,69,1,e904000000,,WRITE:0-0
4304fb-43050e,70,3,8105f5ba41008289841e83eb010f8563ffffff,m,WRITE:41baf5-41baf5
43050e-430510,1,1,7603,,WRITE:0-0
430513-430518,1,1,e90b000000,,WRITE:0-0
430523-430528,1,1,e801000000,,WRITE:0-0
430529-43052e,2,2,83042406c3,,WRITE:0-0
43052e-430546,2,7,4d43811d61b94100150056f6683c0643004259e801000000,m,WRITE:41b961-0
430547-43054c,2,2,83042406c3,,WRITE:0-0
43054c-43055a,2,4,4b03efbe7ce651720f8101000000,,WRITE:0-0
43055a-430567,2,4,f881f6f590928550e801000000,,WRITE:0-0
430568-430571,2,3,83c40458e901000000,,WRITE:0-0
430572-430585,2,4,b8fa46078481d3bc3fea2381f0c44607847e03,,WRITE:0-0
430585-430587,1,1,7f01,,WRITE:0-0
430588-43058a,1,1,7402,,WRITE:0-0
43058a-430590,2,3,85eb8b39eb01,,WRITE:0-0
43058c-430590,62,2,8b39eb01,,WRITE:0-0
430591-430597,63,3,8bea2bfeeb01,,WRITE:0-0
430598-4305a3,63,5,fcf9c1c71650e801000000,,WRITE:0-0
4305a4-4305ae,63,3,83c404580f8805000000,,WRITE:0-0
4305ae-4305ca,63,7,bd03480c3a66d3c3811dc5b84100e492b71a83e9fc333983e904eb01,m,WRITE:41b8c5-41b8c5
4305cb-4305d0,62,1,e902000000,,WRITE:0-0
4305d2-4305da,63,3,893950e801000000,m,WRITE:43063c-430730
4305db-4305e4,63,3,83c40458e902000000,,WRITE:0-0
4305e6-4305f1,63,2,81f6c7f6593fe801000000,,WRITE:0-0
4305f2-4305f7,63,2,83042406c3,,WRITE:0-0
4305f7-4305fc,62,1,e910000000,,WRITE:0-0
43060c-430617,63,2,81e9fcffffffe801000000,,WRITE:0-0
430618-43061d,63,2,83042406c3,,WRITE:0-0
43061d-430626,63,2,661bd10f8502000000,,WRITE:0-0
430628-430631,63,2,83e8010f855bffffff,,WRITE:0-0
430631-430633,1,1,7a03,,WRITE:0-0
430636-43063b,1,1,e901000000,,WRITE:0-0
43063c-43063e,1,1,eb01,,WRITE:0-0
43063f-430654,2,7,662bd0668bd5683b0743006603fe5950e801000000,,WRITE:0-0
430655-430663,2,5,83c404586603c568cbce70df7501,,WRITE:0-0
430664-43066a,2,2,5de801000000,,WRITE:0-0
43066b-430688,2,7,83c40466c1f851668bd1be05b392cec1fad881c6384d6d31e801000000,,WRITE:0-0
430689-43068e,2,2,83042406c3,,WRITE:0-0
43068e-43069e,2,4,85c7811d31ba4100db348cb48b19eb01,m,WRITE:41ba31-0
43069a-43069e,61,2,8b19eb01,,WRITE:0-0
43069f-4306b5,62,6,6681e7b095c1f8e2508f056dba41002bdde801000000,m,WRITE:41ba6d-41ba6d
4306b6-4306bb,62,2,83042406c3,,WRITE:0-0
4306bb-4306c0,61,1,e902000000,,WRITE:0-0
4306c2-4306c7,62,2,c1c31beb01,,WRITE:0-0
4306c8-4306d0,62,3,c1da94035904eb01,,WRITE:0-0
4306d1-4306d3,61,1,7901,,WRITE:0-0
4306d3-4306db,23,3,478919e801000000,m,WRITE:43073b-43082b
4306d4-4306db,40,2,8919e801000000,m,WRITE:43073f-430827
4306dc-4306e5,62,2,83c4040f8c01000000,,WRITE:0-0
4306e5-4306fb,62,4,4a8115d5b8410016d8106081ed2320beede801000000,m,WRITE:41b8d5-41b8d5
4306fc-430704,62,2,83c404e906000000,,WRITE:0-0
43070a-430716,62,3,81c10400000050e801000000,,WRITE:0-0
430717-430720,62,3,83c40458e819d6ffff,,WRITE:0-0
430720-43072a,62,3,f883ee010f8570ffffff,,WRITE:0-0
43072a-43072f,1,1,e801000000,,WRITE:0-0
430730-43073d,2,4,83c40481d2a0063a390bd7eb01,,WRITE:0-0
43073e-430743,1,1,e90e000000,,WRITE:0-0
430751-43075c,2,2,68350843000f8801000000,,WRITE:0-0
43075d-430764,2,3,5e50e801000000,,WRITE:0-0
430765-43077c,2,7,83c40458d3dbbd5a67a38b66bf872181ede20ea83d7403,,WRITE:0-0
43077c-43077e,1,1,7501,,WRITE:0-0
43077f-430789,2,3,c1d254683d0000007501,,WRITE:0-0
43078a-430790,2,2,59e801000000,,WRITE:0-0
430791-430799,2,2,83c404e901000000,,WRITE:0-0
43079a-4307a0,62,3,ad83ee04eb01,,WRITE:0-0
4307a1-4307ab,62,3,81d2812fc71f2bc57403,,WRITE:0-0
4307ab-4307ad,61,1,7501,,WRITE:0-0
4307ae-4307b3,61,1,e905000000,,WRITE:0-0
4307b8-4307bd,62,2,c1c01c7c03,,WRITE:0-0
4307bd-4307bf,30,1,7d01,,WRITE:0-0
4307c0-4307c5,61,1,e903000000,,WRITE:0-0
4307c8-4307d0,62,2,034604e801000000,,WRITE:0-0
4307d1-4307d6,62,2,83042406c3,,WRITE:0-0
4307d6-4307dc,61,1,0f8303000000,,WRITE:0-0
4307df-4307e4,62,3,f989067a03,m,WRITE:430835-430925
4307e4-4307e6,61,1,7b01,,WRITE:0-0
4307e7-4307ec,61,1,e906000000,,WRITE:0-0
4307f2-4307fa,62,2,81c5d8692de3eb01,,WRITE:0-0
4307fb-430808,62,3,85fa81eefcffffffe801000000,,WRITE:0-0
430809-43080e,62,2,83042406c3,,WRITE:0-0
43080e-430813,61,1,e892eaffff,,WRITE:0-0
430813-430826,62,5,4f4381259db94100c8298389490f8574ffffff,m,WRITE:41b99d-41b99d
430826-43082c,2,2,50e801000000,,WRITE:0-0
43082d-430833,2,3,83c404587201,,WRITE:0-0
430833-430840,2,7,f94361558f0521bb4100607e03,m,WRITE:41bb21-0
430843-43084e,2,3,43be2d094300e801000000,,WRITE:0-0
43084f-430854,2,2,83042406c3,,WRITE:0-0
430854-430859,1,1,e901000000,,WRITE:0-0
43085a-430861,2,2,ba591aa158eb01,,WRITE:0-0
430862-430867,1,1,e904000000,,WRITE:0-0
43086b-430876,2,2,bfe2ab2a810f8903000000,,WRITE:0-0
430879-430884,2,2,81f7d9ab2a81e801000000,,WRITE:0-0
430885-430893,2,4,83c40466c1cb728b0ee801000000,,WRITE:0-0
43088c-430893,59,2,8b0ee801000000,,WRITE:0-0
430894-430899,60,2,83042406c3,,WRITE:0-0
430899-43089e,59,1,e89bd4ffff,,WRITE:0-0
43089e-4308a3,59,1,e906000000,,WRITE:0-0
4308a9-4308b1,60,3,33ca50e801000000,,WRITE:0-0
4308b2-4308bd,60,5,83c4045885c5c1c9027c03,,WRITE:0-0
4308bd-4308bf,59,1,7d01,,WRITE:0-0
4308c0-4308c6,59,1,0f8602000000,,WRITE:0-0
4308c6-4308d1,30,4,8bdf334e0450e801000000,,WRITE:0-0
4308c8-4308d1,31,3,334e0450e801000000,,WRITE:0-0
4308d2-4308d9,60,4,83c40458407002,,WRITE:0-0
4308d9-4308e3,60,4,87eb890e50e801000000,m,WRITE:43092d-430a15
4308e4-4308f4,60,5,83c40458f981c258a1210ae801000000,,WRITE:0-0
4308f5-4308fa,60,2,83042406c3,,WRITE:0-0
4308fa-4308ff,59,1,e902000000,,WRITE:0-0
430901-430909,60,2,81c6040000007403,,WRITE:0-0
430909-43090b,59,1,7501,,WRITE:0-0
43090c-43090e,59,1,7503,,WRITE:0-0
430911-430918,60,2,4f0f8574ffffff,,WRITE:0-0
430918-43091d,1,1,e801000000,,WRITE:0-0
43091e-430923,2,2,83042406c3,,WRITE:0-0
430923-430928,1,1,e905000000,,WRITE:0-0
43092d-43093c,2,6,61538f0511b941006050e801000000,m,WRITE:41b911-0
43093d-430949,2,5,83c4045847ba1e0a4300eb01,,WRITE:0-0
43094a-43094f,1,1,e907000000,,WRITE:0-0
430956-430961,2,2,bdb9992dcb0f8703000000,,WRITE:0-0
430964-43096c,2,2,81f5ecc04d0ceb01,,WRITE:0-0
43096d-43097a,2,3,c1fe5ab941000000e801000000,,WRITE:0-0
43097b-430987,2,4,83c40485f88b1ae801000000,,WRITE:0-0
430980-430987,65,2,8b1ae801000000,,WRITE:0-0
430988-43098d,66,2,83042406c3,,WRITE:0-0
43098d-430992,65,1,e901000000,,WRITE:0-0
430993-4309a1,66,3,810df9b94100bbe84e8833dd7403,m,WRITE:41b9f9-41b9f9
4309a1-4309a3,65,1,7501,,WRITE:0-0
4309a4-4309ab,66,3,13f9c1c3097403,,WRITE:0-0
4309ab-4309ad,65,1,7501,,WRITE:0-0
4309ae-4309c0,66,7,d3e685c683c2042b1a83c2fc50e801000000,,WRITE:0-0
4309c1-4309c8,66,4,83c40458f97404,,WRITE:0-0
4309c8-4309d0,66,3,66c1fe2a891a7803,m,WRITE:430a1e-430b1e
4309d0-4309d2,33,1,7901,,WRITE:0-0
4309d3-4309d8,65,1,e902000000,,WRITE:0-0
4309da-4309e5,66,2,81c5560c180ae801000000,,WRITE:0-0
4309e6-4309eb,66,2,83042406c3,,WRITE:0-0
4309eb-4309f1,65,1,0f8406000000,,WRITE:0-0
4309f1-4309f9,66,2,81ceaff50f6b7a03,,WRITE:0-0
4309f9-430a07,3,3,66d3ef81c204000000e801000000,,WRITE:0-0
4309fc-430a07,64,2,81c204000000e801000000,,WRITE:0-0
430a08-430a0d,66,2,83042406c3,,WRITE:0-0
430a0d-430a18,66,3,d3d883e9010f8568ffffff,,WRITE:0-0
430a18-430a1a,1,1,eb01,,WRITE:0-0
430a1b-430a29,2,7,d3d8fc61518f0535b94100607c03,m,WRITE:41b935-0
430a29-430a2b,1,1,7d01,,WRITE:0-0
430a2c-430a31,1,1,e902000000,,WRITE:0-0
430a33-430a44,2,3,8105d9b9410098c4adecbf270b43007a03,m,WRITE:41b9d9-0
430a44-430a46,1,1,7b01,,WRITE:0-0
430a47-430a52,2,3,f8b8791ee4dce801000000,,WRITE:0-0
430a53-430a58,2,2,83042406c3,,WRITE:0-0
430a58-430a5d,1,1,e902000000,,WRITE:0-0
430a5f-430a71,2,4,b9b632ab476681d5039681c197cd54b8eb01,,WRITE:0-0
430a72-430a77,1,1,e902000000,,WRITE:0-0
430a79-430a80,78,2,8b37e801000000,,WRITE:0-0
430a81-430a86,78,2,83042406c3,,WRITE:0-0
430a86-430a92,78,4,8bd1c1fd7e2bf0e801000000,,WRITE:0-0
430a93-430aa2,78,4,83c40466ba8200c1ce0ce801000000,,WRITE:0-0
430aa3-430aa8,78,2,83042406c3,,WRITE:0-0
430aa8-430abb,78,6,6681e22b55f883c7042b3783c7fce801000000,,WRITE:0-0
430abc-430ac4,78,2,83c404e901000000,,WRITE:0-0
430ac5-430ad6,78,3,8135f1b94100531e6b2f8937e801000000,m,WRITE:41b9f1-430c57
430ad7-430adc,78,2,83042406c3,,WRITE:0-0
430adc-430aea,78,5,f8f881f0f685f50b50e801000000,,WRITE:0-0
430aeb-430b03,78,7,83c404584b42811df1b84100515f169381c7040000007803,m,WRITE:41b8f1-41b8f1
430b03-430b05,77,1,7901,,WRITE:0-0
430b06-430b15,78,3,81cb4bf9a5c783e9010f8564ffffff,,WRITE:0-0
430b15-430b1b,2,2,50e801000000,,WRITE:0-0
430b1c-430b25,2,3,83c40458e814d2ffff,,WRITE:0-0
430b25-430b2d,2,3,87d350e801000000,,WRITE:0-0
430b2e-430b37,2,3,83c40458e902000000,,WRITE:0-0
430b39-430b51,2,5,812d6db84100ad2ff780685f0c43006633c65ae801000000,m,WRITE:41b86d-0
430b52-430b57,2,2,83042406c3,,WRITE:0-0
430b57-430b5c,1,1,e90b000000,,WRITE:0-0
430b67-430b70,2,4,68a5a159d34b5f7403,,WRITE:0-0
430b70-430b72,1,1,7501,,WRITE:0-0
430b73-430b81,2,3,c1c80db922e6dc850f8203000000,,WRITE:0-0
430b84-430b8f,2,2,81f11fe6dc85e801000000,,WRITE:0-0
430b90-430b95,2,2,83042406c3,,WRITE:0-0
430b95-430b97,1,1,7002,,WRITE:0-0
430b97-430b9b,2,2,87d87902,,WRITE:0-0
430b9d-430ba5,62,3,8b3250e801000000,,WRITE:0-0
430ba6-430baf,62,3,83c40458e90b000000,,WRITE:0-0
430bba-430bbe,62,2,33f7eb01,,WRITE:0-0
430bbf-430bc4,61,1,e902000000,,WRITE:0-0
430bc6-430bce,62,2,c1c605e801000000,,WRITE:0-0
430bcf-430bd4,62,2,83c4047502,,WRITE:0-0
430bd6-430be4,62,5,fc83eafc333283c2fce801000000,,WRITE:0-0
430be5-430bea,62,2,83042406c3,,WRITE:0-0
430bea-430bef,61,1,e903000000,,WRITE:0-0
430bf2-430c00,62,3,810d85ba41009abe2c1c89327603,m,WRITE:41ba85-430d4f
430c00-430c02,61,1,7701,,WRITE:0-0
430c03-430c08,61,1,e90d000000,,WRITE:0-0
430c15-430c1d,62,2,81ef07bd81dceb01,,WRITE:0-0
430c1e-430c23,61,1,e901000000,,WRITE:0-0
430c24-430c2c,62,2,83c204e801000000,,WRITE:0-0
430c2d-430c32,62,2,83042406c3,,WRITE:0-0
430c32-430c37,61,1,e86ee6ffff,,WRITE:0-0
430c37-430c3c,61,1,e905000000,,WRITE:0-0
430c41-430c48,62,2,490f8555ffffff,,WRITE:0-0
430c48-430c4d,1,1,e801000000,,WRITE:0-0
430c4e-430c56,2,2,83c404e909000000,,WRITE:0-0
430c5f-430c61,1,1,eb01,,WRITE:0-0
430c62-430c67,1,1,e906000000,,WRITE:0-0
430c6d-430c77,2,2,b85a0d4300e801000000,,WRITE:0-0
430c78-430c90,2,6,83c40481f150ab4301baf676e70d87cb81ea40fdefae7603,,WRITE:0-0
430c93-430c98,1,1,e90a000000,,WRITE:0-0
430ca2-430cb5,2,4,bd8a06d5b16603f181c5acf92a4ee801000000,,WRITE:0-0
430cb6-430cbb,2,2,83042406c3,,WRITE:0-0
430cbb-430cc0,1,1,e907000000,,WRITE:0-0
430cc7-430ccb,55,2,8b387a03,,WRITE:0-0
430ccb-430ccd,27,1,7b01,,WRITE:0-0
430cce-430cd3,54,1,e905000000,,WRITE:0-0
430cd8-430cdc,55,2,2bfaeb01,,WRITE:0-0
430cdd-430ce3,54,1,0f8102000000,,WRITE:0-0
430ce3-430ced,22,3,87f3c1c702e801000000,,WRITE:0-0
430ce5-430ced,34,2,c1c702e801000000,,WRITE:0-0
430cee-430cf7,55,2,83c4040f8d05000000,,WRITE:0-0
430cfc-430d06,55,4,83e8fc2b3883c0fc7a03,,WRITE:0-0
430d06-430d08,27,1,7b01,,WRITE:0-0
430d09-430d0b,54,1,7601,,WRITE:0-0
430d0c-430d14,55,3,893850e801000000,m,WRITE:430d5a-430e2e
430d15-430d1b,55,3,83c404587303,,WRITE:0-0
430d1e-430d29,55,2,81ea7897831be801000000,,WRITE:0-0
430d2a-430d3a,55,4,83c4048bcb81e8fcffffffe801000000,,WRITE:0-0
430d3b-430d40,55,2,83042406c3,,WRITE:0-0
430d40-430d4d,55,4,4366d3c383c5ff0f857affffff,,WRITE:0-0
430d4d-430d53,2,2,50e801000000,,WRITE:0-0
430d54-430d5f,2,4,83c4045887f1e801000000,,WRITE:0-0
430d60-430d72,2,7,83c404660bd087cf68390e430033fd587203,,WRITE:0-0
430d72-430d74,1,1,7301,,WRITE:0-0
430d75-430d8b,2,7,f866d3e1bd1d58adb3f881c5f8013d7550e801000000,,WRITE:0-0
430d8c-430d95,2,3,83c40458e8a4cfffff,,WRITE:0-0
430d95-430d97,1,1,7501,,WRITE:0-0
430d98-430d9f,2,2,683d0000007c03,,WRITE:0-0
430d9f-430da8,2,3,c1e1755ee801000000,,WRITE:0-0
430da9-430dae,2,2,83042406c3,,WRITE:0-0
430dae-430db0,1,1,7901,,WRITE:0-0
430db1-430db8,62,2,8b18e801000000,,WRITE:0-0
430db9-430dc8,62,4,83c404ba0d846c2703dde801000000,,WRITE:0-0
430dc9-430dce,62,2,83042406c3,,WRITE:0-0
430dce-430dd3,61,1,e906000000,,WRITE:0-0
430dd9-430dde,62,2,c1cb147e03,,WRITE:0-0
430dde-430de0,61,1,7f01,,WRITE:0-0
430de1-430ded,62,4,c1e703f8335804e801000000,,WRITE:0-0
430dee-430df6,62,2,83c404e905000000,,WRITE:0-0
430dfb-430dff,62,2,89187c03,m,WRITE:430e39-430f29
430dff-430e01,61,1,7d01,,WRITE:0-0
430e02-430e0b,62,3,f981f537f6d250eb01,,WRITE:0-0
430e0c-430e1a,62,3,662bd181e8fcffffffe801000000,,WRITE:0-0
430e1b-430e20,62,2,83042406c3,,WRITE:0-0
430e20-430e22,61,1,7701,,WRITE:0-0
430e23-430e32,62,3,81dfc7e7749583ee010f857fffffff,,WRITE:0-0
430e32-430e34,1,1,eb01,,WRITE:0-0
430e35-430e3e,2,2,66bfdce2e801000000,,WRITE:0-0
430e3f-430e44,2,2,83042406c3,,WRITE:0-0
430e44-430e56,2,7,4f87fb68330f430066d3c25850e801000000,,WRITE:0-0
430e57-430e60,2,3,83c40458e902000000,,WRITE:0-0
430e62-430e73,2,4,bd3985444c4781ed40919b95e801000000,,WRITE:0-0
430e74-430e84,2,4,83c404d3c3b9e0c3fa860f8d02000000,,WRITE:0-0
430e86-430e8e,2,2,81f1a7c3fa86eb01,,WRITE:0-0
430e8f-430e9b,2,4,d3e7c1d2a68b30e801000000,,WRITE:0-0
430e94-430e9b,71,2,8b30e801000000,,WRITE:0-0
430e9c-430ea4,72,2,83c404e901000000,,WRITE:0-0
430ea5-430ea9,72,2,03f57203,,WRITE:0-0
430ea9-430eab,32,1,7301,,WRITE:0-0
430eac-430eb1,71,1,e8f4e3ffff,,WRITE:0-0
430eb1-430eb9,72,2,8bd70f8204000000,,WRITE:0-0
430eb9-430ec5,33,3,66ba4e44c1c601e801000000,,WRITE:0-0
430ebd-430ec5,40,2,c1c601e801000000,,WRITE:0-0
430ec6-430ecb,72,2,83042406c3,,WRITE:0-0
430ecb-430ed7,72,4,81c71579691e42037004eb01,,WRITE:0-0
430ed8-430edd,71,1,e906000000,,WRITE:0-0
430ee3-430ee7,72,2,89307e03,m,WRITE:430f33-43104b
430ee7-430ee9,44,1,7f01,,WRITE:0-0
430eea-430eec,71,1,7902,,WRITE:0-0
430eec-430ef6,32,3,33d581edcf0052dfeb01,,WRITE:0-0
430eee-430ef6,41,2,81edcf0052dfeb01,,WRITE:0-0
430ef7-430f11,72,5,66c1e208813575ba41002367d65a81c00400000050e801000000,m,WRITE:41ba75-41ba75
430f12-430f1c,72,3,83c404580f8701000000,,WRITE:0-0
430f1d-430f28,72,3,85d383c1ff0f856cffffff,,WRITE:0-0
430f28-430f2a,1,1,7c03,,WRITE:0-0
430f2a-430f2c,1,1,7d01,,WRITE:0-0
430f2d-430f38,2,3,87da66c1ef99e801000000,,WRITE:0-0
430f39-430f3e,2,2,83c4047c02,,WRITE:0-0
430f3e-430f56,2,6,d3f9810d29b84100c46a92cb685410430066b9b2ae5beb01,m,WRITE:41b829-0
430f57-430f67,2,5,fcbe31bd4f3587c881eedbe61c2d7e03,,WRITE:0-0
430f67-430f69,1,1,7f01,,WRITE:0-0
430f6a-430f79,2,4,66c1c10d66c1dd63bf4d0000007203,,WRITE:0-0
430f79-430f7b,1,1,7301,,WRITE:0-0
430f7c-430f88,2,3,bd312b64028b13e801000000,,WRITE:0-0
430f81-430f88,77,2,8b13e801000000,,WRITE:0-0
430f89-430f94,78,3,83c40413c70f8701000000,,WRITE:0-0
430f95-430fa4,78,4,68bc7546ed8f054db9410033d67403,m,WRITE:41b94d-41b94d
430fa4-430fa6,77,1,7501,,WRITE:0-0
430fa7-430fac,77,1,e908000000,,WRITE:0-0
430fb4-430fc6,78,3,8115e9b84100aec684b5c1ca0ee801000000,m,WRITE:41b8e9-41b8e9
430fc7-430fcc,78,2,83042406c3,,WRITE:0-0
430fcc-430fce,77,1,7301,,WRITE:0-0
430fcf-430fd7,78,2,2b5304e801000000,,WRITE:0-0
430fd8-430fdd,78,2,83042406c3,,WRITE:0-0
430fdd-430fe3,77,1,0f8a01000000,,WRITE:0-0
430fe4-430ff5,78,3,811d9dba4100a9c1fcca8913e801000000,m,WRITE:41ba9d-431184
430ff6-430ffb,78,2,83042406c3,,WRITE:0-0
430ffb-431000,77,1,e907000000,,WRITE:0-0
431007-431013,78,3,81c6af41ee6750e801000000,,WRITE:0-0
431014-43101d,78,3,83c40458e901000000,,WRITE:0-0
43101e-431026,78,2,81ebfcffffffeb01,,WRITE:0-0
431027-43102c,77,1,e903000000,,WRITE:0-0
43102f-431038,78,2,83c7ff0f8549ffffff,,WRITE:0-0
431038-43103d,1,1,e801000000,,WRITE:0-0
43103e-431043,2,2,83042406c3,,WRITE:0-0
431043-431048,1,1,e90c000000,,WRITE:0-0
431054-431063,2,6,61518f0565b841006050e801000000,m,WRITE:41b865-0
431064-43106d,2,3,83c40458e903000000,,WRITE:0-0
431070-43107c,2,4,688c1143004e5fe801000000,,WRITE:0-0
43107d-43109c,2,8,83c4046681cefeeabbf521110abaef62a3f7fc81c2402587ed50e801000000,,WRITE:0-0
43109d-4310a7,2,3,83c404580f8c01000000,,WRITE:0-0
4310a7-4310bc,2,6,f96633f1bdff56418ffc81edbb56418fe801000000,,WRITE:0-0
4310bd-4310c2,2,2,83042406c3,,WRITE:0-0
4310c2-4310cf,2,4,f86681d059778b0fe801000000,,WRITE:0-0
4310c8-4310cf,68,2,8b0fe801000000,,WRITE:0-0
4310d0-4310d5,69,2,83042406c3,,WRITE:0-0
4310d5-4310ee,69,5,6681d65392662bc18135d5ba4100e6c9046733cae801000000,m,WRITE:41bad5-41bad5
4310ef-4310f7,69,2,83c404e903000000,,WRITE:0-0
4310fa-431102,69,2,c1c113e801000000,,WRITE:0-0
431103-431108,69,2,83042406c3,,WRITE:0-0
431108-43110d,68,1,e82cccffff,,WRITE:0-0
43110d-431112,68,1,e905000000,,WRITE:0-0
431117-43112b,69,5,812d49b84100010d7c7883effc030f83ef04eb01,m,WRITE:41b849-41b849
43112c-431131,68,1,e902000000,,WRITE:0-0
431133-431137,69,2,890feb01,m,WRITE:43118c-431298
431138-43113d,68,1,e8fccbffff,,WRITE:0-0
43113d-431142,68,1,e909000000,,WRITE:0-0
43114b-431153,69,2,81c231b542c5eb01,,WRITE:0-0
431154-431164,69,5,c1e3d6f981effcffffff50e801000000,,WRITE:0-0
431165-43116e,69,3,83c40458e903000000,,WRITE:0-0
431171-43117a,69,2,83c5ff0f854effffff,,WRITE:0-0
43117a-43117c,1,1,7603,,WRITE:0-0
43117f-431184,1,1,e821e1ffff,,WRITE:0-0
431184-431189,1,1,e903000000,,WRITE:0-0
43118c-43119a,2,5,61578f05e5b8410060e801000000,m,WRITE:41b8e5-0
43119b-4311a4,2,2,83c4040f8002000000,,WRITE:0-0
4311a4-4311b6,2,7,85f885fd68a01243008bc35b50e801000000,,WRITE:0-0
4311b7-4311bd,2,3,83c404587904,,WRITE:0-0
4311c1-4311d0,2,3,bdaec61ea4be6fef8b4ce801000000,,WRITE:0-0
4311d1-4311e9,2,7,83c40487fd87c7bac8a031484f81f28da03148e801000000,,WRITE:0-0
4311ea-4311ef,2,2,83042406c3,,WRITE:0-0
4311ef-4311f4,1,1,e902000000,,WRITE:0-0
4311f6-431205,2,5,548f0585b941008b0b50e801000000,m,WRITE:41b985-0
4311fd-431205,69,3,8b0b50e801000000,,WRITE:0-0
431206-43120f,70,3,83c40458e905000000,,WRITE:0-0
431214-431218,70,2,33ceeb01,,WRITE:0-0
431219-431225,70,4,66c1c577c1e81ec1c9037803,,WRITE:0-0
431225-431227,69,1,7901,,WRITE:0-0
431228-43122a,69,1,7d01,,WRITE:0-0
43122a-43123e,2,5,4066bdf99b8135ddba4100df592fce334b047203,m,WRITE:41badd-0
43122b-43123e,69,4,66bdf99b8135ddba4100df592fce334b047203,m,WRITE:41badd-41badd
43123e-431240,69,1,7301,,WRITE:0-0
431241-431246,69,1,e903000000,,WRITE:0-0
431249-43124d,70,2,890beb01,m,WRITE:4312a0-4313b0
43124e-431254,69,1,0f8b02000000,,WRITE:0-0
431254-43125f,37,4,d3ddfc81f6ef17d903eb01,,WRITE:0-0
431256-43125f,34,3,fc81f6ef17d903eb01,,WRITE:0-0
431260-431265,69,1,e8d4caffff,,WRITE:0-0
431265-43126b,69,1,0f8803000000,,WRITE:0-0
43126b-431279,70,4,66d3d5c1c89281c304000000eb01,,WRITE:0-0
43127a-43127c,69,1,7201,,WRITE:0-0
43127c-431293,70,5,4d668bc5810529bb41006450b5c483ea010f856affffff,m,WRITE:41bb29-41bb29
431293-431299,2,2,50e801000000,,WRITE:0-0
43129a-4312ae,2,9,83c404584ffc61508f0551b8410060e801000000,m,WRITE:41b851-0
4312af-4312be,2,7,83c404f923d068ba134300f9587603,,WRITE:0-0
4312c1-4312de,2,7,87ea13fb812571ba41002a4d0a53be81b29d0185d581c638c50fce7603,m,WRITE:41ba71-0
4312de-4312e0,1,1,7701,,WRITE:0-0
4312e1-4312e6,1,1,e902000000,,WRITE:0-0
4312e8-4312fa,2,4,b969c313b7d3cf81f15ec313b7e801000000,,WRITE:0-0
4312fb-431303,2,2,83c404e905000000,,WRITE:0-0
431308-43130f,56,2,8b18e801000000,,WRITE:0-0
431310-431315,56,2,83042406c3,,WRITE:0-0
431315-431324,56,4,4a810d11bb410056ff8bb903de7c03,m,WRITE:41bb11-41bb11
431324-431326,13,1,7d01,,WRITE:0-0
431327-43132c,55,1,e80dcaffff,,WRITE:0-0
43132c-431331,55,1,e90a000000,,WRITE:0-0
43133b-43134d,56,3,812d99b84100778dfd28c1cb0ee801000000,m,WRITE:41b899-41b899
43134e-431353,56,2,83042406c3,,WRITE:0-0
431353-43135c,56,3,66c1ff31035804eb01,,WRITE:0-0
43135d-431365,56,3,66bfda3b8918eb01,m,WRITE:4313ba-431492
431366-43136c,55,1,0f8201000000,,WRITE:0-0
43136c-431379,25,4,4a81f6012c724350e801000000,,WRITE:0-0
43136d-431379,32,3,81f6012c724350e801000000,,WRITE:0-0
43137a-43138b,56,6,83c40458f981c00400000050e801000000,,WRITE:0-0
43138c-431399,56,4,83c40458c1df110f8604000000,,WRITE:0-0
431399-4313a6,56,3,66bde46283e9010f8562ffffff,,WRITE:0-0
4313a6-4313ab,1,1,e801000000,,WRITE:0-0
4313ac-4313b1,2,2,83042406c3,,WRITE:0-0
4313b1-4313b6,1,1,e8efdeffff,,WRITE:0-0
4313b6-4313c8,2,6,66ba347c61558f0575b9410060e801000000,m,WRITE:41b975-0
4313c9-4313ce,2,2,83042406c3,,WRITE:0-0
4313ce-4313d7,2,3,8bf9b89b144300eb01,,WRITE:0-0
4313d8-4313e8,2,5,4fbb0c7a34718bfb81ebe82c73b2eb01,,WRITE:0-0
4313e9-4313f8,2,4,66ba5ce4be4200000050e801000000,,WRITE:0-0
4313f9-431402,2,3,83c40458e903000000,,WRITE:0-0
431405-431409,67,2,8b287803,,WRITE:0-0
431409-43140b,66,1,7901,,WRITE:0-0
43140c-431411,66,1,e909000000,,WRITE:0-0
43141a-43142b,67,3,811dd9ba4100a3c9bdbf03ebe801000000,m,WRITE:41bad9-41bad9
43142c-431434,67,2,83c404e902000000,,WRITE:0-0
431436-43143b,67,2,c1cd13eb01,,WRITE:0-0
43143c-43144d,67,4,87d78135d1b8410083b3adf6036804eb01,m,WRITE:41b8d1-41b8d1
43144e-431454,67,3,8bfb89287203,m,WRITE:43149b-43159f
431454-431456,25,1,7301,,WRITE:0-0
431457-431464,67,3,87fa81eb2ea29423e801000000,,WRITE:0-0
431465-43146d,67,2,83c404e907000000,,WRITE:0-0
431474-43147f,67,2,81e8fcffffffe801000000,,WRITE:0-0
431480-431485,67,2,83042406c3,,WRITE:0-0
431485-431490,67,4,474a83ee010f8575ffffff,,WRITE:0-0
431490-431492,1,1,7e03,,WRITE:0-0
431495-43149a,1,1,e901000000,,WRITE:0-0
43149b-4314a0,1,1,e801000000,,WRITE:0-0
4314a1-4314a6,2,2,83042406c3,,WRITE:0-0
4314a6-4314ac,1,1,0f8704000000,,WRITE:0-0
4314b0-4314b7,2,2,bba71543007603,,WRITE:0-0
4314b7-4314b9,1,1,7701,,WRITE:0-0
4314ba-4314bf,1,1,e905000000,,WRITE:0-0
4314c4-4314cf,2,3,bd493554b050e801000000,,WRITE:0-0
4314d0-4314e5,2,5,83c4045881d68ef762b6bae6cf7e540f8205000000,,WRITE:0-0
4314e5-4314f2,2,3,b9470349aa81f2a7cf7e54eb01,,WRITE:0-0
4314f3-4314f8,1,1,e907000000,,WRITE:0-0
4314ff-431507,66,3,8b3b50e801000000,,WRITE:0-0
431508-431511,66,3,83c40458e908000000,,WRITE:0-0
431519-431521,66,3,33fd50e801000000,,WRITE:0-0
431522-431533,66,6,83c40458f966c1e8c4c1c714e801000000,,WRITE:0-0
431534-431539,66,2,83042406c3,,WRITE:0-0
431539-43153f,65,1,0f8603000000,,WRITE:0-0
43153f-431544,66,2,c1d6a97402,,WRITE:0-0
431544-43154b,66,3,d3d12b7b04eb01,,WRITE:0-0
43154c-431554,66,3,f8893be801000000,m,WRITE:4315a7-4316a7
431555-43155a,66,2,83042406c3,,WRITE:0-0
43155a-43155f,65,1,e8dac7ffff,,WRITE:0-0
43155f-431564,65,1,e908000000,,WRITE:0-0
43156c-431574,66,2,81c5da1f56b27603,,WRITE:0-0
431574-431576,20,1,7701,,WRITE:0-0
431577-43157c,65,1,e905000000,,WRITE:0-0
431581-431589,66,2,81ebfcffffff7603,,WRITE:0-0
43158c-431596,66,3,6623c74a0f8569ffffff,,WRITE:0-0
431596-43159c,2,2,50e801000000,,WRITE:0-0
43159d-4315a6,2,3,83c40458e901000000,,WRITE:0-0
4315a7-4315ad,2,2,50e801000000,,WRITE:0-0
4315ae-4315b7,2,3,83c40458e904000000,,WRITE:0-0
4315bb-4315c7,2,4,68b21643004e59e801000000,,WRITE:0-0
4315c8-4315cd,2,2,83042406c3,,WRITE:0-0
4315cd-4315d2,1,1,e905000000,,WRITE:0-0
4315d7-4315ec,2,4,bd14432dcd6681c8a5d681ed4cee46fae801000000,,WRITE:0-0
4315ed-431604,2,7,83c4044ebb696d23e7d3ef81c3d492dc1850e801000000,,WRITE:0-0
431605-43160e,2,3,83c40458e908000000,,WRITE:0-0
431616-431624,2,3,812de1b8410009f9349f8b117603,m,WRITE:41b8e1-0
431620-431624,61,2,8b117603,,WRITE:0-0
431624-431626,25,1,7701,,WRITE:0-0
431627-43162d,62,3,87fe2bd57403,,WRITE:0-0
43162d-43162f,61,1,7501,,WRITE:0-0
431630-431636,61,1,0f8102000000,,WRITE:0-0
431636-43163d,11,3,13fbc1ca187803,,WRITE:0-0
431638-43163d,52,2,c1ca187803,,WRITE:0-0
43163d-43163f,27,1,7901,,WRITE:0-0
431640-43164c,62,4,4866d3df335104e801000000,,WRITE:0-0
43164d-431657,62,4,83c40466d3e88911eb01,m,WRITE:4316b2-4317a2
431658-43165d,61,1,e908000000,,WRITE:0-0
431665-431671,62,3,81f5bcf4d7e050e801000000,,WRITE:0-0
431672-43167d,62,4,83c40458b88bbc8f407a04,,WRITE:0-0
431681-431689,62,2,81e9fcffffffeb01,,WRITE:0-0
43168a-43168f,61,1,e905000000,,WRITE:0-0
431694-4316a5,62,3,812d55b8410003bf49934b0f857bffffff,m,WRITE:41b855-41b855
4316a5-4316aa,1,1,e801000000,,WRITE:0-0
4316ab-4316b0,2,2,83042406c3,,WRITE:0-0
4316b0-4316c0,2,6,d3c761518f052dba410060e801000000,m,WRITE:41ba2d-0
4316c1-4316cf,2,4,83c404f9b8ac174300e801000000,,WRITE:0-0
4316d0-4316d5,2,2,83042406c3,,WRITE:0-0
4316d5-4316e3,2,4,668bf04ebb3e769555e801000000,,WRITE:0-0
4316e4-4316e9,2,2,83042406c3,,WRITE:0-0
4316e9-4316fa,2,5,87d6bf917cede087f181f7d27cede07e03,,WRITE:0-0
4316fa-4316fc,1,1,7f01,,WRITE:0-0
4316fd-431703,1,1,0f8b02000000,,WRITE:0-0
431705-43170c,68,2,8b28e801000000,,WRITE:0-0
43170d-431712,68,2,83042406c3,,WRITE:0-0
431712-431717,67,1,e88edbffff,,WRITE:0-0
431717-431721,68,3,c1fea633ebe801000000,,WRITE:0-0
431722-431727,68,2,83042406c3,,WRITE:0-0
431727-431731,68,4,f9c1cd1450e801000000,,WRITE:0-0
431732-43173b,68,3,83c40458e8fec5ffff,,WRITE:0-0
43173b-431741,67,1,0f8c04000000,,WRITE:0-0
431741-43174e,68,4,66c1e97933680450e801000000,,WRITE:0-0
43174f-43175f,68,6,83c40458f866b9d3d78928e801000000,m,WRITE:4317ac-4318b4
431760-431765,68,2,83042406c3,,WRITE:0-0
431765-43176a,67,1,e907000000,,WRITE:0-0
431771-43177d,68,3,81ebd695c86550e801000000,,WRITE:0-0
43177e-431784,68,3,83c404587b03,,WRITE:0-0
431784-431792,68,3,6633d681e8fcffffffe801000000,,WRITE:0-0
431793-431798,68,2,83042406c3,,WRITE:0-0
431798-43179c,68,2,87d67b01,,WRITE:0-0
43179d-4317a6,68,2,83ef010f855fffffff,,WRITE:0-0
4317a6-4317a8,1,1,eb01,,WRITE:0-0
4317a9-4317ba,2,7,8bf3f861518f05edb9410060e801000000,m,WRITE:41b9ed-0
4317bb-4317c0,2,2,83c4047803,,WRITE:0-0
4317c0-4317c9,2,2,c1eb960f8a04000000,,WRITE:0-0
4317cd-4317d7,2,2,bfbd184300e801000000,,WRITE:0-0
4317d8-4317dd,2,2,83042406c3,,WRITE:0-0
4317dd-4317e2,1,1,e904000000,,WRITE:0-0
4317e6-4317f0,2,2,bd60299731e801000000,,WRITE:0-0
4317f1-4317f6,2,2,83042406c3,,WRITE:0-0
4317f6-4317fb,1,1,e83ec5ffff,,WRITE:0-0
4317fb-431800,1,1,e905000000,,WRITE:0-0
431805-431814,2,4,b9471de37187d681e9091de371eb01,,WRITE:0-0
431815-43181c,2,4,8bd6fc8b077603,,WRITE:0-0
431818-43181c,62,2,8b077603,,WRITE:0-0
43181c-43181e,62,1,7701,,WRITE:0-0
43181f-431824,62,1,e901000000,,WRITE:0-0
431825-431836,63,3,811d31b941007396b65403c5e801000000,m,WRITE:41b931-41b931
431837-43183e,63,3,83c404d3d27201,,WRITE:0-0
43183e-431844,5,3,4ac1c005eb01,,WRITE:0-0
43183f-431844,59,2,c1c005eb01,,WRITE:0-0
431845-43184a,62,1,e905000000,,WRITE:0-0
43184f-431854,63,2,3347047603,,WRITE:0-0
431854-431856,62,1,7701,,WRITE:0-0
431857-431862,63,4,66d3c2890750e801000000,m,WRITE:4318bd-4319b1
431863-431869,63,3,83c404587401,,WRITE:0-0
431869-431881,63,6,fc682359635e8f05fdba410081c54a2f9b4d50e801000000,m,WRITE:41bafd-41bafd
431882-43188d,63,5,83c40458d3fa83c7047603,,WRITE:0-0
43188d-43188f,62,1,7701,,WRITE:0-0
431890-431895,62,1,e8a4c4ffff,,WRITE:0-0
431895-43189e,63,3,85de490f857affffff,,WRITE:0-0
43189e-4318a0,1,1,7203,,WRITE:0-0
4318a0-4318a2,1,1,7301,,WRITE:0-0
4318a3-4318a8,1,1,e90b000000,,WRITE:0-0
4318b3-4318c8,2,6,810d65ba41005e08b11d61568f0525b9410060eb01,m,WRITE:41ba65-41b925
4318c9-4318ce,1,1,e903000000,,WRITE:0-0
4318d1-4318d8,2,2,bebc1943007a03,,WRITE:0-0
4318d8-4318da,1,1,7b01,,WRITE:0-0
4318db-4318dd,1,1,7802,,WRITE:0-0
4318dd-4318ed,2,4,d3e8662bd1b922b783a10f8803000000,,WRITE:0-0
4318ed-4318fb,2,3,660bfd81e95e1fb89be801000000,,WRITE:0-0
4318fc-431901,2,2,83042406c3,,WRITE:0-0
431901-431906,1,1,e909000000,,WRITE:0-0
43190f-431918,2,4,683c000000fc5b7203,,WRITE:0-0
431918-43191a,1,1,7301,,WRITE:0-0
43191b-431920,1,1,e904000000,,WRITE:0-0
431924-431928,61,2,8b2e7403,,WRITE:0-0
431928-43192a,60,1,7501,,WRITE:0-0
43192b-431933,61,4,66d3e2fc33e97c03,,WRITE:0-0
431933-431935,33,1,7d01,,WRITE:0-0
431936-43193b,60,1,e901000000,,WRITE:0-0
43193c-431941,61,2,c1cd1eeb01,,WRITE:0-0
431942-431947,60,1,e909000000,,WRITE:0-0
431950-431958,61,2,2b6e04e801000000,,WRITE:0-0
431959-43195e,61,2,83042406c3,,WRITE:0-0
43195e-431963,61,3,fc892eeb01,m,WRITE:4319bc-431aa8
431964-431969,60,1,e8d0c3ffff,,WRITE:0-0
431969-431978,61,4,66c1c7e3661bd781e9963fc9aeeb01,,WRITE:0-0
431979-431996,61,6,4281d2547be827810dd1b9410030b5297381c60400000050e801000000,m,WRITE:41b9d1-41b9d1
431997-4319a0,61,3,83c40458e902000000,,WRITE:0-0
4319a2-4319ab,61,2,83c3ff0f8579ffffff,,WRITE:0-0
4319ab-4319ad,1,1,7403,,WRITE:0-0
4319b0-4319ca,2,7,87fa811d35ba4100c7be349b61518f05ddb8410060e801000000,m,WRITE:41ba35-41b8dd
4319cb-4319d0,2,2,83042406c3,,WRITE:0-0
4319d0-4319d5,1,1,e908000000,,WRITE:0-0
4319dd-4319e4,2,2,beb31a4300eb01,,WRITE:0-0
4319e5-4319ea,1,1,e903000000,,WRITE:0-0
4319ed-4319f8,2,3,bb134a147150e801000000,,WRITE:0-0
4319f9-431a0a,2,6,83c40458b895db534947ba3f0000007203,,WRITE:0-0
431a0a-431a0c,1,1,7301,,WRITE:0-0
431a0d-431a18,2,4,66d3e78b0e50e801000000,,WRITE:0-0
431a10-431a18,63,3,8b0e50e801000000,,WRITE:0-0
431a19-431a22,64,3,83c40458e903000000,,WRITE:0-0
431a25-431a2c,64,2,33cbe801000000,,WRITE:0-0
431a2d-431a32,64,2,83042406c3,,WRITE:0-0
431a32-431a34,63,1,7401,,WRITE:0-0
431a34-431a3a,64,3,f9c1c1017203,,WRITE:0-0
431a3a-431a3c,30,1,7301,,WRITE:0-0
431a3d-431a42,63,1,e90a000000,,WRITE:0-0
431a4c-431a51,64,2,034e047603,,WRITE:0-0
431a51-431a53,21,1,7701,,WRITE:0-0
431a54-431a59,63,1,e902000000,,WRITE:0-0
431a5b-431a62,64,2,890ee801000000,m,WRITE:431ab3-431bab
431a63-431a6b,64,2,83c404e908000000,,WRITE:0-0
431a73-431a7e,64,2,81f389d17dade801000000,,WRITE:0-0
431a7f-431a8c,64,4,83c404b8ea6bb51683c604eb01,,WRITE:0-0
431a8d-431a92,63,1,e8a7c2ffff,,WRITE:0-0
431a92-431a9b,64,4,f9474a0f8575ffffff,,WRITE:0-0
431a9b-431aa0,1,1,e801000000,,WRITE:0-0
431aa1-431aa6,2,2,83042406c3,,WRITE:0-0
431aa6-431aa8,1,1,7301,,WRITE:0-0
431aa9-431ab8,2,2,813515b841001209a8b4e801000000,m,WRITE:41b815-0
431ab9-431abe,2,2,83042406c3,,WRITE:0-0
431abe-431ac9,2,5,85f168b31b4300f95aeb01,,WRITE:0-0
431aca-431ad3,2,4,4b49bd3b17bcb77102,,WRITE:0-0
431ad5-431ae0,2,2,81c52442fd15e801000000,,WRITE:0-0
431ae1-431ae9,2,2,83c404e904000000,,WRITE:0-0
431aed-431af7,2,2,b83f000000e801000000,,WRITE:0-0
431af8-431b00,2,2,83c404e904000000,,WRITE:0-0
431b04-431b0b,64,2,8b3ae801000000,,WRITE:0-0
431b0c-431b18,64,5,83c40485f166d3de33fd7403,,WRITE:0-0
431b18-431b1a,63,1,7501,,WRITE:0-0
431b1b-431b20,63,1,e819c2ffff,,WRITE:0-0
431b20-431b30,64,4,498105bdb941006b93ab9dc1cf027c03,m,WRITE:41b9bd-41b9bd
431b30-431b32,9,1,7d01,,WRITE:0-0
431b33-431b38,64,2,c1ce627d01,,WRITE:0-0
431b38-431b41,55,3,f9337a04e801000000,,WRITE:0-0
431b39-431b41,10,2,337a04e801000000,,WRITE:0-0
431b42-431b4e,64,4,83c40485d9893ae801000000,m,WRITE:431bb3-431cab
431b4f-431b54,64,2,83042406c3,,WRITE:0-0
431b54-431b63,64,3,66c1ce1581f5023f7e01e801000000,,WRITE:0-0
431b64-431b69,64,2,83042406c3,,WRITE:0-0
431b69-431b6e,63,1,e908000000,,WRITE:0-0
431b76-431b81,64,2,81eafcffffffe801000000,,WRITE:0-0
431b82-431b87,64,2,83042406c3,,WRITE:0-0
431b87-431b8c,63,1,e910000000,,WRITE:0-0
431b9c-431ba5,64,2,83e8010f855fffffff,,WRITE:0-0
431ba5-431baa,1,1,e801000000,,WRITE:0-0
431bab-431bb0,2,2,83042406c3,,WRITE:0-0
431bb0-431bb9,2,3,66d3c150e801000000,,WRITE:0-0
431bba-431bc3,2,3,83c40458e909000000,,WRITE:0-0
431bcc-431bd3,2,2,bab61c43007c03,,WRITE:0-0
431bd3-431bd5,1,1,7d01,,WRITE:0-0
431bd6-431be8,2,4,46812dbdb84100a7dd700db8c7642c2a7702,m,WRITE:41b8bd-0
431be8-431bf2,2,3,1bf181c06d69f88deb01,,WRITE:0-0
431bf3-431c0a,2,7,4f6613f8bd3d46afcd87f781c500ba503250e801000000,,WRITE:0-0
431c0b-431c17,2,5,83c4045866c1cf458b1a7c03,,WRITE:0-0
431c13-431c17,61,2,8b1a7c03,,WRITE:0-0
431c17-431c19,61,1,7d01,,WRITE:0-0
431c1a-431c1f,61,1,e904000000,,WRITE:0-0
431c23-431c2b,62,3,03d850e801000000,,WRITE:0-0
431c2c-431c35,62,3,83c40458e804c1ffff,,WRITE:0-0
431c35-431c3a,61,1,e902000000,,WRITE:0-0
431c3c-431c41,62,2,c1cb087c03,,WRITE:0-0
431c41-431c43,61,1,7d01,,WRITE:0-0
431c44-431c4a,61,1,0f8003000000,,WRITE:0-0
431c4a-431c5b,62,6,c1ffd183c204331a83ea0450e801000000,,WRITE:0-0
431c5c-431c65,62,3,83c40458e903000000,,WRITE:0-0
431c68-431c6c,62,2,891a7a03,m,WRITE:431cb6-431da6
431c6f-431c71,61,1,7206,,WRITE:0-0
431c71-431c82,62,4,81d6e575913966d3d181f0db646ea67203,,WRITE:0-0
431c82-431c84,61,1,7301,,WRITE:0-0
431c85-431c8a,61,1,e81bd6ffff,,WRITE:0-0
431c8a-431c96,62,4,d3e10bf181c204000000eb01,,WRITE:0-0
431c97-431c9c,61,1,e903000000,,WRITE:0-0
431c9f-431ca6,62,2,4d0f856dffffff,,WRITE:0-0
431ca6-431ca8,1,1,7a03,,WRITE:0-0
431cab-431cb0,1,1,e906000000,,WRITE:0-0
431cb6-431cb8,1,1,eb01,,WRITE:0-0
431cb9-431cbe,1,1,e909000000,,WRITE:0-0
431cc7-431cd0,2,4,68b11d4300fc5feb01,,WRITE:0-0
431cd1-431cd6,1,1,e863c0ffff,,WRITE:0-0
431cd6-431cdb,1,1,e902000000,,WRITE:0-0
431cdd-431cec,2,4,bb99d9ba7a8bcf81f3fc6c4c42eb01,,WRITE:0-0
431ced-431cf2,1,1,e902000000,,WRITE:0-0
431cf4-431cff,2,4,684000000066d3e9587e03,,WRITE:0-0
431d02-431d07,1,1,e90a000000,,WRITE:0-0
431d11-431d18,65,2,8b37e801000000,,WRITE:0-0
431d19-431d1e,65,2,83042406c3,,WRITE:0-0
431d1e-431d24,65,3,87ca33f37e03,,WRITE:0-0
431d24-431d26,37,1,7f01,,WRITE:0-0
431d27-431d2d,64,1,0f8103000000,,WRITE:0-0
431d30-431d43,65,4,810da5b94100f4ac9f7fc1ce0750e801000000,m,WRITE:41b9a5-41b9a5
431d44-431d4d,65,3,83c40458e858d5ffff,,WRITE:0-0
431d4d-431d53,64,1,0f8502000000,,WRITE:0-0
431d55-431d62,65,4,83c704033783ef04e801000000,,WRITE:0-0
431d63-431d75,65,6,83c4046681f1b3be85ca893750e801000000,m,WRITE:431db1-431ead
431d76-431d87,65,5,83c4045887ca81f356004e25e801000000,,WRITE:0-0
431d88-431d8d,65,2,83042406c3,,WRITE:0-0
431d8d-431d9a,65,4,fc4a81effcffffffe801000000,,WRITE:0-0
431d9b-431dab,65,5,83c404c1e1aa6623ef480f8566ffffff,,WRITE:0-0
431dab-431dad,1,1,7803,,WRITE:0-0
431dad-431daf,1,1,7901,,WRITE:0-0
431db0-431db3,2,2,4aeb01,,WRITE:0-0
431db4-431db9,1,1,e880bfffff,,WRITE:0-0
431db9-431dcb,2,6,c1ca8a68b81e43006623cd5850e801000000,,WRITE:0-0
431dcc-431dd5,2,3,83c40458e904000000,,WRITE:0-0
431dd9-431de0,2,2,bda70566dd7a03,,WRITE:0-0
431de3-431de6,2,2,fc7402,,WRITE:0-0
431de6-431df9,2,5,d3c2bf05074b6d66be70bc81ef61064b6d7603,,WRITE:0-0
431df9-431dfb,1,1,7701,,WRITE:0-0
431dfc-431e01,1,1,e8a4d4ffff,,WRITE:0-0
431e01-431e03,1,1,7b03,,WRITE:0-0
431e06-431e0e,2,3,428b18e801000000,,WRITE:0-0
431e07-431e0e,164,2,8b18e801000000,,WRITE:0-0
431e0f-431e17,165,2,83c404e903000000,,WRITE:0-0
431e1a-431e22,165,3,03dd50e801000000,,WRITE:0-0
431e23-431e2c,165,3,83c40458e90b000000,,WRITE:0-0
431e37-431e40,165,3,c1c31350e801000000,,WRITE:0-0
431e41-431e53,165,7,83c404584a83e8fc2b1883e804e801000000,,WRITE:0-0
431e54-431e66,165,5,83c40481c11701e91523cb8918e801000000,m,WRITE:431eb8-432144
431e67-431e6f,165,2,83c404e907000000,,WRITE:0-0
431e76-431e81,165,2,81f5f0fa8cafe801000000,,WRITE:0-0
431e82-431e87,165,2,83042406c3,,WRITE:0-0
431e87-431e8d,164,1,0f8402000000,,WRITE:0-0
431e8d-431e94,165,3,87d183c004eb01,,WRITE:0-0
431e95-431e9a,164,1,e902000000,,WRITE:0-0
431e9c-431ea3,165,2,4f0f8564ffffff,,WRITE:0-0
431ea3-431ea8,1,1,e801000000,,WRITE:0-0
431ea9-431eae,2,2,83042406c3,,WRITE:0-0
431eae-431eb3,1,1,e905000000,,WRITE:0-0
431eb8-431ebd,1,1,e84392ffff,,WRITE:0-0
431ebd-431ec4,2,2,6a00e80a000000,,WRITE:0-0
431ece-431ed3,1,1,e825000000,,WRITE:0-0
431ef8-431efa,2,2,6a00,,WRITE:0-0
4321be-4321d9,3,9,c80c0000fc5357568b7424208b7c242466813e4a430f85b1020000,,WRITE:0-0
4321d9-4321f0,3,7,83c60633dbba00000080c7442414080000004303d2750c,,WRITE:0-0
4321ec-4321f0,29325,2,03d2750c,,WRITE:0-0
4321f0-4321fe,969,9,909090908b1683c604f913d27328,,WRITE:0-0
4321fc-4321fe,28358,1,7328,,WRITE:0-0
4321fe-43220c,15562,8,909090908b4c241033c003d2750c,,WRITE:0-0
432208-43220c,108928,2,03d2750c,,WRITE:0-0
43220c-43221d,3829,11,909090908b1683c604f913d213c04975eb,,WRITE:0-0
432218-43221d,120661,3,13c04975eb,,WRITE:0-0
43221d-432226,15562,4,0244240c880747ebc6,anm,WRITE:401000-4198b1
432221-432226,203,3,880747ebc6,am,WRITE:401004-4199ff
432226-43222a,13766,2,03d2750c,,WRITE:0-0
43222a-43223c,395,9,909090908b1683c604f913d20f825f010000,,WRITE:0-0
432236-43223c,13371,1,0f825f010000,,WRITE:0-0
43223c-432240,5646,2,03d2750c,,WRITE:0-0
432240-432252,170,9,909090908b1683c604f913d20f83cf000000,,WRITE:0-0
43224c-432252,5476,1,0f83cf000000,,WRITE:0-0
432252-43225d,2615,4,b90400000033c003d2750c,,WRITE:0-0
432259-43225d,7843,2,03d2750c,,WRITE:0-0
43225d-43226e,324,11,909090908b1683c604f913d213c04975eb,,WRITE:0-0
432269-43226e,10134,3,13c04975eb,,WRITE:0-0
43226e-432271,2615,2,4874b0,,WRITE:0-0
432271-432277,2412,1,0f8903020000,,WRITE:0-0
432277-43227b,4,2,03d2750c,,WRITE:0-0
432287-432289,3,1,7342,,WRITE:0-0
4322cb-4322d6,4,4,b90100000033c003d2750c,,WRITE:0-0
4322e2-4322e7,4,3,13c04975eb,,WRITE:0-0
4322e7-4322fc,4,5,83c00789442410c644240c0083f8080f84f0feffff,,WRITE:0-0
432321-43232c,3032,4,b90700000033c003d2750c,,WRITE:0-0
432328-43232c,18187,2,03d2750c,,WRITE:0-0
43232c-43233d,688,11,909090908b1683c604f913d213c04975eb,,WRITE:0-0
432338-43233d,20531,3,13c04975eb,,WRITE:0-0
43233d-43234a,3032,5,8be8b90200000033c003d2750c,,WRITE:0-0
432346-43234a,3032,2,03d2750c,,WRITE:0-0
43234a-43235b,199,11,909090908b1683c604f913d213c04975eb,,WRITE:0-0
432356-43235b,5865,3,13c04975eb,,WRITE:0-0
43235b-432366,3032,5,8bc88bc583c10285c0740b,,WRITE:0-0
432366-432371,3029,6,909090908bd8e90a010000,,WRITE:0-0
432371-43237a,4,2,83f9020f8410010000,,WRITE:0-0
43237a-432381,2,4,4133c003d2750c,,WRITE:0-0
43237d-432381,4,2,03d2750c,,WRITE:0-0
43238d-432392,5,3,13c04975eb,,WRITE:0-0
432392-43239b,2,2,89442414e951feffff,,WRITE:0-0
43239b-4323a4,8121,3,b90100000003d2750c,,WRITE:0-0
4323a0-4323a4,12279,2,03d2750c,,WRITE:0-0
4323a4-4323b6,611,11,909090908b1683c604f913d213c903d2750c,,WRITE:0-0
4323b0-4323b6,19789,3,13c903d2750c,,WRITE:0-0
4323b6-4323c4,634,9,909090908b1683c604f913d272dc,,WRITE:0-0
4323c2-4323c4,19765,1,72dc,,WRITE:0-0
4323c4-4323c8,8121,3,49497534,,WRITE:0-0
4323c8-4323d7,1521,8,909090908bc3b90100000003d2750c,,WRITE:0-0
4323d3-4323d7,1161,2,03d2750c,,WRITE:0-0
4323d7-4323e9,98,11,909090908b1683c604f913d213c903d2750c,,WRITE:0-0
4323e3-4323e9,2584,3,13c903d2750c,,WRITE:0-0
4323e9-4323f7,75,9,909090908b1683c604f913d272dc,,WRITE:0-0
4323f5-4323f7,2606,1,72dc,,WRITE:0-0
4323f7-4323fc,1520,1,e97f000000,,WRITE:0-0
4323fc-43240f,6601,9,498bc18b4c24148be833c0d3e533c003d2750c,,WRITE:0-0
43240b-43240f,47970,2,03d2750c,,WRITE:0-0
43240f-432420,1781,11,909090908b1683c604f913d213c04975eb,,WRITE:0-0
43241b-432420,52790,3,13c04975eb,,WRITE:0-0
432420-43242d,6601,5,0bc58bd8b90100000003d2750c,,WRITE:0-0
432429-43242d,3102,2,03d2750c,,WRITE:0-0
43242d-43243f,284,11,909090908b1683c604f913d213c903d2750c,,WRITE:0-0
432439-43243f,9419,3,13c903d2750c,,WRITE:0-0
43243f-43244d,305,9,909090908b1683c604f913d272dc,,WRITE:0-0
43244b-43244d,9397,1,72dc,,WRITE:0-0
43244d-432454,6601,2,3d000001007324,,WRITE:0-0
432454-43245f,6601,6,909090903dff370000731a,,WRITE:0-0
43245f-43246a,5831,6,909090903d7f0200007310,,WRITE:0-0
43246a-432473,2643,6,9090909083f87f7708,,WRITE:0-0
432473-43248a,422,27,90909090414141418bee8bf72bf0f3a48bf5e962fdffff,am,WRITE:401022-4199fc
432479-43248a,771,11,41418bee8bf72bf0f3a48bf5e962fdffff,am,WRITE:404d1a-4114dd
43247a-43248a,5598,7,418bee8bf72bf0f3a48bf5e962fdffff,am,WRITE:401010-4198af
43247b-43248a,6770,7,8bee8bf72bf0f3a48bf5e962fdffff,am,WRITE:40100b-41989f
43248a-43249b,3,8,8bc72b4424248d6c24185e5f5bc9c20800,,WRITE:0-0
