41b000-41b006,2,2,60e801000000,,WRITE:0-0
41b007-41b00c,2,2,83042406c3,,WRITE:0-0
41b00c-41b012,2,3,4fc1cbea7502,,WRITE:0-0
41b014-41b01a,2,2,50e801000000,,WRITE:0-0
41b01b-41b022,2,4,83c40458f8eb01,,WRITE:0-0
41b023-41b027,2,2,8bdaeb01,,WRITE:0-0
41b028-41b02b,2,2,f97203,,WRITE:0-0
41b02e-41b034,2,2,4ee801000000,,WRITE:0-0
41b035-41b03a,2,2,83042406c3,,WRITE:0-0
41b03a-41b040,2,2,66bf03807a03,,WRITE:0-0
41b043-41b047,2,2,87f77a03,,WRITE:0-0
41b04a-41b04f,2,2,668bddeb01,,WRITE:0-0
41b050-41b05a,2,2,6681c719cee801000000,,WRITE:0-0
41b05b-41b063,2,3,83c404c1e374eb01,,WRITE:0-0
41b064-41b06a,1,1,0f8601000000,,WRITE:0-0
41b06b-41b070,1,1,e801000000,,WRITE:0-0
41b071-41b076,2,2,83c4047306,,WRITE:0-0
41b07c-41b07e,1,1,eb01,,WRITE:0-0
41b07f-41b086,2,3,4f50e801000000,,WRITE:0-0
41b087-41b090,2,4,83c4045866d3efeb01,,WRITE:0-0
41b091-41b095,2,2,85dfeb01,,WRITE:0-0
41b096-41b09c,1,1,0f8501000000,,WRITE:0-0
41b09c-41b09f,2,2,47eb01,,WRITE:0-0
41b0a0-41b0a4,2,2,87f37c03,,WRITE:0-0
41b0a4-41b0a6,1,1,7d01,,WRITE:0-0
41b0a7-41b0ae,2,2,8bdae801000000,,WRITE:0-0
41b0af-41b0b8,2,3,83c4044fe801000000,,WRITE:0-0
41b0b9-41b0be,2,2,83042406c3,,WRITE:0-0
41b0be-41b0c5,2,2,87f3e801000000,,WRITE:0-0
41b0c6-41b0d1,2,4,83c40487fe50e801000000,,WRITE:0-0
41b0d2-41b0dc,2,3,83c404580f8503000000,,WRITE:0-0
41b0df-41b0e5,2,2,50e801000000,,WRITE:0-0
41b0e6-41b0ed,2,4,83c40458f9eb01,,WRITE:0-0
41b0ee-41b0f5,2,2,85f3e801000000,,WRITE:0-0
41b0f6-41b0fb,2,2,83042406c3,,WRITE:0-0
41b0fb-41b0ff,2,2,85f37e03,,WRITE:0-0
41b102-41b107,1,1,e905000000,,WRITE:0-0
41b10c-41b113,2,2,bed8b14100eb01,,WRITE:0-0
41b114-41b120,2,4,f841bfacb6313ae801000000,,WRITE:0-0
41b121-41b138,2,6,83c40466d3d1ba2237411266bba5ea81eaf0364112eb01,,WRITE:0-0
41b139-41b13b,1,1,7601,,WRITE:0-0
41b13b-41b143,2,3,4b8b2ee801000000,,WRITE:0-0
41b13c-41b143,50,2,8b2ee801000000,,WRITE:0-0
41b144-41b149,51,2,83042406c3,,WRITE:0-0
41b149-41b152,51,4,d3c1c1f9b303ef7803,,WRITE:0-0
41b152-41b154,23,1,7901,,WRITE:0-0
41b155-41b160,51,4,85c1c1cd1350e801000000,,WRITE:0-0
41b161-41b16a,51,3,83c40458e902000000,,WRITE:0-0
41b16c-41b179,51,4,83c604332e83ee04e801000000,,WRITE:0-0
41b17a-41b182,51,2,83c404e905000000,,WRITE:0-0
41b187-41b18b,51,2,892e7e03,m,WRITE:41b1d8-41b29c
41b18b-41b18d,50,1,7f01,,WRITE:0-0
41b18e-41b19b,51,4,404881c79d7da7f0e801000000,,WRITE:0-0
41b19c-41b1ab,51,4,83c404f981c604000000e801000000,,WRITE:0-0
41b1ac-41b1c4,51,5,83c4048bd9811d99ba41009f7d254583c2ff0f8578ffffff,m,WRITE:41ba99-41ba99
41b1c4-41b1c9,1,1,e801000000,,WRITE:0-0
41b1ca-41b1cf,2,2,83042406c3,,WRITE:0-0
41b1cf-41b1d5,1,1,0f8902000000,,WRITE:0-0
41b1d7-41b1de,2,3,f950e801000000,,WRITE:0-0
41b1df-41b1f6,2,8,83c404584d85ee68a6b24100b99afc551358e801000000,,WRITE:0-0
41b1f7-41b1fc,2,2,83042406c3,,WRITE:0-0
41b1fc-41b209,2,3,d3e168e2230f200f8302000000,,WRITE:0-0
41b20b-41b20e,2,2,5feb01,,WRITE:0-0
41b20f-41b217,2,3,f8ba400000007a03,,WRITE:0-0
41b21a-41b22a,2,4,66b9e03f6681e567e08b18e801000000,,WRITE:0-0
41b223-41b22a,64,2,8b18e801000000,,WRITE:0-0
41b22b-41b230,65,2,83042406c3,,WRITE:0-0
41b230-41b23c,65,3,6681ee230a03dfe801000000,,WRITE:0-0
41b23d-41b242,65,2,83042406c3,,WRITE:0-0
41b242-41b247,64,1,e903000000,,WRITE:0-0
41b24a-41b252,65,2,c1c314e801000000,,WRITE:0-0
41b253-41b25c,65,2,83c4040f8305000000,,WRITE:0-0
41b261-41b269,65,2,035804e801000000,,WRITE:0-0
41b26a-41b26f,65,2,83042406c3,,WRITE:0-0
41b26f-41b276,65,4,d3eef88918eb01,m,WRITE:41b2a6-41b3a2
41b277-41b280,65,3,f981f7d8f09765eb01,,WRITE:0-0
41b281-41b285,65,2,d3c17601,,WRITE:0-0
41b285-41b28e,30,3,4583c004e801000000,,WRITE:0-0
41b286-41b28e,36,2,83c004e801000000,,WRITE:0-0
41b28f-41b294,65,2,83042406c3,,WRITE:0-0
41b294-41b2a0,65,3,6633cb83ea010f8583ffffff,,WRITE:0-0
41b2a0-41b2a2,1,1,eb01,,WRITE:0-0
41b2a3-41b2ab,2,3,f985eee801000000,,WRITE:0-0
41b2ac-41b2b1,2,2,83042406c3,,WRITE:0-0
41b2b1-41b2bd,2,4,85c8660bc6beacb34100eb01,,WRITE:0-0
41b2be-41b2c7,2,2,c1e0b90f8803000000,,WRITE:0-0
41b2c7-41b2dd,2,5,6603cfbba10dd05666d3c081f3342cb24fe801000000,,WRITE:0-0
41b2de-41b2f7,2,5,83c40487c8813549ba410008efef22ba44000000e801000000,m,WRITE:41ba49-0
41b2f8-41b2fd,2,2,83042406c3,,WRITE:0-0
41b2fd-41b304,2,2,480f8503000000,,WRITE:0-0
41b307-41b30b,69,2,8b2eeb01,,WRITE:0-0
41b30c-41b315,69,3,b912e3f07c33ebeb01,,WRITE:0-0
41b316-41b31b,68,1,e904000000,,WRITE:0-0
41b31f-41b324,69,2,c1cd05eb01,,WRITE:0-0
41b325-41b32a,68,1,e905000000,,WRITE:0-0
41b32f-41b341,69,3,8105b9b841003ef7c26b336e04e801000000,m,WRITE:41b8b9-41b8b9
41b342-41b347,69,2,83042406c3,,WRITE:0-0
41b347-41b34f,69,3,47892ee801000000,m,WRITE:41b3ac-41b4b8
41b350-41b355,69,2,83042406c3,,WRITE:0-0
41b355-41b363,69,4,87cf81ebbec80e6c50e801000000,,WRITE:0-0
41b364-41b36e,69,3,83c404580f8502000000,,WRITE:0-0
41b370-41b37d,69,3,d3c781eefcffffffe801000000,,WRITE:0-0
41b37e-41b383,69,2,83042406c3,,WRITE:0-0
41b383-41b388,68,1,e90a000000,,WRITE:0-0
41b392-41b39b,69,2,83ea010f856cffffff,,WRITE:0-0
41b39b-41b3a0,1,1,e801000000,,WRITE:0-0
41b3a1-41b3a9,2,2,83c404e903000000,,WRITE:0-0
41b3ac-41b3ba,2,5,61558f0501bb410060e801000000,m,WRITE:41bb01-0
41b3bb-41b3c3,2,2,83c404e904000000,,WRITE:0-0
41b3c7-41b3ce,2,2,bac2b44100eb01,,WRITE:0-0
41b3cf-41b3d4,1,1,e907000000,,WRITE:0-0
41b3db-41b3e6,2,2,b8804b0c8b0f8403000000,,WRITE:0-0
41b3e6-41b3f4,2,3,c1e13081f0d1438f5be801000000,,WRITE:0-0
41b3f5-41b3fa,2,2,83042406c3,,WRITE:0-0
41b3fa-41b40b,2,3,81e68985ecdbbbf93680580f8102000000,,WRITE:0-0
41b40d-41b415,2,2,81ebb13680587a03,,WRITE:0-0
41b418-41b41a,1,1,7c01,,WRITE:0-0
41b41a-41b422,2,3,498b3ae801000000,,WRITE:0-0
41b41b-41b422,72,2,8b3ae801000000,,WRITE:0-0
41b423-41b431,73,6,83c404f985cd2bf850e801000000,,WRITE:0-0
41b432-41b43b,73,3,83c40458e901000000,,WRITE:0-0
41b43c-41b444,73,2,c1c704e801000000,,WRITE:0-0
41b445-41b456,73,6,83c40487f16633f5037a0450e801000000,,WRITE:0-0
41b457-41b45d,73,3,83c404587302,,WRITE:0-0
41b45f-41b467,73,3,fc893ae801000000,m,WRITE:41b4c2-41b5de
41b468-41b46d,73,2,83042406c3,,WRITE:0-0
41b46d-41b46f,72,1,7803,,WRITE:0-0
41b46f-41b478,73,2,c1c9930f8401000000,,WRITE:0-0
41b478-41b484,73,3,f881c0487bf1f3e801000000,,WRITE:0-0
41b485-41b48a,73,2,83042406c3,,WRITE:0-0
41b48a-41b490,72,1,0f8401000000,,WRITE:0-0
41b490-41b49c,73,3,4d81eafcffffffe801000000,,WRITE:0-0
41b49d-41b4a2,73,2,83042406c3,,WRITE:0-0
41b4a2-41b4a7,72,1,e901000000,,WRITE:0-0
41b4a8-41b4b1,73,2,83c3ff0f856affffff,,WRITE:0-0
41b4b1-41b4b7,2,2,50e801000000,,WRITE:0-0
41b4b8-41b4c1,2,3,83c40458e901000000,,WRITE:0-0
41b4c2-41b4c7,1,1,e801000000,,WRITE:0-0
41b4c8-41b4cd,2,2,83042406c3,,WRITE:0-0
41b4cd-41b4de,2,5,6681c0d2c268e8b54100465be801000000,,WRITE:0-0
41b4df-41b4e4,2,2,83042406c3,,WRITE:0-0
41b4e4-41b4e9,1,1,e901000000,,WRITE:0-0
41b4ea-41b4f9,2,4,68b8807ef666bfff6d5ae801000000,,WRITE:0-0
41b4fa-41b4ff,2,2,83042406c3,,WRITE:0-0
41b4ff-41b505,1,1,0f8501000000,,WRITE:0-0
41b506-41b515,2,5,c1def168460000004059e801000000,,WRITE:0-0
41b516-41b525,2,3,83c40481eecbb89ec70f8a02000000,,WRITE:0-0
41b525-41b52e,2,3,87f78b2be801000000,,WRITE:0-0
41b527-41b52e,70,2,8b2be801000000,,WRITE:0-0
41b52f-41b534,71,2,83042406c3,,WRITE:0-0
41b534-41b53a,70,1,0f8402000000,,WRITE:0-0
41b53a-41b54f,71,6,d3e046687d504dbe8f0531b9410033eae801000000,m,WRITE:41b931-41b931
41b550-41b55c,71,3,83c4046603f20f8202000000,,WRITE:0-0
41b55c-41b563,54,3,03f2c1cd137a03,,WRITE:0-0
41b55e-41b563,18,2,c1cd137a03,,WRITE:0-0
41b563-41b565,37,1,7b01,,WRITE:0-0
41b566-41b56b,70,1,e901000000,,WRITE:0-0
41b56c-41b574,71,2,336b04e801000000,,WRITE:0-0
41b575-41b57a,71,2,83042406c3,,WRITE:0-0
41b57a-41b58c,71,5,668bfb68d88a0a288f050db94100892beb01,m,WRITE:41b90d-41b6fc
41b58d-41b592,70,1,e903000000,,WRITE:0-0
41b595-41b5aa,71,3,813595b94100ad26548881f225dfdcaae801000000,m,WRITE:41b995-41b995
41b5ab-41b5b0,71,2,83042406c3,,WRITE:0-0
41b5b0-41b5b5,70,1,e903000000,,WRITE:0-0
41b5b8-41b5ca,71,3,811559b94100d5b4d34481c304000000eb01,m,WRITE:41b959-41b959
41b5cb-41b5cd,70,1,7101,,WRITE:0-0
41b5ce-41b5d9,71,3,8bfe83c1ff0f854effffff,,WRITE:0-0
41b5d9-41b5de,1,1,e801000000,,WRITE:0-0
41b5df-41b5e4,2,2,83042406c3,,WRITE:0-0
41b5e4-41b5ea,2,2,66bedad6eb01,,WRITE:0-0
41b5eb-41b5ed,1,1,7802,,WRITE:0-0
41b5ed-41b5fb,2,5,85d6f9b806b7410050e801000000,,WRITE:0-0
41b5fc-41b610,2,6,83c40458f86681e9eb47bd59b1658be801000000,,WRITE:0-0
41b611-41b616,2,2,83042406c3,,WRITE:0-0
41b616-41b61b,1,1,e906000000,,WRITE:0-0
41b621-41b62c,2,2,bff4d312d80f8a01000000,,WRITE:0-0
41b62c-41b635,2,3,4681efb6d312d8eb01,,WRITE:0-0
41b636-41b642,2,3,b948287f2c8b18e801000000,,WRITE:0-0
41b63b-41b642,62,2,8b18e801000000,,WRITE:0-0
41b643-41b648,63,2,83c4047205,,WRITE:0-0
41b648-41b655,63,4,6681c174934233dde801000000,,WRITE:0-0
41b656-41b65e,63,2,83c404e904000000,,WRITE:0-0
41b662-41b66a,63,2,c1cb07e801000000,,WRITE:0-0
41b66b-41b670,63,2,83042406c3,,WRITE:0-0
41b670-41b685,63,6,f8810dc9b841003b367fc183e8fc331883c0fceb01,m,WRITE:41b8c9-41b8c9
41b686-41b68c,62,1,0f8505000000,,WRITE:0-0
41b691-41b699,63,3,428918e801000000,m,WRITE:41b706-41b7fa
41b69a-41b6a2,63,2,83c404e90a000000,,WRITE:0-0
41b6ac-41b6b8,63,3,81edd579b99550e801000000,,WRITE:0-0
41b6b9-41b6c2,63,3,83c40458e905000000,,WRITE:0-0
41b6c7-41b6d3,63,3,81c00400000050e801000000,,WRITE:0-0
41b6d4-41b6de,63,3,83c404580f8402000000,,WRITE:0-0
41b6de-41b6f4,63,5,8bcf68450d824d8f0579b9410083ef010f8547ffffff,m,WRITE:41b979-41b979
41b6f4-41b6f9,1,1,e801000000,,WRITE:0-0
41b6fa-41b703,2,2,83c4040f8502000000,,WRITE:0-0
41b705-41b70b,2,2,f9e801000000,,WRITE:0-0
41b70c-41b714,2,2,83c404e902000000,,WRITE:0-0
41b716-41b720,2,2,bb02b84100e801000000,,WRITE:0-0
41b721-41b726,2,2,83042406c3,,WRITE:0-0
41b726-41b72f,2,4,f94dbecc76f82d7102,,WRITE:0-0
41b731-41b739,2,2,81f605fa4fc2eb01,,WRITE:0-0
41b73a-41b73f,1,1,e901000000,,WRITE:0-0
41b740-41b74c,2,4,68cd5200004259e801000000,,WRITE:0-0
41b74d-41b75c,2,5,83c40466d3c287c58b3be801000000,,WRITE:0-0
41b755-41b75c,21197,2,8b3be801000000,,WRITE:0-0
41b75d-41b762,21198,2,83042406c3,,WRITE:0-0
41b762-41b767,21197,1,e906000000,,WRITE:0-0
41b76d-41b775,21198,3,03fe50e801000000,,WRITE:0-0
41b776-41b77f,21198,3,83c40458e90b000000,,WRITE:0-0
41b78a-41b78f,21198,2,c1c70b7603,,WRITE:0-0
41b78f-41b791,10694,1,7701,,WRITE:0-0
41b792-41b797,21197,1,e907000000,,WRITE:0-0
41b79e-41b7a3,21198,2,037b047c03,,WRITE:0-0
41b7a3-41b7a5,18435,1,7d01,,WRITE:0-0
41b7a6-41b7ab,21197,1,e902000000,,WRITE:0-0
41b7ad-41b7b5,21198,3,893b50e801000000,m,WRITE:41b802-430332
41b7b6-41b7bf,21198,3,83c40458e903000000,,WRITE:0-0
41b7c2-41b7ce,21198,3,81eee002bfda50e801000000,,WRITE:0-0
41b7cf-41b7d9,21198,3,83c404580f8802000000,,WRITE:0-0
41b7d9-41b7ed,21198,4,8bc5811db5ba4100115bbb2b81c3040000007603,m,WRITE:41bab5-41bab5
41b7ed-41b7ef,21197,1,7701,,WRITE:0-0
41b7f0-41b7fc,21198,4,c1cd6d03c7490f8559ffffff,,WRITE:0-0
41b7fc-41b7fe,1,1,eb01,,WRITE:0-0
41b7ff-41b801,1,1,7401,,WRITE:0-0
41b802-41b807,1,1,e9bb4a0100,,WRITE:0-0
42a8ce-42a8eb,2,11,520f31c1d002053467b52913c433c13185d5084100034424f8d1d05ac3,,WRITE:0-0
42b100-42b105,19,1,e800000000,,WRITE:0-0
42b105-42b10d,20,3,5d81ed05114100c3,,WRITE:0-0
42b12a-42b145,29,12,53505203c55053508b851c8541000fb60083e8333d990000007410,,WRITE:0-0
42b145-42b150,29,6,9090909058ff951c854100,,WRITE:0-0
42b150-42b152,28,1,eb17,,WRITE:0-0
42b169-42b171,29,5,5a89441500585bc3,,WRITE:0-0
42d0db-42d0e4,2,5,608bd087d687ea7203,,WRITE:0-0
42d0e4-42d0e6,1,1,7301,,WRITE:0-0
42d0e7-42d0f1,2,3,66be6ba650e801000000,,WRITE:0-0
42d0f2-42d0fb,2,4,83c4045866d3daeb01,,WRITE:0-0
42d0fc-42d100,2,2,87d67a03,,WRITE:0-0
42d103-42d105,1,1,7d02,,WRITE:0-0
42d107-42d10c,1,1,e801000000,,WRITE:0-0
42d10d-42d112,2,2,83042406c3,,WRITE:0-0
42d112-42d118,1,1,0f8701000000,,WRITE:0-0
42d119-42d11b,1,1,7c03,,WRITE:0-0
42d11b-42d11d,1,1,7d01,,WRITE:0-0
42d11e-42d123,2,2,668bd67e03,,WRITE:0-0
42d123-42d125,1,1,7f01,,WRITE:0-0
42d126-42d12b,2,2,66d3d2eb01,,WRITE:0-0
42d12c-42d12e,1,1,7401,,WRITE:0-0
42d12e-42d131,2,2,f87a03,,WRITE:0-0
42d134-42d13c,2,2,668bf2e801000000,,WRITE:0-0
42d13d-42d144,2,3,83c404d3daeb01,,WRITE:0-0
42d145-42d14b,2,2,46e801000000,,WRITE:0-0
42d14c-42d151,2,2,83042406c3,,WRITE:0-0
42d151-42d157,1,1,0f8701000000,,WRITE:0-0
42d158-42d15a,1,1,7803,,WRITE:0-0
42d15a-42d15c,1,1,7901,,WRITE:0-0
42d15d-42d165,2,2,6613d6e801000000,,WRITE:0-0
42d166-42d16b,2,2,83042406c3,,WRITE:0-0
42d16b-42d171,2,2,4de800000000,,WRITE:0-0
42d171-42d179,2,4,5d8bc53b45207c06,,WRITE:0-0
42d179-42d181,2,3,034520894520eb01,,WRITE:0-0
42d182-42d187,1,1,e909000000,,WRITE:0-0
42d190-42d19a,2,4,6886d24200d3da5feb01,,WRITE:0-0
42d19b-42d19e,2,2,fc7404,,WRITE:0-0
42d19e-42d1b4,2,6,66c1ee35b8196680db4a81c0d571d1c950e801000000,,WRITE:0-0
42d1b5-42d1be,2,3,83c40458e903000000,,WRITE:0-0
42d1c1-42d1c8,2,2,b9986378af7302,,WRITE:0-0
42d1ca-42d1d5,2,2,81f1b76378afe801000000,,WRITE:0-0
42d1d6-42d1db,2,2,83042406c3,,WRITE:0-0
42d1db-42d1e0,1,1,e906000000,,WRITE:0-0
42d1e6-42d1ea,48,2,8b1feb01,,WRITE:0-0
42d1eb-42d1f0,47,1,e904000000,,WRITE:0-0
42d1f4-42d1fb,48,2,33d8e801000000,,WRITE:0-0
42d1fc-42d204,48,2,83c404e90a000000,,WRITE:0-0
42d20e-42d213,48,2,c1cb14eb01,,WRITE:0-0
42d214-42d216,47,1,7802,,WRITE:0-0
42d216-42d222,48,4,87ee8be8335f04e801000000,,WRITE:0-0
42d223-42d228,48,2,83042406c3,,WRITE:0-0
42d228-42d22d,47,1,e903000000,,WRITE:0-0
42d230-42d234,48,2,891feb01,m,WRITE:42d286-42d33e
42d235-42d244,48,4,c1e2b181f020fbf5fd50e801000000,,WRITE:0-0
42d245-42d24b,48,3,83c404587102,,WRITE:0-0
42d24d-42d255,48,2,81c704000000eb01,,WRITE:0-0
42d256-42d25c,47,1,0f8801000000,,WRITE:0-0
42d25c-42d25f,48,2,4a7805,,WRITE:0-0
42d25f-42d26d,2,3,babfefa7c083c1ff0f8579ffffff,,WRITE:0-0
42d264-42d26d,47,2,83c1ff0f8579ffffff,,WRITE:0-0
42d26d-42d272,1,1,e801000000,,WRITE:0-0
42d273-42d27b,2,2,83c404e90b000000,,WRITE:0-0
42d286-42d28b,1,1,e875deffff,,WRITE:0-0
42d28b-42d29f,2,5,68200300008dbd11184000576a00ff9573fd4000,,WRITE:0-0
42d29f-42d2b8,2,8,6a0068800000006a036a006a01680000008057ff952bfd4000,,WRITE:0-0
42d2b8-42d2bf,2,2,400f8487000000,,WRITE:0-0
42d2bf-42d2cb,2,5,488bf86a0057ff9577fd4000,,WRITE:0-0
42d2cb-42d2db,2,5,2b856b81410096566a40ff95fffc4000,,WRITE:0-0
42d2db-42d2df,2,2,85c0745e,,WRITE:0-0
42d2df-42d2f6,2,12,90909090936a008d851118400050565357ff954ffd4000,,WRITE:0-0
42d2f6-42d300,2,4,8bc38bce60e884000000,,WRITE:0-0
42d300-42d308,2,2,39856f8141007424,,WRITE:0-0
42d32c-42d335,2,4,618d853533410050c3,,WRITE:0-0
42d335-42d33c,2,2,53ff9503fd4000,,WRITE:0-0
42d33c-42d345,2,4,965057ff9527fd4000,,WRITE:0-0
42d345-42d34c,2,3,5860e800000000,,WRITE:0-0
42d34c-42d367,2,9,5e83ee06b9c000000029cebaeed751a5c1e90283e90283f9007c1a,,WRITE:0-0
42d362-42d367,48,2,83f9007c1a,,WRITE:0-0
42d367-42d381,48,9,8b048e8b5c8e0433c3c1c01433c281f220fbf5fd89048e49ebe1,m,WRITE:42d33e-42d286
42d381-42d384,2,3,6161c3,,WRITE:0-0
42d384-42d396,2,10,8bf833c033db33d28a07f7e203d84247e2f6,,WRITE:0-0
42d38c-42d396,164701,6,8a07f7e203d84247e2f6,,WRITE:0-0
42d396-42d398,2,2,93c3,,WRITE:0-0
42d398-42d3a1,2,3,60c1c586e801000000,,WRITE:0-0
42d3a2-42d3a9,2,3,83c40413ef7603,,WRITE:0-0
42d3a9-42d3ab,1,1,7701,,WRITE:0-0
42d3ac-42d3b4,2,3,2bcd50e801000000,,WRITE:0-0
42d3b5-42d3c0,2,4,83c4045885cde801000000,,WRITE:0-0
42d3c1-42d3cc,2,4,83c404d3e550e801000000,,WRITE:0-0
42d3cd-42d3d5,2,4,83c404582bfbeb01,,WRITE:0-0
42d3d6-42d3dc,1,1,0f8303000000,,WRITE:0-0
42d3dc-42d3e4,2,2,c1d740e801000000,,WRITE:0-0
42d3e5-42d3ef,2,4,83c404f850e801000000,,WRITE:0-0
42d3f0-42d3fa,2,4,83c40458fce801000000,,WRITE:0-0
42d3fb-42d400,2,2,83042406c3,,WRITE:0-0
42d400-42d402,1,1,7001,,WRITE:0-0
42d402-42d408,2,2,4de801000000,,WRITE:0-0
42d409-42d40e,2,2,83042406c3,,WRITE:0-0
42d40e-42d415,2,2,87f9e801000000,,WRITE:0-0
42d416-42d425,2,4,83c40481d1c3a473c150e801000000,,WRITE:0-0
42d426-42d430,2,4,83c40458f9e800000000,,WRITE:0-0
42d430-42d438,2,4,5d8bc53b45217c06,,WRITE:0-0
42d438-42d443,2,3,034521894521e801000000,,WRITE:0-0
42d444-42d44c,2,2,83c404e904000000,,WRITE:0-0
42d450-42d45a,2,4,6843d5420023fa5b7c03,,WRITE:0-0
42d45a-42d45c,1,1,7d01,,WRITE:0-0
42d45d-42d464,2,2,fc0f8502000000,,WRITE:0-0
42d466-42d475,2,5,68d99e7b04c1e70b5a50e801000000,,WRITE:0-0
42d476-42d47f,2,3,83c40458e90f000000,,WRITE:0-0
42d48e-42d49f,2,4,b8fe6c0e7ff981c01e93f180e801000000,,WRITE:0-0
42d4a0-42d4a5,2,2,83042406c3,,WRITE:0-0
42d4a5-42d4aa,1,1,e906000000,,WRITE:0-0
42d4b0-42d4b7,29,2,8b33e801000000,,WRITE:0-0
42d4b8-42d4c8,29,6,83c4046603e985ef2bf250e801000000,,WRITE:0-0
42d4c9-42d4d2,29,3,83c40458e906000000,,WRITE:0-0
42d4d8-42d4e0,29,2,c1c606e801000000,,WRITE:0-0
42d4e1-42d4ed,29,5,83c40466d3d1452b73047a03,,WRITE:0-0
42d4ed-42d4ef,14,1,7b01,,WRITE:0-0
42d4f0-42d4f5,28,1,e901000000,,WRITE:0-0
42d4f6-42d4fa,29,2,89337a03,m,WRITE:42d543-42d5af
42d4fa-42d4fc,14,1,7b01,,WRITE:0-0
42d4fd-42d502,28,1,e905000000,,WRITE:0-0
42d507-42d50f,29,2,81f2844f813feb01,,WRITE:0-0
42d510-42d515,28,1,e904000000,,WRITE:0-0
42d519-42d525,29,3,81ebfcffffff50e801000000,,WRITE:0-0
42d526-42d52f,29,3,83c40458e904000000,,WRITE:0-0
42d533-42d53a,29,2,480f8576ffffff,,WRITE:0-0
42d53a-42d53c,1,1,7a03,,WRITE:0-0
42d53f-42d548,2,3,85cf85cde8b8dbffff,,WRITE:0-0
42d548-42d55b,2,6,c68598334100c38db54ef8400056ad0bc07449,,WRITE:0-0
42d555-42d55b,3,4,56ad0bc07449,,WRITE:0-0
42d55b-42d56c,3,11,9090909050ad9151516a40ff95fffc4000,,WRITE:0-0
42d56c-42d592,3,41349,89854af840005958038546f840008bf0508bbd4af84000f3a45850ffb54af84000e82c4c0000,a,WRITE:4609d8-45be51
42d592-42d59e,3,2,ffb54af84000ff9503fd4000,,WRITE:0-0
42d59e-42d5a4,3,3,5e83c608ebb1,,WRITE:0-0
42d5a4-42d5b2,2,4,5e68307500006a40ff95fffc4000,,WRITE:0-0
42d5b2-42d5be,2,3,89854af8400060e800000000,,WRITE:0-0
42d5be-42d5d9,2,9,5e83ee06b97500000029ceba5dd1fa3bc1e90283e90283f9007c1a,,WRITE:0-0
42d5d4-42d5d9,29,2,83f9007c1a,,WRITE:0-0
42d5d9-42d5f3,29,9,8b048e8b5c8e0403c3c1c80603c281f2844f813f89048e49ebe1,m,WRITE:42d5af-42d543
42d5f3-42d5fa,2,3,6161e8f7240000,,WRITE:0-0
42d5fb-42d600,1,1,e800dbffff,,WRITE:0-0
42d600-42d61d,2,9,8d8583fb40008bd850508b85208541000fb60083e8333d990000007410,,WRITE:0-0
42d61d-42d628,2,6,9090909058ff9520854100,,WRITE:0-0
42d628-42d62a,1,1,eb17,,WRITE:0-0
42d641-42d645,2,2,0bc0753d,,WRITE:0-0
42d682-42d699,2,5,8bd8898512204000b890fb4000bafffc4000e891daffff,,WRITE:0-0
42d699-42d6a8,2,3,b89cfb4000ba03fd4000e882daffff,,WRITE:0-0
42d6a8-42d6b7,2,3,b8a7fb4000ba17fd4000e873daffff,,WRITE:0-0
42d6b7-42d6c6,2,3,b8bbfb4000ba1bfd4000e864daffff,,WRITE:0-0
42d6c6-42d6d5,2,3,b8d4fb4000ba1ffd4000e855daffff,,WRITE:0-0
42d6d5-42d6e4,2,3,b8e3fb4000ba23fd4000e846daffff,,WRITE:0-0
42d6e4-42d6f3,2,3,b8f1fb4000ba27fd4000e837daffff,,WRITE:0-0
42d6f3-42d702,2,3,b8fdfb4000ba2bfd4000e828daffff,,WRITE:0-0
42d702-42d711,2,3,b809fc4000ba2ffd4000e819daffff,,WRITE:0-0
42d711-42d720,2,3,b81afc4000ba47fd4000e80adaffff,,WRITE:0-0
42d720-42d72f,2,3,b82cfc4000ba4bfd4000e8fbd9ffff,,WRITE:0-0
42d72f-42d73e,2,3,b838fc4000ba4ffd4000e8ecd9ffff,,WRITE:0-0
42d73e-42d74d,2,3,b841fc4000ba53fd4000e8ddd9ffff,,WRITE:0-0
42d74d-42d75c,2,3,b84bfc4000ba57fd4000e8ced9ffff,,WRITE:0-0
42d75c-42d76b,2,3,b857fc4000ba5bfd4000e8bfd9ffff,,WRITE:0-0
42d76b-42d77a,2,3,b864fc4000ba5ffd4000e8b0d9ffff,,WRITE:0-0
42d77a-42d789,2,3,b87dfc4000ba67fd4000e8a1d9ffff,,WRITE:0-0
42d789-42d798,2,3,b88efc4000ba6bfd4000e892d9ffff,,WRITE:0-0
42d798-42d7a7,2,3,b89ffc4000ba6ffd4000e883d9ffff,,WRITE:0-0
42d7a7-42d7b6,2,3,b8a7fd4000baa3fd4000e874d9ffff,,WRITE:0-0
42d7b6-42d7c5,2,3,b8d7fd4000ba73fd4000e865d9ffff,,WRITE:0-0
42d7c5-42d7d4,2,3,b8eafd4000ba77fd4000e856d9ffff,,WRITE:0-0
42d7d4-42d7f1,2,9,8d85b0fc40008bd850508b85208541000fb60083e8333d990000007410,,WRITE:0-0
42d7f1-42d7fc,2,6,9090909058ff9520854100,,WRITE:0-0
42d7fc-42d7fe,1,1,eb17,,WRITE:0-0
42d815-42d819,2,2,0bc0753d,,WRITE:0-0
42d856-42d86d,2,5,8bd8898516204000b8bbfc4000ba07fd4000e8bdd8ffff,,WRITE:0-0
42d86d-42d87c,2,3,b8c7fc4000ba0bfd4000e8aed8ffff,,WRITE:0-0
42d87c-42d88b,2,3,b8d6fc4000ba0ffd4000e89fd8ffff,,WRITE:0-0
42d88b-42d89a,2,3,b8e4fc4000ba13fd4000e890d8ffff,,WRITE:0-0
42d89a-42d8a9,2,3,b8bafd4000bab6fd4000e881d8ffff,,WRITE:0-0
42d8a9-42d8b8,2,3,b8c8fd4000bac4fd4000e872d8ffff,,WRITE:0-0
42d8b8-42d8cb,2,371,8dbd83fb40008d8df1fc40002bcf33c0f3aac3,m,WRITE:429b83-429cf0
42dd39-42dd3c,438,2,607403,,WRITE:0-0
42dd3c-42dd3e,1,1,7501,,WRITE:0-0
42dd3f-42dd46,2,2,d3efe801000000,,WRITE:0-0
42dd47-42dd4c,2,2,83042406c3,,WRITE:0-0
42dd4c-42dd56,2,2,b883dbf4e4e801000000,,WRITE:0-0
42dd57-42dd5d,2,3,83c40440eb01,,WRITE:0-0
42dd5e-42dd64,1,1,0f8d03000000,,WRITE:0-0
42dd64-42dd69,2,2,668bfbeb01,,WRITE:0-0
42dd6a-42dd70,1,1,0f8101000000,,WRITE:0-0
42dd71-42dd76,1,1,e801000000,,WRITE:0-0
42dd77-42dd81,2,4,83c4044850e801000000,,WRITE:0-0
42dd82-42dd88,2,3,83c404587a02,,WRITE:0-0
42dd88-42dd8f,2,2,8bc5e801000000,,WRITE:0-0
42dd90-42dd95,2,2,83042406c3,,WRITE:0-0
42dd95-42dd9c,2,3,f950e801000000,,WRITE:0-0
42dd9d-42dda9,2,4,83c40458660bc1e801000000,,WRITE:0-0
42ddaa-42ddb6,2,4,83c404668bfa50e801000000,,WRITE:0-0
42ddb7-42ddbe,2,4,83c40458fc7403,,WRITE:0-0
42ddbe-42ddc0,1,1,7501,,WRITE:0-0
42ddc1-42ddc6,2,2,c1eaf27a03,,WRITE:0-0
42ddc9-42ddd1,2,2,668bd6e801000000,,WRITE:0-0
42ddd2-42ddd7,2,2,83042406c3,,WRITE:0-0
42ddd7-42ddd9,1,1,7501,,WRITE:0-0
42ddda-42dddf,1,1,e801000000,,WRITE:0-0
42dde0-42ddeb,2,3,83c40481e8d9721a6aeb01,,WRITE:0-0
42ddec-42ddf2,2,2,48e801000000,,WRITE:0-0
42ddf3-42ddf8,2,2,83042406c3,,WRITE:0-0
42ddf8-42ddfe,2,2,f8e801000000,,WRITE:0-0
42ddff-42de08,2,3,83c40442e800000000,,WRITE:0-0
42de08-42de10,2,4,5d8bc53b45217c06,,WRITE:0-0
42de10-42de1c,2,4,03452189452150e801000000,,WRITE:0-0
42de1d-42de27,2,3,83c404580f8201000000,,WRITE:0-0
42de27-42de32,2,5,4768e4de420087d059eb01,,WRITE:0-0
42de33-42de4a,2,5,66bac471bd429ed030668bd781f5e43d56aee801000000,,WRITE:0-0
42de4b-42de50,2,2,83042406c3,,WRITE:0-0
42de50-42de52,1,1,7603,,WRITE:0-0
42de52-42de5f,2,5,668bd5688300000085d05beb01,,WRITE:0-0
42de60-42de6f,2,4,668bd6bfdb4d5cdd8b31e801000000,,WRITE:0-0
42de68-42de6f,131,2,8b31e801000000,,WRITE:0-0
42de70-42de78,132,2,83c404e905000000,,WRITE:0-0
42de7d-42de81,132,2,33f57203,,WRITE:0-0
42de81-42de83,131,1,7301,,WRITE:0-0
42de84-42de8d,132,3,f9c1ce0ce801000000,,WRITE:0-0
42de8e-42de93,132,2,83042406c3,,WRITE:0-0
42de93-42de9f,132,5,85c283c104033183c1fc7403,,WRITE:0-0
42de9f-42dea1,131,1,7501,,WRITE:0-0
42dea2-42dead,132,4,6681e08d67d3fa89317c03,m,WRITE:42dee4-42e0ec
42dead-42deaf,131,1,7d01,,WRITE:0-0
42deb0-42deba,132,4,f9f981ed21a204b57603,,WRITE:0-0
42deba-42debc,38,1,7701,,WRITE:0-0
42debd-42deca,132,4,66d3d28bc283c104e801000000,,WRITE:0-0
42decb-42ded0,132,2,83042406c3,,WRITE:0-0
42ded0-42deda,132,3,f983eb010f858effffff,,WRITE:0-0
42deda-42dedc,1,1,7403,,WRITE:0-0
42dedf-42dee3,2,2,1bd37801,,WRITE:0-0
42dee3-42dee9,2,2,f8e817d2ffff,,WRITE:0-0
42dee9-42def2,2,2,80bda5524100c37409,,WRITE:0-0
42defb-42df11,2,3,66c7852cf54000000083bd4f814100000f84e5010000,,WRITE:0-0
42e0f6-42e0fc,2,2,60e800000000,,WRITE:0-0
42e0fc-42e117,2,9,5e83ee06b91202000029cebae44e2cb2c1e90283e90283f9007c1a,,WRITE:0-0
42e112-42e117,132,2,83f9007c1a,,WRITE:0-0
42e117-42e131,132,9,8b048e8b5c8e042bc3c1c00c33c281c221a204b589048e49ebe1,m,WRITE:42e0ec-42dee4
42e131-42e135,2,3,61f87001,,WRITE:0-0
42e135-42e139,2,3,4e407803,,WRITE:0-0
42e139-42e13b,1,1,7901,,WRITE:0-0
42e13c-42e145,2,3,66d3ea50e801000000,,WRITE:0-0
42e146-42e14d,2,4,83c40458fceb01,,WRITE:0-0
42e14e-42e152,2,2,d3deeb01,,WRITE:0-0
42e153-42e157,2,2,d3d8eb01,,WRITE:0-0
42e158-42e15f,2,2,2bd6e801000000,,WRITE:0-0
42e160-42e16b,2,3,83c40481e254a9d1847803,,WRITE:0-0
42e16e-42e171,2,2,fc7403,,WRITE:0-0
42e171-42e173,1,1,7501,,WRITE:0-0
42e174-42e17a,2,2,66c1ded77203,,WRITE:0-0
42e17a-42e17c,1,1,7301,,WRITE:0-0
42e17d-42e183,1,1,0f8b01000000,,WRITE:0-0
42e183-42e18a,2,3,fc50e801000000,,WRITE:0-0
42e18b-42e191,2,3,83c404587001,,WRITE:0-0
42e191-42e197,2,2,4ae801000000,,WRITE:0-0
42e198-42e19e,2,3,83c404fc7a03,,WRITE:0-0
42e1a1-42e1a6,2,2,66d3e87e03,,WRITE:0-0
42e1a9-42e1ad,2,2,87c67a03,,WRITE:0-0
42e1b0-42e1b6,2,2,4ee801000000,,WRITE:0-0
42e1b7-42e1bc,2,2,83042406c3,,WRITE:0-0
42e1bc-42e1c4,2,3,85f050e801000000,,WRITE:0-0
42e1c5-42e1d0,2,5,83c40458f950e801000000,,WRITE:0-0
42e1d1-42e1d9,2,4,83c4045885c27803,,WRITE:0-0
42e1d9-42e1db,1,1,7901,,WRITE:0-0
42e1dc-42e1e5,2,3,6603f250e801000000,,WRITE:0-0
42e1e6-42e1ef,2,4,83c40458668bf27403,,WRITE:0-0
42e1ef-42e1f1,1,1,7501,,WRITE:0-0
42e1f2-42e1f8,1,1,0f8a05000000,,WRITE:0-0
42e1f8-42e202,2,2,be40d314e1e800000000,,WRITE:0-0
42e202-42e20a,2,4,5d8bc53b45147c06,,WRITE:0-0
42e20a-42e212,2,3,034514894514eb01,,WRITE:0-0
42e213-42e221,2,6,4e4868dce24200f85be801000000,,WRITE:0-0
42e222-42e227,2,2,83042406c3,,WRITE:0-0
42e227-42e239,2,5,4868f8444f6881dade26bd9e5fe801000000,,WRITE:0-0
42e23a-42e23f,2,2,83042406c3,,WRITE:0-0
42e23f-42e244,1,1,e903000000,,WRITE:0-0
42e247-42e24e,2,2,bd80000000eb01,,WRITE:0-0
42e24f-42e251,1,1,7401,,WRITE:0-0
42e251-42e257,2,4,484e8b0b7c03,,WRITE:0-0
42e253-42e257,128,2,8b0b7c03,,WRITE:0-0
42e257-42e259,127,1,7d01,,WRITE:0-0
42e25a-42e25f,128,1,e903000000,,WRITE:0-0
42e262-42e266,129,2,33cfeb01,,WRITE:0-0
42e267-42e275,129,5,d3e0668bc5c1c11350e801000000,,WRITE:0-0
42e276-42e27c,129,3,83c404587902,,WRITE:0-0
42e27e-42e287,129,3,034b0450e801000000,,WRITE:0-0
42e288-42e29b,129,7,83c4045866b89cef668bd7890b50e801000000,m,WRITE:42e2dc-42e4d8
42e29c-42e2b1,129,8,83c404584afc528f053db9410081c71685e9b27403,m,WRITE:41b93d-41b93d
42e2b1-42e2b3,128,1,7501,,WRITE:0-0
42e2b4-42e2b9,128,1,e903000000,,WRITE:0-0
42e2bc-42e2c1,129,2,83c3047a03,,WRITE:0-0
42e2c1-42e2c3,64,1,7b01,,WRITE:0-0
42e2c4-42e2cd,129,3,85d64d0f8586ffffff,,WRITE:0-0
42e2cd-42e2d3,2,2,50e801000000,,WRITE:0-0
42e2d4-42e2e1,2,5,83c4045846668bd6e81fceffff,,WRITE:0-0
42e2e1-42e2f0,2,2,6681bd2cf5400000ff0f84ac000000,,WRITE:0-0
42e2f0-42e2fb,2,2,6681bd2cf5400001ff7439,,WRITE:0-0
42e2fb-42e30a,2,6,909090906681bd2cf5400002ff7453,,WRITE:0-0
42e30a-42e313,2,5,90909090e989000000,,WRITE:0-0
42e39c-42e3a9,2,2,80bd0d444100000f841b010000,,WRITE:0-0
42e4c4-42e4cd,2,2,80bd6cf7400001740c,,WRITE:0-0
42e4cd-42e4e6,2,15,909090909090909090909090c685393d4100c360e800000000,,WRITE:0-0
42e4e6-42e501,2,9,5e83ee06b90402000029cebae24a282ac1e90283e90283f9007c1a,,WRITE:0-0
42e4fc-42e501,129,2,83f9007c1a,,WRITE:0-0
42e501-42e51b,129,9,8b048e8b5c8e042bc3c1c81333c281ea1685e9b289048e49ebe1,m,WRITE:42e4d8-42e2dc
42e51b-42e522,2,3,6161e84c050000,,WRITE:0-0
42ea6e-42ea71,2,2,60eb04,,WRITE:0-0
42ea75-42ea7b,2,4,fc87f0f87b01,,WRITE:0-0
42ea7b-42ea80,2,3,fc87f87703,,WRITE:0-0
42ea83-42ea88,1,1,e801000000,,WRITE:0-0
42ea89-42ea8e,2,2,83042406c3,,WRITE:0-0
42ea8e-42ea93,2,2,668bf97a03,,WRITE:0-0
42ea96-42ea9d,2,2,be52695675eb01,,WRITE:0-0
42ea9e-42eaa2,2,2,d3c0eb01,,WRITE:0-0
42eaa3-42eaaa,2,2,beed2d74b0eb01,,WRITE:0-0
42eaab-42eab1,1,1,0f8701000000,,WRITE:0-0
42eab1-42eab4,2,2,48eb01,,WRITE:0-0
42eab5-42eab7,1,1,7c06,,WRITE:0-0
42eab7-42eac3,2,3,81ce9a29025250e801000000,,WRITE:0-0
42eac4-42eacb,2,4,83c40458f9eb01,,WRITE:0-0
42eacc-42ead4,2,2,81d60fea2be57c03,,WRITE:0-0
42ead7-42ead9,1,1,7c01,,WRITE:0-0
42eada-42eadc,1,1,eb01,,WRITE:0-0
42eadd-42eae2,2,2,6633f0eb01,,WRITE:0-0
42eae3-42eae9,2,2,66c1d66f7e03,,WRITE:0-0
42eae9-42eaeb,1,1,7f01,,WRITE:0-0
42eaec-42eaf4,2,2,668bc6e801000000,,WRITE:0-0
42eaf5-42eafc,2,3,83c4048bfaeb01,,WRITE:0-0
42eafd-42eb00,2,2,f8eb01,,WRITE:0-0
42eb01-42eb03,1,1,7102,,WRITE:0-0
42eb05-42eb0a,1,1,e801000000,,WRITE:0-0
42eb0b-42eb10,2,2,83c4047c01,,WRITE:0-0
42eb10-42eb13,2,2,f8eb01,,WRITE:0-0
42eb14-42eb1b,2,2,0bfae800000000,,WRITE:0-0
42eb1b-42eb23,2,4,5d8bc53b451d7c06,,WRITE:0-0
42eb23-42eb2e,2,3,03451d89451de801000000,,WRITE:0-0
42eb2f-42eb42,2,4,83c404bfeeec95e9681fec42000f8703000000,,WRITE:0-0
42eb45-42eb4c,2,3,5a50e801000000,,WRITE:0-0
42eb4d-42eb57,2,3,83c404580f8a01000000,,WRITE:0-0
42eb58-42eb6c,2,5,668bfebb48d11808fc81c31da93333e801000000,,WRITE:0-0
42eb6d-42eb76,2,2,83c4040f8901000000,,WRITE:0-0
42eb77-42eb89,2,5,48bd5589f39efc81f5b989f39ee801000000,,WRITE:0-0
42eb8a-42eb8f,2,2,83042406c3,,WRITE:0-0
42eb8f-42eb94,1,1,e904000000,,WRITE:0-0
42eb98-42eb9f,237,2,8b0ae801000000,,WRITE:0-0
42eba0-42eba8,237,2,83c404e909000000,,WRITE:0-0
42ebb1-42ebb8,237,2,2bcbe801000000,,WRITE:0-0
42ebb9-42ebc2,237,2,83c4040f8002000000,,WRITE:0-0
42ebc2-42ebcc,237,4,d3d766d3e6c1c9157e03,,WRITE:0-0
42ebcc-42ebce,5,1,7f01,,WRITE:0-0
42ebcf-42ebd5,237,3,48034a047403,,WRITE:0-0
42ebd5-42ebd7,231,1,7501,,WRITE:0-0
42ebd8-42ebe2,237,4,8bfa47890ae801000000,m,WRITE:42ec1f-42efcb
42ebe3-42ebeb,237,2,83c404e906000000,,WRITE:0-0
42ebf1-42ebfc,237,2,81c3f89bde50e801000000,,WRITE:0-0
42ebfd-42ec0d,237,5,83c40466d3ff87f781c204000000eb01,,WRITE:0-0
42ec0e-42ec19,237,3,87fe83ed010f857fffffff,,WRITE:0-0
42ec19-42ec1b,1,1,eb01,,WRITE:0-0
42ec1c-42ec24,2,3,87c7f9e8dcc4ffff,,WRITE:0-0
42ec24-42ec46,2,5,c6856e4a4100c3c6856df7400000c685744a41000080bd6cf74000010f848d030000,,WRITE:0-0
42ec46-42ec54,2,3,8a85634c41000ac00f847f030000,,WRITE:0-0
42efd3-42efd9,2,2,60e800000000,,WRITE:0-0
42efd9-42eff4,2,9,5e83ee06b9b403000029ceba0da7a577c1e90283e90283f9007c1a,,WRITE:0-0
42efef-42eff4,237,2,83f9007c1a,,WRITE:0-0
42eff4-42f00e,237,9,8b048e8b5c8e042bc3c1c01503c281eaf89bde5089048e49ebe1,m,WRITE:42efcb-42ec1f
42f00e-42f018,2,3,6166d3ea0f8103000000,,WRITE:0-0
42f018-42f021,2,3,66d3e246e801000000,,WRITE:0-0
42f022-42f02f,2,3,83c404bec414ec56e801000000,,WRITE:0-0
42f030-42f039,2,2,83c4040f8603000000,,WRITE:0-0
42f039-42f03e,2,2,668bdfeb01,,WRITE:0-0
42f03f-42f044,2,2,c1e644eb01,,WRITE:0-0
42f045-42f04b,2,2,fce801000000,,WRITE:0-0
42f04c-42f055,2,2,83c4040f8301000000,,WRITE:0-0
42f056-42f05b,1,1,e801000000,,WRITE:0-0
42f05c-42f061,2,2,83042406c3,,WRITE:0-0
42f061-42f065,2,2,87de7603,,WRITE:0-0
42f065-42f067,1,1,7701,,WRITE:0-0
42f068-42f06b,2,2,f8eb01,,WRITE:0-0
42f06c-42f072,1,1,0f8301000000,,WRITE:0-0
42f073-42f075,1,1,7e03,,WRITE:0-0
42f075-42f077,1,1,7f01,,WRITE:0-0
42f078-42f07f,2,2,85dae801000000,,WRITE:0-0
42f080-42f089,2,2,83c4040f8401000000,,WRITE:0-0
42f089-42f08f,2,2,fce801000000,,WRITE:0-0
42f090-42f09f,2,4,83c40481e3e0a27d5550e801000000,,WRITE:0-0
42f0a0-42f0ac,2,5,83c40458d3fe50e801000000,,WRITE:0-0
42f0ad-42f0b3,2,3,83c404587406,,WRITE:0-0
42f0b3-42f0be,2,2,81ca042378fee800000000,,WRITE:0-0
42f0be-42f0c6,2,4,5d8bc53b451a7c06,,WRITE:0-0
42f0c6-42f0d1,2,3,03451a89451ae801000000,,WRITE:0-0
42f0d2-42f0e2,2,6,83c40433d568b9f1420066d3e25feb01,,WRITE:0-0
42f0e3-42f0eb,2,3,f8b83e6666507803,,WRITE:0-0
42f0eb-42f0ed,1,1,7901,,WRITE:0-0
42f0ee-42f0f3,1,1,e90a000000,,WRITE:0-0
42f0fd-42f10e,2,3,811dd5b9410029be23b768290000007201,m,WRITE:41b9d5-0
42f10f-42f112,2,2,597403,,WRITE:0-0
42f112-42f114,1,1,7501,,WRITE:0-0
42f115-42f121,2,4,66bab0a98b2f50e801000000,,WRITE:0-0
42f119-42f121,41,3,8b2f50e801000000,,WRITE:0-0
42f122-42f12b,42,3,83c40458e902000000,,WRITE:0-0
42f12d-42f134,42,2,33e8e801000000,,WRITE:0-0
42f135-42f13a,42,2,83042406c3,,WRITE:0-0
42f13a-42f13f,41,1,e901000000,,WRITE:0-0
42f140-42f149,42,3,c1c50850e801000000,,WRITE:0-0
42f14a-42f15c,42,8,83c4045866d3e6f983effc332f83c7fc7c03,,WRITE:0-0
42f15c-42f15e,41,1,7d01,,WRITE:0-0
42f15f-42f166,42,2,420f8601000000,,WRITE:0-0
42f167-42f16e,42,2,892fe801000000,m,WRITE:42f1b9-42f259
42f16f-42f174,42,2,83042406c3,,WRITE:0-0
42f174-42f17a,41,1,0f8201000000,,WRITE:0-0
42f17a-42f186,42,4,4666d3e381c05c72ffb67603,,WRITE:0-0
42f186-42f188,12,1,7701,,WRITE:0-0
42f189-42f19b,42,5,f96681e20d3981c70400000050e801000000,,WRITE:0-0
42f19c-42f1b5,42,7,83c404584e4e811dadba41003d4a658283e9010f8564ffffff,m,WRITE:41baad-41baad
42f1b5-42f1b7,1,1,eb01,,WRITE:0-0
42f1b8-42f1be,2,2,43e842bfffff,,WRITE:0-0
42f1be-42f1cb,2,2,80bd744a4100000f8497000000,,WRITE:0-0
42f262-42f268,2,2,60e800000000,,WRITE:0-0
42f268-42f283,2,9,5e83ee06b9a900000029ceba9e4450e8c1e90283e90283f9007c1a,,WRITE:0-0
42f27e-42f283,42,2,83f9007c1a,,WRITE:0-0
42f283-42f29d,42,9,8b048e8b5c8e0433c3c1c80833c281ea5c72ffb689048e49ebe1,m,WRITE:42f259-42f1b9
42f29d-42f2a0,2,3,6161c3,,WRITE:0-0
42f2a5-42f2af,527,5,60d3f8fc50e801000000,,WRITE:0-0
42f2b0-42f2bb,2,4,83c4045885c3e801000000,,WRITE:0-0
42f2bc-42f2c1,2,2,83c4047302,,WRITE:0-0
42f2c3-42f2c5,1,1,7e03,,WRITE:0-0
42f2c5-42f2c7,1,1,7f01,,WRITE:0-0
42f2c8-42f2cf,2,2,13d0e801000000,,WRITE:0-0
42f2d0-42f2d5,2,2,83042406c3,,WRITE:0-0
42f2d5-42f2d7,1,1,7503,,WRITE:0-0
42f2da-42f2df,1,1,e801000000,,WRITE:0-0
42f2e0-42f2eb,2,4,83c40487d850e801000000,,WRITE:0-0
42f2ec-42f2f8,2,4,83c4045881ca978a3e93eb01,,WRITE:0-0
42f2f9-42f303,2,3,66c1ea0d50e801000000,,WRITE:0-0
42f304-42f310,2,5,83c4045887d350e801000000,,WRITE:0-0
42f311-42f319,2,4,83c4045887da7603,,WRITE:0-0
42f319-42f31b,1,1,7701,,WRITE:0-0
42f31c-42f322,1,1,0f8804000000,,WRITE:0-0
42f322-42f328,2,2,66c1e8e9eb01,,WRITE:0-0
42f329-42f32e,2,2,6623c27803,,WRITE:0-0
42f32e-42f330,1,1,7901,,WRITE:0-0
42f331-42f337,2,2,48e800000000,,WRITE:0-0
42f337-42f33f,2,4,5d8bc53b45167c06,,WRITE:0-0
42f33f-42f347,2,3,0345168945167a03,,WRITE:0-0
42f34a-42f356,2,4,48fcb950f44200e801000000,,WRITE:0-0
42f357-42f35f,2,2,83c404e90c000000,,WRITE:0-0
42f36b-42f37a,2,4,bdbce463ae87d881c53bfc33347803,,WRITE:0-0
42f37d-42f391,2,6,66c1e061f8689b00000066c1f8405fe801000000,,WRITE:0-0
42f392-42f397,2,2,83042406c3,,WRITE:0-0
42f397-42f39c,1,1,e902000000,,WRITE:0-0
42f39e-42f3a6,156,3,8b3150e801000000,,WRITE:0-0
42f3a7-42f3b0,156,3,83c40458e905000000,,WRITE:0-0
42f3b5-42f3b9,156,2,2bf57403,,WRITE:0-0
42f3b9-42f3bb,155,1,7501,,WRITE:0-0
42f3bc-42f3cb,156,4,81d346c8f360c1c61650e801000000,,WRITE:0-0
42f3cc-42f3e1,156,8,83c40458668bc183e9fc2b3183c1fc50e801000000,,WRITE:0-0
42f3e2-42f3e8,156,3,83c404587805,,WRITE:0-0
42f3e8-42f3f7,156,5,6681ebc2dad3f8893150e801000000,m,WRITE:42f450-42f6b8
42f3f8-42f40b,156,6,83c40458f8c1c80981f5065c3ab7e801000000,,WRITE:0-0
42f40c-42f411,156,2,83042406c3,,WRITE:0-0
42f411-42f416,155,1,e901000000,,WRITE:0-0
42f417-42f420,156,3,83c10450e801000000,,WRITE:0-0
42f421-42f42a,156,3,83c40458e906000000,,WRITE:0-0
42f430-42f437,156,2,4f0f8567ffffff,,WRITE:0-0
42f437-42f439,1,1,7c03,,WRITE:0-0
42f439-42f43b,1,1,7d01,,WRITE:0-0
42f43c-42f442,1,1,0f8a06000000,,WRITE:0-0
42f448-42f44e,1,1,0f8402000000,,WRITE:0-0
42f450-42f455,1,1,e8abbcffff,,WRITE:0-0
42f455-42f48c,2,10,c685a5524100c3c7850bf940000010400001ad0bf9400083850bf94000108b9546f840008bb507f9400003f28b460c0bc00f8425020000,a,WRITE:0-0
42f481-42f48c,2,3,8b460c0bc00f8425020000,a,WRITE:0-0
42f48c-42f4a5,2,13,83660c0003c28bd85657508bf38bfbacc0c003aa803f0075f6,anm,WRITE:4182c8-41851e
42f49b-42f4a5,12,5,acc0c003aa803f0075f6,am,WRITE:41851f-418529
42f4a5-42f4af,2,5,585f5e50ff9520854100,,WRITE:0-0
42f4af-42f4b3,2,2,0bc07543,,WRITE:0-0
42f4f6-42f500,2,6,602bc0880343380375f9,am,WRITE:41851e-0
42f4f9-42f500,12,4,880343380375f9,am,WRITE:41851f-418529
42f500-42f51d,2,7,6189853ef84000c78542f84000000000008b9546f840008b060bc07507,a,WRITE:0-0
42f511-42f51d,67,4,8b9546f840008b060bc07507,a,WRITE:0-0
42f524-42f541,68,8,03c2038542f840008b188b7e1003fa03bd42f8400085db0f8462010000,a,WRITE:0-0
42f541-42f549,67,2,f7c300000080751d,,WRITE:0-0
42f549-42f563,67,16,9090909003da83c3025657508bf38bfbacc0c003aa803f0075f6,am,WRITE:4183f2-4188ba
42f559-42f563,933,5,acc0c003aa803f0075f6,am,WRITE:4183f3-4188c6
42f563-42f56e,67,5,585f5e3b9d46f840007c11,,WRITE:0-0
42f56e-42f57b,67,6,9090909083bd1a20400000750a,,WRITE:0-0
42f57b-42f592,67,8,9090909081e3ffffff0f53ffb53ef84000ff951c854100,,WRITE:0-0
42f592-42f59a,67,2,3b9d46f840007c0f,,WRITE:0-0
42f59a-42f5a8,67,10,90909090602bc0880343380375f9,am,WRITE:4183f2-4188ba
42f5a1-42f5a8,933,4,880343380375f9,am,WRITE:4183f3-4188c6
42f5a8-42f5b1,67,3,610bc00f8415ffffff,,WRITE:0-0
42f5b1-42f5b9,67,2,3b852c8541007420,,WRITE:0-0
42f5b9-42f5c5,67,6,909090903b85c4fd40007409,,WRITE:0-0
42f5c5-42f5cb,67,5,90909090eb14,,WRITE:0-0
42f5df-42f5ef,67,5,56ffb53ef840005e39b5122040007415,,WRITE:0-0
42f604-42f60d,67,2,80bd16564100007457,,WRITE:0-0
42f664-42f681,67,266,5e608bd02bbd46f840008bc7b9010100008dbdebec4000f2af0bc97413,,WRITE:0-0
42f694-42f6a3,67,4,618907838542f8400004e96efeffff,anm,WRITE:412000-412104
42f6a3-42f6b1,2,3,83c6148b9546f84000e9d0fdffff,,WRITE:0-0
42f6b1-42f6c6,2,261,8dbdebec400033c0b900010000f3ab60e800000000,m,WRITE:428ceb-4290e7
42f6c6-42f6e1,2,9,5e83ee06b97002000029cebaf7e097e2c1e90283e90283f9007c1a,,WRITE:0-0
42f6dc-42f6e1,156,2,83f9007c1a,,WRITE:0-0
42f6e1-42f6fb,156,9,8b048e8b5c8e0403c3c1c81603c281f2065c3ab789048e49ebe1,m,WRITE:42f6b8-42f450
42f6fb-42f702,2,3,6161e8d9d9ffff,,WRITE:0-0
42fa37-42fa3d,2,2,60e8c3b6ffff,,WRITE:0-0
42fa3d-42fa67,2,6,c7850757410000000000b9000000008db53d1b40008dbdcd1c4000c7850b57410064000000e845000000,,WRITE:0-0
42fa67-42fa87,2,5,b9000000008db5d0f440008dbdfcf44000c7850b5741000b000000e825000000,,WRITE:0-0
42fa87-42faa7,2,5,b9000000008db5175741008dbda7584100c7850b57410064000000e805000000,,WRITE:0-0
42faa7-42faa9,1,1,eb46,,WRITE:0-0
42faac-42fab4,4,2,3b8d0b574100743a,,WRITE:0-0
42fab4-42fac2,4,8,909090908b048e8b1c8f0bc0742c,,WRITE:0-0
42faef-42faf1,2,2,61c3,,WRITE:0-0
42faf1-42faf4,2,2,60eb1d,,WRITE:0-0
42fb11-42fb16,1,1,e8eab5ffff,,WRITE:0-0
42fb16-42fb25,2,3,8b5424202b9546f84000e812ffffff,,WRITE:0-0
42fb25-42fb3f,2,5,ffb5075741008f85035741008b85f75a41000bc00f84e4000000,,WRITE:0-0
42fc23-42fc25,2,2,61c3,,WRITE:0-0
42fc48-42fc51,2,3,60668bfde801000000,,WRITE:0-0
42fc52-42fc57,2,2,83042406c3,,WRITE:0-0
42fc57-42fc5e,2,2,85d7e801000000,,WRITE:0-0
42fc5f-42fc64,2,2,83042406c3,,WRITE:0-0
42fc64-42fc6b,2,2,87c2e801000000,,WRITE:0-0
42fc6c-42fc77,2,4,83c40485d050e801000000,,WRITE:0-0
42fc78-42fc80,2,4,83c4045887c2eb01,,WRITE:0-0
42fc81-42fc83,1,1,7102,,WRITE:0-0
42fc85-42fc8a,1,1,e801000000,,WRITE:0-0
42fc8b-42fc95,2,3,83c40487d0e801000000,,WRITE:0-0
42fc96-42fc9b,2,2,83042406c3,,WRITE:0-0
42fc9b-42fca4,2,2,66bf0ea6e801000000,,WRITE:0-0
42fca5-42fcae,2,3,83c40442e801000000,,WRITE:0-0
42fcaf-42fcb4,2,2,83042406c3,,WRITE:0-0
42fcb4-42fcba,2,2,fce801000000,,WRITE:0-0
42fcbb-42fcc0,2,2,83042406c3,,WRITE:0-0
42fcc0-42fcca,2,2,6681dadc40e801000000,,WRITE:0-0
42fccb-42fcd2,2,3,83c40485d7eb01,,WRITE:0-0
42fcd3-42fcda,2,2,8bd6e801000000,,WRITE:0-0
42fcdb-42fce0,2,2,83c4047a02,,WRITE:0-0
42fce2-42fce8,2,2,50e801000000,,WRITE:0-0
42fce9-42fcef,2,3,83c404587c03,,WRITE:0-0
42fcef-42fcf7,2,2,c1d821e800000000,,WRITE:0-0
42fcf7-42fcff,2,4,5d8bc53b45257c06,,WRITE:0-0
42fcff-42fd0a,2,3,034525894525e801000000,,WRITE:0-0
42fd0b-42fd13,2,2,83c404e908000000,,WRITE:0-0
42fd1b-42fd28,2,4,68f3fd42008bc65be801000000,,WRITE:0-0
42fd29-42fd31,2,2,83c404e902000000,,WRITE:0-0
42fd33-42fd3e,2,4,68265ce0d866d3f85deb01,,WRITE:0-0
42fd3f-42fd48,2,3,8bfeb9080000007603,,WRITE:0-0
42fd48-42fd4a,1,1,7701,,WRITE:0-0
42fd4b-42fd4d,1,1,7c05,,WRITE:0-0
42fd4d-42fd63,2,4,6681e714228115e9b84100af424c098b33e801000000,m,WRITE:41b8e9-0
42fd5c-42fd63,8,2,8b33e801000000,,WRITE:0-0
42fd64-42fd6f,9,4,83c404f933f5e801000000,,WRITE:0-0
42fd70-42fd75,9,2,83042406c3,,WRITE:0-0
42fd75-42fd7e,9,4,f8668bc3c1c619eb01,,WRITE:0-0
42fd7f-42fd83,9,2,85d07401,,WRITE:0-0
42fd83-42fd92,9,6,4f83c304333383c3fc50e801000000,,WRITE:0-0
42fd93-42fda2,9,6,83c4045866d3c8893350e801000000,m,WRITE:42fdf3-42fe0f
42fda3-42fdb8,9,5,83c4045881e71a3cc46481f5806eee3be801000000,,WRITE:0-0
42fdb9-42fdbe,9,2,83042406c3,,WRITE:0-0
42fdbe-42fdcd,9,4,87d08bf881c304000000e801000000,,WRITE:0-0
42fdce-42fdd3,9,2,83042406c3,,WRITE:0-0
42fdd3-42fdd9,8,1,0f8203000000,,WRITE:0-0
42fdd9-42fdea,9,4,c1cae1b8c12ad99d83e9010f8572ffffff,,WRITE:0-0
42fdea-42fdec,1,1,eb01,,WRITE:0-0
42fded-42fdf2,1,1,e901000000,,WRITE:0-0
42fdf3-42fdf8,1,1,e808b3ffff,,WRITE:0-0
42fdf8-42fe1e,2,13,8db51c8541008dbd33fd4000b905000000f3a58dbd43fd40008d854bfe4000ab60e800000000,m,WRITE:429d33-429d43
42fe1e-42fe39,2,9,5e83ee06b92500000029cebaa6320ee3c1e90283e90283f9007c1a,,WRITE:0-0
42fe34-42fe39,9,2,83f9007c1a,,WRITE:0-0
42fe39-42fe53,9,9,8b048e8b5c8e0433c3c1c81933c281f2806eee3b89048e49ebe1,m,WRITE:42fe0f-42fdf3
42fe53-42fe56,2,3,6161c3,,WRITE:0-0
42fe56-42fe62,2,6,6048424266d3dbe801000000,,WRITE:0-0
42fe63-42fe68,2,2,83042406c3,,WRITE:0-0
42fe68-42fe73,2,3,6681ebe2c750e801000000,,WRITE:0-0
42fe74-42fe7f,2,4,83c4045887dae801000000,,WRITE:0-0
42fe80-42fe85,2,2,83042406c3,,WRITE:0-0
42fe85-42fe8b,2,2,f9e801000000,,WRITE:0-0
42fe8c-42fe91,2,2,83042406c3,,WRITE:0-0
42fe91-42fe93,1,1,7601,,WRITE:0-0
42fe93-42fe96,2,2,f87e03,,WRITE:0-0
42fe96-42fe98,1,1,7f01,,WRITE:0-0
42fe99-42fe9f,1,1,0f8b05000000,,WRITE:0-0
42fea4-42fea6,1,1,eb01,,WRITE:0-0
42fea7-42feaa,2,2,437603,,WRITE:0-0
42feaa-42feac,1,1,7701,,WRITE:0-0
42fead-42feb0,2,2,f9eb01,,WRITE:0-0
42feb1-42feb9,2,3,8bc350e801000000,,WRITE:0-0
42feba-42fec4,2,3,83c404580f8601000000,,WRITE:0-0
42fec4-42fec7,2,2,427803,,WRITE:0-0
42fec7-42fec9,1,1,7901,,WRITE:0-0
42feca-42fed4,2,3,66c1d24350e801000000,,WRITE:0-0
42fed5-42fedd,2,4,83c4045803c27603,,WRITE:0-0
42fedd-42fedf,1,1,7701,,WRITE:0-0
42fee0-42fee6,2,2,fce801000000,,WRITE:0-0
42fee7-42fef0,2,3,83c40443e801000000,,WRITE:0-0
42fef1-42fefb,2,3,83c40485c3e801000000,,WRITE:0-0
42fefc-42ff06,2,3,83c40485c2e800000000,,WRITE:0-0
42ff06-42ff0e,2,4,5d8bc53b45227c06,,WRITE:0-0
42ff0e-42ff19,2,3,034522894522e801000000,,WRITE:0-0
42ff1a-42ff22,2,2,83c404e905000000,,WRITE:0-0
42ff27-42ff34,2,4,680100430087d35ee801000000,,WRITE:0-0
42ff35-42ff3a,2,2,83042406c3,,WRITE:0-0
42ff3a-42ff42,2,3,f9bf788365ae7501,,WRITE:0-0
42ff43-42ff4e,2,2,81ef33d0715de801000000,,WRITE:0-0
42ff4f-42ff67,2,7,83c40466c1d86666d3eabd661b5458fc81f56f1b54587c03,,WRITE:0-0
42ff67-42ff69,1,1,7d01,,WRITE:0-0
42ff6a-42ff6f,1,1,e907000000,,WRITE:0-0
42ff76-42ff7a,10,2,8b0e7803,,WRITE:0-0
42ff7a-42ff7c,9,1,7901,,WRITE:0-0
42ff7d-42ff82,9,1,e909000000,,WRITE:0-0
42ff8b-42ff93,10,3,03cf50e801000000,,WRITE:0-0
42ff94-42ff9d,10,3,83c40458e904000000,,WRITE:0-0
42ffa1-42ffa9,10,2,c1c109e801000000,,WRITE:0-0
42ffaa-42ffb2,10,2,83c404e903000000,,WRITE:0-0
42ffb5-42ffbd,10,2,034e04e801000000,,WRITE:0-0
42ffbe-42ffc8,10,5,83c404f885c3890eeb01,m,WRITE:430001-430021
42ffc9-42ffce,9,1,e902000000,,WRITE:0-0
42ffd0-42ffd8,10,2,81efe0679c41eb01,,WRITE:0-0
42ffd9-42ffde,9,1,e901000000,,WRITE:0-0
42ffdf-42ffe4,10,2,83c6047403,,WRITE:0-0
42ffe4-42ffe6,9,1,7501,,WRITE:0-0
42ffe7-42ffed,9,1,0f8a02000000,,WRITE:0-0
42ffed-42fff6,5,3,d3c24d0f8580ffffff,,WRITE:0-0
42ffef-42fff6,6,2,4d0f8580ffffff,,WRITE:0-0
42fff6-42fffb,1,1,e801000000,,WRITE:0-0
42fffc-430006,2,3,83c40487c3e8fab0ffff,,WRITE:0-0
430006-43002c,2,12,b91c0000008db5fffc40008dbdef07410083c707b090aab8ff25000066ab8bc6ab83c604e2ee,m,WRITE:42a7f6-42a7f9
43001a-43002c,28,8,b090aab8ff25000066ab8bc6ab83c604e2ee,m,WRITE:42a7fd-42a8b6
43002c-430032,2,2,60e800000000,,WRITE:0-0
430032-43004d,2,9,5e83ee06b92b00000029ceba45741044c1e90283e90283f9007c1a,,WRITE:0-0
430048-43004d,10,2,83f9007c1a,,WRITE:0-0
43004d-430067,10,9,8b048e8b5c8e042bc3c1c8092bc281c2e0679c4189048e49ebe1,m,WRITE:430021-430001
430067-43006a,2,3,6161c3,,WRITE:0-0
43006a-430070,2,2,60e890b0ffff,,WRITE:0-0
430070-43007d,2,4,33d28bb4953d1b40000bf67431,,WRITE:0-0
4300ae-4300b0,2,2,61c3,,WRITE:0-0
4300b0-4300b9,2,3,60660bd0e801000000,,WRITE:0-0
4300ba-4300bf,2,2,83042406c3,,WRITE:0-0
4300bf-4300c2,2,2,45eb01,,WRITE:0-0
4300c3-4300c5,1,1,7001,,WRITE:0-0
4300c5-4300cb,2,2,f8e801000000,,WRITE:0-0
4300cc-4300d1,2,2,83042406c3,,WRITE:0-0
4300d1-4300d5,2,2,87d07403,,WRITE:0-0
4300d5-4300d7,1,1,7501,,WRITE:0-0
4300d8-4300de,1,1,0f8901000000,,WRITE:0-0
4300df-4300e1,1,1,7603,,WRITE:0-0
4300e1-4300e3,1,1,7701,,WRITE:0-0
4300e4-4300ea,2,2,4de801000000,,WRITE:0-0
4300eb-4300f0,2,2,83042406c3,,WRITE:0-0
4300f0-4300f4,2,2,8bc77e03,,WRITE:0-0
4300f4-4300f6,1,1,7f01,,WRITE:0-0
4300f7-430100,2,3,c1e86250e801000000,,WRITE:0-0
430101-43010d,2,4,83c40458668beae801000000,,WRITE:0-0
43010e-430113,2,2,83042406c3,,WRITE:0-0
430113-43011c,2,3,c1c2da50e801000000,,WRITE:0-0
43011d-430123,2,3,83c404587401,,WRITE:0-0
430123-430129,2,2,42e801000000,,WRITE:0-0
43012a-43012f,2,2,83042406c3,,WRITE:0-0
43012f-430137,2,2,6633d5e800000000,,WRITE:0-0
430137-43013f,2,4,5d8bc53b45237c06,,WRITE:0-0
43013f-43014a,2,3,034523894523e801000000,,WRITE:0-0
43014b-430153,2,2,83c404e906000000,,WRITE:0-0
430159-430162,2,4,685b024300425eeb01,,WRITE:0-0
430163-430171,2,5,d3e5689792c6fa4559e801000000,,WRITE:0-0
430172-430177,2,2,83042406c3,,WRITE:0-0
430177-43017c,1,1,e90a000000,,WRITE:0-0
430186-43018d,2,2,bbfdffb0357101,,WRITE:0-0
43018e-430196,2,2,81ebf4ffb035eb01,,WRITE:0-0
430197-43019c,1,1,e904000000,,WRITE:0-0
4301a0-4301a7,10,2,8b3ee801000000,,WRITE:0-0
4301a8-4301ad,10,2,83042406c3,,WRITE:0-0
4301ad-4301af,9,1,7102,,WRITE:0-0
4301b1-4301bd,10,3,6681cdc2302bf9e801000000,,WRITE:0-0
4301be-4301c3,10,2,83042406c3,,WRITE:0-0
4301c3-4301c8,9,1,e901000000,,WRITE:0-0
4301c9-4301d8,10,3,810d15ba4100d8279862c1cf077e03,m,WRITE:41ba15-41ba15
4301d8-4301da,9,1,7f01,,WRITE:0-0
4301db-4301e0,9,1,e904000000,,WRITE:0-0
4301e4-4301f3,10,3,810d11b84100668ebd60037e047a03,m,WRITE:41b811-41b811
4301f3-4301f5,6,1,7b01,,WRITE:0-0
4301f6-4301fb,9,1,e905000000,,WRITE:0-0
430200-430207,10,2,893ee801000000,m,WRITE:43025b-43027b
430208-43020d,10,2,83042406c3,,WRITE:0-0
43020d-430212,10,2,c1c8e87101,,WRITE:0-0
430213-430222,10,4,558f0589b9410081f1204d0058eb01,m,WRITE:41b989-41b989
430223-430229,9,1,0f8b03000000,,WRITE:0-0
430229-430237,6,3,66d3ed81eefcffffffe801000000,,WRITE:0-0
43022c-430237,5,2,81eefcffffffe801000000,,WRITE:0-0
430238-43023d,10,2,83042406c3,,WRITE:0-0
43023d-430248,10,3,85d083eb010f8558ffffff,,WRITE:0-0
430248-43024e,2,2,50e801000000,,WRITE:0-0
43024f-430258,2,3,83c40458e903000000,,WRITE:0-0
43025b-430260,1,1,e8a0aeffff,,WRITE:0-0
430260-43028a,2,13,8b8546f840008b703c03b546f8400083c628ad8ad802dcc1e81002d802dc889d1e20400060e800000000,,WRITE:0-0
43028a-4302a5,2,9,5e83ee06b92900000029ceba9792c6fac1e90283e90283f9007c1a,,WRITE:0-0
4302a0-4302a5,10,2,83f9007c1a,,WRITE:0-0
4302a5-4302bf,10,9,8b048e8b5c8e042bc3c1c00703c281f2204d005889048e49ebe1,m,WRITE:43027b-43025b
4302bf-4302c2,2,3,6161c3,,WRITE:0-0
4302c2-4302c7,1,1,e839aeffff,,WRITE:0-0
4302c7-4302cc,1,1,e800000000,,WRITE:0-0
4302cc-4302ea,2,6,5b2b9d0e20400081ebcc520100899d46f84000899d7bfd4000e8c6fdffff,,WRITE:0-0
4302ea-4302ef,1,1,e811aeffff,,WRITE:0-0
4302ef-4302f4,1,1,e8daa5ffff,,WRITE:0-0
4302f4-4302ff,2,2,8985d5084100e801aeffff,,WRITE:0-0
4302ff-43030b,2,2,c6856cf7400000e8f0d2ffff,,WRITE:0-0
43030b-430310,1,1,e838f9ffff,,WRITE:0-0
430310-430315,1,1,e8ebadffff,,WRITE:0-0
430315-430332,2,5,8b856b81410089857ffd40008b856f814100898583fd4000e866d0ffff,,WRITE:0-0
430332-430337,1,1,e81ffbffff,,WRITE:0-0
430337-43033c,1,1,e82efdffff,,WRITE:0-0
43033c-43033f,2,2,fc7102,,WRITE:0-0
430341-43034b,2,5,8bc545fc45e801000000,,WRITE:0-0
43034c-430352,2,3,83c4044feb01,,WRITE:0-0
430353-430359,2,2,f9e801000000,,WRITE:0-0
43035a-43035f,2,2,83042406c3,,WRITE:0-0
43035f-430369,2,3,66c1e89050e801000000,,WRITE:0-0
43036a-430370,2,3,83c404587302,,WRITE:0-0
430372-430377,1,1,e801000000,,WRITE:0-0
430378-43037d,2,2,83042406c3,,WRITE:0-0
43037d-430383,1,1,0f8201000000,,WRITE:0-0
430383-430389,2,2,4fe801000000,,WRITE:0-0
43038a-43038f,2,2,83c4047801,,WRITE:0-0
43038f-430392,2,2,477c03,,WRITE:0-0
430392-430394,1,1,7d01,,WRITE:0-0
430395-43039e,2,3,6633fa50e801000000,,WRITE:0-0
43039f-4303ab,2,5,83c4045885ef50e801000000,,WRITE:0-0
4303ac-4303b6,2,3,83c404580f8501000000,,WRITE:0-0
4303b7-4303bc,1,1,e801000000,,WRITE:0-0
4303bd-4303c6,2,2,83c4040f8202000000,,WRITE:0-0
4303c6-4303cd,2,2,0bf9e801000000,,WRITE:0-0
4303ce-4303d3,2,2,83042406c3,,WRITE:0-0
4303d3-4303d9,2,2,66c1e0607803,,WRITE:0-0
4303d9-4303db,1,1,7901,,WRITE:0-0
4303dc-4303e3,2,2,8bf9e801000000,,WRITE:0-0
4303e4-4303e9,2,2,83042406c3,,WRITE:0-0
4303e9-4303ef,2,2,f8e801000000,,WRITE:0-0
4303f0-4303f5,2,2,83042406c3,,WRITE:0-0
4303f5-4303fc,2,2,bd66c1df037603,,WRITE:0-0
4303fc-4303fe,1,1,7701,,WRITE:0-0
4303ff-430404,2,2,66d3d5eb01,,WRITE:0-0
430405-43040e,2,2,66c1ff61e801000000,,WRITE:0-0
43040f-430415,2,3,83c40448eb01,,WRITE:0-0
430416-43041c,2,2,66c1df17eb01,,WRITE:0-0
43041d-430425,2,3,33ea50e801000000,,WRITE:0-0
430426-43042f,2,4,83c404586623c7eb01,,WRITE:0-0
430430-43043e,2,3,66c1d0dfbb46054300e801000000,,WRITE:0-0
43043f-430444,2,2,83c4047b02,,WRITE:0-0
430446-430451,2,4,68068b98ca6623f85eeb01,,WRITE:0-0
430452-430457,1,1,e907000000,,WRITE:0-0
43045e-430475,2,6,81051dbb410091d5d15b6843000000495a50e801000000,m,WRITE:41bb1d-0
430476-43047f,2,3,83c40458e906000000,,WRITE:0-0
430485-430489,68,2,8b2b7203,,WRITE:0-0
430489-43048b,1,1,7301,,WRITE:0-0
43048c-430492,67,1,0f8403000000,,WRITE:0-0
430492-43049c,68,3,66d3c92beee801000000,,WRITE:0-0
43049d-4304a6,68,2,83c4040f8303000000,,WRITE:0-0
4304a9-4304b6,68,3,6681e0e8a4c1c518e801000000,,WRITE:0-0
4304b7-4304c0,68,2,83c4040f8204000000,,WRITE:0-0
4304c0-4304d4,68,6,66c1c89bc1d70f83ebfc2b2b83eb04e801000000,,WRITE:0-0
4304d5-4304da,68,2,83042406c3,,WRITE:0-0
4304da-4304df,67,1,e8c6edffff,,WRITE:0-0
4304df-4304e1,67,1,7505,,WRITE:0-0
4304e6-4304ed,68,3,6603fb892beb01,m,WRITE:430546-43064e
4304ee-4304f3,67,1,e908000000,,WRITE:0-0
4304fb-430506,68,2,81c6f3f6edf5e801000000,,WRITE:0-0
430507-43050f,68,2,83c404e90c000000,,WRITE:0-0
43051b-430526,68,2,81ebfcffffffe801000000,,WRITE:0-0
430527-43052c,68,2,83042406c3,,WRITE:0-0
43052c-430539,68,4,8bcb2bc883c2ff0f854cffffff,,WRITE:0-0
430539-43053f,2,2,50e801000000,,WRITE:0-0
430540-43054b,2,4,83c4045803fee801000000,,WRITE:0-0
43054c-430551,2,2,83042406c3,,WRITE:0-0
430551-430556,1,1,e904000000,,WRITE:0-0
43055a-430564,2,2,b856064300e801000000,,WRITE:0-0
430565-43056e,2,2,83c4040f8604000000,,WRITE:0-0
43056e-43058a,2,6,66c1df8b668bf8bda54cfa9d6681f2662d81edf45e6dd0e801000000,,WRITE:0-0
43058b-43059a,2,4,83c404f9bb0e2774dc0f8805000000,,WRITE:0-0
43059a-4305aa,2,3,b907fc5ca581f34b2774dce801000000,,WRITE:0-0
4305ab-4305b3,2,2,83c404e901000000,,WRITE:0-0
4305b4-4305b8,70,2,8b307203,,WRITE:0-0
4305b8-4305ba,69,1,7301,,WRITE:0-0
4305bb-4305c0,69,1,e903000000,,WRITE:0-0
4305c3-4305ca,70,2,2bf5e801000000,,WRITE:0-0
4305cb-4305d0,70,2,83042406c3,,WRITE:0-0
4305d0-4305d7,70,3,87cac1ce1feb01,,WRITE:0-0
4305d8-4305e0,70,3,668bf82b70047c03,,WRITE:0-0
4305e0-4305e2,46,1,7d01,,WRITE:0-0
4305e3-4305e8,69,1,e8bdecffff,,WRITE:0-0
4305e8-4305ee,69,1,0f8502000000,,WRITE:0-0
4305f0-4305f8,70,3,893050e801000000,m,WRITE:430656-430766
4305f9-430602,70,3,83c40458e907000000,,WRITE:0-0
430609-430614,70,2,81c535243e96e801000000,,WRITE:0-0
430615-43061d,70,2,83c404e907000000,,WRITE:0-0
430624-43062f,70,2,81e8fcffffffe801000000,,WRITE:0-0
430630-430638,70,2,83c404e903000000,,WRITE:0-0
43063b-430644,70,2,83eb010f8570ffffff,,WRITE:0-0
430644-430649,1,1,e801000000,,WRITE:0-0
43064a-43064f,2,2,83042406c3,,WRITE:0-0
43064f-430654,1,1,e902000000,,WRITE:0-0
430656-430658,1,1,7e03,,WRITE:0-0
430658-43065a,1,1,7f01,,WRITE:0-0
43065b-430660,1,1,e905000000,,WRITE:0-0
430665-430671,2,4,6871074300f95fe801000000,,WRITE:0-0
430672-430677,2,2,83042406c3,,WRITE:0-0
430677-43067c,1,1,e829ecffff,,WRITE:0-0
43067c-430682,1,1,0f8301000000,,WRITE:0-0
430683-430694,2,3,81f1400dc6a568374e87a60f8003000000,,WRITE:0-0
430694-43069e,2,4,668bd85d50e801000000,,WRITE:0-0
43069f-4306ae,2,6,83c4045885cb8bcb683e0000007202,,WRITE:0-0
4306ae-4306b3,2,3,87cb5aeb01,,WRITE:0-0
4306b4-4306bc,2,4,6613cdfc8b077c03,,WRITE:0-0
4306b8-4306bc,62,2,8b077c03,,WRITE:0-0
4306bc-4306be,62,1,7d01,,WRITE:0-0
4306bf-4306c4,62,1,e905000000,,WRITE:0-0
4306c9-4306d0,63,2,2bc5e801000000,,WRITE:0-0
4306d1-4306e2,63,5,83c4046681c30950f8c1c801e801000000,,WRITE:0-0
4306e3-4306e8,63,2,83042406c3,,WRITE:0-0
4306e8-4306ed,62,1,e90d000000,,WRITE:0-0
4306fa-430708,63,5,83c7042b0783ef0450e801000000,,WRITE:0-0
430709-430718,63,6,83c4045885cb87cb8907e801000000,m,WRITE:430771-430865
430719-43071e,63,2,83042406c3,,WRITE:0-0
43071e-430724,62,1,0f8401000000,,WRITE:0-0
430724-430739,63,5,f88bcb812575ba4100db3bc24481ed3fef2464eb01,m,WRITE:41ba75-41ba75
43073a-430744,63,3,2bce81c7040000007403,,WRITE:0-0
430744-430746,62,1,7501,,WRITE:0-0
430747-430749,62,1,7d03,,WRITE:0-0
43074c-430756,63,3,668bf74a0f8562ffffff,,WRITE:0-0
430756-43075b,1,1,e801000000,,WRITE:0-0
43075c-430761,2,2,83042406c3,,WRITE:0-0
430761-430767,1,1,0f8003000000,,WRITE:0-0
430767-430770,2,2,c1db090f8001000000,,WRITE:0-0
430771-43077c,2,5,61518f05fdb94100607e03,m,WRITE:41b9fd-0
43077f-430784,1,1,e903000000,,WRITE:0-0
430787-430792,2,4,687008430066d3fa5e7403,,WRITE:0-0
430792-430794,1,1,7501,,WRITE:0-0
430795-43079a,1,1,e901000000,,WRITE:0-0
43079b-4307a6,2,2,bf59a1440e0f8201000000,,WRITE:0-0
4307a7-4307b2,2,2,81ef34c02c8de801000000,,WRITE:0-0
4307b3-4307bb,2,2,83c404e90b000000,,WRITE:0-0
4307c6-4307d8,2,4,b98f9fb75ad3d081c1aa6048a5e801000000,,WRITE:0-0
4307d9-4307de,2,2,83042406c3,,WRITE:0-0
4307de-4307e3,1,1,e901000000,,WRITE:0-0
4307e4-4307e8,58,2,8b1e7203,,WRITE:0-0
4307e8-4307ea,40,1,7301,,WRITE:0-0
4307eb-4307f9,58,5,c1ed3d668be92bdf50e801000000,,WRITE:0-0
4307fa-430808,58,5,83c4045887d0c1c303e801000000,,WRITE:0-0
430809-430811,58,2,83c404e901000000,,WRITE:0-0
430812-43081c,58,4,83eefc2b1e83ee04eb01,,WRITE:0-0
43081d-43082a,58,3,81c2096b3b96891ee801000000,m,WRITE:430870-430950
43082b-430830,58,2,83042406c3,,WRITE:0-0
430830-430837,58,2,4d0f8301000000,,WRITE:0-0
430838-430844,58,3,81f7bfb7691550e801000000,,WRITE:0-0
430845-43084e,58,3,83c40458e903000000,,WRITE:0-0
430851-43085c,58,2,81c604000000e801000000,,WRITE:0-0
43085d-43086a,58,4,83c40466d3e8490f857affffff,,WRITE:0-0
43086a-43086c,1,1,7403,,WRITE:0-0
43086f-430875,2,2,f9e801000000,,WRITE:0-0
430876-43087d,2,3,83c40487d37a05,,WRITE:0-0
43087d-43088c,2,5,6681f6be15685b09430087d65feb01,,WRITE:0-0
43088d-430892,1,1,e906000000,,WRITE:0-0
430898-4308ac,2,5,b9a66e9602c1e28181f1943bc04250e801000000,,WRITE:0-0
4308ad-4308be,2,6,83c4045842d3c2bd39000000e801000000,,WRITE:0-0
4308bf-4308c4,2,2,83042406c3,,WRITE:0-0
4308c4-4308c9,1,1,e907000000,,WRITE:0-0
4308d0-4308d4,58,2,8b077403,,WRITE:0-0
4308d4-4308d6,57,1,7501,,WRITE:0-0
4308d7-4308dc,57,1,e909000000,,WRITE:0-0
4308e5-4308e9,58,2,33c17803,,WRITE:0-0
4308e9-4308eb,21,1,7901,,WRITE:0-0
4308ec-4308fa,58,4,ba6ad1ed0e4bc1c008e801000000,,WRITE:0-0
4308fb-430909,58,6,83c404f983c704330783c7fceb01,,WRITE:0-0
43090a-43090c,57,1,7603,,WRITE:0-0
43090f-430916,58,2,8907e801000000,m,WRITE:43095b-430a3b
430917-43091c,58,2,83042406c3,,WRITE:0-0
43091c-430921,57,1,e902000000,,WRITE:0-0
430923-43092e,58,2,81f12ebab479e801000000,,WRITE:0-0
43092f-43093c,58,5,83c404f883c70450e801000000,,WRITE:0-0
43093d-430946,58,3,83c40458e908000000,,WRITE:0-0
43094e-430957,58,2,83ed010f8579ffffff,,WRITE:0-0
430957-430959,1,1,eb01,,WRITE:0-0
43095a-430960,2,2,4be801000000,,WRITE:0-0
430961-430973,2,7,83c4048bd668460a4300fc5950e801000000,,WRITE:0-0
430974-43097d,2,3,83c40458e905000000,,WRITE:0-0
430982-430995,2,4,bd41d11e54668bf181c5b0e998bce801000000,,WRITE:0-0
430996-43099b,2,2,83042406c3,,WRITE:0-0
43099b-4309a0,1,1,e909000000,,WRITE:0-0
4309a9-4309b4,2,2,bff4a5a7360f8801000000,,WRITE:0-0
4309b4-4309c0,2,3,f981f7cfa5a736e801000000,,WRITE:0-0
4309c1-4309c9,2,2,83c404e903000000,,WRITE:0-0
4309cc-4309d3,60,2,8b19e801000000,,WRITE:0-0
4309d4-4309d9,60,2,83042406c3,,WRITE:0-0
4309d9-4309de,59,1,e902000000,,WRITE:0-0
4309e0-4309e4,60,2,33dd7203,,WRITE:0-0
4309e4-4309e6,59,1,7301,,WRITE:0-0
4309e7-4309f0,60,3,40c1c301e801000000,,WRITE:0-0
4309f1-4309f6,60,2,83042406c3,,WRITE:0-0
4309f6-430a00,60,4,87f266d3e00359047403,,WRITE:0-0
430a00-430a02,59,1,7501,,WRITE:0-0
430a03-430a0a,60,3,668bf289197803,m,WRITE:430a46-430b2e
430a0a-430a0c,28,1,7901,,WRITE:0-0
430a0d-430a12,59,1,e901000000,,WRITE:0-0
430a13-430a1f,60,3,81edb6eb0f9e50e801000000,,WRITE:0-0
430a20-430a2a,60,3,83c404580f8103000000,,WRITE:0-0
430a2d-430a35,60,2,81c104000000eb01,,WRITE:0-0
430a36-430a41,60,4,87f287c24f0f858bffffff,,WRITE:0-0
430a41-430a43,1,1,eb01,,WRITE:0-0
430a44-430a48,2,2,8bf7eb01,,WRITE:0-0
430a49-430a4e,1,1,e902000000,,WRITE:0-0
430a50-430a57,2,2,bf370b4300eb01,,WRITE:0-0
430a58-430a67,2,4,85f085c6bb0d4a94bb0f8301000000,,WRITE:0-0
430a68-430a73,2,2,81c3e6e593fae801000000,,WRITE:0-0
430a74-430a7d,2,2,83c4040f8803000000,,WRITE:0-0
430a7d-430a8c,2,5,662bc368460000004a59e801000000,,WRITE:0-0
430a8d-430a92,2,2,83042406c3,,WRITE:0-0
430a92-430a99,2,3,c1c6c68b2f7a03,,WRITE:0-0
430a95-430a99,70,2,8b2f7a03,,WRITE:0-0
430a99-430a9b,36,1,7b01,,WRITE:0-0
430a9c-430aa1,70,1,e906000000,,WRITE:0-0
430aa7-430aae,71,2,33ebe801000000,,WRITE:0-0
430aaf-430ab4,71,2,83042406c3,,WRITE:0-0
430ab4-430ac1,71,4,66c1ca54c1c50750e801000000,,WRITE:0-0
430ac2-430ad2,71,7,83c4045887d683c704332f83c7fc7e03,,WRITE:0-0
430ad2-430ad4,70,1,7f01,,WRITE:0-0
430ad5-430ada,70,1,e905000000,,WRITE:0-0
430adf-430ae6,71,2,892fe801000000,m,WRITE:430b37-430c4b
430ae7-430aec,71,2,83042406c3,,WRITE:0-0
430aec-430afb,71,5,87d6fc81f3d81c936d50e801000000,,WRITE:0-0
430afc-430b0c,71,5,83c4045866b8d0be81c704000000eb01,,WRITE:0-0
430b0d-430b12,70,1,e905000000,,WRITE:0-0
430b17-430b2a,71,3,813509b94100a087deed83c1ff0f856bffffff,m,WRITE:41b909-41b909
430b2a-430b30,2,2,50e801000000,,WRITE:0-0
430b31-430b45,2,9,83c40458484e61558f0569b9410060e801000000,m,WRITE:41b969-0
430b46-430b4b,2,2,83042406c3,,WRITE:0-0
430b4b-430b5e,2,7,8bc1f968540c430066c1cf985e50e801000000,,WRITE:0-0
430b5f-430b68,2,3,83c40458e904000000,,WRITE:0-0
430b6c-430b7c,2,4,bdac62cd4466d3eb81c595e79ffe7403,,WRITE:0-0
430b7c-430b7e,1,1,7501,,WRITE:0-0
430b7f-430b85,1,1,0f8c02000000,,WRITE:0-0
430b85-430b99,2,6,1bc1bab5b8b0a44081ea75b8b0a450e801000000,,WRITE:0-0
430b9a-430ba3,2,5,83c40458488b0e7a03,,WRITE:0-0
430b9f-430ba3,64,2,8b0e7a03,,WRITE:0-0
430ba3-430ba5,32,1,7b01,,WRITE:0-0
430ba6-430bbb,65,5,85fb6681f0e902811585b84100c55f937003cdeb01,m,WRITE:41b885-41b885
430bbc-430bc4,65,2,81c740c9fd277805,,WRITE:0-0
430bc4-430bce,32,3,6681e00cd8c1c90feb01,,WRITE:0-0
430bc9-430bce,34,2,c1c90feb01,,WRITE:0-0
430bcf-430bd4,64,1,e865d1ffff,,WRITE:0-0
430bd4-430bd9,64,1,e907000000,,WRITE:0-0
430be0-430bef,65,3,810d39b941008c523327034e04eb01,m,WRITE:41b939-41b939
430bf0-430bf5,64,1,e904000000,,WRITE:0-0
430bf9-430bfd,65,2,890e7403,m,WRITE:430c54-430d50
430bfd-430bff,64,1,7501,,WRITE:0-0
430c00-430c05,64,1,e8a0e6ffff,,WRITE:0-0
430c05-430c13,65,4,fc8bc181c5b0c11515e801000000,,WRITE:0-0
430c14-430c19,65,2,83042406c3,,WRITE:0-0
430c19-430c1f,64,1,0f8b01000000,,WRITE:0-0
430c20-430c2b,65,3,662bc281c604000000eb01,,WRITE:0-0
430c2c-430c39,65,4,4066d3c783c2ff0f8566ffffff,,WRITE:0-0
430c39-430c3e,1,1,e801000000,,WRITE:0-0
430c3f-430c47,2,2,83c404e85ee6ffff,,WRITE:0-0
430c47-430c49,1,1,7d03,,WRITE:0-0
430c4c-430c52,1,1,0f8c02000000,,WRITE:0-0
430c52-430c56,2,2,85df7203,,WRITE:0-0
430c56-430c58,1,1,7301,,WRITE:0-0
430c59-430c5f,1,1,0f8101000000,,WRITE:0-0
430c60-430c71,2,3,81d9feca8658685b0d43000f8203000000,,WRITE:0-0
430c71-430c77,2,3,c1e8535a7a03,,WRITE:0-0
430c7a-430c80,1,1,0f8a02000000,,WRITE:0-0
430c82-430c9b,2,5,810515b94100f82f3f30bd5643648a8bcd81ed561bf0beeb01,m,WRITE:41b915-0
430c9c-430ca1,1,1,e90c000000,,WRITE:0-0
430cad-430cb8,2,3,be4600000050e801000000,,WRITE:0-0
430cb9-430cc2,2,3,83c40458e903000000,,WRITE:0-0
430cc5-430ccc,71,2,8b3ae801000000,,WRITE:0-0
430ccd-430cd2,71,2,83042406c3,,WRITE:0-0
430cd2-430cd7,71,3,4903fd7e03,,WRITE:0-0
430cd7-430cd9,35,1,7f01,,WRITE:0-0
430cda-430ce0,71,3,f8c1cf0beb01,,WRITE:0-0
430ce1-430ced,71,5,4887c1037a0450e801000000,,WRITE:0-0
430cee-430cf7,71,3,83c40458e904000000,,WRITE:0-0
430cfb-430d02,71,2,893ae801000000,m,WRITE:430d5b-430e6f
430d03-430d08,71,2,83042406c3,,WRITE:0-0
430d08-430d0d,70,1,e901000000,,WRITE:0-0
430d0e-430d21,71,4,68c122aeed8f053dba410081c589cab96d7c03,m,WRITE:41ba3d-41ba3d
430d21-430d23,60,1,7d01,,WRITE:0-0
430d24-430d29,70,1,e905000000,,WRITE:0-0
430d2e-430d39,71,2,81c204000000e801000000,,WRITE:0-0
430d3a-430d3f,71,2,83042406c3,,WRITE:0-0
430d3f-430d4a,71,4,85c8d3e84e0f857bffffff,,WRITE:0-0
430d4a-430d4f,1,1,e801000000,,WRITE:0-0
430d50-430d58,2,2,83c404e84de5ffff,,WRITE:0-0
430d58-430d61,2,3,66d3e050e801000000,,WRITE:0-0
430d62-430d6b,2,3,83c40458e904000000,,WRITE:0-0
430d6f-430d7a,2,4,68790e4300668bf25a7a03,,WRITE:0-0
430d7d-430d82,1,1,e906000000,,WRITE:0-0
430d88-430d93,2,2,b8dcf5ccc10f8801000000,,WRITE:0-0
430d93-430d9f,2,3,4381f08a79d025e801000000,,WRITE:0-0
430da0-430da5,2,2,83042406c3,,WRITE:0-0
430da5-430daa,1,1,e90b000000,,WRITE:0-0
430db5-430dc4,2,4,683800000066bb65345de801000000,,WRITE:0-0
430dc5-430dca,2,2,83042406c3,,WRITE:0-0
430dca-430dd7,2,5,87cb6603d98b3a50e801000000,,WRITE:0-0
430dcf-430dd7,56,3,8b3a50e801000000,,WRITE:0-0
430dd8-430de1,57,3,83c40458e901000000,,WRITE:0-0
430de2-430df0,57,3,811579b8410021e4a92333f87403,m,WRITE:41b879-41b879
430df0-430df2,56,1,7501,,WRITE:0-0
430df3-430df8,56,1,e905000000,,WRITE:0-0
430dfd-430e02,57,2,c1c70aeb01,,WRITE:0-0
430e03-430e0c,57,2,66d3fb0f8002000000,,WRITE:0-0
430e0c-430e1b,57,5,d3cb83eafc2b3a83ea04e801000000,,WRITE:0-0
430e1c-430e21,57,2,83042406c3,,WRITE:0-0
430e21-430e26,56,1,e901000000,,WRITE:0-0
430e27-430e2e,57,2,893ae801000000,m,WRITE:430e79-430f55
430e2f-430e34,57,2,83042406c3,,WRITE:0-0
430e34-430e45,57,4,bb5ca6e02781c063a5385250e801000000,,WRITE:0-0
430e46-430e51,57,5,83c40458d3eb83c204eb01,,WRITE:0-0
430e52-430e54,56,1,7802,,WRITE:0-0
430e54-430e5f,57,4,2bf287cb4d0f8570ffffff,,WRITE:0-0
430e5f-430e64,1,1,e801000000,,WRITE:0-0
430e65-430e6a,2,2,83042406c3,,WRITE:0-0
430e6a-430e6f,1,1,e836e4ffff,,WRITE:0-0
430e6f-430e76,2,2,f80f8903000000,,WRITE:0-0
430e79-430e84,2,5,61548f0595b84100607403,m,WRITE:41b895-0
430e84-430e86,1,1,7501,,WRITE:0-0
430e87-430e92,2,4,85c785c7ba5f0f43007a03,,WRITE:0-0
430e95-430e98,2,2,f87c02,,WRITE:0-0
430e98-430ea1,2,3,85c1bb9b1ebc9c7601,,WRITE:0-0
430ea1-430ead,2,3,4081ebd3d64712e801000000,,WRITE:0-0
430eae-430eb3,2,2,83042406c3,,WRITE:0-0
430eb3-430ecb,2,5,66c1cf25bd6048ac4766c1e96f81c5ddb753b8e801000000,,WRITE:0-0
430ecc-430ed9,2,5,83c40485c78b3250e801000000,,WRITE:0-0
430ed1-430ed9,61,3,8b3250e801000000,,WRITE:0-0
430eda-430ee8,62,6,83c404582bc103f350e801000000,,WRITE:0-0
430ee9-430eef,62,3,83c404587901,,WRITE:0-0
430ef0-430ef6,62,3,40c1c605eb01,,WRITE:0-0
430ef7-430efe,62,2,6681c9e36d7401,,WRITE:0-0
430efe-430f0c,62,5,fc83eafc2b3283c2fce801000000,,WRITE:0-0
430f0d-430f12,62,2,83042406c3,,WRITE:0-0
430f12-430f18,61,1,0f8602000000,,WRITE:0-0
430f18-430f22,62,4,8bc1418932e801000000,m,WRITE:430f5f-43104f
430f23-430f28,62,2,83042406c3,,WRITE:0-0
430f28-430f34,62,4,87f9d3c881f33d36942a7a03,,WRITE:0-0
430f34-430f36,30,1,7b01,,WRITE:0-0
430f37-430f44,62,4,4081eafcffffff50e801000000,,WRITE:0-0
430f45-430f54,62,6,83c40458fcfc83ed010f857dffffff,,WRITE:0-0
430f54-430f59,1,1,e801000000,,WRITE:0-0
430f5a-430f64,2,3,83c4041bc3e801000000,,WRITE:0-0
430f65-430f6a,2,2,83042406c3,,WRITE:0-0
430f6a-430f6f,1,1,e902000000,,WRITE:0-0
430f71-430f78,2,2,68591043007201,,WRITE:0-0
430f78-430f7f,2,3,4a5ee801000000,,WRITE:0-0
430f80-430f88,2,2,83c404e901000000,,WRITE:0-0
430f89-430f9d,2,5,812d15b84100ba56753c683790088185d75deb01,m,WRITE:41b815-0
430f9e-430fa3,1,1,e908000000,,WRITE:0-0
430fab-430fbc,2,3,810d6db84100a31953f4b931a5dbcd7701,m,WRITE:41b86d-0
430fbd-430fc5,2,2,81f109a5dbcd7203,,WRITE:0-0
430fc5-430fc7,1,1,7301,,WRITE:0-0
430fc8-430fca,1,1,7601,,WRITE:0-0
430fca-430fd3,2,4,42478b1ee801000000,,WRITE:0-0
430fcc-430fd3,56,2,8b1ee801000000,,WRITE:0-0
430fd4-430fe3,57,6,83c404c1c2834203dd50e801000000,,WRITE:0-0
430fe4-430fed,57,3,83c40458e901000000,,WRITE:0-0
430fee-430ff7,57,3,c1cb1950e801000000,,WRITE:0-0
430ff8-431001,57,3,83c40458e904000000,,WRITE:0-0
431005-431014,57,3,810d2dbb41003efb25912b5e047a03,m,WRITE:41bb2d-41bb2d
431014-431016,18,1,7b01,,WRITE:0-0
431017-431029,57,4,66c1ea4d810d4db941000705da1e891e7c03,m,WRITE:41b94d-431135
431029-43102b,56,1,7d01,,WRITE:0-0
43102c-431031,56,1,e901000000,,WRITE:0-0
431032-43103e,57,3,81f51f58170b50e801000000,,WRITE:0-0
43103f-431049,57,5,83c40458f983c604eb01,,WRITE:0-0
43104a-431053,57,3,87fa490f8579ffffff,,WRITE:0-0
431053-431055,1,1,7c03,,WRITE:0-0
431055-431057,1,1,7d01,,WRITE:0-0
431058-43105f,2,3,4850e801000000,,WRITE:0-0
431060-431069,2,3,83c40458e83ce2ffff,,WRITE:0-0
431069-43106e,1,1,e901000000,,WRITE:0-0
43106f-43107a,2,4,683f114300c1de5c58eb01,,WRITE:0-0
43107b-43108a,2,5,fcbdd0170066fc81c550ac0045eb01,,WRITE:0-0
43108b-431095,2,5,4368470000004e59eb01,,WRITE:0-0
431096-43109d,2,3,66d3cb8b107a03,,WRITE:0-0
431099-43109d,71,2,8b107a03,,WRITE:0-0
43109d-43109f,37,1,7b01,,WRITE:0-0
4310a0-4310a7,72,3,6633fb2bd57c03,,WRITE:0-0
4310a7-4310a9,35,1,7d01,,WRITE:0-0
4310aa-4310af,71,1,e88accffff,,WRITE:0-0
4310af-4310b5,71,1,0f8903000000,,WRITE:0-0
4310b5-4310bd,37,3,662bd9c1ca157403,,WRITE:0-0
4310b8-4310bd,36,2,c1ca157403,,WRITE:0-0
4310bd-4310bf,71,1,7501,,WRITE:0-0
4310c0-4310ca,72,4,8bf2661bf70350047c03,,WRITE:0-0
4310ca-4310cc,42,1,7d01,,WRITE:0-0
4310cd-4310d2,71,1,e907000000,,WRITE:0-0
4310d9-4310eb,72,4,812599b9410007077334891050e801000000,m,WRITE:41b999-431257
4310ec-43110a,72,8,83c40458668bd8468125d5b84100f5d5b7ed81ed61023a0650e801000000,m,WRITE:41b8d5-41b8d5
43110b-43111c,72,6,83c404584f81c00400000050e801000000,,WRITE:0-0
43111d-43112f,72,5,83c404586681def16683e9010f856affffff,,WRITE:0-0
43112f-431134,1,1,e801000000,,WRITE:0-0
431135-43113d,2,2,83c404e902000000,,WRITE:0-0
43113f-431144,1,1,e801000000,,WRITE:0-0
431145-43114d,2,2,83c404e902000000,,WRITE:0-0
43114f-43115e,2,4,686112430066c1ee7e59e801000000,,WRITE:0-0
43115f-431176,2,7,83c404f8b8962162c185fd81e8ee39f86b50e801000000,,WRITE:0-0
431177-431180,2,3,83c40458e90e000000,,WRITE:0-0
43118e-431195,2,2,684c0000007406,,WRITE:0-0
431195-4311a1,2,3,81edfe32eabc5be801000000,,WRITE:0-0
4311a2-4311b9,2,6,83c4044e85ef810d1db84100de52bf638b11e801000000,m,WRITE:41b81d-0
4311b2-4311b9,76,2,8b11e801000000,,WRITE:0-0
4311ba-4311c8,77,6,83c4044687f503d050e801000000,,WRITE:0-0
4311c9-4311d7,77,6,83c404584ec1c20550e801000000,,WRITE:0-0
4311d8-4311e1,77,3,83c40458e901000000,,WRITE:0-0
4311e2-4311f9,77,5,811d8db941009ad288fc83e9fc031183e904e801000000,m,WRITE:41b98d-41b98d
4311fa-4311ff,77,2,83042406c3,,WRITE:0-0
4311ff-431205,76,1,0f8403000000,,WRITE:0-0
431205-43120f,77,3,66d3ee8911e801000000,m,WRITE:431261-43138d
431210-431215,77,2,83042406c3,,WRITE:0-0
431215-43121a,76,1,e904000000,,WRITE:0-0
43121e-431226,77,2,81f0a7eed4847203,,WRITE:0-0
431226-431228,76,1,7301,,WRITE:0-0
431229-43122e,76,1,e903000000,,WRITE:0-0
431231-43123c,77,2,81e9fcffffffe801000000,,WRITE:0-0
43123d-431242,77,2,83042406c3,,WRITE:0-0
431242-431247,76,1,e906000000,,WRITE:0-0
43124d-431256,77,2,83c3ff0f855cffffff,,WRITE:0-0
431256-431258,1,1,eb01,,WRITE:0-0
431259-43125e,1,1,e903000000,,WRITE:0-0
431261-431267,2,2,50e801000000,,WRITE:0-0
431268-431271,2,3,83c40458e90b000000,,WRITE:0-0
43127c-431291,2,3,813535b84100f666b42a68951343000f8b01000000,m,WRITE:41b835-0
431292-431295,2,2,5a7603,,WRITE:0-0
431295-431297,1,1,7701,,WRITE:0-0
431298-4312a5,2,4,87debfa6ccfe6550e801000000,,WRITE:0-0
4312a6-4312af,2,3,83c40458e909000000,,WRITE:0-0
4312b8-4312cc,2,3,811df5ba4100b65753bebd42000000e801000000,m,WRITE:41baf5-0
4312cd-4312d2,2,2,83042406c3,,WRITE:0-0
4312d2-4312d4,1,1,7102,,WRITE:0-0
4312d6-4312db,2,3,4b8b027c03,,WRITE:0-0
4312d7-4312db,66,2,8b027c03,,WRITE:0-0
4312db-4312dd,65,1,7d01,,WRITE:0-0
4312de-4312e6,67,2,d3c10f8201000000,,WRITE:0-0
4312e6-4312eb,23,3,4e03c7eb01,,WRITE:0-0
4312e7-4312eb,45,2,03c7eb01,,WRITE:0-0
4312ec-4312f1,66,1,e904000000,,WRITE:0-0
4312f5-4312fe,67,3,c1c80150e801000000,,WRITE:0-0
4312ff-431308,67,3,83c40458e89ddfffff,,WRITE:0-0
431308-43130d,66,1,e902000000,,WRITE:0-0
43130f-431321,67,3,81159db841007809aee72b4204e801000000,m,WRITE:41b89d-41b89d
431322-431327,67,2,83042406c3,,WRITE:0-0
431327-43132a,67,2,fc7201,,WRITE:0-0
43132a-431332,67,3,f88902e801000000,m,WRITE:431395-431499
431333-431338,67,2,83042406c3,,WRITE:0-0
431338-43133d,66,1,e907000000,,WRITE:0-0
431344-431350,67,3,81ef2f33679650e801000000,,WRITE:0-0
431351-43135a,67,3,83c40458e902000000,,WRITE:0-0
43135c-431364,67,2,83c204e801000000,,WRITE:0-0
431365-43136d,67,2,83c404e90c000000,,WRITE:0-0
431379-431382,67,2,83ed010f8555ffffff,,WRITE:0-0
431382-431387,1,1,e801000000,,WRITE:0-0
431388-43138d,2,2,83042406c3,,WRITE:0-0
43138d-431392,1,1,e903000000,,WRITE:0-0
431395-43139b,2,2,50e801000000,,WRITE:0-0
43139c-4313a6,2,3,83c404580f8301000000,,WRITE:0-0
4313a7-4313b3,2,3,4568a41443000f8803000000,,WRITE:0-0
4313b3-4313bc,2,3,66d3cd5ee801000000,,WRITE:0-0
4313bd-4313c2,2,2,83042406c3,,WRITE:0-0
4313c2-4313d7,2,5,c1cb17bfeb744c2f6681dbcde581f7f1caff147803,,WRITE:0-0
4313d7-4313d9,1,1,7901,,WRITE:0-0
4313da-4313dc,1,1,7102,,WRITE:0-0
4313de-4313e5,2,2,b8d0cd42557b04,,WRITE:0-0
4313e9-4313f5,2,3,81e887cd425550e801000000,,WRITE:0-0
4313f6-4313ff,2,3,83c40458e901000000,,WRITE:0-0
431400-431407,74,2,8b16e801000000,,WRITE:0-0
431408-431414,74,4,83c4046681f3d64e2bd7eb01,,WRITE:0-0
431415-431422,74,5,1bdf8bcdc1c21b50e801000000,,WRITE:0-0
431423-431438,74,6,83c4045885d9810d8dba410053683c6a2b56047a03,m,WRITE:41ba8d-41ba8d
431438-43143a,31,1,7b01,,WRITE:0-0
43143b-431440,73,1,e909000000,,WRITE:0-0
431449-431451,74,3,891650e801000000,m,WRITE:4314a4-4315c4
431452-431464,74,6,83c40458fc85cb81c7c2f259cae801000000,,WRITE:0-0
431465-43146d,74,2,83c404e905000000,,WRITE:0-0
431472-43147e,74,3,81c60400000050e801000000,,WRITE:0-0
43147f-431488,74,3,83c40458e81ddeffff,,WRITE:0-0
431488-431494,74,4,4987dd83e8010f856cffffff,,WRITE:0-0
431494-431496,1,1,7603,,WRITE:0-0
431499-43149e,1,1,e89bc8ffff,,WRITE:0-0
43149e-4314a0,1,1,7701,,WRITE:0-0
4314a0-4314a6,2,3,4d66d3c17e03,,WRITE:0-0
4314a6-4314a8,1,1,7f01,,WRITE:0-0
4314a9-4314ae,1,1,e909000000,,WRITE:0-0
4314b7-4314ce,2,6,68d5f7af478f0541b8410068ce154300485ae801000000,m,WRITE:41b841-0
4314cf-4314d4,2,2,83042406c3,,WRITE:0-0
4314d4-4314d9,1,1,e90c000000,,WRITE:0-0
4314e5-4314f0,2,4,68b2464ee2c1d55b5e7c03,,WRITE:0-0
4314f3-4314f8,1,1,e90b000000,,WRITE:0-0
431503-43150e,2,3,bf3d00000050e801000000,,WRITE:0-0
43150f-431518,2,3,83c40458e906000000,,WRITE:0-0
43151e-431525,62,2,8b1ae801000000,,WRITE:0-0
431526-43152b,62,2,83042406c3,,WRITE:0-0
43152b-431534,62,4,f82bde50e801000000,,WRITE:0-0
431535-43153e,62,3,83c40458e867ddffff,,WRITE:0-0
43153e-431543,61,1,e901000000,,WRITE:0-0
431544-43154c,62,2,c1c307e801000000,,WRITE:0-0
43154d-431552,62,2,83042406c3,,WRITE:0-0
431552-431557,61,1,e8e2c7ffff,,WRITE:0-0
431557-431569,62,6,66d3f86681cdfc8883eafc331a83ea047203,,WRITE:0-0
431569-43156b,61,1,7301,,WRITE:0-0
43156c-431571,61,1,e904000000,,WRITE:0-0
431575-431587,62,4,812531b841002cb750d5891a50e801000000,m,WRITE:41b831-4316be
431588-431592,62,3,83c404580f8102000000,,WRITE:0-0
431594-43159c,62,2,81c6817be9ed7403,,WRITE:0-0
43159c-43159e,61,1,7501,,WRITE:0-0
43159f-4315ae,62,4,2be9b98cbc6cfc81eafcffffff7803,,WRITE:0-0
4315ae-4315b0,61,1,7901,,WRITE:0-0
4315b1-4315b6,61,1,e903000000,,WRITE:0-0
4315b9-4315c2,62,2,83c7ff0f855cffffff,,WRITE:0-0
4315c2-4315c7,1,1,e801000000,,WRITE:0-0
4315c8-4315cd,2,2,83042406c3,,WRITE:0-0
4315cd-4315d3,2,2,f9e801000000,,WRITE:0-0
4315d4-4315d9,2,2,83042406c3,,WRITE:0-0
4315d9-4315de,1,1,e903000000,,WRITE:0-0
4315e1-4315ed,2,4,68c9164300fc5fe801000000,,WRITE:0-0
4315ee-4315f6,2,2,83c404e905000000,,WRITE:0-0
4315fb-431602,2,2,b82146f8887c03,,WRITE:0-0
431602-431604,1,1,7d01,,WRITE:0-0
431605-431612,2,4,85ebbe4100000050e801000000,,WRITE:0-0
431613-43161c,2,3,83c40458e903000000,,WRITE:0-0
43161f-431626,66,2,8b17e801000000,,WRITE:0-0
431627-43162f,66,2,83c404e903000000,,WRITE:0-0
431632-43163a,66,3,33d050e801000000,,WRITE:0-0
43163b-431645,66,3,83c404580f8105000000,,WRITE:0-0
43164a-431653,66,3,41c1ca17e801000000,,WRITE:0-0
431654-431659,66,2,83042406c3,,WRITE:0-0
431659-43165e,65,1,e903000000,,WRITE:0-0
431661-431673,66,3,810555b9410022c13209035704e801000000,m,WRITE:41b955-41b955
431674-431682,66,5,83c404d3ed87dd8917e801000000,m,WRITE:4316c9-4317c9
431683-431688,66,2,83042406c3,,WRITE:0-0
431688-43168a,65,1,7501,,WRITE:0-0
43168b-431693,66,2,81f045855a5a7203,,WRITE:0-0
431693-431695,65,1,7301,,WRITE:0-0
431696-431698,65,1,7606,,WRITE:0-0
431698-4316a6,66,3,81d19545b02481effcffffff7203,,WRITE:0-0
4316a9-4316b6,66,3,81e303b55c754e0f8569ffffff,,WRITE:0-0
4316b6-4316bc,2,2,50e801000000,,WRITE:0-0
4316bd-4316c7,2,3,83c404580f8202000000,,WRITE:0-0
4316c7-4316cb,2,2,87d9eb01,,WRITE:0-0
4316cc-4316d7,2,4,d3e085d068d21743007301,,WRITE:0-0
4316d8-4316db,2,2,5e7803,,WRITE:0-0
4316db-4316dd,1,1,7901,,WRITE:0-0
4316de-4316e2,2,2,8bc37006,,WRITE:0-0
4316e2-4316ef,2,3,81e82dc18ed1bd432bf2b1eb01,,WRITE:0-0
4316f0-431704,2,6,f887c2bb954103a74781f3a84103a7e801000000,,WRITE:0-0
431705-431710,2,5,83c404f86613fa8b0e7203,,WRITE:0-0
43170c-431710,61,2,8b0e7203,,WRITE:0-0
431710-431712,61,1,7301,,WRITE:0-0
431713-431715,61,1,7502,,WRITE:0-0
431717-43171b,62,2,2bcdeb01,,WRITE:0-0
43171c-431722,61,1,0f8002000000,,WRITE:0-0
431722-431736,41,4,03d6812dc1b84100def456b6c1c11ce801000000,m,WRITE:41b8c1-41b8c1
431724-431736,22,3,812dc1b84100def456b6c1c11ce801000000,m,WRITE:41b8c1-41b8c1
431737-43173f,62,2,83c404e908000000,,WRITE:0-0
431747-43174f,62,2,034e04e801000000,,WRITE:0-0
431750-431758,62,2,83c404e909000000,,WRITE:0-0
431761-431768,62,2,890ee801000000,m,WRITE:4317d2-4318c2
431769-43176e,62,2,83042406c3,,WRITE:0-0
43176e-431773,61,1,e909000000,,WRITE:0-0
43177c-431787,62,2,81edb994dd17e801000000,,WRITE:0-0
431788-431790,62,2,83c404e904000000,,WRITE:0-0
431794-4317a0,62,3,81c60400000050e801000000,,WRITE:0-0
4317a1-4317aa,62,3,83c40458e88fc5ffff,,WRITE:0-0
4317aa-4317b5,62,3,87d083eb010f8557ffffff,,WRITE:0-0
4317b5-4317bb,2,2,50e801000000,,WRITE:0-0
4317bc-4317c5,2,3,83c40458e874c5ffff,,WRITE:0-0
4317c5-4317ca,1,1,e908000000,,WRITE:0-0
4317d2-4317d8,2,2,50e801000000,,WRITE:0-0
4317d9-4317e2,2,3,83c40458e907000000,,WRITE:0-0
4317e9-4317f0,2,2,bacb184300eb01,,WRITE:0-0
4317f1-4317f6,1,1,e903000000,,WRITE:0-0
4317f9-431807,2,4,b8a9df490e4581f04063e8e57403,,WRITE:0-0
431807-431809,1,1,7501,,WRITE:0-0
43180a-43180f,1,1,e902000000,,WRITE:0-0
431811-431818,2,2,bf39000000eb01,,WRITE:0-0
431819-43181e,1,1,e90b000000,,WRITE:0-0
431829-431830,58,2,8b1ae801000000,,WRITE:0-0
431831-43183e,58,5,83c404f86681ddabc403d87603,,WRITE:0-0
43183e-431840,23,1,7701,,WRITE:0-0
431841-431847,57,1,0f8801000000,,WRITE:0-0
431847-431850,32,4,f96623e8c1c3027a03,,WRITE:0-0
431848-431850,27,3,6623e8c1c3027a03,,WRITE:0-0
431850-431852,29,1,7b01,,WRITE:0-0
431853-431859,57,1,0f8b02000000,,WRITE:0-0
431859-431866,29,4,d3d666d3fe2b5a04e801000000,,WRITE:0-0
43185b-431866,30,3,66d3fe2b5a04e801000000,,WRITE:0-0
431867-43186c,58,2,83042406c3,,WRITE:0-0
43186c-431876,58,3,660bcf891ae801000000,m,WRITE:4318cb-4319ab
431877-43187c,58,2,83042406c3,,WRITE:0-0
43187c-431885,58,3,4681e8362a9c907203,,WRITE:0-0
431885-431887,25,1,7301,,WRITE:0-0
431888-43188d,57,1,e8acc4ffff,,WRITE:0-0
43188d-4318a0,58,5,bd07290b6d85e981eafcffffff50e801000000,,WRITE:0-0
4318a1-4318b3,58,6,83c4045881d106294ef54d4f0f8576ffffff,,WRITE:0-0
4318b3-4318b8,1,1,e801000000,,WRITE:0-0
4318b9-4318be,2,2,83042406c3,,WRITE:0-0
4318be-4318c3,1,1,e908000000,,WRITE:0-0
4318cb-4318d0,1,1,e801000000,,WRITE:0-0
4318d1-4318d6,2,2,83042406c3,,WRITE:0-0
4318d6-4318d8,1,1,7701,,WRITE:0-0
4318d9-4318e3,2,5,4d68b51943004859eb01,,WRITE:0-0
4318e4-4318e9,1,1,e901000000,,WRITE:0-0
4318ea-4318f1,2,2,bee0f983557504,,WRITE:0-0
4318f5-431900,2,2,81ee81e93077e801000000,,WRITE:0-0
431901-431909,2,2,83c404e908000000,,WRITE:0-0
431911-431918,2,2,bf42000000eb01,,WRITE:0-0
431919-43191e,1,1,e903000000,,WRITE:0-0
431921-431929,67,3,8b1150e801000000,,WRITE:0-0
43192a-43193b,67,7,83c4045866d3d3d3cd2bd650e801000000,,WRITE:0-0
43193c-43194b,67,6,83c4045887ebc1ca0b50e801000000,,WRITE:0-0
43194c-431958,67,6,83c404582be948335104eb01,,WRITE:0-0
431959-43195e,66,1,e902000000,,WRITE:0-0
431960-431964,67,2,8911eb01,m,WRITE:4319b5-431ab9
431965-431973,67,4,d3e081f6cd65488e50e801000000,,WRITE:0-0
431974-431988,67,6,83c40458d3d866d3e081e9fcffffffe801000000,,WRITE:0-0
431989-43198e,67,2,83042406c3,,WRITE:0-0
43198e-4319a7,67,5,81f3c1e305fb85e8812d0dbb41006fef62f84f0f857affffff,m,WRITE:41bb0d-41bb0d
4319a7-4319ad,2,2,50e801000000,,WRITE:0-0
4319ae-4319bb,2,5,83c4045866d3d850e801000000,,WRITE:0-0
4319bc-4319c5,2,3,83c40458e909000000,,WRITE:0-0
4319ce-4319d8,2,2,bac21a4300e801000000,,WRITE:0-0
4319d9-4319f2,2,8,83c40443fcbfc1343bea668bcb81efe7115eda50e801000000,,WRITE:0-0
4319f3-4319fc,2,3,83c40458e908000000,,WRITE:0-0
431a04-431a0e,2,2,bd3b000000e801000000,,WRITE:0-0
431a0f-431a19,2,3,83c4044b0f8301000000,,WRITE:0-0
431a1a-431a21,60,2,8b32e801000000,,WRITE:0-0
431a22-431a2a,60,3,83c4046623df7c01,,WRITE:0-0
431a2a-431a2f,60,3,fc03f7eb01,,WRITE:0-0
431a30-431a35,59,1,e90b000000,,WRITE:0-0
431a40-431a48,60,2,c1ce1fe801000000,,WRITE:0-0
431a49-431a4e,60,2,83042406c3,,WRITE:0-0
431a4e-431a59,60,4,85c1432b7204e801000000,,WRITE:0-0
431a5a-431a62,60,2,83c404e90b000000,,WRITE:0-0
431a6d-431a74,60,2,8932e801000000,m,WRITE:431ac2-431baa
431a75-431a86,60,6,83c40449f981efc96d406050e801000000,,WRITE:0-0
431a87-431a97,60,6,83c40458b8243082838bce83c2047203,,WRITE:0-0
431a97-431a99,59,1,7301,,WRITE:0-0
431a9a-431a9f,59,1,e909000000,,WRITE:0-0
431aa8-431ab1,60,2,83c5ff0f8569ffffff,,WRITE:0-0
431ab1-431ab3,1,1,7e03,,WRITE:0-0
431ab6-431abb,1,1,e8ead7ffff,,WRITE:0-0
431abb-431ac0,1,1,e902000000,,WRITE:0-0
431ac2-431acd,2,5,61518f05d9b84100607403,m,WRITE:41b8d9-0
431ad0-431ad5,1,1,e902000000,,WRITE:0-0
431ad7-431ae0,2,4,68b41b4300f85b7803,,WRITE:0-0
431ae0-431ae2,1,1,7901,,WRITE:0-0
431ae3-431ae8,1,1,e907000000,,WRITE:0-0
431aef-431b00,2,3,8125a5b84100c4b0d9d1be67e26ac67803,m,WRITE:41b8a5-0
431b00-431b02,1,1,7901,,WRITE:0-0
431b03-431b18,2,6,85c781d9c1c216f56845000000b9a1cba66f5aeb01,,WRITE:0-0
431b19-431b1e,1,1,e90c000000,,WRITE:0-0
431b2a-431b32,70,3,8b2b50e801000000,,WRITE:0-0
431b33-431b41,70,6,83c404588bc603ee50e801000000,,WRITE:0-0
431b42-431b48,70,3,83c404587302,,WRITE:0-0
431b4a-431b52,70,3,6603fec1cd0eeb01,,WRITE:0-0
431b53-431b5f,70,4,668bce2b6b0450e801000000,,WRITE:0-0
431b60-431b6a,70,5,83c404588bce892beb01,m,WRITE:431bb4-431cc4
431b6b-431b7a,70,3,66c1d9e581ee575ec4c4e801000000,,WRITE:0-0
431b7b-431b80,70,2,83042406c3,,WRITE:0-0
431b80-431b85,69,1,e905000000,,WRITE:0-0
431b8a-431b8f,70,2,83c304eb01,,WRITE:0-0
431b90-431b95,69,1,e908000000,,WRITE:0-0
431b9d-431ba6,70,2,83c2ff0f8584ffffff,,WRITE:0-0
431ba6-431bab,1,1,e801000000,,WRITE:0-0
431bac-431bb1,2,2,83042406c3,,WRITE:0-0
431bb1-431bbf,2,6,66d3f961528f0501ba410060eb01,m,WRITE:41ba01-0
431bc0-431bc6,1,1,0f8a01000000,,WRITE:0-0
431bc7-431bd2,2,4,68cf1c430066d3c55eeb01,,WRITE:0-0
431bd3-431be6,2,5,f8b9b8fd780987ef81c1d7979532e801000000,,WRITE:0-0
431be7-431bec,2,2,83042406c3,,WRITE:0-0
431bec-431bf1,1,1,e904000000,,WRITE:0-0
431bf5-431c00,2,2,68410000000f8102000000,,WRITE:0-0
431c02-431c09,2,3,5a50e801000000,,WRITE:0-0
431c0a-431c21,2,7,83c40458f9810dc1b94100be2189d68b1e50e801000000,m,WRITE:41b9c1-0
431c19-431c21,65,3,8b1e50e801000000,,WRITE:0-0
431c22-431c2b,66,3,83c40458e906000000,,WRITE:0-0
431c31-431c39,66,3,33d950e801000000,,WRITE:0-0
431c3a-431c43,66,3,83c40458e901000000,,WRITE:0-0
431c44-431c4c,66,2,c1cb1de801000000,,WRITE:0-0
431c4d-431c52,66,2,83042406c3,,WRITE:0-0
431c52-431c5c,66,3,87e82b5e04e801000000,,WRITE:0-0
431c5d-431c62,66,2,83042406c3,,WRITE:0-0
431c62-431c67,65,1,e902000000,,WRITE:0-0
431c69-431c6d,66,2,891e7803,m,WRITE:431ccf-431dcf
431c6d-431c6f,65,1,7901,,WRITE:0-0
431c70-431c75,65,1,e908000000,,WRITE:0-0
431c7d-431c85,66,2,81c100758eedeb01,,WRITE:0-0
431c86-431c8b,65,1,e81ad6ffff,,WRITE:0-0
431c8b-431c90,65,1,e909000000,,WRITE:0-0
431c99-431ca1,66,2,81c6040000007e03,,WRITE:0-0
431ca1-431ca3,65,1,7f01,,WRITE:0-0
431ca4-431ca9,65,1,e890c0ffff,,WRITE:0-0
431ca9-431cae,65,1,e904000000,,WRITE:0-0
431cb2-431cbb,66,2,83ea010f855effffff,,WRITE:0-0
431cbb-431cbd,1,1,7603,,WRITE:0-0
431cc0-431cc5,1,1,e90a000000,,WRITE:0-0
431ccf-431cd4,1,1,e801000000,,WRITE:0-0
431cd5-431ce6,2,6,83c4042bdd68d81d430066c1da895eeb01,,WRITE:0-0
431ce7-431cf8,2,5,4bb9825a3d966633d581e9640b1f9beb01,,WRITE:0-0
431cf9-431cfe,1,1,e909000000,,WRITE:0-0
431d07-431d19,2,5,683700000081f28236bc085d50e801000000,,WRITE:0-0
431d1a-431d23,2,3,83c40458e816c0ffff,,WRITE:0-0
431d23-431d35,2,7,87d3c1cf11578f05edba4100ad83c6fc7603,m,WRITE:41baed-0
431d2f-431d35,55,3,ad83c6fc7603,,WRITE:0-0
431d38-431d3d,55,1,e868d5ffff,,WRITE:0-0
431d3d-431d44,56,2,f80f8202000000,,WRITE:0-0
431d44-431d4d,56,3,85df33c1e801000000,,WRITE:0-0
431d4e-431d56,56,2,83c404e903000000,,WRITE:0-0
431d59-431d61,56,2,c1c01ce801000000,,WRITE:0-0
431d62-431d6a,56,2,83c404e901000000,,WRITE:0-0
431d6b-431d75,56,4,83c6042b0683c6fc7803,,WRITE:0-0
431d75-431d77,55,1,7901,,WRITE:0-0
431d78-431d88,56,5,f843813521b8410055ab071989067803,m,WRITE:41b821-431eb0
431d88-431d8a,55,1,7901,,WRITE:0-0
431d8b-431d94,56,3,4781f1161971227603,,WRITE:0-0
431d94-431d96,55,1,7701,,WRITE:0-0
431d97-431d9c,55,1,e89dbfffff,,WRITE:0-0
431d9c-431da8,56,3,4781c604000000e801000000,,WRITE:0-0
431da9-431db1,56,2,83c404e905000000,,WRITE:0-0
431db6-431dbf,56,2,83ed010f8570ffffff,,WRITE:0-0
431dbf-431dc4,1,1,e801000000,,WRITE:0-0
431dc5-431dca,2,2,83042406c3,,WRITE:0-0
431dca-431dcf,1,1,e909000000,,WRITE:0-0
431dd8-431ddd,1,1,e801000000,,WRITE:0-0
431dde-431dec,2,4,83c404f8b9b81e4300e801000000,,WRITE:0-0
431ded-431df2,2,2,83042406c3,,WRITE:0-0
431df2-431e01,2,3,6681e37c1eb899b8fea0e801000000,,WRITE:0-0
431e02-431e07,2,2,83042406c3,,WRITE:0-0
431e07-431e0c,1,1,e902000000,,WRITE:0-0
431e0e-431e15,2,2,bad960e4aa7303,,WRITE:0-0
431e18-431e20,2,2,81c2cb9f1b557203,,WRITE:0-0
431e23-431e29,1,1,0f8101000000,,WRITE:0-0
431e2a-431e32,2,3,f88b39e801000000,,WRITE:0-0
431e2b-431e32,164,2,8b39e801000000,,WRITE:0-0
431e33-431e3b,165,2,83c404e905000000,,WRITE:0-0
431e40-431e44,165,2,03f87e03,,WRITE:0-0
431e44-431e46,95,1,7f01,,WRITE:0-0
431e47-431e54,165,4,66bdf494c1c70e50e801000000,,WRITE:0-0
431e55-431e62,165,5,83c40458fc037904e801000000,,WRITE:0-0
431e63-431e68,165,2,83042406c3,,WRITE:0-0
431e68-431e72,165,3,81ed6c4d5ddc89397203,m,WRITE:431eb8-432144
431e72-431e74,22,1,7301,,WRITE:0-0
431e75-431e82,165,3,d3d681c01ccfa799e801000000,,WRITE:0-0
431e83-431e88,165,2,83042406c3,,WRITE:0-0
431e88-431e95,165,4,fc81e9fcffffff50e801000000,,WRITE:0-0
431e96-431ea0,165,3,83c404580f8602000000,,WRITE:0-0
431ea0-431eaa,165,4,85eef94a0f8581ffffff,,WRITE:0-0
431eaa-431eb0,2,2,50e801000000,,WRITE:0-0
431eb1-431eb7,2,3,83c404587201,,WRITE:0-0
431eb7-431ebd,2,2,45e84392ffff,,WRITE:0-0
431ebd-431ec4,2,2,6a00e80a000000,,WRITE:0-0
431ece-431ed3,1,1,e825000000,,WRITE:0-0
431ef8-431efa,2,2,6a00,,WRITE:0-0
4321be-4321d9,3,9,c80c0000fc5357568b7424208b7c242466813e4a430f85b1020000,,WRITE:0-0
4321d9-4321f0,3,7,83c60633dbba00000080c7442414080000004303d2750c,,WRITE:0-0
4321ec-4321f0,29525,2,03d2750c,,WRITE:0-0
4321f0-4321fe,926,9,909090908b1683c604f913d27328,,WRITE:0-0
4321fc-4321fe,28601,1,7328,,WRITE:0-0
4321fe-43220c,15658,8,909090908b4c241033c003d2750c,,WRITE:0-0
432208-43220c,109600,2,03d2750c,,WRITE:0-0
43220c-43221d,3954,11,909090908b1683c604f913d213c04975eb,,WRITE:0-0
432218-43221d,121304,3,13c04975eb,,WRITE:0-0
43221d-432226,15658,4,0244240c880747ebc6,anm,WRITE:401000-4198b1
432221-432226,206,3,880747ebc6,am,WRITE:40100a-4199ff
432226-43222a,13870,2,03d2750c,,WRITE:0-0
43222a-43223c,448,9,909090908b1683c604f913d20f825f010000,,WRITE:0-0
432236-43223c,13422,1,0f825f010000,,WRITE:0-0
43223c-432240,5666,2,03d2750c,,WRITE:0-0
432240-432252,164,9,909090908b1683c604f913d20f83cf000000,,WRITE:0-0
43224c-432252,5502,1,0f83cf000000,,WRITE:0-0
432252-43225d,2633,4,b90400000033c003d2750c,,WRITE:0-0
432259-43225d,7897,2,03d2750c,,WRITE:0-0
43225d-43226e,357,11,909090908b1683c604f913d213c04975eb,,WRITE:0-0
432269-43226e,10173,3,13c04975eb,,WRITE:0-0
43226e-432271,2633,2,4874b0,,WRITE:0-0
432271-432277,2427,1,0f8903020000,,WRITE:0-0
432277-43227b,4,2,03d2750c,,WRITE:0-0
432287-432289,3,1,7342,,WRITE:0-0
4322cb-4322d6,4,4,b90100000033c003d2750c,,WRITE:0-0
4322e2-4322e7,4,3,13c04975eb,,WRITE:0-0
4322e7-4322fc,4,5,83c00789442410c644240c0083f8080f84f0feffff,,WRITE:0-0
432321-43232c,3034,4,b90700000033c003d2750c,,WRITE:0-0
432328-43232c,18199,2,03d2750c,,WRITE:0-0
43232c-43233d,647,11,909090908b1683c604f913d213c04975eb,,WRITE:0-0
432338-43233d,20586,3,13c04975eb,,WRITE:0-0
43233d-43234a,3034,5,8be8b90200000033c003d2750c,,WRITE:0-0
432346-43234a,3034,2,03d2750c,,WRITE:0-0
43234a-43235b,191,11,909090908b1683c604f913d213c04975eb,,WRITE:0-0
432356-43235b,5877,3,13c04975eb,,WRITE:0-0
43235b-432366,3034,5,8bc88bc583c10285c0740b,,WRITE:0-0
432366-432371,3031,6,909090908bd8e90a010000,,WRITE:0-0
432371-43237a,4,2,83f9020f8410010000,,WRITE:0-0
43237a-432381,2,4,4133c003d2750c,,WRITE:0-0
43237d-432381,4,2,03d2750c,,WRITE:0-0
43238d-432392,5,3,13c04975eb,,WRITE:0-0
432392-43239b,2,2,89442414e951feffff,,WRITE:0-0
43239b-4323a4,8205,3,b90100000003d2750c,,WRITE:0-0
4323a0-4323a4,12394,2,03d2750c,,WRITE:0-0
4323a4-4323b6,642,11,909090908b1683c604f913d213c903d2750c,,WRITE:0-0
4323b0-4323b6,19957,3,13c903d2750c,,WRITE:0-0
4323b6-4323c4,664,9,909090908b1683c604f913d272dc,,WRITE:0-0
4323c2-4323c4,19934,1,72dc,,WRITE:0-0
4323c4-4323c8,8205,3,49497534,,WRITE:0-0
4323c8-4323d7,1541,8,909090908bc3b90100000003d2750c,,WRITE:0-0
4323d3-4323d7,1172,2,03d2750c,,WRITE:0-0
4323d7-4323e9,76,11,909090908b1683c604f913d213c903d2750c,,WRITE:0-0
4323e3-4323e9,2637,3,13c903d2750c,,WRITE:0-0
4323e9-4323f7,73,9,909090908b1683c604f913d272dc,,WRITE:0-0
4323f5-4323f7,2639,1,72dc,,WRITE:0-0
4323f7-4323fc,1540,1,e97f000000,,WRITE:0-0
4323fc-43240f,6665,9,498bc18b4c24148be833c0d3e533c003d2750c,,WRITE:0-0
43240b-43240f,48439,2,03d2750c,,WRITE:0-0
43240f-432420,1720,11,909090908b1683c604f913d213c04975eb,,WRITE:0-0
43241b-432420,53384,3,13c04975eb,,WRITE:0-0
432420-43242d,6665,5,0bc58bd8b90100000003d2750c,,WRITE:0-0
432429-43242d,3135,2,03d2750c,,WRITE:0-0
43242d-43243f,320,11,909090908b1683c604f913d213c903d2750c,,WRITE:0-0
432439-43243f,9480,3,13c903d2750c,,WRITE:0-0
43243f-43244d,254,9,909090908b1683c604f913d272dc,,WRITE:0-0
43244b-43244d,9545,1,72dc,,WRITE:0-0
43244d-432454,6665,2,3d000001007324,,WRITE:0-0
432454-43245f,6665,6,909090903dff370000731a,,WRITE:0-0
43245f-43246a,5888,6,909090903d7f0200007310,,WRITE:0-0
43246a-432473,2667,6,9090909083f87f7708,,WRITE:0-0
432473-43248a,426,20,90909090414141418bee8bf72bf0f3a48bf5e962fdffff,am,WRITE:40108a-4199fc
432479-43248a,778,11,41418bee8bf72bf0f3a48bf5e962fdffff,am,WRITE:404edb-41174d
43247a-43248a,5646,7,418bee8bf72bf0f3a48bf5e962fdffff,am,WRITE:401003-4198af
43247b-43248a,6812,19,8bee8bf72bf0f3a48bf5e962fdffff,am,WRITE:401012-41989f
43248a-43249b,3,8,8bc72b4424248d6c24185e5f5bc9c20800,,WRITE:0-0
