41b000-41b003,2,2,60eb01,,WRITE:0-0
41b004-41b006,1,1,eb01,,WRITE:0-0
41b007-41b016,2,8,fc85d0fc48c1c0544050e801000000,,WRITE:0-0
41b017-41b022,2,5,83c40458fc50e801000000,,WRITE:0-0
41b023-41b02d,2,3,83c404580f8202000000,,WRITE:0-0
41b02d-41b034,2,2,2bd3e801000000,,WRITE:0-0
41b035-41b03b,2,3,83c40445eb01,,WRITE:0-0
41b03c-41b03f,2,2,f8eb01,,WRITE:0-0
41b040-41b048,2,3,8bd650e801000000,,WRITE:0-0
41b049-41b053,2,3,83c404580f8302000000,,WRITE:0-0
41b055-41b05b,2,2,50e801000000,,WRITE:0-0
41b05c-41b066,2,3,83c404580f8201000000,,WRITE:0-0
41b066-41b069,2,2,f9eb01,,WRITE:0-0
41b06a-41b070,2,2,66c1ea77eb01,,WRITE:0-0
41b071-41b07b,2,2,6681d827d6e801000000,,WRITE:0-0
41b07c-41b081,2,2,83042406c3,,WRITE:0-0
41b081-41b089,2,3,87d550e801000000,,WRITE:0-0
41b08a-41b098,2,4,83c404586681d55268e801000000,,WRITE:0-0
41b099-41b0a2,2,2,83c4040f8c02000000,,WRITE:0-0
41b0a2-41b0a9,2,2,85c2e801000000,,WRITE:0-0
41b0aa-41b0b3,2,3,83c404f8e801000000,,WRITE:0-0
41b0b4-41b0ba,2,3,83c404fc7803,,WRITE:0-0
41b0ba-41b0bc,1,1,7901,,WRITE:0-0
41b0bd-41b0bf,1,1,7202,,WRITE:0-0
41b0bf-41b0c6,2,2,85c5e801000000,,WRITE:0-0
41b0c7-41b0cc,2,2,83042406c3,,WRITE:0-0
41b0cc-41b0db,2,3,b96b1eeda0bfc3b14100e801000000,,WRITE:0-0
41b0dc-41b0e4,2,2,83c404e90a000000,,WRITE:0-0
41b0ee-41b0fe,2,5,688772576d66bd22a25a50e801000000,,WRITE:0-0
41b0ff-41b112,2,6,83c4045881c68a02759b87eebbf879e3a17201,,WRITE:0-0
41b112-41b11e,2,3,f981c34d861c5ee801000000,,WRITE:0-0
41b11f-41b127,2,2,83c404e901000000,,WRITE:0-0
41b128-41b12c,70,2,8b07eb01,,WRITE:0-0
41b12d-41b132,69,1,e903000000,,WRITE:0-0
41b135-41b139,70,2,2bc2eb01,,WRITE:0-0
41b13a-41b144,70,3,6681c572a6c1c80ceb01,,WRITE:0-0
41b145-41b14a,69,1,e907000000,,WRITE:0-0
41b151-41b15e,70,4,83c704330783c7fce801000000,,WRITE:0-0
41b15f-41b167,70,2,83c404e906000000,,WRITE:0-0
41b16d-41b171,70,2,8907eb01,m,WRITE:41b1c3-41b2d3
41b172-41b180,70,4,f80bee81c2da5f0eb1e801000000,,WRITE:0-0
41b181-41b18a,70,2,83c4040f8d02000000,,WRITE:0-0
41b18c-41b195,70,3,4581effcffffffeb01,,WRITE:0-0
41b196-41b19b,69,1,e904000000,,WRITE:0-0
41b19f-41b1a8,70,2,83eb010f8580ffffff,,WRITE:0-0
41b1a8-41b1ad,1,1,e801000000,,WRITE:0-0
41b1ae-41b1b3,2,2,83c4047b05,,WRITE:0-0
41b1b8-41b1c5,2,3,45813509ba41009801536f7603,m,WRITE:41ba09-0
41b1c5-41b1c7,1,1,7701,,WRITE:0-0
41b1c8-41b1cd,1,1,e903000000,,WRITE:0-0
41b1d0-41b1de,2,5,68dcb2410087c55b50e801000000,,WRITE:0-0
41b1df-41b1e8,2,3,83c40458e902000000,,WRITE:0-0
41b1ea-41b1fc,2,5,be5a3d83584581f6b9ba36ba50e801000000,,WRITE:0-0
41b1fd-41b203,2,3,83c404587c02,,WRITE:0-0
41b203-41b207,2,2,85e97002,,WRITE:0-0
41b207-41b210,2,3,0befbf0db801907602,,WRITE:0-0
41b210-41b21d,2,3,d3fd81f74db80190e801000000,,WRITE:0-0
41b21e-41b226,2,2,83c404e905000000,,WRITE:0-0
41b22b-41b233,65,3,8b1350e801000000,,WRITE:0-0
41b234-41b23d,65,3,83c40458e90c000000,,WRITE:0-0
41b249-41b251,65,3,33d650e801000000,,WRITE:0-0
41b252-41b260,65,6,83c40458f9c1ca0c50e801000000,,WRITE:0-0
41b261-41b26b,65,3,83c404580f8601000000,,WRITE:0-0
41b26b-41b274,65,3,f92b5304e801000000,,WRITE:0-0
41b275-41b27a,65,2,83042406c3,,WRITE:0-0
41b27a-41b27f,64,1,e90a000000,,WRITE:0-0
41b289-41b28d,65,2,8913eb01,m,WRITE:41b2dc-41b3d8
41b28e-41b290,64,1,7701,,WRITE:0-0
41b291-41b299,65,2,81eecfd73a647203,,WRITE:0-0
41b299-41b29b,39,1,7301,,WRITE:0-0
41b29c-41b2a9,65,4,4581c30400000050e801000000,,WRITE:0-0
41b2aa-41b2b3,65,3,83c40458e90a000000,,WRITE:0-0
41b2bd-41b2c6,65,2,83ef010f8565ffffff,,WRITE:0-0
41b2c6-41b2cb,1,1,e801000000,,WRITE:0-0
41b2cc-41b2d1,2,2,83042406c3,,WRITE:0-0
41b2d1-41b2d3,1,1,7303,,WRITE:0-0
41b2d6-41b2e2,2,3,81e87c1e8fc050e801000000,,WRITE:0-0
41b2e3-41b2ed,2,3,83c404580f8601000000,,WRITE:0-0
41b2ed-41b2f5,2,3,fc68e0b341007505,,WRITE:0-0
41b2fa-41b300,2,2,5ae801000000,,WRITE:0-0
41b301-41b306,2,2,83042406c3,,WRITE:0-0
41b306-41b308,1,1,7901,,WRITE:0-0
41b309-41b30b,1,1,7601,,WRITE:0-0
41b30b-41b317,2,4,48bd680c002b50e801000000,,WRITE:0-0
41b318-41b321,2,3,83c40458e908000000,,WRITE:0-0
41b329-41b336,2,5,683d000000f95e50e801000000,,WRITE:0-0
41b337-41b340,2,3,83c40458e905000000,,WRITE:0-0
41b345-41b34c,62,2,8b3ae801000000,,WRITE:0-0
41b34d-41b35e,62,5,83c40466c1d13f661bca2bfde801000000,,WRITE:0-0
41b35f-41b367,62,2,83c404e901000000,,WRITE:0-0
41b368-41b370,62,2,c1cf09e801000000,,WRITE:0-0
41b371-41b376,62,2,83042406c3,,WRITE:0-0
41b376-41b378,61,1,7b04,,WRITE:0-0
41b37c-41b384,62,2,337a04e801000000,,WRITE:0-0
41b385-41b38a,62,2,83042406c3,,WRITE:0-0
41b38a-41b395,62,5,d3c1fc893a50e801000000,m,WRITE:41b3e0-41b4d0
41b396-41b39f,62,3,83c40458e905000000,,WRITE:0-0
41b3a4-41b3b0,62,3,81eddc6d9dc350e801000000,,WRITE:0-0
41b3b1-41b3c1,62,5,83c40458f881eafcffffffe801000000,,WRITE:0-0
41b3c2-41b3cf,62,4,83c404f983c6ff0f8576ffffff,,WRITE:0-0
41b3cf-41b3d4,1,1,e801000000,,WRITE:0-0
41b3d5-41b3da,2,2,83042406c3,,WRITE:0-0
41b3da-41b3e2,2,2,81d0eea654297603,,WRITE:0-0
41b3e5-41b3ea,1,1,e901000000,,WRITE:0-0
41b3eb-41b3f2,2,2,68dbb441007602,,WRITE:0-0
41b3f4-41b3fb,2,3,5f50e801000000,,WRITE:0-0
41b3fc-41b405,2,3,83c40458e903000000,,WRITE:0-0
41b408-41b40f,2,2,be9e56eac4eb01,,WRITE:0-0
41b410-41b418,2,3,42bdb83a8b827b03,,WRITE:0-0
41b41b-41b423,2,2,81c586c5747deb01,,WRITE:0-0
41b424-41b429,1,1,e908000000,,WRITE:0-0
41b431-41b443,2,4,812d81ba41007e180b828b0750e801000000,m,WRITE:41ba81-0
41b43b-41b443,62,3,8b0750e801000000,,WRITE:0-0
41b444-41b45a,63,8,83c4045885ca87ca568f0545b841002bc6e801000000,m,WRITE:41b845-41b845
41b45b-41b460,63,2,83042406c3,,WRITE:0-0
41b460-41b465,62,1,e909000000,,WRITE:0-0
41b46e-41b473,63,2,c1c80aeb01,,WRITE:0-0
41b474-41b479,62,1,e906000000,,WRITE:0-0
41b47f-41b48c,63,4,83c704330783c7fce801000000,,WRITE:0-0
41b48d-41b492,63,2,83042406c3,,WRITE:0-0
41b492-41b499,63,3,668bc889077e03,m,WRITE:41b4db-41b5cf
41b499-41b49b,62,1,7f01,,WRITE:0-0
41b49c-41b4a6,63,3,8bdf81f61434e8d77803,,WRITE:0-0
41b4a6-41b4a8,31,1,7901,,WRITE:0-0
41b4a9-41b4b5,63,3,f881c704000000e801000000,,WRITE:0-0
41b4b6-41b4be,63,2,83c404e907000000,,WRITE:0-0
41b4c5-41b4cc,63,2,4d0f856fffffff,,WRITE:0-0
41b4cc-41b4d2,2,2,50e801000000,,WRITE:0-0
41b4d3-41b4e6,2,9,83c4045887d385d161568f0571ba410060eb01,m,WRITE:41ba71-0
41b4e7-41b4ec,1,1,e901000000,,WRITE:0-0
41b4ed-41b4f4,2,2,b9d8b54100eb01,,WRITE:0-0
41b4f5-41b4fb,1,1,0f8206000000,,WRITE:0-0
41b4fb-41b518,2,6,81ce09bc7c1666be00a4b8bea20b73c1d62581c0ff71bb4ce801000000,,WRITE:0-0
41b519-41b521,2,2,83c404e904000000,,WRITE:0-0
41b525-41b53b,2,5,bace678e48bd7407060281c27b9871b750e801000000,,WRITE:0-0
41b53c-41b545,2,5,83c40458fc8b197203,,WRITE:0-0
41b541-41b545,73,2,8b197203,,WRITE:0-0
41b545-41b547,1,1,7301,,WRITE:0-0
41b548-41b553,74,4,668be92bd850e801000000,,WRITE:0-0
41b554-41b55d,74,3,83c40458e905000000,,WRITE:0-0
41b562-41b567,74,2,c1cb17eb01,,WRITE:0-0
41b568-41b573,74,3,66d3cd2b5904e801000000,,WRITE:0-0
41b574-41b585,74,6,83c40487ef66c1c5c6891950e801000000,m,WRITE:41b5d8-41b6f8
41b586-41b590,74,3,83c404580f8505000000,,WRITE:0-0
41b595-41b59e,74,3,fc81c08d7fec3feb01,,WRITE:0-0
41b59f-41b5ab,74,3,4581c104000000e801000000,,WRITE:0-0
41b5ac-41b5b1,74,2,83042406c3,,WRITE:0-0
41b5b1-41b5b6,74,2,668beb7701,,WRITE:0-0
41b5b7-41b5ca,74,3,811d69b941008ae01aad83c2ff0f8577ffffff,m,WRITE:41b969-41b969
41b5ca-41b5d0,2,2,50e801000000,,WRITE:0-0
41b5d1-41b5dd,2,4,83c40458668bf5e801000000,,WRITE:0-0
41b5de-41b5e3,2,2,83042406c3,,WRITE:0-0
41b5e3-41b5f5,2,7,4587eb6801b74100c1e5095850e801000000,,WRITE:0-0
41b5f6-41b5ff,2,3,83c40458e905000000,,WRITE:0-0
41b604-41b614,2,4,bfa3fa1b3f668bef81c79561df32eb01,,WRITE:0-0
41b615-41b61a,1,1,e901000000,,WRITE:0-0
41b61b-41b626,2,3,be3f00000050e801000000,,WRITE:0-0
41b627-41b634,2,5,83c4045885d58b08e801000000,,WRITE:0-0
41b62d-41b634,63,2,8b08e801000000,,WRITE:0-0
41b635-41b63a,64,2,83042406c3,,WRITE:0-0
41b63a-41b63f,63,1,e903000000,,WRITE:0-0
41b642-41b649,64,2,33cfe801000000,,WRITE:0-0
41b64a-41b652,64,2,83c404e909000000,,WRITE:0-0
41b65b-41b663,64,2,c1c11be801000000,,WRITE:0-0
41b664-41b66c,64,2,83c404e902000000,,WRITE:0-0
41b66e-41b67e,64,4,68395e34508f0581b841002b4804eb01,m,WRITE:41b881-41b881
41b67f-41b685,63,1,0f8402000000,,WRITE:0-0
41b685-41b689,64,2,87d57802,,WRITE:0-0
41b689-41b692,37,3,85da8908e801000000,m,WRITE:41b701-41b7f9
41b68b-41b692,28,2,8908e801000000,m,WRITE:41b709-41b7f5
41b693-41b698,64,2,83042406c3,,WRITE:0-0
41b698-41b69a,63,1,7802,,WRITE:0-0
41b69a-41b6b4,64,6,8bdf8bdd811579ba41000b19c93981f7b25a5e9250e801000000,m,WRITE:41ba79-41ba79
41b6b5-41b6d6,64,7,83c404580bdd81d53e4aabca812d59ba41004f6327cd81c004000000e801000000,m,WRITE:41ba59-41ba59
41b6d7-41b6dc,64,2,83042406c3,,WRITE:0-0
41b6dc-41b6de,63,1,7d04,,WRITE:0-0
41b6e2-41b6ed,64,3,8bee83c6ff0f8540ffffff,,WRITE:0-0
41b6ed-41b6f2,1,1,e801000000,,WRITE:0-0
41b6f3-41b6f8,2,2,83042406c3,,WRITE:0-0
41b6f8-41b6fd,1,1,e904000000,,WRITE:0-0
41b701-41b706,1,1,e801000000,,WRITE:0-0
41b707-41b70c,2,2,83042406c3,,WRITE:0-0
41b70c-41b711,1,1,e907000000,,WRITE:0-0
41b718-41b725,2,4,6802b841008bf259e801000000,,WRITE:0-0
41b726-41b72b,2,2,83042406c3,,WRITE:0-0
41b72b-41b748,2,6,fc810545b94100ea27b636bb1526ad828bf281f3f821c631e801000000,m,WRITE:41b945-0
41b749-41b751,2,2,83c404e90b000000,,WRITE:0-0
41b75c-41b766,2,4,68cd52000085f85aeb01,,WRITE:0-0
41b767-41b76c,1,1,e904000000,,WRITE:0-0
41b770-41b774,21198,2,8b297803,,WRITE:0-0
41b774-41b776,21197,1,7901,,WRITE:0-0
41b777-41b779,21197,1,7101,,WRITE:0-0
41b77a-41b77f,21198,3,f903ebeb01,,WRITE:0-0
41b780-41b787,21198,2,460f8403000000,,WRITE:0-0
41b787-41b78f,21198,3,c1e8f9c1c50beb01,,WRITE:0-0
41b790-41b799,21198,3,f8036904e801000000,,WRITE:0-0
41b79a-41b7a7,21198,5,83c404fc1bf18929e801000000,m,WRITE:41b802-430332
41b7a8-41b7ad,21198,2,83c4047904,,WRITE:0-0
41b7b1-41b7bc,21198,2,81f3fa4ac78ee801000000,,WRITE:0-0
41b7bd-41b7c5,21198,2,83c404e902000000,,WRITE:0-0
41b7c7-41b7d2,21198,2,81e9fcffffffe801000000,,WRITE:0-0
41b7d3-41b7d8,21198,2,83042406c3,,WRITE:0-0
41b7d8-41b7ea,21198,4,81d67d09487666d3c683c2ff0f8586ffffff,,WRITE:0-0
41b7ea-41b7ef,1,1,e801000000,,WRITE:0-0
41b7f0-41b7f5,2,2,83042406c3,,WRITE:0-0
41b7f5-41b800,2,2,6681d6d1760f8402000000,,WRITE:0-0
41b800-41b807,2,2,85fee9bb4a0100,,WRITE:0-0
42a8ce-42a8eb,2,11,520f31c1d002057a18de0f13c433c13185d5084100034424f8d1d05ac3,,WRITE:0-0
42b100-42b105,19,1,e800000000,,WRITE:0-0
42b105-42b10d,20,3,5d81ed05114100c3,,WRITE:0-0
42b12a-42b145,29,12,53505203c55053508b851c8541000fb60083e8333d990000007410,,WRITE:0-0
42b145-42b150,29,6,9090909058ff951c854100,,WRITE:0-0
42b150-42b152,28,1,eb17,,WRITE:0-0
42b169-42b171,29,5,5a89441500585bc3,,WRITE:0-0
42d0db-42d0e0,2,3,608bc8eb01,,WRITE:0-0
42d0e1-42d0e3,1,1,7102,,WRITE:0-0
42d0e5-42d0e7,1,1,7403,,WRITE:0-0
42d0e7-42d0e9,1,1,7501,,WRITE:0-0
42d0ea-42d0ec,1,1,7b02,,WRITE:0-0
42d0ec-42d0f3,2,2,87e9e801000000,,WRITE:0-0
42d0f4-42d0fc,2,3,83c404668bf27a03,,WRITE:0-0
42d0fc-42d0fe,1,1,7b01,,WRITE:0-0
42d0ff-42d102,2,2,45eb01,,WRITE:0-0
42d103-42d109,1,1,0f8101000000,,WRITE:0-0
42d10a-42d10c,1,1,7403,,WRITE:0-0
42d10c-42d10e,1,1,7501,,WRITE:0-0
42d10f-42d112,2,2,f97c03,,WRITE:0-0
42d112-42d114,1,1,7d01,,WRITE:0-0
42d115-42d11b,1,1,0f8003000000,,WRITE:0-0
42d11b-42d123,2,2,c1edcee801000000,,WRITE:0-0
42d124-42d129,2,2,83042406c3,,WRITE:0-0
42d129-42d132,2,2,66c1d673e801000000,,WRITE:0-0
42d133-42d138,2,2,83042406c3,,WRITE:0-0
42d138-42d13e,1,1,0f8501000000,,WRITE:0-0
42d13f-42d144,1,1,e800000000,,WRITE:0-0
42d144-42d14c,2,4,5d8bc53b451d7c06,,WRITE:0-0
42d14c-42d154,2,3,03451d89451deb01,,WRITE:0-0
42d155-42d15a,1,1,e906000000,,WRITE:0-0
42d160-42d16b,2,3,b886d2420050e801000000,,WRITE:0-0
42d16c-42d192,2,10,83c404581bcbd3ce811d01b9410097dbd055bfb81e4a6e66d3f981efddb5b58e50e801000000,m,WRITE:41b901-0
42d193-42d1ad,2,7,83c4045866c1fefeba343208ed8bf081ea053208ede801000000,,WRITE:0-0
42d1ae-42d1b3,2,2,83042406c3,,WRITE:0-0
42d1b3-42d1bd,2,4,668bf7668bf58b187603,,WRITE:0-0
42d1b9-42d1bd,47,2,8b187603,,WRITE:0-0
42d1bd-42d1bf,47,1,7701,,WRITE:0-0
42d1c0-42d1c5,47,1,e903000000,,WRITE:0-0
42d1c8-42d1d9,48,3,8125d5ba410055ad035c03dfe801000000,m,WRITE:41bad5-41bad5
42d1da-42d1df,48,2,83042406c3,,WRITE:0-0
42d1df-42d1e4,47,1,e90f000000,,WRITE:0-0
42d1f3-42d1fc,48,3,c1c31150e801000000,,WRITE:0-0
42d1fd-42d206,48,3,83c40458e901000000,,WRITE:0-0
42d207-42d20f,48,2,2b5804e801000000,,WRITE:0-0
42d210-42d215,48,2,83042406c3,,WRITE:0-0
42d215-42d21a,47,1,e90e000000,,WRITE:0-0
42d228-42d22f,48,2,8918e801000000,m,WRITE:42d286-42d33e
42d230-42d238,48,2,83c404e905000000,,WRITE:0-0
42d23d-42d248,48,2,81c7d046eb5ce801000000,,WRITE:0-0
42d249-42d24e,48,2,83042406c3,,WRITE:0-0
42d24e-42d262,48,5,6681e636e881de384825e183c00450e801000000,,WRITE:0-0
42d263-42d26d,48,3,83c404580f8703000000,,WRITE:0-0
42d270-42d277,48,2,4a0f8542ffffff,,WRITE:0-0
42d277-42d27d,2,2,50e801000000,,WRITE:0-0
42d27e-42d284,2,3,83c404587202,,WRITE:0-0
42d284-42d28b,2,2,87f1e875deffff,,WRITE:0-0
42d28b-42d29f,2,5,68200300008dbd11184000576a00ff9573fd4000,,WRITE:0-0
42d29f-42d2b8,2,8,6a0068800000006a036a006a01680000008057ff952bfd4000,,WRITE:0-0
42d2b8-42d2bf,2,2,400f8487000000,,WRITE:0-0
42d2bf-42d2cb,2,5,488bf86a0057ff9577fd4000,,WRITE:0-0
42d2cb-42d2db,2,5,2b856b81410096566a40ff95fffc4000,,WRITE:0-0
42d2db-42d2df,2,2,85c0745e,,WRITE:0-0
42d2df-42d2f6,2,12,90909090936a008d851118400050565357ff954ffd4000,,WRITE:0-0
42d2f6-42d300,2,4,8bc38bce60e884000000,,WRITE:0-0
42d300-42d308,2,2,39856f8141007424,,WRITE:0-0
42d32c-42d335,2,4,618d853533410050c3,,WRITE:0-0
42d335-42d33c,2,2,53ff9503fd4000,,WRITE:0-0
42d33c-42d345,2,4,965057ff9527fd4000,,WRITE:0-0
42d345-42d34c,2,3,5860e800000000,,WRITE:0-0
42d34c-42d367,2,9,5e83ee06b9c000000029ceba3b22db91c1e90283e90283f9007c1a,,WRITE:0-0
42d362-42d367,48,2,83f9007c1a,,WRITE:0-0
42d367-42d381,48,9,8b048e8b5c8e0403c3c1c8112bc281ead046eb5c89048e49ebe1,m,WRITE:42d33e-42d286
42d381-42d384,2,3,6161c3,,WRITE:0-0
42d384-42d396,2,10,8bf833c033db33d28a07f7e203d84247e2f6,,WRITE:0-0
42d38c-42d396,192349,6,8a07f7e203d84247e2f6,,WRITE:0-0
42d396-42d398,2,2,93c3,,WRITE:0-0
42d398-42d3a4,2,8,60d3e1400bcd4187f14e7803,,WRITE:0-0
42d3a4-42d3a6,1,1,7901,,WRITE:0-0
42d3a7-42d3af,2,2,81c122d55e22eb01,,WRITE:0-0
42d3b0-42d3b6,2,2,40e801000000,,WRITE:0-0
42d3b7-42d3c1,2,3,83c404b8d9540c92eb01,,WRITE:0-0
42d3c2-42d3c9,2,2,0bc2e801000000,,WRITE:0-0
42d3ca-42d3cf,2,2,83c4047205,,WRITE:0-0
42d3cf-42d3d6,2,2,b80c864ccaeb01,,WRITE:0-0
42d3d7-42d3db,2,2,87c6eb01,,WRITE:0-0
42d3dc-42d3e4,2,3,85f150e801000000,,WRITE:0-0
42d3e5-42d3ef,2,3,83c404580f8a01000000,,WRITE:0-0
42d3ef-42d3f2,2,2,46eb01,,WRITE:0-0
42d3f3-42d3fc,2,3,668bf350e801000000,,WRITE:0-0
42d3fd-42d407,2,3,83c404580f8303000000,,WRITE:0-0
42d40a-42d40f,1,1,e800000000,,WRITE:0-0
42d40f-42d417,2,4,5d8bc53b45227c06,,WRITE:0-0
42d417-42d422,2,3,034522894522e801000000,,WRITE:0-0
42d423-42d428,2,2,83042406c3,,WRITE:0-0
42d428-42d42a,1,1,7901,,WRITE:0-0
42d42b-42d42d,1,1,7503,,WRITE:0-0
42d430-42d43b,2,2,6843d542000f8602000000,,WRITE:0-0
42d43b-42d443,2,3,85f05ae801000000,,WRITE:0-0
42d444-42d449,2,2,83042406c3,,WRITE:0-0
42d449-42d459,2,4,b82e83f3e3bd0f4af71d50e801000000,,WRITE:0-0
42d45a-42d463,2,3,83c40458e902000000,,WRITE:0-0
42d465-42d47b,2,4,bfa824334c81d03765579481f7b424334ce801000000,,WRITE:0-0
42d47c-42d481,2,2,83042406c3,,WRITE:0-0
42d481-42d489,2,3,f88b1ae801000000,,WRITE:0-0
42d482-42d489,28,2,8b1ae801000000,,WRITE:0-0
42d48a-42d48f,29,2,83042406c3,,WRITE:0-0
42d48f-42d494,28,1,e904000000,,WRITE:0-0
42d498-42d49c,29,2,33dd7803,,WRITE:0-0
42d49c-42d49e,15,1,7901,,WRITE:0-0
42d49f-42d4a4,28,1,e907000000,,WRITE:0-0
42d4ab-42d4b3,29,2,c1c31be801000000,,WRITE:0-0
42d4b4-42d4b9,29,2,83042406c3,,WRITE:0-0
42d4b9-42d4c8,29,6,fc66c1fe6c83c204031a83ea047403,,WRITE:0-0
42d4c8-42d4ca,28,1,7501,,WRITE:0-0
42d4cb-42d4d0,28,1,e903000000,,WRITE:0-0
42d4d3-42d4db,29,3,891a50e801000000,m,WRITE:42d543-42d5af
42d4dc-42d4e5,29,3,83c40458e904000000,,WRITE:0-0
42d4e9-42d4f4,29,2,81c5ea5ec92be801000000,,WRITE:0-0
42d4f5-42d4fa,29,2,83042406c3,,WRITE:0-0
42d4fa-42d4ff,28,1,e902000000,,WRITE:0-0
42d501-42d509,29,2,83c204e801000000,,WRITE:0-0
42d50a-42d512,29,2,83c404e90e000000,,WRITE:0-0
42d520-42d530,29,4,558f0501ba410083ef010f8552ffffff,m,WRITE:41ba01-41ba01
42d530-42d536,2,2,50e801000000,,WRITE:0-0
42d537-42d540,2,3,83c40458e903000000,,WRITE:0-0
42d543-42d548,1,1,e8b8dbffff,,WRITE:0-0
42d548-42d55b,2,6,c68598334100c38db54ef8400056ad0bc07449,,WRITE:0-0
42d5a4-42d5b2,2,4,5e68307500006a40ff95fffc4000,,WRITE:0-0
42d5b2-42d5be,2,3,89854af8400060e800000000,,WRITE:0-0
42d5be-42d5d9,2,9,5e83ee06b97500000029cebabd4c34bcc1e90283e90283f9007c1a,,WRITE:0-0
42d5d4-42d5d9,29,2,83f9007c1a,,WRITE:0-0
42d5d9-42d5f3,29,9,8b048e8b5c8e042bc3c1c81b33c281eaea5ec92b89048e49ebe1,m,WRITE:42d5af-42d543
42d5f3-42d5fa,2,3,6161e8f7240000,,WRITE:0-0
42d5fb-42d600,1,1,e800dbffff,,WRITE:0-0
42d600-42d61d,2,9,8d8583fb40008bd850508b85208541000fb60083e8333d990000007410,,WRITE:0-0
42d61d-42d628,2,6,9090909058ff9520854100,,WRITE:0-0
42d628-42d62a,1,1,eb17,,WRITE:0-0
42d641-42d645,2,2,0bc0753d,,WRITE:0-0
42d682-42d699,2,5,8bd8898512204000b890fb4000bafffc4000e891daffff,,WRITE:0-0
42d699-42d6a8,2,3,b89cfb4000ba03fd4000e882daffff,,WRITE:0-0
42d6a8-42d6b7,2,3,b8a7fb4000ba17fd4000e873daffff,,WRITE:0-0
42d6b7-42d6c6,2,3,b8bbfb4000ba1bfd4000e864daffff,,WRITE:0-0
42d6c6-42d6d5,2,3,b8d4fb4000ba1ffd4000e855daffff,,WRITE:0-0
42d6d5-42d6e4,2,3,b8e3fb4000ba23fd4000e846daffff,,WRITE:0-0
42d6e4-42d6f3,2,3,b8f1fb4000ba27fd4000e837daffff,,WRITE:0-0
42d6f3-42d702,2,3,b8fdfb4000ba2bfd4000e828daffff,,WRITE:0-0
42d702-42d711,2,3,b809fc4000ba2ffd4000e819daffff,,WRITE:0-0
42d711-42d720,2,3,b81afc4000ba47fd4000e80adaffff,,WRITE:0-0
42d720-42d72f,2,3,b82cfc4000ba4bfd4000e8fbd9ffff,,WRITE:0-0
42d72f-42d73e,2,3,b838fc4000ba4ffd4000e8ecd9ffff,,WRITE:0-0
42d73e-42d74d,2,3,b841fc4000ba53fd4000e8ddd9ffff,,WRITE:0-0
42d74d-42d75c,2,3,b84bfc4000ba57fd4000e8ced9ffff,,WRITE:0-0
42d75c-42d76b,2,3,b857fc4000ba5bfd4000e8bfd9ffff,,WRITE:0-0
42d76b-42d77a,2,3,b864fc4000ba5ffd4000e8b0d9ffff,,WRITE:0-0
42d77a-42d789,2,3,b87dfc4000ba67fd4000e8a1d9ffff,,WRITE:0-0
42d789-42d798,2,3,b88efc4000ba6bfd4000e892d9ffff,,WRITE:0-0
42d798-42d7a7,2,3,b89ffc4000ba6ffd4000e883d9ffff,,WRITE:0-0
42d7a7-42d7b6,2,3,b8a7fd4000baa3fd4000e874d9ffff,,WRITE:0-0
42d7b6-42d7c5,2,3,b8d7fd4000ba73fd4000e865d9ffff,,WRITE:0-0
42d7c5-42d7d4,2,3,b8eafd4000ba77fd4000e856d9ffff,,WRITE:0-0
42d7d4-42d7f1,2,9,8d85b0fc40008bd850508b85208541000fb60083e8333d990000007410,,WRITE:0-0
42d7f1-42d7fc,2,6,9090909058ff9520854100,,WRITE:0-0
42d7fc-42d7fe,1,1,eb17,,WRITE:0-0
42d815-42d819,2,2,0bc0753d,,WRITE:0-0
42d856-42d86d,2,5,8bd8898516204000b8bbfc4000ba07fd4000e8bdd8ffff,,WRITE:0-0
42d86d-42d87c,2,3,b8c7fc4000ba0bfd4000e8aed8ffff,,WRITE:0-0
42d87c-42d88b,2,3,b8d6fc4000ba0ffd4000e89fd8ffff,,WRITE:0-0
42d88b-42d89a,2,3,b8e4fc4000ba13fd4000e890d8ffff,,WRITE:0-0
42d89a-42d8a9,2,3,b8bafd4000bab6fd4000e881d8ffff,,WRITE:0-0
42d8a9-42d8b8,2,3,b8c8fd4000bac4fd4000e872d8ffff,,WRITE:0-0
42d8b8-42d8cb,2,371,8dbd83fb40008d8df1fc40002bcf33c0f3aac3,m,WRITE:429b83-429cf0
42dd39-42dd3c,187,2,607205,,WRITE:0-0
42dd3c-42dd46,2,2,6681e61904e801000000,,WRITE:0-0
42dd47-42dd4c,2,2,83042406c3,,WRITE:0-0
42dd4c-42dd4f,2,2,f87403,,WRITE:0-0
42dd4f-42dd51,1,1,7501,,WRITE:0-0
42dd52-42dd59,2,2,85d7e801000000,,WRITE:0-0
42dd5a-42dd5f,2,2,83042406c3,,WRITE:0-0
42dd5f-42dd66,2,2,87d7e801000000,,WRITE:0-0
42dd67-42dd6c,2,2,83042406c3,,WRITE:0-0
42dd6c-42dd72,1,1,0f8002000000,,WRITE:0-0
42dd72-42dd76,2,2,85fa7203,,WRITE:0-0
42dd76-42dd78,1,1,7301,,WRITE:0-0
42dd79-42dd7f,2,2,66bece27eb01,,WRITE:0-0
42dd80-42dd85,2,2,668bf27a03,,WRITE:0-0
42dd85-42dd87,1,1,7b01,,WRITE:0-0
42dd88-42dd8b,2,2,fceb01,,WRITE:0-0
42dd8c-42dd96,2,2,6681e23b96e801000000,,WRITE:0-0
42dd97-42dda3,2,3,83c40466be2b4ee801000000,,WRITE:0-0
42dda4-42ddaa,2,3,83c404f9eb01,,WRITE:0-0
42ddab-42ddb4,2,2,66c1d709e801000000,,WRITE:0-0
42ddb5-42ddc0,2,3,83c40481f26eca9da37803,,WRITE:0-0
42ddc0-42ddc2,1,1,7901,,WRITE:0-0
42ddc3-42ddc6,2,2,4f7203,,WRITE:0-0
42ddc6-42ddc8,1,1,7301,,WRITE:0-0
42ddc9-42ddcf,1,1,0f8804000000,,WRITE:0-0
42ddd3-42ddd8,1,1,e800000000,,WRITE:0-0
42ddd8-42dde0,2,4,5d8bc53b452c7c06,,WRITE:0-0
42dde0-42ddec,2,4,03452c89452c50e801000000,,WRITE:0-0
42dded-42ddf6,2,3,83c40458e903000000,,WRITE:0-0
42ddf9-42de0a,2,3,812d49ba41009412fae368e4de42007d01,m,WRITE:41ba49-0
42de0b-42de0e,2,2,58eb01,,WRITE:0-0
42de0f-42de1b,2,4,662bfad3e2bd373c66e97802,,WRITE:0-0
42de1d-42de25,2,2,81edded79895eb01,,WRITE:0-0
42de26-42de32,2,4,47fcb983000000e801000000,,WRITE:0-0
42de33-42de3b,2,2,83c404e901000000,,WRITE:0-0
42de3c-42de40,132,2,8b187a03,,WRITE:0-0
42de40-42de42,65,1,7b01,,WRITE:0-0
42de43-42de48,131,1,e903000000,,WRITE:0-0
42de4b-42de4f,132,2,2bdd7803,,WRITE:0-0
42de4f-42de51,67,1,7901,,WRITE:0-0
42de52-42de57,131,1,e909000000,,WRITE:0-0
42de60-42de72,132,3,81257dba4100fe1c7f0cc1c30fe801000000,m,WRITE:41ba7d-41ba7d
42de73-42de78,132,2,83042406c3,,WRITE:0-0
42de78-42de85,132,5,668bf983e8fc331883e8047803,,WRITE:0-0
42de85-42de87,131,1,7901,,WRITE:0-0
42de88-42de8e,132,3,8bfa89187603,m,WRITE:42dee4-42e0ec
42de8e-42de90,131,1,7701,,WRITE:0-0
42de91-42de96,131,1,e906000000,,WRITE:0-0
42de9c-42dea8,132,3,81ed9e5d604150e801000000,,WRITE:0-0
42dea9-42deaf,132,3,83c404587103,,WRITE:0-0
42deb2-42debe,132,3,81c00400000050e801000000,,WRITE:0-0
42debf-42decd,132,5,83c40458f983e9010f856fffffff,,WRITE:0-0
42decd-42decf,1,1,eb01,,WRITE:0-0
42ded0-42ded5,1,1,e90f000000,,WRITE:0-0
42dee4-42dee9,1,1,e817d2ffff,,WRITE:0-0
42dee9-42def2,2,2,80bda5524100c37409,,WRITE:0-0
42defb-42df11,2,3,66c7852cf54000000083bd4f814100000f84e5010000,,WRITE:0-0
42e0f6-42e0fc,2,2,60e800000000,,WRITE:0-0
42e0fc-42e117,2,9,5e83ee06b91202000029ceba1ddadd20c1e90283e90283f9007c1a,,WRITE:0-0
42e112-42e117,132,2,83f9007c1a,,WRITE:0-0
42e117-42e131,132,9,8b048e8b5c8e0433c3c1c80f03c281c29e5d604189048e49ebe1,m,WRITE:42e0ec-42dee4
42e131-42e142,2,10,61f841f885e9f9f8668bc850e801000000,,WRITE:0-0
42e143-42e14d,2,4,83c4045866c1d5cb7e03,,WRITE:0-0
42e150-42e156,2,2,49e801000000,,WRITE:0-0
42e157-42e15c,2,2,83042406c3,,WRITE:0-0
42e15c-42e163,2,2,87cbe801000000,,WRITE:0-0
42e164-42e169,2,2,83042406c3,,WRITE:0-0
42e169-42e16b,1,1,7001,,WRITE:0-0
42e16b-42e172,2,3,f850e801000000,,WRITE:0-0
42e173-42e179,2,3,83c404587601,,WRITE:0-0
42e179-42e17c,2,2,41eb01,,WRITE:0-0
42e17d-42e180,2,2,f9eb01,,WRITE:0-0
42e181-42e188,2,2,87d9e801000000,,WRITE:0-0
42e189-42e193,2,3,83c40433d9e801000000,,WRITE:0-0
42e194-42e19e,2,4,83c404f850e801000000,,WRITE:0-0
42e19f-42e1a9,2,4,83c40458f9e801000000,,WRITE:0-0
42e1aa-42e1b4,2,3,83c4042be9e800000000,,WRITE:0-0
42e1b4-42e1bc,2,4,5d8bc53b452c7c06,,WRITE:0-0
42e1bc-42e1c7,2,3,03452c89452ce801000000,,WRITE:0-0
42e1c8-42e1cd,2,2,83042406c3,,WRITE:0-0
42e1cd-42e1d2,1,1,e90d000000,,WRITE:0-0
42e1df-42e1e9,2,2,bfdce24200e801000000,,WRITE:0-0
42e1ea-42e1ef,2,2,83042406c3,,WRITE:0-0
42e1ef-42e1f1,1,1,7202,,WRITE:0-0
42e1f1-42e1fb,2,4,13daf8b84e9e97aa7801,,WRITE:0-0
42e1fb-42e207,2,3,fc81c07c8fc25ae801000000,,WRITE:0-0
42e208-42e20d,2,2,83042406c3,,WRITE:0-0
42e20d-42e217,2,2,66bd14000f8603000000,,WRITE:0-0
42e217-42e236,2,7,66d3dd812df9b94100802e39ebbe1e36c71c4381f69e36c71c50e801000000,m,WRITE:41b9f9-0
42e237-42e241,2,5,83c4045885cd8b177603,,WRITE:0-0
42e23d-42e241,128,2,8b177603,,WRITE:0-0
42e241-42e243,1,1,7701,,WRITE:0-0
42e244-42e249,128,1,e902000000,,WRITE:0-0
42e24b-42e259,129,3,8105a1ba4100d9abe58403d0eb01,m,WRITE:41baa1-41baa1
42e25a-42e25f,128,1,e902000000,,WRITE:0-0
42e261-42e269,129,2,c1ca02e801000000,,WRITE:0-0
42e26a-42e26f,129,2,83042406c3,,WRITE:0-0
42e26f-42e271,128,1,7b02,,WRITE:0-0
42e271-42e27d,129,5,85dd83c7042b1783c7fc7803,,WRITE:0-0
42e27d-42e27f,128,1,7901,,WRITE:0-0
42e280-42e287,129,4,f9d3e18917eb01,m,WRITE:42e2dc-42e4d8
42e288-42e28d,128,1,e903000000,,WRITE:0-0
42e290-42e2a2,129,3,813585ba4100875fc0d281f094a5b2847e03,m,WRITE:41ba85-41ba85
42e2a2-42e2a4,64,1,7f01,,WRITE:0-0
42e2a5-42e2aa,128,1,e901000000,,WRITE:0-0
42e2ab-42e2b3,129,2,83c704e801000000,,WRITE:0-0
42e2b4-42e2c1,129,4,83c404f983c6ff0f857cffffff,,WRITE:0-0
42e2c1-42e2c6,1,1,e801000000,,WRITE:0-0
42e2c7-42e2d0,2,2,83c4040f8105000000,,WRITE:0-0
42e2d5-42e2db,1,1,0f8c01000000,,WRITE:0-0
42e2db-42e2e1,2,2,4de81fceffff,,WRITE:0-0
42e2e1-42e2f0,2,2,6681bd2cf5400000ff0f84ac000000,,WRITE:0-0
42e2f0-42e2fb,2,2,6681bd2cf5400001ff7439,,WRITE:0-0
42e2fb-42e30a,2,6,909090906681bd2cf5400002ff7453,,WRITE:0-0
42e30a-42e313,2,5,90909090e989000000,,WRITE:0-0
42e39c-42e3a9,2,2,80bd0d444100000f841b010000,,WRITE:0-0
42e4c4-42e4cd,2,2,80bd6cf7400001740c,,WRITE:0-0
42e4cd-42e4e6,2,15,909090909090909090909090c685393d4100c360e800000000,,WRITE:0-0
42e4e6-42e501,2,9,5e83ee06b90402000029ceba5e88e881c1e90283e90283f9007c1a,,WRITE:0-0
42e4fc-42e501,129,2,83f9007c1a,,WRITE:0-0
42e501-42e51b,129,9,8b048e8b5c8e0403c3c1c0022bc281f294a5b28489048e49ebe1,m,WRITE:42e4d8-42e2dc
42e51b-42e522,2,3,6161e84c050000,,WRITE:0-0
42ea6e-42ea71,2,2,60eb04,,WRITE:0-0
42ea75-42ea77,1,1,eb01,,WRITE:0-0
42ea78-42ea7e,1,1,0f8701000000,,WRITE:0-0
42ea7f-42ea85,2,2,50e801000000,,WRITE:0-0
42ea86-42ea8d,2,4,83c40458fc7603,,WRITE:0-0
42ea8d-42ea8f,1,1,7701,,WRITE:0-0
42ea90-42ea96,2,2,40e801000000,,WRITE:0-0
42ea97-42ea9c,2,2,83042406c3,,WRITE:0-0
42ea9c-42eaa4,2,3,d3dd50e801000000,,WRITE:0-0
42eaa5-42eaab,2,3,83c404587601,,WRITE:0-0
42eaab-42eaae,2,2,fceb01,,WRITE:0-0
42eaaf-42eab2,2,2,4d7203,,WRITE:0-0
42eab2-42eab4,1,1,7301,,WRITE:0-0
42eab5-42eabb,2,2,f9e801000000,,WRITE:0-0
42eabc-42eac1,2,2,83042406c3,,WRITE:0-0
42eac1-42eac3,1,1,7a01,,WRITE:0-0
42eac3-42eaca,2,3,fc50e801000000,,WRITE:0-0
42eacb-42ead1,2,3,83c404587801,,WRITE:0-0
42ead1-42ead8,2,3,4a50e801000000,,WRITE:0-0
42ead9-42eadf,2,3,83c404587605,,WRITE:0-0
42eadf-42eae6,2,2,6681f5ca7b7603,,WRITE:0-0
42eae6-42eae8,1,1,7701,,WRITE:0-0
42eae9-42eaec,2,2,f9eb01,,WRITE:0-0
42eaed-42eaf1,2,2,85d57e03,,WRITE:0-0
42eaf1-42eaf3,1,1,7f01,,WRITE:0-0
42eaf4-42eafa,2,2,66c1ed09eb01,,WRITE:0-0
42eafb-42eafe,2,2,f8eb01,,WRITE:0-0
42eaff-42eb09,2,2,6681d89a39e800000000,,WRITE:0-0
42eb09-42eb11,2,4,5d8bc53b45197c06,,WRITE:0-0
42eb11-42eb19,2,3,0345198945197403,,WRITE:0-0
42eb19-42eb1b,1,1,7501,,WRITE:0-0
42eb1c-42eb2b,2,4,668bd00bc6be1fec4200e801000000,,WRITE:0-0
42eb2c-42eb31,2,2,83042406c3,,WRITE:0-0
42eb31-42eb38,2,2,6681d2a5d07701,,WRITE:0-0
42eb38-42eb4b,2,5,f9bf26f6087087d081f7104b9769e801000000,,WRITE:0-0
42eb4c-42eb54,2,2,83c404e903000000,,WRITE:0-0
42eb57-42eb63,2,4,68ec000000fc59e801000000,,WRITE:0-0
42eb64-42eb69,2,2,83042406c3,,WRITE:0-0
42eb69-42eb6f,2,3,87e88b1e7e03,,WRITE:0-0
42eb6b-42eb6f,236,2,8b1e7e03,,WRITE:0-0
42eb6f-42eb71,236,1,7f01,,WRITE:0-0
42eb72-42eb7e,237,4,85ea668bc62bdfe801000000,,WRITE:0-0
42eb7f-42eb8b,237,5,83c4048bd68bc2c1cb037c03,,WRITE:0-0
42eb8b-42eb8d,236,1,7d01,,WRITE:0-0
42eb8e-42eb93,236,1,e902000000,,WRITE:0-0
42eb95-42ebac,237,5,810de5ba41005fa704a683eefc2b1e83c6fce801000000,m,WRITE:41bae5-41bae5
42ebad-42ebb2,237,2,83042406c3,,WRITE:0-0
42ebb2-42ebb8,236,1,0f8602000000,,WRITE:0-0
42ebb8-42ebc6,237,4,85d5ba3bc513c0891ee801000000,m,WRITE:42ec1f-42efcb
42ebc7-42ebcc,237,2,83042406c3,,WRITE:0-0
42ebcc-42ebd1,236,1,e901000000,,WRITE:0-0
42ebd2-42ebde,237,3,81f71d2ed1ec50e801000000,,WRITE:0-0
42ebdf-42ebec,237,6,83c40458668bef4583c6047603,,WRITE:0-0
42ebec-42ebee,236,1,7701,,WRITE:0-0
42ebef-42ebf4,236,1,e909000000,,WRITE:0-0
42ebfd-42ec0e,237,3,8105d9b94100ffba2634490f855dffffff,m,WRITE:41b9d9-41b9d9
42ec0e-42ec14,2,2,50e801000000,,WRITE:0-0
42ec15-42ec1e,2,3,83c40458e901000000,,WRITE:0-0
42ec1f-42ec24,1,1,e8dcc4ffff,,WRITE:0-0
42ec24-42ec46,2,5,c6856e4a4100c3c6856df7400000c685744a41000080bd6cf74000010f848d030000,,WRITE:0-0
42ec46-42ec54,2,3,8a85634c41000ac00f847f030000,,WRITE:0-0
42efd3-42efd9,2,2,60e800000000,,WRITE:0-0
42efd9-42eff4,2,9,5e83ee06b9b403000029ceba2b934ef5c1e90283e90283f9007c1a,,WRITE:0-0
42efef-42eff4,237,2,83f9007c1a,,WRITE:0-0
42eff4-42f00e,237,9,8b048e8b5c8e0403c3c1c00303c281f21d2ed1ec89048e49ebe1,m,WRITE:42efcb-42ec1f
42f00e-42f012,2,3,61fceb01,,WRITE:0-0
42f013-42f019,2,2,49e801000000,,WRITE:0-0
42f01a-42f01f,2,2,83042406c3,,WRITE:0-0
42f01f-42f025,1,1,0f8205000000,,WRITE:0-0
42f025-42f02c,2,2,6681f1f1bf7a03,,WRITE:0-0
42f02c-42f02e,1,1,7b01,,WRITE:0-0
42f02f-42f034,2,2,662bd9eb01,,WRITE:0-0
42f035-42f03f,2,3,66c1cbe950e801000000,,WRITE:0-0
42f040-42f04a,2,3,83c404580f8201000000,,WRITE:0-0
42f04a-42f050,2,2,49e801000000,,WRITE:0-0
42f051-42f056,2,2,83c4047503,,WRITE:0-0
42f059-42f05b,1,1,7403,,WRITE:0-0
42f05b-42f05d,1,1,7501,,WRITE:0-0
42f05e-42f065,2,2,87cae801000000,,WRITE:0-0
42f066-42f070,2,3,83c404d3dae801000000,,WRITE:0-0
42f071-42f076,2,2,83042406c3,,WRITE:0-0
42f076-42f07a,2,2,85d3eb01,,WRITE:0-0
42f07b-42f07f,2,2,87ca7e03,,WRITE:0-0
42f07f-42f081,1,1,7f01,,WRITE:0-0
42f082-42f084,1,1,7c04,,WRITE:0-0
42f084-42f08a,2,2,66c1d36aeb01,,WRITE:0-0
42f08b-42f091,1,1,0f8501000000,,WRITE:0-0
42f092-42f094,1,1,eb01,,WRITE:0-0
42f095-42f097,1,1,7702,,WRITE:0-0
42f099-42f09e,1,1,e800000000,,WRITE:0-0
42f09e-42f0a6,2,4,5d8bc53b45217c06,,WRITE:0-0
42f0a6-42f0ae,2,3,0345218945217a03,,WRITE:0-0
42f0ae-42f0b0,1,1,7b01,,WRITE:0-0
42f0b1-42f0c5,2,6,b97688b3bbfc538f05b1b94100beb9f142007603,m,WRITE:41b9b1-0
42f0c5-42f0c7,1,1,7701,,WRITE:0-0
42f0c8-42f0ca,1,1,7203,,WRITE:0-0
42f0ca-42f0e1,2,7,c1c9d685d9b8dc4dff83f881f01588d62c50e801000000,,WRITE:0-0
42f0e2-42f0e8,2,3,83c404587c01,,WRITE:0-0
42f0e8-42f0f0,2,3,49bd290000007203,,WRITE:0-0
42f0f0-42f0f2,1,1,7301,,WRITE:0-0
42f0f3-42f0f5,1,1,7303,,WRITE:0-0
42f0f8-42f10e,2,4,b9f9a99243812551b94100d9fdfe818b3ee801000000,m,WRITE:41b951-0
42f107-42f10e,41,2,8b3ee801000000,,WRITE:0-0
42f10f-42f114,42,2,83042406c3,,WRITE:0-0
42f114-42f119,41,1,e901000000,,WRITE:0-0
42f11a-42f121,42,2,03f8e801000000,,WRITE:0-0
42f122-42f127,42,2,83042406c3,,WRITE:0-0
42f127-42f12c,41,1,e901000000,,WRITE:0-0
42f12d-42f132,42,2,c1c7097203,,WRITE:0-0
42f132-42f134,21,1,7301,,WRITE:0-0
42f135-42f13e,42,2,668bd30f8b02000000,,WRITE:0-0
42f13e-42f145,42,3,87ca337e047803,,WRITE:0-0
42f145-42f147,24,1,7901,,WRITE:0-0
42f148-42f14d,41,1,e905000000,,WRITE:0-0
42f152-42f159,42,2,893ee801000000,m,WRITE:42f1b9-42f259
42f15a-42f15f,42,2,83042406c3,,WRITE:0-0
42f15f-42f164,41,1,e90f000000,,WRITE:0-0
42f173-42f17e,42,2,81e857e02dcfe801000000,,WRITE:0-0
42f17f-42f184,42,2,83042406c3,,WRITE:0-0
42f184-42f18e,42,4,f94981c6040000007a03,,WRITE:0-0
42f18e-42f190,20,1,7b01,,WRITE:0-0
42f191-42f196,41,1,e905000000,,WRITE:0-0
42f19b-42f1a2,42,2,4d0f8565ffffff,,WRITE:0-0
42f1a2-42f1a7,1,1,e801000000,,WRITE:0-0
42f1a8-42f1be,2,5,83c404d3d3d3f9811de5b84100544016d9e842bfffff,m,WRITE:41b8e5-0
42f1be-42f1cb,2,2,80bd744a4100000f8497000000,,WRITE:0-0
42f262-42f268,2,2,60e800000000,,WRITE:0-0
42f268-42f283,2,9,5e83ee06b9a900000029ceba31b8fe4fc1e90283e90283f9007c1a,,WRITE:0-0
42f27e-42f283,42,2,83f9007c1a,,WRITE:0-0
42f283-42f29d,42,9,8b048e8b5c8e0433c3c1c8092bc281c257e02dcf89048e49ebe1,m,WRITE:42f259-42f1b9
42f29d-42f2a0,2,3,6161c3,,WRITE:0-0
42f2a5-42f2b5,741,6,6085d785ea668bd666d3e5e801000000,,WRITE:0-0
42f2b6-42f2bb,2,2,83c4047d02,,WRITE:0-0
42f2bd-42f2c2,1,1,e801000000,,WRITE:0-0
42f2c3-42f2c8,2,2,83042406c3,,WRITE:0-0
42f2c8-42f2cc,2,2,85d5eb01,,WRITE:0-0
42f2cd-42f2d5,2,3,8be950e801000000,,WRITE:0-0
42f2d6-42f2e0,2,3,83c404580f8a03000000,,WRITE:0-0
42f2e0-42f2e8,2,2,66d3cae801000000,,WRITE:0-0
42f2e9-42f2ee,2,2,83042406c3,,WRITE:0-0
42f2ee-42f2f0,1,1,7c03,,WRITE:0-0
42f2f0-42f2f5,2,2,668bd37203,,WRITE:0-0
42f2f5-42f2f7,1,1,7301,,WRITE:0-0
42f2f8-42f2fe,2,2,f8e801000000,,WRITE:0-0
42f2ff-42f308,2,3,83c404f8e801000000,,WRITE:0-0
42f309-42f30e,2,2,83042406c3,,WRITE:0-0
42f30e-42f315,2,2,85d7e801000000,,WRITE:0-0
42f316-42f31b,2,2,83042406c3,,WRITE:0-0
42f31b-42f323,2,2,c1d591e801000000,,WRITE:0-0
42f324-42f329,2,2,83042406c3,,WRITE:0-0
42f329-42f32f,2,2,f9e800000000,,WRITE:0-0
42f32f-42f337,2,4,5d8bc53b45217c06,,WRITE:0-0
42f337-42f33f,2,3,034521894521eb01,,WRITE:0-0
42f340-42f345,1,1,e90a000000,,WRITE:0-0
42f34f-42f35a,2,3,b850f4420050e801000000,,WRITE:0-0
42f35b-42f367,2,5,83c40458fcbb893ad6e8eb01,,WRITE:0-0
42f368-42f37f,2,6,668bd0668beabea74a3c83f981f63c4a3c83e801000000,,WRITE:0-0
42f380-42f390,2,4,83c40481f2fa70870f8b08e801000000,,WRITE:0-0
42f389-42f390,155,2,8b08e801000000,,WRITE:0-0
42f391-42f396,156,2,83042406c3,,WRITE:0-0
42f396-42f39b,155,1,e906000000,,WRITE:0-0
42f3a1-42f3a9,156,3,03cb50e801000000,,WRITE:0-0
42f3aa-42f3b3,156,3,83c40458e905000000,,WRITE:0-0
42f3b8-42f3ca,156,3,810dd1b84100a27d16b3c1c101e801000000,m,WRITE:41b8d1-41b8d1
42f3cb-42f3d3,156,2,83c404e906000000,,WRITE:0-0
42f3d9-42f3e1,156,2,034804e801000000,,WRITE:0-0
42f3e2-42f3e7,156,2,83042406c3,,WRITE:0-0
42f3e7-42f3ed,155,1,0f8902000000,,WRITE:0-0
42f3ef-42f3f6,156,2,8908e801000000,m,WRITE:42f450-42f6b8
42f3f7-42f3fc,156,2,83042406c3,,WRITE:0-0
42f3fc-42f409,156,3,d3ed81eb598fac8ee801000000,,WRITE:0-0
42f40a-42f41c,156,5,83c40466bd6e08c1c57383c004e801000000,,WRITE:0-0
42f41d-42f422,156,2,83042406c3,,WRITE:0-0
42f422-42f427,155,1,e905000000,,WRITE:0-0
42f42c-42f43f,156,3,8125c9ba4100680c00cb83c6ff0f854affffff,m,WRITE:41bac9-41bac9
42f43f-42f444,1,1,e801000000,,WRITE:0-0
42f445-42f44a,2,2,83042406c3,,WRITE:0-0
42f44a-42f455,2,2,81ef78edb0f3e8abbcffff,,WRITE:0-0
42f455-42f48c,2,10,c685a5524100c3c7850bf940000010400001ad0bf9400083850bf94000108b9546f840008bb507f9400003f28b460c0bc00f8425020000,a,WRITE:0-0
42f481-42f48c,2,3,8b460c0bc00f8425020000,a,WRITE:0-0
42f48c-42f4a5,2,13,83660c0003c28bd85657508bf38bfbacc0c003aa803f0075f6,anm,WRITE:4182c8-418536
42f49b-42f4a5,12,5,acc0c003aa803f0075f6,am,WRITE:418537-418541
42f4a5-42f4af,2,5,585f5e50ff9520854100,,WRITE:0-0
42f4af-42f4b3,2,2,0bc07543,,WRITE:0-0
42f4f6-42f500,2,6,602bc0880343380375f9,am,WRITE:418536-0
42f4f9-42f500,12,4,880343380375f9,am,WRITE:418537-418541
42f500-42f51d,2,7,6189853ef84000c78542f84000000000008b9546f840008b060bc07507,a,WRITE:0-0
42f511-42f51d,68,4,8b9546f840008b060bc07507,a,WRITE:0-0
42f524-42f541,69,8,03c2038542f840008b188b7e1003fa03bd42f8400085db0f8462010000,a,WRITE:0-0
42f541-42f549,68,2,f7c300000080751d,,WRITE:0-0
42f549-42f563,68,16,9090909003da83c3025657508bf38bfbacc0c003aa803f0075f6,am,WRITE:4183f6-4188d2
42f559-42f563,948,5,acc0c003aa803f0075f6,am,WRITE:4183f7-4188de
42f563-42f56e,68,5,585f5e3b9d46f840007c11,,WRITE:0-0
42f56e-42f57b,68,6,9090909083bd1a20400000750a,,WRITE:0-0
42f57b-42f592,68,8,9090909081e3ffffff0f53ffb53ef84000ff951c854100,,WRITE:0-0
42f592-42f59a,68,2,3b9d46f840007c0f,,WRITE:0-0
42f59a-42f5a8,68,10,90909090602bc0880343380375f9,am,WRITE:4183f6-4188d2
42f5a1-42f5a8,948,4,880343380375f9,am,WRITE:4183f7-4188de
42f5a8-42f5b1,68,3,610bc00f8415ffffff,,WRITE:0-0
42f5b1-42f5b9,68,2,3b852c8541007420,,WRITE:0-0
42f5b9-42f5c5,68,6,909090903b85c4fd40007409,,WRITE:0-0
42f5c5-42f5cb,68,5,90909090eb14,,WRITE:0-0
42f5df-42f5ef,68,5,56ffb53ef840005e39b5122040007415,,WRITE:0-0
42f604-42f60d,68,2,80bd16564100007457,,WRITE:0-0
42f664-42f681,68,266,5e608bd02bbd46f840008bc7b9010100008dbdebec4000f2af0bc97413,,WRITE:0-0
42f694-42f6a3,68,4,618907838542f8400004e96efeffff,anm,WRITE:412000-412108
42f6a3-42f6b1,2,3,83c6148b9546f84000e9d0fdffff,,WRITE:0-0
42f6b1-42f6c6,2,261,8dbdebec400033c0b900010000f3ab60e800000000,m,WRITE:428ceb-4290e7
42f6c6-42f6e1,2,9,5e83ee06b97002000029cebafffe0715c1e90283e90283f9007c1a,,WRITE:0-0
42f6dc-42f6e1,156,2,83f9007c1a,,WRITE:0-0
42f6e1-42f6fb,156,9,8b048e8b5c8e042bc3c1c8012bc281c2598fac8e89048e49ebe1,m,WRITE:42f6b8-42f450
42f6fb-42f702,2,3,6161e8d9d9ffff,,WRITE:0-0
42fa37-42fa3d,2,2,60e8c3b6ffff,,WRITE:0-0
42fa3d-42fa67,2,6,c7850757410000000000b9000000008db53d1b40008dbdcd1c4000c7850b57410064000000e845000000,,WRITE:0-0
42fa67-42fa87,2,5,b9000000008db5d0f440008dbdfcf44000c7850b5741000b000000e825000000,,WRITE:0-0
42fa87-42faa7,2,5,b9000000008db5175741008dbda7584100c7850b57410064000000e805000000,,WRITE:0-0
42faa7-42faa9,1,1,eb46,,WRITE:0-0
42faac-42fab4,4,2,3b8d0b574100743a,,WRITE:0-0
42fab4-42fac2,4,8,909090908b048e8b1c8f0bc0742c,,WRITE:0-0
42faef-42faf1,2,2,61c3,,WRITE:0-0
42faf1-42faf4,2,2,60eb1d,,WRITE:0-0
42fb11-42fb16,1,1,e8eab5ffff,,WRITE:0-0
42fb16-42fb25,2,3,8b5424202b9546f84000e812ffffff,,WRITE:0-0
42fb25-42fb3f,2,5,ffb5075741008f85035741008b85f75a41000bc00f84e4000000,,WRITE:0-0
42fc23-42fc25,2,2,61c3,,WRITE:0-0
42fc48-42fc4e,2,3,60668bee7605,,WRITE:0-0
42fc53-42fc58,1,1,e801000000,,WRITE:0-0
42fc59-42fc62,2,2,83c4040f8b04000000,,WRITE:0-0
42fc62-42fc68,2,2,66c1f9a8eb01,,WRITE:0-0
42fc69-42fc6b,1,1,7001,,WRITE:0-0
42fc6b-42fc6e,2,2,f97803,,WRITE:0-0
42fc6e-42fc70,1,1,7901,,WRITE:0-0
42fc71-42fc78,2,3,4150e801000000,,WRITE:0-0
42fc79-42fc85,2,5,83c404588bcb50e801000000,,WRITE:0-0
42fc86-42fc90,2,3,83c404580f8105000000,,WRITE:0-0
42fc95-42fc9a,1,1,e801000000,,WRITE:0-0
42fc9b-42fca0,2,2,83042406c3,,WRITE:0-0
42fca0-42fca4,2,2,87cdeb01,,WRITE:0-0
42fca5-42fcab,1,1,0f8102000000,,WRITE:0-0
42fcad-42fcb2,1,1,e801000000,,WRITE:0-0
42fcb3-42fcb8,2,2,83042406c3,,WRITE:0-0
42fcb8-42fcc0,2,3,87cd50e801000000,,WRITE:0-0
42fcc1-42fcca,2,4,83c40458668bf5eb01,,WRITE:0-0
42fccb-42fccd,1,1,7205,,WRITE:0-0
42fccd-42fcd7,2,2,6681f1b7f8e801000000,,WRITE:0-0
42fcd8-42fce1,2,2,83c4040f8b05000000,,WRITE:0-0
42fce1-42fceb,2,2,bdbadbe868e800000000,,WRITE:0-0
42fceb-42fcf3,2,4,5d8bc53b45277c06,,WRITE:0-0
42fcf3-42fcfe,2,3,034527894527e801000000,,WRITE:0-0
42fcff-42fd04,2,2,83c4047003,,WRITE:0-0
42fd04-42fd1c,2,4,661be8812d11b941004e4cff4268f3fd42000f8602000000,m,WRITE:41b911-0
42fd1e-42fd21,2,2,5b7e03,,WRITE:0-0
42fd24-42fd2c,2,2,8beb0f8301000000,,WRITE:0-0
42fd2c-42fd34,2,3,41685f4359eb7902,,WRITE:0-0
42fd36-42fd39,2,2,58eb01,,WRITE:0-0
42fd3a-42fd3c,1,1,7304,,WRITE:0-0
42fd3c-42fd4a,2,4,66c1ee9266d3f9ba08000000eb01,,WRITE:0-0
42fd4b-42fd50,1,1,e906000000,,WRITE:0-0
42fd56-42fd5e,9,3,8b3b50e801000000,,WRITE:0-0
42fd5f-42fd68,9,3,83c40458e903000000,,WRITE:0-0
42fd6b-42fd6f,9,2,33f8eb01,,WRITE:0-0
42fd70-42fd75,8,1,e90a000000,,WRITE:0-0
42fd7f-42fd87,9,2,c1c715e801000000,,WRITE:0-0
42fd88-42fd8d,9,2,83042406c3,,WRITE:0-0
42fd8d-42fd92,8,1,e908000000,,WRITE:0-0
42fd9a-42fda4,9,4,83ebfc333b83c3fc7803,,WRITE:0-0
42fda4-42fda6,8,1,7901,,WRITE:0-0
42fda7-42fdac,8,1,e904000000,,WRITE:0-0
42fdb0-42fdb7,9,2,893be801000000,m,WRITE:42fdf3-42fe0f
42fdb8-42fdbd,9,2,83042406c3,,WRITE:0-0
42fdbd-42fdc2,8,1,e901000000,,WRITE:0-0
42fdc3-42fdcb,9,2,81c0811c0639eb01,,WRITE:0-0
42fdcc-42fdd5,9,4,f9661be983c3047203,,WRITE:0-0
42fdd5-42fdd7,8,1,7301,,WRITE:0-0
42fdd8-42fde6,9,3,bef97b137383c2ff0f8570ffffff,,WRITE:0-0
42fde6-42fdeb,1,1,e801000000,,WRITE:0-0
42fdec-42fdf2,2,3,83c4044d7d01,,WRITE:0-0
42fdf3-42fdf8,1,1,e808b3ffff,,WRITE:0-0
42fdf8-42fe1e,2,13,8db51c8541008dbd33fd4000b905000000f3a58dbd43fd40008d854bfe4000ab60e800000000,m,WRITE:429d33-429d43
42fe1e-42fe39,2,9,5e83ee06b92500000029cebae60a847ac1e90283e90283f9007c1a,,WRITE:0-0
42fe34-42fe39,9,2,83f9007c1a,,WRITE:0-0
42fe39-42fe53,9,9,8b048e8b5c8e0433c3c1c81533c281ea811c063989048e49ebe1,m,WRITE:42fe0f-42fdf3
42fe53-42fe56,2,3,6161c3,,WRITE:0-0
42fe56-42fe59,2,2,607604,,WRITE:0-0
42fe5d-42fe62,1,1,e801000000,,WRITE:0-0
42fe63-42fe68,2,2,83042406c3,,WRITE:0-0
42fe68-42fe6f,2,2,87d0e801000000,,WRITE:0-0
42fe70-42fe78,2,3,83c404c1d02d7403,,WRITE:0-0
42fe78-42fe7a,1,1,7501,,WRITE:0-0
42fe7b-42fe7d,1,1,7906,,WRITE:0-0
42fe83-42fe85,1,1,7c03,,WRITE:0-0
42fe85-42fe87,1,1,7d01,,WRITE:0-0
42fe88-42fe8d,2,2,668bd37803,,WRITE:0-0
42fe8d-42fe8f,1,1,7901,,WRITE:0-0
42fe90-42fe94,2,2,2bceeb01,,WRITE:0-0
42fe95-42fe9f,2,2,6681e950dae801000000,,WRITE:0-0
42fea0-42fea6,2,3,83c40440eb01,,WRITE:0-0
42fea7-42feae,2,3,f950e801000000,,WRITE:0-0
42feaf-42feb9,2,4,83c4045849e801000000,,WRITE:0-0
42feba-42febf,2,2,83042406c3,,WRITE:0-0
42febf-42fec6,2,3,f950e801000000,,WRITE:0-0
42fec7-42fed1,2,4,83c40458f9e801000000,,WRITE:0-0
42fed2-42fedc,2,3,83c40485cae801000000,,WRITE:0-0
42fedd-42fee7,2,3,83c40485d0e801000000,,WRITE:0-0
42fee8-42fef1,2,3,83c404f8e801000000,,WRITE:0-0
42fef2-42fefc,2,3,83c40485c1e801000000,,WRITE:0-0
42fefd-42ff08,2,3,83c40481c045be9c067c03,,WRITE:0-0
42ff08-42ff0a,1,1,7d01,,WRITE:0-0
42ff0b-42ff12,2,2,87c8e800000000,,WRITE:0-0
42ff12-42ff1a,2,4,5d8bc53b45277c06,,WRITE:0-0
42ff1a-42ff26,2,4,03452789452750e801000000,,WRITE:0-0
42ff27-42ff30,2,3,83c40458e908000000,,WRITE:0-0
42ff38-42ff44,2,4,68010043004a5fe801000000,,WRITE:0-0
42ff45-42ff4a,2,2,83042406c3,,WRITE:0-0
42ff4a-42ff5e,2,6,85c8d3e9bb7bc94865668bcf81eb2ec5938eeb01,,WRITE:0-0
42ff5f-42ff6f,2,5,66b80c45f9be0900000050e801000000,,WRITE:0-0
42ff70-42ff79,2,3,83c40458e905000000,,WRITE:0-0
42ff7e-42ff82,10,2,8b2f7e03,,WRITE:0-0
42ff82-42ff84,9,1,7f01,,WRITE:0-0
42ff85-42ff8e,10,4,f84103ebe801000000,,WRITE:0-0
42ff8f-42ff94,10,2,83042406c3,,WRITE:0-0
42ff94-42ff9a,10,3,40c1cd127e03,,WRITE:0-0
42ff9a-42ff9c,9,1,7f01,,WRITE:0-0
42ff9d-42ffa2,9,1,e904000000,,WRITE:0-0
42ffa6-42ffb0,10,4,83c704032f83ef04eb01,,WRITE:0-0
42ffb1-42ffb9,10,3,42892fe801000000,m,WRITE:430001-430021
42ffba-42ffcb,10,4,83c404c1e2a281ebde500c00e801000000,,WRITE:0-0
42ffcc-42ffe2,10,5,83c4046681f1e39f81f0ae50951981effcffffff7c03,,WRITE:0-0
42ffe2-42ffe4,9,1,7d01,,WRITE:0-0
42ffe5-42ffea,9,1,e908000000,,WRITE:0-0
42fff2-42fffb,10,2,83c6ff0f8583ffffff,,WRITE:0-0
42fffb-42fffd,1,1,7a03,,WRITE:0-0
430000-430006,2,2,fce8fab0ffff,,WRITE:0-0
430006-43002c,2,12,b91c0000008db5fffc40008dbdef07410083c707b090aab8ff25000066ab8bc6ab83c604e2ee,m,WRITE:42a7f6-42a7f9
43001a-43002c,28,8,b090aab8ff25000066ab8bc6ab83c604e2ee,m,WRITE:42a7fd-42a8b6
43002c-430032,2,2,60e800000000,,WRITE:0-0
430032-43004d,2,9,5e83ee06b92b00000029ceba5d7d52d6c1e90283e90283f9007c1a,,WRITE:0-0
430048-43004d,10,2,83f9007c1a,,WRITE:0-0
43004d-430067,10,9,8b048e8b5c8e042bc3c1c0122bc281c2de500c0089048e49ebe1,m,WRITE:430021-430001
430067-43006a,2,3,6161c3,,WRITE:0-0
43006a-430070,2,2,60e890b0ffff,,WRITE:0-0
430070-43007d,2,4,33d28bb4953d1b40000bf67431,,WRITE:0-0
4300ae-4300b0,2,2,61c3,,WRITE:0-0
4300b0-4300ba,2,3,6066d3e10f8305000000,,WRITE:0-0
4300bf-4300c1,1,1,7d02,,WRITE:0-0
4300c3-4300c5,1,1,eb01,,WRITE:0-0
4300c6-4300ce,2,3,87d150e801000000,,WRITE:0-0
4300cf-4300d5,2,3,83c404587103,,WRITE:0-0
4300d8-4300da,1,1,7803,,WRITE:0-0
4300da-4300dc,1,1,7901,,WRITE:0-0
4300dd-4300e3,1,1,0f8201000000,,WRITE:0-0
4300e3-4300e6,2,2,f87a03,,WRITE:0-0
4300e6-4300e8,1,1,7b01,,WRITE:0-0
4300e9-4300ef,1,1,0f8503000000,,WRITE:0-0
4300f2-4300f4,1,1,7803,,WRITE:0-0
4300f4-4300f6,1,1,7901,,WRITE:0-0
4300f7-4300fd,2,2,4fe801000000,,WRITE:0-0
4300fe-430103,2,2,83042406c3,,WRITE:0-0
430103-430107,2,2,85ca7603,,WRITE:0-0
43010a-43010c,1,1,7d01,,WRITE:0-0
43010d-430112,1,1,e801000000,,WRITE:0-0
430113-430118,2,2,83042406c3,,WRITE:0-0
430118-43011b,2,2,427a03,,WRITE:0-0
43011b-43011d,1,1,7b01,,WRITE:0-0
43011e-430121,2,2,fc7203,,WRITE:0-0
430121-430123,1,1,7301,,WRITE:0-0
430124-430126,1,1,7b02,,WRITE:0-0
430128-43012a,1,1,eb01,,WRITE:0-0
43012b-430135,2,3,66c1e7c550e801000000,,WRITE:0-0
430136-43013d,2,4,83c40458fc7e03,,WRITE:0-0
43013d-43013f,1,1,7f01,,WRITE:0-0
430140-430142,1,1,7501,,WRITE:0-0
430143-430145,1,1,7403,,WRITE:0-0
430145-430147,1,1,7501,,WRITE:0-0
430148-43014e,2,2,fce801000000,,WRITE:0-0
43014f-430154,2,2,83042406c3,,WRITE:0-0
430154-43015a,2,2,49e801000000,,WRITE:0-0
43015b-430160,2,2,83042406c3,,WRITE:0-0
430160-430162,1,1,7902,,WRITE:0-0
430164-430169,1,1,e800000000,,WRITE:0-0
430169-430171,2,4,5d8bc53b45147c06,,WRITE:0-0
430171-430179,2,3,034514894514eb01,,WRITE:0-0
43017a-430183,2,3,85cf685b0243007803,,WRITE:0-0
430186-43018d,2,3,5850e801000000,,WRITE:0-0
43018e-43019c,2,6,83c4045885d741bd5471f54d7701,,WRITE:0-0
43019c-4301a5,2,3,fc81c5ebd1aac37203,,WRITE:0-0
4301a8-4301ae,1,1,0f8202000000,,WRITE:0-0
4301b0-4301c7,2,6,f8be358d623aba73fa2d9d81c6d4729dc550e801000000,,WRITE:0-0
4301c8-4301df,2,6,83c404582bca811535ba410087d9af158b18e801000000,m,WRITE:41ba35-0
4301d8-4301df,9,2,8b18e801000000,,WRITE:0-0
4301e0-4301e5,10,2,83c4047a02,,WRITE:0-0
4301e7-4301eb,10,2,03ddeb01,,WRITE:0-0
4301ec-4301f1,9,1,e903000000,,WRITE:0-0
4301f4-430200,10,4,508f0515b84100c1cb04eb01,m,WRITE:41b815-41b815
430201-430206,9,1,e909000000,,WRITE:0-0
43020f-430217,10,2,035804e801000000,,WRITE:0-0
430218-430220,10,4,83c404f88918eb01,m,WRITE:43025b-43027b
430221-430226,9,1,e903000000,,WRITE:0-0
430229-430231,10,2,81c53ea5d54c7603,,WRITE:0-0
430231-430233,7,1,7701,,WRITE:0-0
430234-43023b,10,4,4ff983c004eb01,,WRITE:0-0
43023c-430249,10,4,85ca8bca83ee010f858fffffff,,WRITE:0-0
430249-43024e,1,1,e801000000,,WRITE:0-0
43024f-430254,2,2,83042406c3,,WRITE:0-0
430254-430259,1,1,e902000000,,WRITE:0-0
43025b-430260,1,1,e8a0aeffff,,WRITE:0-0
430260-43028a,2,13,8b8546f840008b703c03b546f8400083c628ad8ad802dcc1e81002d802dc889d1e20400060e800000000,,WRITE:0-0
43028a-4302a5,2,9,5e83ee06b92900000029ceba2f6d4d78c1e90283e90283f9007c1a,,WRITE:0-0
4302a0-4302a5,10,2,83f9007c1a,,WRITE:0-0
4302a5-4302bf,10,9,8b048e8b5c8e042bc3c1c0042bc281ea3ea5d54c89048e49ebe1,m,WRITE:43027b-43025b
4302bf-4302c2,2,3,6161c3,,WRITE:0-0
4302c2-4302c7,1,1,e839aeffff,,WRITE:0-0
4302c7-4302cc,1,1,e800000000,,WRITE:0-0
4302cc-4302ea,2,6,5b2b9d0e20400081ebcc520100899d46f84000899d7bfd4000e8c6fdffff,,WRITE:0-0
4302ea-4302ef,1,1,e811aeffff,,WRITE:0-0
4302ef-4302f4,1,1,e8daa5ffff,,WRITE:0-0
4302f4-4302ff,2,2,8985d5084100e801aeffff,,WRITE:0-0
4302ff-43030b,2,2,c6856cf7400000e8f0d2ffff,,WRITE:0-0
43030b-430310,1,1,e838f9ffff,,WRITE:0-0
430310-430315,1,1,e8ebadffff,,WRITE:0-0
430315-430332,2,5,8b856b81410089857ffd40008b856f814100898583fd4000e866d0ffff,,WRITE:0-0
430332-430337,1,1,e81ffbffff,,WRITE:0-0
430337-43033c,1,1,e82efdffff,,WRITE:0-0
43033c-430342,2,2,fce801000000,,WRITE:0-0
430343-430348,2,2,83042406c3,,WRITE:0-0
430348-43034f,2,2,bf8319c2b07203,,WRITE:0-0
43034f-430351,1,1,7301,,WRITE:0-0
430352-430358,1,1,0f8b01000000,,WRITE:0-0
430358-43035e,2,2,f9e801000000,,WRITE:0-0
43035f-430364,2,2,83c4047b01,,WRITE:0-0
430365-430367,1,1,7403,,WRITE:0-0
430367-430369,1,1,7501,,WRITE:0-0
43036a-430373,2,2,66bad984e801000000,,WRITE:0-0
430374-430379,2,2,83042406c3,,WRITE:0-0
430379-430385,2,3,81c047690c2850e801000000,,WRITE:0-0
430386-43038c,2,3,83c404587202,,WRITE:0-0
43038c-430393,2,2,03d0e801000000,,WRITE:0-0
430394-430399,2,2,83042406c3,,WRITE:0-0
430399-43039f,2,2,f8e801000000,,WRITE:0-0
4303a0-4303a5,2,2,83042406c3,,WRITE:0-0
4303a5-4303a8,2,2,f8eb01,,WRITE:0-0
4303a9-4303ad,2,2,87d0eb01,,WRITE:0-0
4303ae-4303b6,2,3,8bfe50e801000000,,WRITE:0-0
4303b7-4303c3,2,4,83c40458c1daa8e801000000,,WRITE:0-0
4303c4-4303c9,2,2,83042406c3,,WRITE:0-0
4303c9-4303cf,1,1,0f8702000000,,WRITE:0-0
4303d1-4303d7,2,2,50e801000000,,WRITE:0-0
4303d8-4303e9,2,8,83c4045813f861518f0521b9410060eb01,m,WRITE:41b921-0
4303ea-4303ef,1,1,e907000000,,WRITE:0-0
4303f6-430406,2,4,68d30443006681ed54825be801000000,,WRITE:0-0
430407-430413,2,4,83c40487c5be54e3b5e3eb01,,WRITE:0-0
430414-430419,1,1,e906000000,,WRITE:0-0
43041f-43042a,2,2,ba01a112460f8501000000,,WRITE:0-0
43042b-430436,2,2,81f245a11246e801000000,,WRITE:0-0
430437-430440,2,2,83c4040f8d02000000,,WRITE:0-0
430442-43044b,2,3,6681c0d19f8b3b7403,,WRITE:0-0
430447-43044b,68,2,8b3b7403,,WRITE:0-0
43044b-43044d,68,1,7501,,WRITE:0-0
43044e-430453,68,1,e901000000,,WRITE:0-0
430454-43045b,69,2,03fee801000000,,WRITE:0-0
43045c-430461,69,2,83042406c3,,WRITE:0-0
430461-430471,69,4,81f1d66cf4d685c5c1c701e801000000,,WRITE:0-0
430472-430484,69,6,83c4048bc583c304333b83eb04e801000000,,WRITE:0-0
430485-43048a,69,2,83042406c3,,WRITE:0-0
43048a-430492,69,3,f9893be801000000,m,WRITE:4304d3-4305df
430493-430498,69,2,83042406c3,,WRITE:0-0
430498-43049d,68,1,e903000000,,WRITE:0-0
4304a0-4304ab,69,2,81c6f03052ece801000000,,WRITE:0-0
4304ac-4304b1,69,2,83042406c3,,WRITE:0-0
4304b1-4304c0,69,5,8bc5fc81c30400000050e801000000,,WRITE:0-0
4304c1-4304cd,69,5,83c40458f94a0f857affffff,,WRITE:0-0
4304cd-4304cf,1,1,eb01,,WRITE:0-0
4304d0-4304de,2,6,66d3d061548f0521b8410060eb01,m,WRITE:41b821-0
4304df-4304ed,2,5,85f7fcbbe705430050e801000000,,WRITE:0-0
4304ee-4304f7,2,3,83c40458e909000000,,WRITE:0-0
430500-43050f,2,4,bdf8350a2785fe81f5643cb463eb01,,WRITE:0-0
430510-430516,1,1,0f8505000000,,WRITE:0-0
43051b-43052a,2,3,66c1cfa6b8a7a73c600f8901000000,,WRITE:0-0
43052b-430533,2,2,81c09c58c39f7a03,,WRITE:0-0
430533-430535,1,1,7b01,,WRITE:0-0
430536-43053f,2,4,662bd087f78b0beb01,,WRITE:0-0
43053b-43053f,67,2,8b0beb01,,WRITE:0-0
430540-430549,68,3,87d633cde801000000,,WRITE:0-0
43054a-43054f,68,2,83042406c3,,WRITE:0-0
43054f-43055a,68,4,fcd3fec1c919e801000000,,WRITE:0-0
43055b-430563,68,2,83c404e904000000,,WRITE:0-0
430567-430576,68,3,811d65ba4100627b09732b4b047203,m,WRITE:41ba65-41ba65
430576-430578,38,1,7301,,WRITE:0-0
430579-430581,68,2,87f20f8d03000000,,WRITE:0-0
430581-430588,22,3,c1c218890beb01,m,WRITE:4305ef-4306e7
430584-430588,47,2,890beb01,m,WRITE:4305e7-4306ef
430589-43058e,67,1,e904000000,,WRITE:0-0
430592-4305a5,68,5,518f0549b8410081c5557e8cd250e801000000,m,WRITE:41b849-41b849
4305a6-4305af,68,3,83c40458e907000000,,WRITE:0-0
4305b6-4305be,68,2,83c304e801000000,,WRITE:0-0
4305bf-4305c7,68,2,83c404e8deecffff,,WRITE:0-0
4305c7-4305c9,67,1,7c02,,WRITE:0-0
4305c9-4305d4,67,3,87f783c0ff0f8567ffffff,,WRITE:0-0
4305cb-4305d4,2,2,83c0ff0f8567ffffff,,WRITE:0-0
4305d4-4305d9,1,1,e801000000,,WRITE:0-0
4305da-4305df,2,2,83042406c3,,WRITE:0-0
4305df-4305e4,1,1,e903000000,,WRITE:0-0
4305e7-4305ed,2,2,50e801000000,,WRITE:0-0
4305ee-4305f7,2,3,83c40458e903000000,,WRITE:0-0
4305fa-430608,2,4,548f0501bb4100b9fa064300eb01,m,WRITE:41bb01-0
430609-43061e,2,5,66c1c3d9be33bb229466ba222d81c6a68a31a87603,,WRITE:0-0
430621-430626,1,1,e901000000,,WRITE:0-0
430627-430634,2,5,684b0000004a5d50e801000000,,WRITE:0-0
430635-43063f,2,3,83c404580f8104000000,,WRITE:0-0
430643-430647,76,2,8b01eb01,,WRITE:0-0
430648-430655,76,4,85da66c1fbcb2bc6e801000000,,WRITE:0-0
430656-43065e,76,2,83c404e847ecffff,,WRITE:0-0
43065e-430664,75,1,0f8802000000,,WRITE:0-0
430664-43066f,76,4,85d3c1c00150e801000000,,WRITE:0-0
430670-43067d,76,4,83c4045866d3ef0f8302000000,,WRITE:0-0
43067d-430684,29,3,8bdf034104eb01,,WRITE:0-0
43067f-430684,48,2,034104eb01,,WRITE:0-0
430685-43068a,75,1,e907000000,,WRITE:0-0
430691-430695,76,2,8901eb01,m,WRITE:4306fa-430822
430696-43069b,75,1,e909000000,,WRITE:0-0
4306a4-4306b0,76,3,81f65f62bb7b50e801000000,,WRITE:0-0
4306b1-4306bb,76,3,83c404580f8601000000,,WRITE:0-0
4306bb-4306c3,76,4,4f85fb83c104eb01,,WRITE:0-0
4306c4-4306c9,75,1,e908000000,,WRITE:0-0
4306d1-4306e4,76,3,811df1b94100769f178483c5ff0f855fffffff,m,WRITE:41b9f1-41b9f1
4306e4-4306e9,1,1,e801000000,,WRITE:0-0
4306ea-4306f2,2,2,83c404e908000000,,WRITE:0-0
4306fa-4306ff,1,1,e801000000,,WRITE:0-0
430700-43070f,2,4,83c4046681f541a6682a0843007d01,,WRITE:0-0
43070f-430717,2,4,465b50e801000000,,WRITE:0-0
430718-430720,2,4,83c4045887f77d01,,WRITE:0-0
430721-43073f,2,5,810d8db841003b90d711b9ffbb334e66be9f1081e9e1f94a0ce801000000,m,WRITE:41b88d-0
430740-430748,2,2,83c404e903000000,,WRITE:0-0
43074b-430759,2,4,b897f94809fc81c0b206b7f6eb01,,WRITE:0-0
43075a-430760,2,3,8bf08b137a03,,WRITE:0-0
43075c-430760,73,2,8b137a03,,WRITE:0-0
430760-430762,37,1,7b01,,WRITE:0-0
430763-430768,73,1,e909000000,,WRITE:0-0
430771-430778,74,2,33d1e801000000,,WRITE:0-0
430779-430781,74,2,83c404e902000000,,WRITE:0-0
430783-430795,74,3,810d45ba4100db19deafc1ca0be801000000,m,WRITE:41ba45-41ba45
430796-43079b,74,2,83042406c3,,WRITE:0-0
43079b-4307a6,74,2,bd5701d9090f8202000000,,WRITE:0-0
4307a6-4307b5,74,5,85ef83ebfc2b1383c3fce801000000,,WRITE:0-0
4307b6-4307bb,74,2,83042406c3,,WRITE:0-0
4307bb-4307c0,73,1,e901000000,,WRITE:0-0
4307c1-4307c8,74,2,8913e801000000,m,WRITE:43082a-43094a
4307c9-4307d1,74,2,83c404e90c000000,,WRITE:0-0
4307dd-4307e5,74,2,81e9f20d1977eb01,,WRITE:0-0
4307e6-4307f5,74,5,478be881ebfcffffff50e801000000,,WRITE:0-0
4307f6-4307ff,74,3,83c40458e8a6eaffff,,WRITE:0-0
4307ff-43080a,74,3,85ee83e8010f8552ffffff,,WRITE:0-0
43080a-43080f,1,1,e801000000,,WRITE:0-0
430810-430815,2,2,83042406c3,,WRITE:0-0
430815-43081a,1,1,e88beaffff,,WRITE:0-0
43081a-43081f,1,1,e90b000000,,WRITE:0-0
43082a-430830,2,2,50e801000000,,WRITE:0-0
430831-43083a,2,3,83c40458e90a000000,,WRITE:0-0
430844-430852,2,5,685209430085f55b50e801000000,,WRITE:0-0
430853-43086e,2,8,83c4045881cf1aa245caf9b9706df5d066d3e781c1cf5f7179eb01,,WRITE:0-0
43086f-430881,2,4,6681e5790f85f5b8b202aa280f8902000000,,WRITE:0-0
430883-43088e,2,2,81e87002aa28e801000000,,WRITE:0-0
43088f-430898,2,2,83c4040f8c02000000,,WRITE:0-0
430898-43089c,2,2,8bfa7b05,,WRITE:0-0
4308a1-4308b3,2,4,812d9db84100ca990b5d8b1350e801000000,m,WRITE:41b89d-0
4308ab-4308b3,66,3,8b1350e801000000,,WRITE:0-0
4308b4-4308bd,67,3,83c40458e901000000,,WRITE:0-0
4308be-4308c6,67,3,33d150e801000000,,WRITE:0-0
4308c7-4308cd,67,3,83c404587803,,WRITE:0-0
4308cd-4308d8,67,3,662bebc1ca18e801000000,,WRITE:0-0
4308d9-4308e0,67,3,83c40413ee7a02,,WRITE:0-0
4308e0-4308ec,34,5,8bfd83ebfc031383eb047603,,WRITE:0-0
4308e2-4308ec,34,4,83ebfc031383eb047603,,WRITE:0-0
4308ec-4308ee,66,1,7701,,WRITE:0-0
4308ef-4308f4,66,1,e904000000,,WRITE:0-0
4308f8-4308ff,67,2,8913e801000000,m,WRITE:430952-430a56
430900-430905,67,2,83042406c3,,WRITE:0-0
430905-43090a,66,1,e903000000,,WRITE:0-0
43090d-430918,67,2,81c13a075e18e801000000,,WRITE:0-0
430919-430921,67,2,83c404e908000000,,WRITE:0-0
430929-430932,67,3,83c30450e801000000,,WRITE:0-0
430933-430944,67,6,83c404586623f24583c0ff0f8567ffffff,,WRITE:0-0
430944-430946,1,1,eb01,,WRITE:0-0
430947-43094c,1,1,e906000000,,WRITE:0-0
430952-430961,2,6,61508f0575ba41006050e801000000,m,WRITE:41ba75-0
430962-430976,2,8,83c40458f9668bf0685e0a4300f85be801000000,,WRITE:0-0
430977-43097c,2,2,83042406c3,,WRITE:0-0
43097c-430982,1,1,0f8906000000,,WRITE:0-0
430988-4309a6,2,7,4981352dbb4100e96b370cba66ff190187ee81f2df9da03d50e801000000,m,WRITE:41bb2d-0
4309a7-4309bb,2,7,83c40458f8b8aeb4108a87f181c0914bef75eb01,,WRITE:0-0
4309bc-4309c1,1,1,e903000000,,WRITE:0-0
4309c4-4309cb,64,2,8b3be801000000,,WRITE:0-0
4309cc-4309d1,64,2,83042406c3,,WRITE:0-0
4309d1-4309d3,63,1,7a02,,WRITE:0-0
4309d5-4309de,64,3,33c82bfae801000000,,WRITE:0-0
4309df-4309e4,64,2,83042406c3,,WRITE:0-0
4309e4-4309f3,64,5,85e966bdb810c1cf1050e801000000,,WRITE:0-0
4309f4-4309fc,64,4,83c404588beb7303,,WRITE:0-0
4309ff-430a08,64,3,037b0450e801000000,,WRITE:0-0
430a09-430a16,64,6,83c4045849893b50e801000000,m,WRITE:430a5e-430b56
430a17-430a22,64,4,83c40458bd2f8e8b597602,,WRITE:0-0
430a22-430a2c,64,3,1bf081c22403e04eeb01,,WRITE:0-0
430a2d-430a39,64,3,f981c304000000e801000000,,WRITE:0-0
430a3a-430a3f,64,2,83042406c3,,WRITE:0-0
430a3f-430a44,63,1,e861e8ffff,,WRITE:0-0
430a44-430a51,64,4,85f187cd83e8010f8573ffffff,,WRITE:0-0
430a51-430a53,1,1,7e03,,WRITE:0-0
430a56-430a5b,1,1,e903000000,,WRITE:0-0
430a5e-430a69,2,5,61538f0595b94100607c03,m,WRITE:41b995-0
430a69-430a6b,1,1,7d01,,WRITE:0-0
430a6c-430a6e,1,1,7601,,WRITE:0-0
430a6f-430a78,2,3,13f2b85f0b43007203,,WRITE:0-0
430a78-430a7a,1,1,7301,,WRITE:0-0
430a7b-430a80,1,1,e825e8ffff,,WRITE:0-0
430a80-430a9a,2,6,babe91ad8f6603d6bd99055f1287d681c54a54d00ce801000000,,WRITE:0-0
430a9b-430ab4,2,8,83c40485d123cebba80a9b37fc81c39df564c850e801000000,,WRITE:0-0
430ab5-430ac4,2,7,83c40458fc03cf8b3850e801000000,,WRITE:0-0
430abc-430ac4,69,3,8b3850e801000000,,WRITE:0-0
430ac5-430ace,70,5,83c404584603fdeb01,,WRITE:0-0
430acf-430ad4,69,1,e902000000,,WRITE:0-0
430ad6-430ade,70,2,c1c706e801000000,,WRITE:0-0
430adf-430ae4,70,2,83042406c3,,WRITE:0-0
430ae4-430ae9,69,1,e904000000,,WRITE:0-0
430aed-430afa,70,4,83c004333883c0fce801000000,,WRITE:0-0
430afb-430b00,70,2,83c4047305,,WRITE:0-0
430b05-430b0f,70,4,85f2893850e801000000,m,WRITE:430b5f-430c6f
430b10-430b1a,70,3,83c404580f8402000000,,WRITE:0-0
430b1a-430b24,70,3,87ca81f5c39f6c1feb01,,WRITE:0-0
430b25-430b2a,69,1,e903000000,,WRITE:0-0
430b2d-430b35,70,2,83c004e801000000,,WRITE:0-0
430b36-430b3b,70,2,83042406c3,,WRITE:0-0
430b3b-430b40,70,2,66d3f97605,,WRITE:0-0
430b40-430b4e,3,3,b9b8d77dbb83eb010f856effffff,,WRITE:0-0
430b45-430b4e,68,2,83eb010f856effffff,,WRITE:0-0
430b4e-430b54,2,2,50e801000000,,WRITE:0-0
430b55-430b61,2,4,83c4045881da44925f7b7e03,,WRITE:0-0
430b64-430b73,2,5,85de68790c4300d3db59e801000000,,WRITE:0-0
430b74-430b79,2,2,83042406c3,,WRITE:0-0
430b79-430b7e,1,1,e827e7ffff,,WRITE:0-0
430b7e-430b96,2,6,85c6bd0bc01769bb0de4993881f5a0a2d94550e801000000,,WRITE:0-0
430b97-430ba8,2,6,83c4045843b898252c99bf41c691127c06,,WRITE:0-0
430ba8-430bb9,2,3,81e34735a5b681c7053a6eede801000000,,WRITE:0-0
430bba-430bc2,2,2,83c404e903000000,,WRITE:0-0
430bc5-430bcc,71,2,8b11e801000000,,WRITE:0-0
430bcd-430bd2,71,2,83042406c3,,WRITE:0-0
430bd2-430bd7,70,1,e90d000000,,WRITE:0-0
430be4-430bf5,71,3,810509b94100bf2d92112bd5e801000000,m,WRITE:41b909-41b909
430bf6-430bfc,71,3,83c404fc7102,,WRITE:0-0
430bfe-430c07,71,3,c1ca0650e801000000,,WRITE:0-0
430c08-430c12,71,3,83c404580f8101000000,,WRITE:0-0
430c13-430c1d,71,4,83e9fc2b1183e9047203,,WRITE:0-0
430c1d-430c1f,70,1,7301,,WRITE:0-0
430c20-430c25,70,1,e903000000,,WRITE:0-0
430c28-430c2c,71,2,89117803,m,WRITE:430c79-430d8d
430c2c-430c2e,70,1,7901,,WRITE:0-0
430c2f-430c34,70,1,e909000000,,WRITE:0-0
430c3d-430c48,71,2,81ed8052bb74e801000000,,WRITE:0-0
430c49-430c4e,71,2,83042406c3,,WRITE:0-0
430c4e-430c57,71,3,f983c104e801000000,,WRITE:0-0
430c58-430c5d,71,2,83c4047202,,WRITE:0-0
430c5d-430c6b,71,4,87c3668bf183ef010f855affffff,,WRITE:0-0
430c6b-430c6d,1,1,7e03,,WRITE:0-0
430c70-430c75,1,1,e904000000,,WRITE:0-0
430c79-430c7b,1,1,7403,,WRITE:0-0
430c7e-430c83,1,1,e822e6ffff,,WRITE:0-0
430c83-430c93,2,4,66bf5c6633f9bb960d4300e801000000,,WRITE:0-0
430c94-430c9c,2,3,83c4046633f77a01,,WRITE:0-0
430c9d-430cb0,2,5,b99f66412787fe81e9bbe2d62450e801000000,,WRITE:0-0
430cb1-430cba,2,3,83c40458e902000000,,WRITE:0-0
430cbc-430ccd,2,4,bd178219fdf981c5347ee602e801000000,,WRITE:0-0
430cce-430cd8,2,5,83c40487fe478b13eb01,,WRITE:0-0
430cd4-430cd8,75,2,8b13eb01,,WRITE:0-0
430cd9-430ce1,76,3,66c1fea62bd17203,,WRITE:0-0
430ce1-430ce3,43,1,7301,,WRITE:0-0
430ce4-430cf0,76,2,81c6b4b4110a0f8c01000000,,WRITE:0-0
430cf0-430cf9,42,3,f9c1c205e801000000,,WRITE:0-0
430cf1-430cf9,35,2,c1c205e801000000,,WRITE:0-0
430cfa-430cff,76,2,83042406c3,,WRITE:0-0
430cff-430d0e,76,5,85f783ebfc2b1383c3fce801000000,,WRITE:0-0
430d0f-430d14,76,2,83042406c3,,WRITE:0-0
430d14-430d19,75,1,e88ce5ffff,,WRITE:0-0
430d19-430d1e,75,1,e90e000000,,WRITE:0-0
430d2c-430d30,76,2,8913eb01,m,WRITE:430d96-430ebe
430d31-430d36,75,1,e906000000,,WRITE:0-0
430d3c-430d47,76,2,81c1e83c7f2fe801000000,,WRITE:0-0
430d48-430d51,76,2,83c4040f8b03000000,,WRITE:0-0
430d54-430d5f,76,2,81c304000000e801000000,,WRITE:0-0
430d60-430d65,76,2,83042406c3,,WRITE:0-0
430d65-430d74,76,4,87c766c1e72683ed010f8560ffffff,,WRITE:0-0
430d74-430d7a,2,2,50e801000000,,WRITE:0-0
430d7b-430d84,2,3,83c40458e821e5ffff,,WRITE:0-0
430d84-430d89,1,1,e902000000,,WRITE:0-0
430d8b-430da5,2,8,688e42d1378f0539ba410061568f05d5b941006050e801000000,m,WRITE:41ba39-41b9d5
430da6-430daf,2,3,83c40458e8f6e4ffff,,WRITE:0-0
430daf-430dbf,2,4,03f9668bc668c80e43000f8903000000,,WRITE:0-0
430dc2-430dc5,2,2,597c03,,WRITE:0-0
430dc5-430dc7,1,1,7d01,,WRITE:0-0
430dc8-430dca,1,1,7301,,WRITE:0-0
430dcb-430dd1,1,1,0f8105000000,,WRITE:0-0
430dd6-430ded,2,5,be47cacaca81c5ca1d66b981f6e814308950e801000000,,WRITE:0-0
430dee-430e0a,2,8,83c40458d3d8d3f8bb6d9fcd0066c1e5ca81eb269fcd00e801000000,,WRITE:0-0
430e0b-430e13,2,2,83c404e907000000,,WRITE:0-0
430e1a-430e1e,72,2,8b11eb01,,WRITE:0-0
430e1f-430e2c,72,4,f9bdbfcb919a03d6e801000000,,WRITE:0-0
430e2d-430e32,72,2,83042406c3,,WRITE:0-0
430e32-430e37,71,1,e90c000000,,WRITE:0-0
430e43-430e48,72,2,c1c21d7603,,WRITE:0-0
430e48-430e4a,33,1,7701,,WRITE:0-0
430e4b-430e4d,71,1,7a06,,WRITE:0-0
430e4d-430e62,72,6,81e878dfa3e0bd175dc87b83c104331183c1fceb01,,WRITE:0-0
430e63-430e68,71,1,e90e000000,,WRITE:0-0
430e76-430e7a,72,2,8911eb01,m,WRITE:430ec8-430fe0
430e7b-430e80,71,1,e825e4ffff,,WRITE:0-0
430e80-430e94,72,5,c1c7e3bfabdb9d8381ee03d8a18550e801000000,,WRITE:0-0
430e95-430e9e,72,3,83c40458e903000000,,WRITE:0-0
430ea1-430eac,72,2,81c104000000e801000000,,WRITE:0-0
430ead-430eb2,72,2,83042406c3,,WRITE:0-0
430eb2-430ebd,72,3,66bd71ed4b0f855dffffff,,WRITE:0-0
430ebd-430ebf,1,1,eb01,,WRITE:0-0
430ec0-430ec6,1,1,0f8d02000000,,WRITE:0-0
430ec8-430ecd,1,1,e801000000,,WRITE:0-0
430ece-430ee6,2,6,83c40485d687fa810d05ba41008c1131a2bbe80f4300eb01,m,WRITE:41ba05-0
430ee7-430eec,1,1,e8b9e3ffff,,WRITE:0-0
430eec-430ef1,1,1,e907000000,,WRITE:0-0
430ef8-430f06,2,4,bdddb704404781ed129cc36c7e03,,WRITE:0-0
430f09-430f0e,1,1,e902000000,,WRITE:0-0
430f10-430f17,2,2,b8b31fd15a7a03,,WRITE:0-0
430f17-430f25,2,3,6603d381e8741fd15ae801000000,,WRITE:0-0
430f26-430f2b,2,2,83042406c3,,WRITE:0-0
430f2b-430f30,1,1,e90c000000,,WRITE:0-0
430f3c-430f43,64,2,8b0be801000000,,WRITE:0-0
430f44-430f49,64,2,83042406c3,,WRITE:0-0
430f49-430f4e,63,1,e8ebcdffff,,WRITE:0-0
430f4e-430f53,63,1,e901000000,,WRITE:0-0
430f54-430f5c,64,3,33cd50e801000000,,WRITE:0-0
430f5d-430f66,64,3,83c40458e905000000,,WRITE:0-0
430f6b-430f70,64,2,c1c90ceb01,,WRITE:0-0
430f71-430f76,63,1,e901000000,,WRITE:0-0
430f77-430f7c,64,2,334b047203,,WRITE:0-0
430f7c-430f7e,63,1,7301,,WRITE:0-0
430f7f-430f85,63,1,0f8202000000,,WRITE:0-0
430f85-430f8e,64,3,85d7890be801000000,m,WRITE:430fe8-4310e0
430f8f-430f97,64,2,83c404e903000000,,WRITE:0-0
430f9a-430fa5,64,2,81edc3419a90e801000000,,WRITE:0-0
430fa6-430fab,64,2,83042406c3,,WRITE:0-0
430fab-430fb5,64,3,8bf081ebfcffffffeb01,,WRITE:0-0
430fb6-430fbb,63,1,e902000000,,WRITE:0-0
430fbd-430fc6,64,2,83c0ff0f8576ffffff,,WRITE:0-0
430fc6-430fcc,2,2,50e801000000,,WRITE:0-0
430fcd-430fd6,2,3,83c40458e8cfe2ffff,,WRITE:0-0
430fd6-430fdb,1,1,e90d000000,,WRITE:0-0
430fe8-430fea,1,1,eb01,,WRITE:0-0
430feb-430ff7,2,4,42b9e910430050e801000000,,WRITE:0-0
430ff8-431002,2,3,83c404580f8d01000000,,WRITE:0-0
431003-43100a,2,2,be6f0b44e97802,,WRITE:0-0
43100a-431017,2,3,85d081c619f0a1dfe801000000,,WRITE:0-0
431018-43101d,2,2,83c4047301,,WRITE:0-0
43101e-431031,2,5,668bc1bb279898ed66d3e281c314686712eb01,,WRITE:0-0
431032-431038,1,1,0f8105000000,,WRITE:0-0
43103d-431045,60,3,8b2950e801000000,,WRITE:0-0
431046-43104f,60,3,83c40458e906000000,,WRITE:0-0
431055-431059,60,2,03eeeb01,,WRITE:0-0
43105a-43105f,59,1,e908000000,,WRITE:0-0
431067-43106f,60,2,c1cd01e801000000,,WRITE:0-0
431070-431075,60,2,83042406c3,,WRITE:0-0
431075-43107a,59,1,e901000000,,WRITE:0-0
43107b-431080,60,2,3369047403,,WRITE:0-0
431080-431082,59,1,7501,,WRITE:0-0
431083-431088,59,1,e901000000,,WRITE:0-0
431089-431090,60,2,8929e801000000,m,WRITE:4310e9-4311d1
431091-431099,60,2,83c404e80ce2ffff,,WRITE:0-0
431099-4310a5,60,3,4881c6451d29dee801000000,,WRITE:0-0
4310a6-4310ab,60,2,83042406c3,,WRITE:0-0
4310ab-4310b0,59,1,e8f5e1ffff,,WRITE:0-0
4310b0-4310b5,59,1,e90f000000,,WRITE:0-0
4310c4-4310cc,60,2,81c1040000007e03,,WRITE:0-0
4310cc-4310ce,59,1,7f01,,WRITE:0-0
4310cf-4310d1,59,1,7a04,,WRITE:0-0
4310d1-4310d7,30,2,66c1f8fe7a01,,WRITE:0-0
4310d5-4310d7,30,1,7a01,,WRITE:0-0
4310d8-4310e1,60,2,83c3ff0f855cffffff,,WRITE:0-0
4310e1-4310e3,1,1,7603,,WRITE:0-0
4310e6-4310e8,1,1,7a01,,WRITE:0-0
4310e9-4310eb,1,1,7a03,,WRITE:0-0
4310ee-4310f8,2,4,8bf5f8b8da1143007e03,,WRITE:0-0
4310fb-43110b,2,4,8bf06603cf6840d45c320f8802000000,,WRITE:0-0
43110d-431113,2,2,5ae801000000,,WRITE:0-0
431114-43111d,2,2,83c4040f8a03000000,,WRITE:0-0
43111d-431132,2,6,66d3d9bd4f1af226f881ed151af22650e801000000,,WRITE:0-0
431133-431140,2,4,83c40458660bfb0f8c04000000,,WRITE:0-0
431144-43114b,59,2,8b18e801000000,,WRITE:0-0
43114c-431157,59,4,83c404f903dae801000000,,WRITE:0-0
431158-431160,59,3,83c4046633fa7206,,WRITE:0-0
431160-43116f,59,4,81f198c9f7b6c1c31150e801000000,,WRITE:0-0
431170-431176,59,3,83c404587502,,WRITE:0-0
431178-431182,59,4,83e8fc331883e8047203,,WRITE:0-0
431182-431184,58,1,7301,,WRITE:0-0
431185-431192,59,4,d3d166c1fec68918e801000000,m,WRITE:4311da-4312be
431193-431198,59,2,83042406c3,,WRITE:0-0
431198-43119e,58,1,0f8602000000,,WRITE:0-0
43119e-4311a2,59,2,87fe7803,,WRITE:0-0
4311a2-4311b0,59,3,c1e72b81f2e7c8ad50e801000000,,WRITE:0-0
4311b1-4311b6,59,2,83042406c3,,WRITE:0-0
4311b6-4311bb,58,1,e905000000,,WRITE:0-0
4311c0-4311c8,59,2,81c004000000eb01,,WRITE:0-0
4311c9-4311d4,59,3,13f983c5ff0f8570ffffff,,WRITE:0-0
4311d4-4311d6,1,1,eb01,,WRITE:0-0
4311d7-4311df,2,3,d3cef9e801000000,,WRITE:0-0
4311e0-4311e8,2,2,83c404e902000000,,WRITE:0-0
4311ea-4311f1,2,2,bec6124300eb01,,WRITE:0-0
4311f2-4311f7,1,1,e905000000,,WRITE:0-0
4311fc-43120d,2,3,8105e1ba410020114d60ba8baa34377403,m,WRITE:41bae1-0
43120d-43120f,1,1,7501,,WRITE:0-0
431210-43121f,2,5,4dbf3074f2354981c7158c0dcaeb01,,WRITE:0-0
431220-431232,2,6,66d3d56681dd7f59ad83c6fc50e801000000,,WRITE:0-0
431228-431232,69,4,ad83c6fc50e801000000,,WRITE:0-0
431233-431243,70,7,83c4045841668be903c250e801000000,,WRITE:0-0
431244-43124d,70,3,83c40458e907000000,,WRITE:0-0
431254-431259,70,2,c1c80deb01,,WRITE:0-0
43125a-431265,70,4,fcd3e5034604e801000000,,WRITE:0-0
431266-43126b,70,2,83042406c3,,WRITE:0-0
43126b-431270,69,1,e903000000,,WRITE:0-0
431273-43127a,70,2,8906e801000000,m,WRITE:4312c6-4313d6
43127b-431280,70,2,83042406c3,,WRITE:0-0
431280-431285,69,1,e901000000,,WRITE:0-0
431286-431291,70,2,81c2ec535ffbe801000000,,WRITE:0-0
431292-43129e,70,5,83c40441660bcd83c6047e03,,WRITE:0-0
43129e-4312a0,69,1,7f01,,WRITE:0-0
4312a1-4312a9,70,2,2bc80f8d01000000,,WRITE:0-0
4312a9-4312b3,34,3,fc83ef010f8575ffffff,,WRITE:0-0
4312aa-4312b3,37,2,83ef010f8575ffffff,,WRITE:0-0
4312b3-4312b8,1,1,e801000000,,WRITE:0-0
4312b9-4312be,2,2,83042406c3,,WRITE:0-0
4312be-4312c3,1,1,e903000000,,WRITE:0-0
4312c6-4312d4,2,5,61568f05a1b9410060e801000000,m,WRITE:41b9a1-0
4312d5-4312ec,2,7,83c40481f3360868d768e113430085cf5e50e801000000,,WRITE:0-0
4312ed-4312f6,2,3,83c40458e908000000,,WRITE:0-0
4312fe-431308,2,2,bdc85d7321e801000000,,WRITE:0-0
431309-43130e,2,2,83042406c3,,WRITE:0-0
43130e-431314,1,1,0f8501000000,,WRITE:0-0
431315-431322,2,4,d3dfb83700000050e801000000,,WRITE:0-0
431323-43132c,2,3,83c40458e908000000,,WRITE:0-0
431334-431338,56,2,8b16eb01,,WRITE:0-0
431339-43133e,55,1,e902000000,,WRITE:0-0
431340-431348,56,3,2bd550e801000000,,WRITE:0-0
431349-431352,56,3,83c40458e90f000000,,WRITE:0-0
431361-431369,56,2,c1c210e801000000,,WRITE:0-0
43136a-43136f,56,2,83042406c3,,WRITE:0-0
43136f-431374,55,1,e907000000,,WRITE:0-0
43137b-431388,56,4,83eefc031683c6fce801000000,,WRITE:0-0
431389-431391,56,2,83c404e908000000,,WRITE:0-0
431399-4313a0,56,2,8916e801000000,m,WRITE:4313e1-4314b9
4313a1-4313a6,56,2,83042406c3,,WRITE:0-0
4313a6-4313b5,56,4,c1cbc666c1c92081f51955095b7a03,,WRITE:0-0
4313b5-4313b7,27,1,7b01,,WRITE:0-0
4313b8-4313bd,55,1,e902000000,,WRITE:0-0
4313bf-4313c7,56,2,81c6040000007a03,,WRITE:0-0
4313c7-4313c9,28,1,7b01,,WRITE:0-0
4313ca-4313d1,56,2,f80f8901000000,,WRITE:0-0
4313d2-4313db,56,2,83e8010f8559ffffff,,WRITE:0-0
4313db-4313dd,1,1,7c03,,WRITE:0-0
4313dd-4313df,1,1,7d01,,WRITE:0-0
4313e0-4313e7,2,3,fc50e801000000,,WRITE:0-0
4313e8-4313f1,2,3,83c40458e904000000,,WRITE:0-0
4313f5-4313fc,2,2,b9c4144300eb01,,WRITE:0-0
4313fd-431402,1,1,e901000000,,WRITE:0-0
431403-43140a,2,2,bdff1f3991eb01,,WRITE:0-0
43140b-431413,2,2,85d70f8802000000,,WRITE:0-0
431413-431428,2,5,87d7bb62a28cf166d3d681eb27a28cf1e801000000,,WRITE:0-0
431429-43142e,2,2,83042406c3,,WRITE:0-0
43142e-431433,2,3,f98b01eb01,,WRITE:0-0
43142f-431433,59,2,8b01eb01,,WRITE:0-0
431434-431439,59,1,e800c9ffff,,WRITE:0-0
431439-43143e,59,1,e907000000,,WRITE:0-0
431445-43144d,60,3,03c550e801000000,,WRITE:0-0
43144e-43145e,60,6,83c40458c1fe594fc1c015e801000000,,WRITE:0-0
43145f-431464,60,2,83c4047a03,,WRITE:0-0
431464-431469,60,2,661bfa7502,,WRITE:0-0
43146b-431475,60,4,83c1042b0183c1fceb01,,WRITE:0-0
431476-431483,60,6,f9f9568f05adb941008901eb01,m,WRITE:41b9ad-4315ac
431484-43148a,59,1,0f8101000000,,WRITE:0-0
43148b-43148d,59,1,7101,,WRITE:0-0
43148e-431496,60,2,81c56a2651b87603,,WRITE:0-0
431496-431498,16,1,7701,,WRITE:0-0
431499-4314a0,60,2,470f8801000000,,WRITE:0-0
4314a1-4314a6,60,2,83c104eb01,,WRITE:0-0
4314a7-4314ac,60,2,6623f17a01,,WRITE:0-0
4314ad-4314b6,60,2,83eb010f8579ffffff,,WRITE:0-0
4314b6-4314bc,2,2,50e801000000,,WRITE:0-0
4314bd-4314cf,2,8,83c40458668bf061558f05bdb8410060eb01,m,WRITE:41b8bd-0
4314d0-4314dd,2,6,4785cf68b715430003ce5eeb01,,WRITE:0-0
4314de-4314f1,2,7,66ba29bff86823e8d3ad1bfe5b50e801000000,,WRITE:0-0
4314f2-431501,2,8,83c40458f94f68400000004758eb01,,WRITE:0-0
431502-431507,1,1,e905000000,,WRITE:0-0
43150c-431513,65,2,8b2ee801000000,,WRITE:0-0
431514-431519,65,2,83042406c3,,WRITE:0-0
431519-43151e,64,1,e902000000,,WRITE:0-0
431520-43152e,65,3,812de9b941006551cb2803ebeb01,m,WRITE:41b9e9-41b9e9
43152f-431534,64,1,e805c8ffff,,WRITE:0-0
431534-43153b,65,2,6681f217da7501,,WRITE:0-0
43153c-431541,65,2,c1c50ceb01,,WRITE:0-0
431542-431547,64,1,e902000000,,WRITE:0-0
431549-431552,65,3,336e0450e801000000,,WRITE:0-0
431553-431561,65,6,83c4045885cf892e50e801000000,m,WRITE:4315b7-4316b3
431562-43156b,65,3,83c40458e905000000,,WRITE:0-0
431570-43157c,65,3,81eb4ef0974250e801000000,,WRITE:0-0
43157d-431586,65,3,83c40458e81fddffff,,WRITE:0-0
431586-431598,65,4,f981e9aca6287281c604000000e801000000,,WRITE:0-0
431599-4315a1,65,2,83c404e901000000,,WRITE:0-0
4315a2-4315ab,65,2,83c0ff0f8561ffffff,,WRITE:0-0
4315ab-4315b1,2,2,50e801000000,,WRITE:0-0
4315b2-4315b9,2,4,83c404584aeb01,,WRITE:0-0
4315ba-4315bf,1,1,e909000000,,WRITE:0-0
4315c8-4315d2,2,2,b8bc164300e801000000,,WRITE:0-0
4315d3-4315db,2,2,83c404e901000000,,WRITE:0-0
4315dc-4315e7,2,2,6851ae00b40f8502000000,,WRITE:0-0
4315e9-4315f0,2,3,5d50e801000000,,WRITE:0-0
4315f1-431604,2,6,83c404584366d3d968390000000f8701000000,,WRITE:0-0
431605-43160b,2,2,5ee801000000,,WRITE:0-0
43160c-431614,2,2,83c404e891dcffff,,WRITE:0-0
431614-431619,1,1,e909000000,,WRITE:0-0
431622-431629,58,2,8b38e801000000,,WRITE:0-0
43162a-43162f,58,2,83042406c3,,WRITE:0-0
43162f-431632,58,2,427603,,WRITE:0-0
431632-431639,58,3,6623df03fd7403,,WRITE:0-0
431639-43163b,57,1,7501,,WRITE:0-0
43163c-431641,57,1,e901000000,,WRITE:0-0
431642-431647,58,2,c1cf147603,,WRITE:0-0
431647-431649,26,1,7701,,WRITE:0-0
43164a-43165c,58,6,66c1eab783c004333883c0fc50e801000000,,WRITE:0-0
43165d-431666,58,3,83c40458e907000000,,WRITE:0-0
43166d-431671,58,2,89387a03,m,WRITE:4316bc-43179c
431674-431679,57,1,e901000000,,WRITE:0-0
43167a-431686,58,3,81c5c9e6bd2250e801000000,,WRITE:0-0
431687-431690,58,3,83c40458e906000000,,WRITE:0-0
431696-43169e,58,2,81e8fcffffff7e03,,WRITE:0-0
43169e-4316a0,57,1,7f01,,WRITE:0-0
4316a1-4316ac,58,3,d3da83ee010f8576ffffff,,WRITE:0-0
4316ac-4316b1,1,1,e801000000,,WRITE:0-0
4316b2-4316b7,2,2,83042406c3,,WRITE:0-0
4316b7-4316c7,2,7,0bd566d3fb61508f0525bb4100607c03,m,WRITE:41bb25-0
4316c7-4316c9,1,1,7d01,,WRITE:0-0
4316ca-4316cf,1,1,e906000000,,WRITE:0-0
4316d5-4316dc,2,2,b9a51743007c03,,WRITE:0-0
4316dc-4316de,1,1,7d01,,WRITE:0-0
4316df-4316e4,1,1,e902000000,,WRITE:0-0
4316e6-4316f6,2,4,bb1471d80b668bf281f3820e28aeeb01,,WRITE:0-0
4316f7-4316fc,1,1,e901000000,,WRITE:0-0
4316fd-43170e,2,4,baca61921b4781ea8c61921be801000000,,WRITE:0-0
43170f-431714,2,2,83042406c3,,WRITE:0-0
431714-43171e,2,4,668bf166d3c08b29eb01,,WRITE:0-0
43171a-43171e,62,2,8b29eb01,,WRITE:0-0
43171f-431728,63,4,87f0662bc103ebeb01,,WRITE:0-0
431729-43172e,62,1,e901000000,,WRITE:0-0
43172f-431737,63,2,c1cd1de801000000,,WRITE:0-0
431738-43173d,63,2,83042406c3,,WRITE:0-0
43173d-431747,63,2,66c1d0eb0f8103000000,,WRITE:0-0
431747-431753,25,4,c1d8f82b690450e801000000,,WRITE:0-0
43174a-431753,39,3,2b690450e801000000,,WRITE:0-0
431754-43175d,63,3,83c40458e903000000,,WRITE:0-0
431760-431768,63,3,892950e801000000,m,WRITE:4317a5-431899
431769-43177a,63,6,83c404584881eb455905d950e801000000,,WRITE:0-0
43177b-431785,63,3,83c404580f8104000000,,WRITE:0-0
431789-431792,63,3,f981c1040000007203,,WRITE:0-0
431792-431794,62,1,7301,,WRITE:0-0
431795-43179f,63,4,85f0f84a0f857bffffff,,WRITE:0-0
43179f-4317a1,1,1,7c03,,WRITE:0-0
4317a1-4317a3,1,1,7d01,,WRITE:0-0
4317a4-4317b4,2,7,4761518f059db941006050e801000000,m,WRITE:41b99d-0
4317b5-4317d4,2,7,83c404584fb873b11e3b8125a9ba41005465cc5368a31843000f8c02000000,m,WRITE:41baa9-0
4317d4-4317d9,2,3,87c55e7603,,WRITE:0-0
4317dc-4317f4,2,6,d3c0bb28e33b1f6681df664081f37feeeb0c50e801000000,,WRITE:0-0
4317f5-4317fe,2,3,83c40458e903000000,,WRITE:0-0
431801-43180c,2,2,683e0000000f8401000000,,WRITE:0-0
43180c-431813,2,3,475ae801000000,,WRITE:0-0
431814-431819,2,2,83042406c3,,WRITE:0-0
431819-43181e,1,1,e905000000,,WRITE:0-0
431823-43182a,63,2,8b0ee801000000,,WRITE:0-0
43182b-431833,63,2,83c404e901000000,,WRITE:0-0
431834-43183b,63,2,33cbe801000000,,WRITE:0-0
43183c-431841,63,2,83042406c3,,WRITE:0-0
431841-431843,62,1,7001,,WRITE:0-0
431843-43184a,63,4,f8f9c1c109eb01,,WRITE:0-0
43184b-431850,62,1,e855daffff,,WRITE:0-0
431850-431852,62,1,7d03,,WRITE:0-0
431855-43185a,63,2,2b4e04eb01,,WRITE:0-0
43185b-431865,63,3,81cd90adefd1890eeb01,m,WRITE:4318a3-431997
431866-43186f,63,3,f881c3d9ba7a627403,,WRITE:0-0
43186f-431871,62,1,7501,,WRITE:0-0
431872-431877,62,1,e904000000,,WRITE:0-0
43187b-431886,63,2,81c604000000e801000000,,WRITE:0-0
431887-43188c,63,2,83042406c3,,WRITE:0-0
43188c-431899,63,3,66c1df4983c2ff0f858affffff,,WRITE:0-0
431899-43189b,1,1,eb01,,WRITE:0-0
43189c-4318b2,2,8,668be966bfc89561518f0559b841006050e801000000,m,WRITE:41b859-0
4318b3-4318c4,2,6,83c404584ef968a11943000f8802000000,,WRITE:0-0
4318c4-4318cc,2,3,85fe58e801000000,,WRITE:0-0
4318cd-4318d2,2,2,83042406c3,,WRITE:0-0
4318d2-4318d7,1,1,e904000000,,WRITE:0-0
4318db-4318e5,2,2,b9794e872ce801000000,,WRITE:0-0
4318e6-4318fd,2,7,83c40487febb449f48ef4681c3f960b71050e801000000,,WRITE:0-0
4318fe-431908,2,5,83c40458d3d28b287203,,WRITE:0-0
431904-431908,61,2,8b287203,,WRITE:0-0
431908-43190a,61,1,7301,,WRITE:0-0
43190b-431910,61,1,e895d9ffff,,WRITE:0-0
431910-431915,61,1,e904000000,,WRITE:0-0
431919-43192a,62,3,811db5ba41004019c89e03e9e801000000,m,WRITE:41bab5-41bab5
43192b-431939,62,5,83c40466d3e6c1ef44c1c50aeb01,,WRITE:0-0
43193a-43193c,61,1,7301,,WRITE:0-0
43193c-43194a,27,5,4a83e8fc2b2883e804e801000000,,WRITE:0-0
43193d-43194a,36,4,83e8fc2b2883e804e801000000,,WRITE:0-0
43194b-431953,62,2,83c404e903000000,,WRITE:0-0
431956-43195e,62,3,892850e801000000,m,WRITE:4319a1-431a91
43195f-43196c,62,5,83c40458f881c178e31e6a7a03,,WRITE:0-0
43196c-43196e,29,1,7b01,,WRITE:0-0
43196f-431974,61,1,e905000000,,WRITE:0-0
431979-431984,62,2,81c004000000e801000000,,WRITE:0-0
431985-431994,62,5,83c40485f7660bfe4b0f8570ffffff,,WRITE:0-0
431994-431996,1,1,7803,,WRITE:0-0
431996-431998,1,1,7901,,WRITE:0-0
431999-43199e,1,1,e903000000,,WRITE:0-0
4319a1-4319a6,1,1,e801000000,,WRITE:0-0
4319a7-4319ac,2,2,83042406c3,,WRITE:0-0
4319ac-4319b1,1,1,e901000000,,WRITE:0-0
4319b2-4319bd,2,3,b99a1a430050e801000000,,WRITE:0-0
4319be-4319c7,2,3,83c40458e904000000,,WRITE:0-0
4319cb-4319dc,2,3,81357db941003e287fdcbe5d263cab7a03,m,WRITE:41b97d-0
4319dc-4319de,1,1,7b01,,WRITE:0-0
4319df-4319fb,2,6,fc811555b84100dc2ad349bdda3b8b294281f59a3b8b29e801000000,m,WRITE:41b855-0
4319fc-431a01,2,2,83042406c3,,WRITE:0-0
431a01-431a0b,2,4,4087d38b39e801000000,,WRITE:0-0
431a04-431a0b,64,2,8b39e801000000,,WRITE:0-0
431a0c-431a11,65,2,83042406c3,,WRITE:0-0
431a11-431a13,64,1,7901,,WRITE:0-0
431a14-431a1d,65,3,87c203fee801000000,,WRITE:0-0
431a1e-431a23,65,2,83042406c3,,WRITE:0-0
431a23-431a2b,65,2,d3ea0f8101000000,,WRITE:0-0
431a2c-431a31,65,2,c1c70f7403,,WRITE:0-0
431a31-431a33,62,1,7501,,WRITE:0-0
431a34-431a3a,65,3,4a2b79047c03,,WRITE:0-0
431a3a-431a3c,36,1,7d01,,WRITE:0-0
431a3d-431a3f,64,1,7101,,WRITE:0-0
431a3f-431a44,19,3,408939eb01,m,WRITE:431aaa-431b6e
431a40-431a44,47,2,8939eb01,m,WRITE:431a9a-431b96
431a45-431a4a,64,1,e907000000,,WRITE:0-0
431a51-431a59,65,2,81c65e5a7b9beb01,,WRITE:0-0
431a5a-431a5f,64,1,e909000000,,WRITE:0-0
431a68-431a74,65,3,81e9fcffffff50e801000000,,WRITE:0-0
431a75-431a89,65,6,83c404584a81ea23717f9b83ed010f857bffffff,,WRITE:0-0
431a89-431a8b,1,1,7a03,,WRITE:0-0
431a8e-431a93,1,1,e907000000,,WRITE:0-0
431a9a-431aa5,2,5,61558f05e1b84100607403,m,WRITE:41b8e1-0
431aa8-431ab6,2,6,661bcd4368a01b430085e9587603,,WRITE:0-0
431ab6-431ab8,1,1,7701,,WRITE:0-0
431ab9-431ad3,2,7,66bb0617668bdfbeb10817e1d3e181ee9f882fb750e801000000,,WRITE:0-0
431ad4-431ae3,2,7,83c4045841683b00000087d95feb01,,WRITE:0-0
431ae4-431aee,2,4,87e98b1050e801000000,,WRITE:0-0
431ae6-431aee,59,3,8b1050e801000000,,WRITE:0-0
431aef-431afd,60,6,83c40458431be92bd6e801000000,,WRITE:0-0
431afe-431b03,60,2,83042406c3,,WRITE:0-0
431b03-431b0f,60,4,66d3c3c1ca1e50e801000000,,WRITE:0-0
431b10-431b1b,60,5,83c4045885cb2b50047e03,,WRITE:0-0
431b1b-431b1d,32,1,7f01,,WRITE:0-0
431b1e-431b26,60,3,fc8910e801000000,m,WRITE:431ba0-431c88
431b27-431b2c,60,2,83042406c3,,WRITE:0-0
431b2c-431b31,59,1,e907000000,,WRITE:0-0
431b38-431b40,60,2,81ee02e20b2beb01,,WRITE:0-0
431b41-431b46,59,1,e90d000000,,WRITE:0-0
431b53-431b5c,60,3,83c00450e801000000,,WRITE:0-0
431b5d-431b66,60,3,83c40458e90d000000,,WRITE:0-0
431b73-431b86,60,3,8135cdb84100cf03847783ef010f8560ffffff,m,WRITE:41b8cd-41b8cd
431b86-431b8b,1,1,e801000000,,WRITE:0-0
431b8c-431b94,2,2,83c404e90c000000,,WRITE:0-0
431ba0-431ba5,1,1,e801000000,,WRITE:0-0
431ba6-431bab,2,2,83042406c3,,WRITE:0-0
431bab-431bb8,2,4,f8b9f9020f50bb921c4300eb01,,WRITE:0-0
431bb9-431bc9,2,6,f841b8dc49f19ffc81c0f4dbd80a7403,,WRITE:0-0
431bc9-431bcb,1,1,7501,,WRITE:0-0
431bcc-431bd8,2,3,b954cee5afbdbb919aba7003,,WRITE:0-0
431bd8-431be3,2,3,6603fd81ed7c919aba7e03,,WRITE:0-0
431be3-431be5,1,1,7f01,,WRITE:0-0
431be6-431bf4,2,4,81e9c02a4931fc8b33e801000000,,WRITE:0-0
431bed-431bf4,63,2,8b33e801000000,,WRITE:0-0
431bf5-431bfd,64,2,83c404e902000000,,WRITE:0-0
431bff-431c06,64,2,03f0e801000000,,WRITE:0-0
431c07-431c0c,64,2,83042406c3,,WRITE:0-0
431c0c-431c11,63,1,e902000000,,WRITE:0-0
431c13-431c18,64,2,c1c614eb01,,WRITE:0-0
431c19-431c1e,63,1,e908000000,,WRITE:0-0
431c26-431c33,64,4,83ebfc2b3383eb04e801000000,,WRITE:0-0
431c34-431c3e,64,4,83c404668bd58933eb01,m,WRITE:431c92-431d8a
431c3f-431c52,64,5,66c1c17c66d3cf81e8d21486dd50e801000000,,WRITE:0-0
431c53-431c59,64,3,83c404587806,,WRITE:0-0
431c59-431c61,64,2,81da6bb6004c7802,,WRITE:0-0
431c61-431c6e,33,3,87cf81ebfcffffffe801000000,,WRITE:0-0
431c63-431c6e,32,2,81ebfcffffffe801000000,,WRITE:0-0
431c6f-431c7f,64,5,83c40487cf85d183c5ff0f856effffff,,WRITE:0-0
431c7f-431c81,1,1,eb01,,WRITE:0-0
431c82-431c87,1,1,e81ed6ffff,,WRITE:0-0
431c87-431c8c,1,1,e906000000,,WRITE:0-0
431c92-431c94,1,1,eb01,,WRITE:0-0
431c95-431c9a,1,1,e905000000,,WRITE:0-0
431c9f-431cab,2,4,68921d4300f95ee801000000,,WRITE:0-0
431cac-431cb1,2,2,83042406c3,,WRITE:0-0
431cb1-431cc6,2,4,428135edb841007c3b7e09bda59e7ddae801000000,m,WRITE:41b8ed-0
431cc7-431ccc,2,2,83042406c3,,WRITE:0-0
431ccc-431cd1,1,1,e904000000,,WRITE:0-0
431cd5-431ce5,2,4,bfd760dbe666d3d981ef8f60dbe67803,,WRITE:0-0
431ce5-431ce7,1,1,7901,,WRITE:0-0
431ce8-431ced,1,1,e901000000,,WRITE:0-0
431cee-431cf2,73,2,8b1eeb01,,WRITE:0-0
431cf3-431cf9,73,3,87c233ddeb01,,WRITE:0-0
431cfa-431cff,72,1,e903000000,,WRITE:0-0
431d02-431d0b,73,3,c1c30750e801000000,,WRITE:0-0
431d0c-431d15,73,3,83c40458e908000000,,WRITE:0-0
431d1d-431d2a,73,4,83eefc2b1e83c6fce801000000,,WRITE:0-0
431d2b-431d30,73,2,83042406c3,,WRITE:0-0
431d30-431d36,73,3,8bca891eeb01,m,WRITE:431d92-431eae
431d37-431d3c,72,1,e901000000,,WRITE:0-0
431d3d-431d49,73,3,81eddbfba6c350e801000000,,WRITE:0-0
431d4a-431d53,73,3,83c40458e90b000000,,WRITE:0-0
431d5e-431d6a,73,3,81c60400000050e801000000,,WRITE:0-0
431d6b-431d74,73,3,83c40458e908000000,,WRITE:0-0
431d7c-431d85,73,2,83c7ff0f8569ffffff,,WRITE:0-0
431d85-431d87,1,1,eb01,,WRITE:0-0
431d88-431d94,2,3,66c1d09681c913600868eb01,,WRITE:0-0
431d95-431d9b,1,1,0f8603000000,,WRITE:0-0
431d9b-431db0,2,6,66d3dd68b81e430081da0641cdec5b50e801000000,,WRITE:0-0
431db1-431dba,2,3,83c40458e8ebd4ffff,,WRITE:0-0
431dba-431dca,2,5,40be1dce8ec185c281c627b630c77203,,WRITE:0-0
431dcd-431dd3,1,1,0f8102000000,,WRITE:0-0
431dd5-431de7,2,5,40bf5670fe7af981efb26ffe7ae801000000,,WRITE:0-0
431de8-431df7,2,4,83c404bdc60ec0978b0be801000000,,WRITE:0-0
431df0-431df7,164,2,8b0be801000000,,WRITE:0-0
431df8-431dfd,165,2,83042406c3,,WRITE:0-0
431dfd-431dff,164,1,7c02,,WRITE:0-0
431dff-431e0f,165,5,87c281d2876b7d9d33ce50e801000000,,WRITE:0-0
431e10-431e19,165,3,83c40458e903000000,,WRITE:0-0
431e1c-431e24,165,2,c1c10fe801000000,,WRITE:0-0
431e25-431e2a,165,2,83042406c3,,WRITE:0-0
431e2a-431e2f,164,1,e909000000,,WRITE:0-0
431e38-431e41,165,3,034b0450e801000000,,WRITE:0-0
431e42-431e4b,165,3,83c40458e901000000,,WRITE:0-0
431e4c-431e53,165,2,890be801000000,m,WRITE:431eb8-432144
431e54-431e5c,165,2,83c404e907000000,,WRITE:0-0
431e63-431e6e,165,2,81eee560a67ee801000000,,WRITE:0-0
431e6f-431e74,165,2,83c4047605,,WRITE:0-0
431e74-431e90,165,6,b8bb0ae6de6875585b138f05a9b8410081c30400000050e801000000,m,WRITE:41b8a9-41b8a9
431e91-431e9b,165,3,83c404580f8805000000,,WRITE:0-0
431e9b-431eaa,165,4,ba0fbbe2224d83ef010f8546ffffff,,WRITE:0-0
431eaa-431eaf,1,1,e801000000,,WRITE:0-0
431eb0-431eb5,2,2,83042406c3,,WRITE:0-0
431eb5-431ebd,2,2,668bd7e84392ffff,,WRITE:0-0
431ebd-431ec4,2,2,6a00e80a000000,,WRITE:0-0
431ece-431ed3,1,1,e825000000,,WRITE:0-0
431ef8-431efa,2,2,6a00,,WRITE:0-0
