41b000-41b003,2,2,607a03,,WRITE:0-0
41b006-41b008,1,1,eb01,,WRITE:0-0
41b009-41b00b,1,1,7201,,WRITE:0-0
41b00b-41b011,2,2,4be801000000,,WRITE:0-0
41b012-41b017,2,2,83042406c3,,WRITE:0-0
41b017-41b01d,2,2,43e801000000,,WRITE:0-0
41b01e-41b02c,2,3,83c40481ef72e810efe801000000,,WRITE:0-0
41b02d-41b032,2,2,83042406c3,,WRITE:0-0
41b032-41b040,2,6,662bf961568f05a5b8410060eb01,m,WRITE:41b8a5-0
41b041-41b046,1,1,e90a000000,,WRITE:0-0
41b050-41b059,2,4,683fb14100f95f7803,,WRITE:0-0
41b059-41b05b,1,1,7901,,WRITE:0-0
41b05c-41b061,1,1,e905000000,,WRITE:0-0
41b066-41b071,2,3,bd2276832850e801000000,,WRITE:0-0
41b072-41b082,2,7,83c4045887de683b00000085f05aeb01,,WRITE:0-0
41b083-41b088,1,1,e904000000,,WRITE:0-0
41b08c-41b094,60,3,8b0f50e801000000,,WRITE:0-0
41b095-41b09b,60,3,83c404587101,,WRITE:0-0
41b09c-41b09e,59,1,7405,,WRITE:0-0
41b09e-41b0a7,60,3,bbad18951103cd7a03,,WRITE:0-0
41b0a7-41b0a9,29,1,7b01,,WRITE:0-0
41b0aa-41b0af,59,1,e908000000,,WRITE:0-0
41b0b7-41b0bf,60,2,c1c91ee801000000,,WRITE:0-0
41b0c0-41b0c5,60,2,83042406c3,,WRITE:0-0
41b0c5-41b0ca,59,1,e907000000,,WRITE:0-0
41b0d1-41b0de,60,4,83effc330f83c7fce801000000,,WRITE:0-0
41b0df-41b0e4,60,2,83042406c3,,WRITE:0-0
41b0e4-41b0ea,59,1,0f8301000000,,WRITE:0-0
41b0eb-41b0ed,59,1,7404,,WRITE:0-0
41b0ed-41b0f5,60,3,66bb974e890feb01,m,WRITE:41b13f-41b227
41b0f6-41b0fb,59,1,e906000000,,WRITE:0-0
41b101-41b109,60,2,81ed46024f127203,,WRITE:0-0
41b109-41b10b,54,1,7301,,WRITE:0-0
41b10c-41b111,59,1,e909000000,,WRITE:0-0
41b11a-41b126,60,3,81c70400000050e801000000,,WRITE:0-0
41b127-41b130,60,3,83c40458e902000000,,WRITE:0-0
41b132-41b139,60,2,4a0f8553ffffff,,WRITE:0-0
41b139-41b13b,1,1,7a03,,WRITE:0-0
41b13e-41b141,2,2,fceb01,,WRITE:0-0
41b142-41b14b,2,4,48466831b241007302,,WRITE:0-0
41b14d-41b154,2,3,5950e801000000,,WRITE:0-0
41b155-41b15b,2,3,83c404587403,,WRITE:0-0
41b15b-41b165,2,3,668bf1bbc60541227406,,WRITE:0-0
41b165-41b177,2,4,81f21b6f750081ebc5ca225350e801000000,,WRITE:0-0
41b178-41b181,2,3,83c40458e903000000,,WRITE:0-0
41b184-41b18b,2,2,bf420000007803,,WRITE:0-0
41b18b-41b18d,1,1,7901,,WRITE:0-0
41b18e-41b193,1,1,e905000000,,WRITE:0-0
41b198-41b19c,67,2,8b297603,,WRITE:0-0
41b19c-41b19e,66,1,7701,,WRITE:0-0
41b19f-41b1a4,66,1,e904000000,,WRITE:0-0
41b1a8-41b1af,67,2,03ebe801000000,,WRITE:0-0
41b1b0-41b1c0,67,5,83c404bef3b319dac1d299c1c50e7403,,WRITE:0-0
41b1c0-41b1c2,66,1,7501,,WRITE:0-0
41b1c3-41b1d6,67,6,b823629ad7fc83c104032983c1fce801000000,,WRITE:0-0
41b1d7-41b1df,67,2,83c404e904000000,,WRITE:0-0
41b1e3-41b1eb,67,3,892950e801000000,m,WRITE:41b231-41b335
41b1ec-41b1f5,67,3,83c40458e902000000,,WRITE:0-0
41b1f7-41b202,67,2,81ebb4c022ffe801000000,,WRITE:0-0
41b203-41b208,67,2,83042406c3,,WRITE:0-0
41b208-41b20e,66,1,0f8203000000,,WRITE:0-0
41b20e-41b21b,67,5,66d3c2f883c10450e801000000,,WRITE:0-0
41b21c-41b22a,67,6,83c4045887d04a4f0f856effffff,,WRITE:0-0
41b22a-41b22c,1,1,eb01,,WRITE:0-0
41b22d-41b233,2,3,f8668bf5eb01,,WRITE:0-0
41b234-41b239,1,1,e902000000,,WRITE:0-0
41b23b-41b246,2,2,683db341000f8803000000,,WRITE:0-0
41b246-41b24f,2,3,668bcf5ee801000000,,WRITE:0-0
41b250-41b258,2,2,83c404e903000000,,WRITE:0-0
41b25b-41b26c,2,4,b804f8bb534781e85be3d2e4e801000000,,WRITE:0-0
41b26d-41b289,2,7,83c404d3ea6681cf0c6ebb039c9bbed3ff81c33e646441e801000000,,WRITE:0-0
41b28a-41b28f,2,2,83042406c3,,WRITE:0-0
41b28f-41b294,1,1,e906000000,,WRITE:0-0
41b29a-41b2a1,66,2,8b2ee801000000,,WRITE:0-0
41b2a2-41b2a7,66,2,83042406c3,,WRITE:0-0
41b2a7-41b2ac,65,1,e903000000,,WRITE:0-0
41b2af-41b2b6,66,2,33e8e801000000,,WRITE:0-0
41b2b7-41b2bc,66,2,83042406c3,,WRITE:0-0
41b2bc-41b2c1,65,1,e902000000,,WRITE:0-0
41b2c3-41b2cc,66,3,c1cd0350e801000000,,WRITE:0-0
41b2cd-41b2d7,66,5,83c404584a036e04eb01,,WRITE:0-0
41b2d8-41b2dd,65,1,e904000000,,WRITE:0-0
41b2e1-41b2e5,66,2,892eeb01,m,WRITE:41b33d-41b43d
41b2e6-41b2f6,66,5,87f985f981c0e288cd3b50e801000000,,WRITE:0-0
41b2f7-41b2fd,66,3,83c404587001,,WRITE:0-0
41b2fd-41b306,66,3,4283c604e801000000,,WRITE:0-0
41b307-41b30d,66,3,83c404f87d05,,WRITE:0-0
41b312-41b322,66,4,558f0521b8410083eb010f8578ffffff,m,WRITE:41b821-41b821
41b322-41b327,1,1,e801000000,,WRITE:0-0
41b328-41b32d,2,2,83042406c3,,WRITE:0-0
41b32d-41b332,1,1,e90b000000,,WRITE:0-0
41b33d-41b342,1,1,e801000000,,WRITE:0-0
41b343-41b34b,2,2,83c404e902000000,,WRITE:0-0
41b34d-41b358,2,4,6848b441006613f05b7a03,,WRITE:0-0
41b358-41b35a,1,1,7b01,,WRITE:0-0
41b35b-41b361,1,1,0f8a01000000,,WRITE:0-0
41b361-41b364,2,2,f87405,,WRITE:0-0
41b364-41b37a,2,5,be07a079aebad784a6924d81ea37aeb2b6e801000000,,WRITE:0-0
41b37b-41b38b,2,5,83c4048bfdb93100000050e801000000,,WRITE:0-0
41b38c-41b395,2,3,83c40458e904000000,,WRITE:0-0
41b399-41b39d,50,2,8b037a03,,WRITE:0-0
41b39d-41b39f,24,1,7b01,,WRITE:0-0
41b3a0-41b3af,50,4,66c1efb766bdc24433c2e801000000,,WRITE:0-0
41b3b0-41b3bf,50,5,83c40487ef85efc1c015e801000000,,WRITE:0-0
41b3c0-41b3c8,50,2,83c404e901000000,,WRITE:0-0
41b3c9-41b3d1,50,2,334304e801000000,,WRITE:0-0
41b3d2-41b3d7,50,2,83042406c3,,WRITE:0-0
41b3d7-41b3de,50,2,4e0f8002000000,,WRITE:0-0
41b3de-41b3e8,50,4,87fe890350e801000000,m,WRITE:41b448-41b508
41b3e9-41b3ff,50,7,83c404584e6681e53fb381f2259e8ac350e801000000,,WRITE:0-0
41b400-41b409,50,3,83c40458e905000000,,WRITE:0-0
41b40e-41b416,50,2,81ebfcffffffeb01,,WRITE:0-0
41b417-41b424,50,4,87ee8bf883e9010f8575ffffff,,WRITE:0-0
41b424-41b429,1,1,e801000000,,WRITE:0-0
41b42a-41b42f,2,2,83042406c3,,WRITE:0-0
41b42f-41b434,1,1,e90a000000,,WRITE:0-0
41b43e-41b44e,2,3,81151db841007ed89b2850e801000000,m,WRITE:41b81d-0
41b44f-41b465,2,6,83c4045843812d5db9410070c1b3f8be13b54100eb01,m,WRITE:41b95d-0
41b466-41b475,2,4,23fb6633d6bdfad3c4e4e801000000,,WRITE:0-0
41b476-41b47e,2,2,83c404e902000000,,WRITE:0-0
41b480-41b48b,2,3,b93600000050e801000000,,WRITE:0-0
41b48c-41b499,2,6,83c40458c1eba9ad83ee04eb01,,WRITE:0-0
41b493-41b499,54,3,ad83ee04eb01,,WRITE:0-0
41b49a-41b4a9,55,4,4f8105a5ba4100ad8f4ec22bc5eb01,m,WRITE:41baa5-41baa5
41b4aa-41b4b6,55,3,66c1da2bc1c813e801000000,,WRITE:0-0
41b4b7-41b4bf,55,2,83c404e901000000,,WRITE:0-0
41b4c0-41b4cd,55,4,83eefc2b0683ee04e801000000,,WRITE:0-0
41b4ce-41b4d3,55,2,83c4047102,,WRITE:0-0
41b4d5-41b4dc,55,2,8906e801000000,m,WRITE:41b513-41b5e7
41b4dd-41b4eb,55,5,83c40487df4381ed393a6120eb01,,WRITE:0-0
41b4ec-41b4f8,55,4,87fa85d781c6040000007803,,WRITE:0-0
41b4f8-41b4fa,54,1,7901,,WRITE:0-0
41b4fb-41b505,55,3,668bfe490f858effffff,,WRITE:0-0
41b505-41b50a,1,1,e801000000,,WRITE:0-0
41b50b-41b510,2,2,83c4047d03,,WRITE:0-0
41b513-41b518,1,1,e801000000,,WRITE:0-0
41b519-41b51e,2,2,83042406c3,,WRITE:0-0
41b51e-41b520,1,1,7103,,WRITE:0-0
41b523-41b537,2,3,810d85b94100526f6191bbefb54100e801000000,m,WRITE:41b985-0
41b538-41b54d,2,6,83c40448bda8674c15f881ed1926b1fae801000000,,WRITE:0-0
41b54e-41b553,2,2,83042406c3,,WRITE:0-0
41b553-41b55e,2,4,87f08bd5bf4b000000eb01,,WRITE:0-0
41b55f-41b569,2,4,f9be469e7db18b0b7603,,WRITE:0-0
41b565-41b569,75,2,8b0b7603,,WRITE:0-0
41b569-41b56b,74,1,7701,,WRITE:0-0
41b56c-41b575,76,4,6633d685f02bcdeb01,,WRITE:0-0
41b576-41b57d,76,4,fcf8c1c90aeb01,,WRITE:0-0
41b57e-41b583,75,1,e905000000,,WRITE:0-0
41b588-41b591,76,3,034b0450e801000000,,WRITE:0-0
41b592-41b598,76,3,83c404587003,,WRITE:0-0
41b598-41b5a2,76,3,66d3ce890be801000000,m,WRITE:41b5ef-41b717
41b5a3-41b5a8,76,2,83042406c3,,WRITE:0-0
41b5a8-41b5ad,75,1,e902000000,,WRITE:0-0
41b5af-41b5b7,76,2,81f5466d9f19eb01,,WRITE:0-0
41b5b8-41b5bc,76,2,85f27202,,WRITE:0-0
41b5bc-41b5c6,76,3,87d081c3040000007c03,,WRITE:0-0
41b5c6-41b5c8,75,1,7d01,,WRITE:0-0
41b5c9-41b5d7,76,4,85f2c1c60c83ef010f858effffff,,WRITE:0-0
41b5d7-41b5d9,1,1,7e03,,WRITE:0-0
41b5dc-41b5e1,1,1,e90e000000,,WRITE:0-0
41b5ef-41b5fd,2,5,61538f0515bb410060e801000000,m,WRITE:41bb15-0
41b5fe-41b606,2,2,83c404e909000000,,WRITE:0-0
41b60f-41b61c,2,4,6821b7410087c15be801000000,,WRITE:0-0
41b61d-41b622,2,2,83042406c3,,WRITE:0-0
41b622-41b627,1,1,e907000000,,WRITE:0-0
41b62e-41b63f,2,4,beef6cbfe666ba1c8281c67844b49ceb01,,WRITE:0-0
41b640-41b645,1,1,e905000000,,WRITE:0-0
41b64a-41b656,2,4,6837000000fc5fe801000000,,WRITE:0-0
41b657-41b666,2,5,83c40466c1f8f9f88b2be801000000,,WRITE:0-0
41b65f-41b666,55,2,8b2be801000000,,WRITE:0-0
41b667-41b66f,56,2,83c404e908000000,,WRITE:0-0
41b677-41b67e,56,2,03eee801000000,,WRITE:0-0
41b67f-41b684,56,2,83042406c3,,WRITE:0-0
41b684-41b689,55,1,e909000000,,WRITE:0-0
41b692-41b697,56,2,c1cd047e03,,WRITE:0-0
41b697-41b699,55,1,7f01,,WRITE:0-0
41b69a-41b69f,55,1,e902000000,,WRITE:0-0
41b6a1-41b6ae,56,4,83c3042b2b83c3fce801000000,,WRITE:0-0
41b6af-41b6b4,56,2,83042406c3,,WRITE:0-0
41b6b4-41b6b9,55,1,e909000000,,WRITE:0-0
41b6c2-41b6c6,56,2,892beb01,m,WRITE:41b721-41b7f9
41b6c7-41b6d0,56,2,6633c70f8602000000,,WRITE:0-0
41b6d0-41b6de,56,4,87c881c6b247351c50e801000000,,WRITE:0-0
41b6df-41b6e8,56,3,83c40458e903000000,,WRITE:0-0
41b6eb-41b6f6,56,2,81ebfcffffffe801000000,,WRITE:0-0
41b6f7-41b6fc,56,2,83042406c3,,WRITE:0-0
41b6fc-41b701,55,1,e90b000000,,WRITE:0-0
41b70c-41b715,56,2,83c7ff0f854affffff,,WRITE:0-0
41b715-41b71a,1,1,e801000000,,WRITE:0-0
41b71b-41b720,2,2,83042406c3,,WRITE:0-0
41b720-41b723,2,2,497a03,,WRITE:0-0
41b723-41b725,1,1,7b01,,WRITE:0-0
41b726-41b72b,1,1,e902000000,,WRITE:0-0
41b72d-41b738,2,4,6802b84100c1c3995f7403,,WRITE:0-0
41b738-41b73a,1,1,7501,,WRITE:0-0
41b73b-41b755,2,7,662bea66c1ddfeba03bc2a1c87cb81f27f284a4450e801000000,,WRITE:0-0
41b756-41b75c,2,3,83c404587d04,,WRITE:0-0
41b760-41b776,2,6,f8be33fcb3ac66c1fdde81f6feaeb3ac50e801000000,,WRITE:0-0
41b777-41b787,2,6,83c40458fc66b924c08b07e801000000,,WRITE:0-0
41b780-41b787,21197,2,8b07e801000000,,WRITE:0-0
41b788-41b798,21198,6,83c4044966bb17c103c250e801000000,,WRITE:0-0
41b799-41b7a7,21198,6,83c4045849c1c01550e801000000,,WRITE:0-0
41b7a8-41b7bc,21198,8,83c4045866c1e95587dd83c704330783c7fceb01,,WRITE:0-0
41b7bd-41b7c5,21198,3,4b8907e801000000,m,WRITE:41b802-430332
41b7c6-41b7d5,21198,4,83c4044981f2dc7a4a14e801000000,,WRITE:0-0
41b7d6-41b7db,21198,2,83042406c3,,WRITE:0-0
41b7db-41b7e4,21198,3,4383c704e801000000,,WRITE:0-0
41b7e5-41b7ea,21198,2,83042406c3,,WRITE:0-0
41b7ea-41b7f5,21198,4,1bcf1bd94e0f858bffffff,,WRITE:0-0
41b7f5-41b7fa,1,1,e801000000,,WRITE:0-0
41b7fb-41b800,2,2,83042406c3,,WRITE:0-0
41b800-41b807,2,3,fcfce9bb4a0100,,WRITE:0-0
42a8ce-42a8eb,2,11,520f31c1d002059d70ba6213c433c13185d5084100034424f8d1d05ac3,,WRITE:0-0
42b100-42b105,19,1,e800000000,,WRITE:0-0
42b105-42b10d,20,3,5d81ed05114100c3,,WRITE:0-0
42b12a-42b145,29,12,53505203c55053508b851c8541000fb60083e8333d990000007410,,WRITE:0-0
42b145-42b150,29,6,9090909058ff951c854100,,WRITE:0-0
42b150-42b152,28,1,eb17,,WRITE:0-0
42b169-42b171,29,5,5a89441500585bc3,,WRITE:0-0
42d0db-42d0ed,2,7,60fcfcf881e9bef8c33dc1fa56e801000000,,WRITE:0-0
42d0ee-42d0f4,2,3,83c404f9eb01,,WRITE:0-0
42d0f5-42d0fc,2,2,85f2e801000000,,WRITE:0-0
42d0fd-42d102,2,2,83042406c3,,WRITE:0-0
42d102-42d104,1,1,7303,,WRITE:0-0
42d107-42d10c,1,1,e801000000,,WRITE:0-0
42d10d-42d112,2,2,83042406c3,,WRITE:0-0
42d112-42d114,1,1,7903,,WRITE:0-0
42d117-42d119,1,1,7c03,,WRITE:0-0
42d119-42d11b,1,1,7d01,,WRITE:0-0
42d11c-42d122,2,2,f8e801000000,,WRITE:0-0
42d123-42d12c,2,3,83c40442e801000000,,WRITE:0-0
42d12d-42d132,2,2,83042406c3,,WRITE:0-0
42d132-42d138,2,2,f8e801000000,,WRITE:0-0
42d139-42d144,2,3,83c404668bcde801000000,,WRITE:0-0
42d145-42d14f,2,3,83c404d3cae801000000,,WRITE:0-0
42d150-42d155,2,2,83042406c3,,WRITE:0-0
42d155-42d158,2,2,f8eb01,,WRITE:0-0
42d159-42d160,2,3,4150e801000000,,WRITE:0-0
42d161-42d16b,2,3,83c404580f8301000000,,WRITE:0-0
42d16c-42d171,1,1,e801000000,,WRITE:0-0
42d172-42d177,2,2,83c4047002,,WRITE:0-0
42d177-42d17e,2,2,8bcae800000000,,WRITE:0-0
42d17e-42d186,2,4,5d8bc53b45187c06,,WRITE:0-0
42d186-42d18e,2,3,034518894518eb01,,WRITE:0-0
42d18f-42d194,1,1,e901000000,,WRITE:0-0
42d195-42d1a0,2,2,6886d242000f8202000000,,WRITE:0-0
42d1a0-42d1a8,2,3,d3c65fe801000000,,WRITE:0-0
42d1a9-42d1ae,2,2,83042406c3,,WRITE:0-0
42d1ae-42d1b3,1,1,e901000000,,WRITE:0-0
42d1b4-42d1c9,2,5,bdcbf0063e66bebf7381f59c51e91850e801000000,,WRITE:0-0
42d1ca-42d1d3,2,3,83c40458e902000000,,WRITE:0-0
42d1d5-42d1e8,2,5,b802f5ca5785ce81e8d3f4ca5750e801000000,,WRITE:0-0
42d1e9-42d1f2,2,3,83c40458e90d000000,,WRITE:0-0
42d1ff-42d203,48,2,8b1f7a03,,WRITE:0-0
42d203-42d205,24,1,7b01,,WRITE:0-0
42d206-42d211,48,3,66b927aa03dde801000000,,WRITE:0-0
42d212-42d221,48,5,83c404668bcdc1c30e50e801000000,,WRITE:0-0
42d222-42d22b,48,3,83c40458e901000000,,WRITE:0-0
42d22c-42d234,48,2,2b5f04e801000000,,WRITE:0-0
42d235-42d23a,48,2,83042406c3,,WRITE:0-0
42d23a-42d246,48,4,f966c1de94891fe801000000,m,WRITE:42d286-42d33e
42d247-42d24f,48,2,83c404e909000000,,WRITE:0-0
42d258-42d260,48,2,81f594d5d4e97e03,,WRITE:0-0
42d260-42d262,23,1,7f01,,WRITE:0-0
42d263-42d26a,48,3,87d683c704eb01,,WRITE:0-0
42d26b-42d270,47,1,e902000000,,WRITE:0-0
42d272-42d27b,48,2,83e8010f8584ffffff,,WRITE:0-0
42d27b-42d27d,1,1,7e03,,WRITE:0-0
42d280-42d285,1,1,e901000000,,WRITE:0-0
42d286-42d28b,1,1,e875deffff,,WRITE:0-0
42d28b-42d29f,2,5,68200300008dbd11184000576a00ff9573fd4000,,WRITE:0-0
42d29f-42d2b8,2,8,6a0068800000006a036a006a01680000008057ff952bfd4000,,WRITE:0-0
42d2b8-42d2bf,2,2,400f8487000000,,WRITE:0-0
42d2bf-42d2cb,2,5,488bf86a0057ff9577fd4000,,WRITE:0-0
42d2cb-42d2db,2,5,2b856b81410096566a40ff95fffc4000,,WRITE:0-0
42d2db-42d2df,2,2,85c0745e,,WRITE:0-0
42d2df-42d2f6,2,12,90909090936a008d851118400050565357ff954ffd4000,,WRITE:0-0
42d2f6-42d300,2,4,8bc38bce60e884000000,,WRITE:0-0
42d300-42d308,2,2,39856f8141007424,,WRITE:0-0
42d32c-42d335,2,4,618d853533410050c3,,WRITE:0-0
42d335-42d33c,2,2,53ff9503fd4000,,WRITE:0-0
42d33c-42d345,2,4,965057ff9527fd4000,,WRITE:0-0
42d345-42d34c,2,3,5860e800000000,,WRITE:0-0
42d34c-42d367,2,9,5e83ee06b9c000000029ceba57a1ef26c1e90283e90283f9007c1a,,WRITE:0-0
42d362-42d367,48,2,83f9007c1a,,WRITE:0-0
42d367-42d381,48,9,8b048e8b5c8e0403c3c1c80e2bc281f294d5d4e989048e49ebe1,m,WRITE:42d33e-42d286
42d381-42d384,2,3,6161c3,,WRITE:0-0
42d384-42d396,2,10,8bf833c033db33d28a07f7e203d84247e2f6,,WRITE:0-0
42d38c-42d396,192349,6,8a07f7e203d84247e2f6,,WRITE:0-0
42d396-42d398,2,2,93c3,,WRITE:0-0
42d398-42d39b,2,2,607606,,WRITE:0-0
42d39b-42d3a3,2,2,81c274585ad57a03,,WRITE:0-0
42d3a3-42d3a5,1,1,7b01,,WRITE:0-0
42d3a6-42d3af,2,2,66c1eb2de801000000,,WRITE:0-0
42d3b0-42d3be,2,3,83c40481c6f6b458fee801000000,,WRITE:0-0
42d3bf-42d3c4,2,2,83042406c3,,WRITE:0-0
42d3c4-42d3c7,2,2,fc7203,,WRITE:0-0
42d3c7-42d3c9,1,1,7301,,WRITE:0-0
42d3ca-42d3d0,1,1,0f8102000000,,WRITE:0-0
42d3d2-42d3d7,1,1,e801000000,,WRITE:0-0
42d3d8-42d3dd,2,2,83c4047301,,WRITE:0-0
42d3de-42d3e3,1,1,e801000000,,WRITE:0-0
42d3e4-42d3e9,2,2,83042406c3,,WRITE:0-0
42d3e9-42d3f1,2,2,c1d667e801000000,,WRITE:0-0
42d3f2-42d3f7,2,2,83042406c3,,WRITE:0-0
42d3f7-42d3ff,2,2,81e625cdf2ef7603,,WRITE:0-0
42d3ff-42d401,1,1,7701,,WRITE:0-0
42d402-42d407,2,2,c1fb4f7203,,WRITE:0-0
42d407-42d409,1,1,7301,,WRITE:0-0
42d40a-42d411,2,2,87f2e801000000,,WRITE:0-0
42d412-42d417,2,2,83042406c3,,WRITE:0-0
42d417-42d41a,2,2,437a03,,WRITE:0-0
42d41d-42d425,2,3,1bf750e801000000,,WRITE:0-0
42d426-42d434,2,4,83c404586681d23b7fe800000000,,WRITE:0-0
42d434-42d43c,2,4,5d8bc53b45227c06,,WRITE:0-0
42d43c-42d448,2,4,03452289452250e801000000,,WRITE:0-0
42d449-42d452,2,3,83c40458e903000000,,WRITE:0-0
42d455-42d45c,2,2,6843d542007b03,,WRITE:0-0
42d45f-42d466,2,3,5f50e801000000,,WRITE:0-0
42d467-42d473,2,5,83c40458f9bd6cc653df7202,,WRITE:0-0
42d475-42d47d,2,2,81f5a0b2e0f87603,,WRITE:0-0
42d47d-42d47f,1,1,7701,,WRITE:0-0
42d480-42d485,1,1,e908000000,,WRITE:0-0
42d48d-42d498,2,3,b81c00000050e801000000,,WRITE:0-0
42d499-42d4a2,2,3,83c40458e901000000,,WRITE:0-0
42d4a3-42d4ab,29,3,8b0f50e801000000,,WRITE:0-0
42d4ac-42d4b6,29,3,83c404580f8603000000,,WRITE:0-0
42d4b6-42d4bd,29,3,6623d333cd7603,,WRITE:0-0
42d4bd-42d4bf,28,1,7701,,WRITE:0-0
42d4c0-42d4cf,29,4,81e2e5da5e9cc1c11350e801000000,,WRITE:0-0
42d4d0-42d4d6,29,3,83c404587c06,,WRITE:0-0
42d4d6-42d4e1,29,3,81c3bf5a697b034f047803,,WRITE:0-0
42d4e1-42d4e3,14,1,7901,,WRITE:0-0
42d4e4-42d4f1,29,4,85f366baf856890fe801000000,m,WRITE:42d543-42d5af
42d4f2-42d4fa,29,2,83c404e901000000,,WRITE:0-0
42d4fb-42d506,29,2,81f50a0da4d3e801000000,,WRITE:0-0
42d507-42d50f,29,2,83c404e907000000,,WRITE:0-0
42d516-42d51e,29,2,81c7040000007a03,,WRITE:0-0
42d51e-42d520,14,1,7b01,,WRITE:0-0
42d521-42d52d,29,4,87d6f983e8010f8576ffffff,,WRITE:0-0
42d52d-42d532,1,1,e801000000,,WRITE:0-0
42d533-42d538,2,2,83042406c3,,WRITE:0-0
42d538-42d53d,1,1,e906000000,,WRITE:0-0
42d543-42d548,1,1,e8b8dbffff,,WRITE:0-0
42d548-42d55b,2,6,c68598334100c38db54ef8400056ad0bc07449,,WRITE:0-0
42d5a4-42d5b2,2,4,5e68307500006a40ff95fffc4000,,WRITE:0-0
42d5b2-42d5be,2,3,89854af8400060e800000000,,WRITE:0-0
42d5be-42d5d9,2,9,5e83ee06b97500000029cebac67917f4c1e90283e90283f9007c1a,,WRITE:0-0
42d5d4-42d5d9,29,2,83f9007c1a,,WRITE:0-0
42d5d9-42d5f3,29,9,8b048e8b5c8e042bc3c1c81333c281f20a0da4d389048e49ebe1,m,WRITE:42d5af-42d543
42d5f3-42d5fa,2,3,6161e8f7240000,,WRITE:0-0
42d5fb-42d600,1,1,e800dbffff,,WRITE:0-0
42d600-42d61d,2,9,8d8583fb40008bd850508b85208541000fb60083e8333d990000007410,,WRITE:0-0
42d61d-42d628,2,6,9090909058ff9520854100,,WRITE:0-0
42d628-42d62a,1,1,eb17,,WRITE:0-0
42d641-42d645,2,2,0bc0753d,,WRITE:0-0
42d682-42d699,2,5,8bd8898512204000b890fb4000bafffc4000e891daffff,,WRITE:0-0
42d699-42d6a8,2,3,b89cfb4000ba03fd4000e882daffff,,WRITE:0-0
42d6a8-42d6b7,2,3,b8a7fb4000ba17fd4000e873daffff,,WRITE:0-0
42d6b7-42d6c6,2,3,b8bbfb4000ba1bfd4000e864daffff,,WRITE:0-0
42d6c6-42d6d5,2,3,b8d4fb4000ba1ffd4000e855daffff,,WRITE:0-0
42d6d5-42d6e4,2,3,b8e3fb4000ba23fd4000e846daffff,,WRITE:0-0
42d6e4-42d6f3,2,3,b8f1fb4000ba27fd4000e837daffff,,WRITE:0-0
42d6f3-42d702,2,3,b8fdfb4000ba2bfd4000e828daffff,,WRITE:0-0
42d702-42d711,2,3,b809fc4000ba2ffd4000e819daffff,,WRITE:0-0
42d711-42d720,2,3,b81afc4000ba47fd4000e80adaffff,,WRITE:0-0
42d720-42d72f,2,3,b82cfc4000ba4bfd4000e8fbd9ffff,,WRITE:0-0
42d72f-42d73e,2,3,b838fc4000ba4ffd4000e8ecd9ffff,,WRITE:0-0
42d73e-42d74d,2,3,b841fc4000ba53fd4000e8ddd9ffff,,WRITE:0-0
42d74d-42d75c,2,3,b84bfc4000ba57fd4000e8ced9ffff,,WRITE:0-0
42d75c-42d76b,2,3,b857fc4000ba5bfd4000e8bfd9ffff,,WRITE:0-0
42d76b-42d77a,2,3,b864fc4000ba5ffd4000e8b0d9ffff,,WRITE:0-0
42d77a-42d789,2,3,b87dfc4000ba67fd4000e8a1d9ffff,,WRITE:0-0
42d789-42d798,2,3,b88efc4000ba6bfd4000e892d9ffff,,WRITE:0-0
42d798-42d7a7,2,3,b89ffc4000ba6ffd4000e883d9ffff,,WRITE:0-0
42d7a7-42d7b6,2,3,b8a7fd4000baa3fd4000e874d9ffff,,WRITE:0-0
42d7b6-42d7c5,2,3,b8d7fd4000ba73fd4000e865d9ffff,,WRITE:0-0
42d7c5-42d7d4,2,3,b8eafd4000ba77fd4000e856d9ffff,,WRITE:0-0
42d7d4-42d7f1,2,9,8d85b0fc40008bd850508b85208541000fb60083e8333d990000007410,,WRITE:0-0
42d7f1-42d7fc,2,6,9090909058ff9520854100,,WRITE:0-0
42d7fc-42d7fe,1,1,eb17,,WRITE:0-0
42d815-42d819,2,2,0bc0753d,,WRITE:0-0
42d856-42d86d,2,5,8bd8898516204000b8bbfc4000ba07fd4000e8bdd8ffff,,WRITE:0-0
42d86d-42d87c,2,3,b8c7fc4000ba0bfd4000e8aed8ffff,,WRITE:0-0
42d87c-42d88b,2,3,b8d6fc4000ba0ffd4000e89fd8ffff,,WRITE:0-0
42d88b-42d89a,2,3,b8e4fc4000ba13fd4000e890d8ffff,,WRITE:0-0
42d89a-42d8a9,2,3,b8bafd4000bab6fd4000e881d8ffff,,WRITE:0-0
42d8a9-42d8b8,2,3,b8c8fd4000bac4fd4000e872d8ffff,,WRITE:0-0
42d8b8-42d8cb,2,371,8dbd83fb40008d8df1fc40002bcf33c0f3aac3,m,WRITE:429b83-429cf0
42dd39-42dd3e,882,3,60d3e6eb01,,WRITE:0-0
42dd3f-42dd48,2,3,668bf550e801000000,,WRITE:0-0
42dd49-42dd50,2,4,83c4045848eb01,,WRITE:0-0
42dd51-42dd53,1,1,7a01,,WRITE:0-0
42dd54-42dd5a,2,2,50e801000000,,WRITE:0-0
42dd5b-42dd65,2,4,83c40458fce801000000,,WRITE:0-0
42dd66-42dd6b,2,2,83042406c3,,WRITE:0-0
42dd6b-42dd72,2,2,d3cae801000000,,WRITE:0-0
42dd73-42dd78,2,2,83042406c3,,WRITE:0-0
42dd78-42dd80,2,3,87c250e801000000,,WRITE:0-0
42dd81-42dd89,2,4,83c4045887c6eb01,,WRITE:0-0
42dd8a-42dd90,2,2,fce801000000,,WRITE:0-0
42dd91-42dd97,2,3,83c404f9eb01,,WRITE:0-0
42dd98-42dda0,2,2,662bf5e801000000,,WRITE:0-0
42dda1-42dda6,2,2,83c4047804,,WRITE:0-0
42dda6-42ddaf,2,2,66c1c8fbe801000000,,WRITE:0-0
42ddb0-42ddbe,2,3,83c40481ee4ef01ad0e801000000,,WRITE:0-0
42ddbf-42ddc4,2,2,83c4047201,,WRITE:0-0
42ddc4-42ddca,2,2,42e801000000,,WRITE:0-0
42ddcb-42ddd0,2,2,83c4047204,,WRITE:0-0
42ddd0-42ddd9,2,2,66c1d886e801000000,,WRITE:0-0
42ddda-42dde4,2,3,83c40487d6e800000000,,WRITE:0-0
42dde4-42ddec,2,4,5d8bc53b451a7c06,,WRITE:0-0
42ddec-42ddf4,2,3,03451a89451aeb01,,WRITE:0-0
42ddf5-42ddfa,1,1,e903000000,,WRITE:0-0
42ddfd-42de0a,2,4,68e4de420087d65be801000000,,WRITE:0-0
42de0b-42de1f,2,5,83c40466c1e2b881d284d0c6de68af7701797104,,WRITE:0-0
42de23-42de29,2,2,5de801000000,,WRITE:0-0
42de2a-42de2f,2,2,83042406c3,,WRITE:0-0
42de2f-42de43,2,6,f9bfd712411dd3c281ef5412411d50e801000000,,WRITE:0-0
42de44-42de4e,2,3,83c404580f8903000000,,WRITE:0-0
42de51-42de58,2,3,c1c00a8b0b7803,,WRITE:0-0
42de54-42de58,131,2,8b0b7803,,WRITE:0-0
42de58-42de5a,131,1,7901,,WRITE:0-0
42de5b-42de5d,131,1,7301,,WRITE:0-0
42de5d-42de64,2,4,4087c62bcdeb01,,WRITE:0-0
42de5e-42de64,131,3,87c62bcdeb01,,WRITE:0-0
42de65-42de6f,132,3,1bd5c1c112e801000000,,WRITE:0-0
42de70-42de75,132,2,83042406c3,,WRITE:0-0
42de75-42de77,131,1,7703,,WRITE:0-0
42de7a-42de8a,132,6,85f283c3042b0b83c3fc50e801000000,,WRITE:0-0
42de8b-42de94,132,5,83c404584a890b7803,m,WRITE:42dee4-42e0ec
42de94-42de96,66,1,7901,,WRITE:0-0
42de97-42de99,131,1,7201,,WRITE:0-0
42de99-42dea8,132,5,4e85d681c5ef9282bc50e801000000,,WRITE:0-0
42dea9-42deb6,132,5,83c404584881ebfcffffff7203,,WRITE:0-0
42deb9-42debe,131,1,e907000000,,WRITE:0-0
42dec5-42dece,132,2,83ef010f8586ffffff,,WRITE:0-0
42dece-42ded0,1,1,7203,,WRITE:0-0
42ded0-42ded2,1,1,7301,,WRITE:0-0
42ded3-42ded8,1,1,e90c000000,,WRITE:0-0
42dee4-42dee9,1,1,e817d2ffff,,WRITE:0-0
42dee9-42def2,2,2,80bda5524100c37409,,WRITE:0-0
42def2-42defb,2,5,90909090e8aa130000,,WRITE:0-0
42defb-42df11,2,3,66c7852cf54000000083bd4f814100000f84e5010000,,WRITE:0-0
42e0f6-42e0fc,2,2,60e800000000,,WRITE:0-0
42e0fc-42e117,2,9,5e83ee06b91202000029ceba0d155033c1e90283e90283f9007c1a,,WRITE:0-0
42e112-42e117,132,2,83f9007c1a,,WRITE:0-0
42e117-42e131,132,9,8b048e8b5c8e0403c3c1c81203c281eaef9282bc89048e49ebe1,m,WRITE:42e0ec-42dee4
42e131-42e13e,2,7,6185ca85d3fc4b49e801000000,,WRITE:0-0
42e13f-42e14d,2,4,83c4046681c9c70c50e801000000,,WRITE:0-0
42e14e-42e156,2,4,83c4045887d17403,,WRITE:0-0
42e156-42e158,1,1,7501,,WRITE:0-0
42e159-42e15c,2,2,f97803,,WRITE:0-0
42e15c-42e15e,1,1,7901,,WRITE:0-0
42e15f-42e166,2,2,03d0e801000000,,WRITE:0-0
42e167-42e16c,2,2,83042406c3,,WRITE:0-0
42e16c-42e172,1,1,0f8b03000000,,WRITE:0-0
42e172-42e177,2,2,c1e2a2eb01,,WRITE:0-0
42e178-42e17d,2,2,662bdfeb01,,WRITE:0-0
42e17e-42e184,1,1,0f8502000000,,WRITE:0-0
42e186-42e18c,2,2,50e801000000,,WRITE:0-0
42e18d-42e198,2,4,83c404586681f3bc76eb01,,WRITE:0-0
42e199-42e19b,1,1,7205,,WRITE:0-0
42e19b-42e1a2,2,2,b970dc1af6eb01,,WRITE:0-0
42e1a3-42e1a5,1,1,7002,,WRITE:0-0
42e1a5-42e1a9,2,2,13d0eb01,,WRITE:0-0
42e1aa-42e1b0,2,2,41e801000000,,WRITE:0-0
42e1b1-42e1be,2,4,83c40466c1dbcc50e801000000,,WRITE:0-0
42e1bf-42e1c9,2,4,83c40458f9e800000000,,WRITE:0-0
42e1c9-42e1d1,2,4,5d8bc53b451a7c06,,WRITE:0-0
42e1d1-42e1dc,2,3,03451a89451ae801000000,,WRITE:0-0
42e1dd-42e1e9,2,4,83c4042bd868dce242007101,,WRITE:0-0
42e1ea-42e1f1,2,3,5f50e801000000,,WRITE:0-0
42e1f2-42e20b,2,7,83c40458662bdebd7367761c85ca81f50a1105dbe801000000,,WRITE:0-0
42e20c-42e211,2,2,83042406c3,,WRITE:0-0
42e211-42e216,1,1,e907000000,,WRITE:0-0
42e21d-42e23a,2,5,813529b8410078c55b75b856b496f166d3e381f0d6b496f1e801000000,m,WRITE:41b829-0
42e23b-42e240,2,2,83042406c3,,WRITE:0-0
42e240-42e249,2,3,85ca8b37e801000000,,WRITE:0-0
42e242-42e249,128,2,8b37e801000000,,WRITE:0-0
42e24a-42e24f,129,2,83042406c3,,WRITE:0-0
42e24f-42e255,129,3,03d003f5eb01,,WRITE:0-0
42e256-42e25b,128,1,e901000000,,WRITE:0-0
42e25c-42e261,129,2,c1ce017803,,WRITE:0-0
42e261-42e263,68,1,7901,,WRITE:0-0
42e264-42e269,128,1,e903000000,,WRITE:0-0
42e26c-42e27c,129,5,548f05c5ba410003770450e801000000,m,WRITE:41bac5-41bac5
42e27d-42e28b,129,6,83c40458ba32d771974a89377203,m,WRITE:42e2dc-42e4d8
42e28b-42e28d,128,1,7301,,WRITE:0-0
42e28e-42e293,128,1,e902000000,,WRITE:0-0
42e295-42e2a0,129,2,81ed36a05cb0e801000000,,WRITE:0-0
42e2a1-42e2a9,129,2,83c404e907000000,,WRITE:0-0
42e2b0-42e2bb,129,2,81effcffffffe801000000,,WRITE:0-0
42e2bc-42e2cc,129,5,83c4046681d9fb1ef9480f8576ffffff,,WRITE:0-0
42e2cc-42e2ce,1,1,eb01,,WRITE:0-0
42e2cf-42e2d4,1,1,e908000000,,WRITE:0-0
42e2dc-42e2e1,1,1,e81fceffff,,WRITE:0-0
42e2e1-42e2f0,2,2,6681bd2cf5400000ff0f84ac000000,,WRITE:0-0
42e2f0-42e2fb,2,2,6681bd2cf5400001ff7439,,WRITE:0-0
42e2fb-42e30a,2,6,909090906681bd2cf5400002ff7453,,WRITE:0-0
42e30a-42e313,2,5,90909090e989000000,,WRITE:0-0
42e39c-42e3a9,2,2,80bd0d444100000f841b010000,,WRITE:0-0
42e4c4-42e4cd,2,2,80bd6cf7400001740c,,WRITE:0-0
42e4cd-42e4e6,2,15,909090909090909090909090c685393d4100c360e800000000,,WRITE:0-0
42e4e6-42e501,2,9,5e83ee06b90402000029cebaaffb7f49c1e90283e90283f9007c1a,,WRITE:0-0
42e4fc-42e501,129,2,83f9007c1a,,WRITE:0-0
42e501-42e51b,129,9,8b048e8b5c8e042bc3c1c0012bc281c236a05cb089048e49ebe1,m,WRITE:42e4d8-42e2dc
42e51b-42e522,2,3,6161e84c050000,,WRITE:0-0
42ea6e-42ea71,2,2,60eb04,,WRITE:0-0
42ea75-42ea7c,2,4,496613ca47eb01,,WRITE:0-0
42ea7d-42ea80,2,2,fceb01,,WRITE:0-0
42ea81-42ea83,1,1,7302,,WRITE:0-0
42ea83-42ea87,2,2,85caeb01,,WRITE:0-0
42ea88-42ea8f,2,2,baa6285de1eb01,,WRITE:0-0
42ea90-42ea99,2,2,66ba8552e801000000,,WRITE:0-0
42ea9a-42ea9f,2,2,83c4047606,,WRITE:0-0
42ea9f-42eaaa,2,2,81f2960699fee801000000,,WRITE:0-0
42eaab-42eab5,2,3,83c4048bf9e801000000,,WRITE:0-0
42eab6-42eac0,2,3,83c40423f9e801000000,,WRITE:0-0
42eac1-42eacb,2,3,83c40485d7e801000000,,WRITE:0-0
42eacc-42ead1,2,2,83042406c3,,WRITE:0-0
42ead1-42eada,2,2,66c1fa09e801000000,,WRITE:0-0
42eadb-42eae0,2,2,83042406c3,,WRITE:0-0
42eae0-42eae3,2,2,477403,,WRITE:0-0
42eae3-42eae5,1,1,7501,,WRITE:0-0
42eae6-42eaed,2,2,d3d9e801000000,,WRITE:0-0
42eaee-42eaf9,2,4,83c4048bc850e801000000,,WRITE:0-0
42eafa-42eb02,2,4,83c4045885d17e03,,WRITE:0-0
42eb02-42eb04,1,1,7f01,,WRITE:0-0
42eb05-42eb0b,1,1,0f8402000000,,WRITE:0-0
42eb0b-42eb12,2,2,85d7e800000000,,WRITE:0-0
42eb12-42eb1a,2,4,5d8bc53b45167c06,,WRITE:0-0
42eb1a-42eb22,2,3,0345168945167803,,WRITE:0-0
42eb22-42eb24,1,1,7901,,WRITE:0-0
42eb25-42eb34,2,5,87d7681fec4200d3e758e801000000,,WRITE:0-0
42eb35-42eb54,2,8,83c4044987cf811d45b941006e21a4e8beb39a7a2b85f981c6dc1f14827603,m,WRITE:41b945-0
42eb54-42eb56,1,1,7701,,WRITE:0-0
42eb57-42eb59,1,1,7301,,WRITE:0-0
42eb5a-42eb60,1,1,0f8503000000,,WRITE:0-0
42eb63-42eb76,2,4,bd0c945ff2c1e7c681c5e06ca00de801000000,,WRITE:0-0
42eb77-42eb87,2,5,83c40481f237a2f88c661bfb8b187403,,WRITE:0-0
42eb83-42eb87,236,2,8b187403,,WRITE:0-0
42eb87-42eb89,236,1,7501,,WRITE:0-0
42eb8a-42eb96,237,3,6681dfaf982bdee801000000,,WRITE:0-0
42eb97-42eb9c,237,2,83042406c3,,WRITE:0-0
42eb9c-42eba1,236,1,e907000000,,WRITE:0-0
42eba8-42ebb7,237,3,811da5b9410056b6257bc1c318eb01,m,WRITE:41b9a5-41b9a5
42ebb8-42ebbf,237,3,03ce2b58047403,,WRITE:0-0
42ebbf-42ebc1,231,1,7501,,WRITE:0-0
42ebc2-42ebc7,236,1,e90c000000,,WRITE:0-0
42ebd3-42ebd7,237,2,8918eb01,m,WRITE:42ec1f-42efcb
42ebd8-42ebdd,236,1,e905000000,,WRITE:0-0
42ebe2-42ebea,237,2,81eec2bb6f267e03,,WRITE:0-0
42ebea-42ebec,83,1,7f01,,WRITE:0-0
42ebed-42ebf2,236,1,e902000000,,WRITE:0-0
42ebf4-42ebfc,237,2,81c004000000eb01,,WRITE:0-0
42ebfd-42ec09,237,3,661bfd83ed010f857affffff,,WRITE:0-0
42ec09-42ec0f,2,2,50e801000000,,WRITE:0-0
42ec10-42ec19,2,3,83c40458e906000000,,WRITE:0-0
42ec1f-42ec24,1,1,e8dcc4ffff,,WRITE:0-0
42ec24-42ec46,2,5,c6856e4a4100c3c6856df7400000c685744a41000080bd6cf74000010f848d030000,,WRITE:0-0
42ec46-42ec54,2,3,8a85634c41000ac00f847f030000,,WRITE:0-0
42efd3-42efd9,2,2,60e800000000,,WRITE:0-0
42efd9-42eff4,2,9,5e83ee06b9b403000029ceba795ffd64c1e90283e90283f9007c1a,,WRITE:0-0
42efef-42eff4,237,2,83f9007c1a,,WRITE:0-0
42eff4-42f00e,237,9,8b048e8b5c8e0403c3c1c81803c281c2c2bb6f2689048e49ebe1,m,WRITE:42efcb-42ec1f
42f00e-42f013,2,4,614d4deb01,,WRITE:0-0
42f014-42f01c,2,2,81c5667367cfeb01,,WRITE:0-0
42f01d-42f020,2,2,4e7e03,,WRITE:0-0
42f020-42f022,1,1,7f01,,WRITE:0-0
42f023-42f02a,2,3,4650e801000000,,WRITE:0-0
42f02b-42f033,2,4,83c4045887d6eb01,,WRITE:0-0
42f034-42f03e,2,3,66c1ed0250e801000000,,WRITE:0-0
42f03f-42f04c,2,5,83c4045866d3ea50e801000000,,WRITE:0-0
42f04d-42f05a,2,4,83c4045866c1d2c9e801000000,,WRITE:0-0
42f05b-42f060,2,2,83042406c3,,WRITE:0-0
42f060-42f062,1,1,7405,,WRITE:0-0
42f062-42f069,2,2,bab497fe667203,,WRITE:0-0
42f069-42f06b,1,1,7301,,WRITE:0-0
42f06c-42f06f,2,2,46eb01,,WRITE:0-0
42f070-42f077,2,2,6681cef0bb7a03,,WRITE:0-0
42f077-42f079,1,1,7b01,,WRITE:0-0
42f07a-42f07c,1,1,7602,,WRITE:0-0
42f07c-42f080,2,2,85eeeb01,,WRITE:0-0
42f081-42f08b,2,2,be320905ace801000000,,WRITE:0-0
42f08c-42f097,2,3,83c404c1ea1de800000000,,WRITE:0-0
42f097-42f09f,2,4,5d8bc53b45217c06,,WRITE:0-0
42f09f-42f0a7,2,3,034521894521eb01,,WRITE:0-0
42f0a8-42f0be,2,6,66c1cd5f66bac04d578f056dba410068b9f142007102,m,WRITE:41ba6d-0
42f0c0-42f0c3,2,2,58eb01,,WRITE:0-0
42f0c4-42f0c9,1,1,e905000000,,WRITE:0-0
42f0ce-42f0d5,2,2,b93054eed67e03,,WRITE:0-0
42f0d5-42f0d7,1,1,7f01,,WRITE:0-0
42f0d8-42f0de,1,1,0f8703000000,,WRITE:0-0
42f0de-42f0f6,2,6,c1c26bd3e6bf93f61677c1e6ea81c79609e988e801000000,,WRITE:0-0
42f0f7-42f0fc,2,2,83042406c3,,WRITE:0-0
42f0fc-42f101,1,1,e90b000000,,WRITE:0-0
42f10c-42f110,42,2,8b187803,,WRITE:0-0
42f110-42f112,41,1,7901,,WRITE:0-0
42f113-42f119,42,2,66c1fda57703,,WRITE:0-0
42f119-42f124,40,4,6613d633d950e801000000,,WRITE:0-0
42f11c-42f124,3,3,33d950e801000000,,WRITE:0-0
42f125-42f12e,42,3,83c40458e905000000,,WRITE:0-0
42f133-42f138,42,2,c1cb0eeb01,,WRITE:0-0
42f139-42f13e,41,1,e90a000000,,WRITE:0-0
42f148-42f152,42,4,83e8fc2b1883c0fc7803,,WRITE:0-0
42f152-42f154,41,1,7901,,WRITE:0-0
42f155-42f15a,41,1,e905000000,,WRITE:0-0
42f15f-42f166,42,2,8918e801000000,m,WRITE:42f1b9-42f259
42f167-42f16c,42,2,83042406c3,,WRITE:0-0
42f16c-42f178,42,3,fc81c1df32463be801000000,,WRITE:0-0
42f179-42f181,42,2,83c404e901000000,,WRITE:0-0
42f182-42f18d,42,2,81e8fcffffffe801000000,,WRITE:0-0
42f18e-42f193,42,2,83042406c3,,WRITE:0-0
42f193-42f198,41,1,e908000000,,WRITE:0-0
42f1a0-42f1a9,42,2,83c7ff0f8563ffffff,,WRITE:0-0
42f1a9-42f1ab,1,1,7603,,WRITE:0-0
42f1ae-42f1be,2,3,4e810df5b84100b20bba0ae842bfffff,m,WRITE:41b8f5-0
42f1be-42f1cb,2,2,80bd744a4100000f8497000000,,WRITE:0-0
42f262-42f268,2,2,60e800000000,,WRITE:0-0
42f268-42f283,2,9,5e83ee06b9a900000029ceba0847e619c1e90283e90283f9007c1a,,WRITE:0-0
42f27e-42f283,42,2,83f9007c1a,,WRITE:0-0
42f283-42f29d,42,9,8b048e8b5c8e0403c3c1c00e33c281eadf32463b89048e49ebe1,m,WRITE:42f259-42f1b9
42f29d-42f2a0,2,3,6161c3,,WRITE:0-0
42f2a5-42f2ac,423,6,60fc4842f8eb01,,WRITE:0-0
42f2ad-42f2b4,2,2,85eae801000000,,WRITE:0-0
42f2b5-42f2ba,2,2,83c4047901,,WRITE:0-0
42f2bb-42f2c0,1,1,e801000000,,WRITE:0-0
42f2c1-42f2c6,2,2,83042406c3,,WRITE:0-0
42f2c6-42f2d0,2,2,6681e51816e801000000,,WRITE:0-0
42f2d1-42f2d6,2,2,83042406c3,,WRITE:0-0
42f2d6-42f2d9,2,2,f8eb01,,WRITE:0-0
42f2da-42f2e3,2,2,66c1fde3e801000000,,WRITE:0-0
42f2e4-42f2e9,2,2,83042406c3,,WRITE:0-0
42f2e9-42f2f3,2,2,ba6a711844e801000000,,WRITE:0-0
42f2f4-42f2fd,2,2,83c4040f8c04000000,,WRITE:0-0
42f2fd-42f307,2,3,66c1dab450e801000000,,WRITE:0-0
42f308-42f312,2,4,83c40458f8e801000000,,WRITE:0-0
42f313-42f318,2,2,83042406c3,,WRITE:0-0
42f318-42f31a,1,1,7601,,WRITE:0-0
42f31a-42f31d,2,2,407403,,WRITE:0-0
42f31d-42f31f,1,1,7501,,WRITE:0-0
42f320-42f327,2,2,6681ed579f7e03,,WRITE:0-0
42f327-42f329,1,1,7f01,,WRITE:0-0
42f32a-42f32c,1,1,7901,,WRITE:0-0
42f32d-42f332,1,1,e800000000,,WRITE:0-0
42f332-42f33a,2,4,5d8bc53b45277c06,,WRITE:0-0
42f33a-42f346,2,4,03452789452750e801000000,,WRITE:0-0
42f347-42f364,2,8,83c40458c1c8b7812589ba4100a0b32d266850f442004d59e801000000,m,WRITE:41ba89-0
42f365-42f36d,2,2,83c404e90c000000,,WRITE:0-0
42f379-42f383,2,2,bf4d89677be801000000,,WRITE:0-0
42f384-42f389,2,2,83042406c3,,WRITE:0-0
42f389-42f38e,1,1,e905000000,,WRITE:0-0
42f393-42f3a2,2,4,bec84cb34103ef81ee2d4cb3417c03,,WRITE:0-0
42f3a2-42f3a4,1,1,7d01,,WRITE:0-0
42f3a5-42f3a9,2,2,8bea7401,,WRITE:0-0
42f3a9-42f3b2,2,4,488b1950e801000000,,WRITE:0-0
42f3aa-42f3b2,155,3,8b1950e801000000,,WRITE:0-0
42f3b3-42f3bc,156,3,83c40458e904000000,,WRITE:0-0
42f3c0-42f3c8,156,3,03df50e801000000,,WRITE:0-0
42f3c9-42f3d8,156,6,83c4045887d540c1c305e801000000,,WRITE:0-0
42f3d9-42f3de,156,2,83042406c3,,WRITE:0-0
42f3de-42f3eb,156,5,c1dd5f83e9fc031983e9047e03,,WRITE:0-0
42f3eb-42f3ed,155,1,7f01,,WRITE:0-0
42f3ee-42f3f3,155,1,e902000000,,WRITE:0-0
42f3f5-42f3fc,156,2,8919e801000000,m,WRITE:42f450-42f6b8
42f3fd-42f402,156,2,83042406c3,,WRITE:0-0
42f402-42f407,155,1,e903000000,,WRITE:0-0
42f40a-42f416,156,3,81f75b49a4ac50e801000000,,WRITE:0-0
42f417-42f41d,156,3,83c404587103,,WRITE:0-0
42f420-42f42a,156,3,8bd081e9fcffffffeb01,,WRITE:0-0
42f42b-42f438,156,4,48660bef83c6ff0f8572ffffff,,WRITE:0-0
42f438-42f43d,1,1,e801000000,,WRITE:0-0
42f43e-42f443,2,2,83c4047002,,WRITE:0-0
42f443-42f455,2,4,8bc345811545b8410084f584cee8abbcffff,m,WRITE:41b845-0
42f455-42f48c,2,10,c685a5524100c3c7850bf940000010400001ad0bf9400083850bf94000108b9546f840008bb507f9400003f28b460c0bc00f8425020000,a,WRITE:0-0
42f481-42f48c,2,3,8b460c0bc00f8425020000,a,WRITE:0-0
42f48c-42f4a5,2,13,83660c0003c28bd85657508bf38bfbacc0c003aa803f0075f6,anm,WRITE:4182c8-41851e
42f49b-42f4a5,12,5,acc0c003aa803f0075f6,am,WRITE:41851f-418529
42f4a5-42f4af,2,5,585f5e50ff9520854100,,WRITE:0-0
42f4af-42f4b3,2,2,0bc07543,,WRITE:0-0
42f4f6-42f500,2,6,602bc0880343380375f9,am,WRITE:41851e-0
42f4f9-42f500,12,4,880343380375f9,am,WRITE:41851f-418529
42f500-42f51d,2,7,6189853ef84000c78542f84000000000008b9546f840008b060bc07507,a,WRITE:0-0
42f511-42f51d,67,4,8b9546f840008b060bc07507,a,WRITE:0-0
42f524-42f541,68,8,03c2038542f840008b188b7e1003fa03bd42f8400085db0f8462010000,a,WRITE:0-0
42f541-42f549,67,2,f7c300000080751d,,WRITE:0-0
42f549-42f563,67,16,9090909003da83c3025657508bf38bfbacc0c003aa803f0075f6,am,WRITE:4183f2-4188ba
42f559-42f563,933,5,acc0c003aa803f0075f6,am,WRITE:4183f3-4188c6
42f563-42f56e,67,5,585f5e3b9d46f840007c11,,WRITE:0-0
42f56e-42f57b,67,6,9090909083bd1a20400000750a,,WRITE:0-0
42f57b-42f592,67,8,9090909081e3ffffff0f53ffb53ef84000ff951c854100,,WRITE:0-0
42f592-42f59a,67,2,3b9d46f840007c0f,,WRITE:0-0
42f59a-42f5a8,67,10,90909090602bc0880343380375f9,am,WRITE:4183f2-4188ba
42f5a1-42f5a8,933,4,880343380375f9,am,WRITE:4183f3-4188c6
42f5a8-42f5b1,67,3,610bc00f8415ffffff,,WRITE:0-0
42f5b1-42f5b9,67,2,3b852c8541007420,,WRITE:0-0
42f5b9-42f5c5,67,6,909090903b85c4fd40007409,,WRITE:0-0
42f5c5-42f5cb,67,5,90909090eb14,,WRITE:0-0
42f5df-42f5ef,67,5,56ffb53ef840005e39b5122040007415,,WRITE:0-0
42f604-42f60d,67,2,80bd16564100007457,,WRITE:0-0
42f664-42f681,67,266,5e608bd02bbd46f840008bc7b9010100008dbdebec4000f2af0bc97413,,WRITE:0-0
42f694-42f6a3,67,4,618907838542f8400004e96efeffff,anm,WRITE:412000-412104
42f6a3-42f6b1,2,3,83c6148b9546f84000e9d0fdffff,,WRITE:0-0
42f6b1-42f6c6,2,261,8dbdebec400033c0b900010000f3ab60e800000000,m,WRITE:428ceb-4290e7
42f6c6-42f6e1,2,9,5e83ee06b97002000029ceba4d89677bc1e90283e90283f9007c1a,,WRITE:0-0
42f6dc-42f6e1,156,2,83f9007c1a,,WRITE:0-0
42f6e1-42f6fb,156,9,8b048e8b5c8e042bc3c1c8052bc281f25b49a4ac89048e49ebe1,m,WRITE:42f6b8-42f450
42f6fb-42f702,2,3,6161e8d9d9ffff,,WRITE:0-0
42fa37-42fa3d,2,2,60e8c3b6ffff,,WRITE:0-0
42fa3d-42fa67,2,6,c7850757410000000000b9000000008db53d1b40008dbdcd1c4000c7850b57410064000000e845000000,,WRITE:0-0
42fa67-42fa87,2,5,b9000000008db5d0f440008dbdfcf44000c7850b5741000b000000e825000000,,WRITE:0-0
42fa87-42faa7,2,5,b9000000008db5175741008dbda7584100c7850b57410064000000e805000000,,WRITE:0-0
42faa7-42faa9,1,1,eb46,,WRITE:0-0
42faac-42fab4,4,2,3b8d0b574100743a,,WRITE:0-0
42fab4-42fac2,4,8,909090908b048e8b1c8f0bc0742c,,WRITE:0-0
42faef-42faf1,2,2,61c3,,WRITE:0-0
42faf1-42faf4,2,2,60eb1d,,WRITE:0-0
42fb11-42fb16,1,1,e8eab5ffff,,WRITE:0-0
42fb16-42fb25,2,3,8b5424202b9546f84000e812ffffff,,WRITE:0-0
42fb25-42fb3f,2,5,ffb5075741008f85035741008b85f75a41000bc00f84e4000000,,WRITE:0-0
42fc23-42fc25,2,2,61c3,,WRITE:0-0
42fc48-42fc4b,2,2,60eb01,,WRITE:0-0
42fc4c-42fc56,2,2,6681e11af7e801000000,,WRITE:0-0
42fc57-42fc62,2,3,83c404c1c133e801000000,,WRITE:0-0
42fc63-42fc6b,2,3,83c40466d3d77a03,,WRITE:0-0
42fc6e-42fc75,2,3,4950e801000000,,WRITE:0-0
42fc76-42fc86,2,5,83c4045881cfce8277a550e801000000,,WRITE:0-0
42fc87-42fc90,2,4,83c40458668bd9eb01,,WRITE:0-0
42fc91-42fc9c,2,2,81e94944da37e801000000,,WRITE:0-0
42fc9d-42fca2,2,2,83042406c3,,WRITE:0-0
42fca2-42fca9,2,2,23dde801000000,,WRITE:0-0
42fcaa-42fcaf,2,2,83042406c3,,WRITE:0-0
42fcaf-42fcb7,2,2,c1c948e801000000,,WRITE:0-0
42fcb8-42fcc2,2,4,83c4044f50e801000000,,WRITE:0-0
42fcc3-42fccb,2,4,83c4045887cbeb01,,WRITE:0-0
42fccc-42fcd4,2,2,662bcee800000000,,WRITE:0-0
42fcd4-42fcdc,2,4,5d8bc53b45227c06,,WRITE:0-0
42fcdc-42fce8,2,4,03452289452250e801000000,,WRITE:0-0
42fce9-42fcef,2,3,83c404587a03,,WRITE:0-0
42fcef-42fcff,2,6,668bcf6613c868f3fd4200d3ef5e7203,,WRITE:0-0
42fd02-42fd10,2,4,87fbbbff828a13bab1ea92277803,,WRITE:0-0
42fd10-42fd1f,2,4,668bc881c23f42ea8650e801000000,,WRITE:0-0
42fd20-42fd3d,2,8,83c4045881c147b1940ab8e9e149dcd3e781c01f1eb62350e801000000,,WRITE:0-0
42fd3e-42fd48,2,3,83c404580f8203000000,,WRITE:0-0
42fd48-42fd4d,2,2,6633f87004,,WRITE:0-0
42fd4d-42fd55,2,3,66c1e99f8b2e7e03,,WRITE:0-0
42fd51-42fd55,8,2,8b2e7e03,,WRITE:0-0
42fd55-42fd57,7,1,7f01,,WRITE:0-0
42fd58-42fd5d,8,1,e908000000,,WRITE:0-0
42fd65-42fd6d,9,3,2bea50e801000000,,WRITE:0-0
42fd6e-42fd78,9,3,83c404580f8b03000000,,WRITE:0-0
42fd7b-42fd85,9,4,f8c1c51b50e801000000,,WRITE:0-0
42fd86-42fd99,9,7,83c4045887f983c604332e83ee04e801000000,,WRITE:0-0
42fd9a-42fd9f,9,2,83042406c3,,WRITE:0-0
42fd9f-42fda4,8,1,e903000000,,WRITE:0-0
42fda7-42fdaf,9,3,892e50e801000000,m,WRITE:42fdf3-42fe0f
42fdb0-42fdb9,9,3,83c40458e902000000,,WRITE:0-0
42fdbb-42fdc6,9,2,81c29219bd7ee801000000,,WRITE:0-0
42fdc7-42fdcf,9,2,83c404e901000000,,WRITE:0-0
42fdd0-42fddb,9,2,81c604000000e801000000,,WRITE:0-0
42fddc-42fde1,9,2,83c4047a04,,WRITE:0-0
42fde5-42fdee,9,3,85fb480f8563ffffff,,WRITE:0-0
42fdee-42fdf0,1,1,eb01,,WRITE:0-0
42fdf1-42fdf8,2,3,f847e808b3ffff,,WRITE:0-0
42fdf8-42fe1e,2,13,8db51c8541008dbd33fd4000b905000000f3a58dbd43fd40008d854bfe4000ab60e800000000,m,WRITE:429d33-429d43
42fe1e-42fe39,2,9,5e83ee06b92500000029cebaeedfa825c1e90283e90283f9007c1a,,WRITE:0-0
42fe34-42fe39,9,2,83f9007c1a,,WRITE:0-0
42fe39-42fe53,9,9,8b048e8b5c8e0433c3c1c81b03c281ea9219bd7e89048e49ebe1,m,WRITE:42fe0f-42fdf3
42fe53-42fe56,2,3,6161c3,,WRITE:0-0
42fe56-42fe5e,2,4,60f8fce801000000,,WRITE:0-0
42fe5f-42fe64,2,2,83042406c3,,WRITE:0-0
42fe64-42fe68,2,2,87daeb01,,WRITE:0-0
42fe69-42fe6f,2,2,f8e801000000,,WRITE:0-0
42fe70-42fe7a,2,3,83c40485d8e801000000,,WRITE:0-0
42fe7b-42fe80,2,2,83042406c3,,WRITE:0-0
42fe80-42fe88,2,2,66d3e0e801000000,,WRITE:0-0
42fe89-42fe8f,2,3,83c4044aeb01,,WRITE:0-0
42fe90-42fe92,1,1,7701,,WRITE:0-0
42fe93-42fe95,1,1,7e03,,WRITE:0-0
42fe95-42fe97,1,1,7f01,,WRITE:0-0
42fe98-42fe9e,1,1,0f8401000000,,WRITE:0-0
42fe9e-42fea4,2,2,f9e801000000,,WRITE:0-0
42fea5-42feaa,2,2,83042406c3,,WRITE:0-0
42feaa-42feb1,2,3,4350e801000000,,WRITE:0-0
42feb2-42febe,2,5,83c404582bc150e801000000,,WRITE:0-0
42febf-42fec6,2,4,83c40458f97e03,,WRITE:0-0
42fec6-42fec8,1,1,7f01,,WRITE:0-0
42fec9-42fecf,1,1,0f8901000000,,WRITE:0-0
42fed0-42fed5,1,1,e801000000,,WRITE:0-0
42fed6-42fedb,2,2,83042406c3,,WRITE:0-0
42fedb-42fee3,2,2,66d3e0e800000000,,WRITE:0-0
42fee3-42feeb,2,4,5d8bc53b451a7c06,,WRITE:0-0
42feeb-42fef3,2,3,03451a89451aeb01,,WRITE:0-0
42fef4-42fefa,1,1,0f8902000000,,WRITE:0-0
42fefc-42ff0c,2,5,680100430066bbdadb5e50e801000000,,WRITE:0-0
42ff0d-42ff17,2,3,83c404580f8501000000,,WRITE:0-0
42ff18-42ff29,2,4,bde39518da4081edfb86b130e801000000,,WRITE:0-0
42ff2a-42ff32,2,2,83c404e904000000,,WRITE:0-0
42ff36-42ff4b,2,4,bf7cf55bf9bae8c36f1181c78d0aa406e801000000,,WRITE:0-0
42ff4c-42ff51,2,2,83042406c3,,WRITE:0-0
42ff51-42ff5c,2,3,66c1c3e08b0ee801000000,,WRITE:0-0
42ff55-42ff5c,9,2,8b0ee801000000,,WRITE:0-0
42ff5d-42ff62,10,2,83042406c3,,WRITE:0-0
42ff62-42ff6c,10,4,d3c34233cde801000000,,WRITE:0-0
42ff6d-42ff72,10,2,83042406c3,,WRITE:0-0
42ff72-42ff77,9,1,e903000000,,WRITE:0-0
42ff7a-42ff83,10,3,c1c11650e801000000,,WRITE:0-0
42ff84-42ff8c,10,4,83c4045887d07403,,WRITE:0-0
42ff8c-42ff99,10,5,c1d37283c604030e83c6fc7603,,WRITE:0-0
42ff9c-42ff9e,9,1,7902,,WRITE:0-0
42ffa0-42ffa6,9,1,0f8801000000,,WRITE:0-0
42ffa6-42ffae,10,3,4a890ee801000000,m,WRITE:430001-430021
42ffaf-42ffb4,10,2,83042406c3,,WRITE:0-0
42ffb4-42ffc1,10,3,d3fb81f56f9b2e75e801000000,,WRITE:0-0
42ffc2-42ffc7,10,2,83042406c3,,WRITE:0-0
42ffc7-42ffcc,9,1,e907000000,,WRITE:0-0
42ffd3-42ffdb,10,2,81c6040000007403,,WRITE:0-0
42ffdb-42ffdd,9,1,7501,,WRITE:0-0
42ffde-42ffe3,9,1,e905000000,,WRITE:0-0
42ffe8-42fff1,10,2,83ef010f8564ffffff,,WRITE:0-0
42fff1-42fff6,1,1,e801000000,,WRITE:0-0
42fff7-42ffff,2,2,83c404e902000000,,WRITE:0-0
430001-430006,1,1,e8fab0ffff,,WRITE:0-0
430006-43002c,2,12,b91c0000008db5fffc40008dbdef07410083c707b090aab8ff25000066ab8bc6ab83c604e2ee,m,WRITE:42a7f6-42a7f9
43001a-43002c,28,8,b090aab8ff25000066ab8bc6ab83c604e2ee,m,WRITE:42a7fd-42a8b6
43002c-430032,2,2,60e800000000,,WRITE:0-0
430032-43004d,2,9,5e83ee06b92b00000029cebae80e67a9c1e90283e90283f9007c1a,,WRITE:0-0
430048-43004d,10,2,83f9007c1a,,WRITE:0-0
43004d-430067,10,9,8b048e8b5c8e042bc3c1c81633c281f26f9b2e7589048e49ebe1,m,WRITE:430021-430001
430067-43006a,2,3,6161c3,,WRITE:0-0
43006a-430070,2,2,60e890b0ffff,,WRITE:0-0
430070-43007d,2,4,33d28bb4953d1b40000bf67431,,WRITE:0-0
4300ae-4300b0,2,2,61c3,,WRITE:0-0
4300b0-4300b6,2,5,60fc40fceb01,,WRITE:0-0
4300b7-4300bd,2,2,f9e801000000,,WRITE:0-0
4300be-4300c3,2,2,83042406c3,,WRITE:0-0
4300c3-4300c8,2,2,c1e31c7603,,WRITE:0-0
4300cb-4300ce,2,2,f87803,,WRITE:0-0
4300ce-4300d0,1,1,7901,,WRITE:0-0
4300d1-4300d7,1,1,0f8003000000,,WRITE:0-0
4300d7-4300e0,2,3,668bef50e801000000,,WRITE:0-0
4300e1-4300eb,2,4,83c4045848e801000000,,WRITE:0-0
4300ec-4300f1,2,2,83042406c3,,WRITE:0-0
4300f1-4300f5,2,2,87d87e03,,WRITE:0-0
4300f5-4300f7,1,1,7f01,,WRITE:0-0
4300f8-430100,2,2,66d3c3e801000000,,WRITE:0-0
430101-43010a,2,2,83c4040f8902000000,,WRITE:0-0
43010c-43010e,1,1,7e03,,WRITE:0-0
43010e-430110,1,1,7f01,,WRITE:0-0
430111-430113,1,1,7305,,WRITE:0-0
430118-43011d,1,1,e801000000,,WRITE:0-0
43011e-430123,2,2,83042406c3,,WRITE:0-0
430123-43012b,2,2,c1ed4ce801000000,,WRITE:0-0
43012c-430131,2,2,83042406c3,,WRITE:0-0
430131-430137,1,1,0f8a01000000,,WRITE:0-0
430137-43013d,2,2,40e801000000,,WRITE:0-0
43013e-430149,2,3,83c404668bebe801000000,,WRITE:0-0
43014a-43014f,2,2,83042406c3,,WRITE:0-0
43014f-430152,2,2,4d7403,,WRITE:0-0
430152-430154,1,1,7501,,WRITE:0-0
430155-43015d,2,2,66d3c3e800000000,,WRITE:0-0
43015d-430165,2,4,5d8bc53b45197c06,,WRITE:0-0
430165-43016d,2,3,0345198945197603,,WRITE:0-0
43016d-43016f,1,1,7701,,WRITE:0-0
430170-430180,2,4,bbb588725eb95b02430050e801000000,,WRITE:0-0
430181-43018e,2,4,83c404586603d90f8403000000,,WRITE:0-0
43018e-43019f,2,6,668bdf687c5614fb85dd5f50e801000000,,WRITE:0-0
4301a0-4301aa,2,3,83c404580f8c01000000,,WRITE:0-0
4301aa-4301be,2,6,fcbe85d72d8285c381ee7cd72d8250e801000000,,WRITE:0-0
4301bf-4301cd,2,6,83c4045887c38b1150e801000000,,WRITE:0-0
4301c5-4301cd,9,3,8b1150e801000000,,WRITE:0-0
4301ce-4301db,10,6,83c4045845f933d7e801000000,,WRITE:0-0
4301dc-4301e1,10,2,83042406c3,,WRITE:0-0
4301e1-4301ef,10,5,4566c1d34fc1ca0150e801000000,,WRITE:0-0
4301f0-4301fa,10,3,83c404580f8d01000000,,WRITE:0-0
4301fb-430204,10,3,33510450e801000000,,WRITE:0-0
430205-43020e,10,3,83c40458e903000000,,WRITE:0-0
430211-430218,10,2,8911e801000000,m,WRITE:43025b-43027b
430219-43021e,10,2,83042406c3,,WRITE:0-0
43021e-43022c,10,5,454881efe7fc7b5a50e801000000,,WRITE:0-0
43022d-43023a,10,5,83c404584883c104e801000000,,WRITE:0-0
43023b-430240,10,2,83042406c3,,WRITE:0-0
430240-43024a,10,3,c1dd2b4e0f857bffffff,,WRITE:0-0
43024a-43024c,1,1,7603,,WRITE:0-0
43024f-430254,1,1,e907000000,,WRITE:0-0
43025b-430260,1,1,e8a0aeffff,,WRITE:0-0
430260-43028a,2,13,8b8546f840008b703c03b546f8400083c628ad8ad802dcc1e81002d802dc889d1e20400060e800000000,,WRITE:0-0
43028a-4302a5,2,9,5e83ee06b92900000029ceba446f3427c1e90283e90283f9007c1a,,WRITE:0-0
4302a0-4302a5,10,2,83f9007c1a,,WRITE:0-0
4302a5-4302bf,10,9,8b048e8b5c8e0433c3c1c00133c281c2e7fc7b5a89048e49ebe1,m,WRITE:43027b-43025b
4302bf-4302c2,2,3,6161c3,,WRITE:0-0
4302c2-4302c7,1,1,e839aeffff,,WRITE:0-0
4302c7-4302cc,1,1,e800000000,,WRITE:0-0
4302cc-4302ea,2,6,5b2b9d0e20400081ebcc520100899d46f84000899d7bfd4000e8c6fdffff,,WRITE:0-0
4302ea-4302ef,1,1,e811aeffff,,WRITE:0-0
4302ef-4302f4,1,1,e8daa5ffff,,WRITE:0-0
4302f4-4302ff,2,2,8985d5084100e801aeffff,,WRITE:0-0
4302ff-43030b,2,2,c6856cf7400000e8f0d2ffff,,WRITE:0-0
43030b-430310,1,1,e838f9ffff,,WRITE:0-0
430310-430315,1,1,e8ebadffff,,WRITE:0-0
430315-430332,2,5,8b856b81410089857ffd40008b856f814100898583fd4000e866d0ffff,,WRITE:0-0
430332-430337,1,1,e81ffbffff,,WRITE:0-0
430337-43033c,1,1,e82efdffff,,WRITE:0-0
43033c-430344,2,4,668bef4b85eb7901,,WRITE:0-0
430345-430347,1,1,eb01,,WRITE:0-0
430348-43034d,2,2,668beeeb01,,WRITE:0-0
43034e-430351,2,2,fceb01,,WRITE:0-0
430352-430359,2,2,d3cde801000000,,WRITE:0-0
43035a-43035f,2,2,83042406c3,,WRITE:0-0
43035f-430365,1,1,0f8601000000,,WRITE:0-0
430365-430368,2,2,4eeb01,,WRITE:0-0
430369-430370,2,3,fc50e801000000,,WRITE:0-0
430371-43037c,2,5,83c40458f950e801000000,,WRITE:0-0
43037d-430389,2,4,83c4045866d3e6e801000000,,WRITE:0-0
43038a-43038f,2,2,83042406c3,,WRITE:0-0
43038f-430393,2,2,8beb7c03,,WRITE:0-0
430393-430395,1,1,7d01,,WRITE:0-0
430396-430398,1,1,7c05,,WRITE:0-0
430398-43039f,2,2,bba33c81567403,,WRITE:0-0
43039f-4303a1,1,1,7501,,WRITE:0-0
4303a2-4303a5,2,2,f87203,,WRITE:0-0
4303a5-4303a7,1,1,7301,,WRITE:0-0
4303a8-4303b0,2,2,c1c58ae801000000,,WRITE:0-0
4303b1-4303b6,2,2,83042406c3,,WRITE:0-0
4303b6-4303b9,2,2,4deb01,,WRITE:0-0
4303ba-4303bd,2,2,46eb01,,WRITE:0-0
4303be-4303c4,1,1,0f8001000000,,WRITE:0-0
4303c4-4303ca,2,2,45e801000000,,WRITE:0-0
4303cb-4303d0,2,2,83042406c3,,WRITE:0-0
4303d0-4303d2,1,1,7a01,,WRITE:0-0
4303d2-4303d5,2,2,4deb01,,WRITE:0-0
4303d6-4303dc,1,1,0f8a01000000,,WRITE:0-0
4303dc-4303e3,2,3,4650e801000000,,WRITE:0-0
4303e4-4303f1,2,4,83c4045866c1dd27e801000000,,WRITE:0-0
4303f2-4303fb,2,3,83c40466c1de357c01,,WRITE:0-0
4303fb-430408,2,5,f96825054300455fe801000000,,WRITE:0-0
430409-43040e,2,2,83042406c3,,WRITE:0-0
43040e-430413,1,1,e826d9ffff,,WRITE:0-0
430413-430418,1,1,e908000000,,WRITE:0-0
430420-430431,2,4,bad1e57038fc81f28ae658b6e801000000,,WRITE:0-0
430432-43043a,2,2,83c404e902000000,,WRITE:0-0
43043c-43044f,2,4,b8e857f1cd81de225bc6e381f0d257f1cd7803,,WRITE:0-0
43044f-430451,1,1,7901,,WRITE:0-0
430452-430457,1,1,e905000000,,WRITE:0-0
43045c-43046e,2,4,812d99b84100345162fc8b0f50e801000000,m,WRITE:41b899-0
430466-43046e,58,3,8b0f50e801000000,,WRITE:0-0
43046f-430478,59,3,83c40458e8c1d8ffff,,WRITE:0-0
430478-43047f,59,2,fc0f8a02000000,,WRITE:0-0
430481-43048f,59,4,528f05e5b8410033cae801000000,m,WRITE:41b8e5-41b8e5
430490-43049d,59,4,83c40487ddc1c119e801000000,,WRITE:0-0
43049e-4304a6,59,2,83c404e893d8ffff,,WRITE:0-0
4304a6-4304b6,59,5,66d3e683effc030f83ef04e801000000,,WRITE:0-0
4304b7-4304bc,59,2,83042406c3,,WRITE:0-0
4304bc-4304c2,59,2,66be2c527b01,,WRITE:0-0
4304c3-4304ca,59,2,890fe801000000,m,WRITE:430525-430609
4304cb-4304d0,59,2,83042406c3,,WRITE:0-0
4304d0-4304d5,58,1,e905000000,,WRITE:0-0
4304da-4304e5,59,2,81f2ca8bf079e801000000,,WRITE:0-0
4304e6-4304ee,59,2,83c404e902000000,,WRITE:0-0
4304f0-4304fc,59,3,81c70400000050e801000000,,WRITE:0-0
4304fd-430506,59,3,83c40458e902000000,,WRITE:0-0
430508-430511,59,2,83c0ff0f8555ffffff,,WRITE:0-0
430511-430516,1,1,e801000000,,WRITE:0-0
430517-43051c,2,2,83042406c3,,WRITE:0-0
43051c-43051e,1,1,7b03,,WRITE:0-0
430521-430527,2,2,66bb1d8feb01,,WRITE:0-0
430528-43052a,1,1,7202,,WRITE:0-0
43052a-430536,2,3,87cabb12064300e801000000,,WRITE:0-0
430537-43053c,2,2,83042406c3,,WRITE:0-0
43053c-430542,1,1,0f8703000000,,WRITE:0-0
430545-43054f,2,4,68c3b1e0b985ca5eeb01,,WRITE:0-0
430550-430555,1,1,e902000000,,WRITE:0-0
430557-430565,2,4,bf89ae5a70fc81f7b7ae5a70eb01,,WRITE:0-0
430566-43056f,2,4,488b2b50e801000000,,WRITE:0-0
430567-43056f,62,3,8b2b50e801000000,,WRITE:0-0
430570-430579,63,3,83c40458e904000000,,WRITE:0-0
43057d-430581,63,2,2beeeb01,,WRITE:0-0
430582-430588,62,1,0f8501000000,,WRITE:0-0
430589-43059c,63,4,810501b9410058d8ba67c1cd0450e801000000,m,WRITE:41b901-41b901
43059d-4305a3,63,3,83c404587302,,WRITE:0-0
4305a5-4305aa,63,2,2b6b047403,,WRITE:0-0
4305aa-4305ac,62,1,7501,,WRITE:0-0
4305ad-4305b4,63,2,6681f0e2827b05,,WRITE:0-0
4305b4-4305bd,63,3,b80f3268b7892b7403,m,WRITE:430612-430706
4305bd-4305bf,62,1,7501,,WRITE:0-0
4305c0-4305d7,63,4,85ca811555b9410035796a4281f6a1674696e801000000,m,WRITE:41b955-41b955
4305d8-4305dd,63,2,83042406c3,,WRITE:0-0
4305dd-4305e6,63,3,fc83c304e801000000,,WRITE:0-0
4305e7-4305ec,63,2,83042406c3,,WRITE:0-0
4305ec-4305f3,63,2,f80f8301000000,,WRITE:0-0
4305f4-4305fd,63,2,83ef010f856affffff,,WRITE:0-0
4305fd-430602,1,1,e801000000,,WRITE:0-0
430603-43060b,2,2,83c404e907000000,,WRITE:0-0
430612-430614,1,1,7c03,,WRITE:0-0
430614-430616,1,1,7d01,,WRITE:0-0
430617-430619,1,1,7902,,WRITE:0-0
43061b-430625,2,2,ba10074300e801000000,,WRITE:0-0
430626-43062b,2,2,83042406c3,,WRITE:0-0
43062b-43063e,2,5,f9b89e529da86681f1a16181f05f5fe8bdeb01,,WRITE:0-0
43063f-430645,1,1,0f8c02000000,,WRITE:0-0
430645-43064e,2,3,85cbbefac2d9467603,,WRITE:0-0
43064e-43065c,2,3,66d3ed81c6453d26b9e801000000,,WRITE:0-0
43065d-430662,2,2,83042406c3,,WRITE:0-0
430662-430667,1,1,e90a000000,,WRITE:0-0
430671-430678,64,2,8b3ae801000000,,WRITE:0-0
430679-43067e,64,2,83042406c3,,WRITE:0-0
43067e-430683,63,1,e905000000,,WRITE:0-0
430688-43068c,64,2,03f8eb01,,WRITE:0-0
43068d-430696,64,3,f8c1c710e801000000,,WRITE:0-0
430697-43069f,64,2,83c404e90c000000,,WRITE:0-0
4306ab-4306b5,64,4,83eafc033a83c2fc7403,,WRITE:0-0
4306b5-4306b7,63,1,7501,,WRITE:0-0
4306b8-4306bd,63,1,e905000000,,WRITE:0-0
4306c2-4306c6,64,2,893aeb01,m,WRITE:430710-430808
4306c7-4306cc,63,1,e904000000,,WRITE:0-0
4306d0-4306db,64,2,81f03d8b07cce801000000,,WRITE:0-0
4306dc-4306e4,64,2,83c404e902000000,,WRITE:0-0
4306e6-4306eb,64,2,83c204eb01,,WRITE:0-0
4306ec-4306ee,63,1,7602,,WRITE:0-0
4306ee-4306fe,64,5,d3c9518f05d1b941004e0f8573ffffff,m,WRITE:41b9d1-41b9d1
4306fe-430703,1,1,e801000000,,WRITE:0-0
430704-43070c,2,2,83c404e904000000,,WRITE:0-0
430710-430715,1,1,e801000000,,WRITE:0-0
430716-43071b,2,2,83042406c3,,WRITE:0-0
43071b-430729,2,3,66c1d77dbb11084300e801000000,,WRITE:0-0
43072a-430733,2,2,83c4040f8d01000000,,WRITE:0-0
430734-43074a,2,5,66d3e6b90a98c2466633f081c1eb90f15de801000000,,WRITE:0-0
43074b-430753,2,2,83c404e905000000,,WRITE:0-0
430758-43076f,2,6,682f99ccb08f0575ba4100683b000000405ae801000000,m,WRITE:41ba75-0
430770-430775,2,2,83042406c3,,WRITE:0-0
430775-430780,2,5,85f0408b2b50e801000000,,WRITE:0-0
430778-430780,59,3,8b2b50e801000000,,WRITE:0-0
430781-430787,60,3,83c404587d01,,WRITE:0-0
430788-43078f,60,2,03e9e801000000,,WRITE:0-0
430790-430798,60,2,83c404e907000000,,WRITE:0-0
43079f-4307a4,60,2,c1cd067203,,WRITE:0-0
4307a4-4307a6,28,1,7301,,WRITE:0-0
4307a7-4307ac,59,1,e906000000,,WRITE:0-0
4307b2-4307b7,60,2,2b6b04eb01,,WRITE:0-0
4307b8-4307c3,60,4,c1e641892b50e801000000,m,WRITE:430811-4308f9
4307c4-4307cd,60,3,83c40458e902000000,,WRITE:0-0
4307cf-4307da,60,2,81f166ff22c3e801000000,,WRITE:0-0
4307db-4307ee,60,5,83c404c1e6f787c781ebfcffffffe801000000,,WRITE:0-0
4307ef-4307ff,60,5,83c40413f787c683ea010f8579ffffff,,WRITE:0-0
4307ff-430801,1,1,7c03,,WRITE:0-0
430801-430803,1,1,7d01,,WRITE:0-0
430804-43081f,2,7,668bfa811509b94100fae3594761568f0541ba410060e801000000,m,WRITE:41b909-41ba41
430820-430825,2,2,83042406c3,,WRITE:0-0
430825-43082a,1,1,e87beaffff,,WRITE:0-0
43082a-43082f,1,1,e905000000,,WRITE:0-0
430834-43083b,2,2,b903094300eb01,,WRITE:0-0
43083c-430841,1,1,e903000000,,WRITE:0-0
430844-430856,2,4,bd4591c4fc87da81ed5ebe9829e801000000,,WRITE:0-0
430857-43085c,2,2,83042406c3,,WRITE:0-0
43085c-430873,2,5,b840977f96be666b136a85c281f6296b136ae801000000,,WRITE:0-0
430874-430880,2,5,83c404428b3950e801000000,,WRITE:0-0
430878-430880,79,3,8b3950e801000000,,WRITE:0-0
430881-430888,80,4,83c404584b7702,,WRITE:0-0
43088a-43088e,80,2,33fdeb01,,WRITE:0-0
43088f-430894,79,1,e901000000,,WRITE:0-0
430895-43089d,80,2,c1cf02e801000000,,WRITE:0-0
43089e-4308a7,80,2,83c4040f8806000000,,WRITE:0-0
4308a7-4308bc,80,6,81c2c016c3bc6681e849e783c104333983e9047c03,,WRITE:0-0
4308bc-4308be,79,1,7d01,,WRITE:0-0
4308bf-4308c4,79,1,e875d4ffff,,WRITE:0-0
4308c4-4308cb,80,3,668bd08939eb01,m,WRITE:430903-430a3b
4308cc-4308d6,80,3,87da81f584a29a2deb01,,WRITE:0-0
4308d7-4308dc,79,1,e902000000,,WRITE:0-0
4308de-4308e6,80,2,81e9fcffffffeb01,,WRITE:0-0
4308e7-4308ed,79,1,0f8301000000,,WRITE:0-0
4308ed-4308f5,80,3,f84e0f8583ffffff,,WRITE:0-0
4308f5-4308f7,1,1,7e03,,WRITE:0-0
4308fa-4308ff,1,1,e904000000,,WRITE:0-0
430903-430908,1,1,e801000000,,WRITE:0-0
430909-430927,2,7,83c404bbda888949810559b841008de30e4e68430a4300fc5fe801000000,m,WRITE:41b859-0
430928-430931,2,2,83c4040f8306000000,,WRITE:0-0
430937-43093d,1,1,0f8604000000,,WRITE:0-0
43093d-430948,2,3,66b871c9bd6e948b1f7d04,,WRITE:0-0
43094c-430958,2,3,81edeaee317e50e801000000,,WRITE:0-0
430959-430962,2,3,83c40458e902000000,,WRITE:0-0
430964-430976,2,5,be8b0c3d15f981ee410c3d1550e801000000,,WRITE:0-0
430977-430980,2,3,83c40458e903000000,,WRITE:0-0
430983-43098a,75,2,8b0fe801000000,,WRITE:0-0
43098b-430990,75,2,83042406c3,,WRITE:0-0
430990-430995,74,1,e903000000,,WRITE:0-0
430998-43099c,75,2,33cd7403,,WRITE:0-0
43099c-43099e,74,1,7501,,WRITE:0-0
43099f-4309a4,74,1,e895d3ffff,,WRITE:0-0
4309a4-4309bb,75,4,bbf4c3b27d8135adb84100f4d5ad71c1c90de801000000,m,WRITE:41b8ad-41b8ad
4309bc-4309d0,75,7,83c404661bc383effc030f83ef0450e801000000,,WRITE:0-0
4309d1-4309e0,75,5,83c4045866ba8d16890fe801000000,m,WRITE:430a43-430b67
4309e1-4309e6,75,2,83042406c3,,WRITE:0-0
4309e6-4309eb,74,1,e907000000,,WRITE:0-0
4309f2-4309fe,75,3,81ed49adc6f650e801000000,,WRITE:0-0
4309ff-430a08,75,3,83c40458e906000000,,WRITE:0-0
430a0e-430a1a,75,3,81effcffffff50e801000000,,WRITE:0-0
430a1b-430a24,75,3,83c40458e903000000,,WRITE:0-0
430a27-430a2e,75,2,4e0f8555ffffff,,WRITE:0-0
430a2e-430a33,1,1,e801000000,,WRITE:0-0
430a34-430a4e,2,8,83c40487da811dc1b941001db6da6261568f0525ba4100607803,m,WRITE:41b9c1-41ba25
430a51-430a56,1,1,e90a000000,,WRITE:0-0
430a60-430a6b,2,3,bb720b430050e801000000,,WRITE:0-0
430a6c-430a75,2,3,83c40458e90d000000,,WRITE:0-0
430a82-430a93,2,4,bd12d101a1f981f5b323a08ce801000000,,WRITE:0-0
430a94-430aa0,2,3,83c404c1ff800f8302000000,,WRITE:0-0
430aa2-430aac,2,2,b93e000000e801000000,,WRITE:0-0
430aad-430ab2,2,2,83042406c3,,WRITE:0-0
430ab2-430ab9,2,3,668bd18b337803,,WRITE:0-0
430ab5-430ab9,62,2,8b337803,,WRITE:0-0
430ab9-430abb,62,1,7901,,WRITE:0-0
430abc-430ac6,63,4,d3d0f903f5e801000000,,WRITE:0-0
430ac7-430acf,63,2,83c404e905000000,,WRITE:0-0
430ad4-430ae3,63,4,548f05e1b94100c1c612e801000000,m,WRITE:41b9e1-41b9e1
430ae4-430aec,63,2,83c404e904000000,,WRITE:0-0
430af0-430b08,63,6,810dadba410027067a4c83c304333383eb0450e801000000,m,WRITE:41baad-41baad
430b09-430b12,63,3,83c40458e90a000000,,WRITE:0-0
430b1c-430b23,63,2,8933e801000000,m,WRITE:430b72-430c66
430b24-430b2c,63,2,83c404e906000000,,WRITE:0-0
430b32-430b3a,63,2,81c56df0aad9eb01,,WRITE:0-0
430b3b-430b40,62,1,e907000000,,WRITE:0-0
430b47-430b56,63,3,810519b8410069a8e88e83c3047603,m,WRITE:41b819-41b819
430b56-430b58,62,1,7701,,WRITE:0-0
430b59-430b65,63,4,8bc14083c1ff0f8550ffffff,,WRITE:0-0
430b65-430b6a,1,1,e801000000,,WRITE:0-0
430b6b-430b80,2,7,83c40466c1cfb661578f0581b8410060e801000000,m,WRITE:41b881-0
430b81-430b86,2,2,83042406c3,,WRITE:0-0
430b86-430b95,2,6,33ef66c1ee33686f0c43004e5a7e03,,WRITE:0-0
430b95-430b97,1,1,7f01,,WRITE:0-0
430b98-430b9d,1,1,e903000000,,WRITE:0-0
430ba0-430bb1,2,4,bfa2f950c4fc81c725f094c9e801000000,,WRITE:0-0
430bb2-430bba,2,2,83c404e905000000,,WRITE:0-0
430bbf-430bd1,2,4,b80930ebe685eb81f03230ebe6e801000000,,WRITE:0-0
430bd2-430bd7,2,2,83c4047303,,WRITE:0-0
430bda-430bed,2,5,f9813551b94100216bea4f8b0a50e801000000,m,WRITE:41b951-0
430be5-430bed,59,3,8b0a50e801000000,,WRITE:0-0
430bee-430bf9,60,5,83c40458668bea03cfeb01,,WRITE:0-0
430bfa-430bff,59,1,e902000000,,WRITE:0-0
430c01-430c06,60,2,c1c109eb01,,WRITE:0-0
430c07-430c09,59,1,7402,,WRITE:0-0
430c09-430c10,60,3,85de034a047203,,WRITE:0-0
430c10-430c12,24,1,7301,,WRITE:0-0
430c13-430c18,59,1,e902000000,,WRITE:0-0
430c1a-430c1e,60,2,890aeb01,m,WRITE:430c6f-430d57
430c1f-430c24,59,1,e881e6ffff,,WRITE:0-0
430c24-430c35,60,4,6681d68d9166c1c5e881ef23b58c497c03,,WRITE:0-0
430c35-430c37,12,1,7d01,,WRITE:0-0
430c38-430c3d,59,1,e905000000,,WRITE:0-0
430c42-430c4a,60,2,83c204e801000000,,WRITE:0-0
430c4b-430c50,60,2,83042406c3,,WRITE:0-0
430c50-430c62,60,4,46811d8db84100d5d7a9bd480f8583ffffff,m,WRITE:41b88d-41b88d
430c62-430c64,1,1,7203,,WRITE:0-0
430c67-430c6c,1,1,e903000000,,WRITE:0-0
430c6f-430c71,1,1,eb01,,WRITE:0-0
430c72-430c77,1,1,e8c2d0ffff,,WRITE:0-0
430c77-430c7d,1,1,0f8501000000,,WRITE:0-0
430c7d-430c94,2,7,4840811d55b84100ee1e1b4f685f0d4300c1ff375beb01,m,WRITE:41b855-0
430c95-430c9a,1,1,e905000000,,WRITE:0-0
430c9f-430caa,2,3,b9abc1d86250e801000000,,WRITE:0-0
430cab-430cc6,2,8,83c4045866ba4baa8bfebe5a939729f981ee16939729e801000000,,WRITE:0-0
430cc7-430ccc,2,2,83042406c3,,WRITE:0-0
430ccc-430cd1,1,1,e868d0ffff,,WRITE:0-0
430cd1-430cd7,2,3,87d08b2beb01,,WRITE:0-0
430cd3-430cd7,68,2,8b2beb01,,WRITE:0-0
430cd8-430cde,69,3,85c703e97e03,,WRITE:0-0
430cde-430ce0,31,1,7f01,,WRITE:0-0
430ce1-430ce6,68,1,e901000000,,WRITE:0-0
430ce7-430cec,69,2,c1c506eb01,,WRITE:0-0
430ced-430cf3,68,1,0f8a01000000,,WRITE:0-0
430cf3-430cfe,40,5,4283ebfc332b83c3fceb01,,WRITE:0-0
430cf4-430cfe,30,4,83ebfc332b83c3fceb01,,WRITE:0-0
430cff-430d04,68,1,e905000000,,WRITE:0-0
430d09-430d10,69,2,892be801000000,m,WRITE:430d5f-430e6b
430d11-430d16,69,2,83042406c3,,WRITE:0-0
430d16-430d1b,68,1,e902000000,,WRITE:0-0
430d1d-430d29,69,3,81f1273487e350e801000000,,WRITE:0-0
430d2a-430d3a,69,6,83c40458668bd6f881c3040000007403,,WRITE:0-0
430d3a-430d3c,68,1,7501,,WRITE:0-0
430d3d-430d4c,69,3,81cf0c38678c83ee010f8587ffffff,,WRITE:0-0
430d4c-430d51,1,1,e801000000,,WRITE:0-0
430d52-430d57,2,2,83042406c3,,WRITE:0-0
430d57-430d5c,1,1,e903000000,,WRITE:0-0
430d5f-430d65,2,2,50e801000000,,WRITE:0-0
430d66-430d6f,2,3,83c40458e904000000,,WRITE:0-0
430d73-430d7a,2,2,bf760e43007403,,WRITE:0-0
430d7a-430d7c,1,1,7501,,WRITE:0-0
430d7d-430d82,1,1,e8b7cfffff,,WRITE:0-0
430d82-430d87,1,1,e902000000,,WRITE:0-0
430d89-430d97,2,4,b90fe99628f881f1567c105e7c03,,WRITE:0-0
430d97-430d99,1,1,7d01,,WRITE:0-0
430d9a-430db0,2,6,87d3d3e3be7f52be7f13de81c6bdad4180e801000000,,WRITE:0-0
430db1-430db9,2,2,83c404e904000000,,WRITE:0-0
430dbd-430dc5,61,3,8b0750e801000000,,WRITE:0-0
430dc6-430dcf,61,3,83c40458e86acfffff,,WRITE:0-0
430dcf-430dd4,60,1,e902000000,,WRITE:0-0
430dd6-430ddd,61,2,33c1e801000000,,WRITE:0-0
430dde-430deb,61,4,83c4046681ca37bcc1c00feb01,,WRITE:0-0
430dec-430df1,60,1,e8b4e4ffff,,WRITE:0-0
430df1-430df6,60,1,e90a000000,,WRITE:0-0
430e00-430e08,61,2,334704e801000000,,WRITE:0-0
430e09-430e0e,61,2,83042406c3,,WRITE:0-0
430e0e-430e10,60,1,7d02,,WRITE:0-0
430e12-430e14,60,1,7204,,WRITE:0-0
430e14-430e1c,61,3,66c1e3488907eb01,m,WRITE:430e76-430f62
430e1d-430e33,61,6,4b668bd7538f05fdba410081e9ad6a7a35e801000000,m,WRITE:41bafd-41bafd
430e34-430e39,61,2,83042406c3,,WRITE:0-0
430e39-430e46,61,4,4d81effcffffff50e801000000,,WRITE:0-0
430e47-430e5f,61,6,83c40458668be981058db941007242c3454e0f855effffff,m,WRITE:41b98d-41b98d
430e5f-430e65,2,2,50e801000000,,WRITE:0-0
430e66-430e6f,2,3,83c40458e907000000,,WRITE:0-0
430e76-430e7b,1,1,e801000000,,WRITE:0-0
430e7c-430e81,2,2,83042406c3,,WRITE:0-0
430e81-430e87,2,2,66c1e9c77001,,WRITE:0-0
430e88-430e96,2,5,686b0f4300d3c25850e801000000,,WRITE:0-0
430e97-430eb2,2,9,83c4045887d933d8bd2846222d85d181c5d2dbd48050e801000000,,WRITE:0-0
430eb3-430ec0,2,5,83c40458d3c1bf5942999f7a02,,WRITE:0-0
430ec2-430eca,2,2,81ef1a42999feb01,,WRITE:0-0
430ecb-430ed0,1,1,e904000000,,WRITE:0-0
430ed4-430ed8,64,2,8b30eb01,,WRITE:0-0
430ed9-430ee1,64,4,85d3d3fb2bf57603,,WRITE:0-0
430ee1-430ee3,31,1,7701,,WRITE:0-0
430ee4-430ee9,63,1,e901000000,,WRITE:0-0
430eea-430ef2,64,2,c1c602e801000000,,WRITE:0-0
430ef3-430ef8,64,2,83c4047c04,,WRITE:0-0
430ef8-430f05,64,4,66c1c14342337004e801000000,,WRITE:0-0
430f06-430f0b,64,2,83042406c3,,WRITE:0-0
430f0b-430f10,63,1,e829ceffff,,WRITE:0-0
430f10-430f15,64,3,4989307203,m,WRITE:430f6b-431063
430f15-430f17,63,1,7301,,WRITE:0-0
430f18-430f1a,63,1,7902,,WRITE:0-0
430f1a-430f24,64,3,d3da81c5e9b1bf7c7403,,WRITE:0-0
430f24-430f26,63,1,7501,,WRITE:0-0
430f27-430f2c,63,1,e908000000,,WRITE:0-0
430f34-430f3f,64,2,81c004000000e801000000,,WRITE:0-0
430f40-430f45,64,2,83042406c3,,WRITE:0-0
430f45-430f55,64,4,4b81ebea3c60be83c7ff0f857fffffff,,WRITE:0-0
430f55-430f57,1,1,7603,,WRITE:0-0
430f5a-430f5c,1,1,7801,,WRITE:0-0
430f5c-430f70,2,5,49c1e23768f1f2d4908f052db84100e801000000,m,WRITE:41b82d-0
430f71-430f79,2,2,83c404e901000000,,WRITE:0-0
430f7a-430f85,2,2,686e1043000f8b06000000,,WRITE:0-0
430f8b-430f8e,2,2,5beb01,,WRITE:0-0
430f8f-430f94,1,1,e902000000,,WRITE:0-0
430f96-430fa7,2,4,bdfd00fc66f981f5f65fcf5ce801000000,,WRITE:0-0
430fa8-430fbc,2,6,83c40447be2327b5a5c1d0cf81c61fd94a5a7803,,WRITE:0-0
430fbc-430fbe,1,1,7901,,WRITE:0-0
430fbf-430fcc,2,5,85c7668bcb8b1350e801000000,,WRITE:0-0
430fc4-430fcc,66,3,8b1350e801000000,,WRITE:0-0
430fcd-430fd6,67,3,83c40458e90d000000,,WRITE:0-0
430fe3-430fea,67,2,33d5e801000000,,WRITE:0-0
430feb-430ff0,67,2,83042406c3,,WRITE:0-0
430ff0-430ff3,67,2,f97001,,WRITE:0-0
430ff3-430ff9,67,3,4fc1ca037a03,,WRITE:0-0
430ffc-430fff,67,2,477401,,WRITE:0-0
430fff-431008,67,3,f9335304e801000000,,WRITE:0-0
431009-431011,67,2,83c404e894e2ffff,,WRITE:0-0
431011-431016,66,1,e904000000,,WRITE:0-0
43101a-431022,67,3,891350e801000000,m,WRITE:43106e-431172
431023-431034,67,5,83c404588bc281c51cff695ee801000000,,WRITE:0-0
431035-431045,67,4,83c4048bc681c304000000e801000000,,WRITE:0-0
431046-43104e,67,2,83c404e905000000,,WRITE:0-0
431053-43105c,67,2,83ee010f8568ffffff,,WRITE:0-0
43105c-431061,1,1,e801000000,,WRITE:0-0
431062-431067,2,2,83042406c3,,WRITE:0-0
431067-43106c,1,1,e902000000,,WRITE:0-0
43106e-431070,1,1,7603,,WRITE:0-0
431070-431072,1,1,7701,,WRITE:0-0
431073-431078,1,1,e905000000,,WRITE:0-0
43107d-431087,2,2,ba7d114300e801000000,,WRITE:0-0
431088-43109b,2,5,83c404bb81c3955cb8654f1d7350e801000000,,WRITE:0-0
43109c-4310a5,2,3,83c40458e908000000,,WRITE:0-0
4310ad-4310b7,2,4,68390000001bd85eeb01,,WRITE:0-0
4310b8-4310be,1,1,0f8a02000000,,WRITE:0-0
4310be-4310c6,2,2,d3d10f8a02000000,,WRITE:0-0
4310c6-4310d0,2,4,8bde8b3a50e801000000,,WRITE:0-0
4310c8-4310d0,57,3,8b3a50e801000000,,WRITE:0-0
4310d1-4310e5,58,6,83c404588bea813565ba41004d7bb1e933f8eb01,m,WRITE:41ba65-41ba65
4310e6-4310eb,57,1,e901000000,,WRITE:0-0
4310ec-4310fe,58,3,810d65b94100b6cab065c1c70be801000000,m,WRITE:41b965-41b965
4310ff-431107,58,2,83c404e908000000,,WRITE:0-0
43110f-431119,58,4,83eafc2b3a83c2fceb01,,WRITE:0-0
43111a-43111d,58,2,4d7a05,,WRITE:0-0
43111d-431126,30,3,bb0471eadc893aeb01,m,WRITE:43117d-431259
431122-431126,29,2,893aeb01,m,WRITE:431185-43125d
431127-43113b,58,4,85dd8135d1b84100432c071081e851b65e617803,m,WRITE:41b8d1-41b8d1
43113b-43113d,27,1,7901,,WRITE:0-0
43113e-431143,57,1,e905000000,,WRITE:0-0
431148-43115a,58,3,81256db84100897d986381c204000000eb01,m,WRITE:41b86d-41b86d
43115b-431161,57,1,0f8601000000,,WRITE:0-0
431161-43116b,58,3,4583ee010f855dffffff,,WRITE:0-0
43116b-431170,1,1,e801000000,,WRITE:0-0
431171-431176,2,2,83042406c3,,WRITE:0-0
431176-431183,2,4,bd3b245a0685cb50e801000000,,WRITE:0-0
431184-43118d,2,3,83c40458e906000000,,WRITE:0-0
431193-43119d,2,2,ba66124300e801000000,,WRITE:0-0
43119e-4311ae,2,6,83c404c1e9796841dc0f5a23da5d7803,,WRITE:0-0
4311ae-4311b0,1,1,7901,,WRITE:0-0
4311b1-4311b6,1,1,e90a000000,,WRITE:0-0
4311c0-4311d1,2,3,811d09bb4100c346322cb8440000007403,m,WRITE:41bb09-0
4311d1-4311d3,1,1,7501,,WRITE:0-0
4311d4-4311d7,2,2,f97802,,WRITE:0-0
4311d9-4311e0,69,2,8b32e801000000,,WRITE:0-0
4311e1-4311ea,69,4,83c4041bc833f57603,,WRITE:0-0
4311ea-4311ec,68,1,7701,,WRITE:0-0
4311ed-4311f2,68,1,e847cbffff,,WRITE:0-0
4311f2-4311fb,69,3,66bfd8cdc1ce0c7803,,WRITE:0-0
4311fb-4311fd,29,1,7901,,WRITE:0-0
4311fe-431203,68,1,e836cbffff,,WRITE:0-0
431203-431209,68,1,0f8201000000,,WRITE:0-0
431209-43120f,31,3,490372047803,,WRITE:0-0
43120a-43120f,39,2,0372047803,,WRITE:0-0
43120f-431211,44,1,7901,,WRITE:0-0
431212-43121a,69,3,4f8932e801000000,m,WRITE:431266-431372
43121b-431220,69,2,83042406c3,,WRITE:0-0
431220-431224,69,2,85cf7602,,WRITE:0-0
431224-43122e,69,3,13ca81edd6ff39ab7203,,WRITE:0-0
43122e-431230,22,1,7301,,WRITE:0-0
431231-431236,68,1,e905000000,,WRITE:0-0
43123b-431243,69,2,81eafcffffff7c03,,WRITE:0-0
431243-431245,68,1,7d01,,WRITE:0-0
431246-431257,69,4,668bfdbbccba4acb83c0ff0f8582ffffff,,WRITE:0-0
431257-43125c,1,1,e801000000,,WRITE:0-0
43125d-431262,2,2,83c4047004,,WRITE:0-0
431262-431268,2,2,66c1cf7eeb01,,WRITE:0-0
431269-43126e,1,1,e90d000000,,WRITE:0-0
43127b-431288,2,5,687c134300455950e801000000,,WRITE:0-0
431289-431293,2,3,83c404580f8a02000000,,WRITE:0-0
431295-4312a4,2,5,47bea642110efc81f62ec257987203,,WRITE:0-0
4312a4-4312a6,1,1,7301,,WRITE:0-0
4312a7-4312ac,1,1,e902000000,,WRITE:0-0
4312ae-4312b8,2,2,bb3f000000e801000000,,WRITE:0-0
4312b9-4312c8,2,5,83c404668be887d78b01e801000000,,WRITE:0-0
4312c1-4312c8,63,2,8b01e801000000,,WRITE:0-0
4312c9-4312d1,64,2,83c404e868caffff,,WRITE:0-0
4312d1-4312d7,63,1,0f8402000000,,WRITE:0-0
4312d7-4312df,64,2,87fa0f8504000000,,WRITE:0-0
4312e3-4312ea,64,2,33c6e801000000,,WRITE:0-0
4312eb-4312f0,64,2,83042406c3,,WRITE:0-0
4312f0-431305,64,6,f9fc810d69b841002d54f970c1c00c50e801000000,m,WRITE:41b869-41b869
431306-431316,64,6,83c40458d3c7bd084302802b4104eb01,,WRITE:0-0
431317-43131c,63,1,e902000000,,WRITE:0-0
43131e-431322,64,2,8901eb01,m,WRITE:43137c-431474
431323-431328,63,1,e90a000000,,WRITE:0-0
431332-43133a,64,2,81c65560d885eb01,,WRITE:0-0
43133b-431344,64,2,668be80f8202000000,,WRITE:0-0
431344-431351,31,3,8bfa81c104000000e801000000,,WRITE:0-0
431346-431351,34,2,81c104000000e801000000,,WRITE:0-0
431352-431357,64,2,83042406c3,,WRITE:0-0
431357-43135c,63,1,e904000000,,WRITE:0-0
431360-431369,64,2,83eb010f8558ffffff,,WRITE:0-0
431369-43136b,1,1,7203,,WRITE:0-0
43136b-43136d,1,1,7301,,WRITE:0-0
43136e-43138a,2,7,66bf58b1810d31b94100669efb1961558f0505ba410060e801000000,m,WRITE:41b931-41ba05
43138b-431394,2,2,83c4040f8401000000,,WRITE:0-0
431394-4313a3,2,5,43687e144300c1cb1158e801000000,,WRITE:0-0
4313a4-4313ba,2,7,83c40487ea66d3ddb91c499dee4581c18ca6c8b3eb01,,WRITE:0-0
4313bb-4313c0,1,1,e90b000000,,WRITE:0-0
4313cb-4313d9,2,4,be4efef82f4b81c6f30107d0eb01,,WRITE:0-0
4313da-4313e6,2,4,66c1d3568b3850e801000000,,WRITE:0-0
4313de-4313e6,65,3,8b3850e801000000,,WRITE:0-0
4313e7-4313f3,66,5,83c4045866bd300233f97403,,WRITE:0-0
4313f3-4313f5,65,1,7501,,WRITE:0-0
4313f6-431406,66,4,babe48040e668be9c1c705e801000000,,WRITE:0-0
431407-43140f,66,2,83c404e901000000,,WRITE:0-0
431410-43141a,66,4,83e8fc333883c0fc7203,,WRITE:0-0
43141d-431422,65,1,e90b000000,,WRITE:0-0
43142d-431434,66,2,8938e801000000,m,WRITE:43147e-43157e
431435-43143a,66,2,83042406c3,,WRITE:0-0
43143a-43143c,65,1,7804,,WRITE:0-0
43143c-431442,66,2,66c1d32f7c01,,WRITE:0-0
431442-43144b,2,3,f881f179295a657603,,WRITE:0-0
431443-43144b,65,2,81f179295a657603,,WRITE:0-0
43144b-43144d,65,1,7701,,WRITE:0-0
43144e-431455,66,3,87da83c004eb01,,WRITE:0-0
431456-43145c,65,1,0f8801000000,,WRITE:0-0
43145c-431466,66,3,4a83ee010f8578ffffff,,WRITE:0-0
431466-43146c,2,2,50e801000000,,WRITE:0-0
43146d-431476,2,3,83c40458e8c3c8ffff,,WRITE:0-0
431476-431483,2,3,c1e2fa6681dac535e801000000,,WRITE:0-0
431484-431489,2,2,83042406c3,,WRITE:0-0
431489-43148b,1,1,7a01,,WRITE:0-0
43148b-431497,2,6,f9466886154300d3df5beb01,,WRITE:0-0
431498-4314a2,2,4,87c746bd95750c807402,,WRITE:0-0
4314a2-4314af,2,3,85fe81c56ad35063e801000000,,WRITE:0-0
4314b0-4314b8,2,2,83c404e901000000,,WRITE:0-0
4314b9-4314d4,2,5,810d39b9410036119e6fbaa0cadbf74e81ea64cadbf7e801000000,m,WRITE:41b939-0
4314d5-4314de,2,2,83c4040f8104000000,,WRITE:0-0
4314e2-4314ed,2,4,c1c0758b0b50e801000000,,WRITE:0-0
4314e5-4314ed,60,3,8b0b50e801000000,,WRITE:0-0
4314ee-4314f7,61,3,83c40458e908000000,,WRITE:0-0
4314ff-431503,61,2,03cdeb01,,WRITE:0-0
431504-431509,60,1,e909000000,,WRITE:0-0
431512-431517,61,2,c1c10ceb01,,WRITE:0-0
431518-43152b,61,6,bf439a84394f83c304330b83eb04e801000000,,WRITE:0-0
43152c-431531,61,2,83042406c3,,WRITE:0-0
431531-431538,61,3,c1ce97890b7e03,m,WRITE:431586-431672
431538-43153a,60,1,7f01,,WRITE:0-0
43153b-431540,60,1,e901000000,,WRITE:0-0
431541-431556,61,3,812d3db84100928ce4ab81ed334b435ae801000000,m,WRITE:41b83d-41b83d
431557-431563,61,5,83c40487c785f883c304eb01,,WRITE:0-0
431564-431569,60,1,e83cddffff,,WRITE:0-0
431569-431577,61,4,c1cec566c1c61d4a0f856effffff,,WRITE:0-0
431577-43157c,1,1,e801000000,,WRITE:0-0
43157d-431591,2,8,83c4046681d71fa1f961568f05fdb8410060eb01,m,WRITE:41b8fd-0
431592-431598,1,1,0f8b02000000,,WRITE:0-0
43159a-4315a4,2,2,be7d164300e801000000,,WRITE:0-0
4315a5-4315bb,2,7,83c4044785c3bdaa48ef84660bc181c55d7da85f7a03,,WRITE:0-0
4315bb-4315bd,1,1,7b01,,WRITE:0-0
4315be-4315c3,1,1,e901000000,,WRITE:0-0
4315c4-4315d7,2,4,b9dbe776c8c1cbfe81e99ee776c8e801000000,,WRITE:0-0
4315d8-4315e1,2,2,83c4040f8003000000,,WRITE:0-0
4315e1-4315eb,2,3,6613fe8b16e801000000,,WRITE:0-0
4315e4-4315eb,61,2,8b16e801000000,,WRITE:0-0
4315ec-4315f7,62,4,83c4044b03d5e801000000,,WRITE:0-0
4315f8-4315fd,62,2,83042406c3,,WRITE:0-0
4315fd-431602,61,1,e903000000,,WRITE:0-0
431605-43160a,62,2,c1c20feb01,,WRITE:0-0
43160b-431618,62,5,48660bde33560450e801000000,,WRITE:0-0
431619-431622,62,3,83c40458e903000000,,WRITE:0-0
431625-43162c,62,2,8916e801000000,m,WRITE:43167d-43176d
43162d-43163e,62,4,83c40466d3d381ed5f6ce05ee801000000,,WRITE:0-0
43163f-431644,62,2,83042406c3,,WRITE:0-0
431644-43164a,61,1,0f8302000000,,WRITE:0-0
43164c-431658,62,3,f981c604000000e801000000,,WRITE:0-0
431659-431661,62,2,83c404e903000000,,WRITE:0-0
431664-43166d,62,2,83c1ff0f8577ffffff,,WRITE:0-0
43166d-431672,1,1,e801000000,,WRITE:0-0
431673-431683,2,5,83c40481d3373687fbf950e801000000,,WRITE:0-0
431684-43168d,2,3,83c40458e90a000000,,WRITE:0-0
431697-43169e,2,2,be75174300eb01,,WRITE:0-0
43169f-4316a4,1,1,e903000000,,WRITE:0-0
4316a7-4316b4,2,5,688679ea23fc5d50e801000000,,WRITE:0-0
4316b5-4316c1,2,5,83c4045849ba3f000000eb01,,WRITE:0-0
4316c2-4316cc,2,4,87d8438b3ee801000000,,WRITE:0-0
4316c5-4316cc,63,2,8b3ee801000000,,WRITE:0-0
4316cd-4316d2,64,2,83c4047902,,WRITE:0-0
4316d4-4316db,64,2,03fde801000000,,WRITE:0-0
4316dc-4316e1,64,2,83c4047804,,WRITE:0-0
4316e1-4316f1,64,5,66bb7eedc1d0b8c1cf0b50e801000000,,WRITE:0-0
4316f2-4316fb,64,3,83c40458e902000000,,WRITE:0-0
4316fd-431707,64,4,83c6042b3e83c6fc7a03,,WRITE:0-0
431707-431709,32,1,7b01,,WRITE:0-0
43170a-43170f,63,1,e90f000000,,WRITE:0-0
43171e-431722,64,2,893e7c03,m,WRITE:431775-43186d
431722-431724,63,1,7d01,,WRITE:0-0
431725-431733,64,4,40bb34f6aa4981f53546dfba7a03,,WRITE:0-0
431733-431735,63,1,7b01,,WRITE:0-0
431736-43173b,63,1,e907000000,,WRITE:0-0
431742-43174d,64,2,81c604000000e801000000,,WRITE:0-0
43174e-431756,64,2,83c404e904000000,,WRITE:0-0
43175a-431763,64,2,83ea010f8562ffffff,,WRITE:0-0
431763-431765,1,1,7803,,WRITE:0-0
431765-431767,1,1,7901,,WRITE:0-0
431768-43176d,1,1,e908000000,,WRITE:0-0
431775-431783,2,5,61508f05b5b9410060e801000000,m,WRITE:41b9b5-0
431784-431796,2,6,83c404be84c173c5687618430087c15feb01,,WRITE:0-0
431797-4317ab,2,6,81c9d8351a3a682f9b44008bc35d50e801000000,,WRITE:0-0
4317ac-4317ca,2,7,83c4045881c0537a35aebbb705c2bc66b9a54781eb7f05c2bce801000000,,WRITE:0-0
4317cb-4317d0,2,2,83042406c3,,WRITE:0-0
4317d0-4317d2,1,1,7604,,WRITE:0-0
4317d2-4317d8,2,2,66bef2c17702,,WRITE:0-0
4317da-4317de,57,2,8b17eb01,,WRITE:0-0
4317df-4317e4,56,1,e90c000000,,WRITE:0-0
4317f0-4317f4,57,2,33d57203,,WRITE:0-0
4317f4-4317f6,56,1,7301,,WRITE:0-0
4317f7-4317fc,56,1,e8a9daffff,,WRITE:0-0
4317fc-431801,56,1,e901000000,,WRITE:0-0
431802-431807,57,2,c1ca16eb01,,WRITE:0-0
431808-43180a,56,1,7503,,WRITE:0-0
43180d-43181a,57,4,83c704031783ef04e801000000,,WRITE:0-0
43181b-431823,57,2,83c404e882daffff,,WRITE:0-0
431823-43182e,57,4,c1c081891750e801000000,m,WRITE:431876-431952
43182f-431838,57,3,83c40458e902000000,,WRITE:0-0
43183a-431845,57,2,81eda661f4c6e801000000,,WRITE:0-0
431846-43184e,57,2,83c404e901000000,,WRITE:0-0
43184f-431854,57,2,83c704eb01,,WRITE:0-0
431855-43185a,56,1,e8dfc4ffff,,WRITE:0-0
43185a-43185f,56,1,e909000000,,WRITE:0-0
431868-431871,57,2,83c3ff0f8569ffffff,,WRITE:0-0
431871-431873,1,1,eb01,,WRITE:0-0
431874-43187b,2,3,f946e801000000,,WRITE:0-0
43187c-431881,2,2,83042406c3,,WRITE:0-0
431881-43188e,2,4,be2a08f474f9bb5d1943007403,,WRITE:0-0
43188e-431890,1,1,7501,,WRITE:0-0
431891-431896,1,1,e903000000,,WRITE:0-0
431899-4318a8,2,4,bd629de62123fb81f515a9b5fceb01,,WRITE:0-0
4318a9-4318b4,2,3,f8ba46000000e801000000,,WRITE:0-0
4318b5-4318ba,2,2,83042406c3,,WRITE:0-0
4318ba-4318bf,1,1,e903000000,,WRITE:0-0
4318c2-4318c6,71,2,8b0b7403,,WRITE:0-0
4318c6-4318c8,70,1,7501,,WRITE:0-0
4318c9-4318cb,70,1,7003,,WRITE:0-0
4318cb-4318d6,71,4,66d3c72bcd50e801000000,,WRITE:0-0
4318d7-4318e7,71,6,83c4045866d3c0c1c90850e801000000,,WRITE:0-0
4318e8-4318f2,71,3,83c404580f8804000000,,WRITE:0-0
4318f2-4318f8,71,2,66c1d07b7403,,WRITE:0-0
4318f8-431908,71,5,6633c283ebfc2b0b83eb04e801000000,,WRITE:0-0
431909-43190e,71,2,83042406c3,,WRITE:0-0
43190e-43191a,71,5,85c633c3890b50e801000000,m,WRITE:43195d-431a71
43191b-431924,71,3,83c40458e902000000,,WRITE:0-0
431926-43192e,71,2,81ed407f184b7203,,WRITE:0-0
43192e-431930,50,1,7301,,WRITE:0-0
431931-43193f,71,4,bf337c2240f883c304e801000000,,WRITE:0-0
431940-431945,71,2,83042406c3,,WRITE:0-0
431945-43194f,71,3,4783ea010f8573ffffff,,WRITE:0-0
43194f-431954,1,1,e801000000,,WRITE:0-0
431955-431963,2,5,83c404668bf285c750e801000000,,WRITE:0-0
431964-431977,2,7,83c4045823f9687a1a430003eb5be801000000,,WRITE:0-0
431978-431980,2,2,83c404e905000000,,WRITE:0-0
431985-431991,2,4,68416eacda4659e801000000,,WRITE:0-0
431992-431997,2,2,83042406c3,,WRITE:0-0
431997-43199c,1,1,e905000000,,WRITE:0-0
4319a1-4319b4,2,5,b87673db3585f781f03673db3550e801000000,,WRITE:0-0
4319b5-4319bf,2,3,83c404580f8d01000000,,WRITE:0-0
4319c0-4319c7,65,2,8b13e801000000,,WRITE:0-0
4319c8-4319d0,65,2,83c404e901000000,,WRITE:0-0
4319d1-4319d8,65,2,03d1e801000000,,WRITE:0-0
4319d9-4319de,65,2,83042406c3,,WRITE:0-0
4319de-4319e4,64,1,0f8801000000,,WRITE:0-0
4319e4-4319ef,65,5,f9f9c1c20450e801000000,,WRITE:0-0
4319f0-4319f6,65,3,83c404587b01,,WRITE:0-0
4319f6-431a04,65,5,f883ebfc2b1383eb04e801000000,,WRITE:0-0
431a05-431a0a,65,2,83042406c3,,WRITE:0-0
431a0a-431a0f,64,1,e903000000,,WRITE:0-0
431a12-431a16,65,2,8913eb01,m,WRITE:431a7a-431b76
431a17-431a1d,64,1,0f8602000000,,WRITE:0-0
431a1d-431a28,65,4,87eef981f1748a7b50eb01,,WRITE:0-0
431a29-431a2e,64,1,e902000000,,WRITE:0-0
431a30-431a46,65,4,810d35ba41007e9df22481c30400000050e801000000,m,WRITE:41ba35-41ba35
431a47-431a50,65,3,83c40458e8e9c2ffff,,WRITE:0-0
431a50-431a56,64,1,0f8001000000,,WRITE:0-0
431a56-431a65,65,4,4e6681edc19983e8010f855bffffff,,WRITE:0-0
431a65-431a6a,1,1,e801000000,,WRITE:0-0
431a6b-431a73,2,2,83c404e907000000,,WRITE:0-0
431a7a-431a80,2,2,50e801000000,,WRITE:0-0
431a81-431a8a,2,3,83c40458e906000000,,WRITE:0-0
431a90-431a9a,2,2,b8811b4300e801000000,,WRITE:0-0
431a9b-431aa0,2,2,83042406c3,,WRITE:0-0
431aa0-431aa5,1,1,e907000000,,WRITE:0-0
431aac-431abd,2,4,bfec786fa5fc81f78fb39465e801000000,,WRITE:0-0
431abe-431ad7,2,6,83c404bdac618c87548f0511ba4100bb48000000e801000000,m,WRITE:41ba11-0
431ad8-431ae6,2,4,83c40466c1c2b18b08e801000000,,WRITE:0-0
431adf-431ae6,72,2,8b08e801000000,,WRITE:0-0
431ae7-431aec,73,2,83c4047c03,,WRITE:0-0
431aec-431af9,73,4,66d3c2661bea03cfe801000000,,WRITE:0-0
431afa-431aff,73,2,83042406c3,,WRITE:0-0
431aff-431b04,72,1,e907000000,,WRITE:0-0
431b0b-431b10,73,2,c1c91e7603,,WRITE:0-0
431b10-431b12,35,1,7701,,WRITE:0-0
431b13-431b1e,73,5,f983c004330883e8047803,,WRITE:0-0
431b1e-431b20,72,1,7901,,WRITE:0-0
431b21-431b26,72,1,e905000000,,WRITE:0-0
431b2b-431b2f,73,2,8908eb01,m,WRITE:431b81-431c9d
431b30-431b35,72,1,e905000000,,WRITE:0-0
431b3a-431b45,73,2,81ef2c3a48ace801000000,,WRITE:0-0
431b46-431b5e,73,5,83c4046681dadd8c6681f5532e81c004000000e801000000,,WRITE:0-0
431b5f-431b64,73,2,83042406c3,,WRITE:0-0
431b64-431b6a,72,1,0f8503000000,,WRITE:0-0
431b6d-431b75,73,3,fc4b0f856affffff,,WRITE:0-0
431b75-431b7a,1,1,e801000000,,WRITE:0-0
431b7b-431b80,2,2,83042406c3,,WRITE:0-0
431b80-431b8f,2,6,4561578f0525b9410060e801000000,m,WRITE:41b925-0
431b90-431ba2,2,4,83c404bd2d4576cfbfa61c4300e801000000,,WRITE:0-0
431ba3-431ba8,2,2,83042406c3,,WRITE:0-0
431ba8-431bad,1,1,e907000000,,WRITE:0-0
431bb4-431bc3,2,4,b9689ddc1713d881e9e199fdcbeb01,,WRITE:0-0
431bc4-431bd6,2,6,23f1683f00000066c1cb3f5a50e801000000,,WRITE:0-0
431bd7-431be0,2,3,83c40458e859c1ffff,,WRITE:0-0
431be0-431be6,1,1,0f8d04000000,,WRITE:0-0
431bea-431bee,64,2,8b077a03,,WRITE:0-0
431bee-431bf0,32,1,7b01,,WRITE:0-0
431bf1-431c03,64,4,66bd34b281258dba41004f6ddc2533c1eb01,m,WRITE:41ba8d-41ba8d
431c04-431c09,63,1,e904000000,,WRITE:0-0
431c0d-431c1f,64,3,810dc9b9410098256837c1c003e801000000,m,WRITE:41b9c9-41b9c9
431c20-431c25,64,2,83042406c3,,WRITE:0-0
431c25-431c2a,63,1,e87bd6ffff,,WRITE:0-0
431c2a-431c2f,63,1,e90d000000,,WRITE:0-0
431c3c-431c41,64,2,034704eb01,,WRITE:0-0
431c42-431c49,64,3,668bda8907eb01,m,WRITE:431ca6-431d9e
431c4a-431c4f,63,1,e902000000,,WRITE:0-0
431c51-431c59,64,2,81c172e98fae7203,,WRITE:0-0
431c59-431c5b,20,1,7301,,WRITE:0-0
431c5c-431c61,63,1,e907000000,,WRITE:0-0
431c68-431c74,64,3,81c70400000050e801000000,,WRITE:0-0
431c75-431c80,64,4,83c40458450f8d04000000,,WRITE:0-0
431c80-431c8b,64,3,66bde1bc4a0f855fffffff,,WRITE:0-0
431c8b-431c90,1,1,e801000000,,WRITE:0-0
431c91-431c96,2,2,83042406c3,,WRITE:0-0
431c96-431c9b,1,1,e901000000,,WRITE:0-0
431c9c-431ca8,2,2,81157dba410035455c1d7c03,m,WRITE:41ba7d-0
431ca8-431caa,1,1,7d01,,WRITE:0-0
431cab-431cad,1,1,7301,,WRITE:0-0
431cae-431cc3,2,5,811d7db8410059db910468a91d4300668bea5eeb01,m,WRITE:41b87d-0
431cc4-431cc9,1,1,e903000000,,WRITE:0-0
431ccc-431cd8,2,4,6803b13fd7fc5fe801000000,,WRITE:0-0
431cd9-431cde,2,2,83042406c3,,WRITE:0-0
431cde-431ce3,1,1,e909000000,,WRITE:0-0
431cec-431cfe,2,4,b90fe0b9bfd3d881c133204640e801000000,,WRITE:0-0
431cff-431d0b,2,5,83c404454b8b16e801000000,,WRITE:0-0
431d04-431d0b,66,2,8b16e801000000,,WRITE:0-0
431d0c-431d11,67,2,83042406c3,,WRITE:0-0
431d11-431d17,67,3,d3e533d77403,,WRITE:0-0
431d17-431d19,66,1,7501,,WRITE:0-0
431d1a-431d1f,66,1,e903000000,,WRITE:0-0
431d22-431d2a,67,2,c1c202e801000000,,WRITE:0-0
431d2b-431d45,67,6,83c40466c1e56b66c1dd93810d45ba410081dc14aa3356047c03,m,WRITE:41ba45-41ba45
431d45-431d47,39,1,7d01,,WRITE:0-0
431d48-431d4f,67,2,4d0f8202000000,,WRITE:0-0
431d4f-431d55,67,3,87c58916eb01,m,WRITE:431da9-431ead
431d56-431d5b,66,1,e904000000,,WRITE:0-0
431d5f-431d6a,67,2,81c706255232e801000000,,WRITE:0-0
431d6b-431d70,67,2,83042406c3,,WRITE:0-0
431d70-431d75,66,1,e906000000,,WRITE:0-0
431d7b-431d86,67,2,81eefcffffffe801000000,,WRITE:0-0
431d87-431d8c,67,2,83c4047a02,,WRITE:0-0
431d8c-431d90,67,2,87eb7903,,WRITE:0-0
431d93-431d9c,67,2,83e9010f8568ffffff,,WRITE:0-0
431d9c-431da1,1,1,e801000000,,WRITE:0-0
431da2-431dab,2,4,83c40487eb85dd7e03,,WRITE:0-0
431dab-431dad,1,1,7f01,,WRITE:0-0
431dae-431db3,1,1,e90b000000,,WRITE:0-0
431dbe-431dc9,2,3,beb81e430050e801000000,,WRITE:0-0
431dca-431dd3,2,3,83c40458e907000000,,WRITE:0-0
431dda-431de7,2,4,6831e9100c87c85ae801000000,,WRITE:0-0
431de8-431df2,2,3,83c404bd7cb54a477206,,WRITE:0-0
431df2-431e03,2,3,81d0743440fcbbcc89ff040f8001000000,,WRITE:0-0
431e03-431e0c,2,3,fc81eb2889ff047c03,,WRITE:0-0
431e0c-431e0e,1,1,7d01,,WRITE:0-0
431e0f-431e1b,2,4,668bcb6681c1fd588b3e7203,,WRITE:0-0
431e17-431e1b,164,2,8b3e7203,,WRITE:0-0
431e1b-431e1d,117,1,7301,,WRITE:0-0
431e1e-431e23,164,1,e816bfffff,,WRITE:0-0
431e23-431e2c,165,3,6681d9424103faeb01,,WRITE:0-0
431e2d-431e32,164,1,e903000000,,WRITE:0-0
431e35-431e3e,165,3,c1c71150e801000000,,WRITE:0-0
431e3f-431e49,165,3,83c404580f8305000000,,WRITE:0-0
431e4e-431e5c,165,5,83c6042b3e83ee0450e801000000,,WRITE:0-0
431e5d-431e67,165,3,83c404580f8202000000,,WRITE:0-0
431e67-431e70,165,3,85e9893ee801000000,m,WRITE:431eb8-432144
431e71-431e79,165,2,83c404e903000000,,WRITE:0-0
431e7c-431e87,165,2,81ea051938dfe801000000,,WRITE:0-0
431e88-431e8d,165,2,83042406c3,,WRITE:0-0
431e8d-431e9a,165,4,4df981eefcffffffe801000000,,WRITE:0-0
431e9b-431ea0,165,2,83042406c3,,WRITE:0-0
431ea0-431eaa,165,3,66d3c84b0f856dffffff,,WRITE:0-0
431eaa-431eb0,2,2,50e801000000,,WRITE:0-0
431eb1-431ebd,2,5,83c4045887c8fce84392ffff,,WRITE:0-0
431ebd-431ec4,2,2,6a00e80a000000,,WRITE:0-0
431ece-431ed3,1,1,e825000000,,WRITE:0-0
431ef8-431efa,2,2,6a00,,WRITE:0-0
