41b000-41b003,2,2,60eb01,,WRITE:0-0
41b004-41b006,1,1,eb01,,WRITE:0-0
41b007-41b009,1,1,7e03,,WRITE:0-0
41b00c-41b011,1,1,e801000000,,WRITE:0-0
41b012-41b017,2,2,83042406c3,,WRITE:0-0
41b017-41b020,2,2,66bfbeb6e801000000,,WRITE:0-0
41b021-41b02b,2,4,83c4044550e801000000,,WRITE:0-0
41b02c-41b036,2,4,83c404584fe801000000,,WRITE:0-0
41b037-41b042,2,3,83c4046603fbe801000000,,WRITE:0-0
41b043-41b048,2,2,83042406c3,,WRITE:0-0
41b048-41b04a,1,1,7803,,WRITE:0-0
41b04a-41b04f,2,2,662bf9eb01,,WRITE:0-0
41b050-41b053,2,2,f8eb01,,WRITE:0-0
41b054-41b05a,2,2,4ae801000000,,WRITE:0-0
41b05b-41b060,2,2,83042406c3,,WRITE:0-0
41b060-41b069,2,2,66bd3ea3e801000000,,WRITE:0-0
41b06a-41b06f,2,2,83042406c3,,WRITE:0-0
41b06f-41b072,2,2,fceb01,,WRITE:0-0
41b073-41b07d,2,3,66bf5a9750e801000000,,WRITE:0-0
41b07e-41b089,2,4,83c4045885fae801000000,,WRITE:0-0
41b08a-41b095,2,4,83c4040bd650e801000000,,WRITE:0-0
41b096-41b09c,2,3,83c404587301,,WRITE:0-0
41b09d-41b09f,1,1,7403,,WRITE:0-0
41b09f-41b0a1,1,1,7501,,WRITE:0-0
41b0a2-41b0a5,2,2,fc7803,,WRITE:0-0
41b0a5-41b0a7,1,1,7901,,WRITE:0-0
41b0a8-41b0ae,2,2,66baea9eeb01,,WRITE:0-0
41b0af-41b0b5,2,2,47e801000000,,WRITE:0-0
41b0b6-41b0be,2,2,83c404e908000000,,WRITE:0-0
41b0c6-41b0cd,2,2,bbbfb14100eb01,,WRITE:0-0
41b0ce-41b0d3,1,1,e904000000,,WRITE:0-0
41b0d7-41b0e1,2,2,bd22895940e801000000,,WRITE:0-0
41b0e2-41b0e7,2,2,83042406c3,,WRITE:0-0
41b0e7-41b0ec,1,1,e90a000000,,WRITE:0-0
41b0f6-41b108,2,4,b9a9563404d3cf81f190563404e801000000,,WRITE:0-0
41b109-41b110,2,3,83c4048bfe7003,,WRITE:0-0
41b110-41b11b,2,4,668bd18b0350e801000000,,WRITE:0-0
41b113-41b11b,57,3,8b0350e801000000,,WRITE:0-0
41b11c-41b122,58,3,83c404587502,,WRITE:0-0
41b124-41b12b,58,2,2bc5e801000000,,WRITE:0-0
41b12c-41b131,58,2,83042406c3,,WRITE:0-0
41b131-41b13c,58,4,66d3fe6623f2c1c017eb01,,WRITE:0-0
41b13d-41b14f,58,7,f8c1ff6f83ebfc030383eb0450e801000000,,WRITE:0-0
41b150-41b159,58,3,83c40458e902000000,,WRITE:0-0
41b15b-41b15f,58,2,89037a03,m,WRITE:41b1bf-41b29f
41b162-41b167,57,1,e903000000,,WRITE:0-0
41b16a-41b172,58,2,81ed61c11f2e7e03,,WRITE:0-0
41b172-41b174,18,1,7f01,,WRITE:0-0
41b175-41b17d,58,2,1bf50f8b02000000,,WRITE:0-0
41b17d-41b187,33,3,85f283c304e801000000,,WRITE:0-0
41b17f-41b187,26,2,83c304e801000000,,WRITE:0-0
41b188-41b190,58,2,83c404e911000000,,WRITE:0-0
41b1a1-41b1aa,58,2,83c1ff0f8569ffffff,,WRITE:0-0
41b1aa-41b1ac,1,1,eb01,,WRITE:0-0
41b1ad-41b1b2,1,1,e903000000,,WRITE:0-0
41b1b5-41b1ca,2,6,81357db9410013537df361548f05cdb84100607403,m,WRITE:41b97d-41b8cd
41b1ca-41b1cc,1,1,7501,,WRITE:0-0
41b1cd-41b1df,2,5,81cb029331a668a9b24100f85ee801000000,,WRITE:0-0
41b1e0-41b1fa,2,8,83c404f9c1db62bd0f47cea885d381ed2eda9f7d50e801000000,,WRITE:0-0
41b1fb-41b204,2,3,83c40458e907000000,,WRITE:0-0
41b20b-41b21b,2,4,bf766745e0668bc381ef2f6745e0eb01,,WRITE:0-0
41b21c-41b221,1,1,e902000000,,WRITE:0-0
41b223-41b227,72,2,8b0eeb01,,WRITE:0-0
41b228-41b236,72,6,d3e2f8508f05f5b9410003cdeb01,m,WRITE:41b9f5-41b9f5
41b237-41b23c,71,1,e903000000,,WRITE:0-0
41b23f-41b247,72,2,c1c916e801000000,,WRITE:0-0
41b248-41b250,72,2,83c404e902000000,,WRITE:0-0
41b252-41b257,72,2,034e04eb01,,WRITE:0-0
41b258-41b261,72,4,4a66bb10f0890eeb01,m,WRITE:41b2a9-41b3c1
41b262-41b267,71,1,e902000000,,WRITE:0-0
41b269-41b275,72,3,81c5be066fb650e801000000,,WRITE:0-0
41b276-41b280,72,3,83c404580f8502000000,,WRITE:0-0
41b282-41b28d,72,2,81c604000000e801000000,,WRITE:0-0
41b28e-41b29b,72,4,83c4044083ef010f8588ffffff,,WRITE:0-0
41b29b-41b2a0,1,1,e801000000,,WRITE:0-0
41b2a1-41b2ab,2,3,83c404ba9e7381eeeb01,,WRITE:0-0
41b2ac-41b2b7,2,4,4bc1c18b68c9b341007c05,,WRITE:0-0
41b2b7-41b2c3,2,4,6681c864c35a50e801000000,,WRITE:0-0
41b2c4-41b2cd,2,4,83c40458c1e1d67304,,WRITE:0-0
41b2d1-41b2df,2,4,bd7b000949f981c5690b77bbeb01,,WRITE:0-0
41b2e0-41b2ec,2,3,f8bfafea542d0f8802000000,,WRITE:0-0
41b2ec-41b2fa,2,4,d3c081f790ea542d50e801000000,,WRITE:0-0
41b2fb-41b30f,2,6,83c40458b9d8bd53e766c1d3f88b32e801000000,,WRITE:0-0
41b308-41b30f,63,2,8b32e801000000,,WRITE:0-0
41b310-41b319,64,2,83c4040f8902000000,,WRITE:0-0
41b31b-41b31d,63,1,7501,,WRITE:0-0
41b31e-41b322,64,2,2bf5eb01,,WRITE:0-0
41b323-41b326,64,2,f87302,,WRITE:0-0
41b328-41b330,64,2,c1ce08e801000000,,WRITE:0-0
41b331-41b336,64,2,83042406c3,,WRITE:0-0
41b336-41b33b,63,1,e906000000,,WRITE:0-0
41b341-41b34b,64,4,83eafc033283ea04eb01,,WRITE:0-0
41b34c-41b351,63,1,e90a000000,,WRITE:0-0
41b35b-41b362,64,2,8932e801000000,m,WRITE:41b3c9-41b4c1
41b363-41b368,64,2,83042406c3,,WRITE:0-0
41b368-41b36d,63,1,e909000000,,WRITE:0-0
41b376-41b381,64,2,81f5dfedd249e801000000,,WRITE:0-0
41b382-41b387,64,2,83042406c3,,WRITE:0-0
41b387-41b38c,63,1,e90a000000,,WRITE:0-0
41b396-41b3a1,64,2,81eafcffffffe801000000,,WRITE:0-0
41b3a2-41b3a7,64,2,83042406c3,,WRITE:0-0
41b3a7-41b3b1,64,3,fc83c7ff0f8557ffffff,,WRITE:0-0
41b3b1-41b3b7,2,2,50e801000000,,WRITE:0-0
41b3b8-41b3ce,2,6,83c4045885c14181150db94100a13e37a5e801000000,m,WRITE:41b90d-0
41b3cf-41b3d4,2,2,83042406c3,,WRITE:0-0
41b3d4-41b3d9,1,1,e906000000,,WRITE:0-0
41b3df-41b3ea,2,2,68c9b441000f8b02000000,,WRITE:0-0
41b3ea-41b3ef,2,3,85eb587403,,WRITE:0-0
41b3ef-41b3f1,1,1,7501,,WRITE:0-0
41b3f2-41b409,2,6,8be903ceba8ef2e49e81d9a4c9064a81c25ff306217803,,WRITE:0-0
41b40c-41b41e,2,5,c1dd23bf847ff0bb85e981f7c67ff0bbeb01,,WRITE:0-0
41b41f-41b424,1,1,e909000000,,WRITE:0-0
41b42d-41b434,67,2,8b30e801000000,,WRITE:0-0
41b435-41b43e,67,4,83c40487cb33f2eb01,,WRITE:0-0
41b43f-41b44d,67,4,6681d1e302c1ce0c50e801000000,,WRITE:0-0
41b44e-41b458,67,3,83c404580f8104000000,,WRITE:0-0
41b45c-41b46a,67,4,6681c504802b700450e801000000,,WRITE:0-0
41b46b-41b474,67,3,83c40458e904000000,,WRITE:0-0
41b478-41b47f,67,2,8930e801000000,m,WRITE:41b4c9-41b5cd
41b480-41b485,67,2,83042406c3,,WRITE:0-0
41b485-41b494,67,4,13d98be881c22e453121e801000000,,WRITE:0-0
41b495-41b49d,67,2,83c404e902000000,,WRITE:0-0
41b49f-41b4aa,67,2,81c004000000e801000000,,WRITE:0-0
41b4ab-41b4b0,67,2,83042406c3,,WRITE:0-0
41b4b0-41b4b5,66,1,e904000000,,WRITE:0-0
41b4b9-41b4c0,67,2,4f0f856dffffff,,WRITE:0-0
41b4c0-41b4c2,1,1,eb01,,WRITE:0-0
41b4c3-41b4c8,1,1,e901000000,,WRITE:0-0
41b4c9-41b4d4,2,5,61558f0581b9410060eb01,m,WRITE:41b981-0
41b4d5-41b4d9,2,2,85f77101,,WRITE:0-0
41b4da-41b4e3,2,4,68d6b5410047587a03,,WRITE:0-0
41b4e3-41b4e5,1,1,7b01,,WRITE:0-0
41b4e6-41b4eb,1,1,e910000000,,WRITE:0-0
41b4fb-41b50d,2,4,bd39515a77d3ea81ede7f4952ae801000000,,WRITE:0-0
41b50e-41b513,2,2,83042406c3,,WRITE:0-0
41b513-41b519,1,1,0f8a01000000,,WRITE:0-0
41b519-41b52e,2,6,f885d7b9827934538bf081f1c6793453e801000000,,WRITE:0-0
41b52f-41b53f,2,5,83c40485f266bee2928b18e801000000,,WRITE:0-0
41b538-41b53f,68,2,8b18e801000000,,WRITE:0-0
41b540-41b545,69,2,83c4047303,,WRITE:0-0
41b548-41b54c,69,2,03dd7e03,,WRITE:0-0
41b54c-41b54e,47,1,7f01,,WRITE:0-0
41b54f-41b554,68,1,e904000000,,WRITE:0-0
41b558-41b55d,69,2,c1cb19eb01,,WRITE:0-0
41b55e-41b567,69,3,f9335804e801000000,,WRITE:0-0
41b568-41b570,69,2,83c404e907000000,,WRITE:0-0
41b577-41b57e,69,2,8918e801000000,m,WRITE:41b5d6-41b6e2
41b57f-41b587,69,2,83c404e909000000,,WRITE:0-0
41b590-41b59b,69,2,81f5be8d9f62e801000000,,WRITE:0-0
41b59c-41b5ab,69,5,83c404668bfef881e8fcffffffeb01,,WRITE:0-0
41b5ac-41b5b1,68,1,e908000000,,WRITE:0-0
41b5b9-41b5c2,69,2,83e9010f8576ffffff,,WRITE:0-0
41b5c2-41b5c7,1,1,e801000000,,WRITE:0-0
41b5c8-41b5d0,2,2,83c404e906000000,,WRITE:0-0
41b5d6-41b5dc,2,2,50e801000000,,WRITE:0-0
41b5dd-41b5e7,2,3,83c404580f8b04000000,,WRITE:0-0
41b5e7-41b5f3,2,4,66bdbeecf9baebb64100eb01,,WRITE:0-0
41b5f4-41b610,2,6,6681f5815c810d15b84100237b79586888ccf18f13fa5be801000000,m,WRITE:41b815-0
41b611-41b619,2,2,83c404e907000000,,WRITE:0-0
41b620-41b634,2,4,bedbbe920666c1df3881c669416df9e801000000,,WRITE:0-0
41b635-41b63d,2,4,83c404f98b02eb01,,WRITE:0-0
41b639-41b63d,68,2,8b02eb01,,WRITE:0-0
41b63e-41b643,68,1,e905000000,,WRITE:0-0
41b648-41b650,69,3,03c350e801000000,,WRITE:0-0
41b651-41b65b,69,3,83c404580f8405000000,,WRITE:0-0
41b65b-41b669,69,4,bdce27b86166bfe989c1c8167203,,WRITE:0-0
41b669-41b66b,31,1,7301,,WRITE:0-0
41b66c-41b66e,68,1,7902,,WRITE:0-0
41b670-41b679,69,3,2b420450e801000000,,WRITE:0-0
41b67a-41b683,69,3,83c40458e903000000,,WRITE:0-0
41b686-41b68e,69,3,890250e801000000,m,WRITE:41b6eb-41b7f7
41b68f-41b698,69,3,83c40458e904000000,,WRITE:0-0
41b69c-41b6a7,69,2,81ebca04e315e801000000,,WRITE:0-0
41b6a8-41b6ad,69,2,83042406c3,,WRITE:0-0
41b6ad-41b6b4,69,2,410f8b05000000,,WRITE:0-0
41b6b4-41b6c2,34,4,b90a8ae4f983c20450e801000000,,WRITE:0-0
41b6b9-41b6c2,36,3,83c20450e801000000,,WRITE:0-0
41b6c3-41b6d3,69,5,83c40458bf40fc34614e0f8566ffffff,,WRITE:0-0
41b6d3-41b6d9,2,2,50e801000000,,WRITE:0-0
41b6da-41b6e4,2,3,83c404580f8a03000000,,WRITE:0-0
41b6e7-41b6e9,1,1,7202,,WRITE:0-0
41b6e9-41b6ed,2,2,d3ed7603,,WRITE:0-0
41b6f0-41b702,2,5,81d91801b6456802b84100415ae801000000,,WRITE:0-0
41b703-41b70b,2,2,83c404e901000000,,WRITE:0-0
41b70c-41b716,2,2,be1c81e507e801000000,,WRITE:0-0
41b717-41b71c,2,2,83042406c3,,WRITE:0-0
41b71c-41b721,1,1,e909000000,,WRITE:0-0
41b72a-41b734,2,2,bdcd520000e801000000,,WRITE:0-0
41b735-41b73a,2,2,83042406c3,,WRITE:0-0
41b73a-41b73f,1,1,e901000000,,WRITE:0-0
41b740-41b747,21198,2,8b3ae801000000,,WRITE:0-0
41b748-41b750,21198,2,83c404e909000000,,WRITE:0-0
41b759-41b761,21198,3,33fe50e801000000,,WRITE:0-0
41b762-41b772,21198,6,83c40458c1e9c5f8c1c71ce801000000,,WRITE:0-0
41b773-41b778,21198,2,83042406c3,,WRITE:0-0
41b778-41b77e,21197,1,0f8d03000000,,WRITE:0-0
41b781-41b787,21197,1,0f8b06000000,,WRITE:0-0
41b787-41b797,21198,5,81d1c94dec8183eafc333a83c2fc7a03,,WRITE:0-0
41b797-41b799,10599,1,7b01,,WRITE:0-0
41b79a-41b79c,21197,1,7402,,WRITE:0-0
41b79c-41b7a7,21198,4,87c8d3d8893ae801000000,m,WRITE:41b802-430332
41b7a8-41b7b1,21198,2,83c4040f8403000000,,WRITE:0-0
41b7b1-41b7bf,21198,3,66d3e181f6adc25ccee801000000,,WRITE:0-0
41b7c0-41b7dc,21198,6,83c404668bc7811d51b84100f2348cd581c20400000050e801000000,m,WRITE:41b851-41b851
41b7dd-41b7e6,21198,3,83c40458e902000000,,WRITE:0-0
41b7e8-41b7ef,21198,2,4d0f8551ffffff,,WRITE:0-0
41b7ef-41b7f5,2,2,50e801000000,,WRITE:0-0
41b7f6-41b7ff,2,3,83c40458e903000000,,WRITE:0-0
41b802-41b807,1,1,e9bb4a0100,,WRITE:0-0
42a8ce-42a8eb,2,11,520f31c1d00205b0620f9213c433c13185d5084100034424f8d1d05ac3,,WRITE:0-0
42b100-42b105,19,1,e800000000,,WRITE:0-0
42b105-42b10d,20,3,5d81ed05114100c3,,WRITE:0-0
42b12a-42b145,29,12,53505203c55053508b851c8541000fb60083e8333d990000007410,,WRITE:0-0
42b145-42b150,29,6,9090909058ff951c854100,,WRITE:0-0
42b150-42b152,28,1,eb17,,WRITE:0-0
42b169-42b171,29,5,5a89441500585bc3,,WRITE:0-0
42d0db-42d0e4,2,4,6087fe50e801000000,,WRITE:0-0
42d0e5-42d0ee,2,4,83c4045866d3c77203,,WRITE:0-0
42d0f1-42d0f8,2,3,4350e801000000,,WRITE:0-0
42d0f9-42d105,2,5,83c4045885f750e801000000,,WRITE:0-0
42d106-42d112,2,5,83c404588bfe50e801000000,,WRITE:0-0
42d113-42d11b,2,4,83c404588bde7603,,WRITE:0-0
42d11b-42d11d,1,1,7701,,WRITE:0-0
42d11e-42d127,2,3,66d3eb50e801000000,,WRITE:0-0
42d128-42d132,2,4,83c404584ee801000000,,WRITE:0-0
42d133-42d138,2,2,83042406c3,,WRITE:0-0
42d138-42d13e,1,1,0f8803000000,,WRITE:0-0
42d13e-42d143,2,2,668bdfeb01,,WRITE:0-0
42d144-42d14d,2,2,66bed649e801000000,,WRITE:0-0
42d14e-42d153,2,2,83042406c3,,WRITE:0-0
42d153-42d15b,2,3,87fe50e801000000,,WRITE:0-0
42d15c-42d166,2,4,83c40458fce801000000,,WRITE:0-0
42d167-42d16f,2,3,83c404c1d7f4eb01,,WRITE:0-0
42d170-42d172,1,1,7603,,WRITE:0-0
42d172-42d17a,2,2,66d3cfe801000000,,WRITE:0-0
42d17b-42d184,2,2,83c4040f8a01000000,,WRITE:0-0
42d184-42d187,2,2,fc7c03,,WRITE:0-0
42d187-42d189,1,1,7d01,,WRITE:0-0
42d18a-42d191,2,2,6681d396bc7e03,,WRITE:0-0
42d194-42d19b,2,2,87f7e801000000,,WRITE:0-0
42d19c-42d1a5,2,3,83c404f8e800000000,,WRITE:0-0
42d1a5-42d1ad,2,4,5d8bc53b45157c06,,WRITE:0-0
42d1ad-42d1b5,2,3,034515894515eb01,,WRITE:0-0
42d1b6-42d1c6,2,5,668bf16886d24200d3cb5ae801000000,,WRITE:0-0
42d1c7-42d1cf,2,2,83c404e904000000,,WRITE:0-0
42d1d3-42d1dd,2,2,bd9db82a61e801000000,,WRITE:0-0
42d1de-42d1e3,2,2,83042406c3,,WRITE:0-0
42d1e3-42d1fc,2,6,81df993d03eab84c8c93248bfb81e81d8c932450e801000000,,WRITE:0-0
42d1fd-42d206,2,5,83c40458f88b0aeb01,,WRITE:0-0
42d202-42d206,47,2,8b0aeb01,,WRITE:0-0
42d207-42d20c,47,1,e902000000,,WRITE:0-0
42d20e-42d212,48,2,03cd7e03,,WRITE:0-0
42d212-42d214,23,1,7f01,,WRITE:0-0
42d215-42d220,48,4,668bd9668bfdc1c10b7603,,WRITE:0-0
42d220-42d222,21,1,7701,,WRITE:0-0
42d223-42d225,47,1,7b01,,WRITE:0-0
42d225-42d228,29,2,467d02,,WRITE:0-0
42d226-42d228,19,1,7d02,,WRITE:0-0
42d228-42d233,38,4,23da034a0450e801000000,,WRITE:0-0
42d22a-42d233,11,3,034a0450e801000000,,WRITE:0-0
42d234-42d244,48,5,83c40458bb949f53f0890ae801000000,m,WRITE:42d286-42d33e
42d245-42d24f,48,3,83c404470f8202000000,,WRITE:0-0
42d24f-42d25c,48,3,1bd881c519b9ec7ae801000000,,WRITE:0-0
42d25d-42d26a,48,4,83c40487f783c204e801000000,,WRITE:0-0
42d26b-42d270,48,2,83042406c3,,WRITE:0-0
42d270-42d27a,48,3,6623f9480f8588ffffff,,WRITE:0-0
42d27a-42d27f,1,1,e801000000,,WRITE:0-0
42d280-42d28b,2,3,83c404668bf2e875deffff,,WRITE:0-0
42d28b-42d29f,2,5,68200300008dbd11184000576a00ff9573fd4000,,WRITE:0-0
42d29f-42d2b8,2,8,6a0068800000006a036a006a01680000008057ff952bfd4000,,WRITE:0-0
42d2b8-42d2bf,2,2,400f8487000000,,WRITE:0-0
42d2bf-42d2cb,2,5,488bf86a0057ff9577fd4000,,WRITE:0-0
42d2cb-42d2db,2,5,2b856b81410096566a40ff95fffc4000,,WRITE:0-0
42d2db-42d2df,2,2,85c0745e,,WRITE:0-0
42d2df-42d2f6,2,12,90909090936a008d851118400050565357ff954ffd4000,,WRITE:0-0
42d2f6-42d300,2,4,8bc38bce60e884000000,,WRITE:0-0
42d300-42d308,2,2,39856f8141007424,,WRITE:0-0
42d32c-42d335,2,4,618d853533410050c3,,WRITE:0-0
42d335-42d33c,2,2,53ff9503fd4000,,WRITE:0-0
42d33c-42d345,2,4,965057ff9527fd4000,,WRITE:0-0
42d345-42d34c,2,3,5860e800000000,,WRITE:0-0
42d34c-42d367,2,9,5e83ee06b9c000000029ceba1bfbb377c1e90283e90283f9007c1a,,WRITE:0-0
42d362-42d367,48,2,83f9007c1a,,WRITE:0-0
42d367-42d381,48,9,8b048e8b5c8e042bc3c1c80b2bc281ea19b9ec7a89048e49ebe1,m,WRITE:42d33e-42d286
42d381-42d384,2,3,6161c3,,WRITE:0-0
42d384-42d396,2,10,8bf833c033db33d28a07f7e203d84247e2f6,,WRITE:0-0
42d38c-42d396,192861,6,8a07f7e203d84247e2f6,,WRITE:0-0
42d396-42d398,2,2,93c3,,WRITE:0-0
42d398-42d39d,2,4,6040407702,,WRITE:0-0
42d39f-42d3a6,2,2,d3f8e801000000,,WRITE:0-0
42d3a7-42d3ac,2,2,83042406c3,,WRITE:0-0
42d3ac-42d3b6,2,2,6681c00e37e801000000,,WRITE:0-0
42d3b7-42d3be,2,3,83c40485ef7203,,WRITE:0-0
42d3be-42d3c0,1,1,7301,,WRITE:0-0
42d3c1-42d3c8,2,3,f950e801000000,,WRITE:0-0
42d3c9-42d3cf,2,3,83c404587c03,,WRITE:0-0
42d3cf-42d3d4,2,2,6613fd7403,,WRITE:0-0
42d3d4-42d3d6,1,1,7501,,WRITE:0-0
42d3d7-42d3da,2,2,45eb01,,WRITE:0-0
42d3db-42d3df,2,2,85fdeb01,,WRITE:0-0
42d3e0-42d3eb,2,3,6681e0290350e801000000,,WRITE:0-0
42d3ec-42d3f8,2,5,83c404582be950e801000000,,WRITE:0-0
42d3f9-42d406,2,4,83c4045866bf39a9e801000000,,WRITE:0-0
42d407-42d40c,2,2,83042406c3,,WRITE:0-0
42d40c-42d413,2,2,8bc5e801000000,,WRITE:0-0
42d414-42d419,2,2,83042406c3,,WRITE:0-0
42d419-42d420,2,2,33efe801000000,,WRITE:0-0
42d421-42d42a,2,3,83c404f9e801000000,,WRITE:0-0
42d42b-42d430,2,2,83042406c3,,WRITE:0-0
42d430-42d437,2,2,87e8e801000000,,WRITE:0-0
42d438-42d43e,2,3,83c40440eb01,,WRITE:0-0
42d43f-42d445,2,2,f8e800000000,,WRITE:0-0
42d445-42d44d,2,4,5d8bc53b45227c06,,WRITE:0-0
42d44d-42d458,2,3,034522894522e801000000,,WRITE:0-0
42d459-42d461,2,2,83c404e905000000,,WRITE:0-0
42d466-42d475,2,4,6843d5420066c1cf8d5be801000000,,WRITE:0-0
42d476-42d47b,2,2,83042406c3,,WRITE:0-0
42d47b-42d48f,2,5,66c1ede8b91666a444668be981c1e57dd7f3eb01,,WRITE:0-0
42d490-42d4a2,2,6,4885f8bee126d0d487fd81eec526d0d47603,,WRITE:0-0
42d4a2-42d4a4,1,1,7701,,WRITE:0-0
42d4a5-42d4aa,1,1,e902000000,,WRITE:0-0
42d4ac-42d4b0,29,2,8b13eb01,,WRITE:0-0
42d4b1-42d4b3,28,1,7302,,WRITE:0-0
42d4b5-42d4ba,29,3,402bd17a03,,WRITE:0-0
42d4ba-42d4bc,19,1,7b01,,WRITE:0-0
42d4bd-42d4c7,29,3,87fdc1ca1ee801000000,,WRITE:0-0
42d4c8-42d4db,29,8,83c404f84d83ebfc331383eb0450e801000000,,WRITE:0-0
42d4dc-42d4ec,29,6,83c4045866bd1ab4891350e801000000,m,WRITE:42d543-42d5af
42d4ed-42d501,29,6,83c40458c1c88d2bc181e9a55f6107e801000000,,WRITE:0-0
42d502-42d507,29,2,83042406c3,,WRITE:0-0
42d507-42d50d,28,1,0f8d03000000,,WRITE:0-0
42d510-42d516,28,1,0f8602000000,,WRITE:0-0
42d516-42d524,29,4,87fd81c30400000050e801000000,,WRITE:0-0
42d525-42d52e,29,3,83c40458e908000000,,WRITE:0-0
42d536-42d53d,29,2,4e0f856fffffff,,WRITE:0-0
42d53d-42d53f,1,1,7603,,WRITE:0-0
42d542-42d548,2,2,f8e8b8dbffff,,WRITE:0-0
42d548-42d55b,2,6,c68598334100c38db54ef8400056ad0bc07449,,WRITE:0-0
42d5a4-42d5b2,2,4,5e68307500006a40ff95fffc4000,,WRITE:0-0
42d5b2-42d5be,2,3,89854af8400060e800000000,,WRITE:0-0
42d5be-42d5d9,2,9,5e83ee06b97500000029ceba94cd3671c1e90283e90283f9007c1a,,WRITE:0-0
42d5d4-42d5d9,29,2,83f9007c1a,,WRITE:0-0
42d5d9-42d5f3,29,9,8b048e8b5c8e0433c3c1c01e03c281c2a55f610789048e49ebe1,m,WRITE:42d5af-42d543
42d5f3-42d5fa,2,3,6161e8f7240000,,WRITE:0-0
42d5fb-42d600,1,1,e800dbffff,,WRITE:0-0
42d600-42d61d,2,9,8d8583fb40008bd850508b85208541000fb60083e8333d990000007410,,WRITE:0-0
42d61d-42d628,2,6,9090909058ff9520854100,,WRITE:0-0
42d628-42d62a,1,1,eb17,,WRITE:0-0
42d641-42d645,2,2,0bc0753d,,WRITE:0-0
42d682-42d699,2,5,8bd8898512204000b890fb4000bafffc4000e891daffff,,WRITE:0-0
42d699-42d6a8,2,3,b89cfb4000ba03fd4000e882daffff,,WRITE:0-0
42d6a8-42d6b7,2,3,b8a7fb4000ba17fd4000e873daffff,,WRITE:0-0
42d6b7-42d6c6,2,3,b8bbfb4000ba1bfd4000e864daffff,,WRITE:0-0
42d6c6-42d6d5,2,3,b8d4fb4000ba1ffd4000e855daffff,,WRITE:0-0
42d6d5-42d6e4,2,3,b8e3fb4000ba23fd4000e846daffff,,WRITE:0-0
42d6e4-42d6f3,2,3,b8f1fb4000ba27fd4000e837daffff,,WRITE:0-0
42d6f3-42d702,2,3,b8fdfb4000ba2bfd4000e828daffff,,WRITE:0-0
42d702-42d711,2,3,b809fc4000ba2ffd4000e819daffff,,WRITE:0-0
42d711-42d720,2,3,b81afc4000ba47fd4000e80adaffff,,WRITE:0-0
42d720-42d72f,2,3,b82cfc4000ba4bfd4000e8fbd9ffff,,WRITE:0-0
42d72f-42d73e,2,3,b838fc4000ba4ffd4000e8ecd9ffff,,WRITE:0-0
42d73e-42d74d,2,3,b841fc4000ba53fd4000e8ddd9ffff,,WRITE:0-0
42d74d-42d75c,2,3,b84bfc4000ba57fd4000e8ced9ffff,,WRITE:0-0
42d75c-42d76b,2,3,b857fc4000ba5bfd4000e8bfd9ffff,,WRITE:0-0
42d76b-42d77a,2,3,b864fc4000ba5ffd4000e8b0d9ffff,,WRITE:0-0
42d77a-42d789,2,3,b87dfc4000ba67fd4000e8a1d9ffff,,WRITE:0-0
42d789-42d798,2,3,b88efc4000ba6bfd4000e892d9ffff,,WRITE:0-0
42d798-42d7a7,2,3,b89ffc4000ba6ffd4000e883d9ffff,,WRITE:0-0
42d7a7-42d7b6,2,3,b8a7fd4000baa3fd4000e874d9ffff,,WRITE:0-0
42d7b6-42d7c5,2,3,b8d7fd4000ba73fd4000e865d9ffff,,WRITE:0-0
42d7c5-42d7d4,2,3,b8eafd4000ba77fd4000e856d9ffff,,WRITE:0-0
42d7d4-42d7f1,2,9,8d85b0fc40008bd850508b85208541000fb60083e8333d990000007410,,WRITE:0-0
42d7f1-42d7fc,2,6,9090909058ff9520854100,,WRITE:0-0
42d7fc-42d7fe,1,1,eb17,,WRITE:0-0
42d815-42d819,2,2,0bc0753d,,WRITE:0-0
42d856-42d86d,2,5,8bd8898516204000b8bbfc4000ba07fd4000e8bdd8ffff,,WRITE:0-0
42d86d-42d87c,2,3,b8c7fc4000ba0bfd4000e8aed8ffff,,WRITE:0-0
42d87c-42d88b,2,3,b8d6fc4000ba0ffd4000e89fd8ffff,,WRITE:0-0
42d88b-42d89a,2,3,b8e4fc4000ba13fd4000e890d8ffff,,WRITE:0-0
42d89a-42d8a9,2,3,b8bafd4000bab6fd4000e881d8ffff,,WRITE:0-0
42d8a9-42d8b8,2,3,b8c8fd4000bac4fd4000e872d8ffff,,WRITE:0-0
42d8b8-42d8cb,2,371,8dbd83fb40008d8df1fc40002bcf33c0f3aac3,m,WRITE:429b83-429cf0
42dd39-42dd40,570,2,600f8003000000,,WRITE:0-0
42dd40-42dd48,2,4,668bdf8bfd4b7702,,WRITE:0-0
42dd4a-42dd50,2,2,50e801000000,,WRITE:0-0
42dd51-42dd5c,2,4,83c4045887fbe801000000,,WRITE:0-0
42dd5d-42dd69,2,4,83c404668bfd50e801000000,,WRITE:0-0
42dd6a-42dd76,2,5,83c4045823d350e801000000,,WRITE:0-0
42dd77-42dd81,2,4,83c40458f9e801000000,,WRITE:0-0
42dd82-42dd87,2,2,83042406c3,,WRITE:0-0
42dd87-42dd8f,2,3,87d350e801000000,,WRITE:0-0
42dd90-42dd96,2,3,83c404587503,,WRITE:0-0
42dd99-42dd9b,1,1,eb01,,WRITE:0-0
42dd9c-42dda0,2,2,85d7eb01,,WRITE:0-0
42dda1-42dda4,2,2,fceb01,,WRITE:0-0
42dda5-42ddac,2,2,87dae801000000,,WRITE:0-0
42ddad-42ddb2,2,2,83042406c3,,WRITE:0-0
42ddb2-42ddb4,1,1,7a03,,WRITE:0-0
42ddb7-42ddb9,1,1,eb01,,WRITE:0-0
42ddba-42ddbc,1,1,7a02,,WRITE:0-0
42ddbe-42ddc3,1,1,e801000000,,WRITE:0-0
42ddc4-42ddcb,2,3,83c40485d7eb01,,WRITE:0-0
42ddcc-42ddce,1,1,7203,,WRITE:0-0
42ddce-42ddd3,2,2,668bd9eb01,,WRITE:0-0
42ddd4-42ddda,2,2,4fe800000000,,WRITE:0-0
42ddda-42dde2,2,4,5d8bc53b451b7c06,,WRITE:0-0
42dde2-42ddea,2,3,03451b89451b7c03,,WRITE:0-0
42ddea-42ddec,1,1,7d01,,WRITE:0-0
42dded-42ddf3,1,1,0f8a01000000,,WRITE:0-0
42ddf4-42ddfe,2,2,bee4de4200e801000000,,WRITE:0-0
42ddff-42de13,2,5,83c4046681e30623f8bd4c8b00040f8201000000,,WRITE:0-0
42de13-42de1f,2,3,f981ed7f0b8059e801000000,,WRITE:0-0
42de20-42de2f,2,4,83c404ba13ef7f5db99759c2367604,,WRITE:0-0
42de2f-42de3b,2,3,66c1d35f81e91459c236eb01,,WRITE:0-0
42de3c-42de48,2,5,f987faad83ee04e801000000,,WRITE:0-0
42de3f-42de48,131,3,ad83ee04e801000000,,WRITE:0-0
42de49-42de51,132,2,83c404e908000000,,WRITE:0-0
42de59-42de5d,132,2,2bc57e03,,WRITE:0-0
42de5d-42de5f,60,1,7f01,,WRITE:0-0
42de60-42de65,131,1,e907000000,,WRITE:0-0
42de6c-42de7b,132,3,81354db9410095f0e780c1c01deb01,m,WRITE:41b94d-41b94d
42de7c-42de81,131,1,e904000000,,WRITE:0-0
42de85-42de8e,132,3,2b460450e801000000,,WRITE:0-0
42de8f-42de98,132,3,83c40458e903000000,,WRITE:0-0
42de9b-42dea2,132,2,8906e801000000,m,WRITE:42dee4-42e0ec
42dea3-42dea8,132,2,83042406c3,,WRITE:0-0
42dea8-42deb1,132,3,4b81f510f09ddd7a03,,WRITE:0-0
42deb1-42deb3,65,1,7b01,,WRITE:0-0
42deb4-42deb9,131,1,e903000000,,WRITE:0-0
42debc-42dec4,132,2,81eefcffffff7403,,WRITE:0-0
42dec4-42dec6,131,1,7501,,WRITE:0-0
42dec7-42decc,131,1,e901000000,,WRITE:0-0
42decd-42ded4,132,2,490f856bffffff,,WRITE:0-0
42ded4-42deda,2,2,50e801000000,,WRITE:0-0
42dedb-42dee9,2,5,83c404586613f887fae817d2ffff,,WRITE:0-0
42dee9-42def2,2,2,80bda5524100c37409,,WRITE:0-0
42defb-42df11,2,3,66c7852cf54000000083bd4f814100000f84e5010000,,WRITE:0-0
42e0f6-42e0fc,2,2,60e800000000,,WRITE:0-0
42e0fc-42e117,2,9,5e83ee06b91202000029cebacd7f80aac1e90283e90283f9007c1a,,WRITE:0-0
42e112-42e117,132,2,83f9007c1a,,WRITE:0-0
42e117-42e131,132,9,8b048e8b5c8e0403c3c1c81d03c281f210f09ddd89048e49ebe1,m,WRITE:42e0ec-42dee4
42e131-42e13a,2,6,61f8f9c1daa4417c03,,WRITE:0-0
42e13a-42e13c,1,1,7d01,,WRITE:0-0
42e13d-42e13f,1,1,7001,,WRITE:0-0
42e13f-42e145,2,2,42e801000000,,WRITE:0-0
42e146-42e14b,2,2,83042406c3,,WRITE:0-0
42e14b-42e14f,2,2,85ca7403,,WRITE:0-0
42e152-42e158,2,2,f8e801000000,,WRITE:0-0
42e159-42e15e,2,2,83042406c3,,WRITE:0-0
42e15e-42e161,2,2,417603,,WRITE:0-0
42e161-42e163,1,1,7701,,WRITE:0-0
42e164-42e16b,2,2,87cbe801000000,,WRITE:0-0
42e16c-42e176,2,3,83c40485d9e801000000,,WRITE:0-0
42e177-42e181,2,3,83c4048bcde801000000,,WRITE:0-0
42e182-42e187,2,2,83042406c3,,WRITE:0-0
42e187-42e18d,2,2,4be801000000,,WRITE:0-0
42e18e-42e199,2,3,83c4046633cee801000000,,WRITE:0-0
42e19a-42e1a4,2,3,83c404bb053621a1eb01,,WRITE:0-0
42e1a5-42e1af,2,2,6681f262c3e801000000,,WRITE:0-0
42e1b0-42e1b5,2,2,83042406c3,,WRITE:0-0
42e1b5-42e1b7,1,1,7801,,WRITE:0-0
42e1b7-42e1be,2,3,4350e801000000,,WRITE:0-0
42e1bf-42e1c9,2,3,83c404580f8701000000,,WRITE:0-0
42e1ca-42e1cc,1,1,eb01,,WRITE:0-0
42e1cd-42e1d3,1,1,0f8d02000000,,WRITE:0-0
42e1d5-42e1da,1,1,e800000000,,WRITE:0-0
42e1da-42e1e2,2,4,5d8bc53b451d7c06,,WRITE:0-0
42e1e2-42e1ed,2,3,03451d89451de801000000,,WRITE:0-0
42e1ee-42e1f3,2,2,83042406c3,,WRITE:0-0
42e1f3-42e1fd,2,3,66d3eabedce24200eb01,,WRITE:0-0
42e1fe-42e203,1,1,e901000000,,WRITE:0-0
42e204-42e20f,2,2,bfa1b77d7d0f8b04000000,,WRITE:0-0
42e20f-42e21b,2,3,66bb57c981ef95f570a47e03,,WRITE:0-0
42e21b-42e21d,1,1,7f01,,WRITE:0-0
42e21e-42e233,2,5,87d1bd919c0c8a660bd681c5ef63f375e801000000,,WRITE:0-0
42e234-42e239,2,2,83042406c3,,WRITE:0-0
42e239-42e23e,1,1,e90b000000,,WRITE:0-0
42e249-42e253,129,4,ad83c6fc50e801000000,,WRITE:0-0
42e254-42e25e,129,3,83c404580f8203000000,,WRITE:0-0
42e25e-42e265,129,3,6633d603c7eb01,,WRITE:0-0
42e266-42e270,129,3,85d3c1c81de801000000,,WRITE:0-0
42e271-42e276,129,2,83042406c3,,WRITE:0-0
42e276-42e285,129,5,6613df518f0501ba41000346047603,m,WRITE:41ba01-41ba01
42e285-42e287,45,1,7701,,WRITE:0-0
42e288-42e28a,128,1,7703,,WRITE:0-0
42e28a-42e291,84,3,668bde89067203,m,WRITE:42e2e4-42e4d8
42e28d-42e291,46,2,89067203,m,WRITE:42e2dc-42e4cc
42e291-42e293,45,1,7301,,WRITE:0-0
42e294-42e296,128,1,7d02,,WRITE:0-0
42e296-42e2a3,44,3,85cb81f78a37f359e801000000,,WRITE:0-0
42e298-42e2a3,86,2,81f78a37f359e801000000,,WRITE:0-0
42e2a4-42e2b4,129,6,83c40449662bd083c60450e801000000,,WRITE:0-0
42e2b5-42e2be,129,3,83c40458e902000000,,WRITE:0-0
42e2c0-42e2c9,129,2,83c5ff0f8580ffffff,,WRITE:0-0
42e2c9-42e2ce,1,1,e801000000,,WRITE:0-0
42e2cf-42e2d7,2,2,83c404e905000000,,WRITE:0-0
42e2dc-42e2e1,1,1,e81fceffff,,WRITE:0-0
42e2e1-42e2f0,2,2,6681bd2cf5400000ff0f84ac000000,,WRITE:0-0
42e2f0-42e2fb,2,2,6681bd2cf5400001ff7439,,WRITE:0-0
42e2fb-42e30a,2,6,909090906681bd2cf5400002ff7453,,WRITE:0-0
42e30a-42e313,2,5,90909090e989000000,,WRITE:0-0
42e39c-42e3a9,2,2,80bd0d444100000f841b010000,,WRITE:0-0
42e4c4-42e4cd,2,2,80bd6cf7400001740c,,WRITE:0-0
42e4cd-42e4e6,2,15,909090909090909090909090c685393d4100c360e800000000,,WRITE:0-0
42e4e6-42e501,2,9,5e83ee06b90402000029ceba86f5ff80c1e90283e90283f9007c1a,,WRITE:0-0
42e4fc-42e501,129,2,83f9007c1a,,WRITE:0-0
42e501-42e51b,129,9,8b048e8b5c8e042bc3c1c01d2bc281f28a37f35989048e49ebe1,m,WRITE:42e4d8-42e2dc
42e51b-42e522,2,3,6161e84c050000,,WRITE:0-0
42ea6e-42ea71,2,2,60eb04,,WRITE:0-0
42ea75-42ea7b,2,4,f8482bc17202,,WRITE:0-0
42ea7b-42ea82,2,2,8bcfe801000000,,WRITE:0-0
42ea83-42ea88,2,2,83042406c3,,WRITE:0-0
42ea88-42ea8e,2,2,41e801000000,,WRITE:0-0
42ea8f-42ea98,2,2,83c4040f8505000000,,WRITE:0-0
42ea9d-42eaa3,2,2,50e801000000,,WRITE:0-0
42eaa4-42eaaf,2,4,83c40458bbd975cf62eb01,,WRITE:0-0
42eab0-42eab6,1,1,0f8406000000,,WRITE:0-0
42eab6-42eabe,2,2,81d1b94073dc7803,,WRITE:0-0
42eac1-42eac8,2,3,f850e801000000,,WRITE:0-0
42eac9-42ead4,2,4,83c40458bb27874eb07403,,WRITE:0-0
42ead4-42ead6,1,1,7501,,WRITE:0-0
42ead7-42eade,2,2,8bc5e801000000,,WRITE:0-0
42eadf-42eae8,2,3,83c40449e801000000,,WRITE:0-0
42eae9-42eaee,2,2,83042406c3,,WRITE:0-0
42eaee-42eaf1,2,2,417403,,WRITE:0-0
42eaf1-42eaf3,1,1,7501,,WRITE:0-0
42eaf4-42eaf7,2,2,417c03,,WRITE:0-0
42eafa-42eafc,1,1,7d03,,WRITE:0-0
42eafc-42eb05,2,3,c1cb7350e801000000,,WRITE:0-0
42eb06-42eb10,2,3,83c404580f8805000000,,WRITE:0-0
42eb10-42eb17,2,2,b9b4fe81d87603,,WRITE:0-0
42eb17-42eb19,1,1,7701,,WRITE:0-0
42eb1a-42eb20,2,2,49e801000000,,WRITE:0-0
42eb21-42eb26,2,2,83042406c3,,WRITE:0-0
42eb26-42eb2e,2,2,662bc8e800000000,,WRITE:0-0
42eb2e-42eb36,2,4,5d8bc53b45197c06,,WRITE:0-0
42eb36-42eb3e,2,3,0345198945197403,,WRITE:0-0
42eb3e-42eb40,1,1,7501,,WRITE:0-0
42eb41-42eb51,2,5,66d3f985d9be1fec420050e801000000,,WRITE:0-0
42eb52-42eb5b,2,3,83c40458e904000000,,WRITE:0-0
42eb5f-42eb69,2,2,bf36d9b1c3e801000000,,WRITE:0-0
42eb6a-42eb7c,2,7,83c404f968ec00000085c15d50e801000000,,WRITE:0-0
42eb7d-42eb83,2,3,83c404587002,,WRITE:0-0
42eb83-42eb89,2,3,85d98b167e03,,WRITE:0-0
42eb85-42eb89,236,2,8b167e03,,WRITE:0-0
42eb89-42eb8b,235,1,7f01,,WRITE:0-0
42eb8c-42eb91,236,1,e901000000,,WRITE:0-0
42eb92-42eb9a,237,3,03d750e801000000,,WRITE:0-0
42eb9b-42eba9,237,6,83c404584140c1ca0de801000000,,WRITE:0-0
42ebaa-42ebbb,237,5,83c4046681e9472033560450e801000000,,WRITE:0-0
42ebbc-42ebcc,237,5,83c404586681f1688c8916e801000000,m,WRITE:42ec1f-42efcb
42ebcd-42ebd5,237,2,83c404e913000000,,WRITE:0-0
42ebe8-42ebf3,237,2,81efc0b57a05e801000000,,WRITE:0-0
42ebf4-42ebf9,237,2,83042406c3,,WRITE:0-0
42ebf9-42ec02,237,3,4381eefcffffff7803,,WRITE:0-0
42ec02-42ec04,236,1,7901,,WRITE:0-0
42ec05-42ec0a,236,1,e903000000,,WRITE:0-0
42ec0d-42ec16,237,2,83c5ff0f856fffffff,,WRITE:0-0
42ec16-42ec18,1,1,7c03,,WRITE:0-0
42ec18-42ec1a,1,1,7d01,,WRITE:0-0
42ec1b-42ec1d,1,1,7302,,WRITE:0-0
42ec1d-42ec24,2,2,87d8e8dcc4ffff,,WRITE:0-0
42ec24-42ec46,2,5,c6856e4a4100c3c6856df7400000c685744a41000080bd6cf74000010f848d030000,,WRITE:0-0
42ec46-42ec54,2,3,8a85634c41000ac00f847f030000,,WRITE:0-0
42efd3-42efd9,2,2,60e800000000,,WRITE:0-0
42efd9-42eff4,2,9,5e83ee06b9b403000029cebaf6010dbcc1e90283e90283f9007c1a,,WRITE:0-0
42efef-42eff4,237,2,83f9007c1a,,WRITE:0-0
42eff4-42f00e,237,9,8b048e8b5c8e0433c3c1c00d2bc281c2c0b57a0589048e49ebe1,m,WRITE:42efcb-42ec1f
42f00e-42f016,2,4,6187c2661beb7e03,,WRITE:0-0
42f019-42f01d,2,2,33d17803,,WRITE:0-0
42f01d-42f01f,1,1,7901,,WRITE:0-0
42f020-42f022,1,1,7801,,WRITE:0-0
42f022-42f028,2,2,f9e801000000,,WRITE:0-0
42f029-42f033,2,3,83c40487c5e801000000,,WRITE:0-0
42f034-42f03d,2,2,83c4040f8603000000,,WRITE:0-0
42f03d-42f045,2,2,662bd3e801000000,,WRITE:0-0
42f046-42f04b,2,2,83042406c3,,WRITE:0-0
42f04b-42f050,2,2,6603c77603,,WRITE:0-0
42f050-42f052,1,1,7701,,WRITE:0-0
42f053-42f05b,2,2,668bd3e801000000,,WRITE:0-0
42f05c-42f065,2,3,83c404f9e801000000,,WRITE:0-0
42f066-42f06b,2,2,83042406c3,,WRITE:0-0
42f06b-42f071,2,2,fce801000000,,WRITE:0-0
42f072-42f077,2,2,83042406c3,,WRITE:0-0
42f077-42f07a,2,2,fceb01,,WRITE:0-0
42f07b-42f07e,2,2,fceb01,,WRITE:0-0
42f07f-42f085,2,2,4ae801000000,,WRITE:0-0
42f086-42f093,2,3,83c404ba829dfd8fe801000000,,WRITE:0-0
42f094-42f099,2,2,83c4047304,,WRITE:0-0
42f09d-42f0a2,1,1,e801000000,,WRITE:0-0
42f0a3-42f0a8,2,2,83042406c3,,WRITE:0-0
42f0a8-42f0af,2,2,85e8e800000000,,WRITE:0-0
42f0af-42f0b7,2,4,5d8bc53b45277c06,,WRITE:0-0
42f0b7-42f0c2,2,3,034527894527e801000000,,WRITE:0-0
42f0c3-42f0c8,2,2,83042406c3,,WRITE:0-0
42f0c8-42f0cd,1,1,e908000000,,WRITE:0-0
42f0d5-42f0dc,2,2,b9b9f14200eb01,,WRITE:0-0
42f0dd-42f0e2,1,1,e902000000,,WRITE:0-0
42f0e4-42f0f6,2,4,bbb6c1f21587ea81c3b0c39ddce801000000,,WRITE:0-0
42f0f7-42f0ff,2,2,83c404e908000000,,WRITE:0-0
42f107-42f112,2,4,6829000000c1c2955eeb01,,WRITE:0-0
42f113-42f11f,2,5,d3c587d58b3950e801000000,,WRITE:0-0
42f117-42f11f,41,3,8b3950e801000000,,WRITE:0-0
42f120-42f126,42,3,83c404587b01,,WRITE:0-0
42f126-42f130,42,4,fc85e803fbe801000000,,WRITE:0-0
42f131-42f136,42,2,83042406c3,,WRITE:0-0
42f136-42f13b,41,1,e907000000,,WRITE:0-0
42f142-42f14a,42,2,c1cf16e801000000,,WRITE:0-0
42f14b-42f159,42,6,83c4044883c104033983e904eb01,,WRITE:0-0
42f15a-42f15c,41,1,7602,,WRITE:0-0
42f15c-42f166,42,4,85eaf88939e801000000,m,WRITE:42f1b9-42f259
42f167-42f16c,42,2,83042406c3,,WRITE:0-0
42f16c-42f178,42,3,4081f3246b3858e801000000,,WRITE:0-0
42f179-42f17e,42,2,83042406c3,,WRITE:0-0
42f17e-42f18e,42,3,bdd662cb8a81e9fcffffffe801000000,,WRITE:0-0
42f18f-42f194,42,2,83042406c3,,WRITE:0-0
42f194-42f199,41,1,e902000000,,WRITE:0-0
42f19b-42f1a4,42,2,83c6ff0f8573ffffff,,WRITE:0-0
42f1a4-42f1aa,2,2,50e801000000,,WRITE:0-0
42f1ab-42f1b4,2,3,83c40458e905000000,,WRITE:0-0
42f1b9-42f1be,1,1,e842bfffff,,WRITE:0-0
42f1be-42f1cb,2,2,80bd744a4100000f8497000000,,WRITE:0-0
42f262-42f268,2,2,60e800000000,,WRITE:0-0
42f268-42f283,2,9,5e83ee06b9a900000029ceba668590f2c1e90283e90283f9007c1a,,WRITE:0-0
42f27e-42f283,42,2,83f9007c1a,,WRITE:0-0
42f283-42f29d,42,9,8b048e8b5c8e042bc3c1c0162bc281f2246b385889048e49ebe1,m,WRITE:42f259-42f1b9
42f29d-42f2a0,2,3,6161c3,,WRITE:0-0
42f2a5-42f2ab,534,5,604af8fc7802,,WRITE:0-0
42f2ab-42f2b7,2,4,85d666c1d6ddf8e801000000,,WRITE:0-0
42f2b8-42f2be,2,3,83c40440eb01,,WRITE:0-0
42f2bf-42f2c5,2,2,fce801000000,,WRITE:0-0
42f2c6-42f2ce,2,3,83c40466d3feeb01,,WRITE:0-0
42f2cf-42f2d5,2,2,66c1f84d7403,,WRITE:0-0
42f2d8-42f2df,2,2,87d0e801000000,,WRITE:0-0
42f2e0-42f2e5,2,2,83c4047a01,,WRITE:0-0
42f2e6-42f2eb,1,1,e801000000,,WRITE:0-0
42f2ec-42f2f4,2,3,83c404668bf3eb01,,WRITE:0-0
42f2f5-42f2fe,2,2,66bad86de801000000,,WRITE:0-0
42f2ff-42f304,2,2,83042406c3,,WRITE:0-0
42f304-42f307,2,2,467203,,WRITE:0-0
42f307-42f309,1,1,7301,,WRITE:0-0
42f30a-42f30c,1,1,7202,,WRITE:0-0
42f30c-42f314,2,3,85f250e801000000,,WRITE:0-0
42f315-42f320,2,5,83c404584a50e801000000,,WRITE:0-0
42f321-42f32b,2,4,83c404584ae801000000,,WRITE:0-0
42f32c-42f334,2,3,83c404668bf3eb01,,WRITE:0-0
42f335-42f33d,2,2,c1e290e801000000,,WRITE:0-0
42f33e-42f349,2,3,83c40481e286e21d247403,,WRITE:0-0
42f349-42f34b,1,1,7501,,WRITE:0-0
42f34c-42f353,2,2,85f0e800000000,,WRITE:0-0
42f353-42f35b,2,4,5d8bc53b451c7c06,,WRITE:0-0
42f35b-42f366,2,3,03451c89451ce801000000,,WRITE:0-0
42f367-42f36c,2,2,83042406c3,,WRITE:0-0
42f36c-42f375,2,3,03f26850f442007001,,WRITE:0-0
42f375-42f37c,2,3,f95fe801000000,,WRITE:0-0
42f37d-42f382,2,2,83042406c3,,WRITE:0-0
42f382-42f398,2,6,66d3ea85c6bd8db126ff4281f50452bf57e801000000,,WRITE:0-0
42f399-42f3a1,2,2,83c404e902000000,,WRITE:0-0
42f3a3-42f3ae,2,4,689b000000661bd659eb01,,WRITE:0-0
42f3af-42f3b5,1,1,0f8705000000,,WRITE:0-0
42f3b5-42f3c1,2,3,6681c63f808b1fe801000000,,WRITE:0-0
42f3ba-42f3c1,155,2,8b1fe801000000,,WRITE:0-0
42f3c2-42f3ce,156,4,83c40485f033dde801000000,,WRITE:0-0
42f3cf-42f3d4,156,2,83042406c3,,WRITE:0-0
42f3d4-42f3de,156,4,42c1c30550e801000000,,WRITE:0-0
42f3df-42f3e8,156,3,83c40458e904000000,,WRITE:0-0
42f3ec-42f3f4,156,2,335f04e801000000,,WRITE:0-0
42f3f5-42f3fa,156,2,83042406c3,,WRITE:0-0
42f3fa-42f3fd,156,2,4e7704,,WRITE:0-0
42f401-42f408,156,2,891fe801000000,m,WRITE:42f450-42f6b8
42f409-42f40e,156,2,83042406c3,,WRITE:0-0
42f40e-42f418,156,3,85c281c596043772eb01,,WRITE:0-0
42f419-42f41e,155,1,e910000000,,WRITE:0-0
42f42e-42f436,156,2,83c704e801000000,,WRITE:0-0
42f437-42f43f,156,2,83c404e902000000,,WRITE:0-0
42f441-42f44a,156,2,83c1ff0f8570ffffff,,WRITE:0-0
42f44a-42f44c,1,1,7203,,WRITE:0-0
42f44f-42f455,2,2,48e8abbcffff,,WRITE:0-0
42f455-42f48c,2,10,c685a5524100c3c7850bf940000010400001ad0bf9400083850bf94000108b9546f840008bb507f9400003f28b460c0bc00f8425020000,a,WRITE:0-0
42f481-42f48c,2,3,8b460c0bc00f8425020000,a,WRITE:0-0
42f48c-42f4a5,2,13,83660c0003c28bd85657508bf38bfbacc0c003aa803f0075f6,anm,WRITE:4182c8-41851e
42f49b-42f4a5,12,5,acc0c003aa803f0075f6,am,WRITE:41851f-418529
42f4a5-42f4af,2,5,585f5e50ff9520854100,,WRITE:0-0
42f4af-42f4b3,2,2,0bc07543,,WRITE:0-0
42f4f6-42f500,2,6,602bc0880343380375f9,am,WRITE:41851e-0
42f4f9-42f500,12,4,880343380375f9,am,WRITE:41851f-418529
42f500-42f51d,2,7,6189853ef84000c78542f84000000000008b9546f840008b060bc07507,a,WRITE:0-0
42f511-42f51d,67,4,8b9546f840008b060bc07507,a,WRITE:0-0
42f524-42f541,68,8,03c2038542f840008b188b7e1003fa03bd42f8400085db0f8462010000,a,WRITE:0-0
42f541-42f549,67,2,f7c300000080751d,,WRITE:0-0
42f549-42f563,67,16,9090909003da83c3025657508bf38bfbacc0c003aa803f0075f6,am,WRITE:4183f2-4188ba
42f559-42f563,933,5,acc0c003aa803f0075f6,am,WRITE:4183f3-4188c6
42f563-42f56e,67,5,585f5e3b9d46f840007c11,,WRITE:0-0
42f56e-42f57b,67,6,9090909083bd1a20400000750a,,WRITE:0-0
42f57b-42f592,67,8,9090909081e3ffffff0f53ffb53ef84000ff951c854100,,WRITE:0-0
42f592-42f59a,67,2,3b9d46f840007c0f,,WRITE:0-0
42f59a-42f5a8,67,10,90909090602bc0880343380375f9,am,WRITE:4183f2-4188ba
42f5a1-42f5a8,933,4,880343380375f9,am,WRITE:4183f3-4188c6
42f5a8-42f5b1,67,3,610bc00f8415ffffff,,WRITE:0-0
42f5b1-42f5b9,67,2,3b852c8541007420,,WRITE:0-0
42f5b9-42f5c5,67,6,909090903b85c4fd40007409,,WRITE:0-0
42f5c5-42f5cb,67,5,90909090eb14,,WRITE:0-0
42f5df-42f5ef,67,5,56ffb53ef840005e39b5122040007415,,WRITE:0-0
42f604-42f60d,67,2,80bd16564100007457,,WRITE:0-0
42f664-42f681,67,266,5e608bd02bbd46f840008bc7b9010100008dbdebec4000f2af0bc97413,,WRITE:0-0
42f694-42f6a3,67,4,618907838542f8400004e96efeffff,anm,WRITE:412000-412104
42f6a3-42f6b1,2,3,83c6148b9546f84000e9d0fdffff,,WRITE:0-0
42f6b1-42f6c6,2,261,8dbdebec400033c0b900010000f3ab60e800000000,m,WRITE:428ceb-4290e7
42f6c6-42f6e1,2,9,5e83ee06b97002000029cebac5a5b25dc1e90283e90283f9007c1a,,WRITE:0-0
42f6dc-42f6e1,156,2,83f9007c1a,,WRITE:0-0
42f6e1-42f6fb,156,9,8b048e8b5c8e0433c3c1c80533c281ea9604377289048e49ebe1,m,WRITE:42f6b8-42f450
42f6fb-42f702,2,3,6161e8d9d9ffff,,WRITE:0-0
42fa37-42fa3d,2,2,60e8c3b6ffff,,WRITE:0-0
42fa3d-42fa67,2,6,c7850757410000000000b9000000008db53d1b40008dbdcd1c4000c7850b57410064000000e845000000,,WRITE:0-0
42fa67-42fa87,2,5,b9000000008db5d0f440008dbdfcf44000c7850b5741000b000000e825000000,,WRITE:0-0
42fa87-42faa7,2,5,b9000000008db5175741008dbda7584100c7850b57410064000000e805000000,,WRITE:0-0
42faa7-42faa9,1,1,eb46,,WRITE:0-0
42faac-42fab4,4,2,3b8d0b574100743a,,WRITE:0-0
42fab4-42fac2,4,8,909090908b048e8b1c8f0bc0742c,,WRITE:0-0
42faef-42faf1,2,2,61c3,,WRITE:0-0
42faf1-42faf4,2,2,60eb1d,,WRITE:0-0
42fb11-42fb16,1,1,e8eab5ffff,,WRITE:0-0
42fb16-42fb25,2,3,8b5424202b9546f84000e812ffffff,,WRITE:0-0
42fb25-42fb3f,2,5,ffb5075741008f85035741008b85f75a41000bc00f84e4000000,,WRITE:0-0
42fc23-42fc25,2,2,61c3,,WRITE:0-0
42fc48-42fc4c,2,3,604d7803,,WRITE:0-0
42fc4c-42fc4e,1,1,7901,,WRITE:0-0
42fc4f-42fc55,2,2,f9e801000000,,WRITE:0-0
42fc56-42fc5b,2,2,83042406c3,,WRITE:0-0
42fc5b-42fc5e,2,2,457203,,WRITE:0-0
42fc5e-42fc60,1,1,7301,,WRITE:0-0
42fc61-42fc66,2,2,66d3e5eb01,,WRITE:0-0
42fc67-42fc6a,2,2,f9eb01,,WRITE:0-0
42fc6b-42fc72,2,2,87fde801000000,,WRITE:0-0
42fc73-42fc78,2,2,83042406c3,,WRITE:0-0
42fc78-42fc7f,2,2,87f9e801000000,,WRITE:0-0
42fc80-42fc86,2,3,83c4044f7603,,WRITE:0-0
42fc86-42fc88,1,1,7701,,WRITE:0-0
42fc89-42fc8f,1,1,0f8904000000,,WRITE:0-0
42fc8f-42fc95,2,2,66bf43927a03,,WRITE:0-0
42fc98-42fc9b,2,2,4feb01,,WRITE:0-0
42fc9c-42fca2,2,2,f9e801000000,,WRITE:0-0
42fca3-42fca8,2,2,83042406c3,,WRITE:0-0
42fca8-42fcaa,1,1,7402,,WRITE:0-0
42fcaa-42fcb1,2,2,87fde801000000,,WRITE:0-0
42fcb2-42fcbf,2,3,83c404b9a415911ae801000000,,WRITE:0-0
42fcc0-42fcc5,2,2,83042406c3,,WRITE:0-0
42fcc5-42fccd,2,2,668beee800000000,,WRITE:0-0
42fccd-42fcd5,2,4,5d8bc53b45227c06,,WRITE:0-0
42fcd5-42fce0,2,3,034522894522e801000000,,WRITE:0-0
42fce1-42fce9,2,2,83c404e905000000,,WRITE:0-0
42fcee-42fcfa,2,4,68f3fd4200f958e801000000,,WRITE:0-0
42fcfb-42fd00,2,2,83042406c3,,WRITE:0-0
42fd00-42fd05,1,1,e901000000,,WRITE:0-0
42fd06-42fd0d,2,2,bb9e90e6687402,,WRITE:0-0
42fd0d-42fd1a,2,3,85fd81c3eb2149f7e801000000,,WRITE:0-0
42fd1b-42fd23,2,2,83c404e904000000,,WRITE:0-0
42fd27-42fd3a,2,4,bacb6368616623cb81f2c3636861e801000000,,WRITE:0-0
42fd3b-42fd43,2,2,83c404e90a000000,,WRITE:0-0
42fd4d-42fd51,9,2,8b307e03,,WRITE:0-0
42fd51-42fd53,8,1,7f01,,WRITE:0-0
42fd54-42fd59,8,1,e909000000,,WRITE:0-0
42fd62-42fd73,9,3,8125e1b941007bfc786103f3e801000000,m,WRITE:41b9e1-41b9e1
42fd74-42fd7d,9,2,83c4040f8001000000,,WRITE:0-0
42fd7d-42fd91,9,5,4d68686ebad48f0585b84100c1ce0be801000000,m,WRITE:41b885-41b885
42fd92-42fda3,9,7,83c404f9668bc883e8fc033083e804eb01,,WRITE:0-0
42fda4-42fdab,9,4,4d87fd89307e03,m,WRITE:42fdf3-42fe0f
42fdab-42fdad,2,1,7f01,,WRITE:0-0
42fdae-42fdb4,8,1,0f8a02000000,,WRITE:0-0
42fdb4-42fdc2,9,4,d3dd81f38a8758c150e801000000,,WRITE:0-0
42fdc3-42fdd3,9,5,83c4045866c1fdfa81c0040000007e03,,WRITE:0-0
42fdd3-42fdd5,8,1,7f01,,WRITE:0-0
42fdd6-42fde3,9,4,d3efd3e783ea010f856affffff,,WRITE:0-0
42fde3-42fde8,1,1,e801000000,,WRITE:0-0
42fde9-42fdee,2,2,83042406c3,,WRITE:0-0
42fdee-42fdf8,2,3,c1cd1687e9e808b3ffff,,WRITE:0-0
42fdf8-42fe1e,2,13,8db51c8541008dbd33fd4000b905000000f3a58dbd43fd40008d854bfe4000ab60e800000000,m,WRITE:429d33-429d43
42fe1e-42fe39,2,9,5e83ee06b92500000029ceba033577a1c1e90283e90283f9007c1a,,WRITE:0-0
42fe34-42fe39,9,2,83f9007c1a,,WRITE:0-0
42fe39-42fe53,9,9,8b048e8b5c8e042bc3c1c00b2bc281f28a8758c189048e49ebe1,m,WRITE:42fe0f-42fdf3
42fe53-42fe56,2,3,6161c3,,WRITE:0-0
42fe56-42fe5f,2,4,6085e8fce801000000,,WRITE:0-0
42fe60-42fe69,2,3,83c404fce801000000,,WRITE:0-0
42fe6a-42fe75,2,3,83c404c1d8cae801000000,,WRITE:0-0
42fe76-42fe7b,2,2,83042406c3,,WRITE:0-0
42fe7b-42fe7f,2,2,85e9eb01,,WRITE:0-0
42fe80-42fe89,2,3,c1d52b50e801000000,,WRITE:0-0
42fe8a-42fe92,2,4,83c4045885e8eb01,,WRITE:0-0
42fe93-42fe9a,2,2,bd4a5730857603,,WRITE:0-0
42fe9a-42fe9c,1,1,7701,,WRITE:0-0
42fe9d-42fea6,2,3,66d3dd50e801000000,,WRITE:0-0
42fea7-42feb2,2,4,83c40458d3c0e801000000,,WRITE:0-0
42feb3-42febc,2,2,83c4040f8401000000,,WRITE:0-0
42febc-42fec3,2,3,4950e801000000,,WRITE:0-0
42fec4-42fecb,2,4,83c404584deb01,,WRITE:0-0
42fecc-42fed2,2,2,fce801000000,,WRITE:0-0
42fed3-42fee2,2,4,83c40481e11c3ac01250e801000000,,WRITE:0-0
42fee3-42fee9,2,3,83c404587101,,WRITE:0-0
42feea-42feec,1,1,eb01,,WRITE:0-0
42feed-42fef5,2,2,668bcbe801000000,,WRITE:0-0
42fef6-42feff,2,3,83c404fce800000000,,WRITE:0-0
42feff-42ff07,2,4,5d8bc53b451a7c06,,WRITE:0-0
42ff07-42ff0f,2,3,03451a89451aeb01,,WRITE:0-0
42ff10-42ff15,1,1,e903000000,,WRITE:0-0
42ff18-42ff25,2,4,68010043001beb5ee801000000,,WRITE:0-0
42ff26-42ff2e,2,2,83c404e901000000,,WRITE:0-0
42ff2f-42ff40,2,4,bb67a90158f881eb251a340ee801000000,,WRITE:0-0
42ff41-42ff46,2,2,83042406c3,,WRITE:0-0
42ff46-42ff4b,1,1,e903000000,,WRITE:0-0
42ff4e-42ff60,2,4,bfd506d16723c581c734f92e98e801000000,,WRITE:0-0
42ff61-42ff69,2,2,83c404e903000000,,WRITE:0-0
42ff6c-42ff74,10,3,8b1650e801000000,,WRITE:0-0
42ff75-42ff85,10,6,83c4045881e0f573584085c133d37603,,WRITE:0-0
42ff85-42ff87,9,1,7701,,WRITE:0-0
42ff88-42ff91,10,3,40c1ca13e801000000,,WRITE:0-0
42ff92-42ffa1,10,4,83c40466c1fd2c335604e801000000,,WRITE:0-0
42ffa2-42ffa7,10,2,83042406c3,,WRITE:0-0
42ffa7-42ffb0,10,3,d3e18916e801000000,m,WRITE:430001-430021
42ffb1-42ffc0,10,4,83c404f881c3efe7ae1ae801000000,,WRITE:0-0
42ffc1-42ffc6,10,2,83042406c3,,WRITE:0-0
42ffc6-42ffcb,9,1,e909000000,,WRITE:0-0
42ffd4-42ffe0,10,3,81c60400000050e801000000,,WRITE:0-0
42ffe1-42fff0,10,5,83c4045866c1d8d34f0f857cffffff,,WRITE:0-0
42fff0-42fff5,1,1,e801000000,,WRITE:0-0
42fff6-42fffe,2,2,83c404e903000000,,WRITE:0-0
430001-430006,1,1,e8fab0ffff,,WRITE:0-0
430006-43002c,2,12,b91c0000008db5fffc40008dbdef07410083c707b090aab8ff25000066ab8bc6ab83c604e2ee,m,WRITE:42a7f6-42a7f9
43001a-43002c,28,8,b090aab8ff25000066ab8bc6ab83c604e2ee,m,WRITE:42a7fd-42a8b6
43002c-430032,2,2,60e800000000,,WRITE:0-0
430032-43004d,2,9,5e83ee06b92b00000029cebabace441fc1e90283e90283f9007c1a,,WRITE:0-0
430048-43004d,10,2,83f9007c1a,,WRITE:0-0
43004d-430067,10,9,8b048e8b5c8e0433c3c1c01333c281eaefe7ae1a89048e49ebe1,m,WRITE:430021-430001
430067-43006a,2,3,6161c3,,WRITE:0-0
43006a-430070,2,2,60e890b0ffff,,WRITE:0-0
430070-43007d,2,4,33d28bb4953d1b40000bf67431,,WRITE:0-0
4300ae-4300b0,2,2,61c3,,WRITE:0-0
4300b0-4300b7,2,4,60668bde4beb01,,WRITE:0-0
4300b8-4300bd,2,2,661bc27603,,WRITE:0-0
4300bd-4300bf,1,1,7701,,WRITE:0-0
4300c0-4300c6,2,2,43e801000000,,WRITE:0-0
4300c7-4300cd,2,3,83c404fc7e03,,WRITE:0-0
4300cd-4300cf,1,1,7f01,,WRITE:0-0
4300d0-4300dc,2,3,81eb3d1f80c250e801000000,,WRITE:0-0
4300dd-4300e9,2,4,83c40458c1e1f8e801000000,,WRITE:0-0
4300ea-4300f1,2,3,83c40487d9eb01,,WRITE:0-0
4300f2-4300f5,2,2,fc7c03,,WRITE:0-0
4300f5-4300f7,1,1,7d01,,WRITE:0-0
4300f8-4300fa,1,1,7303,,WRITE:0-0
4300fd-430103,2,2,50e801000000,,WRITE:0-0
430104-43010b,2,4,83c40458437e03,,WRITE:0-0
43010e-430115,2,2,6681ebc6e17403,,WRITE:0-0
430115-430117,1,1,7501,,WRITE:0-0
430118-43011b,2,2,487c03,,WRITE:0-0
43011b-43011d,1,1,7d01,,WRITE:0-0
43011e-430121,2,2,f9eb01,,WRITE:0-0
430122-430128,2,2,41e801000000,,WRITE:0-0
430129-430133,2,4,83c4044950e801000000,,WRITE:0-0
430134-43013a,2,3,83c404587305,,WRITE:0-0
43013f-430141,1,1,eb01,,WRITE:0-0
430142-430147,2,2,c1c141eb01,,WRITE:0-0
430148-43014a,1,1,7003,,WRITE:0-0
43014a-43014f,2,2,6613c5eb01,,WRITE:0-0
430150-430157,2,2,87c3e801000000,,WRITE:0-0
430158-430161,2,3,83c404f9e800000000,,WRITE:0-0
430161-430169,2,4,5d8bc53b451b7c06,,WRITE:0-0
430169-430175,2,4,03451b89451b50e801000000,,WRITE:0-0
430176-430182,2,5,83c40458fcba5b024300eb01,,WRITE:0-0
430183-430188,1,1,e909000000,,WRITE:0-0
430191-430198,2,2,bd5da766aeeb01,,WRITE:0-0
430199-4301b2,2,6,23c7c1fb6dbe83cade4b66b9395c81ee7acade4be801000000,,WRITE:0-0
4301b3-4301bd,2,5,83c40485c3fc8b3a7803,,WRITE:0-0
4301b9-4301bd,9,2,8b3a7803,,WRITE:0-0
4301bd-4301bf,9,1,7901,,WRITE:0-0
4301c0-4301c5,9,1,e90c000000,,WRITE:0-0
4301d1-4301d5,10,2,2bfdeb01,,WRITE:0-0
4301d6-4301db,9,1,e902000000,,WRITE:0-0
4301dd-4301e2,10,2,c1c713eb01,,WRITE:0-0
4301e3-4301f4,10,6,85c187c183eafc033a83c2fce801000000,,WRITE:0-0
4301f5-4301fa,10,2,83042406c3,,WRITE:0-0
4301fa-4301ff,9,1,e905000000,,WRITE:0-0
430204-430213,10,4,6866e008f48f0515bb4100893a7203,m,WRITE:41bb15-43027b
430213-430215,9,1,7301,,WRITE:0-0
430216-430222,10,4,fcc1e93881f5fbaa4c2deb01,,WRITE:0-0
430223-430228,9,1,e907000000,,WRITE:0-0
43022f-430241,10,3,8135a1b84100cbc5a17883c204e801000000,m,WRITE:41b8a1-41b8a1
430242-430252,10,5,83c40487c103c583ee010f8567ffffff,,WRITE:0-0
430252-430254,1,1,eb01,,WRITE:0-0
430255-430260,2,2,81d0c2a42185e8a0aeffff,,WRITE:0-0
430260-43028a,2,13,8b8546f840008b703c03b546f8400083c628ad8ad802dcc1e81002d802dc889d1e20400060e800000000,,WRITE:0-0
43028a-4302a5,2,9,5e83ee06b92900000029ceba5da766aec1e90283e90283f9007c1a,,WRITE:0-0
4302a0-4302a5,10,2,83f9007c1a,,WRITE:0-0
4302a5-4302bf,10,9,8b048e8b5c8e042bc3c1c81303c281f2fbaa4c2d89048e49ebe1,m,WRITE:43027b-43025b
4302bf-4302c2,2,3,6161c3,,WRITE:0-0
4302c2-4302c7,1,1,e839aeffff,,WRITE:0-0
4302c7-4302cc,1,1,e800000000,,WRITE:0-0
4302cc-4302ea,2,6,5b2b9d0e20400081ebcc520100899d46f84000899d7bfd4000e8c6fdffff,,WRITE:0-0
4302ea-4302ef,1,1,e811aeffff,,WRITE:0-0
4302ef-4302f4,1,1,e8daa5ffff,,WRITE:0-0
4302f4-4302ff,2,2,8985d5084100e801aeffff,,WRITE:0-0
4302ff-43030b,2,2,c6856cf7400000e8f0d2ffff,,WRITE:0-0
43030b-430310,1,1,e838f9ffff,,WRITE:0-0
430310-430315,1,1,e8ebadffff,,WRITE:0-0
430315-430332,2,5,8b856b81410089857ffd40008b856f814100898583fd4000e866d0ffff,,WRITE:0-0
430332-430337,1,1,e81ffbffff,,WRITE:0-0
430337-43033c,1,1,e82efdffff,,WRITE:0-0
43033c-430346,2,4,85c8f9bf0c754e897803,,WRITE:0-0
430346-430350,2,4,c1d916fc50e801000000,,WRITE:0-0
430351-43036d,2,8,83c404588bd043810545ba410065b4228db86704430050e801000000,m,WRITE:41ba45-0
43036e-43037e,2,6,83c404584abe78360c3850e801000000,,WRITE:0-0
43037f-430388,2,3,83c40458e912000000,,WRITE:0-0
43039a-4303af,2,3,8105ddba4100fc9766abb9f6e39d470f8404000000,m,WRITE:41badd-0
4303af-4303bb,2,3,66c1ef7981e9bae39d477403,,WRITE:0-0
4303bb-4303bd,1,1,7501,,WRITE:0-0
4303be-4303c3,1,1,e8e2eeffff,,WRITE:0-0
4303c3-4303cd,2,4,23d6fc8b28e801000000,,WRITE:0-0
4303c6-4303cd,60,2,8b28e801000000,,WRITE:0-0
4303ce-4303d6,61,3,83c404662bd87604,,WRITE:0-0
4303d6-4303e2,59,4,66bfcfcd2bee50e801000000,,WRITE:0-0
4303da-4303e2,3,3,2bee50e801000000,,WRITE:0-0
4303e3-4303f0,61,5,83c40458f9c1c501e801000000,,WRITE:0-0
4303f1-4303fe,61,5,83c404f933680450e801000000,,WRITE:0-0
4303ff-430408,61,3,83c40458e909000000,,WRITE:0-0
430411-430418,61,2,8928e801000000,m,WRITE:430467-430553
430419-43041e,61,2,83042406c3,,WRITE:0-0
43041e-430423,60,1,e903000000,,WRITE:0-0
430426-430431,61,2,81f67aba6f41e801000000,,WRITE:0-0
430432-43043a,61,2,83c404e903000000,,WRITE:0-0
43043d-430445,61,2,83c004e801000000,,WRITE:0-0
430446-430457,61,4,83c4046681e79cb583e9010f856fffffff,,WRITE:0-0
430457-43045c,1,1,e801000000,,WRITE:0-0
43045d-430466,2,2,83c4040f8101000000,,WRITE:0-0
430467-430469,1,1,7a03,,WRITE:0-0
430469-43046b,1,1,7b01,,WRITE:0-0
43046c-43047d,2,5,661bd7685b054300668bef5fe801000000,,WRITE:0-0
43047e-430486,2,2,83c404e904000000,,WRITE:0-0
43048a-43049b,2,4,bb504dd70c4d81eb480336c3e801000000,,WRITE:0-0
43049c-4304a4,2,2,83c404e907000000,,WRITE:0-0
4304ab-4304b6,2,3,be4400000050e801000000,,WRITE:0-0
4304b7-4304c0,2,3,83c40458e879d8ffff,,WRITE:0-0
4304c0-4304c5,1,1,e901000000,,WRITE:0-0
4304c6-4304ca,69,2,8b077203,,WRITE:0-0
4304ca-4304cc,68,1,7301,,WRITE:0-0
4304cd-4304d2,68,1,e902000000,,WRITE:0-0
4304d4-4304dc,69,3,2bc350e801000000,,WRITE:0-0
4304dd-4304ec,69,6,83c40458fc13d7c1c018e801000000,,WRITE:0-0
4304ed-4304f5,69,2,83c404e902000000,,WRITE:0-0
4304f7-430500,69,3,03470450e801000000,,WRITE:0-0
430501-43050b,69,5,83c4045803d589077e03,m,WRITE:43055b-430667
43050b-43050d,55,1,7f01,,WRITE:0-0
43050e-430515,69,2,b9a15215a17601,,WRITE:0-0
430515-43051e,42,3,4981eb8034626e7803,,WRITE:0-0
430516-43051e,28,2,81eb8034626e7803,,WRITE:0-0
43051e-430520,33,1,7901,,WRITE:0-0
430521-430526,68,1,e904000000,,WRITE:0-0
43052a-430535,69,2,81c704000000e801000000,,WRITE:0-0
430536-43053e,69,2,83c404e902000000,,WRITE:0-0
430540-430549,69,2,83ee010f857dffffff,,WRITE:0-0
430549-43054f,2,2,50e801000000,,WRITE:0-0
430550-430556,2,3,83c404587a05,,WRITE:0-0
43055b-430561,2,2,50e801000000,,WRITE:0-0
430562-43056b,2,3,83c40458e908000000,,WRITE:0-0
430573-430588,2,5,812d2db94100904436066872064300668bf759eb01,m,WRITE:41b92d-0
430589-43058e,1,1,e905000000,,WRITE:0-0
430593-43059c,2,4,682f89cadffc5f7a03,,WRITE:0-0
43059c-43059e,1,1,7b01,,WRITE:0-0
43059f-4305af,2,4,6633f366d3e0bd42000000e801000000,,WRITE:0-0
4305b0-4305b9,2,4,83c40485f38b117a03,,WRITE:0-0
4305b5-4305b9,66,2,8b117a03,,WRITE:0-0
4305b9-4305bb,33,1,7b01,,WRITE:0-0
4305bc-4305c1,66,1,e901000000,,WRITE:0-0
4305c2-4305c6,67,2,2bd7eb01,,WRITE:0-0
4305c7-4305cc,66,1,e906000000,,WRITE:0-0
4305d2-4305d7,67,2,c1c207eb01,,WRITE:0-0
4305d8-4305dd,66,1,e904000000,,WRITE:0-0
4305e1-4305eb,67,4,83e9fc2b1183e9047e03,,WRITE:0-0
4305eb-4305ed,66,1,7f01,,WRITE:0-0
4305ee-4305f3,66,1,e846d7ffff,,WRITE:0-0
4305f3-4305ff,67,3,b88405f7c18911e801000000,m,WRITE:430672-430776
430600-430617,67,5,83c40487c3811db9b9410043fc5a1a81ef30bf94b47a03,m,WRITE:41b9b9-41b9b9
430617-430619,32,1,7b01,,WRITE:0-0
43061a-43061f,66,1,e908000000,,WRITE:0-0
430627-43062f,67,2,83c104e801000000,,WRITE:0-0
430630-430635,67,2,83042406c3,,WRITE:0-0
430635-43063a,66,1,e90e000000,,WRITE:0-0
430648-430651,67,2,83c5ff0f8564ffffff,,WRITE:0-0
430651-430656,1,1,e801000000,,WRITE:0-0
430657-43065c,2,2,83042406c3,,WRITE:0-0
43065c-430661,1,1,e844ecffff,,WRITE:0-0
430661-430674,2,4,c1de7366c1c644810d5dba4100e8909d60eb01,m,WRITE:41ba5d-0
430675-43067a,1,1,e904000000,,WRITE:0-0
43067e-430689,2,2,687f0743000f8801000000,,WRITE:0-0
430689-430690,2,3,405fe801000000,,WRITE:0-0
430691-430699,2,2,83c404e906000000,,WRITE:0-0
43069f-4306b1,2,4,bd8c3735ab6681cb08cb81ed61c14f767203,,WRITE:0-0
4306b1-4306b3,1,1,7301,,WRITE:0-0
4306b4-4306b9,1,1,e906000000,,WRITE:0-0
4306bf-4306cb,2,4,6840000000485ee801000000,,WRITE:0-0
4306cc-4306d1,2,2,83042406c3,,WRITE:0-0
4306d1-4306d6,1,1,e90c000000,,WRITE:0-0
4306e2-4306e6,65,2,8b0f7e03,,WRITE:0-0
4306e6-4306e8,64,1,7f01,,WRITE:0-0
4306e9-4306ee,64,1,e903000000,,WRITE:0-0
4306f1-4306f8,65,2,03cde801000000,,WRITE:0-0
4306f9-4306fe,65,2,83042406c3,,WRITE:0-0
4306fe-430709,65,3,66d3d0c1c903e801000000,,WRITE:0-0
43070a-43070f,65,2,83042406c3,,WRITE:0-0
43070f-43071e,65,6,f883c7042b0f83c7fc50e801000000,,WRITE:0-0
43071f-430725,65,3,83c404587c02,,WRITE:0-0
430725-430735,65,5,87c3568f05bdb94100890fe801000000,m,WRITE:41b9bd-43087b
430736-430747,65,5,83c40443d3d881c5ffb12acee801000000,,WRITE:0-0
430748-43074d,65,2,83042406c3,,WRITE:0-0
43074d-43075e,65,4,ba72dd772f81effcffffff50e801000000,,WRITE:0-0
43075f-430768,65,3,83c40458e83debffff,,WRITE:0-0
430768-430771,65,3,1bc14e0f8571ffffff,,WRITE:0-0
430771-430777,2,2,50e801000000,,WRITE:0-0
430778-430784,2,4,83c40458668bc7e801000000,,WRITE:0-0
430785-43078a,2,2,83042406c3,,WRITE:0-0
43078a-43078c,1,1,7603,,WRITE:0-0
43078c-43079c,2,5,66d3e5688608430087f15be801000000,,WRITE:0-0
43079d-4307a8,2,3,83c4048bf50f8002000000,,WRITE:0-0
4307a8-4307bb,2,6,d3c968a2ba28436681e908fe5f50e801000000,,WRITE:0-0
4307bc-4307c5,2,3,83c40458e90a000000,,WRITE:0-0
4307cf-4307d9,2,2,ba3c000000e801000000,,WRITE:0-0
4307da-4307e9,2,5,83c4046623ef87f18b03e801000000,,WRITE:0-0
4307e2-4307e9,60,2,8b03e801000000,,WRITE:0-0
4307ea-4307ef,61,2,83042406c3,,WRITE:0-0
4307ef-4307f4,60,1,e903000000,,WRITE:0-0
4307f7-4307fe,61,2,03c7e801000000,,WRITE:0-0
4307ff-430804,61,2,83042406c3,,WRITE:0-0
430804-43080c,61,4,d3c64ec1c01aeb01,,WRITE:0-0
43080d-43080f,60,1,7d01,,WRITE:0-0
43080f-43081a,58,5,4e83c3042b0383eb047c03,,WRITE:0-0
430810-43081a,4,4,83c3042b0383eb047c03,,WRITE:0-0
43081a-43081c,60,1,7d01,,WRITE:0-0
43081d-43082f,61,5,66d3e9fc812d41b94100c0eda1748903eb01,m,WRITE:41b941-430972
430830-430835,61,2,c1cef87102,,WRITE:0-0
430835-430842,28,3,d3ee81f7414bd49fe801000000,,WRITE:0-0
430837-430842,34,2,81f7414bd49fe801000000,,WRITE:0-0
430843-430848,61,2,83c4047906,,WRITE:0-0
43084e-430854,60,1,0f8301000000,,WRITE:0-0
430855-43085a,61,2,83c3047803,,WRITE:0-0
43085a-43085c,60,1,7901,,WRITE:0-0
43085d-430862,60,1,e843eaffff,,WRITE:0-0
430862-430867,60,1,e903000000,,WRITE:0-0
43086a-430871,61,2,4a0f8571ffffff,,WRITE:0-0
430871-430873,1,1,eb01,,WRITE:0-0
430874-43087a,1,1,0f8602000000,,WRITE:0-0
43087c-430888,2,2,8135e1ba41004f4a0ef87603,m,WRITE:41bae1-0
430888-43088a,1,1,7701,,WRITE:0-0
43088b-430897,2,5,d3d9687d09430087f1587c03,,WRITE:0-0
43089a-43089f,1,1,e90b000000,,WRITE:0-0
4308aa-4308b9,2,5,68ca28e9a2668bf55f50e801000000,,WRITE:0-0
4308ba-4308c3,2,3,83c40458e904000000,,WRITE:0-0
4308c7-4308ce,2,2,bb41000000eb01,,WRITE:0-0
4308cf-4308d4,1,1,e904000000,,WRITE:0-0
4308d8-4308df,66,2,8b28e801000000,,WRITE:0-0
4308e0-4308e5,66,2,83c4047b02,,WRITE:0-0
4308e7-4308ed,66,3,8bf52befeb01,,WRITE:0-0
4308ee-4308f8,66,4,f8c1cd1650e801000000,,WRITE:0-0
4308f9-430910,66,9,83c40458f866c1e1cc83c004032883e80450e801000000,,WRITE:0-0
430911-43091a,66,3,83c40458e902000000,,WRITE:0-0
43091c-430923,66,2,8928e801000000,m,WRITE:43097d-430a7d
430924-430929,66,2,83042406c3,,WRITE:0-0
430929-43092e,65,1,e904000000,,WRITE:0-0
430932-43093d,66,2,81ef00238400e801000000,,WRITE:0-0
43093e-430943,66,2,83042406c3,,WRITE:0-0
430943-430948,65,1,e905000000,,WRITE:0-0
43094d-430958,66,2,81c004000000e801000000,,WRITE:0-0
430959-43095e,66,2,83042406c3,,WRITE:0-0
43095e-430963,65,1,e8d6d3ffff,,WRITE:0-0
430963-430968,65,1,e902000000,,WRITE:0-0
43096a-430973,66,2,83c3ff0f8565ffffff,,WRITE:0-0
430973-430978,1,1,e801000000,,WRITE:0-0
430979-43097f,2,3,83c404f8eb01,,WRITE:0-0
430980-430986,1,1,0f8a01000000,,WRITE:0-0
430986-43098e,2,3,4bb8880a4300eb01,,WRITE:0-0
43098f-430994,1,1,e905000000,,WRITE:0-0
430999-4309ab,2,5,ba3c40f6baf981c2e07848b650e801000000,,WRITE:0-0
4309ac-4309b5,2,3,83c40458e902000000,,WRITE:0-0
4309b7-4309c1,2,2,b943000000e801000000,,WRITE:0-0
4309c2-4309c7,2,2,83042406c3,,WRITE:0-0
4309c7-4309cc,1,1,e86dd3ffff,,WRITE:0-0
4309cc-4309d2,1,1,0f8d02000000,,WRITE:0-0
4309d4-4309da,1,1,0f8b01000000,,WRITE:0-0
4309db-4309e2,68,2,8b28e801000000,,WRITE:0-0
4309e3-4309ec,68,2,83c4040f8b03000000,,WRITE:0-0
4309ef-4309f1,67,1,7004,,WRITE:0-0
4309f1-4309fc,68,3,66c1ef8103eae801000000,,WRITE:0-0
4309fd-430a07,68,4,83c4048bfbc1cd14eb01,,WRITE:0-0
430a08-430a0d,67,1,e90d000000,,WRITE:0-0
430a1a-430a28,68,5,83c0042b2883c0fc50e801000000,,WRITE:0-0
430a29-430a32,68,3,83c40458e873e8ffff,,WRITE:0-0
430a32-430a3c,68,3,668bdf8928e801000000,m,WRITE:430a88-430b90
430a3d-430a42,68,2,83c4047503,,WRITE:0-0
430a45-430a4e,68,3,fc81eac791e5d8eb01,,WRITE:0-0
430a4f-430a61,68,4,81cbc03eedcdfc81e8fcffffffe801000000,,WRITE:0-0
430a62-430a6a,68,2,83c404e908000000,,WRITE:0-0
430a72-430a7b,68,2,83c1ff0f8560ffffff,,WRITE:0-0
430a7b-430a7d,1,1,7803,,WRITE:0-0
430a7d-430a7f,1,1,7901,,WRITE:0-0
430a80-430a85,1,1,e903000000,,WRITE:0-0
430a88-430a8a,1,1,7c03,,WRITE:0-0
430a8a-430a8c,1,1,7d01,,WRITE:0-0
430a8d-430a8f,1,1,7902,,WRITE:0-0
430a91-430aa2,2,4,689a0b430081e1792f4a8f5ee801000000,,WRITE:0-0
430aa3-430aa8,2,2,83042406c3,,WRITE:0-0
430aa8-430aad,1,1,e907000000,,WRITE:0-0
430ab4-430aca,2,5,bde690d041b99a1a0e5081f5ce5bd26a50e801000000,,WRITE:0-0
430acb-430ad4,2,3,83c40458e902000000,,WRITE:0-0
430ad6-430add,2,2,ba430000007c03,,WRITE:0-0
430add-430adf,1,1,7d01,,WRITE:0-0
430ae0-430aeb,2,4,6681f3a4edad83ee04eb01,,WRITE:0-0
430ae5-430aeb,67,3,ad83ee04eb01,,WRITE:0-0
430aec-430af4,68,4,47668bde03c5eb01,,WRITE:0-0
430af5-430afa,67,1,e902000000,,WRITE:0-0
430afc-430b05,68,3,c1c80450e801000000,,WRITE:0-0
430b06-430b12,68,4,83c4045887f90f8a03000000,,WRITE:0-0
430b15-430b23,68,5,83eefc030683c6fc50e801000000,,WRITE:0-0
430b24-430b2e,68,3,83c404580f8902000000,,WRITE:0-0
430b30-430b45,68,5,c1c35c8135adb9410021ef3db3890650e801000000,m,WRITE:41b9ad-430ca2
430b46-430b57,68,6,83c404588bd9668bdd81c57e20423e7803,,WRITE:0-0
430b57-430b59,35,1,7901,,WRITE:0-0
430b5a-430b60,67,1,0f8c02000000,,WRITE:0-0
430b60-430b70,52,4,8bfa66d3fb81eefcffffffe801000000,,WRITE:0-0
430b62-430b70,17,3,66d3fb81eefcffffffe801000000,,WRITE:0-0
430b71-430b79,68,2,83c404e901000000,,WRITE:0-0
430b7a-430b8d,68,3,81153db9410033113cdc83c2ff0f8558ffffff,m,WRITE:41b93d-41b93d
430b8d-430b92,1,1,e801000000,,WRITE:0-0
430b93-430b98,2,2,83042406c3,,WRITE:0-0
430b98-430ba8,2,6,2bfd61528f059dba410060e801000000,m,WRITE:41ba9d-0
430ba9-430bbb,2,6,83c404668bd342bbab0c430050e801000000,,WRITE:0-0
430bbc-430bd3,2,8,83c4045845f8bf0c3c0f8e4081efc1ba9f1ce801000000,,WRITE:0-0
430bd4-430bd9,2,2,83c4047001,,WRITE:0-0
430bd9-430bea,2,6,40683e00000066c1c5b95950e801000000,,WRITE:0-0
430beb-430bfa,2,5,83c4045866bdab438b33e801000000,,WRITE:0-0
430bf3-430bfa,62,2,8b33e801000000,,WRITE:0-0
430bfb-430c00,63,2,83042406c3,,WRITE:0-0
430c00-430c05,62,1,e90f000000,,WRITE:0-0
430c14-430c18,63,2,2bf77e03,,WRITE:0-0
430c18-430c1a,34,1,7f01,,WRITE:0-0
430c1b-430c20,62,1,e906000000,,WRITE:0-0
430c26-430c2e,63,2,c1c61ee801000000,,WRITE:0-0
430c2f-430c37,63,2,83c404e802d1ffff,,WRITE:0-0
430c37-430c3d,62,1,0f8203000000,,WRITE:0-0
430c3d-430c48,63,3,66d3ca037304e801000000,,WRITE:0-0
430c49-430c62,63,6,83c404d3e26613d0810d6dba410060dab7688933e801000000,m,WRITE:41ba6d-430d9f
430c63-430c68,63,2,83042406c3,,WRITE:0-0
430c68-430c6d,62,1,e904000000,,WRITE:0-0
430c71-430c79,63,2,81ef1a2d78f47803,,WRITE:0-0
430c79-430c7b,29,1,7901,,WRITE:0-0
430c7c-430c88,63,3,4581ebfcffffffe801000000,,WRITE:0-0
430c89-430c8e,63,2,83c4047504,,WRITE:0-0
430c92-430c99,63,2,490f855affffff,,WRITE:0-0
430c99-430c9f,2,2,50e801000000,,WRITE:0-0
430ca0-430ca9,2,3,83c40458e902000000,,WRITE:0-0
430cab-430cad,1,1,7603,,WRITE:0-0
430cad-430caf,1,1,7701,,WRITE:0-0
430cb0-430cb5,1,1,e907000000,,WRITE:0-0
430cbc-430cc9,2,4,68a80d430085f358e801000000,,WRITE:0-0
430cca-430ccf,2,2,83042406c3,,WRITE:0-0
430ccf-430cd4,1,1,e908000000,,WRITE:0-0
430cdc-430ce6,2,2,b953d44de5e801000000,,WRITE:0-0
430ce7-430cef,2,2,83c404e903000000,,WRITE:0-0
430cf2-430cfd,2,2,ba5a2fcadc0f8506000000,,WRITE:0-0
430d03-430d0b,2,2,81c2e7d03523eb01,,WRITE:0-0
430d0c-430d11,1,1,e905000000,,WRITE:0-0
430d16-430d1d,66,2,8b38e801000000,,WRITE:0-0
430d1e-430d26,66,2,83c404e905000000,,WRITE:0-0
430d2b-430d32,66,2,33f9e801000000,,WRITE:0-0
430d33-430d42,66,6,83c404f985f3c1c71150e801000000,,WRITE:0-0
430d43-430d4c,66,3,83c40458e908000000,,WRITE:0-0
430d54-430d62,66,5,83e8fc2b3883c0fc50e801000000,,WRITE:0-0
430d63-430d69,66,3,83c404587c01,,WRITE:0-0
430d69-430d71,66,4,4e6633f189387e03,m,WRITE:430da8-430ea8
430d71-430d73,38,1,7f01,,WRITE:0-0
430d74-430d79,65,1,e90c000000,,WRITE:0-0
430d85-430d8d,66,2,81c13a0aa77beb01,,WRITE:0-0
430d8e-430d96,66,3,c1fd8083c0047e03,,WRITE:0-0
430d96-430d98,65,1,7f01,,WRITE:0-0
430d99-430da2,66,3,85dd4a0f8574ffffff,,WRITE:0-0
430da2-430da4,1,1,7e03,,WRITE:0-0
430da7-430db3,2,6,fc61538f0509bb410060eb01,m,WRITE:41bb09-0
430db4-430db9,1,1,e8ece4ffff,,WRITE:0-0
430db9-430dbe,1,1,e901000000,,WRITE:0-0
430dbf-430dd3,2,3,8135d9ba41005de31929beb10e4300e801000000,m,WRITE:41bad9-0
430dd4-430dd9,2,2,83042406c3,,WRITE:0-0
430dd9-430dde,1,1,e85bcfffff,,WRITE:0-0
430dde-430de3,1,1,e905000000,,WRITE:0-0
430de8-430def,2,2,b9b743f3b17d05,,WRITE:0-0
430df4-430e00,2,3,81f180f5112150e801000000,,WRITE:0-0
430e01-430e0a,2,3,83c40458e902000000,,WRITE:0-0
430e0c-430e16,2,2,ba44000000e801000000,,WRITE:0-0
430e17-430e24,2,4,83c404c1ff028b1ee801000000,,WRITE:0-0
430e1d-430e24,68,2,8b1ee801000000,,WRITE:0-0
430e25-430e2a,69,2,83042406c3,,WRITE:0-0
430e2a-430e2f,68,1,e904000000,,WRITE:0-0
430e33-430e37,69,2,03d97803,,WRITE:0-0
430e37-430e39,27,1,7901,,WRITE:0-0
430e3a-430e43,69,3,f9c1cb14e801000000,,WRITE:0-0
430e44-430e49,69,2,83042406c3,,WRITE:0-0
430e49-430e4e,68,1,e90d000000,,WRITE:0-0
430e5b-430e65,69,4,83eefc2b1e83c6fceb01,,WRITE:0-0
430e66-430e69,69,2,457702,,WRITE:0-0
430e69-430e72,69,3,85e8891ee801000000,m,WRITE:430eb1-430fbd
430e73-430e78,69,2,83042406c3,,WRITE:0-0
430e78-430e7d,68,1,e906000000,,WRITE:0-0
430e83-430e8b,69,2,81f1418817ae7203,,WRITE:0-0
430e8b-430e8d,68,1,7301,,WRITE:0-0
430e8e-430e93,68,1,e901000000,,WRITE:0-0
430e94-430e9c,69,2,81eefcffffff7203,,WRITE:0-0
430e9f-430eaa,69,4,fcf883ea010f8573ffffff,,WRITE:0-0
430eaa-430eac,1,1,eb01,,WRITE:0-0
430ead-430eaf,1,1,7d02,,WRITE:0-0
430eb1-430eb3,1,1,7603,,WRITE:0-0
430eb6-430ece,2,6,f933cd813521bb4100d08761a4b8c50f430050e801000000,m,WRITE:41bb21-0
430ecf-430ed9,2,3,83c404580f8601000000,,WRITE:0-0
430ed9-430ee5,2,3,fcbe3aca46a40f8b01000000,,WRITE:0-0
430ee5-430ef1,2,3,f981c6c1305e0ae801000000,,WRITE:0-0
430ef2-430ef7,2,2,83042406c3,,WRITE:0-0
430ef7-430efc,1,1,e905000000,,WRITE:0-0
430f01-430f0f,2,4,bb0c97bd05fc81ebd796bd05eb01,,WRITE:0-0
430f10-430f15,1,1,e824ceffff,,WRITE:0-0
430f15-430f1b,1,1,0f8204000000,,WRITE:0-0
430f1b-430f23,2,3,66bafec58b387403,,WRITE:0-0
430f1f-430f23,53,2,8b387403,,WRITE:0-0
430f23-430f25,53,1,7501,,WRITE:0-0
430f26-430f2b,53,1,e902000000,,WRITE:0-0
430f2d-430f31,54,2,33fe7403,,WRITE:0-0
430f31-430f33,53,1,7501,,WRITE:0-0
430f34-430f39,53,1,e907000000,,WRITE:0-0
430f40-430f45,54,2,c1c701eb01,,WRITE:0-0
430f46-430f4b,53,1,e85ae3ffff,,WRITE:0-0
430f4b-430f50,53,1,e902000000,,WRITE:0-0
430f52-430f5a,54,2,037804e801000000,,WRITE:0-0
430f5b-430f63,54,2,83c404e90e000000,,WRITE:0-0
430f71-430f75,54,2,8938eb01,m,WRITE:430fc5-431095
430f76-430f7e,54,2,81e9639fca477306,,WRITE:0-0
430f7e-430f8f,27,3,81d90f28a16e81c6ba9f5234e801000000,,WRITE:0-0
430f84-430f8f,28,2,81c6ba9f5234e801000000,,WRITE:0-0
430f90-430f98,54,2,83c404e903000000,,WRITE:0-0
430f9b-430fa3,54,2,83c004e801000000,,WRITE:0-0
430fa4-430fb3,54,4,83c404668bd183c3ff0f856cffffff,,WRITE:0-0
430fb3-430fb5,1,1,7a03,,WRITE:0-0
430fb8-430fbd,1,1,e908000000,,WRITE:0-0
430fc5-430fca,1,1,e801000000,,WRITE:0-0
430fcb-430fd3,2,2,83c404e907000000,,WRITE:0-0
430fda-430fe8,2,4,689f104300c1c0305fe801000000,,WRITE:0-0
430fe9-430ff7,2,5,83c4042bcf87c2bde275f6787e03,,WRITE:0-0
430ff7-430ff9,1,1,7f01,,WRITE:0-0
430ffa-431000,1,1,0f8103000000,,WRITE:0-0
431003-431011,2,4,bb66fc4a41fc81eb2afc4a41eb01,,WRITE:0-0
431012-431018,1,1,0f8001000000,,WRITE:0-0
431018-43101d,2,3,f98b37eb01,,WRITE:0-0
431019-43101d,60,2,8b37eb01,,WRITE:0-0
43101e-431024,61,4,494933f5eb01,,WRITE:0-0
431025-431027,60,1,7604,,WRITE:0-0
431027-431032,61,4,66c1c1de85c2c1ce0feb01,,WRITE:0-0
431033-431044,61,4,87c8812545b941009b938dc20377047603,m,WRITE:41b945-41b945
431044-431046,21,1,7701,,WRITE:0-0
431047-43104c,60,1,e90a000000,,WRITE:0-0
431056-43105a,61,2,89377603,m,WRITE:43109f-43118b
43105a-43105c,21,1,7701,,WRITE:0-0
43105d-431067,61,3,87c181c55d736cb07403,,WRITE:0-0
431067-431069,60,1,7501,,WRITE:0-0
43106a-431073,61,3,4983c704e801000000,,WRITE:0-0
431074-431079,61,2,83042406c3,,WRITE:0-0
431079-431080,61,2,400f8506000000,,WRITE:0-0
431086-43108f,61,2,83eb010f858affffff,,WRITE:0-0
43108f-431095,2,2,50e801000000,,WRITE:0-0
431096-4310a1,2,4,83c404586681f123cfeb01,,WRITE:0-0
4310a2-4310a7,1,1,e908000000,,WRITE:0-0
4310af-4310bc,2,4,689611430013f15fe801000000,,WRITE:0-0
4310bd-4310c5,2,2,83c404e902000000,,WRITE:0-0
4310c7-4310d6,2,4,b8b53c0a7c85d681c01d631dd77803,,WRITE:0-0
4310d6-4310d8,1,1,7901,,WRITE:0-0
4310d9-4310df,1,1,0f8801000000,,WRITE:0-0
4310df-4310f2,2,6,4a81c6d7eb85376841000000f85be801000000,,WRITE:0-0
4310f3-4310fb,2,2,83c404e905000000,,WRITE:0-0
431100-431107,66,2,8b0fe801000000,,WRITE:0-0
431108-43110d,66,2,83042406c3,,WRITE:0-0
43110d-431112,65,1,e902000000,,WRITE:0-0
431114-43111b,66,2,03c8e801000000,,WRITE:0-0
43111c-43112a,66,5,83c40423d54ac1c90ae801000000,,WRITE:0-0
43112b-431130,66,2,83042406c3,,WRITE:0-0
431130-431135,65,1,e901000000,,WRITE:0-0
431136-43113b,66,2,334f04eb01,,WRITE:0-0
43113c-431141,65,1,e905000000,,WRITE:0-0
431146-43114d,66,2,890fe801000000,m,WRITE:431196-431296
43114e-431153,66,2,83042406c3,,WRITE:0-0
431153-431162,66,3,66c1fdae81e810949f72e801000000,,WRITE:0-0
431163-431168,66,2,83042406c3,,WRITE:0-0
431168-43116d,65,1,e902000000,,WRITE:0-0
43116f-431177,66,2,81c7040000007603,,WRITE:0-0
431177-431179,65,1,7701,,WRITE:0-0
43117a-431185,66,3,66ba3e264b0f857bffffff,,WRITE:0-0
431185-43118a,1,1,e801000000,,WRITE:0-0
43118b-431190,2,2,83042406c3,,WRITE:0-0
431190-43119b,2,2,81ce69e21feae801000000,,WRITE:0-0
43119c-4311a1,2,2,83042406c3,,WRITE:0-0
4311a1-4311a6,1,1,e909000000,,WRITE:0-0
4311af-4311ba,2,3,b89f12430050e801000000,,WRITE:0-0
4311bb-4311c4,2,3,83c40458e903000000,,WRITE:0-0
4311c7-4311d5,2,5,68f54c38cb85f35950e801000000,,WRITE:0-0
4311d6-4311ee,2,8,83c4045887fb4ebaf0a6325666c1c69081c24559cda9eb01,,WRITE:0-0
4311ef-4311fb,2,4,66bbdd7c8b2850e801000000,,WRITE:0-0
4311f3-4311fb,53,3,8b2850e801000000,,WRITE:0-0
4311fc-431205,54,3,83c40458e907000000,,WRITE:0-0
43120c-431214,54,3,33e950e801000000,,WRITE:0-0
431215-431225,54,6,83c404584bc1e38ac1c516e801000000,,WRITE:0-0
431226-43122e,54,2,83c404e904000000,,WRITE:0-0
431232-43123f,54,4,83c0042b2883e804e801000000,,WRITE:0-0
431240-431245,54,2,83042406c3,,WRITE:0-0
431245-43124a,53,1,e907000000,,WRITE:0-0
431251-431255,54,2,8928eb01,m,WRITE:43129f-43136f
431256-43125b,53,1,e902000000,,WRITE:0-0
43125d-431265,54,2,81e99db297f97c03,,WRITE:0-0
431265-431267,26,1,7d01,,WRITE:0-0
431268-43126a,53,1,7203,,WRITE:0-0
43126a-431275,3,3,c1db5d83c004e801000000,,WRITE:0-0
43126d-431275,52,2,83c004e801000000,,WRITE:0-0
431276-431287,54,5,83c40487f366d3c683ea010f856cffffff,,WRITE:0-0
431287-43128c,1,1,e801000000,,WRITE:0-0
43128d-431292,2,2,83042406c3,,WRITE:0-0
431292-431297,1,1,e908000000,,WRITE:0-0
43129f-4312a1,1,1,7c03,,WRITE:0-0
4312a1-4312a3,1,1,7d01,,WRITE:0-0
4312a4-4312b0,2,5,f8687a134300668bd35f7c03,,WRITE:0-0
4312b0-4312b2,1,1,7d01,,WRITE:0-0
4312b3-4312b5,1,1,7004,,WRITE:0-0
4312b5-4312bb,2,2,66c1fd0a7d01,,WRITE:0-0
4312bc-4312c6,2,2,befb4b8fb7e801000000,,WRITE:0-0
4312c7-4312d4,2,5,83c404fc8bd3b83b0000007603,,WRITE:0-0
4312d4-4312d6,1,1,7701,,WRITE:0-0
4312d7-4312dc,1,1,e903000000,,WRITE:0-0
4312df-4312e3,60,2,8b1feb01,,WRITE:0-0
4312e4-4312ea,59,1,0f8c03000000,,WRITE:0-0
4312ea-4312f5,60,4,668bd62bde50e801000000,,WRITE:0-0
4312f6-4312ff,60,3,83c40458e904000000,,WRITE:0-0
431303-43130c,60,3,c1cb0350e801000000,,WRITE:0-0
43130d-431316,60,3,83c40458e904000000,,WRITE:0-0
43131a-43131f,60,2,035f047603,,WRITE:0-0
43131f-431321,25,1,7701,,WRITE:0-0
431322-43132c,60,4,87ea66c1dda0891feb01,m,WRITE:43137a-431462
43132d-431332,59,1,e902000000,,WRITE:0-0
431334-43133f,60,2,81eea09244f3e801000000,,WRITE:0-0
431340-431348,60,2,83c404e901000000,,WRITE:0-0
431349-431354,60,2,81effcffffffe801000000,,WRITE:0-0
431355-43135a,60,2,83042406c3,,WRITE:0-0
43135a-43135f,59,1,e90c000000,,WRITE:0-0
43136b-431374,60,2,83e8010f856bffffff,,WRITE:0-0
431374-431376,1,1,7203,,WRITE:0-0
431376-431378,1,1,7301,,WRITE:0-0
431379-431380,2,3,f950e801000000,,WRITE:0-0
431381-431390,2,7,83c4045887d0686a144300fc5beb01,,WRITE:0-0
431391-4313a2,2,4,81d21f7d2c93bd49e0bf2150e801000000,,WRITE:0-0
4313a3-4313b3,2,7,83c4045866d3fe683c000000f9597c03,,WRITE:0-0
4313b6-4313bd,2,4,85f0428b3b7e03,,WRITE:0-0
4313b9-4313bd,60,2,8b3b7e03,,WRITE:0-0
4313bd-4313bf,59,1,7f01,,WRITE:0-0
4313c0-4313c5,60,1,e909000000,,WRITE:0-0
4313ce-4313d5,61,2,2bfde801000000,,WRITE:0-0
4313d6-4313e8,61,5,83c404fc81ea9243592fc1c701e801000000,,WRITE:0-0
4313e9-4313f0,61,3,83c404d3e07b04,,WRITE:0-0
4313f0-431408,60,6,66c1ce1c813501bb410047a665cc83c304033b83c3fc7c03,m,WRITE:41bb01-41bb01
4313f4-431408,2,5,813501bb410047a665cc83c304033b83c3fc7c03,m,WRITE:41bb01-0
431408-43140a,60,1,7d01,,WRITE:0-0
43140b-431410,60,1,e904000000,,WRITE:0-0
431414-43141c,61,3,893b50e801000000,m,WRITE:43146a-431556
43141d-431426,61,3,83c40458e903000000,,WRITE:0-0
431429-431431,61,2,81c55e88c08b7e03,,WRITE:0-0
431431-431433,1,1,7f01,,WRITE:0-0
431434-431439,60,1,e901000000,,WRITE:0-0
43143a-431445,61,2,81c304000000e801000000,,WRITE:0-0
431446-43144b,61,2,83042406c3,,WRITE:0-0
43144b-431450,60,1,e908000000,,WRITE:0-0
431458-431461,61,2,83e9010f8558ffffff,,WRITE:0-0
431461-431463,1,1,7e03,,WRITE:0-0
431466-43146c,2,2,66baab4ceb01,,WRITE:0-0
43146d-431470,2,2,4b7601,,WRITE:0-0
431470-43147b,2,3,47be61154300e801000000,,WRITE:0-0
43147c-431484,2,2,83c404e902000000,,WRITE:0-0
431486-431494,2,4,bd2f8fa0944a81ed985d4aaaeb01,,WRITE:0-0
431495-4314a8,2,5,43b91a664fc885d381e9d2654fc8e801000000,,WRITE:0-0
4314a9-4314ae,2,2,83042406c3,,WRITE:0-0
4314ae-4314b6,2,4,87d3ad83ee04eb01,,WRITE:0-0
4314b0-4314b6,72,3,ad83ee04eb01,,WRITE:0-0
4314b7-4314bc,72,1,e903000000,,WRITE:0-0
4314bf-4314c7,73,3,03c550e801000000,,WRITE:0-0
4314c8-4314d2,73,3,83c404580f8801000000,,WRITE:0-0
4314d2-4314db,73,3,4fc1c001e801000000,,WRITE:0-0
4314dc-4314e5,73,2,83c4040f8201000000,,WRITE:0-0
4314e5-4314f8,73,7,f866c1eb5e83eefc030683c6fc50e801000000,,WRITE:0-0
4314f9-431505,73,4,83c4045833d00f8701000000,,WRITE:0-0
431506-431515,73,4,68a5ab151a8f05adb841008906eb01,m,WRITE:41b8ad-43167d
431516-43151b,72,1,e904000000,,WRITE:0-0
43151f-43152a,73,2,81ed0d873c29e801000000,,WRITE:0-0
43152b-43153d,73,5,83c40487df87d781eefcffffffe801000000,,WRITE:0-0
43153e-431546,73,2,83c404e903000000,,WRITE:0-0
431549-431552,73,2,83e9010f855effffff,,WRITE:0-0
431552-431558,2,2,50e801000000,,WRITE:0-0
431559-431563,2,4,83c4045866ba5995eb01,,WRITE:0-0
431564-431569,1,1,e83cddffff,,WRITE:0-0
431569-43156f,1,1,0f8902000000,,WRITE:0-0
431571-43157b,2,2,b886164300e801000000,,WRITE:0-0
43157c-431581,2,2,83042406c3,,WRITE:0-0
431581-431587,1,1,0f8305000000,,WRITE:0-0
43158c-431598,2,5,d3c9682cad54288bef5aeb01,,WRITE:0-0
431599-43159e,1,1,e906000000,,WRITE:0-0
4315a4-4315b5,2,4,bb4a09ef00f981c3fff610ffe801000000,,WRITE:0-0
4315b6-4315be,2,2,83c404e905000000,,WRITE:0-0
4315c3-4315d5,2,4,686762f6248f056db841008b38e801000000,m,WRITE:41b86d-0
4315ce-4315d5,73,2,8b38e801000000,,WRITE:0-0
4315d6-4315de,74,2,83c404e8c7dcffff,,WRITE:0-0
4315de-4315ea,74,4,66c1e1c42bfa50e801000000,,WRITE:0-0
4315eb-4315fa,74,5,83c40458c1c583c1cf02e801000000,,WRITE:0-0
4315fb-431600,74,2,83042406c3,,WRITE:0-0
431600-431605,73,1,e902000000,,WRITE:0-0
431607-431614,74,4,83e8fc2b3883e804e801000000,,WRITE:0-0
431615-43161d,74,2,83c404e81cc7ffff,,WRITE:0-0
43161d-431622,73,1,e902000000,,WRITE:0-0
431624-431628,74,2,89387e03,m,WRITE:431686-4317a6
431628-43162a,73,1,7f01,,WRITE:0-0
43162b-431630,73,1,e875dcffff,,WRITE:0-0
431630-431635,73,1,e903000000,,WRITE:0-0
431638-431643,74,2,81f239b6b1fde801000000,,WRITE:0-0
431644-43164c,74,2,83c404e906000000,,WRITE:0-0
431652-43165d,74,2,81e8fcffffffe801000000,,WRITE:0-0
43165e-431663,74,2,83042406c3,,WRITE:0-0
431663-431668,73,1,e83ddcffff,,WRITE:0-0
431668-431673,74,3,03f283eb010f855bffffff,,WRITE:0-0
431673-431679,2,2,50e801000000,,WRITE:0-0
43167a-431680,2,3,83c404587805,,WRITE:0-0
431680-431691,2,7,6681c1bac3fc61558f05d1b8410060eb01,m,WRITE:41b8d1-0
431692-431697,1,1,e908000000,,WRITE:0-0
43169f-4316ae,2,5,68ae174300668bf55f50e801000000,,WRITE:0-0
4316af-4316b8,2,3,83c40458e906000000,,WRITE:0-0
4316be-4316c9,2,3,bdf688df5d50e801000000,,WRITE:0-0
4316ca-4316d0,2,3,83c404587905,,WRITE:0-0
4316d5-4316e9,2,5,48bbb1ef0d20c1e0f381eb75ef0d20e801000000,,WRITE:0-0
4316ea-4316ef,2,2,83042406c3,,WRITE:0-0
4316ef-4316f4,1,1,e90a000000,,WRITE:0-0
4316fe-431705,61,2,8b17e801000000,,WRITE:0-0
431706-43170b,61,2,83042406c3,,WRITE:0-0
43170b-431710,60,1,e901000000,,WRITE:0-0
431711-431718,61,2,33d5e801000000,,WRITE:0-0
431719-431721,61,2,83c404e902000000,,WRITE:0-0
431723-43172b,61,2,c1ca0ce801000000,,WRITE:0-0
43172c-431731,61,2,83042406c3,,WRITE:0-0
431731-43174b,61,8,494e812515ba41003b7b53f883effc331783c7fc50e801000000,m,WRITE:41ba15-41ba15
43174c-43175b,61,6,83c40458c1d6affc8917e801000000,m,WRITE:4317ae-43189a
43175c-43176f,61,4,83c404b821f9ca5481edb7f736dee801000000,,WRITE:0-0
431770-431775,61,2,83042406c3,,WRITE:0-0
431775-43177a,60,1,e904000000,,WRITE:0-0
43177e-431787,61,3,83c70450e801000000,,WRITE:0-0
431788-431791,61,3,83c40458e905000000,,WRITE:0-0
431796-43179f,61,2,83c3ff0f855fffffff,,WRITE:0-0
43179f-4317a4,1,1,e801000000,,WRITE:0-0
4317a5-4317ad,2,2,83c404e901000000,,WRITE:0-0
4317ae-4317b9,2,5,61508f05fdb84100607803,m,WRITE:41b8fd-0
4317b9-4317bb,1,1,7901,,WRITE:0-0
4317bc-4317cb,2,4,66b98e5446bba5184300e801000000,,WRITE:0-0
4317cc-4317d1,2,2,83042406c3,,WRITE:0-0
4317d1-4317d3,1,1,7201,,WRITE:0-0
4317d3-4317e4,2,4,f9bf240a7dc7b887c888970f8501000000,,WRITE:0-0
4317e5-4317ed,2,2,81f005873eef7e03,,WRITE:0-0
4317ed-4317ef,1,1,7f01,,WRITE:0-0
4317f0-4317f5,1,1,e908000000,,WRITE:0-0
4317fd-431808,2,2,baee49ee640f8001000000,,WRITE:0-0
431808-431814,2,3,f981eab849ee64e801000000,,WRITE:0-0
431815-43181d,2,2,83c404e902000000,,WRITE:0-0
43181f-431823,55,2,8b2b7203,,WRITE:0-0
431823-431825,3,1,7301,,WRITE:0-0
431826-43182b,54,1,e907000000,,WRITE:0-0
431832-431836,55,2,03e8eb01,,WRITE:0-0
431837-43183d,55,3,f8c1cd0deb01,,WRITE:0-0
43183e-431843,54,1,e901000000,,WRITE:0-0
431844-43184e,55,4,83c304032b83eb047403,,WRITE:0-0
43184e-431850,54,1,7501,,WRITE:0-0
431851-43185e,55,3,81cf88e3c797892be801000000,m,WRITE:4318a5-431979
43185f-431864,55,2,83c4047101,,WRITE:0-0
431865-431871,55,3,81f023d8d42d50e801000000,,WRITE:0-0
431872-43187b,55,3,83c40458e901000000,,WRITE:0-0
43187c-431884,55,2,81c304000000eb01,,WRITE:0-0
431885-431890,55,3,66c1df7d4a0f858fffffff,,WRITE:0-0
431890-431892,1,1,7203,,WRITE:0-0
431895-43189a,1,1,e89fc4ffff,,WRITE:0-0
43189a-43189f,1,1,e906000000,,WRITE:0-0
4318a5-4318a7,1,1,eb01,,WRITE:0-0
4318a8-4318b4,2,4,f9f8b883194300e801000000,,WRITE:0-0
4318b5-4318bd,2,2,83c404e908000000,,WRITE:0-0
4318c5-4318cc,2,2,68c9880ac27902,,WRITE:0-0
4318ce-4318d4,2,2,59e801000000,,WRITE:0-0
4318d5-4318dd,2,2,83c404e901000000,,WRITE:0-0
4318de-4318e8,2,4,683d000000d3d75beb01,,WRITE:0-0
4318e9-4318f4,2,4,81ed2bb2b2c3fc8b30eb01,,WRITE:0-0
4318f0-4318f4,61,2,8b30eb01,,WRITE:0-0
4318f5-4318fb,62,3,2beb2bf1eb01,,WRITE:0-0
4318fc-431901,61,1,e901000000,,WRITE:0-0
431902-43190a,62,2,c1ce10e801000000,,WRITE:0-0
43190b-431910,62,2,83042406c3,,WRITE:0-0
431910-431915,61,1,e903000000,,WRITE:0-0
431918-431927,62,3,81055db94100d8f18f4e2b7004eb01,m,WRITE:41b95d-41b95d
431928-43192d,61,1,e905000000,,WRITE:0-0
431932-43193a,62,3,893050e801000000,m,WRITE:431983-431a73
43193b-431949,62,5,83c4045887d581f139f91098eb01,,WRITE:0-0
43194a-43194f,61,1,e905000000,,WRITE:0-0
431954-43195f,62,2,81c004000000e801000000,,WRITE:0-0
431960-431965,62,2,83042406c3,,WRITE:0-0
431965-43196a,61,1,e905000000,,WRITE:0-0
43196f-431978,62,2,83eb010f8578ffffff,,WRITE:0-0
431978-43197d,1,1,e801000000,,WRITE:0-0
43197e-431985,2,3,83c4048beb7203,,WRITE:0-0
431985-431987,1,1,7301,,WRITE:0-0
431988-43198a,1,1,7502,,WRITE:0-0
43198c-431995,2,4,687b1a4300fc5a7403,,WRITE:0-0
431995-431997,1,1,7501,,WRITE:0-0
431998-4319ae,2,5,662bddb873b95bdd66d3fb81f08bbc800ce801000000,,WRITE:0-0
4319af-4319c2,2,5,83c404c1e9ce85cfbd572c27950f8d02000000,,WRITE:0-0
4319c4-4319cf,2,2,81f51c2c2795e801000000,,WRITE:0-0
4319d0-4319d5,2,2,83c4047001,,WRITE:0-0
4319d5-4319dd,2,3,418b32e801000000,,WRITE:0-0
4319d6-4319dd,75,2,8b32e801000000,,WRITE:0-0
4319de-4319e5,76,3,83c40485d97902,,WRITE:0-0
4319e7-4319eb,76,2,2bf0eb01,,WRITE:0-0
4319ec-4319f1,75,1,e904000000,,WRITE:0-0
4319f5-4319fa,76,2,c1c6147603,,WRITE:0-0
4319fa-4319fc,39,1,7701,,WRITE:0-0
4319fd-431a02,75,1,e906000000,,WRITE:0-0
431a08-431a0d,76,2,2b72047c03,,WRITE:0-0
431a0d-431a0f,46,1,7d01,,WRITE:0-0
431a10-431a19,76,3,85cf8932e801000000,m,WRITE:431a7b-431ba3
431a1a-431a2d,76,5,83c40466c1cf3681c00e1ac91b50e801000000,,WRITE:0-0
431a2e-431a37,76,3,83c40458e90a000000,,WRITE:0-0
431a41-431a4c,76,2,81eafcffffffe801000000,,WRITE:0-0
431a4d-431a52,76,2,83042406c3,,WRITE:0-0
431a52-431a54,75,1,7302,,WRITE:0-0
431a56-431a5f,76,2,83c5ff0f8577ffffff,,WRITE:0-0
431a5f-431a64,1,1,e801000000,,WRITE:0-0
431a65-431a6a,2,2,83042406c3,,WRITE:0-0
431a6a-431a6f,1,1,e90c000000,,WRITE:0-0
431a7b-431a89,2,5,61518f0591b9410060e801000000,m,WRITE:41b991-0
431a8a-431a8f,2,2,83042406c3,,WRITE:0-0
431a8f-431a91,1,1,7b01,,WRITE:0-0
431a92-431a98,1,1,0f8a02000000,,WRITE:0-0
431a98-431aa5,2,4,87f5bbab1b430050e801000000,,WRITE:0-0
431aa6-431ab8,2,6,83c4045887c5fcbad4a926800f8104000000,,WRITE:0-0
431abc-431ac4,2,2,81f225d41da67603,,WRITE:0-0
431ac4-431ac6,1,1,7701,,WRITE:0-0
431ac7-431acc,1,1,e905000000,,WRITE:0-0
431ad1-431ae2,2,3,812da5ba41006263cd34b93b0000007e03,m,WRITE:41baa5-0
431ae5-431aea,1,1,e84fc2ffff,,WRITE:0-0
431aea-431aec,1,1,7902,,WRITE:0-0
431aec-431af5,2,3,85f58b3be801000000,,WRITE:0-0
431aee-431af5,59,2,8b3be801000000,,WRITE:0-0
431af6-431afb,60,2,83042406c3,,WRITE:0-0
431afb-431b01,59,1,0f8d03000000,,WRITE:0-0
431b04-431b08,60,2,33fa7803,,WRITE:0-0
431b08-431b0a,28,1,7901,,WRITE:0-0
431b0b-431b11,59,1,0f8302000000,,WRITE:0-0
431b13-431b1d,60,3,d3d6c1c704e801000000,,WRITE:0-0
431b1e-431b37,60,7,83c40481e053b1904d668bef83c304033b83eb04e801000000,,WRITE:0-0
431b38-431b40,60,2,83c404e902000000,,WRITE:0-0
431b42-431b49,60,2,893be801000000,m,WRITE:431bab-431c93
431b4a-431b4f,60,2,83042406c3,,WRITE:0-0
431b4f-431b54,59,1,e906000000,,WRITE:0-0
431b5a-431b65,60,2,81ea9d07e365e801000000,,WRITE:0-0
431b66-431b6e,60,2,83c404e907000000,,WRITE:0-0
431b75-431b80,60,2,81c304000000e801000000,,WRITE:0-0
431b81-431b86,60,2,83042406c3,,WRITE:0-0
431b86-431b89,60,2,4e7d02,,WRITE:0-0
431b89-431b94,38,3,d3d883c1ff0f855affffff,,WRITE:0-0
431b8b-431b94,23,2,83c1ff0f855affffff,,WRITE:0-0
431b94-431b99,1,1,e801000000,,WRITE:0-0
431b9a-431bad,2,5,83c4040befd3e5813521b94100dd2798eceb01,m,WRITE:41b921-0
431bae-431bb4,2,2,66c1dd8a7101,,WRITE:0-0
431bb4-431bc5,2,5,f9689d1c4300b9a32f246758e801000000,,WRITE:0-0
431bc6-431bd2,2,4,83c404d3d2680a4f02147601,,WRITE:0-0
431bd3-431bd9,2,2,5be801000000,,WRITE:0-0
431bda-431bdf,2,2,83042406c3,,WRITE:0-0
431bdf-431be1,1,1,7a02,,WRITE:0-0
431be1-431be5,2,2,85d57c01,,WRITE:0-0
431be5-431bed,2,3,4abe42000000eb01,,WRITE:0-0
431bee-431bf3,1,1,e911000000,,WRITE:0-0
431c04-431c0b,67,2,8b38e801000000,,WRITE:0-0
431c0c-431c14,67,2,83c404e902000000,,WRITE:0-0
431c16-431c1d,67,2,03fbe801000000,,WRITE:0-0
431c1e-431c2c,67,6,83c4044dfcc1c71850e801000000,,WRITE:0-0
431c2d-431c3a,67,6,83c40458f966d3fa2b7804eb01,,WRITE:0-0
431c3b-431c40,66,1,e865d6ffff,,WRITE:0-0
431c40-431c44,67,2,85d57501,,WRITE:0-0
431c45-431c56,67,3,813545b841004bfcedee8938e801000000,m,WRITE:41b845-431da1
431c57-431c5c,67,2,83042406c3,,WRITE:0-0
431c5c-431c5e,66,1,7902,,WRITE:0-0
431c60-431c66,66,1,0f8d01000000,,WRITE:0-0
431c67-431c72,67,2,81c3ba590a3ae801000000,,WRITE:0-0
431c73-431c80,67,4,83c404d3d981c004000000eb01,,WRITE:0-0
431c81-431c87,66,1,0f8c01000000,,WRITE:0-0
431c87-431c8a,67,2,f87802,,WRITE:0-0
431c8a-431c93,67,3,87e94e0f8571ffffff,,WRITE:0-0
431c93-431c95,1,1,eb01,,WRITE:0-0
431c96-431c9f,2,3,8bd76681e19437eb01,,WRITE:0-0
431ca0-431cb6,2,4,d3e0810559b84100048f8fb5bfab1d4300e801000000,m,WRITE:41b859-0
431cb7-431cbc,2,2,83042406c3,,WRITE:0-0
431cbc-431cc1,1,1,e878c0ffff,,WRITE:0-0
431cc1-431cdb,2,5,662bc285ea810da1b94100d85e5d9abe4c4bc4ae0f8a05000000,m,WRITE:41b9a1-0
431ce0-431ceb,2,2,81ee36af95d1e801000000,,WRITE:0-0
431cec-431cf1,2,2,83042406c3,,WRITE:0-0
431cf1-431cf3,1,1,7c03,,WRITE:0-0
431cf3-431d00,2,5,c1cabf6842000000d3ed597803,,WRITE:0-0
431d00-431d02,1,1,7901,,WRITE:0-0
431d03-431d05,1,1,7802,,WRITE:0-0
431d05-431d0f,2,4,85e88b1f50e801000000,,WRITE:0-0
431d07-431d0f,66,3,8b1f50e801000000,,WRITE:0-0
431d10-431d22,67,6,83c4045885d06681f5065733dee801000000,,WRITE:0-0
431d23-431d28,67,2,83042406c3,,WRITE:0-0
431d28-431d35,67,5,f96623d3c1cb1450e801000000,,WRITE:0-0
431d36-431d3c,67,3,83c404587006,,WRITE:0-0
431d3c-431d4c,67,5,81eac0cb34bf83c7042b1f83ef047203,,WRITE:0-0
431d4c-431d4e,66,1,7301,,WRITE:0-0
431d4f-431d5a,67,3,66c1d0cf891fe801000000,m,WRITE:431dab-431eaf
431d5b-431d63,67,2,83c404e8d6bfffff,,WRITE:0-0
431d63-431d6e,67,4,4ad3e881c6db5b3fa6eb01,,WRITE:0-0
431d6f-431d74,66,1,e8c5bfffff,,WRITE:0-0
431d74-431d7a,66,1,0f8506000000,,WRITE:0-0
431d80-431d89,67,3,fc81c704000000eb01,,WRITE:0-0
431d8a-431d8f,66,1,e904000000,,WRITE:0-0
431d93-431da1,67,4,538f05c5b94100490f8566ffffff,m,WRITE:41b9c5-41b9c5
431da1-431da3,1,1,eb01,,WRITE:0-0
431da4-431daa,1,1,0f8001000000,,WRITE:0-0
431daa-431db0,2,2,4ae801000000,,WRITE:0-0
431db1-431db9,2,2,83c404e903000000,,WRITE:0-0
431dbc-431dc3,2,2,beb81e4300eb01,,WRITE:0-0
431dc4-431dc9,1,1,e90a000000,,WRITE:0-0
431dd3-431de9,2,5,b80112db6cbd03cf185481f0f734038e50e801000000,,WRITE:0-0
431dea-431df3,2,3,83c40458e903000000,,WRITE:0-0
431df6-431e01,2,2,68a40000000f8003000000,,WRITE:0-0
431e01-431e0b,2,4,660bd65b50e801000000,,WRITE:0-0
431e0c-431e15,2,3,83c40458e907000000,,WRITE:0-0
431e1c-431e23,165,2,8b0ee801000000,,WRITE:0-0
431e24-431e29,165,2,83042406c3,,WRITE:0-0
431e29-431e2b,164,1,7102,,WRITE:0-0
431e2d-431e35,165,3,2bc850e801000000,,WRITE:0-0
431e36-431e46,165,7,83c4045813ef42c1c11a50e801000000,,WRITE:0-0
431e47-431e53,165,5,83c4045866d3cf334e04eb01,,WRITE:0-0
431e54-431e5a,164,1,0f8b01000000,,WRITE:0-0
431e5a-431e63,104,4,4f890e50e801000000,m,WRITE:431eb8-432140
431e5b-431e63,62,3,890e50e801000000,m,WRITE:431edc-432144
431e64-431e6d,165,3,83c40458e8ccbeffff,,WRITE:0-0
431e6d-431e72,164,1,e903000000,,WRITE:0-0
431e75-431e81,165,3,81e89b04276950e801000000,,WRITE:0-0
431e82-431e8b,165,3,83c40458e901000000,,WRITE:0-0
431e8c-431e94,165,2,83c604e801000000,,WRITE:0-0
431e95-431e9a,165,2,83042406c3,,WRITE:0-0
431e9a-431ea4,165,3,4783eb010f8578ffffff,,WRITE:0-0
431ea4-431eaa,2,2,50e801000000,,WRITE:0-0
431eab-431eb1,2,3,83c404587103,,WRITE:0-0
431eb4-431eb6,1,1,7302,,WRITE:0-0
431eb8-431ebd,1,1,e84392ffff,,WRITE:0-0
431ebd-431ec4,2,2,6a00e80a000000,,WRITE:0-0
431ece-431ed3,1,1,e825000000,,WRITE:0-0
431ef8-431efa,2,2,6a00,,WRITE:0-0
