41b000-41b007,2,3,6050e801000000,,WRITE:0-0
41b008-41b012,2,3,83c404580f8101000000,,WRITE:0-0
41b013-41b019,2,2,4ee801000000,,WRITE:0-0
41b01a-41b01f,2,2,83042406c3,,WRITE:0-0
41b01f-41b021,1,1,7101,,WRITE:0-0
41b022-41b024,1,1,eb01,,WRITE:0-0
41b025-41b02a,1,1,e906000000,,WRITE:0-0
41b030-41b03d,2,4,6816b1410087c659e801000000,,WRITE:0-0
41b03e-41b04e,2,4,83c40481de3cb52f786869b85a257305,,WRITE:0-0
41b04e-41b059,2,3,6681cbae1b5de801000000,,WRITE:0-0
41b05a-41b05f,2,2,83042406c3,,WRITE:0-0
41b05f-41b06e,2,3,6681d0600bbf3e000000e801000000,,WRITE:0-0
41b06f-41b074,2,2,83042406c3,,WRITE:0-0
41b074-41b07c,2,2,87f00f8b03000000,,WRITE:0-0
41b07c-41b083,2,3,6623de8b11eb01,,WRITE:0-0
41b07f-41b083,62,2,8b11eb01,,WRITE:0-0
41b084-41b089,62,1,e903000000,,WRITE:0-0
41b08c-41b093,63,2,2bd5e801000000,,WRITE:0-0
41b094-41b099,63,2,83042406c3,,WRITE:0-0
41b099-41b09e,62,1,e903000000,,WRITE:0-0
41b0a1-41b0aa,63,3,c1ca0f50e801000000,,WRITE:0-0
41b0ab-41b0b6,63,4,83c404586681f064047703,,WRITE:0-0
41b0b9-41b0c6,63,4,83e9fc031183c1fce801000000,,WRITE:0-0
41b0c7-41b0cc,63,2,83042406c3,,WRITE:0-0
41b0cc-41b0d1,63,3,4089117203,m,WRITE:41b116-41b20a
41b0d1-41b0d3,62,1,7301,,WRITE:0-0
41b0d4-41b0e0,63,3,4081f5484e619fe801000000,,WRITE:0-0
41b0e1-41b0e6,63,2,83042406c3,,WRITE:0-0
41b0e6-41b0eb,62,1,e904000000,,WRITE:0-0
41b0ef-41b0f7,63,2,81c1040000007803,,WRITE:0-0
41b0f7-41b0f9,62,1,7901,,WRITE:0-0
41b0fa-41b107,63,4,f9c1d08283c7ff0f8578ffffff,,WRITE:0-0
41b107-41b10c,1,1,e801000000,,WRITE:0-0
41b10d-41b115,2,2,83c404e901000000,,WRITE:0-0
41b116-41b118,1,1,7a03,,WRITE:0-0
41b118-41b11a,1,1,7b01,,WRITE:0-0
41b11b-41b11d,1,1,7002,,WRITE:0-0
41b11d-41b133,2,4,87f98125d9b94100850f569fbe13b24100e801000000,m,WRITE:41b9d9-0
41b134-41b13c,2,2,83c404e903000000,,WRITE:0-0
41b13f-41b150,2,4,b8e52ed33df881f00bad5119e801000000,,WRITE:0-0
41b151-41b159,2,2,83c404e903000000,,WRITE:0-0
41b15c-41b16f,2,5,ba0f37f1580bef81f24f37f15850e801000000,,WRITE:0-0
41b170-41b179,2,3,83c40458e90a000000,,WRITE:0-0
41b183-41b187,65,2,8b1eeb01,,WRITE:0-0
41b188-41b191,65,3,85cd03d8e801000000,,WRITE:0-0
41b192-41b19a,65,3,83c40466d3ff7304,,WRITE:0-0
41b19e-41b1a6,65,2,c1cb1ee801000000,,WRITE:0-0
41b1a7-41b1ac,65,2,83042406c3,,WRITE:0-0
41b1ac-41b1b1,64,1,e902000000,,WRITE:0-0
41b1b3-41b1c1,65,5,83eefc331e83c6fc50e801000000,,WRITE:0-0
41b1c2-41b1ce,65,5,83c40458fc891ee801000000,m,WRITE:41b213-41b30f
41b1cf-41b1d4,65,2,83042406c3,,WRITE:0-0
41b1d4-41b1e4,65,4,66c1ef5a81f0c1946db750e801000000,,WRITE:0-0
41b1e5-41b1f2,65,5,83c404584781eefcffffffeb01,,WRITE:0-0
41b1f3-41b200,65,4,66d3edc1fd004a0f8583ffffff,,WRITE:0-0
41b200-41b202,1,1,7203,,WRITE:0-0
41b205-41b20a,1,1,e909000000,,WRITE:0-0
41b213-41b218,1,1,e801000000,,WRITE:0-0
41b219-41b221,2,2,83c404e903000000,,WRITE:0-0
41b224-41b22e,2,2,bb17b34100e801000000,,WRITE:0-0
41b22f-41b237,2,2,83c404e903000000,,WRITE:0-0
41b23a-41b24d,2,5,bd6533ba1c87ca81c5f3ddf01250e801000000,,WRITE:0-0
41b24e-41b257,2,3,83c40458e90b000000,,WRITE:0-0
41b262-41b269,2,2,bfa4d9c4b67405,,WRITE:0-0
41b269-41b279,2,3,6681e65cef81c7a2263b49e801000000,,WRITE:0-0
41b27a-41b27f,2,2,83042406c3,,WRITE:0-0
41b27f-41b288,2,3,85f28b03e801000000,,WRITE:0-0
41b281-41b288,70,2,8b03e801000000,,WRITE:0-0
41b289-41b28e,71,2,83042406c3,,WRITE:0-0
41b28e-41b29b,71,3,81ca775ba1f603c5e801000000,,WRITE:0-0
41b29c-41b2a3,71,3,83c4042bd17901,,WRITE:0-0
41b2a3-41b2ac,36,3,41c1c810e801000000,,WRITE:0-0
41b2a4-41b2ac,36,2,c1c810e801000000,,WRITE:0-0
41b2ad-41b2b2,71,2,83042406c3,,WRITE:0-0
41b2b2-41b2b8,70,1,0f8902000000,,WRITE:0-0
41b2ba-41b2c7,71,4,83ebfc030383c3fce801000000,,WRITE:0-0
41b2c8-41b2d2,71,4,83c404662bd689037603,m,WRITE:41b317-41b42b
41b2d2-41b2d4,31,1,7701,,WRITE:0-0
41b2d5-41b2df,71,3,87d181f5c15947d87c03,,WRITE:0-0
41b2df-41b2e1,35,1,7d01,,WRITE:0-0
41b2e2-41b2f0,71,3,81e9040af32483c304e801000000,,WRITE:0-0
41b2f1-41b2f9,71,2,83c404e901000000,,WRITE:0-0
41b2fa-41b303,71,2,83ef010f857effffff,,WRITE:0-0
41b303-41b308,1,1,e801000000,,WRITE:0-0
41b309-41b312,2,2,83c4040f8702000000,,WRITE:0-0
41b314-41b31c,2,2,c1ca6de801000000,,WRITE:0-0
41b31d-41b322,2,2,83042406c3,,WRITE:0-0
41b322-41b327,1,1,e909000000,,WRITE:0-0
41b330-41b337,2,2,b834b44100eb01,,WRITE:0-0
41b338-41b33d,1,1,e902000000,,WRITE:0-0
41b33f-41b34a,2,2,bfc84553020f8605000000,,WRITE:0-0
41b34a-41b357,2,3,bdfb6376d881efb9d18a337e03,,WRITE:0-0
41b35a-41b369,2,6,87d6683d000000465950e801000000,,WRITE:0-0
41b36a-41b374,2,3,83c404580f8004000000,,WRITE:0-0
41b374-41b381,2,4,66bad93f8bea8b18e801000000,,WRITE:0-0
41b37a-41b381,61,2,8b18e801000000,,WRITE:0-0
41b382-41b38a,62,2,83c404e902000000,,WRITE:0-0
41b38c-41b390,62,2,33dfeb01,,WRITE:0-0
41b391-41b396,61,1,e909000000,,WRITE:0-0
41b39f-41b3a7,62,2,c1c314e801000000,,WRITE:0-0
41b3a8-41b3ba,62,7,83c4044e83c0042b1883c0fc50e801000000,,WRITE:0-0
41b3bb-41b3ca,62,5,83c4045866c1fa448918e801000000,m,WRITE:41b434-41b524
41b3cb-41b3d3,62,2,83c404e901000000,,WRITE:0-0
41b3d4-41b3df,62,2,81c7e8dd0a42e801000000,,WRITE:0-0
41b3e0-41b3e5,62,2,83042406c3,,WRITE:0-0
41b3e5-41b3ea,61,1,e90b000000,,WRITE:0-0
41b3f5-41b401,62,3,81e8fcffffff50e801000000,,WRITE:0-0
41b402-41b40c,62,3,83c404580f8101000000,,WRITE:0-0
41b40d-41b423,62,4,668bd7811d3db84100368027a583e9010f8557ffffff,m,WRITE:41b83d-41b83d
41b423-41b425,1,1,7c03,,WRITE:0-0
41b425-41b427,1,1,7d01,,WRITE:0-0
41b428-41b42d,1,1,e907000000,,WRITE:0-0
41b434-41b436,1,1,eb01,,WRITE:0-0
41b437-41b43c,1,1,e905000000,,WRITE:0-0
41b441-41b459,2,5,810541ba41004ce175a9682fb5410066d3ff58e801000000,m,WRITE:41ba41-0
41b45a-41b462,2,2,83c404e909000000,,WRITE:0-0
41b46b-41b47d,2,4,b91105644087ef81c1f81497e0e801000000,,WRITE:0-0
41b47e-41b486,2,2,83c404e90a000000,,WRITE:0-0
41b490-41b4a4,2,5,811d6db84100e4c5257c683900000087eb5aeb01,m,WRITE:41b86d-0
41b4a5-41b4ae,2,3,85fd8b30e801000000,,WRITE:0-0
41b4a7-41b4ae,57,2,8b30e801000000,,WRITE:0-0
41b4af-41b4bc,58,5,83c404d3e32bf150e801000000,,WRITE:0-0
41b4bd-41b4c7,58,3,83c404580f8002000000,,WRITE:0-0
41b4c7-41b4ce,58,3,13e8c1ce127603,,WRITE:0-0
41b4ce-41b4d0,33,1,7701,,WRITE:0-0
41b4d1-41b4d7,58,3,4b2b7004eb01,,WRITE:0-0
41b4d8-41b4dd,57,1,e90e000000,,WRITE:0-0
41b4eb-41b4ef,58,2,89307803,m,WRITE:41b52f-41b60f
41b4ef-41b4f1,32,1,7901,,WRITE:0-0
41b4f2-41b4f7,57,1,e901000000,,WRITE:0-0
41b4f8-41b500,58,2,81f18b095129eb01,,WRITE:0-0
41b501-41b506,57,1,e902000000,,WRITE:0-0
41b508-41b510,58,2,81c0040000007203,,WRITE:0-0
41b510-41b512,57,1,7301,,WRITE:0-0
41b513-41b51e,58,4,f8f983ea010f8589ffffff,,WRITE:0-0
41b51e-41b520,1,1,eb01,,WRITE:0-0
41b521-41b526,1,1,e909000000,,WRITE:0-0
41b52f-41b531,1,1,eb01,,WRITE:0-0
41b532-41b537,1,1,e908000000,,WRITE:0-0
41b53f-41b554,2,5,812529bb41004c0bc82e6817b64100668bdd587203,m,WRITE:41bb29-0
41b554-41b556,1,1,7301,,WRITE:0-0
41b557-41b565,2,5,87fe6891bdd57266c1df265aeb01,,WRITE:0-0
41b566-41b570,2,4,43d3cbb9e0e6e9957b01,,WRITE:0-0
41b571-41b57c,2,2,81e9a3e6e995e801000000,,WRITE:0-0
41b57d-41b582,2,2,83042406c3,,WRITE:0-0
41b582-41b584,1,1,7b03,,WRITE:0-0
41b584-41b58b,2,3,66d3e68b287a03,,WRITE:0-0
41b587-41b58b,61,2,8b287a03,,WRITE:0-0
41b58b-41b58d,30,1,7b01,,WRITE:0-0
41b58e-41b593,61,1,e903000000,,WRITE:0-0
41b596-41b59a,62,2,33ea7603,,WRITE:0-0
41b59a-41b59c,61,1,7701,,WRITE:0-0
41b59d-41b59f,61,1,7304,,WRITE:0-0
41b5a3-41b5ad,62,3,03fbc1c511e801000000,,WRITE:0-0
41b5ae-41b5b3,62,2,83042406c3,,WRITE:0-0
41b5b3-41b5b6,62,2,fc7101,,WRITE:0-0
41b5b7-41b5c5,62,5,83e8fc032883e80450e801000000,,WRITE:0-0
41b5c6-41b5d6,62,6,83c40458d3c6668bf28928e801000000,m,WRITE:41b617-41b707
41b5d7-41b5e8,62,5,83c40433f066c1ef1a81ea7e2f5f05eb01,,WRITE:0-0
41b5e9-41b5ee,61,1,e903000000,,WRITE:0-0
41b5f1-41b5f9,62,2,81c0040000007c03,,WRITE:0-0
41b5f9-41b5fb,61,1,7d01,,WRITE:0-0
41b5fc-41b607,62,3,13de83e9010f8580ffffff,,WRITE:0-0
41b607-41b60c,1,1,e801000000,,WRITE:0-0
41b60d-41b616,2,2,83c4040f8101000000,,WRITE:0-0
41b617-41b61c,1,1,e801000000,,WRITE:0-0
41b61d-41b622,2,2,83042406c3,,WRITE:0-0
41b622-41b63e,2,7,66c1e2cf66bf8f138135b5ba41008ac01c116810b7410087d558eb01,m,WRITE:41bab5-0
41b63f-41b64f,2,5,47be33534afc85fd81eed271afd2eb01,,WRITE:0-0
41b650-41b655,1,1,e905000000,,WRITE:0-0
41b65a-41b66c,2,4,bb3244cbce85ea81c309bc3431e801000000,,WRITE:0-0
41b66d-41b677,2,4,83c404c1ea378b087403,,WRITE:0-0
41b673-41b677,59,2,8b087403,,WRITE:0-0
41b677-41b679,59,1,7501,,WRITE:0-0
41b67a-41b681,60,2,f90f8c03000000,,WRITE:0-0
41b681-41b688,60,3,662bd003ceeb01,,WRITE:0-0
41b689-41b694,60,3,66d3e7c1c90fe801000000,,WRITE:0-0
41b695-41b69a,60,2,83042406c3,,WRITE:0-0
41b69a-41b6a2,60,4,f813ef2b48047a03,,WRITE:0-0
41b6a2-41b6a4,27,1,7b01,,WRITE:0-0
41b6a5-41b6aa,59,1,e903000000,,WRITE:0-0
41b6ad-41b6b4,60,2,8908e801000000,m,WRITE:41b710-41b7f8
41b6b5-41b6ba,60,2,83042406c3,,WRITE:0-0
41b6ba-41b6bf,59,1,e902000000,,WRITE:0-0
41b6c1-41b6cc,60,2,81f6a67d9cf8e801000000,,WRITE:0-0
41b6cd-41b6d2,60,2,83c4047201,,WRITE:0-0
41b6d2-41b6de,60,4,fc668be981e8fcffffff7e03,,WRITE:0-0
41b6de-41b6e0,59,1,7f01,,WRITE:0-0
41b6e1-41b6e6,60,2,c1dd4b7804,,WRITE:0-0
41b6e6-41b6f1,60,3,66bf54084b0f8582ffffff,,WRITE:0-0
41b6f1-41b6f7,2,2,50e801000000,,WRITE:0-0
41b6f8-41b702,2,3,83c404580f8204000000,,WRITE:0-0
41b702-41b716,2,4,66bfadd2811509bb4100dbbc62c750e801000000,m,WRITE:41bb09-0
41b717-41b720,2,3,83c40458e907000000,,WRITE:0-0
41b727-41b72e,2,2,ba02b841007803,,WRITE:0-0
41b72e-41b730,1,1,7901,,WRITE:0-0
41b731-41b73f,2,3,c1e8fabd6fbff0bd0f8702000000,,WRITE:0-0
41b73f-41b74c,2,3,87cf81f59998d04ae801000000,,WRITE:0-0
41b74d-41b75b,2,4,83c40449becd520000e801000000,,WRITE:0-0
41b75c-41b764,2,2,83c404e907000000,,WRITE:0-0
41b76b-41b76f,21198,2,8b1a7803,,WRITE:0-0
41b76f-41b771,21197,1,7901,,WRITE:0-0
41b772-41b775,21198,2,f87603,,WRITE:0-0
41b775-41b77f,21198,3,6613fa2bdde801000000,,WRITE:0-0
41b780-41b786,21198,3,83c404487206,,WRITE:0-0
41b786-41b794,21198,3,81e81b09de59c1c304e801000000,,WRITE:0-0
41b795-41b79a,21198,2,83042406c3,,WRITE:0-0
41b79a-41b79f,21197,1,e905000000,,WRITE:0-0
41b7a4-41b7ad,21198,3,2b5a0450e801000000,,WRITE:0-0
41b7ae-41b7b7,21198,3,83c40458e903000000,,WRITE:0-0
41b7ba-41b7c2,21198,3,891a50e801000000,m,WRITE:41b802-430332
41b7c3-41b7d3,21198,5,83c40458f881f559785c17e801000000,,WRITE:0-0
41b7d4-41b7d9,21198,2,83042406c3,,WRITE:0-0
41b7d9-41b7de,21197,1,e901000000,,WRITE:0-0
41b7df-41b7ea,21198,2,81c204000000e801000000,,WRITE:0-0
41b7eb-41b7f0,21198,2,83042406c3,,WRITE:0-0
41b7f0-41b7f8,21198,3,f84e0f8573ffffff,,WRITE:0-0
41b7f8-41b7fa,1,1,7c03,,WRITE:0-0
41b7fa-41b7fc,1,1,7d01,,WRITE:0-0
41b7fd-41b7ff,1,1,7201,,WRITE:0-0
41b7ff-41b807,2,3,4f03fbe9bb4a0100,,WRITE:0-0
42a8ce-42a8eb,69,11,520f31c1d002054dcb40be13c433c13185d5084100034424f8d1d05ac3,,WRITE:0-0
42b100-42b105,19,1,e800000000,,WRITE:0-0
42b105-42b10d,20,3,5d81ed05114100c3,,WRITE:0-0
42b12a-42b145,29,12,53505203c55053508b851c8541000fb60083e8333d990000007410,,WRITE:0-0
42b145-42b150,29,6,9090909058ff951c854100,,WRITE:0-0
42b150-42b152,28,1,eb17,,WRITE:0-0
42b169-42b171,29,5,5a89441500585bc3,,WRITE:0-0
42d0db-42d0e1,2,4,608bc5f97d04,,WRITE:0-0
42d0e1-42d0ec,2,3,66be36dc85c6e801000000,,WRITE:0-0
42d0ed-42d0f2,2,2,83042406c3,,WRITE:0-0
42d0f2-42d0fb,2,3,c1d63250e801000000,,WRITE:0-0
42d0fc-42d105,2,4,83c40458668bddeb01,,WRITE:0-0
42d106-42d108,1,1,7504,,WRITE:0-0
42d10c-42d111,1,1,e801000000,,WRITE:0-0
42d112-42d117,2,2,83042406c3,,WRITE:0-0
42d117-42d119,1,1,7b03,,WRITE:0-0
42d119-42d121,2,2,668bd8e801000000,,WRITE:0-0
42d122-42d127,2,2,83042406c3,,WRITE:0-0
42d127-42d12d,2,2,f8e801000000,,WRITE:0-0
42d12e-42d133,2,2,83042406c3,,WRITE:0-0
42d133-42d13a,2,2,85f3e801000000,,WRITE:0-0
42d13b-42d140,2,2,83042406c3,,WRITE:0-0
42d140-42d145,2,2,c1d06aeb01,,WRITE:0-0
42d146-42d14c,2,2,f9e801000000,,WRITE:0-0
42d14d-42d159,2,3,83c40466c1e05ce800000000,,WRITE:0-0
42d159-42d161,2,4,5d8bc53b451d7c06,,WRITE:0-0
42d161-42d16c,2,3,03451d89451de801000000,,WRITE:0-0
42d16d-42d172,2,2,83042406c3,,WRITE:0-0
42d172-42d17f,2,3,668bc7bf86d24200e801000000,,WRITE:0-0
42d180-42d189,2,2,83c4040f8201000000,,WRITE:0-0
42d189-42d1a2,2,6,f9810d91b84100761d4983b9b641bfe94381e9a4fcb9727c03,m,WRITE:41b891-0
42d1a5-42d1b2,2,3,c1e39aba2f000000e801000000,,WRITE:0-0
42d1b3-42d1bc,2,2,83c4040f8402000000,,WRITE:0-0
42d1bc-42d1c6,2,4,1bf58b2f50e801000000,,WRITE:0-0
42d1be-42d1c6,47,3,8b2f50e801000000,,WRITE:0-0
42d1c7-42d1d0,48,3,83c40458e902000000,,WRITE:0-0
42d1d2-42d1e3,48,3,8135b1ba410030ee2c5f2be9e801000000,m,WRITE:41bab1-41bab1
42d1e4-42d1ed,48,2,83c4040f8305000000,,WRITE:0-0
42d1f2-42d1fb,48,3,c1c50850e801000000,,WRITE:0-0
42d1fc-42d205,48,3,83c40458e907000000,,WRITE:0-0
42d20c-42d21a,48,5,83c704032f83ef0450e801000000,,WRITE:0-0
42d21b-42d221,48,3,83c404587301,,WRITE:0-0
42d222-42d229,48,2,892fe801000000,m,WRITE:42d286-42d33e
42d22a-42d22f,48,2,83042406c3,,WRITE:0-0
42d22f-42d23e,48,4,f9c1f84a81e9d0b8b784e801000000,,WRITE:0-0
42d23f-42d244,48,2,83042406c3,,WRITE:0-0
42d244-42d24a,47,1,0f8101000000,,WRITE:0-0
42d24b-42d260,48,4,66d3d68135d1b94100779d654981effcffffff7603,m,WRITE:41b9d1-41b9d1
42d263-42d26e,48,4,fc4883ea010f8550ffffff,,WRITE:0-0
42d26e-42d274,2,2,50e801000000,,WRITE:0-0
42d275-42d27e,2,3,83c40458e908000000,,WRITE:0-0
42d286-42d28b,1,1,e875deffff,,WRITE:0-0
42d28b-42d29f,2,5,68200300008dbd11184000576a00ff9573fd4000,,WRITE:0-0
42d29f-42d2b8,2,8,6a0068800000006a036a006a01680000008057ff952bfd4000,,WRITE:0-0
42d2b8-42d2bf,2,2,400f8487000000,,WRITE:0-0
42d2bf-42d2cb,2,5,488bf86a0057ff9577fd4000,,WRITE:0-0
42d2cb-42d2db,2,5,2b856b81410096566a40ff95fffc4000,,WRITE:0-0
42d2db-42d2df,2,2,85c0745e,,WRITE:0-0
42d2df-42d2f6,2,12,90909090936a008d851118400050565357ff954ffd4000,,WRITE:0-0
42d2f6-42d300,2,4,8bc38bce60e884000000,,WRITE:0-0
42d300-42d308,2,2,39856f8141007424,,WRITE:0-0
42d32c-42d335,2,4,618d853533410050c3,,WRITE:0-0
42d335-42d33c,2,2,53ff9503fd4000,,WRITE:0-0
42d33c-42d345,2,4,965057ff9527fd4000,,WRITE:0-0
42d345-42d34c,2,3,5860e800000000,,WRITE:0-0
42d34c-42d367,2,9,5e83ee06b9c000000029cebab20f029ec1e90283e90283f9007c1a,,WRITE:0-0
42d362-42d367,48,2,83f9007c1a,,WRITE:0-0
42d367-42d381,48,9,8b048e8b5c8e042bc3c1c80803c281c2d0b8b78489048e49ebe1,m,WRITE:42d33e-42d286
42d381-42d384,2,3,6161c3,,WRITE:0-0
42d384-42d396,2,10,8bf833c033db33d28a07f7e203d84247e2f6,,WRITE:0-0
42d38c-42d396,164701,6,8a07f7e203d84247e2f6,,WRITE:0-0
42d396-42d398,2,2,93c3,,WRITE:0-0
42d398-42d3a5,2,5,604e6681e8eefb50e801000000,,WRITE:0-0
42d3a6-42d3af,2,4,83c404586603ee7c03,,WRITE:0-0
42d3b2-42d3b6,2,2,85c5eb01,,WRITE:0-0
42d3b7-42d3bd,2,2,f9e801000000,,WRITE:0-0
42d3be-42d3c3,2,2,83042406c3,,WRITE:0-0
42d3c3-42d3ca,2,3,4550e801000000,,WRITE:0-0
42d3cb-42d3d8,2,5,83c4045866d3de50e801000000,,WRITE:0-0
42d3d9-42d3e0,2,4,83c40458467c03,,WRITE:0-0
42d3e0-42d3e2,1,1,7d01,,WRITE:0-0
42d3e3-42d3ea,2,2,d3fee801000000,,WRITE:0-0
42d3eb-42d3f0,2,2,83042406c3,,WRITE:0-0
42d3f0-42d3f6,2,2,f8e801000000,,WRITE:0-0
42d3f7-42d400,2,2,83c4040f8601000000,,WRITE:0-0
42d400-42d406,2,2,4de801000000,,WRITE:0-0
42d407-42d410,2,3,83c40446e801000000,,WRITE:0-0
42d411-42d416,2,2,83042406c3,,WRITE:0-0
42d416-42d420,2,2,6681c0bd40e800000000,,WRITE:0-0
42d420-42d428,2,4,5d8bc53b451d7c06,,WRITE:0-0
42d428-42d430,2,3,03451d89451deb01,,WRITE:0-0
42d431-42d436,1,1,e906000000,,WRITE:0-0
42d43c-42d447,2,4,6843d54200c1deb05beb01,,WRITE:0-0
42d448-42d44a,1,1,7201,,WRITE:0-0
42d44a-42d461,2,6,fc8bc1baa06e1ca766bd904581ea83a28490e801000000,,WRITE:0-0
42d462-42d467,2,2,83042406c3,,WRITE:0-0
42d467-42d471,2,2,66bd73a30f8905000000,,WRITE:0-0
42d476-42d48f,2,6,578f05c5b94100b950a5e9046681cd204081c1cc5a16fb7c03,m,WRITE:41b9c5-0
42d48f-42d491,1,1,7d01,,WRITE:0-0
42d492-42d49b,2,4,66d3fdd3c88b3beb01,,WRITE:0-0
42d497-42d49b,28,2,8b3beb01,,WRITE:0-0
42d49c-42d4a1,28,1,e90f000000,,WRITE:0-0
42d4b0-42d4b7,29,2,33fae801000000,,WRITE:0-0
42d4b8-42d4c0,29,2,83c404e902000000,,WRITE:0-0
42d4c2-42d4cb,29,3,c1c70e50e801000000,,WRITE:0-0
42d4cc-42d4e1,29,6,83c40458c1d5bc81d0245b19d2037b04e801000000,,WRITE:0-0
42d4e2-42d4e7,29,2,83042406c3,,WRITE:0-0
42d4e7-42d4fc,29,5,f96613e9813515b84100458267b5893be801000000,m,WRITE:41b815-42d5af
42d4fd-42d505,29,2,83c404e905000000,,WRITE:0-0
42d50a-42d515,29,2,81f23835e6f9e801000000,,WRITE:0-0
42d516-42d51b,29,2,83042406c3,,WRITE:0-0
42d51b-42d520,28,1,e908000000,,WRITE:0-0
42d528-42d530,29,2,81ebfcffffff7803,,WRITE:0-0
42d530-42d532,28,1,7901,,WRITE:0-0
42d533-42d535,28,1,7801,,WRITE:0-0
42d535-42d53f,29,3,4083c1ff0f8558ffffff,,WRITE:0-0
42d53f-42d541,1,1,eb01,,WRITE:0-0
42d542-42d548,2,2,fce8b8dbffff,,WRITE:0-0
42d548-42d55b,2,6,c68598334100c38db54ef8400056ad0bc07449,,WRITE:0-0
42d555-42d55b,3,4,56ad0bc07449,,WRITE:0-0
42d55b-42d56c,3,11,9090909050ad9151516a40ff95fffc4000,,WRITE:0-0
42d56c-42d592,3,41053,89854af840005958038546f840008bf0508bbd4af84000f3a45850ffb54af84000e82c4c0000,a,WRITE:470780-46c7e9
42d592-42d59e,3,2,ffb54af84000ff9503fd4000,,WRITE:0-0
42d59e-42d5a4,3,3,5e83c608ebb1,,WRITE:0-0
42d5a4-42d5b2,2,4,5e68307500006a40ff95fffc4000,,WRITE:0-0
42d5b2-42d5be,2,3,89854af8400060e800000000,,WRITE:0-0
42d5be-42d5d9,2,9,5e83ee06b97500000029ceba25f971efc1e90283e90283f9007c1a,,WRITE:0-0
42d5d4-42d5d9,29,2,83f9007c1a,,WRITE:0-0
42d5d9-42d5f3,29,9,8b048e8b5c8e042bc3c1c80e33c281f23835e6f989048e49ebe1,m,WRITE:42d5af-42d543
42d5f3-42d5fa,2,3,6161e8f7240000,,WRITE:0-0
42d5fb-42d600,1,1,e800dbffff,,WRITE:0-0
42d600-42d61d,2,9,8d8583fb40008bd850508b85208541000fb60083e8333d990000007410,,WRITE:0-0
42d61d-42d628,2,6,9090909058ff9520854100,,WRITE:0-0
42d628-42d62a,1,1,eb17,,WRITE:0-0
42d641-42d645,2,2,0bc0753d,,WRITE:0-0
42d682-42d699,2,5,8bd8898512204000b890fb4000bafffc4000e891daffff,,WRITE:0-0
42d699-42d6a8,2,3,b89cfb4000ba03fd4000e882daffff,,WRITE:0-0
42d6a8-42d6b7,2,3,b8a7fb4000ba17fd4000e873daffff,,WRITE:0-0
42d6b7-42d6c6,2,3,b8bbfb4000ba1bfd4000e864daffff,,WRITE:0-0
42d6c6-42d6d5,2,3,b8d4fb4000ba1ffd4000e855daffff,,WRITE:0-0
42d6d5-42d6e4,2,3,b8e3fb4000ba23fd4000e846daffff,,WRITE:0-0
42d6e4-42d6f3,2,3,b8f1fb4000ba27fd4000e837daffff,,WRITE:0-0
42d6f3-42d702,2,3,b8fdfb4000ba2bfd4000e828daffff,,WRITE:0-0
42d702-42d711,2,3,b809fc4000ba2ffd4000e819daffff,,WRITE:0-0
42d711-42d720,2,3,b81afc4000ba47fd4000e80adaffff,,WRITE:0-0
42d720-42d72f,2,3,b82cfc4000ba4bfd4000e8fbd9ffff,,WRITE:0-0
42d72f-42d73e,2,3,b838fc4000ba4ffd4000e8ecd9ffff,,WRITE:0-0
42d73e-42d74d,2,3,b841fc4000ba53fd4000e8ddd9ffff,,WRITE:0-0
42d74d-42d75c,2,3,b84bfc4000ba57fd4000e8ced9ffff,,WRITE:0-0
42d75c-42d76b,2,3,b857fc4000ba5bfd4000e8bfd9ffff,,WRITE:0-0
42d76b-42d77a,2,3,b864fc4000ba5ffd4000e8b0d9ffff,,WRITE:0-0
42d77a-42d789,2,3,b87dfc4000ba67fd4000e8a1d9ffff,,WRITE:0-0
42d789-42d798,2,3,b88efc4000ba6bfd4000e892d9ffff,,WRITE:0-0
42d798-42d7a7,2,3,b89ffc4000ba6ffd4000e883d9ffff,,WRITE:0-0
42d7a7-42d7b6,2,3,b8a7fd4000baa3fd4000e874d9ffff,,WRITE:0-0
42d7b6-42d7c5,2,3,b8d7fd4000ba73fd4000e865d9ffff,,WRITE:0-0
42d7c5-42d7d4,2,3,b8eafd4000ba77fd4000e856d9ffff,,WRITE:0-0
42d7d4-42d7f1,2,9,8d85b0fc40008bd850508b85208541000fb60083e8333d990000007410,,WRITE:0-0
42d7f1-42d7fc,2,6,9090909058ff9520854100,,WRITE:0-0
42d7fc-42d7fe,1,1,eb17,,WRITE:0-0
42d815-42d819,2,2,0bc0753d,,WRITE:0-0
42d856-42d86d,2,5,8bd8898516204000b8bbfc4000ba07fd4000e8bdd8ffff,,WRITE:0-0
42d86d-42d87c,2,3,b8c7fc4000ba0bfd4000e8aed8ffff,,WRITE:0-0
42d87c-42d88b,2,3,b8d6fc4000ba0ffd4000e89fd8ffff,,WRITE:0-0
42d88b-42d89a,2,3,b8e4fc4000ba13fd4000e890d8ffff,,WRITE:0-0
42d89a-42d8a9,2,3,b8bafd4000bab6fd4000e881d8ffff,,WRITE:0-0
42d8a9-42d8b8,2,3,b8c8fd4000bac4fd4000e872d8ffff,,WRITE:0-0
42d8b8-42d8cb,2,371,8dbd83fb40008d8df1fc40002bcf33c0f3aac3,m,WRITE:429b83-429cf0
42dd39-42dd40,843,3,6045e801000000,,WRITE:0-0
42dd41-42dd46,2,2,83042406c3,,WRITE:0-0
42dd46-42dd48,1,1,7002,,WRITE:0-0
42dd48-42dd4f,2,2,85e9e801000000,,WRITE:0-0
42dd50-42dd55,2,2,83042406c3,,WRITE:0-0
42dd55-42dd57,1,1,7d03,,WRITE:0-0
42dd5a-42dd5f,1,1,e801000000,,WRITE:0-0
42dd60-42dd69,2,3,83c40441e801000000,,WRITE:0-0
42dd6a-42dd6f,2,2,83042406c3,,WRITE:0-0
42dd6f-42dd76,2,2,85cae801000000,,WRITE:0-0
42dd77-42dd7c,2,2,83042406c3,,WRITE:0-0
42dd7c-42dd83,2,2,b97d75055a7203,,WRITE:0-0
42dd83-42dd85,1,1,7301,,WRITE:0-0
42dd86-42dd8d,2,2,d3c2e801000000,,WRITE:0-0
42dd8e-42dd93,2,2,83042406c3,,WRITE:0-0
42dd93-42dd96,2,2,f87803,,WRITE:0-0
42dd96-42dd98,1,1,7901,,WRITE:0-0
42dd99-42dda2,2,3,662bee50e801000000,,WRITE:0-0
42dda3-42ddaf,2,5,83c40458d3e950e801000000,,WRITE:0-0
42ddb0-42ddb8,2,4,83c404588bcbeb01,,WRITE:0-0
42ddb9-42ddc2,2,2,66bd7e6ae800000000,,WRITE:0-0
42ddc2-42ddca,2,4,5d8bc53b451c7c06,,WRITE:0-0
42ddca-42ddd6,2,4,03451c89451c50e801000000,,WRITE:0-0
42ddd7-42dde7,2,7,83c4045885ca68e4de4200d3d5587a03,,WRITE:0-0
42ddea-42ddef,1,1,e903000000,,WRITE:0-0
42ddf2-42de03,2,4,bb4a2f6ff54281eb9cd28208e801000000,,WRITE:0-0
42de04-42de09,2,2,83042406c3,,WRITE:0-0
42de09-42de1f,2,6,87e9d3f9be11377f7985d181ee8e367f79e801000000,,WRITE:0-0
42de20-42de25,2,2,83042406c3,,WRITE:0-0
42de25-42de38,2,4,87ea812d05bb410099b0be018b38e801000000,m,WRITE:41bb05-0
42de31-42de38,131,2,8b38e801000000,,WRITE:0-0
42de39-42de3e,132,2,83042406c3,,WRITE:0-0
42de3e-42de44,131,1,0f8101000000,,WRITE:0-0
42de45-42de47,131,1,7603,,WRITE:0-0
42de47-42de51,132,3,6603d32bfbe801000000,,WRITE:0-0
42de52-42de5a,132,2,83c404e908000000,,WRITE:0-0
42de62-42de67,132,2,c1c706eb01,,WRITE:0-0
42de68-42de6d,131,1,e905000000,,WRITE:0-0
42de72-42de7a,132,2,2b7804e801000000,,WRITE:0-0
42de7b-42de80,132,2,83042406c3,,WRITE:0-0
42de80-42de86,131,1,0f8c01000000,,WRITE:0-0
42de86-42de8d,132,2,fc0f8d05000000,,WRITE:0-0
42de92-42de96,132,2,8938eb01,m,WRITE:42dee4-42e0ec
42de97-42dea3,132,3,f881eb6c44a15ae801000000,,WRITE:0-0
42dea4-42dea9,132,2,83042406c3,,WRITE:0-0
42dea9-42deaf,131,1,0f8d03000000,,WRITE:0-0
42deb2-42debc,132,3,87e981e8fcffffffeb01,,WRITE:0-0
42debd-42dec2,131,1,e902000000,,WRITE:0-0
42dec4-42decb,132,2,4e0f8566ffffff,,WRITE:0-0
42decb-42ded0,1,1,e801000000,,WRITE:0-0
42ded1-42ded6,2,2,83042406c3,,WRITE:0-0
42ded6-42ded9,2,2,4d7901,,WRITE:0-0
42deda-42dee9,2,2,813551b8410011683101e817d2ffff,m,WRITE:41b851-0
42dee9-42def2,2,2,80bda5524100c37409,,WRITE:0-0
42def2-42defb,2,5,90909090e8aa130000,,WRITE:0-0
42defb-42df11,2,3,66c7852cf54000000083bd4f814100000f84e5010000,,WRITE:0-0
42e0f6-42e0fc,2,2,60e800000000,,WRITE:0-0
42e0fc-42e117,2,9,5e83ee06b91202000029cebad69d07e7c1e90283e90283f9007c1a,,WRITE:0-0
42e112-42e117,132,2,83f9007c1a,,WRITE:0-0
42e117-42e131,132,9,8b048e8b5c8e0403c3c1c80603c281c26c44a15a89048e49ebe1,m,WRITE:42e0ec-42dee4
42e131-42e142,2,7,61f96623c545bd8aa9ece950e801000000,,WRITE:0-0
42e143-42e14d,2,3,83c404580f8002000000,,WRITE:0-0
42e14d-42e154,2,2,87e9e801000000,,WRITE:0-0
42e155-42e15a,2,2,83042406c3,,WRITE:0-0
42e15a-42e15f,2,2,668bc17a03,,WRITE:0-0
42e162-42e165,2,2,457403,,WRITE:0-0
42e165-42e167,1,1,7501,,WRITE:0-0
42e168-42e16d,2,2,66d3ed7c03,,WRITE:0-0
42e16d-42e16f,1,1,7d01,,WRITE:0-0
42e170-42e176,1,1,0f8802000000,,WRITE:0-0
42e176-42e17a,2,2,87e9eb01,,WRITE:0-0
42e17b-42e17d,1,1,7a01,,WRITE:0-0
42e17d-42e184,2,3,4050e801000000,,WRITE:0-0
42e185-42e18f,2,4,83c4045841e801000000,,WRITE:0-0
42e190-42e195,2,2,83042406c3,,WRITE:0-0
42e195-42e19c,2,2,87c8e801000000,,WRITE:0-0
42e19d-42e1a2,2,2,83042406c3,,WRITE:0-0
42e1a2-42e1a8,2,2,f8e801000000,,WRITE:0-0
42e1a9-42e1ae,2,2,83042406c3,,WRITE:0-0
42e1ae-42e1b0,1,1,7303,,WRITE:0-0
42e1b3-42e1b8,1,1,e801000000,,WRITE:0-0
42e1b9-42e1c2,2,2,83c4040f8401000000,,WRITE:0-0
42e1c2-42e1c9,2,3,fc50e801000000,,WRITE:0-0
42e1ca-42e1d1,2,4,83c4045841eb01,,WRITE:0-0
42e1d2-42e1d6,2,2,85c17a03,,WRITE:0-0
42e1d6-42e1d8,1,1,7b01,,WRITE:0-0
42e1d9-42e1e0,2,2,d3d8e800000000,,WRITE:0-0
42e1e0-42e1e8,2,4,5d8bc53b451b7c06,,WRITE:0-0
42e1e8-42e1f4,2,4,03451b89451b50e801000000,,WRITE:0-0
42e1f5-42e206,2,7,83c40458f968dce24200415ee801000000,,WRITE:0-0
42e207-42e20f,2,2,83c404e901000000,,WRITE:0-0
42e210-42e21e,2,4,bae462fd5bf981c2635e1c747a03,,WRITE:0-0
42e221-42e231,2,5,1bcabf8ec07669fc81f70ec076697603,,WRITE:0-0
42e231-42e233,1,1,7701,,WRITE:0-0
42e234-42e242,2,4,6681cd04008bcd8b1ee801000000,,WRITE:0-0
42e23b-42e242,128,2,8b1ee801000000,,WRITE:0-0
42e243-42e248,129,2,83042406c3,,WRITE:0-0
42e248-42e24d,128,1,e907000000,,WRITE:0-0
42e254-42e25f,129,4,568f05d5b9410033daeb01,m,WRITE:41b9d5-41b9d5
42e260-42e266,128,1,0f8604000000,,WRITE:0-0
42e266-42e272,129,3,66bd1b5fc1c306e801000000,,WRITE:0-0
42e273-42e289,129,7,83c40466d3f981c548cd8dac83eefc331e83ee047803,,WRITE:0-0
42e289-42e28b,128,1,7901,,WRITE:0-0
42e28c-42e293,129,2,4d0f8902000000,,WRITE:0-0
42e293-42e299,59,3,8bca891e7203,m,WRITE:42e2dc-42e4c8
42e295-42e299,71,2,891e7203,m,WRITE:42e2e4-42e4d8
42e299-42e29b,128,1,7301,,WRITE:0-0
42e29c-42e2a1,128,1,e905000000,,WRITE:0-0
42e2a6-42e2b1,129,2,81c24f906c74e801000000,,WRITE:0-0
42e2b2-42e2b7,129,2,83042406c3,,WRITE:0-0
42e2b7-42e2c6,129,4,85e887c581c604000000e801000000,,WRITE:0-0
42e2c7-42e2d5,129,4,83c40485e983ef010f8566ffffff,,WRITE:0-0
42e2d5-42e2d7,1,1,eb01,,WRITE:0-0
42e2d8-42e2da,1,1,7902,,WRITE:0-0
42e2dc-42e2e1,1,1,e81fceffff,,WRITE:0-0
42e2e1-42e2f0,2,2,6681bd2cf5400000ff0f84ac000000,,WRITE:0-0
42e2f0-42e2fb,2,2,6681bd2cf5400001ff7439,,WRITE:0-0
42e2fb-42e30a,2,6,909090906681bd2cf5400002ff7453,,WRITE:0-0
42e30a-42e313,2,5,90909090e989000000,,WRITE:0-0
42e39c-42e3a9,2,2,80bd0d444100000f841b010000,,WRITE:0-0
42e4c4-42e4cd,2,2,80bd6cf7400001740c,,WRITE:0-0
42e4cd-42e4e6,2,15,909090909090909090909090c685393d4100c360e800000000,,WRITE:0-0
42e4e6-42e501,2,9,5e83ee06b90402000029ceba7858f591c1e90283e90283f9007c1a,,WRITE:0-0
42e4fc-42e501,129,2,83f9007c1a,,WRITE:0-0
42e501-42e51b,129,9,8b048e8b5c8e0433c3c1c80633c281ea4f906c7489048e49ebe1,m,WRITE:42e4d8-42e2dc
42e51b-42e522,2,3,6161e84c050000,,WRITE:0-0
42ea6e-42ea71,2,2,60eb04,,WRITE:0-0
42ea75-42ea7b,2,2,43e801000000,,WRITE:0-0
42ea7c-42ea88,2,3,83c40466b8455ee801000000,,WRITE:0-0
42ea89-42ea92,2,2,83c4040f8101000000,,WRITE:0-0
42ea93-42ea98,1,1,e801000000,,WRITE:0-0
42ea99-42ea9e,2,2,83042406c3,,WRITE:0-0
42ea9e-42eaa1,2,2,497a03,,WRITE:0-0
42eaa1-42eaa3,1,1,7b01,,WRITE:0-0
42eaa4-42eaa7,2,2,41eb01,,WRITE:0-0
42eaa8-42eaae,2,2,f9e801000000,,WRITE:0-0
42eaaf-42eab9,2,3,83c40485c8e801000000,,WRITE:0-0
42eaba-42eabf,2,2,83042406c3,,WRITE:0-0
42eabf-42eac1,1,1,7401,,WRITE:0-0
42eac1-42eac7,2,2,f9e801000000,,WRITE:0-0
42eac8-42ead1,2,2,83c4040f8b02000000,,WRITE:0-0
42ead3-42ead5,1,1,eb01,,WRITE:0-0
42ead6-42eadb,2,2,66d3c1eb01,,WRITE:0-0
42eadc-42eae3,2,2,87d9e801000000,,WRITE:0-0
42eae4-42eae9,2,2,83c4047501,,WRITE:0-0
42eaea-42eaef,1,1,e801000000,,WRITE:0-0
42eaf0-42eaf5,2,2,83042406c3,,WRITE:0-0
42eaf5-42eaff,2,2,6681c8a511e801000000,,WRITE:0-0
42eb00-42eb05,2,2,83042406c3,,WRITE:0-0
42eb05-42eb0b,1,1,0f8801000000,,WRITE:0-0
42eb0b-42eb11,2,2,48e800000000,,WRITE:0-0
42eb11-42eb19,2,4,5d8bc53b45177c06,,WRITE:0-0
42eb19-42eb21,2,3,0345178945177603,,WRITE:0-0
42eb21-42eb23,1,1,7701,,WRITE:0-0
42eb24-42eb31,2,4,f98bcbbf1fec4200e801000000,,WRITE:0-0
42eb32-42eb37,2,2,83042406c3,,WRITE:0-0
42eb37-42eb39,1,1,7a02,,WRITE:0-0
42eb39-42eb48,2,4,8bdfd3e3ba0c2dda7f0f8a02000000,,WRITE:0-0
42eb4a-42eb52,2,2,81c258f37a42eb01,,WRITE:0-0
42eb53-42eb6c,2,6,81db19c3e506d3d1bedc51e7d6f981c610af1829e801000000,,WRITE:0-0
42eb6d-42eb75,2,2,83c404e902000000,,WRITE:0-0
42eb77-42eb7f,237,3,8b2f50e801000000,,WRITE:0-0
42eb80-42eb89,237,3,83c40458e906000000,,WRITE:0-0
42eb8f-42eb96,237,2,2beae801000000,,WRITE:0-0
42eb97-42eb9c,237,2,83042406c3,,WRITE:0-0
42eb9c-42eba5,237,3,fcc1c50ae801000000,,WRITE:0-0
42eba6-42ebab,237,2,83c4047602,,WRITE:0-0
42ebab-42ebbb,237,6,85cb83c704332f83c7fc50e801000000,,WRITE:0-0
42ebbc-42ebcd,237,5,83c4045881e066611dcd892fe801000000,m,WRITE:42ec1f-42efcb
42ebce-42ebd6,237,2,83c404e901000000,,WRITE:0-0
42ebd7-42ebe2,237,2,81f29df9ceb8e801000000,,WRITE:0-0
42ebe3-42ebec,237,2,83c4040f8b02000000,,WRITE:0-0
42ebee-42ebfa,237,3,81c70400000050e801000000,,WRITE:0-0
42ebfb-42ec09,237,5,83c40458660bd94e0f856effffff,,WRITE:0-0
42ec09-42ec0e,1,1,e801000000,,WRITE:0-0
42ec0f-42ec14,2,2,83042406c3,,WRITE:0-0
42ec14-42ec1c,2,2,81d8b8a9cbd87103,,WRITE:0-0
42ec1f-42ec24,1,1,e8dcc4ffff,,WRITE:0-0
42ec24-42ec46,2,5,c6856e4a4100c3c6856df7400000c685744a41000080bd6cf74000010f848d030000,,WRITE:0-0
42ec46-42ec54,2,3,8a85634c41000ac00f847f030000,,WRITE:0-0
42efd3-42efd9,2,2,60e800000000,,WRITE:0-0
42efd9-42eff4,2,9,5e83ee06b9b403000029cebaf9d99b7ac1e90283e90283f9007c1a,,WRITE:0-0
42efef-42eff4,237,2,83f9007c1a,,WRITE:0-0
42eff4-42f00e,237,9,8b048e8b5c8e0433c3c1c80a03c281f29df9ceb889048e49ebe1,m,WRITE:42efcb-42ec1f
42f00e-42f01a,2,6,61f866d3ffc1efe1d3d27803,,WRITE:0-0
42f01a-42f01c,1,1,7901,,WRITE:0-0
42f01d-42f024,2,2,87fae801000000,,WRITE:0-0
42f025-42f02f,2,4,83c4044f50e801000000,,WRITE:0-0
42f030-42f03b,2,4,83c4045813d7e801000000,,WRITE:0-0
42f03c-42f045,2,2,83c4040f8002000000,,WRITE:0-0
42f045-42f049,2,2,d3e77a03,,WRITE:0-0
42f049-42f04b,1,1,7b01,,WRITE:0-0
42f04c-42f052,1,1,0f8203000000,,WRITE:0-0
42f052-42f05a,2,2,66d3cfe801000000,,WRITE:0-0
42f05b-42f060,2,2,83042406c3,,WRITE:0-0
42f060-42f064,2,2,0bcbeb01,,WRITE:0-0
42f065-42f06e,2,3,c1df7150e801000000,,WRITE:0-0
42f06f-42f079,2,4,83c4045866b915e97e03,,WRITE:0-0
42f079-42f07b,1,1,7f01,,WRITE:0-0
42f07c-42f084,2,2,661bcfe801000000,,WRITE:0-0
42f085-42f08e,2,2,83c4040f8206000000,,WRITE:0-0
42f08e-42f099,2,2,81f2215b58cde801000000,,WRITE:0-0
42f09a-42f0a4,2,3,83c4048bf9e801000000,,WRITE:0-0
42f0a5-42f0ab,2,3,83c404f9eb01,,WRITE:0-0
42f0ac-42f0af,2,2,427a03,,WRITE:0-0
42f0b2-42f0bb,2,2,66c1c7efe800000000,,WRITE:0-0
42f0bb-42f0c3,2,4,5d8bc53b451c7c06,,WRITE:0-0
42f0c3-42f0ce,2,3,03451c89451ce801000000,,WRITE:0-0
42f0cf-42f0dd,2,5,83c404668bd5fcbbb9f14200eb01,,WRITE:0-0
42f0de-42f0f0,2,5,6603fb66b9a7ecb8e01e045150e801000000,,WRITE:0-0
42f0f1-42f103,2,7,83c4045885ca6829000000495de801000000,,WRITE:0-0
42f104-42f10c,2,2,83c404e90a000000,,WRITE:0-0
42f116-42f11a,42,2,8b337c03,,WRITE:0-0
42f11a-42f11c,41,1,7d01,,WRITE:0-0
42f11d-42f129,42,4,6681cf9d1dc1cae12bf07603,,WRITE:0-0
42f129-42f12b,22,1,7701,,WRITE:0-0
42f12c-42f12e,41,1,7204,,WRITE:0-0
42f12e-42f134,23,2,66bfb5c07503,,WRITE:0-0
42f132-42f134,19,1,7503,,WRITE:0-0
42f137-42f13c,42,2,c1ce1feb01,,WRITE:0-0
42f13d-42f142,41,1,e909000000,,WRITE:0-0
42f14b-42f153,42,2,2b7304e801000000,,WRITE:0-0
42f154-42f15c,42,2,83c404e902000000,,WRITE:0-0
42f15e-42f165,42,2,8933e801000000,m,WRITE:42f1b9-42f259
42f166-42f16b,42,2,83042406c3,,WRITE:0-0
42f16b-42f170,41,1,e905000000,,WRITE:0-0
42f175-42f17d,42,2,81e852b456137403,,WRITE:0-0
42f17d-42f17f,41,1,7501,,WRITE:0-0
42f180-42f194,42,6,47568f05f9b8410081c30400000050e801000000,m,WRITE:41b8f9-41b8f9
42f195-42f1aa,42,6,83c4045885d781cf551eabe683ed010f856cffffff,,WRITE:0-0
42f1aa-42f1b0,2,2,50e801000000,,WRITE:0-0
42f1b1-42f1be,2,5,83c4045887d18bfee842bfffff,,WRITE:0-0
42f1be-42f1cb,2,2,80bd744a4100000f8497000000,,WRITE:0-0
42f262-42f268,2,2,60e800000000,,WRITE:0-0
42f268-42f283,2,9,5e83ee06b9a900000029ceba10f2774bc1e90283e90283f9007c1a,,WRITE:0-0
42f27e-42f283,42,2,83f9007c1a,,WRITE:0-0
42f283-42f29d,42,9,8b048e8b5c8e0403c3c1c01f03c281c252b4561389048e49ebe1,m,WRITE:42f259-42f1b9
42f29d-42f2a0,2,3,6161c3,,WRITE:0-0
42f2a5-42f2af,272,6,6040fc4950e801000000,,WRITE:0-0
42f2b0-42f2b8,2,4,83c4045885c17e03,,WRITE:0-0
42f2b8-42f2ba,1,1,7f01,,WRITE:0-0
42f2bb-42f2c4,2,3,660bc650e801000000,,WRITE:0-0
42f2c5-42f2cd,2,4,83c4045885c57803,,WRITE:0-0
42f2cd-42f2cf,1,1,7901,,WRITE:0-0
42f2d0-42f2d2,1,1,7301,,WRITE:0-0
42f2d3-42f2d8,1,1,e801000000,,WRITE:0-0
42f2d9-42f2e0,2,3,83c40485c57803,,WRITE:0-0
42f2e0-42f2e2,1,1,7901,,WRITE:0-0
42f2e3-42f2e9,2,2,45e801000000,,WRITE:0-0
42f2ea-42f2ef,2,2,83042406c3,,WRITE:0-0
42f2ef-42f2f1,1,1,7406,,WRITE:0-0
42f2f1-42f2fd,2,3,81f518a0f8e350e801000000,,WRITE:0-0
42f2fe-42f304,2,3,83c404587003,,WRITE:0-0
42f304-42f30c,2,2,66d3d9e801000000,,WRITE:0-0
42f30d-42f319,2,4,83c4046633ce50e801000000,,WRITE:0-0
42f31a-42f321,2,4,83c40458fc7803,,WRITE:0-0
42f321-42f323,1,1,7901,,WRITE:0-0
42f324-42f32a,1,1,0f8a04000000,,WRITE:0-0
42f32a-42f333,2,2,66c1c8c6e800000000,,WRITE:0-0
42f333-42f33b,2,4,5d8bc53b451f7c06,,WRITE:0-0
42f33b-42f346,2,3,03451f89451fe801000000,,WRITE:0-0
42f347-42f34f,2,2,83c404e902000000,,WRITE:0-0
42f351-42f35c,2,3,be50f4420050e801000000,,WRITE:0-0
42f35d-42f367,2,3,83c404580f8902000000,,WRITE:0-0
42f369-42f36b,1,1,7c03,,WRITE:0-0
42f36b-42f37b,2,5,6603c268981040a08bc65fe801000000,,WRITE:0-0
42f37c-42f381,2,2,83042406c3,,WRITE:0-0
42f381-42f396,2,6,66d3d087c8bb31df8d1c660bea81eb96de8d1c7403,,WRITE:0-0
42f396-42f398,1,1,7501,,WRITE:0-0
42f399-42f3a3,2,3,66d3e08b16e801000000,,WRITE:0-0
42f39c-42f3a3,155,2,8b16e801000000,,WRITE:0-0
42f3a4-42f3a9,156,2,83042406c3,,WRITE:0-0
42f3a9-42f3b2,156,2,66d3d50f8a01000000,,WRITE:0-0
42f3b3-42f3bb,156,3,03d750e801000000,,WRITE:0-0
42f3bc-42f3c5,156,3,83c40458e904000000,,WRITE:0-0
42f3c9-42f3ce,156,2,c1ca15eb01,,WRITE:0-0
42f3cf-42f3d4,155,1,e908000000,,WRITE:0-0
42f3dc-42f3f3,156,5,81053dba410062e6233b83c604031683ee04e801000000,m,WRITE:41ba3d-41ba3d
42f3f4-42f3f9,156,2,83042406c3,,WRITE:0-0
42f3f9-42f402,156,4,f8fc8916e801000000,m,WRITE:42f450-42f6b8
42f403-42f414,156,5,83c404f8b9d600ebc781c72fad54117e03,,WRITE:0-0
42f414-42f416,85,1,7f01,,WRITE:0-0
42f417-42f41c,155,1,e90b000000,,WRITE:0-0
42f427-42f433,156,3,81c60400000050e801000000,,WRITE:0-0
42f434-42f43d,156,3,83c40458e905000000,,WRITE:0-0
42f442-42f44b,156,2,83eb010f8551ffffff,,WRITE:0-0
42f44b-42f44d,1,1,eb01,,WRITE:0-0
42f44e-42f455,2,2,d3f8e8abbcffff,,WRITE:0-0
42f455-42f48c,2,10,c685a5524100c3c7850bf940000010400001ad0bf9400083850bf94000108b9546f840008bb507f9400003f28b460c0bc00f8425020000,a,WRITE:0-0
42f481-42f48c,2,3,8b460c0bc00f8425020000,a,WRITE:0-0
42f48c-42f4a5,2,13,83660c0003c28bd85657508bf38bfbacc0c003aa803f0075f6,anm,WRITE:4182c8-418536
42f49b-42f4a5,12,5,acc0c003aa803f0075f6,am,WRITE:418537-418541
42f4a5-42f4af,2,5,585f5e50ff9520854100,,WRITE:0-0
42f4af-42f4b3,2,2,0bc07543,,WRITE:0-0
42f4f6-42f500,2,6,602bc0880343380375f9,am,WRITE:418536-0
42f4f9-42f500,12,4,880343380375f9,am,WRITE:418537-418541
42f500-42f51d,2,7,6189853ef84000c78542f84000000000008b9546f840008b060bc07507,a,WRITE:0-0
42f511-42f51d,68,4,8b9546f840008b060bc07507,a,WRITE:0-0
42f524-42f541,69,8,03c2038542f840008b188b7e1003fa03bd42f8400085db0f8462010000,a,WRITE:0-0
42f541-42f549,68,2,f7c300000080751d,,WRITE:0-0
42f549-42f563,68,16,9090909003da83c3025657508bf38bfbacc0c003aa803f0075f6,am,WRITE:4183f6-4188d2
42f559-42f563,948,5,acc0c003aa803f0075f6,am,WRITE:4183f7-4188de
42f563-42f56e,68,5,585f5e3b9d46f840007c11,,WRITE:0-0
42f56e-42f57b,68,6,9090909083bd1a20400000750a,,WRITE:0-0
42f57b-42f592,68,8,9090909081e3ffffff0f53ffb53ef84000ff951c854100,,WRITE:0-0
42f592-42f59a,68,2,3b9d46f840007c0f,,WRITE:0-0
42f59a-42f5a8,68,10,90909090602bc0880343380375f9,am,WRITE:4183f6-4188d2
42f5a1-42f5a8,948,4,880343380375f9,am,WRITE:4183f7-4188de
42f5a8-42f5b1,68,3,610bc00f8415ffffff,,WRITE:0-0
42f5b1-42f5b9,68,2,3b852c8541007420,,WRITE:0-0
42f5b9-42f5c5,68,6,909090903b85c4fd40007409,,WRITE:0-0
42f5c5-42f5cb,68,5,90909090eb14,,WRITE:0-0
42f5df-42f5ef,68,5,56ffb53ef840005e39b5122040007415,,WRITE:0-0
42f604-42f60d,68,2,80bd16564100007457,,WRITE:0-0
42f60d-42f613,68,5,90909090eb07,,WRITE:0-0
42f61a-42f630,68,6,8bb50bf9400083c60d81ee021840002bf583fe007f34,,WRITE:0-0
42f630-42f641,68,8,909090908bb50bf940005350e88db2ffff,,WRITE:0-0
42f641-42f681,68,277,8bd85833c3c60668894601c7460581342400895e08c6460cc35b8bc683850bf940000d5e608bd02bbd46f840008bc7b9010100008dbdebec4000f2af0bc97413,m,WRITE:41b010-41b376
42f694-42f6a3,68,4,618907838542f8400004e96efeffff,anm,WRITE:412000-412108
42f6a3-42f6b1,2,3,83c6148b9546f84000e9d0fdffff,,WRITE:0-0
42f6b1-42f6c6,2,261,8dbdebec400033c0b900010000f3ab60e800000000,m,WRITE:428ceb-4290e7
42f6c6-42f6e1,2,9,5e83ee06b97002000029cebade3e300dc1e90283e90283f9007c1a,,WRITE:0-0
42f6dc-42f6e1,156,2,83f9007c1a,,WRITE:0-0
42f6e1-42f6fb,156,9,8b048e8b5c8e042bc3c1c0152bc281ea2fad541189048e49ebe1,m,WRITE:42f6b8-42f450
42f6fb-42f702,2,3,6161e8d9d9ffff,,WRITE:0-0
42fa37-42fa3d,2,2,60e8c3b6ffff,,WRITE:0-0
42fa3d-42fa67,2,6,c7850757410000000000b9000000008db53d1b40008dbdcd1c4000c7850b57410064000000e845000000,,WRITE:0-0
42fa67-42fa87,2,5,b9000000008db5d0f440008dbdfcf44000c7850b5741000b000000e825000000,,WRITE:0-0
42fa87-42faa7,2,5,b9000000008db5175741008dbda7584100c7850b57410064000000e805000000,,WRITE:0-0
42faa7-42faa9,1,1,eb46,,WRITE:0-0
42faac-42fab4,4,2,3b8d0b574100743a,,WRITE:0-0
42fab4-42fac2,4,8,909090908b048e8b1c8f0bc0742c,,WRITE:0-0
42faef-42faf1,2,2,61c3,,WRITE:0-0
42faf1-42faf4,2,2,60eb1d,,WRITE:0-0
42fb11-42fb16,1,1,e8eab5ffff,,WRITE:0-0
42fb16-42fb25,2,3,8b5424202b9546f84000e812ffffff,,WRITE:0-0
42fb25-42fb3f,2,5,ffb5075741008f85035741008b85f75a41000bc00f84e4000000,,WRITE:0-0
42fc23-42fc25,2,2,61c3,,WRITE:0-0
42fc48-42fc52,2,5,604d87d542e801000000,,WRITE:0-0
42fc53-42fc5c,2,2,83c4040f8401000000,,WRITE:0-0
42fc5c-42fc5f,2,2,fc7603,,WRITE:0-0
42fc5f-42fc61,1,1,7701,,WRITE:0-0
42fc62-42fc6a,2,2,668bf5e801000000,,WRITE:0-0
42fc6b-42fc70,2,2,83c4047502,,WRITE:0-0
42fc72-42fc77,1,1,e801000000,,WRITE:0-0
42fc78-42fc7d,2,2,83042406c3,,WRITE:0-0
42fc7d-42fc83,1,1,0f8502000000,,WRITE:0-0
42fc85-42fc87,1,1,eb01,,WRITE:0-0
42fc88-42fc8b,2,2,fceb01,,WRITE:0-0
42fc8c-42fc92,1,1,0f8201000000,,WRITE:0-0
42fc92-42fc95,2,2,4d7803,,WRITE:0-0
42fc95-42fc97,1,1,7901,,WRITE:0-0
42fc98-42fc9a,1,1,7a03,,WRITE:0-0
42fc9d-42fc9f,1,1,eb01,,WRITE:0-0
42fca0-42fcaa,2,2,6681d590d1e801000000,,WRITE:0-0
42fcab-42fcb0,2,2,83042406c3,,WRITE:0-0
42fcb0-42fcb4,2,2,87f5eb01,,WRITE:0-0
42fcb5-42fcb7,1,1,7d05,,WRITE:0-0
42fcbc-42fcc1,1,1,e800000000,,WRITE:0-0
42fcc1-42fcc9,2,4,5d8bc53b452a7c06,,WRITE:0-0
42fcc9-42fcd4,2,3,03452a89452ae801000000,,WRITE:0-0
42fcd5-42fcda,2,2,83042406c3,,WRITE:0-0
42fcda-42fce6,2,2,81edcb78a7090f8104000000,,WRITE:0-0
42fcea-42fcf5,2,2,68f3fd42000f8505000000,,WRITE:0-0
42fcfa-42fd00,2,2,5be801000000,,WRITE:0-0
42fd01-42fd18,2,6,83c4046681c2428cb8ac61912d87d581c0530be0c87e03,,WRITE:0-0
42fd1b-42fd31,2,4,6681e2ed5d81de7b6e492abf862101950f8201000000,,WRITE:0-0
42fd32-42fd3a,2,2,81c782defe6aeb01,,WRITE:0-0
42fd3b-42fd3d,1,1,7702,,WRITE:0-0
42fd3d-42fd48,2,4,87ee6681d2d8988b0b7603,,WRITE:0-0
42fd44-42fd48,8,2,8b0b7603,,WRITE:0-0
42fd48-42fd4a,8,1,7701,,WRITE:0-0
42fd4b-42fd50,8,1,e90a000000,,WRITE:0-0
42fd5a-42fd61,9,2,2bc8e801000000,,WRITE:0-0
42fd62-42fd6f,9,4,83c40485eac1c10ee801000000,,WRITE:0-0
42fd70-42fd75,9,2,83042406c3,,WRITE:0-0
42fd75-42fd78,9,2,4d7403,,WRITE:0-0
42fd78-42fd84,9,4,662bd0334b0450e801000000,,WRITE:0-0
42fd85-42fd93,9,6,83c404582bd0890b50e801000000,m,WRITE:42fdf3-42fe0f
42fd94-42fd9d,9,3,83c40458e902000000,,WRITE:0-0
42fd9f-42fdaa,9,2,81f0c6bac5efe801000000,,WRITE:0-0
42fdab-42fdb3,9,2,83c404e905000000,,WRITE:0-0
42fdb8-42fdc7,9,3,810d7dba410079a80dfd83c304eb01,m,WRITE:41ba7d-41ba7d
42fdc8-42fdce,8,1,0f8b04000000,,WRITE:0-0
42fdce-42fdd4,4,2,66ba088d7305,,WRITE:0-0
42fdd2-42fdd4,5,1,7305,,WRITE:0-0
42fdd9-42fde2,9,2,83ef010f8562ffffff,,WRITE:0-0
42fde2-42fde8,2,2,50e801000000,,WRITE:0-0
42fde9-42fdf2,2,3,83c40458e901000000,,WRITE:0-0
42fdf3-42fdf8,1,1,e808b3ffff,,WRITE:0-0
42fdf8-42fe1e,2,13,8db51c8541008dbd33fd4000b905000000f3a58dbd43fd40008d854bfe4000ab60e800000000,m,WRITE:429d33-429d43
42fe1e-42fe39,2,9,5e83ee06b92500000029ceba39d6b419c1e90283e90283f9007c1a,,WRITE:0-0
42fe34-42fe39,9,2,83f9007c1a,,WRITE:0-0
42fe39-42fe53,9,9,8b048e8b5c8e0433c3c1c80e03c281f2c6bac5ef89048e49ebe1,m,WRITE:42fe0f-42fdf3
42fe53-42fe56,2,3,6161c3,,WRITE:0-0
42fe56-42fe65,2,7,60434e85de6681e1b6d666d3d9eb01,,WRITE:0-0
42fe66-42fe6a,2,2,d3c9eb01,,WRITE:0-0
42fe6b-42fe6e,2,2,f97403,,WRITE:0-0
42fe71-42fe74,2,2,fceb01,,WRITE:0-0
42fe75-42fe7b,2,2,46e801000000,,WRITE:0-0
42fe7c-42fe81,2,2,83042406c3,,WRITE:0-0
42fe81-42fe83,1,1,7804,,WRITE:0-0
42fe83-42fe8c,2,2,66b93451e801000000,,WRITE:0-0
42fe8d-42fe92,2,2,83c4047b03,,WRITE:0-0
42fe92-42fe9a,2,2,6633f5e801000000,,WRITE:0-0
42fe9b-42fea6,2,3,83c404c1cb2ae801000000,,WRITE:0-0
42fea7-42feac,2,2,83042406c3,,WRITE:0-0
42feac-42feb6,2,2,6681c3390ee801000000,,WRITE:0-0
42feb7-42febc,2,2,83042406c3,,WRITE:0-0
42febc-42febe,1,1,7803,,WRITE:0-0
42febe-42fec6,2,2,668bf3e801000000,,WRITE:0-0
42fec7-42fed0,2,2,83c4040f8801000000,,WRITE:0-0
42fed0-42fed3,2,2,497603,,WRITE:0-0
42fed3-42fed5,1,1,7701,,WRITE:0-0
42fed6-42fedf,2,2,66bec33ae800000000,,WRITE:0-0
42fedf-42fee7,2,4,5d8bc53b45317c06,,WRITE:0-0
42fee7-42fef3,2,4,03453189453150e801000000,,WRITE:0-0
42fef4-42fefd,2,3,83c40458e908000000,,WRITE:0-0
42ff05-42ff19,2,3,810dbdba4100af478b83ba01004300e801000000,m,WRITE:41babd-0
42ff1a-42ff1f,2,2,83042406c3,,WRITE:0-0
42ff1f-42ff2f,2,5,87d9bd1a93e37ef981ed20b6555aeb01,,WRITE:0-0
42ff30-42ff36,1,1,0f8d02000000,,WRITE:0-0
42ff38-42ff43,2,2,b82cc329b20f8b06000000,,WRITE:0-0
42ff43-42ff54,2,3,81f68a96d3b381e823c329b2e801000000,,WRITE:0-0
42ff55-42ff5d,2,2,83c404e903000000,,WRITE:0-0
42ff60-42ff68,10,3,8b3a50e801000000,,WRITE:0-0
42ff69-42ff6f,10,3,83c404587604,,WRITE:0-0
42ff6f-42ff77,10,3,66c1c68e03fdeb01,,WRITE:0-0
42ff78-42ff82,10,4,6613d88bcbc1c70feb01,,WRITE:0-0
42ff83-42ff8d,10,2,66b994010f8805000000,,WRITE:0-0
42ff8d-42ff9c,5,5,be85db75fa83eafc033a83ea04eb01,,WRITE:0-0
42ff92-42ff9c,6,4,83eafc033a83ea04eb01,,WRITE:0-0
42ff9d-42ffa2,9,1,e902000000,,WRITE:0-0
42ffa4-42ffac,10,3,893a50e801000000,m,WRITE:430001-430021
42ffad-42ffb7,10,3,83c404580f8106000000,,WRITE:0-0
42ffbd-42ffcb,10,3,81d3a33c754081c57c33876aeb01,,WRITE:0-0
42ffcc-42ffd2,9,1,0f8b01000000,,WRITE:0-0
42ffd2-42ffde,4,3,4b81eafcffffffe801000000,,WRITE:0-0
42ffd3-42ffde,7,2,81eafcffffffe801000000,,WRITE:0-0
42ffdf-42ffe4,10,2,83042406c3,,WRITE:0-0
42ffe4-42ffe9,9,1,e901000000,,WRITE:0-0
42ffea-42fff3,10,2,83c0ff0f856dffffff,,WRITE:0-0
42fff3-42fff5,1,1,7403,,WRITE:0-0
42fff8-430006,2,3,bed1686f8666b973a6e8fab0ffff,,WRITE:0-0
430006-43002c,2,12,b91c0000008db5fffc40008dbdef07410083c707b090aab8ff25000066ab8bc6ab83c604e2ee,m,WRITE:42a7f6-42a7f9
43001a-43002c,28,8,b090aab8ff25000066ab8bc6ab83c604e2ee,m,WRITE:42a7fd-42a8b6
43002c-430032,2,2,60e800000000,,WRITE:0-0
430032-43004d,2,9,5e83ee06b92b00000029cebada78c778c1e90283e90283f9007c1a,,WRITE:0-0
430048-43004d,10,2,83f9007c1a,,WRITE:0-0
43004d-430067,10,9,8b048e8b5c8e042bc3c1c80f2bc281ea7c33876a89048e49ebe1,m,WRITE:430021-430001
430067-43006a,2,3,6161c3,,WRITE:0-0
43006a-430070,2,2,60e890b0ffff,,WRITE:0-0
430070-43007d,2,4,33d28bb4953d1b40000bf67431,,WRITE:0-0
4300ae-4300b0,2,2,61c3,,WRITE:0-0
4300b0-4300b4,2,3,60fceb01,,WRITE:0-0
4300b5-4300bc,2,3,f850e801000000,,WRITE:0-0
4300bd-4300c9,2,4,83c404586623eee801000000,,WRITE:0-0
4300ca-4300d0,2,3,83c404f8eb01,,WRITE:0-0
4300d1-4300d3,1,1,7602,,WRITE:0-0
4300d3-4300d7,2,2,85f57e03,,WRITE:0-0
4300da-4300dc,1,1,7201,,WRITE:0-0
4300dc-4300df,2,2,fc7203,,WRITE:0-0
4300df-4300e1,1,1,7301,,WRITE:0-0
4300e2-4300e7,2,2,6633f7eb01,,WRITE:0-0
4300e8-4300ee,1,1,0f8d01000000,,WRITE:0-0
4300ef-4300f4,1,1,e801000000,,WRITE:0-0
4300f5-4300fa,2,2,83042406c3,,WRITE:0-0
4300fa-430101,2,3,fc50e801000000,,WRITE:0-0
430102-43010e,2,5,83c4045803f150e801000000,,WRITE:0-0
43010f-430118,2,4,83c4045866d3c9eb01,,WRITE:0-0
430119-430122,2,2,66c1e59ee801000000,,WRITE:0-0
430123-430128,2,2,83c4047001,,WRITE:0-0
430128-43012f,2,3,4550e801000000,,WRITE:0-0
430130-430136,2,3,83c404587102,,WRITE:0-0
430138-43013d,1,1,e800000000,,WRITE:0-0
43013d-430145,2,4,5d8bc53b45207c06,,WRITE:0-0
430145-43014d,2,3,034520894520eb01,,WRITE:0-0
43014e-430153,1,1,e909000000,,WRITE:0-0
43015c-430168,2,4,685b024300f85fe801000000,,WRITE:0-0
430169-43016e,2,2,83042406c3,,WRITE:0-0
43016e-430170,1,1,7c01,,WRITE:0-0
430170-430180,2,5,45b83775fa40d3fd81e8bdace3687403,,WRITE:0-0
430180-430182,1,1,7501,,WRITE:0-0
430183-430188,1,1,e905000000,,WRITE:0-0
43018d-430199,2,4,6809000000f95ae801000000,,WRITE:0-0
43019a-43019f,2,2,83042406c3,,WRITE:0-0
43019f-4301a4,1,1,e901000000,,WRITE:0-0
4301a5-4301b7,2,4,8115e5ba4100de0ce5e68b1f50e801000000,m,WRITE:41bae5-0
4301af-4301b7,9,3,8b1f50e801000000,,WRITE:0-0
4301b8-4301c1,10,3,83c40458e906000000,,WRITE:0-0
4301c7-4301cf,10,3,33d850e801000000,,WRITE:0-0
4301d0-4301dd,10,5,83c40458f9c1cb0be801000000,,WRITE:0-0
4301de-4301e6,10,2,83c404e902000000,,WRITE:0-0
4301e8-4301f0,10,2,035f04e801000000,,WRITE:0-0
4301f1-4301ff,10,3,83c4046681e933d70f8702000000,,WRITE:0-0
4301ff-430208,9,3,85cd891fe801000000,m,WRITE:43025b-43027b
430201-430208,2,2,891fe801000000,m,WRITE:43026f-0
430209-430211,10,2,83c404e902000000,,WRITE:0-0
430213-43021e,10,2,81e8f03868b4e801000000,,WRITE:0-0
43021f-430224,10,2,83042406c3,,WRITE:0-0
430224-430233,10,4,87f56681c6f9cd83c704e801000000,,WRITE:0-0
430234-430246,10,4,83c40481f51e7fe4ae83c2ff0f8569ffffff,,WRITE:0-0
430246-430248,1,1,7603,,WRITE:0-0
43024b-430250,1,1,e90b000000,,WRITE:0-0
43025b-430260,1,1,e8a0aeffff,,WRITE:0-0
430260-43028a,2,13,8b8546f840008b703c03b546f8400083c628ad8ad802dcc1e81002d802dc889d1e20400060e800000000,,WRITE:0-0
43028a-4302a5,2,9,5e83ee06b92900000029cebafa00d534c1e90283e90283f9007c1a,,WRITE:0-0
4302a0-4302a5,10,2,83f9007c1a,,WRITE:0-0
4302a5-4302bf,10,9,8b048e8b5c8e042bc3c1c00b33c281c2f03868b489048e49ebe1,m,WRITE:43027b-43025b
4302bf-4302c2,2,3,6161c3,,WRITE:0-0
4302c2-4302c7,1,1,e839aeffff,,WRITE:0-0
4302c7-4302cc,1,1,e800000000,,WRITE:0-0
4302cc-4302ea,2,6,5b2b9d0e20400081ebcc520100899d46f84000899d7bfd4000e8c6fdffff,,WRITE:0-0
4302ea-4302ef,1,1,e811aeffff,,WRITE:0-0
4302ef-4302f4,1,1,e8daa5ffff,,WRITE:0-0
4302f4-4302ff,2,2,8985d5084100e801aeffff,,WRITE:0-0
4302ff-43030b,2,2,c6856cf7400000e8f0d2ffff,,WRITE:0-0
43030b-430310,1,1,e838f9ffff,,WRITE:0-0
430310-430315,1,1,e8ebadffff,,WRITE:0-0
430315-430332,2,5,8b856b81410089857ffd40008b856f814100898583fd4000e866d0ffff,,WRITE:0-0
430332-430337,1,1,e81ffbffff,,WRITE:0-0
430337-43033c,1,1,e82efdffff,,WRITE:0-0
43033c-430347,2,6,4e85c16633c7f9d3c8eb01,,WRITE:0-0
430348-43034e,2,2,49e801000000,,WRITE:0-0
43034f-430355,2,3,83c404f8eb01,,WRITE:0-0
430356-43035d,2,2,b94e11ae1f7803,,WRITE:0-0
43035d-43035f,1,1,7901,,WRITE:0-0
430360-430365,2,2,66d3c17c03,,WRITE:0-0
430365-430367,1,1,7d01,,WRITE:0-0
430368-430372,2,3,66c1e90c50e801000000,,WRITE:0-0
430373-430381,2,5,83c4045866be4e0350e801000000,,WRITE:0-0
430382-43038f,2,5,83c40458668bc150e801000000,,WRITE:0-0
430390-430396,2,3,83c404587601,,WRITE:0-0
430396-4303a5,2,6,f987d168aa044300425fe801000000,,WRITE:0-0
4303a6-4303c1,2,8,83c404b8eef37c7a4abba1d3c2774281c3e191b22750e801000000,,WRITE:0-0
4303c2-4303cb,2,3,83c40458e907000000,,WRITE:0-0
4303d2-4303e0,2,4,68360000006633ce5de801000000,,WRITE:0-0
4303e1-4303e6,2,2,83042406c3,,WRITE:0-0
4303e6-4303eb,1,1,e909000000,,WRITE:0-0
4303f4-4303f8,55,2,8b377803,,WRITE:0-0
4303f8-4303fa,54,1,7901,,WRITE:0-0
4303fb-430404,55,2,6623ce0f8703000000,,WRITE:0-0
430404-43040f,52,4,6613c12bf350e801000000,,WRITE:0-0
430407-43040f,4,3,2bf350e801000000,,WRITE:0-0
430410-430423,55,6,83c40458f881d2a4385559c1ce12e801000000,,WRITE:0-0
430424-43042c,55,2,83c404e903000000,,WRITE:0-0
43042f-43043c,55,4,83effc033783ef04e801000000,,WRITE:0-0
43043d-430442,55,2,83042406c3,,WRITE:0-0
430442-430455,55,4,8bc1812d39b8410032a8581e8937e801000000,m,WRITE:41b839-43057e
430456-43045f,55,2,83c4040f8001000000,,WRITE:0-0
43045f-430466,55,2,f90f8906000000,,WRITE:0-0
43046c-43047e,55,4,518f0525b8410081c3e33c2377e801000000,m,WRITE:41b825-41b825
43047f-430484,55,2,83042406c3,,WRITE:0-0
430484-430489,54,1,e901000000,,WRITE:0-0
43048a-430492,55,2,81effcffffff7803,,WRITE:0-0
430492-430494,54,1,7901,,WRITE:0-0
430495-43049a,54,1,e89fd8ffff,,WRITE:0-0
43049a-4304a3,55,3,85c14d0f8551ffffff,,WRITE:0-0
4304a3-4304a5,1,1,7603,,WRITE:0-0
4304a8-4304af,2,2,87c8e801000000,,WRITE:0-0
4304b0-4304b5,2,2,83042406c3,,WRITE:0-0
4304b5-4304ba,1,1,e908000000,,WRITE:0-0
4304c2-4304cc,2,2,be86054300e801000000,,WRITE:0-0
4304cd-4304d9,2,3,83c404668bc50f8a01000000,,WRITE:0-0
4304d9-4304ea,2,5,41bbf44cd50cc1c1a981c320ca85197603,,WRITE:0-0
4304ea-4304ec,1,1,7701,,WRITE:0-0
4304ed-4304ef,1,1,7401,,WRITE:0-0
4304ef-430500,2,6,4849bd3d8510c685f981edf78410c67e03,,WRITE:0-0
430500-430502,1,1,7f01,,WRITE:0-0
430503-430508,1,1,e903000000,,WRITE:0-0
43050b-43050f,71,2,8b167e03,,WRITE:0-0
43050f-430511,70,1,7f01,,WRITE:0-0
430512-430518,71,3,d3c12bd37403,,WRITE:0-0
430518-43051a,70,1,7501,,WRITE:0-0
43051b-430520,70,1,e901000000,,WRITE:0-0
430521-43052a,71,3,c1ca0b50e801000000,,WRITE:0-0
43052b-430534,71,3,83c40458e901000000,,WRITE:0-0
430535-43053a,71,2,335604eb01,,WRITE:0-0
43053b-430546,71,5,87cf4f891650e801000000,m,WRITE:430586-43069a
430547-430553,71,4,83c4045887c70f8502000000,,WRITE:0-0
430555-43055d,71,2,81c3d464c3e4eb01,,WRITE:0-0
43055e-430560,70,1,7502,,WRITE:0-0
430562-43056a,71,2,83c604e801000000,,WRITE:0-0
43056b-430570,71,2,83042406c3,,WRITE:0-0
430570-430572,70,1,7301,,WRITE:0-0
430573-43057c,71,2,83ed010f858fffffff,,WRITE:0-0
43057c-43057e,1,1,eb01,,WRITE:0-0
43057f-430581,1,1,7202,,WRITE:0-0
430581-430594,2,7,87c1668bce61518f051db8410060e801000000,m,WRITE:41b81d-0
430595-4305a3,2,4,83c404fcbba3064300e801000000,,WRITE:0-0
4305a4-4305a9,2,2,83042406c3,,WRITE:0-0
4305a9-4305ae,1,1,e909000000,,WRITE:0-0
4305b7-4305c2,2,3,bd59e8994150e801000000,,WRITE:0-0
4305c3-4305cc,2,3,83c40458e8d9ecffff,,WRITE:0-0
4305cc-4305d1,1,1,e904000000,,WRITE:0-0
4305d5-4305df,2,2,b947000000e801000000,,WRITE:0-0
4305e0-4305e5,2,2,83042406c3,,WRITE:0-0
4305e5-4305ea,1,1,e907000000,,WRITE:0-0
4305f1-4305f5,72,2,8b337203,,WRITE:0-0
4305f5-4305f7,71,1,7301,,WRITE:0-0
4305f8-4305fd,71,1,e83cd7ffff,,WRITE:0-0
4305fd-430602,72,3,fc2bf57a03,,WRITE:0-0
430602-430604,31,1,7b01,,WRITE:0-0
430605-430607,71,1,7702,,WRITE:0-0
430607-43060b,30,2,d3e77501,,WRITE:0-0
430609-43060b,42,1,7501,,WRITE:0-0
43060b-430614,4,3,f8c1c60ce801000000,,WRITE:0-0
43060c-430614,69,2,c1c60ce801000000,,WRITE:0-0
430615-430627,72,7,83c4044083ebfc333383c3fc50e801000000,,WRITE:0-0
430628-430635,72,5,83c40458d3f88933e801000000,m,WRITE:4306a3-4307bb
430636-43063b,72,2,83042406c3,,WRITE:0-0
43063b-430640,71,1,e913000000,,WRITE:0-0
430653-43065e,72,2,81ede031829ee801000000,,WRITE:0-0
43065f-430664,72,2,83042406c3,,WRITE:0-0
430664-430677,72,5,bfe84979e9d3c081c30400000050e801000000,,WRITE:0-0
430678-430688,72,5,83c4045866d3d283e9010f8569ffffff,,WRITE:0-0
430688-43068d,1,1,e801000000,,WRITE:0-0
43068e-430696,2,2,83c404e906000000,,WRITE:0-0
43069c-4306a9,2,4,548f05f1b9410050e801000000,m,WRITE:41b9f1-0
4306aa-4306b3,2,3,83c40458e908000000,,WRITE:0-0
4306bb-4306c2,2,2,b9c60743007e03,,WRITE:0-0
4306c2-4306c4,1,1,7f01,,WRITE:0-0
4306c5-4306cb,1,1,0f8d03000000,,WRITE:0-0
4306ce-4306e3,2,5,6613f7bd07721e3b87df81ed3eddf283e801000000,,WRITE:0-0
4306e4-4306e9,2,2,83042406c3,,WRITE:0-0
4306e9-4306fd,2,6,87f3ba3ba3872ff981f206a3872f50e801000000,,WRITE:0-0
4306fe-430709,2,5,83c40458668bfa8b017a03,,WRITE:0-0
430705-430709,61,2,8b017a03,,WRITE:0-0
430709-43070b,30,1,7b01,,WRITE:0-0
43070c-430716,62,3,662bdd33c5e801000000,,WRITE:0-0
430717-43071f,62,2,83c404e81ad6ffff,,WRITE:0-0
43071f-430724,61,1,e90f000000,,WRITE:0-0
430733-430738,62,2,c1c818eb01,,WRITE:0-0
430739-43073e,61,1,e8fbd5ffff,,WRITE:0-0
43073e-430749,62,4,03f903410450e801000000,,WRITE:0-0
43074a-430753,62,3,83c40458e901000000,,WRITE:0-0
430754-430758,62,2,89017c03,m,WRITE:4307c6-4308b6
430758-43075a,61,1,7d01,,WRITE:0-0
43075b-43077b,62,6,6681c6fbc8be550b1dd4812dadb84100878e6a3c81c59ce5ff5e50e801000000,m,WRITE:41b8ad-41b8ad
43077c-430796,62,7,83c404584366d3d7811519b84100b0b23cfb83c104e801000000,m,WRITE:41b819-41b819
430797-43079f,62,2,83c404e89ad5ffff,,WRITE:0-0
43079f-4307a4,61,1,e908000000,,WRITE:0-0
4307ac-4307b5,62,2,83c2ff0f8550ffffff,,WRITE:0-0
4307b5-4307b7,1,1,7c03,,WRITE:0-0
4307b7-4307b9,1,1,7d01,,WRITE:0-0
4307ba-4307bf,1,1,e907000000,,WRITE:0-0
4307c6-4307d5,2,6,61508f05f1b841006050e801000000,m,WRITE:41b8f1-0
4307d6-4307e0,2,3,83c404580f8602000000,,WRITE:0-0
4307e0-4307f0,2,6,1bd768bf08430003c25950e801000000,,WRITE:0-0
4307f1-43080b,2,8,83c4045866ba3d7fbf5775c7ed4081efcc5b1a7c50e801000000,,WRITE:0-0
43080c-43082b,2,8,83c4045881ca8830e5f887eabe702676b866d3c281c6e1d98947e801000000,,WRITE:0-0
43082c-430834,2,2,83c404e906000000,,WRITE:0-0
43083a-430841,82,2,8b19e801000000,,WRITE:0-0
430842-430847,82,2,83042406c3,,WRITE:0-0
430847-43084a,82,2,fc7303,,WRITE:0-0
43084d-430851,82,2,03df7c03,,WRITE:0-0
430851-430853,40,1,7d01,,WRITE:0-0
430854-43085d,82,3,40c1cb04e801000000,,WRITE:0-0
43085e-430867,82,2,83c4040f8503000000,,WRITE:0-0
43086a-430872,82,2,335904e801000000,,WRITE:0-0
430873-430878,82,2,83c4047601,,WRITE:0-0
430878-430882,82,4,f985c58919e801000000,m,WRITE:4308bf-4309ff
430883-430888,82,2,83042406c3,,WRITE:0-0
430888-43088b,82,2,427d01,,WRITE:0-0
43088c-430894,82,2,81c7a1eb94f2eb01,,WRITE:0-0
430895-43089f,82,3,85ea83c104e801000000,,WRITE:0-0
4308a0-4308a9,82,2,83c4040f8201000000,,WRITE:0-0
4308a9-4308b1,82,3,4a4e0f8589ffffff,,WRITE:0-0
4308b1-4308b7,2,2,50e801000000,,WRITE:0-0
4308b8-4308c4,2,5,83c4045887eaf8e801000000,,WRITE:0-0
4308c5-4308ca,2,2,83042406c3,,WRITE:0-0
4308ca-4308d0,1,1,0f8603000000,,WRITE:0-0
4308d0-4308d9,2,2,662bca0f8403000000,,WRITE:0-0
4308d9-4308e3,2,3,c1e51068080a43007c01,,WRITE:0-0
4308e3-4308eb,2,4,4a5b50e801000000,,WRITE:0-0
4308ec-4308f5,2,3,83c40458e907000000,,WRITE:0-0
4308fc-430912,2,4,6875de706b8f05c9ba4100b83e298ba40f8602000000,m,WRITE:41bac9-0
430912-43091f,2,3,85ca81e88bad5ea5e801000000,,WRITE:0-0
430920-430925,2,2,83042406c3,,WRITE:0-0
430925-43092b,1,1,0f8402000000,,WRITE:0-0
43092b-43093b,2,6,85eaf9683a00000013ca5fe801000000,,WRITE:0-0
43093c-430941,2,2,83042406c3,,WRITE:0-0
430941-43094c,2,4,87ea33d68b33e801000000,,WRITE:0-0
430945-43094c,58,2,8b33e801000000,,WRITE:0-0
43094d-43095e,59,6,83c40487d166bafd4f03f050e801000000,,WRITE:0-0
43095f-43096a,59,4,83c40458ba22a969837c03,,WRITE:0-0
43096a-430975,59,3,668bd0c1ce1fe801000000,,WRITE:0-0
430976-43097e,59,2,83c404e909000000,,WRITE:0-0
430987-430995,59,5,83c304333383eb0450e801000000,,WRITE:0-0
430996-43099f,59,3,83c40458e908000000,,WRITE:0-0
4309a7-4309ae,59,2,8933e801000000,m,WRITE:430a08-430aec
4309af-4309b4,59,2,83042406c3,,WRITE:0-0
4309b4-4309cb,59,4,bd273d164f812d09b94100d43f7e9181c0ba5df1f77803,m,WRITE:41b909-41b909
4309cb-4309cd,27,1,7901,,WRITE:0-0
4309ce-4309d0,58,1,7804,,WRITE:0-0
4309d0-4309dc,28,3,66ba697481c3040000007603,,WRITE:0-0
4309d4-4309dc,32,2,81c3040000007603,,WRITE:0-0
4309dc-4309de,58,1,7701,,WRITE:0-0
4309df-4309e5,58,1,0f8701000000,,WRITE:0-0
4309e6-4309f7,59,3,8135edb94100b6c243974f0f854effffff,m,WRITE:41b9ed-41b9ed
4309f7-4309fc,1,1,e801000000,,WRITE:0-0
4309fd-430a02,2,2,83042406c3,,WRITE:0-0
430a02-430a16,2,7,87e966c1e1ce61578f0539ba410060e801000000,m,WRITE:41ba39-0
430a17-430a1c,2,2,83042406c3,,WRITE:0-0
430a1c-430a22,1,1,0f8301000000,,WRITE:0-0
430a23-430a2b,2,3,49b8f60a43007803,,WRITE:0-0
430a2b-430a2d,1,1,7901,,WRITE:0-0
430a2e-430a33,1,1,e806d3ffff,,WRITE:0-0
430a33-430a39,1,1,0f8003000000,,WRITE:0-0
430a39-430a43,2,3,c1fa18bd19d5e998eb01,,WRITE:0-0
430a44-430a4c,2,2,13d60f8204000000,,WRITE:0-0
430a4c-430a5b,2,4,66be954dbb4a00000050e801000000,,WRITE:0-0
430a5c-430a65,2,5,83c40458418b387a03,,WRITE:0-0
430a61-430a65,74,2,8b387a03,,WRITE:0-0
430a65-430a67,37,1,7b01,,WRITE:0-0
430a68-430a7d,75,5,fc6633f2810d8db84100a441e12633fde801000000,m,WRITE:41b88d-41b88d
430a7e-430a8a,75,4,83c40466b929dec1c7137803,,WRITE:0-0
430a8a-430a8c,74,1,7901,,WRITE:0-0
430a8d-430aa0,75,6,6681c63e074983e8fc333883c0fce801000000,,WRITE:0-0
430aa1-430aa6,75,2,83042406c3,,WRITE:0-0
430aa6-430aab,74,1,e90b000000,,WRITE:0-0
430ab6-430aba,75,2,89387203,m,WRITE:430af6-430c1a
430aba-430abc,74,1,7301,,WRITE:0-0
430abd-430ac2,74,1,e903000000,,WRITE:0-0
430ac5-430acd,75,2,81f5a68bee5c7803,,WRITE:0-0
430ad0-430add,75,3,85f281c004000000e801000000,,WRITE:0-0
430ade-430ae4,75,3,83c404fc7d03,,WRITE:0-0
430ae7-430af0,75,2,83c3ff0f8571ffffff,,WRITE:0-0
430af0-430af2,1,1,eb01,,WRITE:0-0
430af3-430afb,2,3,d3e1f8e801000000,,WRITE:0-0
430afc-430b04,2,2,83c404e908000000,,WRITE:0-0
430b0c-430b16,2,2,be240c4300e801000000,,WRITE:0-0
430b17-430b1c,2,2,83042406c3,,WRITE:0-0
430b1c-430b21,1,1,e818d2ffff,,WRITE:0-0
430b21-430b26,1,1,e904000000,,WRITE:0-0
430b2a-430b35,2,3,bdfe751d0750e801000000,,WRITE:0-0
430b36-430b4d,2,8,83c4045887d04abb3d54aec4c1d9e581eb0054aec47c03,,WRITE:0-0
430b4d-430b4f,1,1,7d01,,WRITE:0-0
430b50-430b59,2,4,f88b3e50e801000000,,WRITE:0-0
430b51-430b59,61,3,8b3e50e801000000,,WRITE:0-0
430b5a-430b6d,62,6,83c4045881c0f452274b6681c8a81903fdeb01,,WRITE:0-0
430b6e-430b73,61,1,e90c000000,,WRITE:0-0
430b7f-430b87,62,2,c1c702e801000000,,WRITE:0-0
430b88-430b90,62,2,83c404e90f000000,,WRITE:0-0
430b9f-430ba8,62,3,2b7e0450e801000000,,WRITE:0-0
430ba9-430bb2,62,3,83c40458e90e000000,,WRITE:0-0
430bc0-430bc7,62,2,893ee801000000,m,WRITE:430c24-430d14
430bc8-430bcd,62,2,83042406c3,,WRITE:0-0
430bcd-430bd2,61,1,e867d1ffff,,WRITE:0-0
430bd2-430bd7,61,1,e908000000,,WRITE:0-0
430bdf-430beb,62,3,81f5867b0fa150e801000000,,WRITE:0-0
430bec-430bf6,62,3,83c404580f8002000000,,WRITE:0-0
430bf6-430c02,62,4,85c8d3e183c604e801000000,,WRITE:0-0
430c03-430c11,62,4,83c40485c883eb010f8540ffffff,,WRITE:0-0
430c11-430c13,1,1,7203,,WRITE:0-0
430c13-430c15,1,1,7301,,WRITE:0-0
430c16-430c1b,1,1,e909000000,,WRITE:0-0
430c24-430c26,1,1,eb01,,WRITE:0-0
430c27-430c30,2,2,6633fb0f8d02000000,,WRITE:0-0
430c32-430c39,2,2,b91e0d43007803,,WRITE:0-0
430c39-430c3b,1,1,7901,,WRITE:0-0
430c3c-430c52,2,6,13f833fbbb3362db926681dfda4d81ebd4b2264eeb01,,WRITE:0-0
430c53-430c5b,2,3,fc68440000007602,,WRITE:0-0
430c5b-430c63,2,3,87f75ae801000000,,WRITE:0-0
430c64-430c69,2,2,83042406c3,,WRITE:0-0
430c69-430c6e,1,1,e903000000,,WRITE:0-0
430c71-430c75,69,2,8b29eb01,,WRITE:0-0
430c76-430c7f,69,3,87fe33ebe801000000,,WRITE:0-0
430c80-430c88,69,2,83c404e901000000,,WRITE:0-0
430c89-430c91,69,2,c1c51ce801000000,,WRITE:0-0
430c92-430c97,69,2,83c4047204,,WRITE:0-0
430c97-430ca1,69,2,66c1deba0f8a04000000,,WRITE:0-0
430ca1-430cb2,69,5,66c1de4383e9fc032983c1fce801000000,,WRITE:0-0
430cb3-430cb8,69,2,83042406c3,,WRITE:0-0
430cb8-430cbd,69,2,668bc27703,,WRITE:0-0
430cc0-430cc7,69,2,8929e801000000,m,WRITE:430d1e-430e2a
430cc8-430ccd,69,2,83042406c3,,WRITE:0-0
430ccd-430cd2,68,1,e903000000,,WRITE:0-0
430cd5-430cdd,69,2,81ebca4eeae17603,,WRITE:0-0
430cdd-430cdf,8,1,7701,,WRITE:0-0
430ce0-430ce5,68,1,e90b000000,,WRITE:0-0
430cf0-430cf8,69,2,83c104e801000000,,WRITE:0-0
430cf9-430cfe,69,2,83042406c3,,WRITE:0-0
430cfe-430d03,68,1,e906000000,,WRITE:0-0
430d09-430d12,69,2,83c2ff0f855fffffff,,WRITE:0-0
430d12-430d17,1,1,e801000000,,WRITE:0-0
430d18-430d1d,2,2,83042406c3,,WRITE:0-0
430d1d-430d20,2,2,fceb01,,WRITE:0-0
430d21-430d27,1,1,0f8b02000000,,WRITE:0-0
430d27-430d40,2,6,8bf28bf3681da61b6a8f05d9ba4100bb340e4300e801000000,m,WRITE:41bad9-0
430d41-430d49,2,2,83c404e903000000,,WRITE:0-0
430d4c-430d5a,2,4,b95a738aaafc81c1458ac7417203,,WRITE:0-0
430d5a-430d5c,1,1,7301,,WRITE:0-0
430d5d-430d68,2,3,f9b846000000e801000000,,WRITE:0-0
430d69-430d76,2,5,83c4044abfc42420e88b2beb01,,WRITE:0-0
430d72-430d76,70,2,8b2beb01,,WRITE:0-0
430d77-430d7c,70,1,e907000000,,WRITE:0-0
430d83-430d95,71,4,684ae8125a8f05b9b9410033e9e801000000,m,WRITE:41b9b9-41b9b9
430d96-430d9e,71,2,83c404e908000000,,WRITE:0-0
430da6-430dab,71,2,c1c50beb01,,WRITE:0-0
430dac-430dbc,71,5,66d3ea83c304332b83eb04e801000000,,WRITE:0-0
430dbd-430dc6,71,2,83c4040f8d02000000,,WRITE:0-0
430dc8-430dcd,71,3,4a892b7e03,m,WRITE:430e34-430f48
430dd0-430dd5,71,2,c1faee7905,,WRITE:0-0
430dd5-430de5,71,3,bffe0da38081f150dabe8de801000000,,WRITE:0-0
430de6-430deb,71,2,83042406c3,,WRITE:0-0
430deb-430df0,70,1,e90c000000,,WRITE:0-0
430dfc-430e01,71,2,83c304eb01,,WRITE:0-0
430e02-430e07,70,1,e90b000000,,WRITE:0-0
430e12-430e1b,71,2,83e8010f8557ffffff,,WRITE:0-0
430e1b-430e21,2,2,50e801000000,,WRITE:0-0
430e22-430e2b,2,3,83c40458e87ae4ffff,,WRITE:0-0
430e2b-430e31,1,1,0f8c03000000,,WRITE:0-0
430e31-430e36,2,2,66d3e7eb01,,WRITE:0-0
430e37-430e3c,1,1,e8fdceffff,,WRITE:0-0
430e3c-430e3e,1,1,7002,,WRITE:0-0
430e3e-430e4c,2,4,8bd187f8b9520f4300e801000000,,WRITE:0-0
430e4d-430e52,2,2,83042406c3,,WRITE:0-0
430e52-430e57,1,1,e90e000000,,WRITE:0-0
430e65-430e6c,2,2,be0f0d2d717901,,WRITE:0-0
430e6d-430e79,2,3,81ee0b20998e50e801000000,,WRITE:0-0
430e7a-430e80,2,3,83c404587006,,WRITE:0-0
430e80-430e9a,2,6,81e8c3ca1da96681ea70bdbd7c7c747487fa81f5457c74747e03,,WRITE:0-0
430e9a-430e9c,1,1,7f01,,WRITE:0-0
430e9d-430ea6,2,3,baa2cfbe228b197203,,WRITE:0-0
430ea2-430ea6,57,2,8b197203,,WRITE:0-0
430ea6-430ea8,57,1,7301,,WRITE:0-0
430ea9-430eaf,57,1,0f8c02000000,,WRITE:0-0
430eaf-430ebb,58,4,13c3668bd12bdee801000000,,WRITE:0-0
430ebc-430ec1,58,2,83042406c3,,WRITE:0-0
430ec1-430ed5,58,5,66b82908f8811d11b84100ef85a601c1cb127c03,m,WRITE:41b811-41b811
430ed8-430edd,57,1,e906000000,,WRITE:0-0
430ee3-430ef0,58,4,83c104331983c1fce801000000,,WRITE:0-0
430ef1-430ef9,58,4,83c4044f8919eb01,m,WRITE:430f52-431032
430efa-430eff,57,1,e907000000,,WRITE:0-0
430f06-430f0e,58,2,81f6f6866ce57403,,WRITE:0-0
430f0e-430f10,57,1,7501,,WRITE:0-0
430f11-430f16,57,1,e904000000,,WRITE:0-0
430f1a-430f26,58,3,81e9fcffffff50e801000000,,WRITE:0-0
430f27-430f30,58,3,83c40458e809ceffff,,WRITE:0-0
430f30-430f35,57,1,e903000000,,WRITE:0-0
430f38-430f3f,58,2,4d0f8563ffffff,,WRITE:0-0
430f3f-430f44,1,1,e801000000,,WRITE:0-0
430f45-430f4d,2,2,83c404e905000000,,WRITE:0-0
430f52-430f57,1,1,e801000000,,WRITE:0-0
430f58-430f60,2,2,83c404e845e3ffff,,WRITE:0-0
430f60-430f62,1,1,7002,,WRITE:0-0
430f62-430f6b,2,3,8bc1bf3b1043007603,,WRITE:0-0
430f6b-430f6d,1,1,7701,,WRITE:0-0
430f6e-430f73,1,1,e907000000,,WRITE:0-0
430f7a-430f91,2,5,b9703f8f7881e361855e1781e9f7d9779050e801000000,,WRITE:0-0
430f92-430fa5,2,8,83c40458d3ebf96845000000fc5ee801000000,,WRITE:0-0
430fa6-430fab,2,2,83042406c3,,WRITE:0-0
430fab-430fb1,1,1,0f8206000000,,WRITE:0-0
430fb1-430fbc,2,4,81e2b134bd26f88b2feb01,,WRITE:0-0
430fb8-430fbc,69,2,8b2feb01,,WRITE:0-0
430fbd-430fc2,70,3,fc33e97c03,,WRITE:0-0
430fc2-430fc4,32,1,7d01,,WRITE:0-0
430fc5-430fca,69,1,e902000000,,WRITE:0-0
430fcc-430fd1,70,2,c1cd1a7203,,WRITE:0-0
430fd1-430fd3,27,1,7301,,WRITE:0-0
430fd4-430fe3,70,5,13d383effc032f83ef04e801000000,,WRITE:0-0
430fe4-430feb,70,3,83c404d3fb7101,,WRITE:0-0
430fec-430ff3,70,2,892fe801000000,m,WRITE:43103b-43114b
430ff4-430ffc,70,2,83c404e905000000,,WRITE:0-0
431001-431009,70,2,81e9ae2b989ceb01,,WRITE:0-0
43100a-43100c,69,1,7503,,WRITE:0-0
43100f-43101c,70,3,85d381effcffffffe801000000,,WRITE:0-0
43101d-43102a,70,4,83c404f983c6ff0f858effffff,,WRITE:0-0
43102a-43102f,1,1,e801000000,,WRITE:0-0
431030-431035,2,2,83042406c3,,WRITE:0-0
431035-43103a,1,1,e901000000,,WRITE:0-0
43103b-431049,2,5,61528f05a5ba410060e801000000,m,WRITE:41baa5-0
43104a-43104f,2,2,83042406c3,,WRITE:0-0
43104f-43105f,2,6,81ca6b792b29f868561143004f587a03,,WRITE:0-0
431062-43107f,2,7,f966ba55f2813535b9410012561498b908a233ba4a81c1e0e3f6c07603,m,WRITE:41b935-0
431082-431094,2,5,f9be9464aa95f881ee5a64aa95e801000000,,WRITE:0-0
431095-43109a,2,2,83042406c3,,WRITE:0-0
43109a-4310a3,2,3,87fd8b18e801000000,,WRITE:0-0
43109c-4310a3,58,2,8b18e801000000,,WRITE:0-0
4310a4-4310aa,59,3,83c404f87b06,,WRITE:0-0
4310b0-4310b7,59,2,33d9e801000000,,WRITE:0-0
4310b8-4310c0,59,2,83c404e90e000000,,WRITE:0-0
4310ce-4310d6,59,2,c1cb03e801000000,,WRITE:0-0
4310d7-4310e4,59,5,83c404472b580450e801000000,,WRITE:0-0
4310e5-4310ee,59,3,83c40458e901000000,,WRITE:0-0
4310ef-4310f6,59,2,8918e801000000,m,WRITE:431156-43123a
4310f7-4310fc,59,2,83042406c3,,WRITE:0-0
4310fc-431108,59,3,4581c1a176db19e801000000,,WRITE:0-0
431109-43110e,59,2,83042406c3,,WRITE:0-0
43110e-431113,58,1,e903000000,,WRITE:0-0
431116-431121,59,2,81c004000000e801000000,,WRITE:0-0
431122-43112f,59,4,83c4044783c6ff0f856dffffff,,WRITE:0-0
43112f-431134,1,1,e801000000,,WRITE:0-0
431135-43113a,2,2,83042406c3,,WRITE:0-0
43113a-43113f,1,1,e90d000000,,WRITE:0-0
43114c-43115b,2,2,812511ba410019077f58e801000000,m,WRITE:41ba11-0
43115c-43116e,2,5,83c404c1c85d87c7ba44124300e801000000,,WRITE:0-0
43116f-431174,2,2,83042406c3,,WRITE:0-0
431174-431179,1,1,e908000000,,WRITE:0-0
431181-431192,2,4,bd72f82d614381c50664a81be801000000,,WRITE:0-0
431193-43119b,2,2,83c404e903000000,,WRITE:0-0
43119e-4311ad,2,5,6844000000668bc15950e801000000,,WRITE:0-0
4311ae-4311bc,2,7,83c40458f9488b3250e801000000,,WRITE:0-0
4311b4-4311bc,68,3,8b3250e801000000,,WRITE:0-0
4311bd-4311c6,69,3,83c40458e906000000,,WRITE:0-0
4311cc-4311d0,69,2,33f57203,,WRITE:0-0
4311d0-4311d2,68,1,7301,,WRITE:0-0
4311d3-4311de,69,4,4887c7c1ce17e801000000,,WRITE:0-0
4311df-4311e4,69,2,83042406c3,,WRITE:0-0
4311e4-4311e9,68,1,e907000000,,WRITE:0-0
4311f0-4311fa,69,4,83c204033283c2fceb01,,WRITE:0-0
4311fb-431200,68,1,e906000000,,WRITE:0-0
431206-43120a,69,2,8932eb01,m,WRITE:431244-431350
43120b-43121a,69,4,81eb398339674f81c5e489ed16eb01,,WRITE:0-0
43121b-43121e,69,2,487802,,WRITE:0-0
43121e-431225,45,3,87df83c204eb01,,WRITE:0-0
431220-431225,25,2,83c204eb01,,WRITE:0-0
431226-43122b,68,1,e909000000,,WRITE:0-0
431234-43123b,69,2,490f8579ffffff,,WRITE:0-0
43123b-43123d,1,1,7403,,WRITE:0-0
431240-431246,2,2,66b85b6b7603,,WRITE:0-0
431249-43124e,1,1,e903000000,,WRITE:0-0
431251-431258,2,2,bb5a134300eb01,,WRITE:0-0
431259-43125e,1,1,e902000000,,WRITE:0-0
431260-43126b,2,2,68958d24e30f8d03000000,,WRITE:0-0
43126e-431275,2,3,5f50e801000000,,WRITE:0-0
431276-43128a,2,8,83c4045845f9be3de62f734081f607e62f73eb01,,WRITE:0-0
43128b-431290,1,1,e815e0ffff,,WRITE:0-0
431290-43129a,2,4,85c88b1350e801000000,,WRITE:0-0
431292-43129a,58,3,8b1350e801000000,,WRITE:0-0
43129b-4312a4,59,3,83c40458e895caffff,,WRITE:0-0
4312a4-4312a9,58,1,e902000000,,WRITE:0-0
4312ab-4312b3,59,3,2bd750e801000000,,WRITE:0-0
4312b4-4312bd,59,3,83c40458e906000000,,WRITE:0-0
4312c3-4312c8,59,2,c1c21ceb01,,WRITE:0-0
4312c9-4312d7,59,6,87cd0bee83c304031383c3fc7e03,,WRITE:0-0
4312d7-4312d9,58,1,7f01,,WRITE:0-0
4312da-4312e0,58,1,0f8604000000,,WRITE:0-0
4312e4-4312e6,58,1,7805,,WRITE:0-0
4312e6-4312fd,59,5,6681c57c86812dd5b841000905a293891350e801000000,m,WRITE:41b8d5-43143e
4312fe-431307,59,3,83c40458e906000000,,WRITE:0-0
43130d-431315,59,2,81efe71f646e7203,,WRITE:0-0
431315-431317,33,1,7301,,WRITE:0-0
431318-431326,59,4,85e981c30400000050e801000000,,WRITE:0-0
431327-431333,59,4,83c404588bc80f8202000000,,WRITE:0-0
431333-43133c,59,3,85e94e0f8556ffffff,,WRITE:0-0
43133c-431342,2,2,50e801000000,,WRITE:0-0
431343-43134c,2,3,83c40458e904000000,,WRITE:0-0
431350-431365,2,6,81159dba4100edfcbb2161578f0571b94100607803,m,WRITE:41ba9d-41b971
431365-431367,1,1,7901,,WRITE:0-0
431368-43136a,1,1,7702,,WRITE:0-0
43136c-431379,2,3,66d3c0bb46144300e801000000,,WRITE:0-0
43137a-431396,2,7,83c4044d812d71ba4100ca0a3d1eb9dbdfeff44881c1d849c5e37e03,m,WRITE:41ba71-0
431399-43139e,1,1,e902000000,,WRITE:0-0
4313a0-4313ae,2,4,bfa141afb14681f7e041afb1eb01,,WRITE:0-0
4313af-4313b5,2,4,f9408b13eb01,,WRITE:0-0
4313b1-4313b5,65,2,8b13eb01,,WRITE:0-0
4313b6-4313bb,65,1,e8eadeffff,,WRITE:0-0
4313bb-4313c1,66,3,d3d02bd17803,,WRITE:0-0
4313c1-4313c3,31,1,7901,,WRITE:0-0
4313c4-4313c9,65,1,e8dcdeffff,,WRITE:0-0
4313c9-4313d0,66,3,87c6c1ca1e7a03,,WRITE:0-0
4313d0-4313d2,30,1,7b01,,WRITE:0-0
4313d3-4313e4,66,5,66bef6d483ebfc331383eb04e801000000,,WRITE:0-0
4313e5-4313ed,66,2,83c404e903000000,,WRITE:0-0
4313f0-4313f4,66,2,8913eb01,m,WRITE:431446-431546
4313f5-4313fa,65,1,e8abdeffff,,WRITE:0-0
4313fa-431407,66,4,f9fc81c1f8bc71afe801000000,,WRITE:0-0
431408-431410,66,2,83c404e90b000000,,WRITE:0-0
43141b-431427,66,3,81c30400000050e801000000,,WRITE:0-0
431428-431435,66,5,83c4045803f34f0f857cffffff,,WRITE:0-0
431435-431437,1,1,eb01,,WRITE:0-0
431438-43143d,1,1,e909000000,,WRITE:0-0
431446-43144b,1,1,e801000000,,WRITE:0-0
43144c-431454,2,2,83c404e905000000,,WRITE:0-0
431459-431465,2,4,684e154300fc5ae801000000,,WRITE:0-0
431466-43146b,2,2,83042406c3,,WRITE:0-0
43146b-43147d,2,5,8bf9b8d782149966d3c181c03e2cc1ebeb01,,WRITE:0-0
43147e-431483,1,1,e909000000,,WRITE:0-0
43148c-431497,2,2,68420000000f8601000000,,WRITE:0-0
431498-43149b,2,2,5d7e03,,WRITE:0-0
43149e-4314a9,2,3,66c1e1d38b32e801000000,,WRITE:0-0
4314a2-4314a9,66,2,8b32e801000000,,WRITE:0-0
4314aa-4314c1,67,6,83c404f86681c79c67812df5b94100e399b7f22bf0eb01,m,WRITE:41b9f5-41b9f5
4314c2-4314d7,67,6,6613fb87cf68f186851e8f05a9ba4100c1c613eb01,m,WRITE:41baa9-41baa9
4314d8-4314dd,66,1,e903000000,,WRITE:0-0
4314e0-4314ee,67,5,83c204033283ea0450e801000000,,WRITE:0-0
4314ef-4314fa,67,6,83c404584185d98932eb01,m,WRITE:43154e-431652
4314fb-431501,66,1,0f8c05000000,,WRITE:0-0
431501-43150e,67,3,6681d7872b81c08072de46eb01,,WRITE:0-0
43150f-431514,66,1,e909000000,,WRITE:0-0
43151d-431528,67,2,81eafcffffffe801000000,,WRITE:0-0
431529-43152e,67,2,83042406c3,,WRITE:0-0
43152e-43153a,67,4,d3e34183ed010f8568ffffff,,WRITE:0-0
43153a-43153f,1,1,e801000000,,WRITE:0-0
431540-431545,2,2,83c4047102,,WRITE:0-0
431547-43154d,1,1,0f8a01000000,,WRITE:0-0
43154d-431550,2,2,fc7603,,WRITE:0-0
431550-431552,1,1,7701,,WRITE:0-0
431553-43156b,2,5,668bd8811dedba410055503affbe5d16430050e801000000,m,WRITE:41baed-0
43156c-431575,2,3,83c40458e8c4c7ffff,,WRITE:0-0
431575-43157c,2,2,f80f8603000000,,WRITE:0-0
43157c-431586,2,3,6633dd686972b3dc7206,,WRITE:0-0
431586-43158f,2,3,81e3901e422c5f7a03,,WRITE:0-0
43158f-431591,1,1,7b01,,WRITE:0-0
431592-4315a2,2,5,f966bba3b1b84b00000050e801000000,,WRITE:0-0
4315a3-4315b0,2,6,83c4045866bb755e4b8b2eeb01,,WRITE:0-0
4315ac-4315b0,75,2,8b2eeb01,,WRITE:0-0
4315b1-4315b9,76,3,4303efe801000000,,WRITE:0-0
4315ba-4315bf,76,2,83042406c3,,WRITE:0-0
4315bf-4315c5,75,1,0f8505000000,,WRITE:0-0
4315ca-4315d7,76,3,ba30ac4533c1c51ae801000000,,WRITE:0-0
4315d8-4315e0,76,2,83c404e905000000,,WRITE:0-0
4315e5-4315ed,76,2,036e04e801000000,,WRITE:0-0
4315ee-4315f3,76,2,83c4047205,,WRITE:0-0
4315f3-431600,76,4,ba40c5a2ed892e50e801000000,m,WRITE:43165d-431785
431601-43160a,76,3,83c40458e90d000000,,WRITE:0-0
431617-431623,76,3,81efa854535650e801000000,,WRITE:0-0
431624-43162d,76,3,83c40458e904000000,,WRITE:0-0
431631-43163c,76,2,81eefcffffffe801000000,,WRITE:0-0
43163d-431642,76,2,83042406c3,,WRITE:0-0
431642-43164e,76,4,d3d1fc83c0ff0f855effffff,,WRITE:0-0
43164e-431653,1,1,e801000000,,WRITE:0-0
431654-431659,2,2,83042406c3,,WRITE:0-0
431659-43165f,2,3,03cdd3e97403,,WRITE:0-0
43165f-431661,1,1,7501,,WRITE:0-0
431662-431668,1,1,0f8001000000,,WRITE:0-0
431669-431678,2,3,bf82f12fb0ba8e174300e801000000,,WRITE:0-0
431679-431694,2,7,83c404f8d3c5bbba76778c6681dde2a981ebde03d3e0e801000000,,WRITE:0-0
431695-43169e,2,2,83c4040f8402000000,,WRITE:0-0
43169e-4316a7,2,3,8beab89f013bfa7a03,,WRITE:0-0
4316a7-4316b5,2,3,668bf781f0a5013bfae801000000,,WRITE:0-0
4316b6-4316bb,2,2,83042406c3,,WRITE:0-0
4316bb-4316c0,1,1,e903000000,,WRITE:0-0
4316c3-4316ca,59,2,8b0ae801000000,,WRITE:0-0
4316cb-4316d0,59,2,83042406c3,,WRITE:0-0
4316d0-4316e6,59,4,be2246b36f812d59ba4100fa312f7733cbe801000000,m,WRITE:41ba59-41ba59
4316e7-4316fd,59,5,83c40445810dddb94100d7e79cc4c1c108e801000000,m,WRITE:41b9dd-41b9dd
4316fe-431703,59,2,83042406c3,,WRITE:0-0
431703-431708,58,1,e909000000,,WRITE:0-0
431711-431719,59,2,2b4a04e801000000,,WRITE:0-0
43171a-431722,59,2,83c404e907000000,,WRITE:0-0
431729-43172d,59,2,890a7a03,m,WRITE:43178e-431872
43172d-43172f,58,1,7b01,,WRITE:0-0
431730-43173e,59,4,2bfa81f393e7ad4a50e801000000,,WRITE:0-0
43173f-431749,59,3,83c404580f8903000000,,WRITE:0-0
43174c-431762,59,4,813561b9410032a9c04f81c20400000050e801000000,m,WRITE:41b961-41b961
431763-43176c,59,3,83c40458e909000000,,WRITE:0-0
431775-43177c,59,2,480f8547ffffff,,WRITE:0-0
43177c-43177e,1,1,eb01,,WRITE:0-0
43177f-431784,1,1,e90a000000,,WRITE:0-0
43178e-431790,1,1,7803,,WRITE:0-0
431790-431792,1,1,7901,,WRITE:0-0
431793-4317a4,2,4,fc6681d66669687d1843000f8203000000,,WRITE:0-0
4317a4-4317aa,2,3,6603c259eb01,,WRITE:0-0
4317ab-4317b0,1,1,e90d000000,,WRITE:0-0
4317bd-4317c4,2,2,bb043aded67c03,,WRITE:0-0
4317c4-4317c6,1,1,7d01,,WRITE:0-0
4317c7-4317dc,2,5,661bc1bd186ac28985f081edd669c289e801000000,,WRITE:0-0
4317dd-4317e6,2,2,83c4040f8c02000000,,WRITE:0-0
4317e6-4317ef,2,3,85c68b39e801000000,,WRITE:0-0
4317e8-4317ef,66,2,8b39e801000000,,WRITE:0-0
4317f0-4317f5,67,2,83042406c3,,WRITE:0-0
4317f5-4317fa,66,1,e901000000,,WRITE:0-0
4317fb-4317ff,67,2,33fbeb01,,WRITE:0-0
431800-43180c,67,4,66ba5984662bd5c1cf08eb01,,WRITE:0-0
43180d-431816,67,3,66b8734f2b79047603,,WRITE:0-0
431816-431818,40,1,7701,,WRITE:0-0
431819-431827,67,6,fc87c2548f054db941008939eb01,m,WRITE:41b94d-431981
431828-43182d,66,1,e904000000,,WRITE:0-0
431831-43183d,67,3,81eb0f2a7e5650e801000000,,WRITE:0-0
43183e-431847,67,3,83c40458e903000000,,WRITE:0-0
43184a-431855,67,2,81e9fcffffffe801000000,,WRITE:0-0
431856-43185b,67,2,83042406c3,,WRITE:0-0
43185b-431860,66,1,e908000000,,WRITE:0-0
431868-431871,67,2,83ed010f8577ffffff,,WRITE:0-0
431871-431876,1,1,e801000000,,WRITE:0-0
431877-43187c,2,2,83042406c3,,WRITE:0-0
43187c-431888,2,6,4061508f0531b9410060eb01,m,WRITE:41b931-0
431889-43189b,2,5,66d3d3688a19430066be031d59e801000000,,WRITE:0-0
43189c-4318b6,2,7,83c40466c1cb9587f3b8d2834953fc81c0574caa78e801000000,,WRITE:0-0
4318b7-4318c0,2,2,83c4040f8503000000,,WRITE:0-0
4318c3-4318cc,2,3,87f3bdeb82fa5a7a02,,WRITE:0-0
4318cc-4318d9,2,3,2bdd81f5a482fa5ae801000000,,WRITE:0-0
4318da-4318e7,2,5,83c40403f7428b39e801000000,,WRITE:0-0
4318e0-4318e7,79,2,8b39e801000000,,WRITE:0-0
4318e8-4318ed,80,2,83042406c3,,WRITE:0-0
4318ed-4318ef,79,1,7704,,WRITE:0-0
4318f3-4318fa,80,2,33f8e801000000,,WRITE:0-0
4318fb-431900,80,2,83042406c3,,WRITE:0-0
431900-431902,79,1,7c01,,WRITE:0-0
431902-431908,80,3,43c1cf197403,,WRITE:0-0
431908-43190a,79,1,7501,,WRITE:0-0
43190b-431910,79,1,e90a000000,,WRITE:0-0
43191a-431922,80,2,337904e801000000,,WRITE:0-0
431923-43192b,80,2,83c404e909000000,,WRITE:0-0
431934-43193c,80,3,893950e801000000,m,WRITE:43198a-431ac2
43193d-43194f,80,6,83c4045885f281e8a2fec41250e801000000,,WRITE:0-0
431950-431959,80,3,83c40458e902000000,,WRITE:0-0
43195b-431963,80,2,81e9fcffffffeb01,,WRITE:0-0
431964-43196b,80,2,4b0f8d06000000,,WRITE:0-0
43196b-43197a,80,3,81deeca0690683ed010f8566ffffff,,WRITE:0-0
43197a-43197c,1,1,eb01,,WRITE:0-0
43197d-431982,1,1,e908000000,,WRITE:0-0
43198a-431998,2,5,61538f0591ba410060e801000000,m,WRITE:41ba91-0
431999-43199e,2,2,83042406c3,,WRITE:0-0
43199e-4319a3,1,1,e903000000,,WRITE:0-0
4319a6-4319b0,2,2,b8ca1a4300e801000000,,WRITE:0-0
4319b1-4319b6,2,2,83042406c3,,WRITE:0-0
4319b6-4319be,2,2,d3fa0f8601000000,,WRITE:0-0
4319be-4319d1,2,6,f8be6aefe1b34b81eeff400e9f50e801000000,,WRITE:0-0
4319d2-4319ed,2,8,83c40458c1eb384fbdac69ef98668bfe81c592961067e801000000,,WRITE:0-0
4319ee-4319f6,2,2,83c404e8afd8ffff,,WRITE:0-0
4319f6-4319fb,1,1,e90b000000,,WRITE:0-0
431a06-431a0a,63,2,8b08eb01,,WRITE:0-0
431a0b-431a10,62,1,e905000000,,WRITE:0-0
431a15-431a26,63,3,811d79b84100526b77a02bcee801000000,m,WRITE:41b879-41b879
431a27-431a2c,63,2,83042406c3,,WRITE:0-0
431a2c-431a32,63,3,47c1c10feb01,,WRITE:0-0
431a33-431a38,62,1,e903000000,,WRITE:0-0
431a3b-431a45,63,4,83c004330883e8047803,,WRITE:0-0
431a45-431a47,62,1,7901,,WRITE:0-0
431a48-431a4d,62,1,e8ecc2ffff,,WRITE:0-0
431a4d-431a52,62,1,e905000000,,WRITE:0-0
431a57-431a5f,63,3,890850e801000000,m,WRITE:431aca-431bbe
431a60-431a6a,63,3,83c404580f8d01000000,,WRITE:0-0
431a6b-431a73,63,2,81eecca0f11a7403,,WRITE:0-0
431a73-431a75,62,1,7501,,WRITE:0-0
431a76-431a88,63,4,bf6160f87785da81e8fcffffffe801000000,,WRITE:0-0
431a89-431a8e,63,2,83042406c3,,WRITE:0-0
431a8e-431a93,62,1,e905000000,,WRITE:0-0
431a98-431aa9,63,3,8125f1ba4100d2d40e9b4d0f855dffffff,m,WRITE:41baf1-41baf1
431aa9-431aae,1,1,e801000000,,WRITE:0-0
431aaf-431ab7,2,2,83c404e909000000,,WRITE:0-0
431ac0-431acc,2,2,8115bdb9410032b74ab47803,m,WRITE:41b9bd-0
431acf-431ae1,2,4,87d681f15df201eebfc91b4300e801000000,,WRITE:0-0
431ae2-431ae7,2,2,83042406c3,,WRITE:0-0
431ae7-431aec,1,1,e84dc2ffff,,WRITE:0-0
431aec-431af2,1,1,0f8801000000,,WRITE:0-0
431af2-431b06,2,6,4abd5f7f6701d3ee81f5000f775950e801000000,,WRITE:0-0
431b07-431b10,2,3,83c40458e903000000,,WRITE:0-0
431b13-431b23,2,4,bbe57e2e70668bd581f3df7e2e707a03,,WRITE:0-0
431b26-431b2b,1,1,e902000000,,WRITE:0-0
431b2d-431b35,59,3,8b0750e801000000,,WRITE:0-0
431b36-431b40,59,3,83c404580f8605000000,,WRITE:0-0
431b40-431b49,59,3,6681e926fb03c5eb01,,WRITE:0-0
431b4a-431b4c,58,1,7905,,WRITE:0-0
431b4c-431b5c,29,5,ba4551ce9d13d5c1c00750e801000000,,WRITE:0-0
431b51-431b5c,31,4,13d5c1c00750e801000000,,WRITE:0-0
431b5d-431b71,59,8,83c4045887d14983c704330783c7fce801000000,,WRITE:0-0
431b72-431b7a,59,2,83c404e909000000,,WRITE:0-0
431b83-431b87,59,2,89077603,m,WRITE:431bc9-431cad
431b87-431b89,58,1,7701,,WRITE:0-0
431b8a-431b9a,59,4,66c1fa8bfc81c5f70c2248e801000000,,WRITE:0-0
431b9b-431ba0,59,2,83042406c3,,WRITE:0-0
431ba0-431bac,59,3,4681effcffffffe801000000,,WRITE:0-0
431bad-431bb2,59,2,83042406c3,,WRITE:0-0
431bb2-431bb8,58,1,0f8201000000,,WRITE:0-0
431bb8-431bc2,59,3,fc83eb010f856bffffff,,WRITE:0-0
431bc2-431bc4,1,1,7803,,WRITE:0-0
431bc4-431bc6,1,1,7901,,WRITE:0-0
431bc7-431bcb,2,2,2bd6eb01,,WRITE:0-0
431bcc-431bd1,1,1,e901000000,,WRITE:0-0
431bd2-431bdb,2,4,68b51c4300f95e7203,,WRITE:0-0
431bde-431be3,1,1,e902000000,,WRITE:0-0
431be5-431bf6,2,4,b9e750313e4281f14178185ae801000000,,WRITE:0-0
431bf7-431bff,2,2,83c404e83ac1ffff,,WRITE:0-0
431bff-431c11,2,6,fc87d3b86433b06c87fb81f02133b06c7803,,WRITE:0-0
431c11-431c13,1,1,7901,,WRITE:0-0
431c14-431c1b,2,2,f80f8305000000,,WRITE:0-0
431c20-431c27,70,2,8b2ee801000000,,WRITE:0-0
431c28-431c2d,70,2,83042406c3,,WRITE:0-0
431c2d-431c32,69,1,e873d6ffff,,WRITE:0-0
431c32-431c38,69,1,0f8b01000000,,WRITE:0-0
431c38-431c3d,70,3,fc33e97a03,,WRITE:0-0
431c3d-431c3f,34,1,7b01,,WRITE:0-0
431c40-431c46,70,3,43c1cd1ceb01,,WRITE:0-0
431c47-431c54,70,6,4203f983c6042b2e83c6fceb01,,WRITE:0-0
431c55-431c5d,70,2,87da0f8a02000000,,WRITE:0-0
431c5d-431c66,36,3,87d3892ee801000000,m,WRITE:431cb5-431dc1
431c5f-431c66,35,2,892ee801000000,m,WRITE:431cbd-431dc5
431c67-431c6c,70,2,83042406c3,,WRITE:0-0
431c6c-431c71,69,1,e8c8c0ffff,,WRITE:0-0
431c71-431c76,69,1,e902000000,,WRITE:0-0
431c78-431c83,70,2,81f119f2f980e801000000,,WRITE:0-0
431c84-431c89,70,2,83042406c3,,WRITE:0-0
431c89-431c97,70,4,87fb4781eefcffffffe801000000,,WRITE:0-0
431c98-431ca5,70,5,83c40487df4a480f857bffffff,,WRITE:0-0
431ca5-431caa,1,1,e801000000,,WRITE:0-0
431cab-431cb0,2,2,83042406c3,,WRITE:0-0
431cb0-431cc4,2,7,baa8435a1c61568f0501ba41006050e801000000,m,WRITE:41ba01-0
431cc5-431cd5,2,6,83c40458f866c1de28b8cf1d4300eb01,,WRITE:0-0
431cd6-431cd8,1,1,7201,,WRITE:0-0
431cd8-431ce7,2,4,436623d8b9aa4a82d40f8c02000000,,WRITE:0-0
431ce7-431cf5,2,4,d3dd81f1ef42643650e801000000,,WRITE:0-0
431cf6-431d00,2,3,83c404580f8902000000,,WRITE:0-0
431d02-431d0d,2,2,bf52bae6090f8b04000000,,WRITE:0-0
431d0d-431d19,2,3,66bd3b2781f76bbae609eb01,,WRITE:0-0
431d1a-431d1f,1,1,e907000000,,WRITE:0-0
431d26-431d37,2,3,810d71b84100c87a770f8b10e801000000,m,WRITE:41b871-0
431d30-431d37,57,2,8b10e801000000,,WRITE:0-0
431d38-431d40,58,2,83c404e902000000,,WRITE:0-0
431d42-431d49,58,2,33d1e801000000,,WRITE:0-0
431d4a-431d4f,58,2,83042406c3,,WRITE:0-0
431d4f-431d5e,58,5,c1e597558f0551ba4100c1ca0aeb01,m,WRITE:41ba51-41ba51
431d5f-431d65,57,1,0f8302000000,,WRITE:0-0
431d65-431d71,34,5,d3c583c004031083c0fc7a03,,WRITE:0-0
431d67-431d71,25,4,83c004031083c0fc7a03,,WRITE:0-0
431d71-431d73,28,1,7b01,,WRITE:0-0
431d74-431d79,57,1,e901000000,,WRITE:0-0
431d7a-431d81,58,2,8910e801000000,m,WRITE:431dcf-431eaf
431d82-431d8a,58,2,83c404e906000000,,WRITE:0-0
431d90-431d98,58,2,81e96e32604c7203,,WRITE:0-0
431d98-431d9a,40,1,7301,,WRITE:0-0
431d9b-431da0,57,1,e907000000,,WRITE:0-0
431da7-431dac,58,2,83c004eb01,,WRITE:0-0
431dad-431db2,57,1,e887bfffff,,WRITE:0-0
431db2-431dbc,58,3,f883c7ff0f8574ffffff,,WRITE:0-0
431dbc-431dc1,1,1,e801000000,,WRITE:0-0
431dc2-431dc7,2,2,83042406c3,,WRITE:0-0
431dc7-431dc9,1,1,7106,,WRITE:0-0
431dcf-431dd5,2,2,50e801000000,,WRITE:0-0
431dd6-431de6,2,5,83c40458bff8ad0b22b9b81e43007603,,WRITE:0-0
431de6-431de8,1,1,7701,,WRITE:0-0
431de9-431df7,2,4,2bd36681f35462b8cfbacf0a7604,,WRITE:0-0
431df7-431e06,2,3,66bbb34d81e8bdf54257e801000000,,WRITE:0-0
431e07-431e0f,2,2,83c404e896d4ffff,,WRITE:0-0
431e0f-431e18,2,3,23fdbe393276ed7a02,,WRITE:0-0
431e1a-431e22,2,2,81f69d3276edeb01,,WRITE:0-0
431e23-431e29,1,1,0f8403000000,,WRITE:0-0
431e29-431e33,2,4,66d3da66d3c28b29eb01,,WRITE:0-0
431e2f-431e33,164,2,8b29eb01,,WRITE:0-0
431e34-431e39,164,1,e905000000,,WRITE:0-0
431e3e-431e46,165,3,33e850e801000000,,WRITE:0-0
431e47-431e51,165,5,83c40458f8c1c516eb01,,WRITE:0-0
431e52-431e54,164,1,7401,,WRITE:0-0
431e54-431e5d,165,4,436603fe036904eb01,,WRITE:0-0
431e5e-431e67,165,3,bad682f26f8929eb01,m,WRITE:431eb8-432144
431e68-431e6d,164,1,e8ccbeffff,,WRITE:0-0
431e6d-431e6f,164,1,7c03,,WRITE:0-0
431e6f-431e7b,104,4,668bd04a81f0f60062237403,,WRITE:0-0
431e72-431e7b,62,3,4a81f0f60062237403,,WRITE:0-0
431e7b-431e7d,164,1,7501,,WRITE:0-0
431e7e-431e88,165,4,f84b83c104e801000000,,WRITE:0-0
431e89-431e8e,165,2,83042406c3,,WRITE:0-0
431e8e-431e93,164,1,e903000000,,WRITE:0-0
431e96-431e9f,165,2,83ee010f8590ffffff,,WRITE:0-0
431e9f-431ea5,2,2,50e801000000,,WRITE:0-0
431ea6-431ebd,2,5,83c4045866bba88d811551b94100347e52abe84392ffff,m,WRITE:41b951-0
431ebd-431ec4,2,2,6a00e80a000000,,WRITE:0-0
431ece-431ed3,1,1,e825000000,,WRITE:0-0
431ef8-431efa,2,2,6a00,,WRITE:0-0
4321be-4321d9,3,9,c80c0000fc5357568b7424208b7c242466813e4a430f85b1020000,,WRITE:0-0
4321d9-4321f0,3,7,83c60633dbba00000080c7442414080000004303d2750c,,WRITE:0-0
4321ec-4321f0,29316,2,03d2750c,,WRITE:0-0
4321f0-4321fe,898,9,909090908b1683c604f913d27328,,WRITE:0-0
4321fc-4321fe,28420,1,7328,,WRITE:0-0
4321fe-43220c,15553,8,909090908b4c241033c003d2750c,,WRITE:0-0
432208-43220c,108865,2,03d2750c,,WRITE:0-0
43220c-43221d,3932,11,909090908b1683c604f913d213c04975eb,,WRITE:0-0
432218-43221d,120486,3,13c04975eb,,WRITE:0-0
43221d-432226,15553,4,0244240c880747ebc6,anm,WRITE:401000-4198a1
432221-432226,202,3,880747ebc6,am,WRITE:401005-4199ff
432226-43222a,13766,2,03d2750c,,WRITE:0-0
43222a-43223c,438,9,909090908b1683c604f913d20f825f010000,,WRITE:0-0
432236-43223c,13328,1,0f825f010000,,WRITE:0-0
43223c-432240,5642,2,03d2750c,,WRITE:0-0
432240-432252,171,9,909090908b1683c604f913d20f83cf000000,,WRITE:0-0
43224c-432252,5471,1,0f83cf000000,,WRITE:0-0
432252-43225d,2615,4,b90400000033c003d2750c,,WRITE:0-0
432259-43225d,7843,2,03d2750c,,WRITE:0-0
43225d-43226e,333,11,909090908b1683c604f913d213c04975eb,,WRITE:0-0
432269-43226e,10125,3,13c04975eb,,WRITE:0-0
43226e-432271,2615,2,4874b0,,WRITE:0-0
432271-432277,2413,1,0f8903020000,,WRITE:0-0
432277-43227b,4,2,03d2750c,,WRITE:0-0
432287-432289,3,1,7342,,WRITE:0-0
4322cb-4322d6,4,4,b90100000033c003d2750c,,WRITE:0-0
4322e2-4322e7,4,3,13c04975eb,,WRITE:0-0
4322e7-4322fc,4,5,83c00789442410c644240c0083f8080f84f0feffff,,WRITE:0-0
432321-43232c,3028,4,b90700000033c003d2750c,,WRITE:0-0
432328-43232c,18163,2,03d2750c,,WRITE:0-0
43232c-43233d,653,11,909090908b1683c604f913d213c04975eb,,WRITE:0-0
432338-43233d,20538,3,13c04975eb,,WRITE:0-0
43233d-43234a,3028,5,8be8b90200000033c003d2750c,,WRITE:0-0
432346-43234a,3028,2,03d2750c,,WRITE:0-0
43234a-43235b,190,11,909090908b1683c604f913d213c04975eb,,WRITE:0-0
432356-43235b,5866,3,13c04975eb,,WRITE:0-0
43235b-432366,3028,5,8bc88bc583c10285c0740b,,WRITE:0-0
432366-432371,3025,6,909090908bd8e90a010000,,WRITE:0-0
432371-43237a,4,2,83f9020f8410010000,,WRITE:0-0
43237a-432381,2,4,4133c003d2750c,,WRITE:0-0
43237d-432381,4,2,03d2750c,,WRITE:0-0
43238d-432392,5,3,13c04975eb,,WRITE:0-0
432392-43239b,2,2,89442414e951feffff,,WRITE:0-0
43239b-4323a4,8125,3,b90100000003d2750c,,WRITE:0-0
4323a0-4323a4,12282,2,03d2750c,,WRITE:0-0
4323a4-4323b6,608,11,909090908b1683c604f913d213c903d2750c,,WRITE:0-0
4323b0-4323b6,19799,3,13c903d2750c,,WRITE:0-0
4323b6-4323c4,618,9,909090908b1683c604f913d272dc,,WRITE:0-0
4323c2-4323c4,19788,1,72dc,,WRITE:0-0
4323c4-4323c8,8125,3,49497534,,WRITE:0-0
4323c8-4323d7,1517,8,909090908bc3b90100000003d2750c,,WRITE:0-0
4323d3-4323d7,1161,2,03d2750c,,WRITE:0-0
4323d7-4323e9,80,11,909090908b1683c604f913d213c903d2750c,,WRITE:0-0
4323e3-4323e9,2598,3,13c903d2750c,,WRITE:0-0
4323e9-4323f7,82,9,909090908b1683c604f913d272dc,,WRITE:0-0
4323f5-4323f7,2595,1,72dc,,WRITE:0-0
4323f7-4323fc,1516,1,e97f000000,,WRITE:0-0
4323fc-43240f,6609,9,498bc18b4c24148be833c0d3e533c003d2750c,,WRITE:0-0
43240b-43240f,48028,2,03d2750c,,WRITE:0-0
43240f-432420,1777,11,909090908b1683c604f913d213c04975eb,,WRITE:0-0
43241b-432420,52860,3,13c04975eb,,WRITE:0-0
432420-43242d,6609,5,0bc58bd8b90100000003d2750c,,WRITE:0-0
432429-43242d,3106,2,03d2750c,,WRITE:0-0
43242d-43243f,287,11,909090908b1683c604f913d213c903d2750c,,WRITE:0-0
432439-43243f,9428,3,13c903d2750c,,WRITE:0-0
43243f-43244d,293,9,909090908b1683c604f913d272dc,,WRITE:0-0
43244b-43244d,9421,1,72dc,,WRITE:0-0
43244d-432454,6609,2,3d000001007324,,WRITE:0-0
432454-43245f,6609,6,909090903dff370000731a,,WRITE:0-0
43245f-43246a,5839,6,909090903d7f0200007310,,WRITE:0-0
43246a-432473,2644,6,9090909083f87f7708,,WRITE:0-0
432473-43248a,422,21,90909090414141418bee8bf72bf0f3a48bf5e962fdffff,am,WRITE:401038-4199fc
432479-43248a,771,11,41418bee8bf72bf0f3a48bf5e962fdffff,am,WRITE:404d1a-4114dd
43247a-43248a,5606,7,418bee8bf72bf0f3a48bf5e962fdffff,am,WRITE:40100f-41989f
43247b-43248a,6763,7,8bee8bf72bf0f3a48bf5e962fdffff,am,WRITE:401010-41988f
43248a-43249b,3,8,8bc72b4424248d6c24185e5f5bc9c20800,,WRITE:0-0
