41b000-41b006,2,2,60e801000000,,WRITE:0-0
41b007-41b013,2,5,83c40485cefc50e801000000,,WRITE:0-0
41b014-41b020,2,4,83c40458c1e1fbe801000000,,WRITE:0-0
41b021-41b026,2,2,83042406c3,,WRITE:0-0
41b026-41b02c,1,1,0f8702000000,,WRITE:0-0
41b02e-41b030,1,1,7e03,,WRITE:0-0
41b030-41b032,1,1,7f01,,WRITE:0-0
41b033-41b03b,2,2,81f13f936751eb01,,WRITE:0-0
41b03c-41b044,2,3,87cb50e801000000,,WRITE:0-0
41b045-41b050,2,5,83c40458f950e801000000,,WRITE:0-0
41b051-41b058,2,4,83c404584b7803,,WRITE:0-0
41b058-41b05a,1,1,7901,,WRITE:0-0
41b05b-41b05f,2,2,8bdeeb01,,WRITE:0-0
41b060-41b067,2,2,85cbe801000000,,WRITE:0-0
41b068-41b06d,2,2,83042406c3,,WRITE:0-0
41b06d-41b073,2,2,49e801000000,,WRITE:0-0
41b074-41b07d,2,2,83c4040f8902000000,,WRITE:0-0
41b07f-41b084,1,1,e801000000,,WRITE:0-0
41b085-41b08a,2,2,83042406c3,,WRITE:0-0
41b08a-41b08c,1,1,7a02,,WRITE:0-0
41b08c-41b090,2,2,13cd7e03,,WRITE:0-0
41b090-41b092,1,1,7f01,,WRITE:0-0
41b093-41b096,2,2,f8eb01,,WRITE:0-0
41b097-41b09e,2,2,87c3e801000000,,WRITE:0-0
41b09f-41b0a8,2,2,83c4040f8d03000000,,WRITE:0-0
41b0ab-41b0ad,1,1,7203,,WRITE:0-0
41b0ad-41b0af,1,1,7301,,WRITE:0-0
41b0b0-41b0b6,1,1,0f8601000000,,WRITE:0-0
41b0b6-41b0b9,2,2,f97803,,WRITE:0-0
41b0b9-41b0bb,1,1,7901,,WRITE:0-0
41b0bc-41b0c4,2,2,668bc7e801000000,,WRITE:0-0
41b0c5-41b0cf,2,3,83c40485c3e801000000,,WRITE:0-0
41b0d0-41b0d5,2,2,83042406c3,,WRITE:0-0
41b0d5-41b0d8,2,2,407c03,,WRITE:0-0
41b0d8-41b0da,1,1,7d01,,WRITE:0-0
41b0db-41b0e5,2,2,b92664d531e801000000,,WRITE:0-0
41b0e6-41b0eb,2,2,83c4047a06,,WRITE:0-0
41b0eb-41b0f3,2,2,81c8189d9c297403,,WRITE:0-0
41b0f3-41b0f5,1,1,7501,,WRITE:0-0
41b0f6-41b0fb,2,2,c1e878eb01,,WRITE:0-0
41b0fc-41b0fe,1,1,7b04,,WRITE:0-0
41b102-41b109,2,2,68f9b141007106,,WRITE:0-0
41b10f-41b115,2,2,5ee801000000,,WRITE:0-0
41b116-41b11b,2,2,83042406c3,,WRITE:0-0
41b11b-41b120,1,1,e904000000,,WRITE:0-0
41b124-41b12e,2,2,bfba146eb7e801000000,,WRITE:0-0
41b12f-41b137,2,2,83c404e903000000,,WRITE:0-0
41b13a-41b14c,2,4,bd875fc0dbb8ae5c1c6081f5ba5fc0db7403,,WRITE:0-0
41b14c-41b14e,1,1,7501,,WRITE:0-0
41b14f-41b155,1,1,0f8404000000,,WRITE:0-0
41b155-41b15d,2,3,66c1d8118b1eeb01,,WRITE:0-0
41b159-41b15d,61,2,8b1eeb01,,WRITE:0-0
41b15e-41b160,61,1,7202,,WRITE:0-0
41b160-41b175,62,5,8bc16681d895a48125a5ba4100b10d7f5c03dfeb01,m,WRITE:41baa5-41baa5
41b176-41b17b,61,1,e903000000,,WRITE:0-0
41b17e-41b187,62,3,c1c31d50e801000000,,WRITE:0-0
41b188-41b19f,62,8,83c404586681c86f0b4983eefc331e83c6fce801000000,,WRITE:0-0
41b1a0-41b1ac,62,4,83c404ba32f82960891eeb01,m,WRITE:41b1f9-41b2e9
41b1ad-41b1ba,62,3,6681c9650b81f7f04515fe7e03,,WRITE:0-0
41b1ba-41b1bc,31,1,7f01,,WRITE:0-0
41b1bd-41b1c2,61,1,e90c000000,,WRITE:0-0
41b1ce-41b1d9,62,2,81eefcffffffe801000000,,WRITE:0-0
41b1da-41b1e3,62,2,83c4040f8101000000,,WRITE:0-0
41b1e4-41b1eb,62,2,4d0f856effffff,,WRITE:0-0
41b1eb-41b1f0,1,1,e801000000,,WRITE:0-0
41b1f1-41b1f6,2,2,83042406c3,,WRITE:0-0
41b1f6-41b1f8,1,1,7001,,WRITE:0-0
41b1f8-41b1fe,2,2,fce801000000,,WRITE:0-0
41b1ff-41b218,2,5,83c4040bd181050dba41009096a517bff1b24100e801000000,m,WRITE:41ba0d-0
41b219-41b21e,2,2,83042406c3,,WRITE:0-0
41b21e-41b227,2,3,85e8bede29345b7902,,WRITE:0-0
41b229-41b231,2,2,81f6451b204e7c03,,WRITE:0-0
41b231-41b233,1,1,7d01,,WRITE:0-0
41b234-41b239,1,1,e906000000,,WRITE:0-0
41b23f-41b246,2,2,bb420000007203,,WRITE:0-0
41b246-41b248,1,1,7301,,WRITE:0-0
41b249-41b25b,2,4,40812575b9410009cc9d508b0fe801000000,m,WRITE:41b975-0
41b254-41b25b,66,2,8b0fe801000000,,WRITE:0-0
41b25c-41b261,67,2,83042406c3,,WRITE:0-0
41b261-41b26d,67,4,661be9d3d52bcee801000000,,WRITE:0-0
41b26e-41b280,67,5,83c4046681d55ea387c5c1c106e801000000,,WRITE:0-0
41b281-41b294,67,7,83c40485d583c7042b0f83c7fc50e801000000,,WRITE:0-0
41b295-41b2a4,67,6,83c4045885ea8bd3890fe801000000,m,WRITE:41b2f1-41b3f5
41b2a5-41b2aa,67,2,83042406c3,,WRITE:0-0
41b2aa-41b2af,66,1,e907000000,,WRITE:0-0
41b2b6-41b2be,67,2,81f606917e68eb01,,WRITE:0-0
41b2bf-41b2c5,66,1,0f8506000000,,WRITE:0-0
41b2cb-41b2d4,67,3,fc83c704e801000000,,WRITE:0-0
41b2d5-41b2da,67,2,83042406c3,,WRITE:0-0
41b2da-41b2e0,66,1,0f8d04000000,,WRITE:0-0
41b2e4-41b2ed,67,2,83c3ff0f8567ffffff,,WRITE:0-0
41b2ed-41b2ef,1,1,eb01,,WRITE:0-0
41b2f0-41b2f3,2,2,f8eb01,,WRITE:0-0
41b2f4-41b2f9,2,2,668bd97602,,WRITE:0-0
41b2fb-41b306,2,2,68feb341000f8d01000000,,WRITE:0-0
41b307-41b30e,2,3,5e50e801000000,,WRITE:0-0
41b30f-41b319,2,3,83c404580f8c03000000,,WRITE:0-0
41b319-41b327,2,5,66d3e768d1a5cf5b661bc75d7e03,,WRITE:0-0
41b327-41b329,1,1,7f01,,WRITE:0-0
41b32a-41b32f,1,1,e902000000,,WRITE:0-0
41b331-41b33e,2,4,684600000085fb59e801000000,,WRITE:0-0
41b33f-41b344,2,2,83042406c3,,WRITE:0-0
41b344-41b349,1,1,e908000000,,WRITE:0-0
41b351-41b359,71,3,8b1650e801000000,,WRITE:0-0
41b35a-41b363,71,3,83c40458e908000000,,WRITE:0-0
41b36b-41b372,71,2,03d5e801000000,,WRITE:0-0
41b373-41b37b,71,2,83c404e903000000,,WRITE:0-0
41b37e-41b386,71,2,c1ca0fe801000000,,WRITE:0-0
41b387-41b38c,71,2,83042406c3,,WRITE:0-0
41b38c-41b396,71,4,66c1db9cf90356047403,,WRITE:0-0
41b396-41b398,70,1,7501,,WRITE:0-0
41b399-41b3a8,71,4,b861938155661bfb8916e801000000,m,WRITE:41b3fe-41b512
41b3a9-41b3ae,71,2,83042406c3,,WRITE:0-0
41b3ae-41b3c1,71,4,66c1cba166c1d33f81f57423bd0ce801000000,,WRITE:0-0
41b3c2-41b3c7,71,2,83042406c3,,WRITE:0-0
41b3c7-41b3d7,71,4,66b8563881eefcffffff50e801000000,,WRITE:0-0
41b3d8-41b3de,71,3,83c404587503,,WRITE:0-0
41b3e1-41b3e8,71,2,490f8569ffffff,,WRITE:0-0
41b3e8-41b3ee,2,2,50e801000000,,WRITE:0-0
41b3ef-41b3f8,2,3,83c40458e906000000,,WRITE:0-0
41b3fe-41b403,1,1,e801000000,,WRITE:0-0
41b404-41b416,2,5,83c40466c1edf9f8be1db54100e801000000,,WRITE:0-0
41b417-41b41c,2,2,83042406c3,,WRITE:0-0
41b41c-41b421,1,1,e901000000,,WRITE:0-0
41b422-41b435,2,4,bb37e7f3f966d3e081ebd5985932e801000000,,WRITE:0-0
41b436-41b43b,2,2,83042406c3,,WRITE:0-0
41b43b-41b440,1,1,e901000000,,WRITE:0-0
41b441-41b461,2,6,813561ba410098ede756bfca9f2b33b80346060281f7f69f2b3350e801000000,m,WRITE:41ba61-0
41b462-41b470,2,6,83c404588beb8b0e50e801000000,,WRITE:0-0
41b468-41b470,60,3,8b0e50e801000000,,WRITE:0-0
41b471-41b486,61,7,83c40458c1ca33508f052dba41002bcbe801000000,m,WRITE:41ba2d-41ba2d
41b487-41b48f,61,2,83c404e904000000,,WRITE:0-0
41b493-41b49b,61,2,c1c117e801000000,,WRITE:0-0
41b49c-41b4a4,61,2,83c404e903000000,,WRITE:0-0
41b4a7-41b4af,61,2,2b4e04e801000000,,WRITE:0-0
41b4b0-41b4b5,61,2,83042406c3,,WRITE:0-0
41b4b5-41b4be,61,2,668bee0f8a04000000,,WRITE:0-0
41b4be-41b4c6,61,3,66c1d234890eeb01,m,WRITE:41b51d-41b609
41b4c7-41b4cc,60,1,e903000000,,WRITE:0-0
41b4cf-41b4e1,61,3,810585b8410076c19e6181c34077b64f7403,m,WRITE:41b885-41b885
41b4e1-41b4e3,60,1,7501,,WRITE:0-0
41b4e4-41b4e9,60,1,e907000000,,WRITE:0-0
41b4f0-41b4fc,61,3,81eefcffffff50e801000000,,WRITE:0-0
41b4fd-41b503,61,3,83c404587a01,,WRITE:0-0
41b504-41b50d,61,2,83ef010f855bffffff,,WRITE:0-0
41b50d-41b512,1,1,e801000000,,WRITE:0-0
41b513-41b518,2,2,83c4047505,,WRITE:0-0
41b51d-41b523,2,2,50e801000000,,WRITE:0-0
41b524-41b52d,2,3,83c40458e905000000,,WRITE:0-0
41b532-41b53c,2,2,ba14b64100e801000000,,WRITE:0-0
41b53d-41b542,2,2,83042406c3,,WRITE:0-0
41b542-41b544,1,1,7b06,,WRITE:0-0
41b544-41b55e,2,7,81d66168d3d287c7bdbb30c839fc81ed95fc6a7d50e801000000,,WRITE:0-0
41b55f-41b568,2,3,83c40458e902000000,,WRITE:0-0
41b56a-41b573,2,4,6841000000fc597e03,,WRITE:0-0
41b573-41b575,1,1,7f01,,WRITE:0-0
41b576-41b57b,1,1,e901000000,,WRITE:0-0
41b57c-41b583,66,2,8b1ae801000000,,WRITE:0-0
41b584-41b589,66,2,83042406c3,,WRITE:0-0
41b589-41b58b,65,1,7101,,WRITE:0-0
41b58c-41b594,66,3,2bdd50e801000000,,WRITE:0-0
41b595-41b5a2,66,5,83c4045866be6979c1c302eb01,,WRITE:0-0
41b5a3-41b5a8,65,1,e903000000,,WRITE:0-0
41b5ab-41b5b8,66,4,83eafc031a83c2fce801000000,,WRITE:0-0
41b5b9-41b5c1,66,2,83c404e901000000,,WRITE:0-0
41b5c2-41b5c6,66,2,891a7403,m,WRITE:41b614-41b714
41b5c6-41b5c8,65,1,7501,,WRITE:0-0
41b5c9-41b5ce,65,1,e909000000,,WRITE:0-0
41b5d7-41b5df,66,2,81c5cd7b41a97603,,WRITE:0-0
41b5df-41b5e1,22,1,7701,,WRITE:0-0
41b5e2-41b5e7,65,1,e901000000,,WRITE:0-0
41b5e8-41b5f0,66,2,81eafcffffffeb01,,WRITE:0-0
41b5f1-41b5f6,65,1,e907000000,,WRITE:0-0
41b5fd-41b606,66,2,83e9010f8576ffffff,,WRITE:0-0
41b606-41b60b,1,1,e801000000,,WRITE:0-0
41b60c-41b619,2,4,83c40487c7668bf7e801000000,,WRITE:0-0
41b61a-41b61f,2,2,83042406c3,,WRITE:0-0
41b61f-41b625,1,1,0f8104000000,,WRITE:0-0
41b629-41b637,2,5,681db7410085d55850e801000000,,WRITE:0-0
41b638-41b652,2,8,83c404588bfbbe0eb9180166d3d281c61a50f19c50e801000000,,WRITE:0-0
41b653-41b659,2,3,83c404587002,,WRITE:0-0
41b659-41b66e,2,7,d3d247bbdea205344a81f3e6a2053450e801000000,,WRITE:0-0
41b66f-41b67f,2,7,83c404586603ebf98b0850e801000000,,WRITE:0-0
41b677-41b67f,56,3,8b0850e801000000,,WRITE:0-0
41b680-41b68a,57,3,83c404580f8305000000,,WRITE:0-0
41b68f-41b693,57,2,33ce7203,,WRITE:0-0
41b693-41b695,56,1,7301,,WRITE:0-0
41b696-41b6a1,57,4,8beb45c1c11ce801000000,,WRITE:0-0
41b6a2-41b6aa,57,2,83c404e903000000,,WRITE:0-0
41b6ad-41b6b2,57,2,3348047c03,,WRITE:0-0
41b6b2-41b6b4,34,1,7d01,,WRITE:0-0
41b6b5-41b6ba,56,1,e901000000,,WRITE:0-0
41b6bb-41b6c2,57,2,8908e801000000,m,WRITE:41b71d-41b7f9
41b6c3-41b6c8,57,2,83042406c3,,WRITE:0-0
41b6c8-41b6cd,56,1,e905000000,,WRITE:0-0
41b6d2-41b6de,57,3,81f62a9c59f650e801000000,,WRITE:0-0
41b6df-41b6f5,57,7,83c40458fc6681c73e0581c00400000050e801000000,,WRITE:0-0
41b6f6-41b6ff,57,3,83c40458e902000000,,WRITE:0-0
41b701-41b70a,57,2,83c3ff0f856dffffff,,WRITE:0-0
41b70a-41b70c,1,1,7c03,,WRITE:0-0
41b70c-41b70e,1,1,7d01,,WRITE:0-0
41b70f-41b719,2,2,66ba0c9a0f8504000000,,WRITE:0-0
41b719-41b722,2,2,66bdec45e801000000,,WRITE:0-0
41b723-41b73b,2,7,83c40487d18bf06802b8410081d9726c80aa5fe801000000,,WRITE:0-0
41b73c-41b741,2,2,83c4047702,,WRITE:0-0
41b743-41b753,2,5,f8b88f8b5c1d87ca81e8e69cc2227403,,WRITE:0-0
41b753-41b755,1,1,7501,,WRITE:0-0
41b756-41b76b,2,5,ba3bec5d4dbde9ba08ad668bce81ed1c6808adeb01,,WRITE:0-0
41b76c-41b777,2,4,6633cf8b1f50e801000000,,WRITE:0-0
41b76f-41b777,21197,3,8b1f50e801000000,,WRITE:0-0
41b778-41b785,21198,6,83c40458f833d850e801000000,,WRITE:0-0
41b786-41b78f,21198,3,83c40458e903000000,,WRITE:0-0
41b792-41b79a,21198,2,c1c317e801000000,,WRITE:0-0
41b79b-41b7a0,21198,2,83042406c3,,WRITE:0-0
41b7a0-41b7a6,21197,1,0f8302000000,,WRITE:0-0
41b7a8-41b7b2,21198,3,85ce2b5f04e801000000,,WRITE:0-0
41b7b3-41b7b8,21198,2,83042406c3,,WRITE:0-0
41b7b8-41b7bd,21198,3,42891f7203,m,WRITE:41b802-430332
41b7bd-41b7bf,21197,1,7301,,WRITE:0-0
41b7c0-41b7c2,21197,1,7505,,WRITE:0-0
41b7c7-41b7d9,21198,3,8135b9ba41002a4f3caf81f0ca166d55eb01,m,WRITE:41bab9-41bab9
41b7da-41b7e5,21198,3,c1fa9183c704e801000000,,WRITE:0-0
41b7e6-41b7eb,21198,2,83042406c3,,WRITE:0-0
41b7eb-41b7f0,21197,1,e902000000,,WRITE:0-0
41b7f2-41b7fb,21198,2,83c5ff0f8574ffffff,,WRITE:0-0
41b7fb-41b7fd,1,1,eb01,,WRITE:0-0
41b7fe-41b807,2,3,85ce8bd7e9bb4a0100,,WRITE:0-0
42a8ce-42a8eb,68,11,520f31c1d0020592e0bbfc13c433c13185d5084100034424f8d1d05ac3,,WRITE:0-0
42b100-42b105,19,1,e800000000,,WRITE:0-0
42b105-42b10d,20,3,5d81ed05114100c3,,WRITE:0-0
42b12a-42b145,29,12,53505203c55053508b851c8541000fb60083e8333d990000007410,,WRITE:0-0
42b145-42b150,29,6,9090909058ff951c854100,,WRITE:0-0
42b150-42b152,28,1,eb17,,WRITE:0-0
42b169-42b171,29,5,5a89441500585bc3,,WRITE:0-0
42d0db-42d0e7,2,6,60c1eb1287c166d3cbf97803,,WRITE:0-0
42d0e7-42d0e9,1,1,7901,,WRITE:0-0
42d0ea-42d0f0,1,1,0f8d01000000,,WRITE:0-0
42d0f1-42d0f6,1,1,e801000000,,WRITE:0-0
42d0f7-42d101,2,3,83c404d3e3e801000000,,WRITE:0-0
42d102-42d107,2,2,83042406c3,,WRITE:0-0
42d107-42d109,1,1,7c03,,WRITE:0-0
42d109-42d112,2,3,66d3d350e801000000,,WRITE:0-0
42d113-42d11e,2,4,83c4045885c1e801000000,,WRITE:0-0
42d11f-42d128,2,2,83c4040f8802000000,,WRITE:0-0
42d128-42d12f,2,2,87c8e801000000,,WRITE:0-0
42d130-42d13a,2,4,83c404f950e801000000,,WRITE:0-0
42d13b-42d141,2,3,83c404587a03,,WRITE:0-0
42d144-42d146,1,1,eb01,,WRITE:0-0
42d147-42d149,1,1,7701,,WRITE:0-0
42d14a-42d14f,1,1,e801000000,,WRITE:0-0
42d150-42d15a,2,4,83c4044b50e801000000,,WRITE:0-0
42d15b-42d161,2,3,83c404587101,,WRITE:0-0
42d162-42d164,1,1,eb01,,WRITE:0-0
42d165-42d16d,2,2,668bd9e800000000,,WRITE:0-0
42d16d-42d175,2,4,5d8bc53b45207c06,,WRITE:0-0
42d175-42d180,2,3,034520894520e801000000,,WRITE:0-0
42d181-42d186,2,2,83042406c3,,WRITE:0-0
42d186-42d18b,2,2,668bca7a01,,WRITE:0-0
42d18b-42d193,2,3,48ba86d24200eb01,,WRITE:0-0
42d194-42d19b,2,2,480f8104000000,,WRITE:0-0
42d19f-42d1ac,2,4,684ef2936b87c85de801000000,,WRITE:0-0
42d1ad-42d1bf,2,4,83c404b90f4c8472bf2f000000e801000000,,WRITE:0-0
42d1c0-42d1c5,2,2,83042406c3,,WRITE:0-0
42d1c5-42d1ca,1,1,e907000000,,WRITE:0-0
42d1d1-42d1d8,48,2,8b32e801000000,,WRITE:0-0
42d1d9-42d1de,48,2,83042406c3,,WRITE:0-0
42d1de-42d1e3,47,1,e907000000,,WRITE:0-0
42d1ea-42d1ee,48,2,2bf5eb01,,WRITE:0-0
42d1ef-42d1f4,47,1,e905000000,,WRITE:0-0
42d1f9-42d201,48,2,c1ce1fe801000000,,WRITE:0-0
42d202-42d212,48,6,83c40485c10bde33720450e801000000,,WRITE:0-0
42d213-42d21c,48,3,83c40458e903000000,,WRITE:0-0
42d21f-42d226,48,2,8932e801000000,m,WRITE:42d286-42d33e
42d227-42d22c,48,2,83042406c3,,WRITE:0-0
42d22c-42d231,47,1,e901000000,,WRITE:0-0
42d232-42d245,48,5,508f05adb8410081c50a492ad750e801000000,m,WRITE:41b8ad-41b8ad
42d246-42d24f,48,3,83c40458e90f000000,,WRITE:0-0
42d25e-42d263,48,2,83c2047e03,,WRITE:0-0
42d263-42d265,47,1,7f01,,WRITE:0-0
42d266-42d270,48,2,66b805bf0f8c02000000,,WRITE:0-0
42d270-42d27b,48,3,85d983ef010f8556ffffff,,WRITE:0-0
42d27b-42d280,1,1,e801000000,,WRITE:0-0
42d281-42d28b,2,3,83c40487d8e875deffff,,WRITE:0-0
42d28b-42d29f,2,5,68200300008dbd11184000576a00ff9573fd4000,,WRITE:0-0
42d29f-42d2b8,2,8,6a0068800000006a036a006a01680000008057ff952bfd4000,,WRITE:0-0
42d2b8-42d2bf,2,2,400f8487000000,,WRITE:0-0
42d2bf-42d2cb,2,5,488bf86a0057ff9577fd4000,,WRITE:0-0
42d2cb-42d2db,2,5,2b856b81410096566a40ff95fffc4000,,WRITE:0-0
42d2db-42d2df,2,2,85c0745e,,WRITE:0-0
42d2df-42d2f6,2,12,90909090936a008d851118400050565357ff954ffd4000,,WRITE:0-0
42d2f6-42d300,2,4,8bc38bce60e884000000,,WRITE:0-0
42d300-42d308,2,2,39856f8141007424,,WRITE:0-0
42d32c-42d335,2,4,618d853533410050c3,,WRITE:0-0
42d335-42d33c,2,2,53ff9503fd4000,,WRITE:0-0
42d33c-42d345,2,4,965057ff9527fd4000,,WRITE:0-0
42d345-42d34c,2,3,5860e800000000,,WRITE:0-0
42d34c-42d367,2,9,5e83ee06b9c000000029ceba1a122d15c1e90283e90283f9007c1a,,WRITE:0-0
42d362-42d367,48,2,83f9007c1a,,WRITE:0-0
42d367-42d381,48,9,8b048e8b5c8e0433c3c1c01f03c281ea0a492ad789048e49ebe1,m,WRITE:42d33e-42d286
42d381-42d384,2,3,6161c3,,WRITE:0-0
42d384-42d396,2,10,8bf833c033db33d28a07f7e203d84247e2f6,,WRITE:0-0
42d38c-42d396,164701,6,8a07f7e203d84247e2f6,,WRITE:0-0
42d396-42d398,2,2,93c3,,WRITE:0-0
42d398-42d39f,2,3,604ae801000000,,WRITE:0-0
42d3a0-42d3aa,2,3,83c40485d3e801000000,,WRITE:0-0
42d3ab-42d3b0,2,2,83042406c3,,WRITE:0-0
42d3b0-42d3b7,2,3,fc50e801000000,,WRITE:0-0
42d3b8-42d3bf,2,4,83c40458f87c03,,WRITE:0-0
42d3bf-42d3c1,1,1,7d01,,WRITE:0-0
42d3c2-42d3c7,2,2,668bf8eb01,,WRITE:0-0
42d3c8-42d3d0,2,2,c1db2ae801000000,,WRITE:0-0
42d3d1-42d3da,2,3,83c40447e801000000,,WRITE:0-0
42d3db-42d3e0,2,2,83042406c3,,WRITE:0-0
42d3e0-42d3ea,2,3,66bb585e50e801000000,,WRITE:0-0
42d3eb-42d3f6,2,4,83c404581bfde801000000,,WRITE:0-0
42d3f7-42d3fc,2,2,83042406c3,,WRITE:0-0
42d3fc-42d403,2,2,85fbe801000000,,WRITE:0-0
42d404-42d40c,2,3,83c404668bd3eb01,,WRITE:0-0
42d40d-42d413,1,1,0f8b03000000,,WRITE:0-0
42d413-42d418,2,2,662bdeeb01,,WRITE:0-0
42d419-42d420,2,2,87d7e801000000,,WRITE:0-0
42d421-42d426,2,2,83042406c3,,WRITE:0-0
42d426-42d428,1,1,7503,,WRITE:0-0
42d42b-42d431,2,2,50e801000000,,WRITE:0-0
42d432-42d43d,2,4,83c4045813d9e801000000,,WRITE:0-0
42d43e-42d444,2,3,83c404fc7603,,WRITE:0-0
42d444-42d446,1,1,7701,,WRITE:0-0
42d447-42d44d,2,2,f8e800000000,,WRITE:0-0
42d44d-42d455,2,4,5d8bc53b45247c06,,WRITE:0-0
42d455-42d461,2,4,03452489452450e801000000,,WRITE:0-0
42d462-42d46b,2,3,83c40458e905000000,,WRITE:0-0
42d470-42d47a,2,2,b843d54200e801000000,,WRITE:0-0
42d47b-42d493,2,6,83c404668bfabdb17e8e146681c2d2d881edb98c5424eb01,,WRITE:0-0
42d494-42d4a3,2,3,ba827829c9b91c000000e801000000,,WRITE:0-0
42d4a4-42d4a9,2,2,83042406c3,,WRITE:0-0
42d4a9-42d4b5,2,4,6633d885da8b30e801000000,,WRITE:0-0
42d4ae-42d4b5,28,2,8b30e801000000,,WRITE:0-0
42d4b6-42d4be,29,2,83c404e90b000000,,WRITE:0-0
42d4c9-42d4d0,29,2,2bf5e801000000,,WRITE:0-0
42d4d1-42d4de,29,5,83c40443c1c60b50e801000000,,WRITE:0-0
42d4df-42d4f2,29,6,83c4045881e20d4a3c9003700450e801000000,,WRITE:0-0
42d4f3-42d4fc,29,3,83c40458e906000000,,WRITE:0-0
42d502-42d509,29,2,8930e801000000,m,WRITE:42d543-42d5af
42d50a-42d50f,29,2,83042406c3,,WRITE:0-0
42d50f-42d518,29,3,4f81edc5dd38447803,,WRITE:0-0
42d518-42d51a,15,1,7901,,WRITE:0-0
42d51b-42d524,29,3,f881c0040000007403,,WRITE:0-0
42d524-42d526,28,1,7501,,WRITE:0-0
42d527-42d52c,28,1,e906000000,,WRITE:0-0
42d532-42d539,29,2,490f8575ffffff,,WRITE:0-0
42d539-42d53b,1,1,eb01,,WRITE:0-0
42d53c-42d548,2,3,6681d7b79033dee8b8dbffff,,WRITE:0-0
42d548-42d55b,2,6,c68598334100c38db54ef8400056ad0bc07449,,WRITE:0-0
42d555-42d55b,3,4,56ad0bc07449,,WRITE:0-0
42d55b-42d56c,3,11,9090909050ad9151516a40ff95fffc4000,,WRITE:0-0
42d56c-42d592,3,41349,89854af840005958038546f840008bf0508bbd4af84000f3a45850ffb54af84000e82c4c0000,a,WRITE:6b19b8-6ae559
42d592-42d59e,3,2,ffb54af84000ff9503fd4000,,WRITE:0-0
42d59e-42d5a4,3,3,5e83c608ebb1,,WRITE:0-0
42d5a4-42d5b2,2,4,5e68307500006a40ff95fffc4000,,WRITE:0-0
42d5b2-42d5be,2,3,89854af8400060e800000000,,WRITE:0-0
42d5be-42d5d9,2,9,5e83ee06b97500000029ceba318e3abec1e90283e90283f9007c1a,,WRITE:0-0
42d5d4-42d5d9,29,2,83f9007c1a,,WRITE:0-0
42d5d9-42d5f3,29,9,8b048e8b5c8e042bc3c1c80b03c281c2c5dd384489048e49ebe1,m,WRITE:42d5af-42d543
42d5f3-42d5fa,2,3,6161e8f7240000,,WRITE:0-0
42d5fb-42d600,1,1,e800dbffff,,WRITE:0-0
42d600-42d61d,2,9,8d8583fb40008bd850508b85208541000fb60083e8333d990000007410,,WRITE:0-0
42d61d-42d628,2,6,9090909058ff9520854100,,WRITE:0-0
42d628-42d62a,1,1,eb17,,WRITE:0-0
42d641-42d645,2,2,0bc0753d,,WRITE:0-0
42d682-42d699,2,5,8bd8898512204000b890fb4000bafffc4000e891daffff,,WRITE:0-0
42d699-42d6a8,2,3,b89cfb4000ba03fd4000e882daffff,,WRITE:0-0
42d6a8-42d6b7,2,3,b8a7fb4000ba17fd4000e873daffff,,WRITE:0-0
42d6b7-42d6c6,2,3,b8bbfb4000ba1bfd4000e864daffff,,WRITE:0-0
42d6c6-42d6d5,2,3,b8d4fb4000ba1ffd4000e855daffff,,WRITE:0-0
42d6d5-42d6e4,2,3,b8e3fb4000ba23fd4000e846daffff,,WRITE:0-0
42d6e4-42d6f3,2,3,b8f1fb4000ba27fd4000e837daffff,,WRITE:0-0
42d6f3-42d702,2,3,b8fdfb4000ba2bfd4000e828daffff,,WRITE:0-0
42d702-42d711,2,3,b809fc4000ba2ffd4000e819daffff,,WRITE:0-0
42d711-42d720,2,3,b81afc4000ba47fd4000e80adaffff,,WRITE:0-0
42d720-42d72f,2,3,b82cfc4000ba4bfd4000e8fbd9ffff,,WRITE:0-0
42d72f-42d73e,2,3,b838fc4000ba4ffd4000e8ecd9ffff,,WRITE:0-0
42d73e-42d74d,2,3,b841fc4000ba53fd4000e8ddd9ffff,,WRITE:0-0
42d74d-42d75c,2,3,b84bfc4000ba57fd4000e8ced9ffff,,WRITE:0-0
42d75c-42d76b,2,3,b857fc4000ba5bfd4000e8bfd9ffff,,WRITE:0-0
42d76b-42d77a,2,3,b864fc4000ba5ffd4000e8b0d9ffff,,WRITE:0-0
42d77a-42d789,2,3,b87dfc4000ba67fd4000e8a1d9ffff,,WRITE:0-0
42d789-42d798,2,3,b88efc4000ba6bfd4000e892d9ffff,,WRITE:0-0
42d798-42d7a7,2,3,b89ffc4000ba6ffd4000e883d9ffff,,WRITE:0-0
42d7a7-42d7b6,2,3,b8a7fd4000baa3fd4000e874d9ffff,,WRITE:0-0
42d7b6-42d7c5,2,3,b8d7fd4000ba73fd4000e865d9ffff,,WRITE:0-0
42d7c5-42d7d4,2,3,b8eafd4000ba77fd4000e856d9ffff,,WRITE:0-0
42d7d4-42d7f1,2,9,8d85b0fc40008bd850508b85208541000fb60083e8333d990000007410,,WRITE:0-0
42d7f1-42d7fc,2,6,9090909058ff9520854100,,WRITE:0-0
42d7fc-42d7fe,1,1,eb17,,WRITE:0-0
42d815-42d819,2,2,0bc0753d,,WRITE:0-0
42d856-42d86d,2,5,8bd8898516204000b8bbfc4000ba07fd4000e8bdd8ffff,,WRITE:0-0
42d86d-42d87c,2,3,b8c7fc4000ba0bfd4000e8aed8ffff,,WRITE:0-0
42d87c-42d88b,2,3,b8d6fc4000ba0ffd4000e89fd8ffff,,WRITE:0-0
42d88b-42d89a,2,3,b8e4fc4000ba13fd4000e890d8ffff,,WRITE:0-0
42d89a-42d8a9,2,3,b8bafd4000bab6fd4000e881d8ffff,,WRITE:0-0
42d8a9-42d8b8,2,3,b8c8fd4000bac4fd4000e872d8ffff,,WRITE:0-0
42d8b8-42d8cb,2,371,8dbd83fb40008d8df1fc40002bcf33c0f3aac3,m,WRITE:429b83-429cf0
42dd39-42dd3c,147,2,607c03,,WRITE:0-0
42dd3c-42dd3e,1,1,7d01,,WRITE:0-0
42dd3f-42dd45,2,2,49e801000000,,WRITE:0-0
42dd46-42dd4b,2,2,83042406c3,,WRITE:0-0
42dd4b-42dd4e,2,2,497803,,WRITE:0-0
42dd4e-42dd50,1,1,7901,,WRITE:0-0
42dd51-42dd53,1,1,7005,,WRITE:0-0
42dd53-42dd5d,2,2,bdd2928a7ee801000000,,WRITE:0-0
42dd5e-42dd67,2,2,83c4040f8c02000000,,WRITE:0-0
42dd67-42dd6e,2,2,8bcde801000000,,WRITE:0-0
42dd6f-42dd75,2,3,83c404fc7803,,WRITE:0-0
42dd75-42dd77,1,1,7901,,WRITE:0-0
42dd78-42dd83,2,2,81eebc28a990e801000000,,WRITE:0-0
42dd84-42dd89,2,2,83042406c3,,WRITE:0-0
42dd89-42dd95,2,3,81c6a05dbe8e50e801000000,,WRITE:0-0
42dd96-42dda1,2,4,83c404586681eda852eb01,,WRITE:0-0
42dda2-42dda5,2,2,f8eb01,,WRITE:0-0
42dda6-42ddad,2,2,87f5e801000000,,WRITE:0-0
42ddae-42ddb3,2,2,83042406c3,,WRITE:0-0
42ddb3-42ddba,2,2,6681cd6cfa7a03,,WRITE:0-0
42ddbd-42ddc5,2,2,66d3fee801000000,,WRITE:0-0
42ddc6-42ddcc,2,3,83c404f87e03,,WRITE:0-0
42ddcc-42ddce,1,1,7f01,,WRITE:0-0
42ddcf-42ddd7,2,2,c1e5b6e800000000,,WRITE:0-0
42ddd7-42dddf,2,4,5d8bc53b451d7c06,,WRITE:0-0
42dddf-42ddea,2,3,03451d89451de801000000,,WRITE:0-0
42ddeb-42ddf0,2,2,83042406c3,,WRITE:0-0
42ddf0-42ddfe,2,3,c1e58c68e4de42000f8601000000,,WRITE:0-0
42ddfe-42de05,2,3,fc5fe801000000,,WRITE:0-0
42de06-42de0b,2,2,83c4047c02,,WRITE:0-0
42de0b-42de1e,2,5,8bebb8c1e6708bf981c06becbeafe801000000,,WRITE:0-0
42de1f-42de24,2,2,83042406c3,,WRITE:0-0
42de24-42de29,1,1,e908000000,,WRITE:0-0
42de31-42de47,2,4,bab90b531e81f1c2627f1981f23a0b531ee801000000,,WRITE:0-0
42de48-42de4d,2,2,83042406c3,,WRITE:0-0
42de4d-42de52,1,1,e902000000,,WRITE:0-0
42de54-42de5c,132,3,8b1f50e801000000,,WRITE:0-0
42de5d-42de74,132,7,83c404584e811d1dba4100b24583802bd850e801000000,m,WRITE:41ba1d-41ba1d
42de75-42de82,132,5,83c40458fcc1c31be801000000,,WRITE:0-0
42de83-42de88,132,2,83042406c3,,WRITE:0-0
42de88-42de95,132,5,661bea83c7042b1f83c7fc7c03,,WRITE:0-0
42de95-42de97,131,1,7d01,,WRITE:0-0
42de98-42de9c,132,2,85ce7902,,WRITE:0-0
42de9e-42dea2,132,2,891feb01,m,WRITE:42dee4-42e0ec
42dea3-42deb1,132,4,4e85cd81c00e9f921ee801000000,,WRITE:0-0
42deb2-42deba,132,2,83c404e906000000,,WRITE:0-0
42dec0-42dec8,132,2,83c704e801000000,,WRITE:0-0
42dec9-42ded6,132,4,83c404f883ea010f857effffff,,WRITE:0-0
42ded6-42dedc,2,2,50e801000000,,WRITE:0-0
42dedd-42dee9,2,4,83c40458661bcbe817d2ffff,,WRITE:0-0
42dee9-42def2,2,2,80bda5524100c37409,,WRITE:0-0
42defb-42df11,2,3,66c7852cf54000000083bd4f814100000f84e5010000,,WRITE:0-0
42e0f6-42e0fc,2,2,60e800000000,,WRITE:0-0
42e0fc-42e117,2,9,5e83ee06b91202000029ceba4898a4c1c1e90283e90283f9007c1a,,WRITE:0-0
42e112-42e117,132,2,83f9007c1a,,WRITE:0-0
42e117-42e131,132,9,8b048e8b5c8e0403c3c1c81b03c281ea0e9f921e89048e49ebe1,m,WRITE:42e0ec-42dee4
42e131-42e13c,2,5,6166d3e64e50e801000000,,WRITE:0-0
42e13d-42e143,2,3,83c404587102,,WRITE:0-0
42e145-42e147,1,1,eb01,,WRITE:0-0
42e148-42e14f,2,3,4e50e801000000,,WRITE:0-0
42e150-42e158,2,4,83c404588bfe7a03,,WRITE:0-0
42e158-42e15a,1,1,7b01,,WRITE:0-0
42e15b-42e163,2,3,85f350e801000000,,WRITE:0-0
42e164-42e16e,2,3,83c404580f8303000000,,WRITE:0-0
42e171-42e177,2,2,50e801000000,,WRITE:0-0
42e178-42e17e,2,3,83c404587806,,WRITE:0-0
42e17e-42e186,2,2,81e31da438f3eb01,,WRITE:0-0
42e187-42e18b,2,2,87f3eb01,,WRITE:0-0
42e18c-42e191,2,2,66d3ff7c03,,WRITE:0-0
42e191-42e193,1,1,7d01,,WRITE:0-0
42e194-42e198,2,2,87fb7a03,,WRITE:0-0
42e19b-42e1a0,2,2,c1de857603,,WRITE:0-0
42e1a0-42e1a2,1,1,7701,,WRITE:0-0
42e1a3-42e1a8,2,2,66d3ff7e03,,WRITE:0-0
42e1a8-42e1aa,1,1,7f01,,WRITE:0-0
42e1ab-42e1b4,2,3,66d3ce50e801000000,,WRITE:0-0
42e1b5-42e1bf,2,3,83c404580f8702000000,,WRITE:0-0
42e1c1-42e1c6,1,1,e801000000,,WRITE:0-0
42e1c7-42e1cc,2,2,83042406c3,,WRITE:0-0
42e1cc-42e1d3,2,2,8bd8e800000000,,WRITE:0-0
42e1d3-42e1db,2,4,5d8bc53b45227c06,,WRITE:0-0
42e1db-42e1e3,2,3,0345228945227c03,,WRITE:0-0
42e1e3-42e1e5,1,1,7d01,,WRITE:0-0
42e1e6-42e1eb,1,1,e909000000,,WRITE:0-0
42e1f4-42e1ff,2,3,b8dce2420050e801000000,,WRITE:0-0
42e200-42e221,2,9,83c4045881df54f81a2e6613f2ba017bbbdd668bdd81c2eb32ca8550e801000000,,WRITE:0-0
42e222-42e22b,2,3,83c40458e902000000,,WRITE:0-0
42e22d-42e23b,2,4,b9a49512234381e924951223eb01,,WRITE:0-0
42e23c-42e248,2,3,bba39dfaf68b28e801000000,,WRITE:0-0
42e241-42e248,128,2,8b28e801000000,,WRITE:0-0
42e249-42e24e,129,2,83042406c3,,WRITE:0-0
42e24e-42e257,129,3,87fe03eae801000000,,WRITE:0-0
42e258-42e25d,129,2,83c4047d03,,WRITE:0-0
42e260-42e26a,129,3,87fbc1c51ce801000000,,WRITE:0-0
42e26b-42e270,129,2,83042406c3,,WRITE:0-0
42e270-42e275,128,1,e902000000,,WRITE:0-0
42e277-42e27f,129,2,036804e801000000,,WRITE:0-0
42e280-42e285,129,2,83042406c3,,WRITE:0-0
42e285-42e28b,128,1,0f8302000000,,WRITE:0-0
42e28d-42e28f,128,1,7204,,WRITE:0-0
42e28f-42e297,129,3,66bef6828928eb01,m,WRITE:42e2dc-42e4d8
42e298-42e2b0,129,6,4ffc81357dba41007035958c81c2aba5114550e801000000,m,WRITE:41ba7d-41ba7d
42e2b1-42e2c1,129,6,83c4045885ded3ce81e8fcffffff7c03,,WRITE:0-0
42e2c1-42e2c3,128,1,7d01,,WRITE:0-0
42e2c4-42e2c9,128,1,e901000000,,WRITE:0-0
42e2ca-42e2d1,129,2,490f8570ffffff,,WRITE:0-0
42e2d1-42e2d3,1,1,7603,,WRITE:0-0
42e2d6-42e2db,1,1,e901000000,,WRITE:0-0
42e2dc-42e2e1,1,1,e81fceffff,,WRITE:0-0
42e2e1-42e2f0,2,2,6681bd2cf5400000ff0f84ac000000,,WRITE:0-0
42e2f0-42e2fb,2,2,6681bd2cf5400001ff7439,,WRITE:0-0
42e2fb-42e30a,2,6,909090906681bd2cf5400002ff7453,,WRITE:0-0
42e30a-42e313,2,5,90909090e989000000,,WRITE:0-0
42e39c-42e3a9,2,2,80bd0d444100000f841b010000,,WRITE:0-0
42e4c4-42e4cd,2,2,80bd6cf7400001740c,,WRITE:0-0
42e4cd-42e4e6,2,15,909090909090909090909090c685393d4100c360e800000000,,WRITE:0-0
42e4e6-42e501,2,9,5e83ee06b90402000029cebac1dd46a7c1e90283e90283f9007c1a,,WRITE:0-0
42e4fc-42e501,129,2,83f9007c1a,,WRITE:0-0
42e501-42e51b,129,9,8b048e8b5c8e042bc3c1c81c2bc281eaaba5114589048e49ebe1,m,WRITE:42e4d8-42e2dc
42e51b-42e522,2,3,6161e84c050000,,WRITE:0-0
42ea6e-42ea71,2,2,60eb04,,WRITE:0-0
42ea75-42ea7f,2,4,4b1beb85dae801000000,,WRITE:0-0
42ea80-42ea8c,2,4,83c404662bd350e801000000,,WRITE:0-0
42ea8d-42ea9a,2,5,83c40458668bd950e801000000,,WRITE:0-0
42ea9b-42eaa5,2,4,83c40458f9e801000000,,WRITE:0-0
42eaa6-42eaac,2,3,83c404427803,,WRITE:0-0
42eaaf-42eab5,1,1,0f8005000000,,WRITE:0-0
42eab5-42eabc,2,2,6681cb2e647c03,,WRITE:0-0
42eabc-42eabe,1,1,7d01,,WRITE:0-0
42eabf-42eac5,1,1,0f8002000000,,WRITE:0-0
42eac5-42eac9,2,2,87dd7c03,,WRITE:0-0
42eac9-42eacb,1,1,7d01,,WRITE:0-0
42eacc-42ead7,2,2,81ca6658b134e801000000,,WRITE:0-0
42ead8-42eadd,2,2,83042406c3,,WRITE:0-0
42eadd-42eadf,1,1,7901,,WRITE:0-0
42eae0-42eae5,1,1,e801000000,,WRITE:0-0
42eae6-42eaeb,2,2,83042406c3,,WRITE:0-0
42eaeb-42eaf6,2,3,6681d3a8e750e801000000,,WRITE:0-0
42eaf7-42eb01,2,4,83c4045843e800000000,,WRITE:0-0
42eb01-42eb09,2,4,5d8bc53b451c7c06,,WRITE:0-0
42eb09-42eb14,2,3,03451c89451ce801000000,,WRITE:0-0
42eb15-42eb1a,2,2,83042406c3,,WRITE:0-0
42eb1a-42eb26,2,3,85ddb81fec4200e801000000,,WRITE:0-0
42eb27-42eb30,2,2,83c4040f8102000000,,WRITE:0-0
42eb32-42eb3d,2,2,b94b8465970f8603000000,,WRITE:0-0
42eb3d-42eb4b,2,3,661bd381f1da0a866fe801000000,,WRITE:0-0
42eb4c-42eb54,2,2,83c404e905000000,,WRITE:0-0
42eb59-42eb60,2,2,beec0000007a03,,WRITE:0-0
42eb60-42eb62,1,1,7b01,,WRITE:0-0
42eb63-42eb68,1,1,e901000000,,WRITE:0-0
42eb69-42eb70,237,2,8b38e801000000,,WRITE:0-0
42eb71-42eb76,237,2,83c4047502,,WRITE:0-0
42eb78-42eb81,237,3,d3fb03f9e801000000,,WRITE:0-0
42eb82-42eb87,237,2,83042406c3,,WRITE:0-0
42eb87-42eb8c,236,1,e906000000,,WRITE:0-0
42eb92-42eb97,237,2,c1cf14eb01,,WRITE:0-0
42eb98-42eb9d,236,1,e904000000,,WRITE:0-0
42eba1-42ebab,237,4,83e8fc033883c0fceb01,,WRITE:0-0
42ebac-42ebae,236,1,7401,,WRITE:0-0
42ebae-42ebb1,237,2,f87104,,WRITE:0-0
42ebb5-42ebbd,237,3,893850e801000000,m,WRITE:42ec1f-42efcb
42ebbe-42ebc7,237,3,83c40458e908000000,,WRITE:0-0
42ebcf-42ebe5,237,4,81058db94100ac3bc2b681f1eb17424c50e801000000,m,WRITE:41b98d-41b98d
42ebe6-42ebec,237,3,83c404587204,,WRITE:0-0
42ebec-42ebfa,237,4,66ba01b785dd83c004e801000000,,WRITE:0-0
42ebfb-42ec00,237,2,83042406c3,,WRITE:0-0
42ec00-42ec05,236,1,e906000000,,WRITE:0-0
42ec0b-42ec14,237,2,83ee010f8555ffffff,,WRITE:0-0
42ec14-42ec19,1,1,e801000000,,WRITE:0-0
42ec1a-42ec24,2,3,83c40485eae8dcc4ffff,,WRITE:0-0
42ec24-42ec46,2,5,c6856e4a4100c3c6856df7400000c685744a41000080bd6cf74000010f848d030000,,WRITE:0-0
42ec46-42ec54,2,3,8a85634c41000ac00f847f030000,,WRITE:0-0
42efd3-42efd9,2,2,60e800000000,,WRITE:0-0
42efd9-42eff4,2,9,5e83ee06b9b403000029ceba7a99a1b4c1e90283e90283f9007c1a,,WRITE:0-0
42efef-42eff4,237,2,83f9007c1a,,WRITE:0-0
42eff4-42f00e,237,9,8b048e8b5c8e042bc3c1c0142bc281f2eb17424c89048e49ebe1,m,WRITE:42efcb-42ec1f
42f00e-42f016,2,3,6185dee801000000,,WRITE:0-0
42f017-42f01c,2,2,83042406c3,,WRITE:0-0
42f01c-42f022,2,2,f9e801000000,,WRITE:0-0
42f023-42f028,2,2,83042406c3,,WRITE:0-0
42f028-42f02f,2,2,8bdfe801000000,,WRITE:0-0
42f030-42f035,2,2,83042406c3,,WRITE:0-0
42f035-42f03b,1,1,0f8d02000000,,WRITE:0-0
42f03d-42f042,1,1,e801000000,,WRITE:0-0
42f043-42f048,2,2,83042406c3,,WRITE:0-0
42f048-42f04d,2,2,66d3c17803,,WRITE:0-0
42f04d-42f04f,1,1,7901,,WRITE:0-0
42f050-42f05b,2,2,81eb278261b0e801000000,,WRITE:0-0
42f05c-42f061,2,2,83042406c3,,WRITE:0-0
42f061-42f067,2,2,f9e801000000,,WRITE:0-0
42f068-42f06d,2,2,83042406c3,,WRITE:0-0
42f06d-42f06f,1,1,7601,,WRITE:0-0
42f06f-42f072,2,2,41eb01,,WRITE:0-0
42f073-42f076,2,2,4beb01,,WRITE:0-0
42f077-42f081,2,2,be62da5eb1e801000000,,WRITE:0-0
42f082-42f087,2,2,83042406c3,,WRITE:0-0
42f087-42f08f,2,2,66d3fee800000000,,WRITE:0-0
42f08f-42f097,2,4,5d8bc53b45217c06,,WRITE:0-0
42f097-42f09f,2,3,034521894521eb01,,WRITE:0-0
42f0a0-42f0a5,1,1,e90a000000,,WRITE:0-0
42f0af-42f0b6,2,2,68b9f142007c02,,WRITE:0-0
42f0b6-42f0be,2,3,87f35fe801000000,,WRITE:0-0
42f0bf-42f0c4,2,2,83042406c3,,WRITE:0-0
42f0c4-42f0ca,1,1,0f8602000000,,WRITE:0-0
42f0ca-42f0e2,2,6,87f166b98dbdbde04bc712b959ba5dbe81f55f14057c7a03,,WRITE:0-0
42f0e2-42f0e4,1,1,7b01,,WRITE:0-0
42f0e5-42f0ff,2,7,b9b38e8caff9baea1f4ace66d3d181c23fe0b53150e801000000,,WRITE:0-0
42f100-42f10d,2,4,83c40458668bf00f8306000000,,WRITE:0-0
42f113-42f117,42,2,8b07eb01,,WRITE:0-0
42f118-42f11d,41,1,e904000000,,WRITE:0-0
42f121-42f129,42,3,2bc550e801000000,,WRITE:0-0
42f12a-42f133,42,3,83c40458e902000000,,WRITE:0-0
42f135-42f13e,42,3,c1c01550e801000000,,WRITE:0-0
42f13f-42f14b,42,6,83c40458f9d3eb3347047c03,,WRITE:0-0
42f14b-42f14d,24,1,7d01,,WRITE:0-0
42f14e-42f153,41,1,e908000000,,WRITE:0-0
42f15b-42f16c,42,3,810d11b841001c6957ae8907e801000000,m,WRITE:41b811-42f259
42f16d-42f172,42,2,83042406c3,,WRITE:0-0
42f172-42f177,41,1,e903000000,,WRITE:0-0
42f17a-42f185,42,2,81ed5c4a2bdce801000000,,WRITE:0-0
42f186-42f18b,42,2,83042406c3,,WRITE:0-0
42f18b-42f194,42,3,f881effcffffff7803,,WRITE:0-0
42f194-42f196,41,1,7901,,WRITE:0-0
42f197-42f1a2,42,4,0bddd3e34a0f8571ffffff,,WRITE:0-0
42f1a2-42f1a7,1,1,e801000000,,WRITE:0-0
42f1a8-42f1ad,2,2,83042406c3,,WRITE:0-0
42f1ad-42f1b2,1,1,e907000000,,WRITE:0-0
42f1b9-42f1be,1,1,e842bfffff,,WRITE:0-0
42f1be-42f1cb,2,2,80bd744a4100000f8497000000,,WRITE:0-0
42f262-42f268,2,2,60e800000000,,WRITE:0-0
42f268-42f283,2,9,5e83ee06b9a900000029ceba5fc1fe07c1e90283e90283f9007c1a,,WRITE:0-0
42f27e-42f283,42,2,83f9007c1a,,WRITE:0-0
42f283-42f29d,42,9,8b048e8b5c8e0433c3c1c81503c281c25c4a2bdc89048e49ebe1,m,WRITE:42f259-42f1b9
42f29d-42f2a0,2,3,6161c3,,WRITE:0-0
42f2a5-42f2ba,726,10,60f84f6681dda9adf8d3cd66b9325887fd8bea7203,,WRITE:0-0
42f2bd-42f2c2,2,2,660bee7a03,,WRITE:0-0
42f2c2-42f2c4,1,1,7b01,,WRITE:0-0
42f2c5-42f2c7,1,1,7702,,WRITE:0-0
42f2c9-42f2cb,1,1,7203,,WRITE:0-0
42f2cb-42f2cd,1,1,7301,,WRITE:0-0
42f2ce-42f2d1,2,2,f97603,,WRITE:0-0
42f2d4-42f2dc,2,3,8bfd50e801000000,,WRITE:0-0
42f2dd-42f2e7,2,4,83c40458f8e801000000,,WRITE:0-0
42f2e8-42f2f1,2,3,83c40466b911c47603,,WRITE:0-0
42f2f1-42f2f3,1,1,7701,,WRITE:0-0
42f2f4-42f2f9,2,2,66d3f97e03,,WRITE:0-0
42f2fc-42f301,2,2,668bceeb01,,WRITE:0-0
42f302-42f304,1,1,7203,,WRITE:0-0
42f307-42f30d,2,2,50e801000000,,WRITE:0-0
42f30e-42f31d,2,4,83c4045881d7768f00bde801000000,,WRITE:0-0
42f31e-42f323,2,2,83042406c3,,WRITE:0-0
42f323-42f32b,2,3,0bfa50e801000000,,WRITE:0-0
42f32c-42f337,2,4,83c4045885cfe801000000,,WRITE:0-0
42f338-42f344,2,3,83c40466bfa56ae801000000,,WRITE:0-0
42f345-42f34a,2,2,83042406c3,,WRITE:0-0
42f34a-42f351,2,2,8be9e800000000,,WRITE:0-0
42f351-42f359,2,4,5d8bc53b45197c06,,WRITE:0-0
42f359-42f364,2,3,034519894519e801000000,,WRITE:0-0
42f365-42f374,2,4,83c404496850f442000f8803000000,,WRITE:0-0
42f374-42f37a,2,3,c1e1195e7a03,,WRITE:0-0
42f37d-42f37f,1,1,7803,,WRITE:0-0
42f382-42f39a,2,6,6681e58095bbbf02e3a18bce81f3cc3f9c8350e801000000,,WRITE:0-0
42f39b-42f3a4,2,3,83c40458e907000000,,WRITE:0-0
42f3ab-42f3bd,2,4,b8bb4c4c92d3e181e8204c4c92e801000000,,WRITE:0-0
42f3be-42f3c7,2,4,83c4048bcd8b167803,,WRITE:0-0
42f3c3-42f3c7,155,2,8b167803,,WRITE:0-0
42f3c7-42f3c9,155,1,7901,,WRITE:0-0
42f3ca-42f3cf,155,1,e909000000,,WRITE:0-0
42f3d8-42f3e0,156,3,33d350e801000000,,WRITE:0-0
42f3e1-42f3ea,156,3,83c40458e909000000,,WRITE:0-0
42f3f3-42f3f8,156,2,c1c2027a03,,WRITE:0-0
42f3f8-42f3fa,155,1,7b01,,WRITE:0-0
42f3fb-42f407,156,4,668bfa66bf6d253356047e03,,WRITE:0-0
42f407-42f409,77,1,7f01,,WRITE:0-0
42f40a-42f410,156,3,8bcb89167603,m,WRITE:42f450-42f6b8
42f410-42f412,154,1,7701,,WRITE:0-0
42f413-42f421,156,3,c1dfb981c3ed6b684de801000000,,WRITE:0-0
42f422-42f427,156,2,83042406c3,,WRITE:0-0
42f427-42f42c,155,1,e903000000,,WRITE:0-0
42f42f-42f437,156,2,81c604000000eb01,,WRITE:0-0
42f438-42f443,156,3,0bcd83c0ff0f8580ffffff,,WRITE:0-0
42f443-42f449,2,2,50e801000000,,WRITE:0-0
42f44a-42f455,2,4,83c4045887cde8abbcffff,,WRITE:0-0
42f455-42f48c,2,10,c685a5524100c3c7850bf940000010400001ad0bf9400083850bf94000108b9546f840008bb507f9400003f28b460c0bc00f8425020000,a,WRITE:0-0
42f481-42f48c,2,3,8b460c0bc00f8425020000,a,WRITE:0-0
42f48c-42f4a5,2,13,83660c0003c28bd85657508bf38bfbacc0c003aa803f0075f6,anm,WRITE:4182c8-41851e
42f49b-42f4a5,12,5,acc0c003aa803f0075f6,am,WRITE:41851f-418529
42f4a5-42f4af,2,5,585f5e50ff9520854100,,WRITE:0-0
42f4af-42f4b3,2,2,0bc07543,,WRITE:0-0
42f4f6-42f500,2,6,602bc0880343380375f9,am,WRITE:41851e-0
42f4f9-42f500,12,4,880343380375f9,am,WRITE:41851f-418529
42f500-42f51d,2,7,6189853ef84000c78542f84000000000008b9546f840008b060bc07507,a,WRITE:0-0
42f511-42f51d,67,4,8b9546f840008b060bc07507,a,WRITE:0-0
42f524-42f541,68,8,03c2038542f840008b188b7e1003fa03bd42f8400085db0f8462010000,a,WRITE:0-0
42f541-42f549,67,2,f7c300000080751d,,WRITE:0-0
42f549-42f563,67,16,9090909003da83c3025657508bf38bfbacc0c003aa803f0075f6,am,WRITE:4183f2-4188ba
42f559-42f563,933,5,acc0c003aa803f0075f6,am,WRITE:4183f3-4188c6
42f563-42f56e,67,5,585f5e3b9d46f840007c11,,WRITE:0-0
42f56e-42f57b,67,6,9090909083bd1a20400000750a,,WRITE:0-0
42f57b-42f592,67,8,9090909081e3ffffff0f53ffb53ef84000ff951c854100,,WRITE:0-0
42f592-42f59a,67,2,3b9d46f840007c0f,,WRITE:0-0
42f59a-42f5a8,67,10,90909090602bc0880343380375f9,am,WRITE:4183f2-4188ba
42f5a1-42f5a8,933,4,880343380375f9,am,WRITE:4183f3-4188c6
42f5a8-42f5b1,67,3,610bc00f8415ffffff,,WRITE:0-0
42f5b1-42f5b9,67,2,3b852c8541007420,,WRITE:0-0
42f5b9-42f5c5,67,6,909090903b85c4fd40007409,,WRITE:0-0
42f5c5-42f5cb,67,5,90909090eb14,,WRITE:0-0
42f5df-42f5ef,67,5,56ffb53ef840005e39b5122040007415,,WRITE:0-0
42f604-42f60d,67,2,80bd16564100007457,,WRITE:0-0
42f60d-42f613,67,5,90909090eb07,,WRITE:0-0
42f61a-42f630,67,6,8bb50bf9400083c60d81ee021840002bf583fe007f34,,WRITE:0-0
42f630-42f641,67,8,909090908bb50bf940005350e88db2ffff,,WRITE:0-0
42f641-42f681,67,277,8bd85833c3c60668894601c7460581342400895e08c6460cc35b8bc683850bf940000d5e608bd02bbd46f840008bc7b9010100008dbdebec4000f2af0bc97413,m,WRITE:41b010-41b369
42f694-42f6a3,67,4,618907838542f8400004e96efeffff,anm,WRITE:412000-412104
42f6a3-42f6b1,2,3,83c6148b9546f84000e9d0fdffff,,WRITE:0-0
42f6b1-42f6c6,2,261,8dbdebec400033c0b900010000f3ab60e800000000,m,WRITE:428ceb-4290e7
42f6c6-42f6e1,2,9,5e83ee06b97002000029ceba052a50b3c1e90283e90283f9007c1a,,WRITE:0-0
42f6dc-42f6e1,156,2,83f9007c1a,,WRITE:0-0
42f6e1-42f6fb,156,9,8b048e8b5c8e0433c3c1c80233c281eaed6b684d89048e49ebe1,m,WRITE:42f6b8-42f450
42f6fb-42f702,2,3,6161e8d9d9ffff,,WRITE:0-0
42fa37-42fa3d,2,2,60e8c3b6ffff,,WRITE:0-0
42fa3d-42fa67,2,6,c7850757410000000000b9000000008db53d1b40008dbdcd1c4000c7850b57410064000000e845000000,,WRITE:0-0
42fa67-42fa87,2,5,b9000000008db5d0f440008dbdfcf44000c7850b5741000b000000e825000000,,WRITE:0-0
42fa87-42faa7,2,5,b9000000008db5175741008dbda7584100c7850b57410064000000e805000000,,WRITE:0-0
42faa7-42faa9,1,1,eb46,,WRITE:0-0
42faac-42fab4,4,2,3b8d0b574100743a,,WRITE:0-0
42fab4-42fac2,4,8,909090908b048e8b1c8f0bc0742c,,WRITE:0-0
42faef-42faf1,2,2,61c3,,WRITE:0-0
42faf1-42faf4,2,2,60eb1d,,WRITE:0-0
42fb11-42fb16,1,1,e8eab5ffff,,WRITE:0-0
42fb16-42fb25,2,3,8b5424202b9546f84000e812ffffff,,WRITE:0-0
42fb25-42fb3f,2,5,ffb5075741008f85035741008b85f75a41000bc00f84e4000000,,WRITE:0-0
42fc23-42fc25,2,2,61c3,,WRITE:0-0
42fc48-42fc4e,2,2,60e801000000,,WRITE:0-0
42fc4f-42fc54,2,2,83042406c3,,WRITE:0-0
42fc54-42fc58,2,2,85cd7203,,WRITE:0-0
42fc58-42fc5a,1,1,7301,,WRITE:0-0
42fc5b-42fc5d,1,1,7803,,WRITE:0-0
42fc5d-42fc65,2,2,c1c991e801000000,,WRITE:0-0
42fc66-42fc6b,2,2,83042406c3,,WRITE:0-0
42fc6b-42fc71,2,2,41e801000000,,WRITE:0-0
42fc72-42fc7c,2,3,83c4048bcbe801000000,,WRITE:0-0
42fc7d-42fc83,2,3,83c40449eb01,,WRITE:0-0
42fc84-42fc89,2,2,c1c87eeb01,,WRITE:0-0
42fc8a-42fc90,1,1,0f8c01000000,,WRITE:0-0
42fc90-42fc97,2,3,4950e801000000,,WRITE:0-0
42fc98-42fc9e,2,3,83c404587502,,WRITE:0-0
42fca0-42fca2,1,1,eb01,,WRITE:0-0
42fca3-42fca6,2,2,f8eb01,,WRITE:0-0
42fca7-42fcaf,2,3,85e850e801000000,,WRITE:0-0
42fcb0-42fcba,2,4,83c4045845e801000000,,WRITE:0-0
42fcbb-42fcc0,2,2,83c4047703,,WRITE:0-0
42fcc3-42fcc5,1,1,eb01,,WRITE:0-0
42fcc6-42fccc,2,2,66c1e05e7603,,WRITE:0-0
42fccf-42fcd6,2,2,6681d0bf2c7603,,WRITE:0-0
42fcd6-42fcd8,1,1,7701,,WRITE:0-0
42fcd9-42fcdc,2,2,f87a03,,WRITE:0-0
42fcdc-42fcde,1,1,7b01,,WRITE:0-0
42fcdf-42fce4,2,2,661bee7603,,WRITE:0-0
42fce7-42fcee,2,2,d3f8e800000000,,WRITE:0-0
42fcee-42fcf6,2,4,5d8bc53b45237c06,,WRITE:0-0
42fcf6-42fd01,2,3,034523894523e801000000,,WRITE:0-0
42fd02-42fd1a,2,5,83c404fc8125b5b84100a94d467dbff3fd4200e801000000,m,WRITE:41b8b5-0
42fd1b-42fd20,2,2,83042406c3,,WRITE:0-0
42fd20-42fd3e,2,6,f8811d0dbb4100193fafb8bbf39ec631668bcd81c38fbd43e0e801000000,m,WRITE:41bb0d-0
42fd3f-42fd53,2,5,83c404668bc566b9b9f6be08000000e801000000,,WRITE:0-0
42fd54-42fd59,2,2,83042406c3,,WRITE:0-0
42fd59-42fd5e,1,1,e904000000,,WRITE:0-0
42fd62-42fd69,9,2,8b17e801000000,,WRITE:0-0
42fd6a-42fd6f,9,2,83042406c3,,WRITE:0-0
42fd6f-42fd74,8,1,e903000000,,WRITE:0-0
42fd77-42fd7b,9,2,03d3eb01,,WRITE:0-0
42fd7c-42fd93,9,6,668bc8688a6403bb8f0539b94100c1ca0650e801000000,m,WRITE:41b939-41b939
42fd94-42fd9d,9,3,83c40458e903000000,,WRITE:0-0
42fda0-42fdaa,9,4,83c704031783ef047603,,WRITE:0-0
42fdaa-42fdac,8,1,7701,,WRITE:0-0
42fdad-42fdb3,9,4,414d8917eb01,m,WRITE:42fdf3-42fe0f
42fdb4-42fdba,8,1,0f8601000000,,WRITE:0-0
42fdba-42fdc3,9,3,4881c3a75bcfe4eb01,,WRITE:0-0
42fdc4-42fdd1,9,4,87c866d3d581c704000000eb01,,WRITE:0-0
42fdd2-42fde6,9,4,488115adb9410073c10d7d83ee010f857cffffff,m,WRITE:41b9ad-41b9ad
42fde6-42fdeb,1,1,e801000000,,WRITE:0-0
42fdec-42fdf1,2,2,83042406c3,,WRITE:0-0
42fdf1-42fdf8,2,3,fcf8e808b3ffff,,WRITE:0-0
42fdf8-42fe1e,2,13,8db51c8541008dbd33fd4000b905000000f3a58dbd43fd40008d854bfe4000ab60e800000000,m,WRITE:429d33-429d43
42fe1e-42fe39,2,9,5e83ee06b92500000029ceba13deb553c1e90283e90283f9007c1a,,WRITE:0-0
42fe34-42fe39,9,2,83f9007c1a,,WRITE:0-0
42fe39-42fe53,9,9,8b048e8b5c8e042bc3c1c0062bc281eaa75bcfe489048e49ebe1,m,WRITE:42fe0f-42fdf3
42fe53-42fe56,2,3,6161c3,,WRITE:0-0
42fe56-42fe5c,2,4,604287f27101,,WRITE:0-0
42fe5d-42fe61,2,2,33d57603,,WRITE:0-0
42fe61-42fe63,1,1,7701,,WRITE:0-0
42fe64-42fe6a,1,1,0f8401000000,,WRITE:0-0
42fe6a-42fe71,2,3,f850e801000000,,WRITE:0-0
42fe72-42fe7d,2,5,83c40458fc50e801000000,,WRITE:0-0
42fe7e-42fe85,2,4,83c4045846eb01,,WRITE:0-0
42fe86-42fe88,1,1,7b06,,WRITE:0-0
42fe88-42fe90,2,2,81d9cb8262407803,,WRITE:0-0
42fe93-42fe9a,2,2,ba1629015eeb01,,WRITE:0-0
42fe9b-42fe9e,2,2,f9eb01,,WRITE:0-0
42fe9f-42fea5,2,2,fce801000000,,WRITE:0-0
42fea6-42feb0,2,3,83c404ba7c939bdceb01,,WRITE:0-0
42feb1-42feb3,1,1,7b03,,WRITE:0-0
42feb3-42febb,2,2,668bd6e801000000,,WRITE:0-0
42febc-42fec6,2,4,83c4044250e801000000,,WRITE:0-0
42fec7-42fed3,2,5,83c4045885f250e801000000,,WRITE:0-0
42fed4-42fedb,2,4,83c4045846eb01,,WRITE:0-0
42fedc-42fede,1,1,7c04,,WRITE:0-0
42fede-42fee4,2,2,66c1d2247e03,,WRITE:0-0
42fee4-42fee6,1,1,7f01,,WRITE:0-0
42fee7-42feeb,2,2,d3d9eb01,,WRITE:0-0
42feec-42fef3,2,2,13f3e801000000,,WRITE:0-0
42fef4-42ff02,2,3,83c40481c2f5f3f542e801000000,,WRITE:0-0
42ff03-42ff0c,2,2,83c4040f8504000000,,WRITE:0-0
42ff10-42ff15,1,1,e800000000,,WRITE:0-0
42ff15-42ff1d,2,4,5d8bc53b45247c06,,WRITE:0-0
42ff1d-42ff28,2,3,034524894524e801000000,,WRITE:0-0
42ff29-42ff37,2,3,83c404bae2bd92f70f8c01000000,,WRITE:0-0
42ff37-42ff43,2,5,f8680100430066d3d65b7a03,,WRITE:0-0
42ff46-42ff4d,2,2,460f8701000000,,WRITE:0-0
42ff4e-42ff59,2,3,bd638bafc550e801000000,,WRITE:0-0
42ff5a-42ff69,2,5,83c4045842bf09000000e801000000,,WRITE:0-0
42ff6a-42ff72,2,2,83c404e906000000,,WRITE:0-0
42ff78-42ff7c,10,2,8b03eb01,,WRITE:0-0
42ff7d-42ff8a,10,5,66c1cab74203c550e801000000,,WRITE:0-0
42ff8b-42ff91,10,3,83c404587202,,WRITE:0-0
42ff91-42ff99,10,2,33cb0f8703000000,,WRITE:0-0
42ff9c-42ffa4,10,2,c1c01ce801000000,,WRITE:0-0
42ffa5-42ffaf,10,4,83c40485ce2b4304eb01,,WRITE:0-0
42ffb0-42ffb2,9,1,7a01,,WRITE:0-0
42ffb2-42ffb7,2,3,4689037c03,m,WRITE:430019-0
42ffb3-42ffb7,9,2,89037c03,m,WRITE:430001-430021
42ffb7-42ffb9,6,1,7d01,,WRITE:0-0
42ffba-42ffcb,10,3,81c1df33ffb381f580200f85e801000000,,WRITE:0-0
42ffcc-42ffd1,10,2,83042406c3,,WRITE:0-0
42ffd1-42ffd6,9,1,e909000000,,WRITE:0-0
42ffdf-42ffe7,10,2,81c3040000007e03,,WRITE:0-0
42ffe7-42ffe9,9,1,7f01,,WRITE:0-0
42ffea-42fffb,10,4,6681cad62466d3f983ef010f857dffffff,,WRITE:0-0
42fffb-42fffd,1,1,eb01,,WRITE:0-0
42fffe-430006,2,3,4e85f1e8fab0ffff,,WRITE:0-0
430006-43002c,2,12,b91c0000008db5fffc40008dbdef07410083c707b090aab8ff25000066ab8bc6ab83c604e2ee,m,WRITE:42a7f6-42a7f9
43001a-43002c,28,8,b090aab8ff25000066ab8bc6ab83c604e2ee,m,WRITE:42a7fd-42a8b6
43002c-430032,2,2,60e800000000,,WRITE:0-0
430032-43004d,2,9,5e83ee06b92b00000029ceba638bafc5c1e90283e90283f9007c1a,,WRITE:0-0
430048-43004d,10,2,83f9007c1a,,WRITE:0-0
43004d-430067,10,9,8b048e8b5c8e0403c3c1c81c2bc281f280200f8589048e49ebe1,m,WRITE:430021-430001
430067-43006a,2,3,6161c3,,WRITE:0-0
43006a-430070,2,2,60e890b0ffff,,WRITE:0-0
430070-43007d,2,4,33d28bb4953d1b40000bf67431,,WRITE:0-0
4300ae-4300b0,2,2,61c3,,WRITE:0-0
4300b0-4300b9,2,5,60f8fc50e801000000,,WRITE:0-0
4300ba-4300c5,2,4,83c4045885c3e801000000,,WRITE:0-0
4300c6-4300cb,2,2,83042406c3,,WRITE:0-0
4300cb-4300d1,2,2,66c1c0b6eb01,,WRITE:0-0
4300d2-4300d6,2,2,d3e37c03,,WRITE:0-0
4300d6-4300d8,1,1,7d01,,WRITE:0-0
4300d9-4300df,2,2,66bbd280eb01,,WRITE:0-0
4300e0-4300e3,2,2,4beb01,,WRITE:0-0
4300e4-4300ec,2,2,81e85ae7bdf07203,,WRITE:0-0
4300ef-4300f8,2,3,66d3fe50e801000000,,WRITE:0-0
4300f9-430103,2,4,83c40458f9e801000000,,WRITE:0-0
430104-43010c,2,3,83c404662bd97e03,,WRITE:0-0
43010f-430115,2,2,66bb2db0eb01,,WRITE:0-0
430116-43011a,2,2,8bf3eb01,,WRITE:0-0
43011b-43011d,1,1,7004,,WRITE:0-0
430121-430126,1,1,e801000000,,WRITE:0-0
430127-43012c,2,2,83042406c3,,WRITE:0-0
43012c-430132,2,2,fce801000000,,WRITE:0-0
430133-43013c,2,3,83c404f8e800000000,,WRITE:0-0
43013c-430144,2,4,5d8bc53b451e7c06,,WRITE:0-0
430144-43014c,2,3,03451e89451e7a03,,WRITE:0-0
43014c-43014e,1,1,7b01,,WRITE:0-0
43014f-430154,1,1,e905000000,,WRITE:0-0
430159-430163,2,4,685b02430085f05f7603,,WRITE:0-0
430163-430165,1,1,7701,,WRITE:0-0
430166-430173,2,4,87f3fcba2613d2a0e801000000,,WRITE:0-0
430174-430179,2,2,83042406c3,,WRITE:0-0
430179-43017e,1,1,e903000000,,WRITE:0-0
430181-43018d,2,4,68090000004059e801000000,,WRITE:0-0
43018e-430196,2,2,83c404e906000000,,WRITE:0-0
43019c-4301ae,2,4,68a34831798f05e9ba41008b2fe801000000,m,WRITE:41bae9-0
4301a7-4301ae,9,2,8b2fe801000000,,WRITE:0-0
4301af-4301bb,10,3,83c404c1c68a0f8001000000,,WRITE:0-0
4301bb-4301c4,10,4,462bea50e801000000,,WRITE:0-0
4301c5-4301dc,10,6,83c4045866b8bb99810d45ba4100b8d7d4fec1c515eb01,m,WRITE:41ba45-41ba45
4301dd-4301e2,9,1,e908000000,,WRITE:0-0
4301ea-4301ef,10,2,336f04eb01,,WRITE:0-0
4301f0-4301f6,9,1,0f8c03000000,,WRITE:0-0
4301f6-43020b,4,5,66d3db4881355db94100549fc3da892fe801000000,m,WRITE:41b95d-430277
4301f9-43020b,7,4,4881355db94100549fc3da892fe801000000,m,WRITE:41b95d-43027b
43020c-430211,10,2,83042406c3,,WRITE:0-0
430211-430218,10,2,f90f8501000000,,WRITE:0-0
430219-430221,10,2,81eadef01341eb01,,WRITE:0-0
430222-430227,9,1,e908000000,,WRITE:0-0
43022f-43023a,10,2,81c704000000e801000000,,WRITE:0-0
43023b-430243,10,2,83c404e902000000,,WRITE:0-0
430245-43024e,10,2,83c1ff0f8559ffffff,,WRITE:0-0
43024e-430250,1,1,7e03,,WRITE:0-0
430253-430258,1,1,e903000000,,WRITE:0-0
43025b-430260,1,1,e8a0aeffff,,WRITE:0-0
430260-43028a,2,13,8b8546f840008b703c03b546f8400083c628ad8ad802dcc1e81002d802dc889d1e20400060e800000000,,WRITE:0-0
43028a-4302a5,2,9,5e83ee06b92900000029ceba368c3298c1e90283e90283f9007c1a,,WRITE:0-0
4302a0-4302a5,10,2,83f9007c1a,,WRITE:0-0
4302a5-4302bf,10,9,8b048e8b5c8e0433c3c1c81503c281c2def0134189048e49ebe1,m,WRITE:43027b-43025b
4302bf-4302c2,2,3,6161c3,,WRITE:0-0
4302c2-4302c7,1,1,e839aeffff,,WRITE:0-0
4302c7-4302cc,1,1,e800000000,,WRITE:0-0
4302cc-4302ea,2,6,5b2b9d0e20400081ebcc520100899d46f84000899d7bfd4000e8c6fdffff,,WRITE:0-0
4302ea-4302ef,1,1,e811aeffff,,WRITE:0-0
4302ef-4302f4,1,1,e8daa5ffff,,WRITE:0-0
4302f4-4302ff,2,2,8985d5084100e801aeffff,,WRITE:0-0
4302ff-43030b,2,2,c6856cf7400000e8f0d2ffff,,WRITE:0-0
43030b-430310,1,1,e838f9ffff,,WRITE:0-0
430310-430315,1,1,e8ebadffff,,WRITE:0-0
430315-430332,2,5,8b856b81410089857ffd40008b856f814100898583fd4000e866d0ffff,,WRITE:0-0
430332-430337,1,1,e81ffbffff,,WRITE:0-0
430337-43033c,1,1,e82efdffff,,WRITE:0-0
43033c-430349,2,7,49f8496613f06613f285f27803,,WRITE:0-0
430349-43034b,1,1,7901,,WRITE:0-0
43034c-430353,2,2,85f2e801000000,,WRITE:0-0
430354-430359,2,2,83042406c3,,WRITE:0-0
430359-430363,2,3,66b997d350e801000000,,WRITE:0-0
430364-43036c,2,4,83c404580bcb7603,,WRITE:0-0
43036c-43036e,1,1,7701,,WRITE:0-0
43036f-430372,2,2,fc7603,,WRITE:0-0
430372-430374,1,1,7701,,WRITE:0-0
430375-43037c,2,3,4e50e801000000,,WRITE:0-0
43037d-43038c,2,5,83c404586681e603b350e801000000,,WRITE:0-0
43038d-430395,2,4,83c4045885d6eb01,,WRITE:0-0
430396-43039c,2,2,4ae801000000,,WRITE:0-0
43039d-4303a2,2,2,83042406c3,,WRITE:0-0
4303a2-4303ab,2,2,66bec64ae801000000,,WRITE:0-0
4303ac-4303b1,2,2,83042406c3,,WRITE:0-0
4303b1-4303b3,1,1,7601,,WRITE:0-0
4303b3-4303b6,2,2,417603,,WRITE:0-0
4303b6-4303b8,1,1,7701,,WRITE:0-0
4303b9-4303c0,2,2,6681e964597a03,,WRITE:0-0
4303c0-4303c2,1,1,7b01,,WRITE:0-0
4303c3-4303c9,1,1,0f8b01000000,,WRITE:0-0
4303ca-4303cc,1,1,eb01,,WRITE:0-0
4303cd-4303d3,2,2,f8e801000000,,WRITE:0-0
4303d4-4303d9,2,2,83c4047c02,,WRITE:0-0
4303d9-4303e1,2,3,87ce50e801000000,,WRITE:0-0
4303e2-4303e8,2,3,83c404587d03,,WRITE:0-0
4303eb-4303f0,1,1,e801000000,,WRITE:0-0
4303f1-4303fa,2,2,83c4040f8204000000,,WRITE:0-0
4303fa-430400,2,2,66c1d6a07403,,WRITE:0-0
430400-430402,1,1,7501,,WRITE:0-0
430403-430407,2,2,87f27603,,WRITE:0-0
430407-430409,1,1,7701,,WRITE:0-0
43040a-430415,2,2,81def550f095e801000000,,WRITE:0-0
430416-43041b,2,2,83042406c3,,WRITE:0-0
43041b-43041e,2,2,f97c03,,WRITE:0-0
43041e-430420,1,1,7d01,,WRITE:0-0
430421-43042a,2,2,66bae801e801000000,,WRITE:0-0
43042b-430433,2,3,83c40466d3d9eb01,,WRITE:0-0
430434-430437,2,2,49eb01,,WRITE:0-0
430438-43043a,1,1,7d02,,WRITE:0-0
43043c-43043e,1,1,7203,,WRITE:0-0
43043e-430440,1,1,7301,,WRITE:0-0
430441-430449,2,2,668bd3e801000000,,WRITE:0-0
43044a-430457,2,4,83c40466bedd8f50e801000000,,WRITE:0-0
430458-430463,2,4,83c40458d3eae801000000,,WRITE:0-0
430464-430469,2,2,83042406c3,,WRITE:0-0
430469-430482,2,7,87e866be274f8105a9b84100a2a04522682f0543004e59eb01,m,WRITE:41b8a9-0
430483-430485,1,1,7501,,WRITE:0-0
430486-43048d,2,2,bbf2077da8eb01,,WRITE:0-0
43048e-43049f,2,6,668be8668bc3683b000000c1fd595aeb01,,WRITE:0-0
4304a0-4304ae,2,5,66c1cdac85f58b3950e801000000,,WRITE:0-0
4304a6-4304ae,59,3,8b3950e801000000,,WRITE:0-0
4304af-4304b8,60,3,83c40458e909000000,,WRITE:0-0
4304c1-4304c9,60,3,2bfb50e801000000,,WRITE:0-0
4304ca-4304d4,60,5,83c4045848c1c7107c03,,WRITE:0-0
4304d4-4304d6,59,1,7d01,,WRITE:0-0
4304d7-4304e4,60,5,c1cedc83c1042b3983e904eb01,,WRITE:0-0
4304e5-4304f1,60,4,4666c1de708939e801000000,m,WRITE:43052f-430617
4304f2-4304f7,60,2,83042406c3,,WRITE:0-0
4304f7-430504,60,4,f981c3215668d550e801000000,,WRITE:0-0
430505-430512,60,5,83c40458f883c104e801000000,,WRITE:0-0
430513-430518,60,2,83042406c3,,WRITE:0-0
430518-43051f,60,2,f80f8502000000,,WRITE:0-0
430521-43052a,60,2,83ea010f857cffffff,,WRITE:0-0
43052a-43052c,1,1,eb01,,WRITE:0-0
43052d-430535,2,3,23c350e801000000,,WRITE:0-0
430536-430547,2,7,83c40458f840bb2106430050e801000000,,WRITE:0-0
430548-430552,2,3,83c404580f8b01000000,,WRITE:0-0
430552-430564,2,5,f8bf8753b7314181ef0fd5f7d8e801000000,,WRITE:0-0
430565-43057a,2,6,83c40403cfb96d8ff20bbd4300000050e801000000,,WRITE:0-0
43057b-430587,2,6,83c404584266d3e98b33eb01,,WRITE:0-0
430583-430587,67,2,8b33eb01,,WRITE:0-0
430588-43058e,68,3,13d103f77a03,,WRITE:0-0
43058e-430590,31,1,7b01,,WRITE:0-0
430591-43059b,68,4,f8c1ce1450e801000000,,WRITE:0-0
43059c-4305a6,68,3,83c404580f8a01000000,,WRITE:0-0
4305a7-4305af,68,2,337304e801000000,,WRITE:0-0
4305b0-4305b5,68,2,83042406c3,,WRITE:0-0
4305b5-4305ba,67,1,e90a000000,,WRITE:0-0
4305c4-4305cc,68,3,893350e801000000,m,WRITE:430621-430729
4305cd-4305d6,68,3,83c40458e8cfecffff,,WRITE:0-0
4305d6-4305d8,67,1,7601,,WRITE:0-0
4305d8-4305db,68,2,f97601,,WRITE:0-0
4305dc-4305ee,68,3,8125fdb94100642b871281c7f8539a5e7c03,m,WRITE:41b9fd-41b9fd
4305ee-4305f0,58,1,7d01,,WRITE:0-0
4305f1-4305ff,68,3,66d3c981ebfcffffffe801000000,,WRITE:0-0
430600-430605,68,2,83042406c3,,WRITE:0-0
430605-43060a,67,1,e905000000,,WRITE:0-0
43060f-430616,68,2,4d0f856dffffff,,WRITE:0-0
430616-430618,1,1,7203,,WRITE:0-0
430618-43061a,1,1,7301,,WRITE:0-0
43061b-430620,1,1,e901000000,,WRITE:0-0
430621-430623,1,1,7403,,WRITE:0-0
430626-43062b,1,1,e901000000,,WRITE:0-0
43062c-430641,2,4,8115cdb9410048e53d93bf3307430050e801000000,m,WRITE:41b9cd-0
430642-43065c,2,9,83c40458f96613f5b9cd7efea5f981e950b3717a50e801000000,,WRITE:0-0
43065d-430666,2,3,83c40458e83fecffff,,WRITE:0-0
430666-43066b,1,1,e903000000,,WRITE:0-0
43066e-430675,2,2,683b0000007c04,,WRITE:0-0
430675-430680,2,4,66bd7d525a50e801000000,,WRITE:0-0
430681-43068b,2,3,83c404580f8c02000000,,WRITE:0-0
43068b-43068f,2,2,85c57802,,WRITE:0-0
43068f-430698,2,3,85ee8b1fe801000000,,WRITE:0-0
430691-430698,59,2,8b1fe801000000,,WRITE:0-0
430699-4306a1,60,2,83c404e804ecffff,,WRITE:0-0
4306a1-4306a6,59,1,e903000000,,WRITE:0-0
4306a9-4306b1,60,3,33d950e801000000,,WRITE:0-0
4306b2-4306cc,60,6,83c4045866c1d867811d2dbb4100a611a3fcc1c314e801000000,m,WRITE:41bb2d-41bb2d
4306cd-4306d2,60,2,83042406c3,,WRITE:0-0
4306d2-4306de,60,4,f966d3cd335f04e801000000,,WRITE:0-0
4306df-4306e4,60,2,83042406c3,,WRITE:0-0
4306e4-4306e9,59,1,e905000000,,WRITE:0-0
4306ee-4306f2,60,2,891f7c03,m,WRITE:430733-43081b
4306f2-4306f4,59,1,7d01,,WRITE:0-0
4306f5-430706,60,4,406681d6dee181f1a8be302ee801000000,,WRITE:0-0
430707-430710,60,2,83c4040f8501000000,,WRITE:0-0
430711-43071a,60,3,fc81c7040000007e03,,WRITE:0-0
43071a-43071c,59,1,7f01,,WRITE:0-0
43071d-430727,60,4,4e33c74a0f856affffff,,WRITE:0-0
430727-43072c,1,1,e801000000,,WRITE:0-0
43072d-430732,2,2,83042406c3,,WRITE:0-0
430732-430738,2,2,4ee801000000,,WRITE:0-0
430739-430741,2,2,83c404e901000000,,WRITE:0-0
430742-43074e,2,4,682508430066c1d5a05b7403,,WRITE:0-0
43074e-430750,1,1,7501,,WRITE:0-0
430751-430756,1,1,e902000000,,WRITE:0-0
430758-430769,2,5,68a9dd36066681c5aa6e5f50e801000000,,WRITE:0-0
43076a-430773,2,3,83c40458e90a000000,,WRITE:0-0
43077d-430788,2,2,b82c24847f0f8304000000,,WRITE:0-0
43078c-430794,2,2,81c009dc7b807a03,,WRITE:0-0
430797-430799,1,1,7d02,,WRITE:0-0
43079b-4307a1,2,3,87ee8b137a03,,WRITE:0-0
43079d-4307a1,53,2,8b137a03,,WRITE:0-0
4307a1-4307a3,27,1,7b01,,WRITE:0-0
4307a4-4307a9,53,1,e903000000,,WRITE:0-0
4307ac-4307b0,54,2,33d7eb01,,WRITE:0-0
4307b1-4307b5,54,2,87cd7501,,WRITE:0-0
4307b6-4307bb,54,2,c1ca127a03,,WRITE:0-0
4307bb-4307bd,26,1,7b01,,WRITE:0-0
4307be-4307c3,53,1,e905000000,,WRITE:0-0
4307c8-4307d6,54,5,83c3042b1383eb0450e801000000,,WRITE:0-0
4307d7-4307dd,54,3,83c404587d02,,WRITE:0-0
4307df-4307e6,54,2,8913e801000000,m,WRITE:430825-4308f5
4307e7-4307f8,54,6,83c4044dfc81c73cfa05b050e801000000,,WRITE:0-0
4307f9-430802,54,3,83c40458e8a3eaffff,,WRITE:0-0
430802-43080e,54,4,66d3e983c30450e801000000,,WRITE:0-0
43080f-43081d,54,5,83c404584183e8010f8580ffffff,,WRITE:0-0
43081d-43081f,1,1,7403,,WRITE:0-0
430822-430827,2,3,4e87cd7c03,,WRITE:0-0
430827-430829,1,1,7d01,,WRITE:0-0
43082a-43082f,1,1,e80ad5ffff,,WRITE:0-0
43082f-43083e,2,4,66d3c60bfbb900094300e801000000,,WRITE:0-0
43083f-430847,2,2,83c404e905000000,,WRITE:0-0
43084c-430856,2,4,6807f51d3085df5a7603,,WRITE:0-0
430856-430858,1,1,7701,,WRITE:0-0
430859-43085e,1,1,e908000000,,WRITE:0-0
430866-430872,2,4,683e000000fc5de801000000,,WRITE:0-0
430873-430878,2,2,83042406c3,,WRITE:0-0
430878-43087d,1,1,e828eaffff,,WRITE:0-0
43087d-43088b,2,4,8bfebb67b3f60f8b01e801000000,,WRITE:0-0
430884-43088b,62,2,8b01e801000000,,WRITE:0-0
43088c-430892,63,3,83c404f97d01,,WRITE:0-0
430893-430897,63,2,2bc27803,,WRITE:0-0
430897-430899,35,1,7901,,WRITE:0-0
43089a-43089c,62,1,7c05,,WRITE:0-0
43089c-4308a6,38,3,6681c77375c1c0047803,,WRITE:0-0
4308a1-4308a6,26,2,c1c0047803,,WRITE:0-0
4308a6-4308a8,31,1,7901,,WRITE:0-0
4308a9-4308ab,62,1,7c03,,WRITE:0-0
4308ab-4308b8,38,5,668bf583c104030183c1fceb01,,WRITE:0-0
4308ae-4308b8,26,4,83c104030183c1fceb01,,WRITE:0-0
4308b9-4308c2,63,3,8bdd8901e801000000,m,WRITE:430900-4309f4
4308c3-4308c8,63,2,83042406c3,,WRITE:0-0
4308c8-4308d6,63,4,66c1ee0287f781c2c63820457403,,WRITE:0-0
4308d6-4308d8,62,1,7501,,WRITE:0-0
4308d9-4308e3,63,4,f983c10450e801000000,,WRITE:0-0
4308e4-4308f2,63,5,83c40458fc83c5ff0f8592ffffff,,WRITE:0-0
4308f2-4308f7,1,1,e801000000,,WRITE:0-0
4308f8-4308fd,2,2,83042406c3,,WRITE:0-0
4308fd-430905,2,3,4685f3e801000000,,WRITE:0-0
430906-43090b,2,2,83042406c3,,WRITE:0-0
43090b-430910,1,1,e903000000,,WRITE:0-0
430913-43092d,2,5,8105e9b84100c441e62e68fd0943006681eaad4b5fe801000000,m,WRITE:41b8e9-0
43092e-430933,2,2,83042406c3,,WRITE:0-0
430933-430935,1,1,7601,,WRITE:0-0
430935-43094b,2,6,fcbbeeb8bf7566c1cd4a81ebf6ef2a3250e801000000,,WRITE:0-0
43094c-430961,2,7,83c404588bf7b9813fdec085ea81f1bb3fdec0eb01,,WRITE:0-0
430962-43096c,2,4,f88bd08b07e801000000,,WRITE:0-0
430965-43096c,58,2,8b07e801000000,,WRITE:0-0
43096d-430972,59,2,83042406c3,,WRITE:0-0
430972-430978,59,3,85f52bc3eb01,,WRITE:0-0
430979-43097e,58,1,e906000000,,WRITE:0-0
430984-430989,59,2,c1c00eeb01,,WRITE:0-0
43098a-43099d,59,6,66bad5ded3d583c7042b0783ef04e801000000,,WRITE:0-0
43099e-4309a7,59,2,83c4040f8b06000000,,WRITE:0-0
4309ad-4309b1,59,2,8907eb01,m,WRITE:4309fd-430ae1
4309b2-4309b4,58,1,7501,,WRITE:0-0
4309b5-4309c0,59,2,81f36570e627e801000000,,WRITE:0-0
4309c1-4309ca,59,2,83c4040f8c01000000,,WRITE:0-0
4309ca-4309d8,59,4,4eba290dfaba81effcffffffeb01,,WRITE:0-0
4309d9-4309de,58,1,e8c7e8ffff,,WRITE:0-0
4309de-4309e4,58,1,0f8a03000000,,WRITE:0-0
4309e4-4309e9,30,2,668bd67802,,WRITE:0-0
4309e7-4309e9,29,1,7802,,WRITE:0-0
4309e9-4309f4,59,3,87ea83c1ff0f8571ffffff,,WRITE:0-0
4309f4-4309f6,1,1,eb01,,WRITE:0-0
4309f7-4309fc,1,1,e901000000,,WRITE:0-0
4309fd-4309ff,1,1,eb01,,WRITE:0-0
430a00-430a15,2,4,46811df9b941005e1e8c0fb9ec0a4300e801000000,m,WRITE:41b9f9-0
430a16-430a1f,2,3,83c40466be21607c02,,WRITE:0-0
430a1f-430a36,2,5,87d8812d21b84100bbe18881bd6f0c754d50e801000000,m,WRITE:41b821-0
430a37-430a46,2,5,83c40458fcba3c000000e801000000,,WRITE:0-0
430a47-430a4c,2,2,83042406c3,,WRITE:0-0
430a4c-430a51,1,1,e902000000,,WRITE:0-0
430a53-430a57,61,2,8b39eb01,,WRITE:0-0
430a58-430a62,61,4,436681f02f2f2bfd7c03,,WRITE:0-0
430a62-430a64,14,1,7d01,,WRITE:0-0
430a65-430a6a,60,1,e906000000,,WRITE:0-0
430a70-430a78,61,2,c1c71be801000000,,WRITE:0-0
430a79-430a8d,61,8,83c4048bdf4683c104333983e90450e801000000,,WRITE:0-0
430a8e-430a9c,61,6,83c404586681c08fe5f989397403,m,WRITE:430aec-430bd8
430a9c-430a9e,60,1,7501,,WRITE:0-0
430a9f-430aa4,60,1,e902000000,,WRITE:0-0
430aa6-430ab1,61,2,81f563896b67e801000000,,WRITE:0-0
430ab2-430ab7,61,2,83042406c3,,WRITE:0-0
430ab7-430ac4,61,4,66b890c183c10450e801000000,,WRITE:0-0
430ac5-430ada,61,6,83c4045885d881d835c8c6bf83ea010f8579ffffff,,WRITE:0-0
430ada-430ae0,2,2,50e801000000,,WRITE:0-0
430ae1-430aee,2,5,83c40458b8dcf2b5d287c37c03,,WRITE:0-0
430aee-430af0,1,1,7d01,,WRITE:0-0
430af1-430afe,2,4,f98bfdbbe00b4300e801000000,,WRITE:0-0
430aff-430b04,2,2,83042406c3,,WRITE:0-0
430b04-430b09,1,1,e908000000,,WRITE:0-0
430b11-430b20,2,4,68c695ddc366c1c7755ee801000000,,WRITE:0-0
430b21-430b26,2,2,83042406c3,,WRITE:0-0
430b26-430b3b,2,5,bf434d3757bd49b1508e662bc581c5ea4eaf717a03,,WRITE:0-0
430b3e-430b43,1,1,e907000000,,WRITE:0-0
430b4a-430b4e,52,2,8b137a03,,WRITE:0-0
430b4e-430b50,26,1,7b01,,WRITE:0-0
430b51-430b59,52,4,23f987f903d6eb01,,WRITE:0-0
430b5a-430b5f,51,1,e907000000,,WRITE:0-0
430b66-430b6b,52,2,c1c2097603,,WRITE:0-0
430b6b-430b6d,28,1,7701,,WRITE:0-0
430b6e-430b73,51,1,e832e7ffff,,WRITE:0-0
430b73-430b78,51,1,e906000000,,WRITE:0-0
430b7e-430b88,52,4,83c3042b1383c3fceb01,,WRITE:0-0
430b89-430b96,52,5,fc66c1c730891350e801000000,m,WRITE:430be0-430ca8
430b97-430ba8,52,5,83c4045887c181f6e852a3ede801000000,,WRITE:0-0
430ba9-430bbc,52,5,83c40466c1e86681c30400000050e801000000,,WRITE:0-0
430bbd-430bc7,52,3,83c404580f8602000000,,WRITE:0-0
430bc7-430bd3,52,4,d3c94f83ed010f8577ffffff,,WRITE:0-0
430bd3-430bd8,1,1,e801000000,,WRITE:0-0
430bd9-430bde,2,2,83c4047901,,WRITE:0-0
430bdf-430be2,2,2,fceb01,,WRITE:0-0
430be3-430be8,1,1,e903000000,,WRITE:0-0
430beb-430bf6,2,3,b8b00c430050e801000000,,WRITE:0-0
430bf7-430c0e,2,7,83c404586681edd880ba058215bdfc81ea323689087603,,WRITE:0-0
430c0e-430c10,1,1,7701,,WRITE:0-0
430c11-430c1c,2,5,4e683f000000d3cd597e03,,WRITE:0-0
430c1c-430c1e,1,1,7f01,,WRITE:0-0
430c1f-430c25,2,3,33f58b187803,,WRITE:0-0
430c21-430c25,63,2,8b187803,,WRITE:0-0
430c25-430c27,63,1,7901,,WRITE:0-0
430c28-430c2d,63,1,e902000000,,WRITE:0-0
430c2f-430c36,64,2,03dae801000000,,WRITE:0-0
430c37-430c3c,64,2,83042406c3,,WRITE:0-0
430c3c-430c41,63,1,e902000000,,WRITE:0-0
430c43-430c48,64,2,c1cb19eb01,,WRITE:0-0
430c49-430c52,64,4,4d662bfb3358047e03,,WRITE:0-0
430c52-430c54,40,1,7f01,,WRITE:0-0
430c55-430c5f,64,3,668bf78918e801000000,m,WRITE:430cb0-430da8
430c60-430c68,64,2,83c404e905000000,,WRITE:0-0
430c6d-430c78,64,2,81c276c45248e801000000,,WRITE:0-0
430c79-430c7e,64,2,83042406c3,,WRITE:0-0
430c7e-430c8b,64,4,fc81c00400000050e801000000,,WRITE:0-0
430c8c-430c9e,64,6,83c40458d3e766d3d683e9010f8583ffffff,,WRITE:0-0
430c9e-430ca3,1,1,e801000000,,WRITE:0-0
430ca4-430ca9,2,2,83042406c3,,WRITE:0-0
430ca9-430cb2,2,3,87f7bd3cc02cf17603,,WRITE:0-0
430cb2-430cb4,1,1,7701,,WRITE:0-0
430cb5-430cc3,2,4,be75e090ab8bc768b20d43007c01,,WRITE:0-0
430cc3-430cca,2,3,f959e801000000,,WRITE:0-0
430ccb-430cda,2,5,83c404fcba1871e36f50e801000000,,WRITE:0-0
430cdb-430ce4,2,3,83c40458e904000000,,WRITE:0-0
430ce8-430cf1,2,4,68400000004f5b7a03,,WRITE:0-0
430cf4-430cf9,1,1,e8ace5ffff,,WRITE:0-0
430cf9-430cfe,1,1,e908000000,,WRITE:0-0
430d06-430d0d,65,2,8b29e801000000,,WRITE:0-0
430d0e-430d13,65,2,83042406c3,,WRITE:0-0
430d13-430d18,64,1,e903000000,,WRITE:0-0
430d1b-430d29,65,3,8135f1b84100a478b99a2bea7603,m,WRITE:41b8f1-41b8f1
430d29-430d2b,30,1,7701,,WRITE:0-0
430d2c-430d32,65,3,f9c1cd1ceb01,,WRITE:0-0
430d33-430d43,65,6,87f866bf471e83e9fc332983c1fc7a03,,WRITE:0-0
430d43-430d45,32,1,7b01,,WRITE:0-0
430d46-430d4c,64,1,0f8003000000,,WRITE:0-0
430d4c-430d63,65,5,c1ffbf66d3ce812de1b94100faab75098929e801000000,m,WRITE:41b9e1-430eae
430d64-430d77,65,5,83c40466bec9fd81ea3e14025750e801000000,,WRITE:0-0
430d78-430d81,65,3,83c40458e907000000,,WRITE:0-0
430d88-430d90,65,2,81c1040000007203,,WRITE:0-0
430d90-430d92,64,1,7301,,WRITE:0-0
430d93-430d98,64,1,e903000000,,WRITE:0-0
430d9b-430da4,65,2,83eb010f8562ffffff,,WRITE:0-0
430da4-430da6,1,1,7203,,WRITE:0-0
430da6-430da8,1,1,7301,,WRITE:0-0
430da9-430dae,1,1,e904000000,,WRITE:0-0
430db2-430dbd,2,5,61528f0599b84100607e03,m,WRITE:41b899-0
430dc0-430dc5,1,1,e90b000000,,WRITE:0-0
430dd0-430ddb,2,3,bfb90e430050e801000000,,WRITE:0-0
430ddc-430de5,2,3,83c40458e907000000,,WRITE:0-0
430dec-430df7,2,2,be9dee82be0f8a01000000,,WRITE:0-0
430df8-430e00,2,2,81c6a87c0f577e03,,WRITE:0-0
430e00-430e02,1,1,7f01,,WRITE:0-0
430e03-430e08,1,1,e902000000,,WRITE:0-0
430e0a-430e14,2,2,b948000000e801000000,,WRITE:0-0
430e15-430e21,2,4,83c4041bc58b17e801000000,,WRITE:0-0
430e1a-430e21,72,2,8b17e801000000,,WRITE:0-0
430e22-430e2a,73,2,83c404e903000000,,WRITE:0-0
430e2d-430e34,73,2,03d6e801000000,,WRITE:0-0
430e35-430e3a,73,2,83042406c3,,WRITE:0-0
430e3a-430e3f,72,1,e904000000,,WRITE:0-0
430e43-430e4b,73,2,c1ca1ce801000000,,WRITE:0-0
430e4c-430e5a,73,5,83c40485dd2b570450e801000000,,WRITE:0-0
430e5b-430e64,73,3,83c40458e904000000,,WRITE:0-0
430e68-430e6c,73,2,8917eb01,m,WRITE:430eb9-430fd5
430e6d-430e79,73,4,87c3d3c081ee53d6a4597c03,,WRITE:0-0
430e79-430e7b,10,1,7d01,,WRITE:0-0
430e7c-430e82,72,1,0f8301000000,,WRITE:0-0
430e82-430e8e,27,3,4b81c704000000e801000000,,WRITE:0-0
430e83-430e8e,47,2,81c704000000e801000000,,WRITE:0-0
430e8f-430e94,73,2,83042406c3,,WRITE:0-0
430e94-430e99,72,1,e908000000,,WRITE:0-0
430ea1-430ea8,73,2,490f8572ffffff,,WRITE:0-0
430ea8-430ead,1,1,e801000000,,WRITE:0-0
430eae-430eb7,2,2,83c4040f8201000000,,WRITE:0-0
430eb7-430ec4,2,7,43fc61568f0559ba4100607a03,m,WRITE:41ba59-0
430ec4-430ec6,1,1,7b01,,WRITE:0-0
430ec7-430ecc,1,1,e902000000,,WRITE:0-0
430ece-430ed8,2,2,bfdd0f4300e801000000,,WRITE:0-0
430ed9-430ede,2,2,83042406c3,,WRITE:0-0
430ede-430ef2,2,6,85f2bd1c6a2a0df881edcb02718550e801000000,,WRITE:0-0
430ef3-430f0b,2,7,83c40458c1de22684100000081ea3d987b4f5be801000000,,WRITE:0-0
430f0c-430f11,2,2,83c4047a02,,WRITE:0-0
430f11-430f19,2,2,87c60f8001000000,,WRITE:0-0
430f19-430f2c,2,5,46812521b94100081e23808b0f50e801000000,m,WRITE:41b921-0
430f24-430f2c,65,3,8b0f50e801000000,,WRITE:0-0
430f2d-430f34,66,4,83c40458427802,,WRITE:0-0
430f36-430f48,66,4,8135f9b841006805a4922bcd50e801000000,m,WRITE:41b8f9-41b8f9
430f49-430f52,66,3,83c40458e904000000,,WRITE:0-0
430f56-430f5b,66,2,c1c90feb01,,WRITE:0-0
430f5c-430f5e,65,1,7d03,,WRITE:0-0
430f61-430f70,66,5,be8035d85683effc2b0f83c7fceb01,,WRITE:0-0
430f71-430f7b,66,3,661bf0890fe801000000,m,WRITE:430fdd-4310dd
430f7c-430f81,66,2,83042406c3,,WRITE:0-0
430f81-430f86,65,1,e902000000,,WRITE:0-0
430f88-430f94,66,3,81f5b217896550e801000000,,WRITE:0-0
430f95-430f9e,66,3,83c40458e905000000,,WRITE:0-0
430fa3-430fab,66,2,83c704e801000000,,WRITE:0-0
430fac-430fb2,66,3,83c404fc7106,,WRITE:0-0
430fb8-430fcb,66,3,812d69ba4100b75d7cac83eb010f8559ffffff,m,WRITE:41ba69-41ba69
430fcb-430fd0,1,1,e801000000,,WRITE:0-0
430fd1-430fd6,2,2,83042406c3,,WRITE:0-0
430fd6-430fdb,1,1,e902000000,,WRITE:0-0
430fdd-430fe2,1,1,e801000000,,WRITE:0-0
430fe3-430fec,2,2,83c4040f8a02000000,,WRITE:0-0
430fec-430ffb,2,5,87cd68e510430085cd5fe801000000,,WRITE:0-0
430ffc-431001,2,2,83042406c3,,WRITE:0-0
431001-431003,1,1,7701,,WRITE:0-0
431004-431006,1,1,7503,,WRITE:0-0
431009-431021,2,5,81254db94100f64511c8b8c6570ec8f881c024f1196beb01,m,WRITE:41b94d-0
431022-43102f,2,4,f845bea9bf3eab0f8002000000,,WRITE:0-0
43102f-431039,2,3,85cb81c69740c154eb01,,WRITE:0-0
43103a-43103f,1,1,e866e2ffff,,WRITE:0-0
43103f-431045,1,1,0f8b01000000,,WRITE:0-0
431046-431051,2,4,660bca8b1750e801000000,,WRITE:0-0
431049-431051,64,3,8b1750e801000000,,WRITE:0-0
431052-43105e,65,5,83c404584903d0e801000000,,WRITE:0-0
43105f-431064,65,2,83042406c3,,WRITE:0-0
431064-43106c,65,4,87cd43c1c21beb01,,WRITE:0-0
43106d-431072,64,1,e901000000,,WRITE:0-0
431073-43107b,65,2,035704e801000000,,WRITE:0-0
43107c-431081,65,2,83042406c3,,WRITE:0-0
431081-431086,64,1,e902000000,,WRITE:0-0
431088-43108f,65,2,8917e801000000,m,WRITE:4310e5-4311e1
431090-431095,65,2,83042406c3,,WRITE:0-0
431095-43109f,65,4,41f981c0ff25ac23eb01,,WRITE:0-0
4310a0-4310ad,65,3,d3e581c704000000e801000000,,WRITE:0-0
4310ae-4310b3,65,2,83c4047705,,WRITE:0-0
4310b8-4310ba,64,1,7902,,WRITE:0-0
4310bc-4310c5,65,2,83ee010f8584ffffff,,WRITE:0-0
4310c5-4310ca,1,1,e801000000,,WRITE:0-0
4310cb-4310d0,2,2,83c4047904,,WRITE:0-0
4310d4-4310da,1,1,0f8201000000,,WRITE:0-0
4310da-4310e7,2,3,f98125fdb84100db8ef345eb01,m,WRITE:41b8fd-0
4310e8-4310ed,1,1,e8b8e1ffff,,WRITE:0-0
4310ed-4310f2,1,1,e902000000,,WRITE:0-0
4310f4-4310fb,2,2,bbeb114300eb01,,WRITE:0-0
4310fc-431101,1,1,e904000000,,WRITE:0-0
431105-431110,2,3,bd666decaa50e801000000,,WRITE:0-0
431111-431118,2,4,83c404584e7501,,WRITE:0-0
431119-43112a,2,3,8105f9ba41003f5dcb4c68470000007802,m,WRITE:41baf9-0
43112a-431133,2,4,8bca5f50e801000000,,WRITE:0-0
431134-43113d,2,3,83c40458e902000000,,WRITE:0-0
43113f-431146,72,2,8b13e801000000,,WRITE:0-0
431147-43114c,72,2,83042406c3,,WRITE:0-0
43114c-431157,72,2,b8654270980f8502000000,,WRITE:0-0
431159-43115d,72,2,2bd5eb01,,WRITE:0-0
43115e-431160,71,1,7401,,WRITE:0-0
431160-431169,72,3,4ec1c201e801000000,,WRITE:0-0
43116a-431173,72,2,83c4040f8105000000,,WRITE:0-0
431178-431180,72,2,2b5304e801000000,,WRITE:0-0
431181-431186,72,2,83042406c3,,WRITE:0-0
431186-43118b,71,1,e901000000,,WRITE:0-0
43118c-431193,72,2,8913e801000000,m,WRITE:4311eb-431303
431194-431199,72,2,83042406c3,,WRITE:0-0
431199-43119e,71,1,e904000000,,WRITE:0-0
4311a2-4311ad,72,2,81ed66cf1848e801000000,,WRITE:0-0
4311ae-4311b3,72,2,83042406c3,,WRITE:0-0
4311b3-4311b5,71,1,7701,,WRITE:0-0
4311b6-4311c2,72,3,4181c304000000e801000000,,WRITE:0-0
4311c3-4311cb,72,2,83c404e909000000,,WRITE:0-0
4311d4-4311db,72,2,4f0f8564ffffff,,WRITE:0-0
4311db-4311e0,1,1,e801000000,,WRITE:0-0
4311e1-4311ea,2,2,83c4040f8c01000000,,WRITE:0-0
4311ea-4311f6,2,6,4861548f05c5ba410060eb01,m,WRITE:41bac5-0
4311f7-4311fc,1,1,e90c000000,,WRITE:0-0
431208-431212,2,2,ba0e134300e801000000,,WRITE:0-0
431213-43121b,2,2,83c404e903000000,,WRITE:0-0
43121e-431228,2,2,bb09c572b3e801000000,,WRITE:0-0
431229-431231,2,2,83c404e906000000,,WRITE:0-0
431237-43123e,2,2,bdd9f9e02b7005,,WRITE:0-0
43123e-43124b,2,3,be68b4b75581ed96f9e02beb01,,WRITE:0-0
43124c-431252,1,1,0f8a02000000,,WRITE:0-0
431252-431258,2,3,87ce8b3a7c03,,WRITE:0-0
431254-431258,67,2,8b3a7c03,,WRITE:0-0
431258-43125a,67,1,7d01,,WRITE:0-0
43125b-431260,67,1,e845e0ffff,,WRITE:0-0
431260-43126a,68,4,8bc74e2bfbe801000000,,WRITE:0-0
43126b-431270,68,2,83042406c3,,WRITE:0-0
431270-431275,67,1,e904000000,,WRITE:0-0
431279-431281,68,2,c1cf05e801000000,,WRITE:0-0
431282-43128a,68,2,83c404e909000000,,WRITE:0-0
431293-43129b,68,2,037a04e801000000,,WRITE:0-0
43129c-4312a1,68,2,83042406c3,,WRITE:0-0
4312a1-4312a6,67,1,e907000000,,WRITE:0-0
4312ad-4312b1,68,2,893a7c03,m,WRITE:43130e-431416
4312b1-4312b3,67,1,7d01,,WRITE:0-0
4312b4-4312ba,67,1,0f8502000000,,WRITE:0-0
4312bc-4312be,67,1,7201,,WRITE:0-0
4312be-4312ca,68,3,4881eb3cedb84fe801000000,,WRITE:0-0
4312cb-4312d3,68,2,83c404e906000000,,WRITE:0-0
4312d9-4312e4,68,2,81eafcffffffe801000000,,WRITE:0-0
4312e5-4312ed,68,2,83c404e905000000,,WRITE:0-0
4312f2-431305,68,3,810531ba4100895d4a3783c5ff0f854fffffff,m,WRITE:41ba31-41ba31
431305-431307,1,1,eb01,,WRITE:0-0
431308-43130a,1,1,7203,,WRITE:0-0
43130d-431310,2,2,fceb01,,WRITE:0-0
431311-431316,1,1,e905000000,,WRITE:0-0
43131b-431322,2,2,681e1443007902,,WRITE:0-0
431324-431327,2,2,5feb01,,WRITE:0-0
431328-43132d,1,1,e908000000,,WRITE:0-0
431335-431349,2,4,bd516b98be66be202d81f5143ffc29e801000000,,WRITE:0-0
43134a-43134f,2,2,83c4047601,,WRITE:0-0
43134f-43135e,2,5,fc683c0000006633c25ae801000000,,WRITE:0-0
43135f-431364,2,2,83042406c3,,WRITE:0-0
431364-431369,1,1,e905000000,,WRITE:0-0
43136e-431376,61,3,8b1f50e801000000,,WRITE:0-0
431377-431383,61,6,83c40458f8c1eeba33ddeb01,,WRITE:0-0
431384-43138a,60,1,0f8402000000,,WRITE:0-0
43138a-431394,61,3,87f1c1cb0fe801000000,,WRITE:0-0
431395-43139a,61,2,83042406c3,,WRITE:0-0
43139a-43139f,60,1,e908000000,,WRITE:0-0
4313a7-4313b0,61,3,035f0450e801000000,,WRITE:0-0
4313b1-4313c1,61,7,83c40458d3f8d3ee891f50e801000000,m,WRITE:43141e-43150a
4313c2-4313cb,61,3,83c40458e903000000,,WRITE:0-0
4313ce-4313d9,61,2,81f5b922d38de801000000,,WRITE:0-0
4313da-4313df,61,2,83042406c3,,WRITE:0-0
4313df-4313e4,60,1,e905000000,,WRITE:0-0
4313e9-4313f1,61,2,81effcffffffeb01,,WRITE:0-0
4313f2-4313fe,61,3,6681d16c224a0f8570ffffff,,WRITE:0-0
4313fe-431403,1,1,e801000000,,WRITE:0-0
431404-431409,2,2,83042406c3,,WRITE:0-0
431409-43140e,1,1,e906000000,,WRITE:0-0
431414-431424,2,3,811d9dba41007ff8a70850e801000000,m,WRITE:41ba9d-0
431425-43142e,2,3,83c40458e901000000,,WRITE:0-0
43142f-43143a,2,3,bf1215430050e801000000,,WRITE:0-0
43143b-431444,2,3,83c40458e905000000,,WRITE:0-0
431449-431452,2,4,684686a5ed42597c03,,WRITE:0-0
431452-431454,1,1,7d01,,WRITE:0-0
431455-43145a,1,1,e905000000,,WRITE:0-0
43145f-431470,2,4,bb2167a2004d81c324995dffe801000000,,WRITE:0-0
431471-43147f,2,5,83c404c1e5ef8b0750e801000000,,WRITE:0-0
431477-43147f,69,3,8b0750e801000000,,WRITE:0-0
431480-43148a,70,3,83c404580f8c02000000,,WRITE:0-0
43148a-431493,70,3,8beb33c1e801000000,,WRITE:0-0
431494-4314a0,70,4,83c404f9c1c00ae801000000,,WRITE:0-0
4314a1-4314a9,70,2,83c404e90c000000,,WRITE:0-0
4314b5-4314bf,70,4,83c7042b0783ef04eb01,,WRITE:0-0
4314c0-4314c7,70,3,661beb8907eb01,m,WRITE:431512-431622
4314c8-4314d4,70,3,4e81c136cdb637e801000000,,WRITE:0-0
4314d5-4314e5,70,4,83c40485ea81c704000000e801000000,,WRITE:0-0
4314e6-4314fe,70,5,83c4042bf7810535ba4100a5f17f9083c3ff0f8579ffffff,m,WRITE:41ba35-41ba35
4314fe-431504,2,2,50e801000000,,WRITE:0-0
431505-43150f,2,3,83c404580f8403000000,,WRITE:0-0
43150f-431518,2,3,668bd650e801000000,,WRITE:0-0
431519-431522,2,3,83c40458e883ddffff,,WRITE:0-0
431522-431527,1,1,e903000000,,WRITE:0-0
43152a-431531,2,2,682d1643007002,,WRITE:0-0
431531-431536,2,3,85f15feb01,,WRITE:0-0
431537-43153c,1,1,e909000000,,WRITE:0-0
431545-431563,2,6,81051db941009cdca512ba0e7fc61c6633f281c25a97a4d250e801000000,m,WRITE:41b91d-0
431564-43156d,2,3,83c40458e902000000,,WRITE:0-0
43156f-431576,2,2,bd7f918e777402,,WRITE:0-0
431576-431584,2,4,85f181ed2f918e7750e801000000,,WRITE:0-0
431585-43158e,2,3,83c40458e817ddffff,,WRITE:0-0
43158e-43159c,2,4,85de6681e6ed718b07e801000000,,WRITE:0-0
431595-43159c,80,2,8b07e801000000,,WRITE:0-0
43159d-4315a2,81,2,83042406c3,,WRITE:0-0
4315a2-4315ab,81,4,fc03c250e801000000,,WRITE:0-0
4315ac-4315ba,81,6,83c40458fc4bc1c002e801000000,,WRITE:0-0
4315bb-4315c3,81,2,83c404e908000000,,WRITE:0-0
4315cb-4315d0,81,2,2b47047e03,,WRITE:0-0
4315d0-4315d2,61,1,7f01,,WRITE:0-0
4315d3-4315d8,80,1,e905000000,,WRITE:0-0
4315dd-4315e1,81,2,89077203,m,WRITE:43162d-431769
4315e1-4315e3,54,1,7301,,WRITE:0-0
4315e4-4315ea,80,1,0f8305000000,,WRITE:0-0
4315ea-4315fd,27,5,6681ee390887ce81f2525a2a9350e801000000,,WRITE:0-0
4315ef-4315fd,55,4,87ce81f2525a2a9350e801000000,,WRITE:0-0
4315fe-431609,81,6,83c40458fcfc83c7047603,,WRITE:0-0
431609-43160b,80,1,7701,,WRITE:0-0
43160c-431611,80,1,e828c7ffff,,WRITE:0-0
431611-431616,80,1,e901000000,,WRITE:0-0
431617-431620,81,2,83ed010f8575ffffff,,WRITE:0-0
431620-431622,1,1,7603,,WRITE:0-0
431625-43162b,1,1,0f8b02000000,,WRITE:0-0
43162b-43163b,2,6,85d961538f0509b9410060e801000000,m,WRITE:41b909-0
43163c-431641,2,2,83c4047603,,WRITE:0-0
431641-431653,2,4,661bde6681d98d52b872174300e801000000,,WRITE:0-0
431654-43165c,2,2,83c404e909000000,,WRITE:0-0
431665-431670,2,2,bdf38c64fd0f8702000000,,WRITE:0-0
431672-43167e,2,3,81c5c1a63ec750e801000000,,WRITE:0-0
43167f-43169d,2,9,83c40458bf6c3ba7c94bbe74dc548ac1f91581c6c423ab7550e801000000,,WRITE:0-0
43169e-4316a7,2,3,83c40458e904000000,,WRITE:0-0
4316ab-4316bc,2,3,81259db94100b72c3f148b10e801000000,m,WRITE:41b99d-0
4316b5-4316bc,56,2,8b10e801000000,,WRITE:0-0
4316bd-4316ce,57,5,83c40466b90b6d81f35f5b95812bd5eb01,,WRITE:0-0
4316cf-4316d4,56,1,e907000000,,WRITE:0-0
4316db-4316ed,57,3,811dd5b941001a3e9ebfc1ca1be801000000,m,WRITE:41b9d5-41b9d5
4316ee-4316f6,57,2,83c404e904000000,,WRITE:0-0
4316fa-431707,57,4,83c004331083e804e801000000,,WRITE:0-0
431708-43170d,57,2,83042406c3,,WRITE:0-0
43170d-431712,56,1,e905000000,,WRITE:0-0
431717-43171e,57,2,8910e801000000,m,WRITE:431772-43184e
43171f-431728,57,2,83c4040f8501000000,,WRITE:0-0
431729-431731,57,2,81ede40119c2eb01,,WRITE:0-0
431732-431737,56,1,e90d000000,,WRITE:0-0
431744-43174f,57,2,81c004000000e801000000,,WRITE:0-0
431750-431758,57,2,83c404e90a000000,,WRITE:0-0
431762-43176b,57,2,83ee010f854affffff,,WRITE:0-0
43176b-43176d,1,1,eb01,,WRITE:0-0
43176e-431777,2,3,d3f987f9e801000000,,WRITE:0-0
431778-43177d,2,2,83042406c3,,WRITE:0-0
43177d-431782,1,1,e823dbffff,,WRITE:0-0
431782-43178b,2,4,4bfcb959184300eb01,,WRITE:0-0
43178c-43178e,1,1,7202,,WRITE:0-0
43178e-43179f,2,5,85d3bf54232d322bdd81f71b62d9c97603,,WRITE:0-0
43179f-4317a1,1,1,7701,,WRITE:0-0
4317a2-4317a7,1,1,e901000000,,WRITE:0-0
4317a8-4317b3,2,2,68410000000f8202000000,,WRITE:0-0
4317b3-4317b8,2,3,85f258eb01,,WRITE:0-0
4317b9-4317c3,2,4,85f28b2950e801000000,,WRITE:0-0
4317bb-4317c3,65,3,8b2950e801000000,,WRITE:0-0
4317c4-4317cd,66,3,83c40458e86cc5ffff,,WRITE:0-0
4317cd-4317d6,66,4,4e03ef50e801000000,,WRITE:0-0
4317d7-4317e8,66,6,83c4045887d3c1c271c1cd14e801000000,,WRITE:0-0
4317e9-4317f1,66,2,83c404e903000000,,WRITE:0-0
4317f4-4317fe,66,4,83e9fc332983c1fc7803,,WRITE:0-0
4317fe-431800,65,1,7901,,WRITE:0-0
431801-431806,65,1,e908000000,,WRITE:0-0
43180e-431816,66,3,892950e801000000,m,WRITE:431859-431959
431817-43181d,66,3,83c404587802,,WRITE:0-0
43181d-43182e,66,5,8bdfc1db6581c705c61d4850e801000000,,WRITE:0-0
43182f-43183a,66,5,83c4045885f383c104eb01,,WRITE:0-0
43183b-431848,66,3,66c1db5983c0ff0f8573ffffff,,WRITE:0-0
431848-43184d,1,1,e801000000,,WRITE:0-0
43184e-431856,2,2,83c404e903000000,,WRITE:0-0
431859-43185e,1,1,e801000000,,WRITE:0-0
43185f-431864,2,2,83042406c3,,WRITE:0-0
431864-431875,2,4,66c1d7276613f5b861194300e801000000,,WRITE:0-0
431876-43187b,2,2,83042406c3,,WRITE:0-0
43187b-431880,1,1,e904000000,,WRITE:0-0
431884-431896,2,5,bb97e2bada4181f3a1c5dea050e801000000,,WRITE:0-0
431897-4318ae,2,7,83c404584ebd56b917bad3c781c5e346e845e801000000,,WRITE:0-0
4318af-4318ba,2,4,83c40466c1d67a8b107e03,,WRITE:0-0
4318b6-4318ba,57,2,8b107e03,,WRITE:0-0
4318ba-4318bc,57,1,7f01,,WRITE:0-0
4318bd-4318c2,57,1,e90a000000,,WRITE:0-0
4318cc-4318da,58,3,811565b84100ab0a518e03d3eb01,m,WRITE:41b865-41b865
4318db-4318e0,57,1,e904000000,,WRITE:0-0
4318e4-4318ec,58,2,c1ca12e801000000,,WRITE:0-0
4318ed-4318f2,58,2,83042406c3,,WRITE:0-0
4318f2-4318f7,57,1,e902000000,,WRITE:0-0
4318f9-4318fe,58,2,2b5004eb01,,WRITE:0-0
4318ff-431904,57,1,e8a1d9ffff,,WRITE:0-0
431904-43190b,58,3,668bf18910eb01,m,WRITE:431961-431a41
43190c-431919,58,4,47f881f3f9b186c0e801000000,,WRITE:0-0
43191a-431922,58,2,83c404e90b000000,,WRITE:0-0
43192d-431938,58,2,81c004000000e801000000,,WRITE:0-0
431939-431941,58,2,83c404e90a000000,,WRITE:0-0
43194b-431959,58,4,568f0589ba41004d0f855dffffff,m,WRITE:41ba89-41ba89
431959-43195b,1,1,eb01,,WRITE:0-0
43195c-431966,2,2,b9f78b0684e801000000,,WRITE:0-0
431967-43196c,2,2,83042406c3,,WRITE:0-0
43196c-431976,2,3,6603d5be4c1a4300eb01,,WRITE:0-0
431977-431979,1,1,7605,,WRITE:0-0
431979-43198d,2,5,6681f3f3d0bd2f2ec38685d081f5e3288454eb01,,WRITE:0-0
43198e-431993,1,1,e90b000000,,WRITE:0-0
43199e-4319b3,2,4,bf2637589e6681c3746581c71fc9a761e801000000,,WRITE:0-0
4319b4-4319b9,2,2,83042406c3,,WRITE:0-0
4319b9-4319be,2,3,fc8b0e7c03,,WRITE:0-0
4319ba-4319be,69,2,8b0e7c03,,WRITE:0-0
4319be-4319c0,69,1,7d01,,WRITE:0-0
4319c1-4319c9,70,3,4a2bcde801000000,,WRITE:0-0
4319ca-4319d7,70,4,83c40487dac1c112e801000000,,WRITE:0-0
4319d8-4319dd,70,2,83c4047d04,,WRITE:0-0
4319e1-4319e3,69,1,7d01,,WRITE:0-0
4319e4-4319f1,70,4,83c604030e83ee04e801000000,,WRITE:0-0
4319f2-4319f7,70,2,83042406c3,,WRITE:0-0
4319f7-431a00,70,3,d3da890ee801000000,m,WRITE:431a4c-431b5c
431a01-431a09,70,2,83c404e903000000,,WRITE:0-0
431a0c-431a17,70,2,81edc4b0f35ee801000000,,WRITE:0-0
431a18-431a29,70,5,83c404f885c381eefcffffffe801000000,,WRITE:0-0
431a2a-431a2f,70,2,83042406c3,,WRITE:0-0
431a2f-431a3f,70,4,4081c8f0f5aac783c7ff0f857bffffff,,WRITE:0-0
431a3f-431a45,2,2,50e801000000,,WRITE:0-0
431a46-431a4e,2,5,83c40458fc4aeb01,,WRITE:0-0
431a4f-431a60,2,5,b964ef526368651b4300455ee801000000,,WRITE:0-0
431a61-431a66,2,2,83042406c3,,WRITE:0-0
431a66-431a6b,1,1,e902000000,,WRITE:0-0
431a6d-431a7f,2,4,538f05adba4100681f9c1aa40f8d02000000,m,WRITE:41baad-0
431a81-431a87,2,2,5be801000000,,WRITE:0-0
431a88-431a8d,2,2,83042406c3,,WRITE:0-0
431a8d-431a9e,2,6,4d13efbf6dd81f05f881ef26d81f05eb01,,WRITE:0-0
431a9f-431aa5,1,1,0f8401000000,,WRITE:0-0
431aa5-431ab1,2,5,4a6681ddb310ad83ee047403,,WRITE:0-0
431aab-431ab1,71,3,ad83ee047403,,WRITE:0-0
431ab1-431ab3,71,1,7501,,WRITE:0-0
431ab4-431ab9,71,1,e8ecd7ffff,,WRITE:0-0
431ab9-431abe,71,1,e90d000000,,WRITE:0-0
431acb-431adc,72,3,8135e1ba4100df72d85c03c3e801000000,m,WRITE:41bae1-41bae1
431add-431ae5,72,2,83c404e901000000,,WRITE:0-0
431ae6-431aeb,72,2,c1c0037e03,,WRITE:0-0
431aeb-431aed,71,1,7f01,,WRITE:0-0
431aee-431af8,72,4,4533460450e801000000,,WRITE:0-0
431af9-431b09,72,6,83c4045833d766d3d28906e801000000,m,WRITE:431b65-431c7d
431b0a-431b0f,72,2,83042406c3,,WRITE:0-0
431b0f-431b11,71,1,7405,,WRITE:0-0
431b11-431b22,72,4,b9c8a01cbf81eb5a43651f50e801000000,,WRITE:0-0
431b23-431b2d,72,3,83c404580f8701000000,,WRITE:0-0
431b2e-431b42,72,5,42810d91ba41001b7741ef83c60450e801000000,m,WRITE:41ba91-41ba91
431b43-431b55,72,6,83c4045887ea668bcf83c7ff0f8556ffffff,,WRITE:0-0
431b55-431b5a,1,1,e801000000,,WRITE:0-0
431b5b-431b63,2,2,83c404e902000000,,WRITE:0-0
431b65-431b70,2,5,61508f05c9b9410060eb01,m,WRITE:41b9c9-0
431b71-431b77,2,2,66c1e5b47b02,,WRITE:0-0
431b77-431b84,2,4,87d3bf871c430050e801000000,,WRITE:0-0
431b85-431b8d,2,4,83c4045885eb7c01,,WRITE:0-0
431b8d-431b9a,2,5,f86822b2e9eff959e801000000,,WRITE:0-0
431b9b-431ba0,2,2,83042406c3,,WRITE:0-0
431ba0-431bb1,2,3,81ed6e452173b88f460ab20f8a05000000,,WRITE:0-0
431bb1-431bbe,2,3,6681cb5bf781e849460ab2eb01,,WRITE:0-0
431bbf-431bce,2,4,66d3c26681e5f2e98b37e801000000,,WRITE:0-0
431bc7-431bce,70,2,8b37e801000000,,WRITE:0-0
431bcf-431bd7,71,3,83c404668be87101,,WRITE:0-0
431bd8-431be6,71,3,8105e1b8410005952d2e03f1eb01,m,WRITE:41b8e1-41b8e1
431be7-431bec,70,1,e902000000,,WRITE:0-0
431bee-431bf6,71,2,c1ce09e801000000,,WRITE:0-0
431bf7-431bff,71,2,83c404e905000000,,WRITE:0-0
431c04-431c11,71,4,83c704033783ef04e801000000,,WRITE:0-0
431c12-431c17,71,2,83042406c3,,WRITE:0-0
431c17-431c1c,70,1,e889d6ffff,,WRITE:0-0
431c1c-431c26,71,3,668bd08937e801000000,m,WRITE:431c87-431d9b
431c27-431c2f,71,2,83c404e901000000,,WRITE:0-0
431c30-431c3b,71,2,81c1f1a2cf1ae801000000,,WRITE:0-0
431c3c-431c41,71,2,83042406c3,,WRITE:0-0
431c41-431c46,70,1,e909000000,,WRITE:0-0
431c4f-431c5a,71,2,81effcffffffe801000000,,WRITE:0-0
431c5b-431c60,71,2,83042406c3,,WRITE:0-0
431c60-431c65,70,1,e906000000,,WRITE:0-0
431c6b-431c72,71,2,480f8555ffffff,,WRITE:0-0
431c72-431c78,2,2,50e801000000,,WRITE:0-0
431c79-431c82,2,3,83c40458e905000000,,WRITE:0-0
431c87-431c8c,1,1,e801000000,,WRITE:0-0
431c8d-431c96,2,2,83c4040f8b01000000,,WRITE:0-0
431c97-431ca2,2,2,68a51d43000f8303000000,,WRITE:0-0
431ca5-431ca8,2,2,5b7c03,,WRITE:0-0
431ca8-431caa,1,1,7d01,,WRITE:0-0
431cab-431cbb,2,5,d3c7bed7979f114881ee2c1732feeb01,,WRITE:0-0
431cbc-431cd0,2,6,4ff9bdc3d909448bfe81f580d90944e801000000,,WRITE:0-0
431cd1-431cd9,2,2,83c404e908000000,,WRITE:0-0
431ce1-431ce8,68,2,8b0be801000000,,WRITE:0-0
431ce9-431cf1,68,2,83c404e901000000,,WRITE:0-0
431cf2-431cf9,68,2,33cee801000000,,WRITE:0-0
431cfa-431d02,68,2,83c404e909000000,,WRITE:0-0
431d0b-431d1a,68,3,8115e5b84100f09b4ca9c1c905eb01,m,WRITE:41b8e5-41b8e5
431d1b-431d21,67,1,0f8205000000,,WRITE:0-0
431d21-431d2c,34,2,6681c0edc70f8901000000,,WRITE:0-0
431d26-431d2c,34,1,0f8901000000,,WRITE:0-0
431d2c-431d37,33,5,4783ebfc330b83eb047a03,,WRITE:0-0
431d2d-431d37,36,4,83ebfc330b83eb047a03,,WRITE:0-0
431d37-431d39,33,1,7b01,,WRITE:0-0
431d3a-431d47,68,4,81d25046ab0f66d3e7890beb01,m,WRITE:431da5-431ead
431d48-431d4d,67,1,e909000000,,WRITE:0-0
431d56-431d61,68,2,81c67543a686e801000000,,WRITE:0-0
431d62-431d6a,68,2,83c404e909000000,,WRITE:0-0
431d73-431d7c,68,3,83c30450e801000000,,WRITE:0-0
431d7d-431d86,68,3,83c40458e908000000,,WRITE:0-0
431d8e-431d97,68,2,83ed010f854affffff,,WRITE:0-0
431d97-431d9d,2,2,50e801000000,,WRITE:0-0
431d9e-431da7,2,5,83c40458d3f8477e03,,WRITE:0-0
431da7-431da9,1,1,7f01,,WRITE:0-0
431daa-431db9,2,3,bfd622acf6bab81e4300e801000000,,WRITE:0-0
431dba-431dc1,2,3,83c40487f87903,,WRITE:0-0
431dc4-431dcf,2,2,68f3827a720f8303000000,,WRITE:0-0
431dd2-431dd8,2,2,59e801000000,,WRITE:0-0
431dd9-431de1,2,2,83c404e905000000,,WRITE:0-0
431de6-431df0,2,2,bba4000000e801000000,,WRITE:0-0
431df1-431df6,2,2,83042406c3,,WRITE:0-0
431df6-431dfc,1,1,0f8c01000000,,WRITE:0-0
431dfc-431e04,2,3,4e8b2ae801000000,,WRITE:0-0
431dfd-431e04,164,2,8b2ae801000000,,WRITE:0-0
431e05-431e0a,165,2,83042406c3,,WRITE:0-0
431e0a-431e13,165,2,66d3e70f8702000000,,WRITE:0-0
431e13-431e19,165,3,87c72be97803,,WRITE:0-0
431e19-431e1b,78,1,7901,,WRITE:0-0
431e1c-431e29,165,4,66bf2828c1c50e50e801000000,,WRITE:0-0
431e2a-431e36,165,4,83c404580bf70f8001000000,,WRITE:0-0
431e36-431e44,165,5,4083c204332a83ea04e801000000,,WRITE:0-0
431e45-431e4a,165,2,83042406c3,,WRITE:0-0
431e4a-431e4f,164,1,e856d4ffff,,WRITE:0-0
431e4f-431e54,164,1,e904000000,,WRITE:0-0
431e58-431e5c,165,2,892a7803,m,WRITE:431eb8-432144
431e5c-431e5e,164,1,7901,,WRITE:0-0
431e5f-431e64,164,1,e904000000,,WRITE:0-0
431e68-431e74,165,3,81f1e04e020b50e801000000,,WRITE:0-0
431e75-431e91,165,7,83c40458d3d048810d45b841007359c03681c204000000e801000000,m,WRITE:41b845-41b845
431e92-431e97,165,2,83042406c3,,WRITE:0-0
431e97-431eac,165,4,8bfe810d85ba4100bf44ce9183c3ff0f8551ffffff,m,WRITE:41ba85-41ba85
431eac-431eb1,1,1,e801000000,,WRITE:0-0
431eb2-431eb7,2,2,83042406c3,,WRITE:0-0
431eb7-431ebd,2,2,4fe84392ffff,,WRITE:0-0
431ebd-431ec4,2,2,6a00e80a000000,,WRITE:0-0
431ece-431ed3,1,1,e825000000,,WRITE:0-0
431ef8-431efa,2,2,6a00,,WRITE:0-0
4321be-4321d9,3,9,c80c0000fc5357568b7424208b7c242466813e4a430f85b1020000,,WRITE:0-0
4321d9-4321f0,3,7,83c60633dbba00000080c7442414080000004303d2750c,,WRITE:0-0
4321ec-4321f0,29525,2,03d2750c,,WRITE:0-0
4321f0-4321fe,926,9,909090908b1683c604f913d27328,,WRITE:0-0
4321fc-4321fe,28601,1,7328,,WRITE:0-0
4321fe-43220c,15658,8,909090908b4c241033c003d2750c,,WRITE:0-0
432208-43220c,109600,2,03d2750c,,WRITE:0-0
43220c-43221d,3954,11,909090908b1683c604f913d213c04975eb,,WRITE:0-0
432218-43221d,121304,3,13c04975eb,,WRITE:0-0
43221d-432226,15658,4,0244240c880747ebc6,anm,WRITE:401000-4198b1
432221-432226,206,3,880747ebc6,am,WRITE:40100a-4199ff
432226-43222a,13870,2,03d2750c,,WRITE:0-0
43222a-43223c,448,9,909090908b1683c604f913d20f825f010000,,WRITE:0-0
432236-43223c,13422,1,0f825f010000,,WRITE:0-0
43223c-432240,5666,2,03d2750c,,WRITE:0-0
432240-432252,164,9,909090908b1683c604f913d20f83cf000000,,WRITE:0-0
43224c-432252,5502,1,0f83cf000000,,WRITE:0-0
432252-43225d,2633,4,b90400000033c003d2750c,,WRITE:0-0
432259-43225d,7897,2,03d2750c,,WRITE:0-0
43225d-43226e,357,11,909090908b1683c604f913d213c04975eb,,WRITE:0-0
432269-43226e,10173,3,13c04975eb,,WRITE:0-0
43226e-432271,2633,2,4874b0,,WRITE:0-0
432271-432277,2427,1,0f8903020000,,WRITE:0-0
432277-43227b,4,2,03d2750c,,WRITE:0-0
432287-432289,3,1,7342,,WRITE:0-0
4322cb-4322d6,4,4,b90100000033c003d2750c,,WRITE:0-0
4322e2-4322e7,4,3,13c04975eb,,WRITE:0-0
4322e7-4322fc,4,5,83c00789442410c644240c0083f8080f84f0feffff,,WRITE:0-0
432321-43232c,3034,4,b90700000033c003d2750c,,WRITE:0-0
432328-43232c,18199,2,03d2750c,,WRITE:0-0
43232c-43233d,647,11,909090908b1683c604f913d213c04975eb,,WRITE:0-0
432338-43233d,20586,3,13c04975eb,,WRITE:0-0
43233d-43234a,3034,5,8be8b90200000033c003d2750c,,WRITE:0-0
432346-43234a,3034,2,03d2750c,,WRITE:0-0
43234a-43235b,191,11,909090908b1683c604f913d213c04975eb,,WRITE:0-0
432356-43235b,5877,3,13c04975eb,,WRITE:0-0
43235b-432366,3034,5,8bc88bc583c10285c0740b,,WRITE:0-0
432366-432371,3031,6,909090908bd8e90a010000,,WRITE:0-0
432371-43237a,4,2,83f9020f8410010000,,WRITE:0-0
43237a-432381,2,4,4133c003d2750c,,WRITE:0-0
43237d-432381,4,2,03d2750c,,WRITE:0-0
43238d-432392,5,3,13c04975eb,,WRITE:0-0
432392-43239b,2,2,89442414e951feffff,,WRITE:0-0
43239b-4323a4,8205,3,b90100000003d2750c,,WRITE:0-0
4323a0-4323a4,12394,2,03d2750c,,WRITE:0-0
4323a4-4323b6,642,11,909090908b1683c604f913d213c903d2750c,,WRITE:0-0
4323b0-4323b6,19957,3,13c903d2750c,,WRITE:0-0
4323b6-4323c4,664,9,909090908b1683c604f913d272dc,,WRITE:0-0
4323c2-4323c4,19934,1,72dc,,WRITE:0-0
4323c4-4323c8,8205,3,49497534,,WRITE:0-0
4323c8-4323d7,1541,8,909090908bc3b90100000003d2750c,,WRITE:0-0
4323d3-4323d7,1172,2,03d2750c,,WRITE:0-0
4323d7-4323e9,76,11,909090908b1683c604f913d213c903d2750c,,WRITE:0-0
4323e3-4323e9,2637,3,13c903d2750c,,WRITE:0-0
4323e9-4323f7,73,9,909090908b1683c604f913d272dc,,WRITE:0-0
4323f5-4323f7,2639,1,72dc,,WRITE:0-0
4323f7-4323fc,1540,1,e97f000000,,WRITE:0-0
4323fc-43240f,6665,9,498bc18b4c24148be833c0d3e533c003d2750c,,WRITE:0-0
43240b-43240f,48439,2,03d2750c,,WRITE:0-0
43240f-432420,1720,11,909090908b1683c604f913d213c04975eb,,WRITE:0-0
43241b-432420,53384,3,13c04975eb,,WRITE:0-0
432420-43242d,6665,5,0bc58bd8b90100000003d2750c,,WRITE:0-0
432429-43242d,3135,2,03d2750c,,WRITE:0-0
43242d-43243f,320,11,909090908b1683c604f913d213c903d2750c,,WRITE:0-0
432439-43243f,9480,3,13c903d2750c,,WRITE:0-0
43243f-43244d,254,9,909090908b1683c604f913d272dc,,WRITE:0-0
43244b-43244d,9545,1,72dc,,WRITE:0-0
43244d-432454,6665,2,3d000001007324,,WRITE:0-0
432454-43245f,6665,6,909090903dff370000731a,,WRITE:0-0
43245f-43246a,5888,6,909090903d7f0200007310,,WRITE:0-0
43246a-432473,2667,6,9090909083f87f7708,,WRITE:0-0
432473-43248a,426,20,90909090414141418bee8bf72bf0f3a48bf5e962fdffff,am,WRITE:40108a-4199fc
432479-43248a,778,11,41418bee8bf72bf0f3a48bf5e962fdffff,am,WRITE:404edb-41174d
43247a-43248a,5646,7,418bee8bf72bf0f3a48bf5e962fdffff,am,WRITE:401003-4198af
43247b-43248a,6812,19,8bee8bf72bf0f3a48bf5e962fdffff,am,WRITE:401012-41989f
43248a-43249b,3,8,8bc72b4424248d6c24185e5f5bc9c20800,,WRITE:0-0
