4016c0-4016e2,2,10,81ec14020000535556576a00c74424140000000083cdffc644241800ff1558714000,,WRITE:0-0
4016e2-4016ec,2,2,6884844000e8090c0000,,WRITE:0-0
4016ec-4016f9,2,3,83c4046858844000e8fc0b0000,,WRITE:0-0
4016f9-401706,2,3,83c404680c844000e8ef0b0000,,WRITE:0-0
401706-401710,2,2,68f8834000e850020000,,WRITE:0-0
401710-401717,2,3,83c40885c07510,,WRITE:0-0
401717-401727,2,7,5f5e5db8010000005b81c414020000c3,,WRITE:0-0
401860-401875,2,8,83ec085356578b3da884400085ffbe01000000741b,,WRITE:0-0
401875-401890,2,323,baa884400083c9ff33c0f2ae8b7a0483c204f7d14903f185ff75ea,,WRITE:0-0
40187a-401890,480,190,83c9ff33c0f2ae8b7a0483c204f7d14903f185ff75ea,,WRITE:0-0
401890-401896,2,2,56e8c10a0000,,WRITE:0-0
401896-4018a9,2,6,8b3da884400083c40433db8944240c85ff7458,,WRITE:0-0
4018a9-4018f5,2,732,55bda88440008bd58d341883c9ff33c089742414f2aef7d12bf983c2048bc18bf78b7c2414c1e902f3a58bc833c083e103f3a48b7d0083c9fff2ae8b3a8b442410f7d1498bea03d985ff75bc,,WRITE:dd50048-dd50180
4018b1-4018f5,480,432,8d341883c9ff33c089742414f2aef7d12bf983c2048bc18bf78b7c2414c1e902f3a58bc833c083e103f3a48b7d0083c9fff2ae8b3a8b442410f7d1498bea03d985ff75bc,,WRITE:dd50180-dd6ad50
4018f5-401901,2,7,5d5fc60418005e5b83c408c3,,WRITE:dd6ad4f-0
401910-40192d,28,109845,8b5424045356578b3283c9ff8bfe33c0f2ae8b442418f7d1493bc17e02,,WRITE:0-0
40192d-401957,2,879,8bc18b7c24148bc88bd9c1e902f3a58bcb83e103f3a48b4c241c5f5e5b89018b0a03c833c0890ac21000,,WRITE:5b3384-19f658
40192f-401957,27,1040,8b7c24148bc88bd9c1e902f3a58bcb83e103f3a48b4c241c5f5e5b89018b0a03c833c0890ac21000,,WRITE:5b3384-19f658
401960-401988,2,11,81ec100100008b84241401000053508d4c241433db682827420051895c2414895c2410e8430a0000,,WRITE:0-0
401988-4019a0,2,7,83c40c8d5424088d44241052506801000080ff1514704000,,WRITE:0-0
4019a0-4019a4,2,2,85c07524,,WRITE:0-0
4019a4-4019c8,2,11,8b4424088d4c240c8d54240451525353681827420050c744242404000000ff1510704000,,WRITE:0-0
4019c8-4019d2,2,2,395c24040f85ff010000,,WRITE:0-0
4019d2-4019e1,2,5,565768e80300006a40ff1540704000,,WRITE:0-0
4019e1-4019f1,2,4,8bf068082742008d7e12ff153c704000,,WRITE:0-0
4019f1-401a28,2,13,c706d008c88066895e0a66895e0c66c7460e380166c74610b40066c74608040066891f83c70268e426420066891f83c70257e878050000,,WRITE:5a5188-5a519c
401a28-401a3e,2,6,8d3c4768c826420066c707080083c70257e862050000,,WRITE:5a51c2-0
401a3e-401a47,2,3,8d044750e849050000,,WRITE:0-0
401a47-401a89,2,14,8d781266c74008c90066c7400a9f0066c7400c320066c7400e0e0066c740100100c7000000015066c707ffff83c70268b826420066c707800083c70257e817050000,,WRITE:5a51e8-5a51f4
401a89-401a98,2,5,8d044766891883c00250e8f8040000,,WRITE:5a5204-0
401a98-401ada,2,14,8d781266c74008ff0066c7400a9f0066c7400c320066c7400e0e0066c740100200c7000000015066c707ffff83c70268a426420066c707800083c70257e8c6040000,,WRITE:5a5210-5a521c
401ada-401ae9,2,5,8d044766891883c00250e8a7040000,,WRITE:5a5230-0
401ae9-401b2e,2,15,bb070000008d78126689580866c7400a9f0066c7400c320066c7400e0e0066c74010f501c7000000015066c707ffff83c70266c707800083c702689426420057e872040000,,WRITE:5a523c-5a5248
401b2e-401b3f,2,5,8d044766c700000083c00250e851040000,,WRITE:5a5258-0
401b3f-401b6d,2,10,8d7812688026420057668958086689580a66c7400c2a0166c7400e900066c74010f401c7004418a150e833040000,,WRITE:5a5264-5a525c
401b6d-401b7e,2,5,83c4408d3c4768a426420057e822040000,,WRITE:0-0
401b7e-401b9f,2,9,8b8c242801000083c40866c7044700005168f01b40006a00566a00ff1524714000,,WRITE:5a5292-0
401b9f-401baa,2,3,5689442410ff1538704000,,WRITE:0-0
401baa-401bb4,2,5,8b44240c5f85c05e741b,,WRITE:0-0
401bcf-401bdc,2,4,33db8b4c240851ff1508704000,,WRITE:0-0
401bdc-401bef,2,7,8b4c240433c03bcb5b0f95c081c410010000c3,,WRITE:0-0
401bf0-401c05,92,4,8b44240881ec140100002d100100000f84bf000000,,WRITE:0-0
401c05-401c08,91,2,487432,,WRITE:0-0
401c08-401c0d,90,2,83e8277546,,WRITE:0-0
401c3a-401c49,2,4,8b84242001000025ffff000048745d,,WRITE:0-0
401c49-401c4c,2,2,48743c,,WRITE:0-0
401c53-401c5e,90,3,33c081c414010000c21000,,WRITE:0-0
401c88-401c98,2,4,8b9424180100006a0052ff1518714000,,WRITE:0-0
401c98-401ca6,2,3,b80100000081c414010000c21000,,WRITE:0-0
401cc4-401ccd,2,5,53555657e893fbffff,,WRITE:0-0
401ccd-401d02,2,12,8b9424340100008bf0528d4424248d4c24146844274200508974241c894c2420c744242400000000c744242810194000e8c9060000,,WRITE:0-0
401d02-401d18,2,6,8bbc243401000083c40c8d4c24205157ff1528714000,,WRITE:0-0
401d18-401d32,2,7,8b1d1071400068000010006a00683504000068f401000057ffd3,,WRITE:0-0
401d32-401d3b,2,3,8b2d2071400050ffd5,,WRITE:0-0
401d3b-401d4f,2,7,8d542414526a02684904000068f401000057ffd3,,WRITE:0-0
401d4f-401d52,2,2,50ffd5,,WRITE:0-0
401d52-401d58,2,2,56e8c5060000,,WRITE:0-0
401d58-401d6d,2,8,83c404b8010000005f5e5d5b81c414010000c21000,,WRITE:0-0
401f90-401f9a,5,4,8b44240483c00324fcc3,,WRITE:0-0
401fa0-401fac,8,5,56578b7c241057e8b2000000,,WRITE:0-0
401fac-401fba,8,6,8bf08b442410575046e892040000,,WRITE:0-0
401fba-401fc2,8,5,83c40c8bc65f5ec3,,WRITE:0-0
40205e-40206b,182,4,8b4c2404668339008d4102740a,,WRITE:0-0
40206b-402075,13422,5,668b1040406685d275f6,,WRITE:0-0
402075-40207b,182,4,2bc1d1f848c3,,WRITE:0-0
40212f-402138,4,4,568b74240885f67509,,WRITE:0-0
402141-402147,4,2,56e823000000,,WRITE:0-0
402147-40214c,4,3,85c0597405,,WRITE:0-0
402151-402157,4,2,f6460d40740f,,WRITE:0-0
402166-40216a,4,3,33c05ec3,,WRITE:0-0
40216a-402180,7,10,53568b74240c33db578b460c8bc883e10380f9027537,,WRITE:0-0
402180-402186,6,2,66a908017431,,WRITE:0-0
402186-402191,4,5,8b46088b3e2bf885ff7e26,,WRITE:0-0
402191-40219b,4,4,5750ff7610e8d5100000,,WRITE:0-0
40219b-4021a2,4,3,83c40c3bc7750e,,WRITE:0-0
4021a2-4021a9,4,3,8b460ca880740e,,WRITE:0-0
4021b7-4021c6,7,8,8b46088366040089065f8bc35e5bc3,nm,WRITE:42279c-4227b8
4021c6-4021cd,2,2,6a01e802000000,,WRITE:0-0
4021cd-4021cf,2,2,59c3,,WRITE:0-0
4021cf-4021e0,2,8,53565733f633db33ff3935004342007e4d,,WRITE:0-0
4021e0-4021ec,513,4,a1e83242008b04b085c07438,,WRITE:0-0
4021ec-4021f4,21,3,8b480cf6c1837430,,WRITE:0-0
4021f4-4021fb,4,2,837c241001750f,,WRITE:0-0
4021fb-402201,4,2,50e82effffff,,WRITE:0-0
402201-402207,4,3,83f8ff59741d,,WRITE:0-0
402207-40220a,4,2,43eb1a,,WRITE:0-0
402224-40222d,513,3,463b35004342007cb3,,WRITE:0-0
40222d-402236,2,3,837c2410018bc37402,,WRITE:0-0
402238-40223c,2,4,5f5e5bc3,,WRITE:0-0
40223c-402249,2,6,a100434200566a1485c05e7507,,WRITE:0-0
402249-402250,2,2,b800020000eb06,,WRITE:0-0
402256-402263,2,4,a3004342006a0450e865130000,nm,WRITE:424300-0
402263-40226e,2,5,59a3e832420085c0597521,nm,WRITE:4232e8-0
40228f-4022ac,2,8,33c9b8782742008b15e832420089041183c02083c1043df82942007cea,,WRITE:d429240-0
402296-4022ac,20,6,8b15e832420089041183c02083c1043df82942007cea,,WRITE:d429244-d42928c
4022ac-4022cc,2,10,33d2b9882742008bc28bf2c1f80583e61f8b0485e03142008b04f083f8ff7404,,WRITE:0-0
4022b3-4022cc,3,8,8bc28bf2c1f80583e61f8b0485e03142008b04f083f8ff7404,,WRITE:0-0
4022cc-4022d0,4,2,85c07503,,WRITE:0-0
4022d3-4022df,4,4,83c1204281f9e82742007cd4,,WRITE:0-0
4022df-4022e1,2,2,5ec3,,WRITE:0-0
4022e1-4022e6,1,1,e8e0feffff,,WRITE:0-0
4022e6-4022ef,2,2,803d682f4200007405,,WRITE:0-0
4022f5-402303,4,6,5356be982742005756e89c140000,,WRITE:0-0
402303-402314,4,6,8bf88d44241850ff74241856e899030000,,WRITE:0-0
402314-40231d,4,4,56578bd8e80f150000,,WRITE:0-0
40231d-402326,4,6,83c4188bc35f5e5bc3,,WRITE:0-0
402357-402366,90,3,ff357c2f4200ff742408e803000000,,WRITE:0-0
402366-402369,90,3,5959c3,,WRITE:0-0
402369-402370,90,2,837c2404e07722,,WRITE:0-0
402370-402379,90,2,ff742404e81c000000,,WRITE:0-0
402379-40237e,90,3,85c0597516,,WRITE:0-0
402395-4023a2,90,4,568b7424083b35142a4200770b,,WRITE:0-0
4023a2-4023a8,84,2,56e899200000,,WRITE:0-0
4023a8-4023ad,84,3,85c059751c,,WRITE:0-0
4023ad-4023b1,7,2,85f67503,,WRITE:0-0
4023b4-4023c9,7,6,83c60f83e6f0566a00ff35c4314200ff15bc704000,,WRITE:0-0
4023c9-4023cb,90,2,5ec3,,WRITE:0-0
4023cb-4023f9,3,15,558bec83ec208b4508568945e88945e08d4510c745ec42000000508d45e0ff750cc745e4ffffff7f50e870140000,,WRITE:0-0
4023f9-402403,3,4,83c40cff4de48bf07808,,WRITE:0-0
402403-40240b,3,3,8b45e0802000eb0d,,WRITE:19fc17-19f67b
402418-40241d,3,4,8bc65ec9c3,,WRITE:0-0
40241d-402426,3,4,568b74240885f67424,,WRITE:0-0
402426-40242c,3,2,56e8bf1c0000,,WRITE:0-0
40242c-402432,3,4,5985c056740a,,WRITE:0-0
40243c-40244a,3,3,6a00ff35c4314200ff15c0704000,,WRITE:0-0
40244a-40244c,3,2,5ec3,,WRITE:0-0
40244c-402465,91,10,8b4c24088b44240456668b118d700266891041416685d2740a,,WRITE:d430cc0-5a5280
40245e-402465,6611,4,41416685d2740a,,WRITE:0-0
402465-40246f,6611,5,668b116689164646ebef,,WRITE:d430cc2-5a5290
40246f-402471,91,2,5ec3,,WRITE:0-0
402471-40249d,2,14,558bec6aff6850744000686450400064a100000000506489250000000083ec105356578965e8ff15c4704000,,WRITE:2ea000-0
40249d-4024cf,2,13,33d28ad48915402f42008bc881e1ff000000890d3c2f4200c1e10803ca890d382f4200c1e810a3342f42006a00e8a21b0000,nm,WRITE:422f40-422f34
4024cf-4024d4,2,3,5985c07508,,WRITE:0-0
4024dc-4024e5,2,2,8365fc00e8380f0000,,WRITE:0-0
4024e5-4024ea,1,1,e8de290000,,WRITE:0-0
4024ea-4024f4,2,2,a3e4324200e867280000,nm,WRITE:4232e4-0
4024f4-4024fe,2,2,a3fc2e4200e834260000,nm,WRITE:422efc-0
4024fe-402503,1,1,e877250000,,WRITE:0-0
402503-402508,1,1,e895110000,,WRITE:0-0
402508-402524,2,6,a1582f4200a35c2f420050ff354c2f4200ff35442f4200e89cf1ffff,nm,WRITE:422f5c-0
402524-402530,2,4,83c40c8945e450e89a110000,,WRITE:0-0
4026ad-4026d4,4,14,558bec81ec500400008b450c83450c025333c9668b1856663bd957894df8894dec0f84fe060000,,WRITE:0-0
4026d4-4026d8,4,2,33f6eb03,,WRITE:0-0
4026d8-4026e4,71,3,8b4dc83975ec0f8cee060000,,WRITE:0-0
4026db-4026e4,4,2,3975ec0f8cee060000,,WRITE:0-0
4026e4-4026ec,74,4,6a205f663bdf7214,,WRITE:0-0
4026ec-4026f2,69,2,6683fb78770e,,WRITE:0-0
4026f2-402700,66,4,0fb7c38a806074400083e00feb02,,WRITE:0-0
402700-40271b,9,8,33c00fbe84c1807440006a07c1f804598945c83bc10f87a2060000,,WRITE:0-0
402702-40271b,66,7,0fbe84c1807440006a07c1f804598945c83bc10f87a2060000,,WRITE:0-0
40271b-402722,73,1,ff2485da2d4000,,WRITE:0-0
402848-40285c,74,6,8d45ecc745e40100000050ff750853e89e050000,,WRITE:0-0
40285c-402864,74,2,83c40ce959050000,,WRITE:0-0
402dbd-402dd2,74,6,8b450c83450c0233f6668b18663bde0f8506f9ffff,,WRITE:0-0
402dd2-402dda,4,6,8b45ec5f5e5bc9c3,,WRITE:0-0
402dfa-402e07,74,3,ff742408ff742408e8fe270000,,WRITE:0-0
402e07-402e13,74,5,59663dffff8b442410597504,,WRITE:0-0
402e17-402e1a,74,2,ff00c3,,WRITE:19fcd0-19fcd0
402e84-402e91,3,5,8b4424048300048b008b40fcc3,,WRITE:19fbb4-19f60c
403270-40328b,4,9,558bec81ec140400008b4d08533b0de032420056570f8379010000,,WRITE:0-0
40328b-4032ad,4,10,8bc18bf1c1f80583e61f8d1c85e0314200c1e6038b038a443004a8010f8457010000,,WRITE:0-0
4032ad-4032ba,4,5,33ff397d10897df8897df07507,,WRITE:0-0
4032c1-4032c5,4,2,a820740c,,WRITE:0-0
4032d1-4032df,4,4,8b0303c6f64004800f84c1000000,,WRITE:0-0
4032df-4032f1,4,5,8b450c397d108945fc897d080f86e7000000,,WRITE:0-0
4032f1-403302,4,5,8d85ecfbffff8b4dfc2b4d0c3b4d107329,,WRITE:0-0
4032f7-403302,74,4,8b4dfc2b4d0c3b4d107329,,WRITE:0-0
403302-40330f,74,5,8b4dfcff45fc8a0980f90a7507,,WRITE:0-0
40330f-40332b,6,10,ff45f0c6000d408808408bc88d95ecfbffff2bca81f9000400007ccc,,WRITE:19f8a0-19f8c6
403316-40332b,69,7,8808408bc88d95ecfbffff2bca81f9000400007ccc,,WRITE:19f8a2-19f8c2
40332b-40334e,4,12,8bf88d85ecfbffff2bf88d45f46a00508d85ecfbffff57508b03ff3430ff15e4704000,,WRITE:0-0
40334e-403352,4,2,85c07443,,WRITE:0-0
403352-40335c,4,4,8b45f40145f83bc77c0b,,WRITE:0-0
40335c-403367,4,4,8b45fc2b450c3b4510728a,,WRITE:0-0
403367-403374,4,4,33ff8b45f83bc70f858b000000,,WRITE:0-0
4033ff-403404,4,2,2b45f0eb14,,WRITE:0-0
403418-40341d,4,5,5f5e5bc9c3,,WRITE:0-0
40341d-40342e,2,7,83ec44535556576800010000e829efffff,,WRITE:0-0
40342e-403435,2,4,8bf05985f67508,,WRITE:0-0
40343d-403457,2,5,8935e0314200c705e0324200200000008d86000100003bf0731a,nm,WRITE:4231e0-4232e0
403453-403457,33,2,3bf0731a,,WRITE:0-0
403457-403471,33,7,80660400830effc646050aa1e031420083c6080500010000ebe2,,WRITE:d430ef4-d430fed
403471-40347c,2,3,8d44241050ff15b4704000,,WRITE:0-0
40347c-403488,2,2,66837c2442000f84c5000000,,WRITE:0-0
40354d-40355d,2,5,33dba1e0314200833cd8ff8d34d8754d,,WRITE:0-0
40354f-40355d,3,4,a1e0314200833cd8ff8d34d8754d,,WRITE:0-0
40355d-403565,4,3,85dbc64604817505,,WRITE:d430ef4-d430f04
403565-40356a,2,3,6af658eb0a,,WRITE:0-0
40356a-40357b,3,7,8bc348f7d81bc083c0f550ff15ec704000,,WRITE:0-0
403574-40357b,2,2,50ff15ec704000,,WRITE:0-0
40357b-403582,4,3,8bf883ffff7417,,WRITE:0-0
403582-403589,4,2,57ff15b8704000,,WRITE:0-0
403589-40358d,4,2,85c0740c,,WRITE:0-0
40358d-403599,4,4,25ff000000893e83f8027506,,WRITE:d430ef0-d430f00
403599-40359f,4,2,804e0440eb0f,,WRITE:d430ef4-d430f04
4035ae-4035b4,4,3,4383fb037c9b,,WRITE:0-0
4035b4-4035c0,2,2,ff35e0324200ff15e8704000,,WRITE:0-0
4035c0-4035c8,2,6,5f5e5d5b83c444c3,,WRITE:0-0
4035c8-4035db,2,8,53568b74240c570faf74241483fee08bde770d,,WRITE:0-0
4035db-4035df,2,2,85f67503,,WRITE:0-0
4035e2-4035ef,2,5,83c60f83e6f033ff83fee0772a,,WRITE:0-0
4035ef-4035f7,2,2,3b1d142a4200770d,,WRITE:0-0
403604-403613,2,4,566a08ff35c4314200ff15bc704000,,WRITE:0-0
403613-403619,2,3,8bf885ff7522,,WRITE:0-0
40363b-403641,2,5,8bc75f5e5bc3,,WRITE:0-0
40369d-4036a6,2,3,a1d431420085c07402,,WRITE:0-0
4036a8-4036b7,2,3,68108040006808804000e8ce000000,,WRITE:0-0
4036b7-4036c6,2,3,68048040006800804000e8bf000000,,WRITE:0-0
4036c6-4036ca,2,2,83c410c3,,WRITE:0-0
4036ca-4036d7,2,4,6a006a00ff74240ce815000000,,WRITE:0-0
4036ec-4036f8,2,5,576a015f393d702f42007511,,WRITE:0-0
403709-403721,2,6,837c240c00538b5c2414893d6c2f4200881d682f4200753c,nm,WRITE:422f6c-422f68
403721-40372a,2,3,a1d031420085c07422,,WRITE:0-0
40374c-40375b,2,3,681c8040006814804000e82a000000,,WRITE:0-0
40375b-40376c,2,5,595968248040006820804000e819000000,,WRITE:0-0
40376c-403773,2,5,595985db5b7510,,WRITE:0-0
403773-403783,2,3,ff742408893d702f4200ff15c8704000,nm,WRITE:422f70-0
403785-403790,5,4,568b7424083b74240c730d,,WRITE:0-0
40378a-403790,7,2,3b74240c730d,,WRITE:0-0
403790-403796,7,3,8b0685c07402,,WRITE:0-0
403796-403798,2,1,ffd0,,WRITE:0-0
403798-40379d,7,2,83c604ebed,,WRITE:0-0
40379d-40379f,5,2,5ec3,,WRITE:0-0
40379f-4037ac,4,4,568b742408ff7610e8fa1b0000,,WRITE:0-0
4037ac-4037b1,4,3,85c0597477,,WRITE:0-0
4037b1-4037b9,4,2,81fe982742007504,,WRITE:0-0
4037b9-4037bd,4,2,33c0eb0b,,WRITE:0-0
4037c8-4037d6,4,3,ff05f42e420066f7460c0c017552,nm,WRITE:422ef4-422ef4
4037d6-4037ee,4,6,833c85742f42000053578d3c85742f4200bb001000007520,,WRITE:0-0
4037ee-4037f4,2,2,53e863ebffff,,WRITE:0-0
4037f4-4037fb,2,4,85c05989077513,nm,WRITE:422f74-0
40380e-403828,4,12,8b3f895e18897e08893e895e0466814e0c02116a01585f5b5ec3,nm,WRITE:4227b0-4227a4
40382c-403834,4,3,837c240400567422,,WRITE:0-0
403834-40383e,4,3,8b74240cf6460d107429,,WRITE:0-0
40383e-403844,4,2,56e826e9ffff,,WRITE:0-0
403844-403856,4,7,80660dee8366180083260083660800595ec3,nm,WRITE:4227a5-4227a0
403869-40388e,3,15,558bec81ec480200005356578b7d0c33f68a1f4784db8975f48975ec897d0c0f84f4060000,,WRITE:0-0
40388e-403895,3,3,8b4df033d2eb08,,WRITE:0-0
403895-4038a6,43,5,8b4df08b75d033d23955ec0f8cdc060000,,WRITE:0-0
40389d-4038a6,3,2,3955ec0f8cdc060000,,WRITE:0-0
4038a6-4038ab,45,2,80fb207c13,,WRITE:0-0
4038ab-4038b0,45,2,80fb787f0e,,WRITE:0-0
4038b0-4038be,44,4,0fbec38a806074400083e00feb02,,WRITE:0-0
4038be-4038d7,2,6,33c00fbe84c680744000c1f80483f8078945d00f879a060000,,WRITE:0-0
4038c0-4038d7,44,5,0fbe84c680744000c1f80483f8078945d00f879a060000,,WRITE:0-0
4038d7-4038de,44,1,ff24858a3f4000,,WRITE:0-0
4038de-4038f9,3,8,834df0ff8955cc8955d88955e08955e48955fc8955dce978060000,,WRITE:0-0
403a08-403a1b,41,5,8b0d6c2b42008955dc0fb6c3f6444101807419,,WRITE:0-0
403a34-403a44,41,6,8d45ec50ff75080fbec350e866050000,,WRITE:0-0
403a44-403a4c,41,2,83c40ce925050000,,WRITE:0-0
403a4c-403a58,3,3,0fbec383f8670f8f1c020000,,WRITE:0-0
403a96-403a9e,3,3,8b75f083feff7505,,WRITE:0-0
403a9e-403aac,3,4,beffffff7f8d451050e8d8f3ffff,,WRITE:0-0
403aac-403abe,3,5,66f745fc1008598bc8894df80f84fe010000,,WRITE:0-0
403c74-403c7d,3,2,83e8690f84d1000000,,WRITE:0-0
403c7d-403c86,3,2,83e8050f849e000000,,WRITE:0-0
403c86-403c8d,3,2,480f8484000000,,WRITE:0-0
403c8d-403c90,3,2,487451,,WRITE:0-0
403c90-403c99,3,2,83e8030f84fdfdffff,,WRITE:0-0
403cbc-403cc0,3,2,85c97509,,WRITE:0-0
403cc9-403cd2,3,5,8bc18bd64e85d27408,,WRITE:0-0
403ccb-403cd2,3,4,8bd64e85d27408,,WRITE:0-0
403cd2-403cd7,5,2,8038007403,,WRITE:0-0
403cd7-403cda,3,2,40ebf1,,WRITE:0-0
403cda-403ce1,3,2,2bc1e98f010000,,WRITE:0-0
403e70-403e7d,3,3,8945f4837dd8000f85f4000000,,WRITE:0-0
403e7d-403e85,3,3,8b5dfcf6c3407426,,WRITE:0-0
403eab-403eb9,3,5,8b75e02b75e42b75f4f6c30c7512,,WRITE:0-0
403eb9-403ec8,3,6,8d45ec50ff7508566a20e817010000,,WRITE:0-0
403ec8-403ede,3,8,83c4108d45ec508d45eaff7508ff75e450e832010000,,WRITE:0-0
403ede-403ee6,3,3,83c410f6c3087417,,WRITE:0-0
403efd-403f03,3,2,837ddc007441,,WRITE:0-0
403f44-403f56,3,6,8d45ec50ff7508ff75f4ff75f8e8ba000000,,WRITE:0-0
403f56-403f5f,3,3,83c410f645fc047412,,WRITE:0-0
403f71-403f82,45,6,8b7d0c8a1f4784db897d0c0f8513f9ffff,,WRITE:0-0
403f82-403f8a,3,6,8b45ec5f5e5bc9c3,,WRITE:0-0
403faa-403fb5,43,5,558bec8b4d0cff4904780e,,WRITE:19fbc0-19f618
403fb5-403fc3,43,6,8b118a45088802ff010fb6c0eb0b,,WRITE:19fc00-19f614
403fce-403fd6,43,3,83f8ff8b45107505,,WRITE:0-0
403fdb-403fdf,43,3,ff005dc3,,WRITE:19fb90-19f5e8
403fdf-403fec,3,7,56578b7c24108bc74f85c07e21,,WRITE:0-0
40400d-404010,3,3,5f5ec3,,WRITE:0-0
404010-40401e,5,8,538b5c240c8bc34b565785c07e26,,WRITE:0-0
40401e-404035,3,8,8b7c241c8b7424100fbe065746ff74241c50e875ffffff,,WRITE:0-0
404035-40403d,3,3,83c40c833fff7407,,WRITE:0-0
40403d-404044,3,4,8bc34b85c07fe2,,WRITE:0-0
404044-404048,5,4,5f5e5bc3,,WRITE:0-0
404071-404088,2,7,33c06a003944240868001000000f94c050ff1568704000,,WRITE:0-0
404088-404091,2,3,85c0a3c43142007415,nm,WRITE:4231c4-0
404091-404096,1,1,e817000000,,WRITE:0-0
404096-40409a,2,2,85c0750f,,WRITE:0-0
4040a9-4040ad,2,3,6a0158c3,,WRITE:0-0
4040ad-4040c0,2,4,68400100006a00ff35c4314200ff15bc704000,,WRITE:0-0
4040c0-4040c9,2,3,85c0a3c03142007501,nm,WRITE:4231c0-0
4040ca-4040eb,2,7,8325b8314200008325bc314200006a01a3b4314200c705ac3142001000000058c3,nm,WRITE:4231b8-4231ac
4040eb-4040ff,3,6,a1bc3142008d0c80a1c03142008d0c883bc17314,,WRITE:0-0
4040fb-4040ff,3,2,3bc17314,,WRITE:0-0
4040ff-40410e,3,4,8b5424042b500c81fa000010007207,,WRITE:0-0
40410e-404113,3,2,83c014ebe8,,WRITE:0-0
404113-404116,3,2,33c0c3,,WRITE:0-0
404441-404473,84,19,558bec83ec14a1bc3142008b15c031420053568d0480578d3c828b4508897dfc8d481783e1f0894df0c1f9044983f9207d0e,,WRITE:0-0
404473-404481,82,5,83ceffd3ee834df8ff8975f4eb10,,WRITE:0-0
404481-40449f,3,11,83c1e083c8ff33f6d3e88975f48945f8a1b43142008bd83bdf895d087319,,WRITE:0-0
404491-40449f,82,5,a1b43142008bd83bdf895d087319,,WRITE:0-0
40449f-4044ad,83,6,8b4b048b3b234df823fe0bcf750b,,WRITE:0-0
4044b8-4044bd,84,2,3b5dfc7579,,WRITE:0-0
4044bd-4044c6,2,4,8bda3bd8895d087315,,WRITE:0-0
4044db-4044dd,1,1,7559,,WRITE:0-0
4044dd-4044e2,2,2,3b5dfc7311,,WRITE:0-0
4044f3-4044f5,1,1,7526,,WRITE:0-0
4044f5-4044fe,2,4,8bda3bd8895d08730d,,WRITE:0-0
40450b-40450d,1,1,750e,,WRITE:0-0
40450d-404512,1,1,e838020000,,WRITE:0-0
404512-40451b,2,4,8bd885db895d087414,,WRITE:0-0
40451b-404521,2,2,53e8da020000,,WRITE:0-0
404521-40452f,2,6,598b4b1089018b43108338ff7507,,WRITE:d4205e0-0
404536-404549,84,6,891db43142008b43108b1083faff8955fc7414,nm,WRITE:4231b4-4231b4
404549-40455d,84,6,8b8c90c40000008b7c9044234df823fe0bcf7537,,WRITE:0-0
404594-4045b0,84,8,8bca33ff69c9040200008d8c0144010000894df48b4c904423ce750d,,WRITE:0-0
4045b0-4045c1,71,6,8b8c90c40000006a20234df85f85c97c05,,WRITE:0-0
4045bd-4045c1,2292,2,85c97c05,,WRITE:0-0
4045c1-4045c6,2279,3,d1e147ebf7,,WRITE:0-0
4045c6-4045e0,84,10,8b4df48b54f9048b0a2b4df08bf1894df8c1fe044e83fe3f7e03,,WRITE:0-0
4045e0-4045eb,63,4,6a3f5e3bf70f840d010000,,WRITE:0-0
4045e3-4045eb,22,2,3bf70f840d010000,,WRITE:0-0
4045eb-4045f3,22,3,8b4a043b4a087561,,WRITE:0-0
4045f3-4045f8,20,2,83ff207d2b,,WRITE:0-0
4045f8-404619,14,11,bb000000808bcfd3eb8b4dfc8d7c3804f7d3895dec235c8844895c8844fe0f7538,,WRITE:d420624-d4205e8
404619-404623,14,4,8b5d088b4dec210beb31,,WRITE:d420498-d420498
404623-404646,7,11,8d4fe0bb00000080d3eb8b4dfc8d7c38048d8c88c4000000f7d32119fe0f895dec750b,,WRITE:d4206a4-d42060e
404646-404651,7,4,8b5d088b4dec214b04eb03,,WRITE:d42049c-d42049c
404654-404670,22,8,8b4a088b7a04837df8008979048b4a048b7a088979080f8494000000,,WRITE:d420920-d42074c
404670-404691,21,11,8b4df48b7cf1048d0cf1897a04894a088951048b4a048951088b4a043b4a087564,,WRITE:d430010-d420734
404691-40469d,21,4,8a4c060483fe20884d0b7d29,,WRITE:0-0
40469d-4046a9,15,4,fec1807d0b00884c0604750b,,WRITE:d420603-d4205e5
4046a9-4046c6,15,10,bf000000808bced3ef093bbf000000808bced3ef8b4dfc097c8844eb2f,,WRITE:d420498-d420624
4046c6-4046d2,7,4,fec1807d0b00884c0604750d,,WRITE:d42060e-d42060e
4046d2-4046fc,7,13,8d4ee0bf00000080d3ef097b048b4dfc8dbc88c40000008d4ee0be00000080d3ee09378b4df885c9740b,,WRITE:d42049c-d4206a4
4046f5-4046fc,15,3,8b4df885c9740b,,WRITE:0-0
4046f8-4046fc,63,2,85c9740b,,WRITE:0-0
4046fc-404704,83,3,890a894c11fceb03,,WRITE:d43000c-d4329d8
404704-404723,2,12,8b4df88b75f003d18d4e01890a894c32fc8b75f48b0e85c98d7901893e751a,,WRITE:d43000c-d420724
404707-404723,83,11,8b75f003d18d4e01890a894c32fc8b75f48b0e85c98d7901893e751a,,WRITE:d430eec-d420724
404723-40472b,2,2,3b1db83142007512,,WRITE:0-0
40473d-40474a,84,8,8b4dfc89088d42045f5e5bc9c3,,WRITE:d4205e0-d4205e0
40474a-40475d,2,7,a1bc3142008b0dac314200565733ff3bc17530,,WRITE:0-0
40478d-4047ac,2,7,8b0dc031420068c44100006a088d0480ff35c43142008d3481ff15bc704000,,WRITE:0-0
4047ac-4047b3,2,3,3bc7894610742a,,WRITE:d4204a8-0
4047b3-4047c6,2,5,6a046800200000680000100057ff1560704000,,WRITE:0-0
4047c6-4047cd,2,3,3bc789460c7514,,WRITE:d4204a4-0
4047e1-4047fb,2,10,834e08ff893e897e04ff05bc3142008b46108308ff8bc65f5ec3,nm,WRITE:d4204a0-d4205e0
4047fb-404811,2,12,558bec518b4d085356578b71108b410833db85c07c05,,WRITE:0-0
404816-404837,2,11,8bc36a3f69c0040200005a8d8430440100008945fc89400889400483c0084a75f4,,WRITE:d42072c-d420728
40482b-404837,63,5,89400889400483c0084a75f4,,WRITE:d420734-d420918
404837-404852,2,8,8bfb6a04c1e70f03790c6800100000680080000057ff1560704000,,WRITE:0-0
404852-404856,2,2,85c07508,,WRITE:0-0
40485e-404868,2,3,8d97007000003bfa773c,,WRITE:0-0
404868-4048a4,2,13,8d47108348f8ff8388ec0f0000ff8d88fc0f0000c740fcf00f000089088d88fcefffff894804c780e80f0000f00f000005001000008d48f03bca76c7,,WRITE:d430008-d430ff8
40486b-4048a4,8,12,8348f8ff8388ec0f0000ff8d88fc0f0000c740fcf00f000089088d88fcefffff894804c780e80f0000f00f000005001000008d48f03bca76c7,,WRITE:d431008-d437ff8
4048a4-4048de,2,19,8b45fc8d4f0c05f80100006a015f8948048941088d4a0c89480889410483649e440089bc9ec40000008a46438ac8fec184c08b4508884e437503,,WRITE:d420920-d420623
4048de-4048f6,2,12,097804ba000000808bcbd3eaf7d22150088bc35f5e5bc9c3,,WRITE:d42049c-d4204a0
404a7a-404a8c,2,7,568b35fc2e42005733ff668b066685c07414,,WRITE:0-0
404a84-404a8c,88,3,668b066685c07414,,WRITE:0-0
404a8c-404a92,88,2,663d3d007401,,WRITE:0-0
404a92-404a99,84,3,4756e8c5d5ffff,,WRITE:0-0
404a93-404a99,5,2,56e8c5d5ffff,,WRITE:0-0
404a99-404aa0,88,3,598d744602ebe4,,WRITE:0-0
404aa0-404aad,2,3,8d04bd0400000050e8aad8ffff,,WRITE:0-0
404aad-404aba,2,5,8bf85985ff893d582f42007508,nm,WRITE:422f58-0
404ac2-404ace,2,3,8b35fc2e420066833e007441,,WRITE:0-0
404ace-404ad5,2,3,5356e889d5ffff,,WRITE:0-0
404acf-404ad5,87,2,56e889d5ffff,,WRITE:0-0
404ad5-404adf,88,5,8bd8594366833e3d7425,,WRITE:0-0
404adf-404ae8,84,3,8d041b50e86fd8ffff,,WRITE:0-0
404ae8-404aef,84,4,85c05989077508,,WRITE:d430d10-d430e58
404af7-404aff,84,3,56ff37e84dd9ffff,,WRITE:0-0
404aff-404b0e,84,6,5983c7045966833c5e008d345e75c1,,WRITE:0-0
404b04-404b0e,5,3,66833c5e008d345e75c1,,WRITE:0-0
404b0e-404b1a,2,3,5bff35fc2e4200e803d9ffff,,WRITE:0-0
404b1a-404b32,2,7,8325fc2e420000832700595fc705c8314200010000005ec3,nm,WRITE:422efc-4231c8
404b32-404b4c,2,11,558bec51515657be882f42006804010000566a00ff15a4704000,,WRITE:0-0
404b4c-404b5f,2,5,a1e43242008935642f42008bfe668338007402,nm,WRITE:422f64-0
404b5f-404b73,2,9,8bf88d45f8508d45fc506a006a0057e84e000000,,WRITE:0-0
404b73-404b84,2,6,8b45f88b4dfc8d0448d1e050e8d3d7ffff,,WRITE:0-0
404b84-404b8d,2,4,8bf083c41885f67508,,WRITE:0-0
404b95-404bab,2,10,8d45f8508d45fc508b45fc8d0486505657e816000000,,WRITE:0-0
404bab-404bc1,2,9,8b45fc83c4144889354c2f42005fa3442f42005ec9c3,nm,WRITE:422f4c-422f44
404bc1-404be2,3,13,558bec8b45148b551053568b751857832600837d0c00c700010000008b45087409,,WRITE:19ff34-19ff38
404be2-404bf3,2,7,8b4d0c83450c0489116a225b663918753f,,WRITE:d430e70-0
404beb-404bf3,2,4,6a225b663918753f,,WRITE:0-0
404bf3-404c02,3,6,668b480283c0026a025f663bcb741b,,WRITE:0-0
404bfd-404c02,109,2,663bcb741b,,WRITE:0-0
404c02-404c07,109,2,6685c97416,,WRITE:0-0
404c07-404c0d,109,3,ff0685d27408,,WRITE:19ff34-19ff34
404c0d-404c1d,55,6,668b0866890a03d7668b0c3803c7ebe0,,WRITE:d430e78-d430ee2
404c15-404c1d,55,3,668b0c3803c7ebe0,,WRITE:0-0
404c1d-404c23,3,3,ff0685d27406,,WRITE:19ff34-19ff34
404c23-404c2e,2,4,6683220003d7663918753d,,WRITE:d430ee4-0
404c29-404c2e,2,2,663918753d,,WRITE:0-0
404c2e-404c32,3,2,03c7eb39,,WRITE:0-0
404c6b-404c75,3,3,83651800668338007413,,WRITE:0-0
404c88-404c93,3,3,33c96639080f84b5000000,,WRITE:0-0
404d48-404d52,3,6,8b450c5f5e3bc15b7402,,WRITE:0-0
404d52-404d5b,2,5,89088b4514ff005dc3,,WRITE:d430e74-19ff38
404d54-404d5b,2,4,8b4514ff005dc3,,WRITE:19ff38-0
404d5b-404d79,2,12,51a190314200538b1d88704000555633f633ed578b3d4870400085c0752c,,WRITE:0-0
404d79-404d7b,1,1,ffd7,,WRITE:0-0
404d7b-404d81,2,3,8bf085f6740c,,WRITE:0-0
404d81-404d8d,2,2,c7059031420001000000eb1d,nm,WRITE:423190-0
404daa-404dae,2,2,85f6750c,,WRITE:0-0
404dba-404dc3,2,4,33c98bc666390e740e,,WRITE:0-0
404dc3-404dca,6679,4,404066390875f9,,WRITE:0-0
404dca-404dd1,88,4,404066390875f2,,WRITE:0-0
404dd1-404ddd,2,6,2bc640408bd853e87ad5ffff,,WRITE:0-0
404ddd-404de4,2,4,8bf85985ff750b,,WRITE:0-0
404de4-404deb,2,2,56ff154c704000,,WRITE:0-0
404deb-404def,2,2,8bc7eb71,,WRITE:0-0
404def-404df7,2,4,535657e8a9130000,,WRITE:0-0
404df7-404dfc,2,2,83c40cebe8,,WRITE:0-0
404e60-404e66,2,6,5f5e5d5b59c3,,WRITE:0-0
404ec8-404ee1,2,9,a1943142005355568b357c704000578b3d8070400085c07524,,WRITE:0-0
404ee1-404ee3,1,1,ffd7,,WRITE:0-0
404ee3-404ee7,2,2,85c0740c,,WRITE:0-0
404ee7-404ef3,2,2,c7059431420001000000eb17,nm,WRITE:423194-0
404f0a-404f0c,1,1,ffd7,,WRITE:0-0
404f0c-404f0e,1,1,eb52,,WRITE:0-0
404f60-404f65,2,5,5f5e5d5bc3,,WRITE:0-0
4053a6-4053b2,4,3,8b4424043b05e03242007203,,WRITE:0-0
4053b5-4053cc,4,7,8bc883e01fc1f9058b0c8de03142008a44c10483e040c3,,WRITE:0-0
405605-405616,74,6,558bec568b750cf6460c400f85c1000000,,WRITE:0-0
405616-40561e,74,3,8b461083f8ff7414,,WRITE:0-0
40561e-405632,74,6,8bc8c1f90583e01f8b0c8de03142008d04c1eb05,,WRITE:0-0
405637-405641,74,2,f64004800f8496000000,,WRITE:0-0
405641-40564d,74,4,ff75088d450c50e8a1070000,,WRITE:0-0
40564d-405654,74,4,5983f8ff597513,,WRITE:0-0
405667-40566c,74,2,83f801752c,,WRITE:0-0
40566c-405671,74,2,ff4e04780f,nm,WRITE:42279c-42279c
405671-405680,74,6,8b068a4d0c88080fb6450cff06eb0d,nm,WRITE:d4247b0-422798
40568d-405692,74,2,83f8ff74cc,,WRITE:0-0
405692-405698,74,2,668b4508eb5f,,WRITE:0-0
4056f7-4056fa,74,3,5e5dc3,,WRITE:0-0
405dee-405df8,74,5,558bec8b450885c07502,,WRITE:0-0
405dfa-405e03,74,2,833d102f4200007512,,WRITE:0-0
405e03-405e0e,74,3,668b4d0c6681f9ff007739,,WRITE:0-0
405e0e-405e15,74,5,6a018808585dc3,,WRITE:19f874-19f874
4061a0-4061b8,2,12,558bec57568b750c8b4d108b7d088bc18bd103c63bfe7608,,WRITE:0-0
4061b8-4061c0,2,2,3bf80f8278010000,,WRITE:0-0
4061c0-4061c8,2,2,f7c7030000007514,,WRITE:0-0
4061c8-4061d3,2,4,c1e90283e20383f9087229,,WRITE:0-0
4061d3-4061dc,2,3384,f3a5ff2495e8624000,,WRITE:d4247b0-d427c88
4062f8-4062ff,2,5,8b45085e5fc9c3,,WRITE:0-0
42520c-425212,3,2,60e800000000,,WRITE:0-0
425212-425226,2,11,5b8d5bc6011b8b138d73146a08590116ad4975fa,cm,WRITE:4251d8-4251ec
425220-425226,8,4,0116ad4975fa,cm,WRITE:4251f0-425208
425226-42523f,2,9,8be8c606e98b430c8946016a046800100000ff730851ff5508,cm,WRITE:42520c-42520d
42523f-42524c,2,4,8bf00343048b5318e992000000,c,WRITE:0-0
42524c-425255,4,6,033b60505756ff5314,c,WRITE:0-0
425255-42526b,4,11,8944241861602b3b8bdf8bee8d79fb33f66afc5aeb64,c,WRITE:0-0
42526b-425274,135231,4,8a042e24fe3ce8740d,,WRITE:0-0
425274-425280,134749,4,8b042e80e4f0663d0f80754e,,WRITE:0-0
425280-425292,148,9,468bc62bc234038bd68a4c2e0441d0e9753c,,WRITE:0-0
425281-425292,483,8,8bc62bc234038bd68a4c2e0441d0e9753c,,WRITE:0-0
425292-4252a3,491,8,57468b3c2e2bfb2bfe893c2e83f803771a,,WRITE:d2d0042-d2d0b85
4252a3-4252bd,16,10,8bc8c1e103bfff000000d3e7333c2e8d0c308a0c2941d0e974da,,WRITE:0-0
4252bd-4252d3,491,10,83c6038a0c2ed0e90f93c5fecd882c2e5f463bf77c98,,WRITE:d2d0045-d2d0b88
4252ce-4252d3,134741,3,463bf77c98,,WRITE:0-0
4252cf-4252d3,4,2,3bf77c98,,WRITE:0-0
4252d3-4252e8,4,5790,6156c1e902f3a55e83c2048b3a85ff0f8564ffffff,cnm,WRITE:401000-422ee4
4252de-4252e8,2,3,8b3a85ff0f8564ffffff,c,WRITE:0-0
4252e8-4252f2,2,4,68008000005756ff550c,,WRITE:0-0
4252f2-4252f7,2,2,8b7320eb27,c,WRITE:0-0
4252f7-4252fd,10,3,030350ff5500,c,WRITE:0-0
4252fd-425303,10,3,8b3e033beb12,c,WRITE:0-0
425303-425309,80,2,0fbaf11f7204,,WRITE:0-0
425309-425313,70,7,030b4141505150ff5504,c,WRITE:0-0
42530d-425313,11,4,505150ff5504,,WRITE:0-0
425313-42531b,80,5,ab588b0f85c975e8,nm,WRITE:407130-4070fc
425315-42531b,10,3,8b0f85c975e8,,WRITE:0-0
42531b-425323,10,4,83c610ad85c075d4,,WRITE:0-0
42531e-425323,2,3,ad85c075d4,,WRITE:0-0
425323-425329,2,2,61e9e3feffff,,WRITE:0-0
425329-42533c,4,12,595f5e585157fcb28033dba4b302e86d000000,c,WRITE:d2d0000-d2d0000
425334-42533c,8820,3,a4b302e86d000000,c,WRITE:d2d0001-d2eaee1
425337-42533c,12807,1,e86d000000,,WRITE:0-0
42533c-42533e,21629,1,73f6,,WRITE:0-0
42533e-425345,12811,2,33c9e864000000,,WRITE:0-0
425345-425347,12810,1,731c,,WRITE:0-0
425347-42534e,4699,2,33c0e85b000000,,WRITE:0-0
42534e-425350,4698,1,7323,,WRITE:0-0
425350-42535a,2575,4,b30241b010e84f000000,,WRITE:0-0
425355-42535a,7722,1,e84f000000,,WRITE:0-0
42535a-42535e,10297,2,12c073f7,,WRITE:0-0
42535e-425360,2574,1,753f,,WRITE:0-0
425360-425363,349,2,aaebd4,,WRITE:d2d0013-d2eae61
425363-425368,8112,1,e84d000000,,WRITE:0-0
425368-42536c,8113,2,2bcb7510,,WRITE:0-0
42536c-425371,1369,1,e842000000,,WRITE:0-0
425371-425373,1369,1,eb28,,WRITE:0-0
425373-425378,2125,3,acd1e8744d,c,WRITE:0-0
425378-42537c,2122,2,13c9eb1c,,WRITE:0-0
42537c-425387,6744,5,9148c1e008ace82c000000,c,WRITE:0-0
425387-42538e,6744,2,3d007d0000730a,,WRITE:0-0
42538e-425393,6650,2,80fc057306,,WRITE:0-0
425393-425398,4367,2,83f87f7702,,WRITE:0-0
425398-4253a9,3414,13,4141958bc5b301568bf72bf0f3a45eeb8e,,WRITE:d2d0027-d2eaed7
425399-4253a9,2284,13,41958bc5b301568bf72bf0f3a45eeb8e,,WRITE:d2d0743-d2ead8f
42539a-4253a9,3169,10,958bc5b301568bf72bf0f3a45eeb8e,,WRITE:d2d00aa-d2eaee7
42539b-4253a9,1370,10,8bc5b301568bf72bf0f3a45eeb8e,,WRITE:d2d0073-d2eaedf
42539f-4253a9,2227,6,568bf72bf0f3a45eeb8e,,WRITE:d2d0023-d2eab92
4253a9-4253ad,119352,2,02d27505,,WRITE:0-0
4253ad-4253b3,14922,4,8a164612d2c3,c,WRITE:0-0
4253b3-4253bb,8113,3,33c941e8eeffffff,,WRITE:0-0
4253b5-4253bb,8113,2,41e8eeffffff,,WRITE:0-0
4253b6-4253bb,18735,1,e8eeffffff,,WRITE:0-0
4253bb-4253c2,34960,2,13c9e8e7ffffff,,WRITE:0-0
4253c2-4253c4,34959,1,72f2,,WRITE:0-0
4253c5-4253cb,4,4,592bf98bc7c3,,WRITE:0-0
