401000-401005,1,1,e8d7000000,,WRITE:0-0
401005-401009,2,2,85c07505,,WRITE:0-0
40100e-401015,2,2,50ff1524434100,,WRITE:0-0
401068-40107f,72,29,5553565789e58b4518bf00c04000b914000000f2af7415,d,WRITE:0-0
40107f-401091,64,5,ff7520ff751cff7518ff7514ff158c434100,,WRITE:0-0
401091-401093,63,1,eb06,,WRITE:0-0
401094-401097,18,1,ff574c,,WRITE:0-0
401097-401099,18,1,72e6,,WRITE:0-0
401099-4010a0,72,5,5f5e5b5dc21000,,WRITE:0-0
4010a0-4010b4,14,11,8b5d20bfa0c04000b9060000008b4308f2af7403,d,WRITE:0-0
4010b4-4010b7,11,2,f9eb03,,WRITE:0-0
4010b7-4010ba,3,1,ff5714,,WRITE:0-0
4010dc-4010e7,2,4,5589e583ec38e8a9030000,,WRITE:0-0
4010e7-4010ec,1,1,e8d4030000,,WRITE:0-0
4010ec-4010f4,2,2,6a00ff1528434100,,WRITE:0-0
4010f4-4010fc,2,2,85c00f844e010000,,WRITE:0-0
4010fc-40111c,2,7,a3e0a2400089c3c745f808000000c745fc0600000055830424f8ff15a0444100,nm,WRITE:40a2e0-0
40111c-401149,2,14,31c0c745c8300000008945ccc745d0681040008945d48945d8895ddc6a006a206a206a016a0153ff1590434100,,WRITE:0-0
401149-401164,2,8,8945e068408000006a006a006a0268847f00006a00ff1590434100,,WRITE:0-0
401164-401192,2,12,8945e4a3fca24000c745e800000000c745ec01000000c745f088c140006a006a106a106a016a0153ff1590434100,nm,WRITE:40a2fc-0
401192-4011a0,2,4,8945f455830424c8ff1594434100,,WRITE:0-0
4011a0-4011a8,2,2,85c00f84a2000000,,WRITE:0-0
4011a8-4011c2,2,5,b82e657865b904000000a3f4a74000890dd4a34000e8da030000,nm,WRITE:40a7f4-40a3d4
4011c2-4011e0,2,15,5031c05053505050505050680000cf00506888c140006a10ff1598434100,,WRITE:0-0
4011e0-4011e5,2,3,5a85c07465,,WRITE:0-0
4011e5-4011e9,2,2,85d27422,,WRITE:0-0
4011e9-401202,2,6,680001000068542f4000506a02ff35e0a24000ff159c434100,,WRITE:0-0
401202-401207,2,2,83f8017404,,WRITE:0-0
401207-40120b,2,2,31c0eb3f,,WRITE:0-0
401246-40124a,2,3,89ec5dc3,,WRITE:0-0
40124a-40124d,2,2,40ebf9,,WRITE:0-0
401250-401274,2,11,508d4424048d65d8508b40fc8b75148b1de0a240008935e4a240006a0153ff15a8434100,nm,WRITE:40a2e4-0
401274-40127c,2,2,85c00f8400020000,,WRITE:0-0
40127c-401288,2,3,a3eca2400056ff15ac434100,nm,WRITE:40a2ec-0
401288-401290,2,2,85c00f84ec010000,,WRITE:0-0
401290-4012ad,2,6,a3e8a2400089c7b800000000b900090040f70500a0400001000000740b,nm,WRITE:40a2e8-0
4012ad-4012d9,2,17,b80800000081c900000010a310a0400031c0505368f0000000565050505051506890c1400050ff1598434100,nm,WRITE:40a010-0
4012d9-4012e1,2,2,85c00f849b010000,,WRITE:0-0
4012e1-4012f6,2,6,a3f0a240006804a040006a006a2757ff15b0434100,nm,WRITE:40a2f0-0
4012f6-401317,2,9,578b3df0a24000895dd8c745dc010000006a006a14681e04000057ff15b4434100,,WRITE:0-0
401317-401327,2,5,6a006a08682f04000057ff15b4434100,,WRITE:0-0
401327-40133a,2,5,68100010006a00682004000057ff15b4434100,,WRITE:0-0
40133a-40134d,2,6,55830424d86a0c681304000057ff15b4434100,,WRITE:0-0
40134d-401360,2,5,68c4c140006a0f681404000057ff15b4434100,,WRITE:0-0
401360-401370,2,5,6a006a00682104000057ff15b4434100,,WRITE:0-0
401370-401387,2,5,5fb800000000b900000040f70500a0400002000000740b,,WRITE:0-0
401387-4013b7,2,17,b80800000081c900000010a310a0400031c0505368f10000005650505050516860c3400068a0c1400050ff1598434100,nm,WRITE:40a010-0
4013b7-4013bf,2,2,85c00f84bd000000,,WRITE:0-0
4013bf-4013d4,2,6,a3f4a240006804a040006a006a2857ff15b0434100,nm,WRITE:40a2f4-0
4013d4-4013ea,2,4,b800000000b927000040f70500a0400004000000740b,,WRITE:0-0
4013ea-40141a,2,17,b80800000081c900000010a310a0400031c0505368f20000005650505050515068b4c140006800020000ff1598434100,nm,WRITE:40a010-0
40141a-40141e,2,2,85c0745e,,WRITE:0-0
40141e-40142f,2,4,a3f8a24000a330a3400050ff15b8434100,nm,WRITE:40a2f8-40a330
40142f-40143f,2,5,6804a040006a006a2957ff15b0434100,,WRITE:0-0
40143f-401450,2,3,b803000000f70500a04000040000007405,,WRITE:0-0
401450-40146a,2,7,b800000000a310a040006804a040006a006a3457ff15b0434100,nm,WRITE:40a010-0
40146a-40146f,1,1,e81d1c0000,,WRITE:0-0
40146f-401473,2,2,85c07409,,WRITE:0-0
401473-401478,1,1,e898200000,,WRITE:0-0
401478-40147c,2,3,31c05cc3,,WRITE:0-0
401490-401498,2,2,6a02ff15bc434100,,WRITE:0-0
401498-4014ae,2,6,a310a340006a006814a340006a006a26ff15c0434100,nm,WRITE:40a310-0
4014ae-4014bf,2,5,6a006800a340006a006a68ff15c0434100,,WRITE:0-0
4014c0-4014c8,2,2,6a05ff15c4434100,,WRITE:0-0
4014c8-4014d5,2,3,a368a940006a08ff15c4434100,nm,WRITE:40a968-0
4014d5-4014e2,2,3,a36ca940006a0dff15c4434100,nm,WRITE:40a96c-0
4014e2-4014ef,2,3,a370a940006a0eff15c4434100,nm,WRITE:40a970-0
4014ef-4014fc,2,3,a374a940006a11ff15c4434100,nm,WRITE:40a974-0
4014fc-40150a,2,4,a378a94000a1f8a2400085c0740d,nm,WRITE:40a978-0
401517-40151a,2,2,31c0c3,,WRITE:0-0
40159c-4015ba,2,8,31dbbe04a34000566819000200536800c340006801000080ff1504434100,,WRITE:0-0
4015ba-4015c2,2,2,85c00f85a4000000,,WRITE:0-0
401b08-401b11,2,3,a118a3400085c0745c,,WRITE:0-0
401c80-401c8b,2,2,8b1d20a34000e87dfeffff,,WRITE:0-0
401c8b-401c8e,2,2,31c0c3,,WRITE:0-0
401d00-401d0f,4,4,8b451cba0000ffffa903000000741c,,WRITE:0-0
401d0f-401d13,3,2,21d07518,,WRITE:0-0
401d13-401d22,3,4,a130a340008b15b8a8400085c07502,,WRITE:0-0
401d24-401d2b,3,2,50ff15b8434100,,WRITE:0-0
401d2b-401d2e,4,2,31c0c3,,WRITE:0-0
401db8-401dc5,4,4,a1f8a24000a330a3400031c0c3,nm,WRITE:40a330-40a330
402104-402127,2,10,31c0bfb0a04000ba14000000a3bca34000a3c0a34000b90800000089470401d74975f8,nm,WRITE:40a3bc-40a0b4
40211f-402127,8,4,89470401d74975f8,nm,WRITE:40a0c8-40a140
402127-402132,2,3,48a3c4a34000e802000000,nm,WRITE:40a3c4-0
402134-402155,2,8,b92c00000029cc890c24c7442404010000008b3dbca34000b80300000085ff7407,,WRITE:0-0
40215c-402174,2,6,8944240c576a386811040000ff35f0a24000ff15b4434100,,WRITE:0-0
402174-402185,2,5,546a006a38ff35e8a24000ff15b0434100,,WRITE:0-0
402185-402194,2,4,8b3dc0a34000b80300000085ff7410,,WRITE:0-0
4021a4-4021bc,2,6,8944240c576a376811040000ff35f0a24000ff15b4434100,,WRITE:0-0
4021bc-4021cd,2,5,546a006a37ff35e8a24000ff15b0434100,,WRITE:0-0
4021cd-4021dc,2,4,8b3da8ab4000b80300000085ff7402,,WRITE:0-0
4021de-4021f3,2,6,8944240c546a006a3bff35e8a24000ff15b0434100,,WRITE:0-0
4021f3-4021f7,2,2,85ff741c,,WRITE:0-0
402213-40221f,2,3,ba03000000b810000000eb0a,,WRITE:0-0
402229-402241,2,6,8954240c506a396811040000ff35f0a24000ff15b4434100,,WRITE:0-0
402241-402252,2,5,546a006a39ff35e8a24000ff15b0434100,,WRITE:0-0
402252-40225c,2,3,8b3da8ab400085ff7407,,WRITE:0-0
402263-40226f,2,3,ba03000000b810000000eb0a,,WRITE:0-0
402279-402291,2,6,8954240c506a3a6811040000ff35f0a24000ff15b4434100,,WRITE:0-0
402291-4022a2,2,5,546a006a3aff35e8a24000ff15b0434100,,WRITE:0-0
4022a2-4022a6,2,2,83c42cc3,,WRITE:0-0
402f54-402f64,118,8,5553565789e58b45183d100100007414,,WRITE:0-0
402f64-402f6f,117,2,3d110100000f84b9000000,,WRITE:0-0
402f6f-402f76,116,2,31c0e90f010000,,WRITE:0-0
402f78-402f86,2,3,6804010000ff7514ff1528444100,,WRITE:0-0
402f86-402f9d,2,6,89c38b5520be00c54000bff0c4400081fa000100007429,,WRITE:0-0
402fc6-402fd1,2,3,6a01ff7514ff1528444100,,WRITE:0-0
402fd1-402fe1,2,5,68e8c440006a006a0c50ff15b4434100,,WRITE:0-0
402fe1-402fef,2,3,6803010000ff7514ff1528444100,,WRITE:0-0
402fef-402ff9,2,4,506af050ff153c444100,,WRITE:0-0
402ff9-403009,2,6,0d000000105a506af052ff1540444100,,WRITE:0-0
403009-403015,2,5,566a006a0c53ff15b4434100,,WRITE:0-0
403015-403023,2,5,576a006a0cff7514ff15b4434100,,WRITE:0-0
403023-403025,1,1,eb5b,,WRITE:0-0
403028-403035,2,4,8b451c25ffff000083f8017441,,WRITE:0-0
403035-40303a,2,2,83f802743c,,WRITE:0-0
403076-403080,2,3,50ff7514ff152c444100,,WRITE:0-0
403080-40308c,3,6,b8010000005f5e5b5dc21000,,WRITE:0-0
403085-40308c,116,5,5f5e5b5dc21000,,WRITE:0-0
40308c-4030d5,2,20,5589e583ec30c745d030000000c745d420000000c745d85836400031c08945dc8945e08945e88945fca1e0a240008945e468008000006a006a006a0268007f00006a00ff1590434100,,WRITE:0-0
4030d5-4030f8,2,7,8945ecc745f000000000c745f401000000c745f85cce400055830424d0ff1594434100,,WRITE:0-0
4030f8-403100,2,2,85c00f8496000000,,WRITE:0-0
403100-403132,2,13,6a00ff35e0a2400068f5000000ff35e4a240006a006a006a006a0068000030546a00685cce40006804020000ff1598434100,,WRITE:0-0
403132-403136,2,2,85c07460,,WRITE:0-0
403136-403140,2,2,a3b8a84000e85c000000,nm,WRITE:40a8b8-0
403140-403142,1,1,7454,,WRITE:0-0
403142-40314e,2,2,ff35b8a84000ff15f4434100,,WRITE:0-0
40314e-40315e,2,5,a3bca8400089c76a0157ff1570444100,nm,WRITE:40a8bc-0
40315e-403176,2,5,c70564a94000060000008b356ca940005657ff1574444100,nm,WRITE:40a964-0
403176-403181,2,4,566a006a00ff1578444100,,WRITE:0-0
403181-40318e,2,4,a3c0a840005057ff155c444100,nm,WRITE:40a8c0-0
40318e-40319a,2,6,a3c4a8400031c04089ec5dc3,nm,WRITE:40a8c4-0
40319c-4031b2,2,4,b800000000b900000040f70500a0400008000000740b,,WRITE:0-0
4031b2-4031e8,2,17,b80800000081c900000010a310a0400031c050ff35e0a2400068f4000000ff35b8a840005050505051506864ce400050ff1598434100,nm,WRITE:40a010-0
4031e8-4031f0,2,2,85c00f84c5000000,,WRITE:0-0
4031f0-40320c,2,7,a3c8a8400089c76804a040006a006a2aff35e8a24000ff15b0434100,nm,WRITE:40a8c8-0
40320c-40323f,2,12,83ec2cb806000000ba0240000089042489542414c744240870ce4000c744241008000000546a00680112000057ff15b4434100,,WRITE:0-0
40323f-40325e,2,7,c744240888ce4000c744241008000000546a01680112000057ff15b4434100,,WRITE:0-0
40325e-403285,2,8,c744241400400000c744240894ce4000c74424100c000000546a02680112000057ff15b4434100,,WRITE:0-0
403285-4032a4,2,7,c7442408a0ce4000c744241008000000546a03680112000057ff15b4434100,,WRITE:0-0
4032a4-4032b6,2,6,83c42cb909320012890dd0a8400031c040c3,nm,WRITE:40a8d0-0
4032b8-4032f8,3,16,83ec2c8b3dc8a84000c70424010000008b1dd0a840008b0df0a8400089d8c1eb0825ff000000f7e1a3d4a8400089442404546a00680412000057ff15b4434100,nm,WRITE:40a8d4-40a8d4
4032f8-40330d,3,6,8b0df0a8400089d8c1eb0825ff00000083f832743b,,WRITE:0-0
403348-403356,3,3,8b1500a04000f7c2000100007510,,WRITE:0-0
403366-403380,3,10,89c88b15f4a84000c1e00501d001d001d001d0c1e20401d0eb2e,,WRITE:0-0
4033ae-4033c6,3,7,a3d8a8400089442404546a01680412000057ff15b4434100,nm,WRITE:40a8d8-40a8d8
4033c6-4033f0,3,12,8b0df8a8400089d8c1eb0825ff000000f7e1a3dca8400089442404546a02680412000057ff15b4434100,nm,WRITE:40a8dc-40a8dc
4033f0-40341a,3,12,8b0df0a8400089d8c1eb0825ff000000f7e1a3e0a8400089442404546a03680412000057ff15b4434100,nm,WRITE:40a8e0-40a8e0
40341a-40343f,3,7,a1d0a84000c7042402000000c7442410080000002500ff0000be88ce40003d003200007403,,WRITE:0-0
403442-403455,3,6,89742408546a01680412000057ff15b4434100,,WRITE:0-0
403455-403463,3,4,a100a0400031c9a9080000007406,,WRITE:0-0
403463-403496,3,10,8b0deca84000890dcca84000890d90a240008b1594a24000a1d4a840000305d8a840000305dca840000305e0a8400039d07302,nm,WRITE:40a8cc-40a290
403498-4034a6,3,5,8b3584a2400029c2f7de39d67c02,,WRITE:0-0
4034a6-4034bb,3,9,89f2681404000051506a00526a0057ff15e0434100,,WRITE:0-0
4034bb-4034bf,3,2,83c42cc3,,WRITE:0-0
403510-40352a,2,6,5589e581ece40100008b35bca8400068cca14000ff157c444100,,WRITE:0-0
40352a-403532,2,2,85c00f8420010000,,WRITE:0-0
403532-40353f,2,4,a3e4a840005056ff155c444100,nm,WRITE:40a8e4-0
40353f-40358d,2,23,a3e8a8400031c08d8d1cffffff8d9d1cfeffffc7459c240000008945a08945a4895da88945ac8945b0894db4c745b8400000008945bc8d7dc0c6072047b830000000b90a000000880740474975f9,nm,WRITE:40a8e8-19f831
403586-40358d,10,5,880740474975f9,,WRITE:19f832-19f83a
40358d-40359e,2,7,b841000000b91a000000880740474975f9,,WRITE:19f83b-0
403597-40359e,26,5,880740474975f9,,WRITE:19f83c-19f854
40359e-4035af,2,7,b861000000b91b000000880740474975f9,,WRITE:19f855-0
4035a8-4035af,27,5,880740474975f9,,WRITE:19f856-19f86f
4035af-4035c4,2,9,8d459c8d55c06a00506a006a405256ff1580444100,,WRITE:0-0
4035c4-4035fa,2,17,89c1c1e8104040a3eca8400081e1ffff00008b1383c304c1e9068915f4a84000890df8a8400031c0b9100000008b1383c30439c27602,nm,WRITE:40a8ec-40a8f8
4035f1-4035fa,16,4,8b1383c30439c27602,,WRITE:0-0
4035fa-4035ff,3,3,89d04975f2,,WRITE:0-0
4035fc-4035ff,15,2,4975f2,,WRITE:0-0
4035ff-40361a,2,6,a3f0a840006a01ff35e4a840006a30ff35f8a24000ff15b4434100,nm,WRITE:40a8f0-0
40361a-40361f,1,1,e899fcffff,,WRITE:0-0
40361f-403635,2,5,6a01ff35e4a840006a30ff35c8a84000ff15b4434100,,WRITE:0-0
403635-40363a,1,1,e872040000,,WRITE:0-0
40363a-40364d,2,4,6a00688ca24000ff35b8a84000ff150c444100,,WRITE:0-0
40364d-403652,1,1,e8b2eaffff,,WRITE:0-0
403652-403656,2,3,89ec5dc3,,WRITE:0-0
403658-40366f,33,22,5553565789e58b4518bfa8ce4000b90d000000f2af7415,d,WRITE:0-0
40366f-403681,32,5,ff7520ff751cff7518ff7514ff158c434100,,WRITE:0-0
403681-403683,31,1,eb06,,WRITE:0-0
403684-403687,21,1,ff5730,,WRITE:0-0
403687-403689,21,1,72e6,,WRITE:0-0
403689-403690,33,5,5f5e5b5dc21000,,WRITE:0-0
403724-403738,21,6,8b5d208b4308bfa4cf4000b901000000f2af7403,d,WRITE:0-0
403738-40373b,21,2,f9eb02,,WRITE:0-0
403748-403759,2,3,688ca24000ff35b8a84000ff15dc434100,,WRITE:0-0
403759-40375e,1,1,e85afbffff,,WRITE:0-0
40375e-403763,1,1,e849030000,,WRITE:0-0
403763-403766,2,2,31c0c3,,WRITE:0-0
4037b4-4037b8,3,2,85c0743c,,WRITE:0-0
4037f4-40380f,3,8,a100a94000bb54a240008b0deca8400031d2f7e18b531439d07309,,WRITE:0-0
403818-403824,3,4,29d08b1520a9400039d07607,,WRITE:0-0
40382b-403830,2,1,e808000000,,WRITE:0-0
403830-403835,2,1,e83b000000,,WRITE:0-0
403838-40386f,3,17,bf44a24000be8ca24000bb54a240008b068b560889078957088b0deca84000a100a9400031d2f7e10346042b431489470401c889470cc3,nm,WRITE:40a244-40a250
403870-4038a1,3,14,83ec10be44a240008b068b5604890424895424048b46088b560c894424088954240ca108a940008b0deca8400085c0741a,,WRITE:0-0
4038bb-4038d2,3,6,8d042468010100006a0050ff35b8a84000ff1524444100,,WRITE:0-0
4038d2-4038d6,3,2,83c410c3,,WRITE:0-0
403aac-403ae4,3,19,bb8ca24000be54a24000bf14a940008b0deca840008b430c8b530429d031d250f7f15829d0894610a1b0ab400031d2f7e18b561039d07202,nm,WRITE:40a264-40a264
403ae6-403af0,3,4,89460c8b561029d07902,nm,WRITE:40a260-40a260
403af2-403b00,3,5,a310a9400031db8b561439d07d04,nm,WRITE:40a910-40a910
403b04-403b44,3,21,538b461029c8894f0489470cf7d8f7d9894708890f8b560829c28957188b1510a9400029c289571cc74604170000006a01566a01ff35b8a84000ff1544444100,nm,WRITE:40a918-40a258
403b44-403b9f,3,28,bb8ca24000be70a24000bf34a94000a1d4a840000305d8a840000305dca840000305e0a8400089460c8b43088946108b0df0a8400031d250f7f15829d0894f0489470cf7d8f7d9894708890f31db8b4e0c8b56108b461429d17902,nm,WRITE:40a27c-40a934
403ba1-403ba5,3,2,39c87604,,WRITE:0-0
403ba9-403bc2,3,7,53c74604170000006a01566a00ff35b8a84000ff1544444100,nm,WRITE:40a274-40a274
403bc2-403bc9,3,2,31c0e8ebfbffff,,WRITE:0-0
403bc9-403bcf,3,4,585a01d07415,,WRITE:0-0
41659c-4165a2,3,2,60e800000000,,WRITE:0-0
4165a2-4165b6,2,11,5b8d5bc6011b8b138d73146a08590116ad4975fa,cm,WRITE:416568-41657c
4165b0-4165b6,8,4,0116ad4975fa,cm,WRITE:416580-416598
4165b6-4165cf,2,9,8be8c606e98b430c8946016a046800100000ff730851ff5508,cm,WRITE:41659c-41659d
4165cf-4165dc,2,4,8bf00343048b5318e992000000,c,WRITE:0-0
4165dc-4165e5,6,6,033b60505756ff5314,c,WRITE:0-0
4165e5-4165fb,6,11,8944241861602b3b8bdf8bee8d79fb33f66afc5aeb64,c,WRITE:0-0
4165fb-416604,61462,4,8a042e24fe3ce8740d,,WRITE:0-0
416604-416610,60814,4,8b042e80e4f0663d0f80754e,,WRITE:0-0
416610-416622,131,9,468bc62bc234038bd68a4c2e0441d0e9753c,,WRITE:0-0
416611-416622,649,8,8bc62bc234038bd68a4c2e0441d0e9753c,,WRITE:0-0
416622-416633,642,8,57468b3c2e2bfb2bfe893c2e83f803771a,,WRITE:d270001-d27014d
416633-41664d,4,10,8bc8c1e103bfff000000d3e7333c2e8d0c308a0c2941d0e974da,,WRITE:0-0
41664d-416663,642,10,83c6038a0c2ed0e90f93c5fecd882c2e5f463bf77c98,,WRITE:d270004-d270150
41665e-416663,60821,3,463bf77c98,,WRITE:0-0
41665f-416663,6,2,3bf77c98,,WRITE:0-0
416663-416678,6,8268,6156c1e902f3a55e83c2048b3a85ff0f8564ffffff,cnmd,WRITE:401000-414d50
41666e-416678,2,3,8b3a85ff0f8564ffffff,c,WRITE:0-0
416678-416682,2,4,68008000005756ff550c,,WRITE:0-0
416682-416687,2,2,8b7320eb27,c,WRITE:0-0
416687-41668d,8,3,030350ff5500,c,WRITE:0-0
41668d-416693,8,3,8b3e033beb12,c,WRITE:0-0
416693-416699,103,2,0fbaf11f7204,,WRITE:0-0
416699-4166a3,103,7,030b4141505150ff5504,c,WRITE:0-0
4166a3-4166ab,103,5,ab588b0f85c975e8,cm,WRITE:414304-4144b0
4166a5-4166ab,8,3,8b0f85c975e8,c,WRITE:0-0
4166ab-4166b3,8,4,83c610ad85c075d4,c,WRITE:0-0
4166ae-4166b3,2,3,ad85c075d4,c,WRITE:0-0
4166b3-4166b9,2,2,61e9e3feffff,,WRITE:0-0
4166b9-4166cc,6,12,595f5e585157fcb28033dba4b302e86d000000,cd,WRITE:d270000-d270000
4166c4-4166cc,8824,3,a4b302e86d000000,cd,WRITE:d270001-d270d53
4166c7-4166cc,10897,1,e86d000000,,WRITE:0-0
4166cc-4166ce,19725,1,73f6,,WRITE:0-0
4166ce-4166d5,10903,2,33c9e864000000,,WRITE:0-0
4166d5-4166d7,10902,1,731c,,WRITE:0-0
4166d7-4166de,3847,2,33c0e85b000000,,WRITE:0-0
4166de-4166e0,3846,1,7323,,WRITE:0-0
4166e0-4166ea,2114,4,b30241b010e84f000000,,WRITE:0-0
4166e5-4166ea,6339,1,e84f000000,,WRITE:0-0
4166ea-4166ee,8453,2,12c073f7,,WRITE:0-0
4166ee-4166f0,2113,1,753f,,WRITE:0-0
4166f0-4166f3,275,2,aaebd4,,WRITE:d270003-d270d47
4166f3-4166f8,7056,1,e84d000000,,WRITE:0-0
4166f8-4166fc,7057,2,2bcb7510,,WRITE:0-0
4166fc-416701,1286,1,e842000000,,WRITE:0-0
416701-416703,1286,1,eb28,,WRITE:0-0
416703-416708,1734,3,acd1e8744d,cd,WRITE:0-0
416708-41670c,1729,2,13c9eb1c,,WRITE:0-0
41670c-416717,5771,5,9148c1e008ace82c000000,cd,WRITE:0-0
416717-41671e,5771,2,3d007d0000730a,,WRITE:0-0
41671e-416723,5771,2,80fc057306,,WRITE:0-0
416723-416728,4143,2,83f87f7702,,WRITE:0-0
416728-416739,2997,13,4141958bc5b301568bf72bf0f3a45eeb8e,,WRITE:d27000b-d270d51
416729-416739,1629,13,41958bc5b301568bf72bf0f3a45eeb8e,,WRITE:d27076f-d270d46
41672a-416739,2875,10,958bc5b301568bf72bf0f3a45eeb8e,,WRITE:d27009e-d270d3a
41672b-416739,1287,10,8bc5b301568bf72bf0f3a45eeb8e,,WRITE:d270036-d270d06
41672f-416739,1840,6,568bf72bf0f3a45eeb8e,,WRITE:d270009-d270d2b
416739-41673d,94186,2,02d27505,,WRITE:0-0
41673d-416743,11776,4,8a164612d2c3,cd,WRITE:0-0
416743-41674b,7057,3,33c941e8eeffffff,,WRITE:0-0
416745-41674b,7057,2,41e8eeffffff,,WRITE:0-0
416746-41674b,11518,1,e8eeffffff,,WRITE:0-0
41674b-416752,25631,2,13c9e8e7ffffff,,WRITE:0-0
416752-416754,25630,1,72f2,,WRITE:0-0
416755-41675b,6,4,592bf98bc7c3,,WRITE:0-0
