WinLicense - Professional Software Protection and Licensing Management  [Version 2.3.9.0]

Project: compress_all
Software: test
InputFileName: printf_compress_all.exe

------------------
Protection Options
------------------

Macros Information
------------------
VM Macros: 0
ENCRYPT Macros: 0
CLEAR Macros: 0
MUTATE Macros: 0
STR_ENCRYPT Macros: 0
RegisteredVM Macros: 0
CHECK_PROTECTION Macros: 0
CHECK_CODE_INTEGRITY Macros: 0
CHECK_REGISTRATION Macros: 0
CHECK_VIRTUAL_PC Macros: 0


Protection Options
------------------
Anti-Debugger: Disabled
Anti-Dumpers: DISABLED
Entry Point Obfuscation: DISABLED
Taggant added: DISABLED
Resource Encryption: DISABLED
VMWare compatible: DISABLED
API-Wrapping Level: Disable
Anti-Patching: None
Memory Guard: DISABLED
When Debugger Found: Display Message
Application compression: ENABLED
Resources compression: ENABLED
SecureEngine compression: ENABLED
Anti-File Monitor: DISABLED
Anti-Registry Monitor: DISABLED
Anti-Sandbox tools: DISABLED
Delphi/BCB form protection: DISABLED
Ring-0 Protection: DISABLED


Virtual Machine Settings
------------------------
Automatic handling of Virtual Machines: ENABLED
Force Integrity Checks: ENABLED
Virtual Machines Inserted: 
--> TIGER32 (Red)


Advanced Protection Options
---------------------------
Encrypt Application: ENABLED
DLL plugin: DISABLED
Export Generators: ENABLED
Keep Trial Running: DISABLED
Hide from PE scanners: Standard
.NET assemblies: ENABLED
Active Context: DISABLED
Custom Event: 
Add Manifest: Don't add manifest
Launch Application: 


XBundler files
--------------
No files to bundle
