Themida - Advanced Windows Software Protection System  [Version 2.3.7.0]

Protection Options for sort_full.exe
------------------------------------

Macros Information
------------------
VM Macros: 1
ENCRYPT Macros: 1
CLEAR Macros: 0
MUTATE Macros: 0
STR_ENCRYPT Macros: 0
CHECK_PROTECTION Macros: 0
CHECK_CODE_INTEGRITY Macros: 0
CHECK_VIRTUAL_PC Macros: 0


Protection Options
------------------
Anti-Debugger: Disabled
Anti-Dumpers: ENABLED
Entry Point Ofuscation: ENABLED
Taggant Information: ENABLED
Resource Encryption: ENABLED
VMWare compatible: ENABLED
API-Wrapping Level: Level 2
Anti-Patching: None
Memory Guard: ENABLED
When Debugger Found: Display Message
Application compression: ENABLED
Resources compression: ENABLED
SecureEngine compression: ENABLED
Anti-File Monitor: ENABLED
Anti-Registry Monitor: ENABLED
Anti-Sandbox tools: ENABLED
Delphi/BCB form protection: ENABLED


Virtual Machine Settings
------------------------
Automatic handling of Virtual Machines: ENABLED
Force Integrity Checks: ENABLED
Virtual Machines Inserted: 
--> FISH32 (White)


Advanced Protection Options
---------------------------
Encrypt Application: ENABLED
DLL plugin: DISABLED
Hide from PE scanners: Standard
.NET assemblies: ENABLED
Active Context: DISABLED
Add Manifest: Don't add manifest


XBundler files
--------------
No files to bundle
