41b000-41b007,2,3,6050e801000000,,WRITE:0-0
41b008-41b00f,2,4,83c404584aeb01,,WRITE:0-0
41b010-41b017,2,2,2bd9e801000000,,WRITE:0-0
41b018-41b01e,2,3,83c4044aeb01,,WRITE:0-0
41b01f-41b027,2,3,85f250e801000000,,WRITE:0-0
41b028-41b02f,2,4,83c40458f8eb01,,WRITE:0-0
41b030-41b035,2,2,668bdf7403,,WRITE:0-0
41b035-41b037,1,1,7501,,WRITE:0-0
41b038-41b03e,2,2,f9e801000000,,WRITE:0-0
41b03f-41b044,2,2,83c4047703,,WRITE:0-0
41b047-41b04d,2,2,50e801000000,,WRITE:0-0
41b04e-41b054,2,3,83c404587903,,WRITE:0-0
41b057-41b05d,2,2,50e801000000,,WRITE:0-0
41b05e-41b064,2,3,83c404587801,,WRITE:0-0
41b064-41b067,2,2,f87203,,WRITE:0-0
41b067-41b069,1,1,7301,,WRITE:0-0
41b06a-41b06f,2,2,c1e6cc7c03,,WRITE:0-0
41b06f-41b071,1,1,7d01,,WRITE:0-0
41b072-41b079,2,2,87dae801000000,,WRITE:0-0
41b07a-41b080,2,3,83c404f87403,,WRITE:0-0
41b080-41b082,1,1,7501,,WRITE:0-0
41b083-41b087,2,2,85d67203,,WRITE:0-0
41b087-41b089,1,1,7301,,WRITE:0-0
41b08a-41b08e,2,2,85f2eb01,,WRITE:0-0
41b08f-41b099,2,2,ba310b22b6e801000000,,WRITE:0-0
41b09a-41b09f,2,2,83042406c3,,WRITE:0-0
41b09f-41b0a1,1,1,7d01,,WRITE:0-0
41b0a2-41b0a7,1,1,e801000000,,WRITE:0-0
41b0a8-41b0ad,2,2,83042406c3,,WRITE:0-0
41b0ad-41b0b4,2,2,85f3e801000000,,WRITE:0-0
41b0b5-41b0bf,2,3,83c40485dee801000000,,WRITE:0-0
41b0c0-41b0c9,2,3,83c40466c1de88eb01,,WRITE:0-0
41b0ca-41b0d0,2,2,66be5378eb01,,WRITE:0-0
41b0d1-41b0d7,2,2,4ee801000000,,WRITE:0-0
41b0d8-41b0e0,2,2,83c404e907000000,,WRITE:0-0
41b0e7-41b0f5,2,4,6816b2410066d3c05fe801000000,,WRITE:0-0
41b0f6-41b0fe,2,2,83c404e904000000,,WRITE:0-0
41b102-41b11e,2,5,8115b1ba410014cded8bbbeb43115fd3c281f312d39527e801000000,m,WRITE:41bab1-0
41b11f-41b124,2,2,83042406c3,,WRITE:0-0
41b124-41b129,1,1,e908000000,,WRITE:0-0
41b131-41b13d,2,4,6839000000fc59e801000000,,WRITE:0-0
41b13e-41b143,2,2,83042406c3,,WRITE:0-0
41b143-41b14d,2,4,4a13f18b2fe801000000,,WRITE:0-0
41b146-41b14d,57,2,8b2fe801000000,,WRITE:0-0
41b14e-41b153,58,2,83042406c3,,WRITE:0-0
41b153-41b158,57,1,e916000000,,WRITE:0-0
41b16e-41b172,58,2,2beb7603,,WRITE:0-0
41b172-41b174,30,1,7701,,WRITE:0-0
41b175-41b181,58,5,4285c6c1c51e50e801000000,,WRITE:0-0
41b182-41b18b,58,3,83c40458e90d000000,,WRITE:0-0
41b198-41b1af,58,5,812d5db8410047b2aa5a83effc332f83c7fce801000000,m,WRITE:41b85d-41b85d
41b1b0-41b1b8,58,2,83c404e901000000,,WRITE:0-0
41b1b9-41b1bd,58,2,892feb01,m,WRITE:41b216-41b2f6
41b1be-41b1c3,57,1,e901000000,,WRITE:0-0
41b1c4-41b1cf,58,2,81f3c31ee112e801000000,,WRITE:0-0
41b1d0-41b1d5,58,2,83042406c3,,WRITE:0-0
41b1d5-41b1da,57,1,e906000000,,WRITE:0-0
41b1e0-41b1e8,58,2,81c7040000007a03,,WRITE:0-0
41b1e8-41b1ea,28,1,7b01,,WRITE:0-0
41b1eb-41b1ed,57,1,7801,,WRITE:0-0
41b1ed-41b1f4,58,2,480f8a03000000,,WRITE:0-0
41b1f4-41b1fe,35,3,6603c2490f8548ffffff,,WRITE:0-0
41b1f7-41b1fe,24,2,490f8548ffffff,,WRITE:0-0
41b1fe-41b203,1,1,e801000000,,WRITE:0-0
41b204-41b209,2,2,83042406c3,,WRITE:0-0
41b209-41b218,2,3,66d3da812d2dba41001498c7d17203,m,WRITE:41ba2d-0
41b21b-41b22b,2,6,85f76800b341008bf75950e801000000,,WRITE:0-0
41b22c-41b23f,2,9,83c4045840fc68e6f4e3eafc5d50e801000000,,WRITE:0-0
41b240-41b249,2,3,83c40458e905000000,,WRITE:0-0
41b24e-41b258,2,2,ba3f000000e801000000,,WRITE:0-0
41b259-41b261,2,2,83c404e903000000,,WRITE:0-0
41b264-41b268,64,2,8b197203,,WRITE:0-0
41b268-41b26a,63,1,7301,,WRITE:0-0
41b26b-41b270,63,1,e905000000,,WRITE:0-0
41b275-41b279,64,2,33dd7a03,,WRITE:0-0
41b279-41b27b,23,1,7b01,,WRITE:0-0
41b27c-41b282,63,1,0f8001000000,,WRITE:0-0
41b282-41b28b,64,3,46c1c303e801000000,,WRITE:0-0
41b28c-41b295,64,4,83c404fc2b59047c03,,WRITE:0-0
41b295-41b297,45,1,7d01,,WRITE:0-0
41b298-41b29b,64,2,407401,,WRITE:0-0
41b29b-41b2a0,64,3,f889197403,m,WRITE:41b300-41b3f8
41b2a0-41b2a2,63,1,7501,,WRITE:0-0
41b2a3-41b2a8,63,1,e90b000000,,WRITE:0-0
41b2b3-41b2bf,64,3,81edab9096ce50e801000000,,WRITE:0-0
41b2c0-41b2ca,64,3,83c404580f8902000000,,WRITE:0-0
41b2cc-41b2d8,64,3,81e9fcffffff50e801000000,,WRITE:0-0
41b2d9-41b2e2,64,3,83c40458e901000000,,WRITE:0-0
41b2e3-41b2ea,64,2,4a0f857affffff,,WRITE:0-0
41b2ea-41b2ef,1,1,e801000000,,WRITE:0-0
41b2f0-41b2f5,2,2,83042406c3,,WRITE:0-0
41b2f5-41b2fa,1,1,e906000000,,WRITE:0-0
41b300-41b30b,2,5,61508f05a5b94100607e03,m,WRITE:41b9a5-0
41b30b-41b30d,1,1,7f01,,WRITE:0-0
41b30e-41b313,1,1,e909000000,,WRITE:0-0
41b31c-41b329,2,5,6802b44100485f50e801000000,,WRITE:0-0
41b32a-41b333,2,3,83c40458e90a000000,,WRITE:0-0
41b33d-41b348,2,2,ba93908ed10f8502000000,,WRITE:0-0
41b34a-41b352,2,2,81c25e1a69dfeb01,,WRITE:0-0
41b353-41b36a,2,6,f9f8bd7f326c92b85453d5a181c5bbcd936de801000000,,WRITE:0-0
41b36b-41b378,2,4,83c40466d3d08b37e801000000,,WRITE:0-0
41b371-41b378,58,2,8b37e801000000,,WRITE:0-0
41b379-41b385,59,4,83c4046681cb1b8933f27a03,,WRITE:0-0
41b385-41b387,34,1,7b01,,WRITE:0-0
41b388-41b38d,58,1,e901000000,,WRITE:0-0
41b38e-41b397,59,3,c1ce0650e801000000,,WRITE:0-0
41b398-41b3a4,59,6,83c40458d3d3402b7704eb01,,WRITE:0-0
41b3a5-41b3b0,59,4,661bce893750e801000000,m,WRITE:41b402-41b4e6
41b3b1-41b3c1,59,5,83c4045866b8954181ea858c266deb01,,WRITE:0-0
41b3c2-41b3c7,58,1,e907000000,,WRITE:0-0
41b3ce-41b3d9,59,2,81c704000000e801000000,,WRITE:0-0
41b3da-41b3df,59,2,83c4047405,,WRITE:0-0
41b3df-41b3ea,59,2,6681d9bbe70f8205000000,,WRITE:0-0
41b3ea-41b3f8,6,3,b9636ea7ca83ed010f8579ffffff,,WRITE:0-0
41b3ef-41b3f8,54,2,83ed010f8579ffffff,,WRITE:0-0
41b3f8-41b3fa,1,1,7603,,WRITE:0-0
41b3fd-41b3ff,1,1,7002,,WRITE:0-0
41b3ff-41b40d,2,7,d3f9fc61528f055db94100607203,m,WRITE:41b95d-0
41b40d-41b40f,1,1,7301,,WRITE:0-0
41b410-41b412,1,1,7603,,WRITE:0-0
41b412-41b420,2,4,c1e062bff1b4410050e801000000,,WRITE:0-0
41b421-41b42a,2,3,83c40458e901000000,,WRITE:0-0
41b42b-41b432,2,2,ba3e0b67db7b01,,WRITE:0-0
41b432-41b43b,2,3,fc81c25acf28e9eb01,,WRITE:0-0
41b43c-41b43f,2,2,fc7503,,WRITE:0-0
41b442-41b450,2,4,b964d996d74581e91fd996d7eb01,,WRITE:0-0
41b451-41b45b,2,3,662bef8b37e801000000,,WRITE:0-0
41b454-41b45b,69,2,8b37e801000000,,WRITE:0-0
41b45c-41b464,70,2,83c404e903000000,,WRITE:0-0
41b467-41b472,70,4,538f0595b9410003f27e03,m,WRITE:41b995-41b995
41b472-41b474,23,1,7f01,,WRITE:0-0
41b475-41b481,70,3,66bd8a8ec1c604e801000000,,WRITE:0-0
41b482-41b487,70,2,83042406c3,,WRITE:0-0
41b487-41b48d,70,3,f9337704eb01,,WRITE:0-0
41b48e-41b49d,70,4,66bb47bb66c1fb1e8937e801000000,m,WRITE:41b4f1-41b601
41b49e-41b4a3,70,2,83042406c3,,WRITE:0-0
41b4a3-41b4a8,69,1,e906000000,,WRITE:0-0
41b4ae-41b4b6,70,2,81f2a73539317a03,,WRITE:0-0
41b4b6-41b4b8,34,1,7b01,,WRITE:0-0
41b4b9-41b4be,69,1,e903000000,,WRITE:0-0
41b4c1-41b4cc,70,2,81c704000000e801000000,,WRITE:0-0
41b4cd-41b4d2,70,2,83042406c3,,WRITE:0-0
41b4d2-41b4d7,69,1,e901000000,,WRITE:0-0
41b4d8-41b4df,70,2,490f8575ffffff,,WRITE:0-0
41b4df-41b4e4,1,1,e801000000,,WRITE:0-0
41b4e5-41b4ed,2,2,83c404e904000000,,WRITE:0-0
41b4f1-41b4f6,1,1,e801000000,,WRITE:0-0
41b4f7-41b4fc,2,2,83042406c3,,WRITE:0-0
41b4fc-41b502,1,1,0f8c01000000,,WRITE:0-0
41b502-41b50d,2,3,f8bb0cb64100e801000000,,WRITE:0-0
41b50e-41b513,2,2,83042406c3,,WRITE:0-0
41b513-41b518,1,1,e904000000,,WRITE:0-0
41b51c-41b523,2,2,bf212a1bdd7203,,WRITE:0-0
41b523-41b531,2,3,6633ce81efd734711be801000000,,WRITE:0-0
41b532-41b553,2,8,83c4048bcd812d61b94100fdf961d5be929ddf264181f6d39ddf2650e801000000,m,WRITE:41b961-0
41b554-41b55d,2,3,83c40458e90d000000,,WRITE:0-0
41b56a-41b571,66,2,8b03e801000000,,WRITE:0-0
41b572-41b577,66,2,83042406c3,,WRITE:0-0
41b577-41b57d,66,4,f9f803c77403,,WRITE:0-0
41b57d-41b57f,65,1,7501,,WRITE:0-0
41b580-41b589,66,3,41c1c803e801000000,,WRITE:0-0
41b58a-41b58f,66,2,83042406c3,,WRITE:0-0
41b58f-41b594,65,1,e90a000000,,WRITE:0-0
41b59e-41b5a6,66,2,2b4304e801000000,,WRITE:0-0
41b5a7-41b5b0,66,2,83c4040f8702000000,,WRITE:0-0
41b5b2-41b5bd,66,4,c1da8d890350e801000000,m,WRITE:41b60c-41b70c
41b5be-41b5cb,66,5,83c404584281f7e0abee49eb01,,WRITE:0-0
41b5cc-41b5d2,65,1,0f8405000000,,WRITE:0-0
41b5d2-41b5e2,66,3,6681cd86b681ebfcffffffe801000000,,WRITE:0-0
41b5e3-41b5f8,66,5,83c40481d1e17ec3966633d183c6ff0f8572ffffff,,WRITE:0-0
41b5f8-41b5fd,1,1,e801000000,,WRITE:0-0
41b5fe-41b606,2,2,83c404e906000000,,WRITE:0-0
41b60c-41b611,1,1,e801000000,,WRITE:0-0
41b612-41b61b,2,2,83c4040f8d02000000,,WRITE:0-0
41b61d-41b62e,2,5,6816b741006681dddd315a50e801000000,,WRITE:0-0
41b62f-41b638,2,3,83c40458e906000000,,WRITE:0-0
41b63e-41b64a,2,4,6824da05154558e801000000,,WRITE:0-0
41b64b-41b654,2,2,83c4040f8601000000,,WRITE:0-0
41b654-41b65e,2,5,fc683a000000435f7e03,,WRITE:0-0
41b65e-41b660,1,1,7f01,,WRITE:0-0
41b661-41b666,1,1,e905000000,,WRITE:0-0
41b66b-41b673,59,3,8b3250e801000000,,WRITE:0-0
41b674-41b684,59,6,83c4045887eb66d3f933f0e801000000,,WRITE:0-0
41b685-41b68a,59,2,83042406c3,,WRITE:0-0
41b68a-41b697,59,4,66c1e5b8c1ce0950e801000000,,WRITE:0-0
41b698-41b6ab,59,6,83c4045866bdc7ef668bde337204e801000000,,WRITE:0-0
41b6ac-41b6ba,59,5,83c404668bcd66c1c15c89327203,m,WRITE:41b716-41b7fa
41b6ba-41b6bc,58,1,7301,,WRITE:0-0
41b6bd-41b6c3,58,1,0f8705000000,,WRITE:0-0
41b6c8-41b6d4,59,3,f981f0cf3bbe68e801000000,,WRITE:0-0
41b6d5-41b6da,59,2,83042406c3,,WRITE:0-0
41b6da-41b6df,58,1,e903000000,,WRITE:0-0
41b6e2-41b6ed,59,2,81eafcffffffe801000000,,WRITE:0-0
41b6ee-41b6f6,59,2,83c404e902000000,,WRITE:0-0
41b6f8-41b6ff,59,2,4f0f856cffffff,,WRITE:0-0
41b6ff-41b705,2,2,50e801000000,,WRITE:0-0
41b706-41b710,2,3,83c404580f8201000000,,WRITE:0-0
41b710-41b718,2,3,f96681cd55c4eb01,,WRITE:0-0
41b719-41b71b,1,1,7802,,WRITE:0-0
41b71d-41b727,2,2,bb02b84100e801000000,,WRITE:0-0
41b728-41b741,2,6,83c40466c1ea5cbda627b9da85f181f581a8748be801000000,,WRITE:0-0
41b742-41b747,2,2,83042406c3,,WRITE:0-0
41b747-41b75c,2,5,81ea8212783db8d24d8caa85d181f01f1f8caaeb01,,WRITE:0-0
41b75d-41b766,2,3,6681c94a4a8b3beb01,,WRITE:0-0
41b762-41b766,21197,2,8b3beb01,,WRITE:0-0
41b767-41b76c,21197,1,e903000000,,WRITE:0-0
41b76f-41b773,21198,2,33fdeb01,,WRITE:0-0
41b774-41b781,21198,3,be92823aaec1cf1ee801000000,,WRITE:0-0
41b782-41b787,21198,2,83042406c3,,WRITE:0-0
41b787-41b78c,21197,1,e902000000,,WRITE:0-0
41b78e-41b79b,21198,4,83ebfc333b83eb04e801000000,,WRITE:0-0
41b79c-41b7a1,21198,2,83042406c3,,WRITE:0-0
41b7a1-41b7ab,21198,4,6681f1540146893beb01,m,WRITE:41b802-430332
41b7ac-41b7b1,21197,1,e90d000000,,WRITE:0-0
41b7be-41b7c9,21198,2,81c56b3c697de801000000,,WRITE:0-0
41b7ca-41b7cf,21198,2,83042406c3,,WRITE:0-0
41b7cf-41b7da,21198,4,468bf583c304e801000000,,WRITE:0-0
41b7db-41b7e3,21198,2,83c404e902000000,,WRITE:0-0
41b7e5-41b7ee,21198,2,83e8010f8574ffffff,,WRITE:0-0
41b7ee-41b7f4,2,2,50e801000000,,WRITE:0-0
41b7f5-41b800,2,4,83c40458410f8902000000,,WRITE:0-0
41b802-41b807,1,1,e9bb4a0100,,WRITE:0-0
42a8ce-42a8eb,2,11,520f31c1d002053619832f13c433c13185d5084100034424f8d1d05ac3,,WRITE:0-0
42b100-42b105,19,1,e800000000,,WRITE:0-0
42b105-42b10d,20,3,5d81ed05114100c3,,WRITE:0-0
42b12a-42b145,29,12,53505203c55053508b851c8541000fb60083e8333d990000007410,,WRITE:0-0
42b145-42b150,29,6,9090909058ff951c854100,,WRITE:0-0
42b150-42b152,28,1,eb17,,WRITE:0-0
42b169-42b171,29,5,5a89441500585bc3,,WRITE:0-0
42d0db-42d0eb,2,6,60f987fa81df503fb07450e801000000,,WRITE:0-0
42d0ec-42d0f7,2,5,83c40458f850e801000000,,WRITE:0-0
42d0f8-42d102,2,3,83c404580f8003000000,,WRITE:0-0
42d102-42d107,2,2,66d3c67203,,WRITE:0-0
42d107-42d109,1,1,7301,,WRITE:0-0
42d10a-42d10e,2,2,87fe7603,,WRITE:0-0
42d10e-42d110,1,1,7701,,WRITE:0-0
42d111-42d119,2,3,87d650e801000000,,WRITE:0-0
42d11a-42d124,2,3,83c404580f8401000000,,WRITE:0-0
42d124-42d127,2,2,f8eb01,,WRITE:0-0
42d128-42d12a,1,1,7301,,WRITE:0-0
42d12b-42d130,1,1,e801000000,,WRITE:0-0
42d131-42d136,2,2,83042406c3,,WRITE:0-0
42d136-42d140,2,2,6681e7c5c6e801000000,,WRITE:0-0
42d141-42d14a,2,2,83c4040f8802000000,,WRITE:0-0
42d14a-42d151,2,2,85fee801000000,,WRITE:0-0
42d152-42d157,2,2,83042406c3,,WRITE:0-0
42d157-42d15f,2,2,668bfee801000000,,WRITE:0-0
42d160-42d165,2,2,83042406c3,,WRITE:0-0
42d165-42d168,2,2,fc7a03,,WRITE:0-0
42d16b-42d16d,1,1,7801,,WRITE:0-0
42d16d-42d173,2,2,46e800000000,,WRITE:0-0
42d173-42d17b,2,4,5d8bc53b451c7c06,,WRITE:0-0
42d17b-42d183,2,3,03451c89451ceb01,,WRITE:0-0
42d184-42d189,1,1,e905000000,,WRITE:0-0
42d18e-42d199,2,3,b886d2420050e801000000,,WRITE:0-0
42d19a-42d1af,2,7,83c4045833d666c1ce8abde8f76a8550e801000000,,WRITE:0-0
42d1b0-42d1b9,2,3,83c40458e908000000,,WRITE:0-0
42d1c1-42d1d2,2,4,b9c69868834a81f1e9986883e801000000,,WRITE:0-0
42d1d3-42d1e1,2,3,83c4046681f200210f8006000000,,WRITE:0-0
42d1e1-42d1ee,2,3,81d7535740b88b18e801000000,,WRITE:0-0
42d1e7-42d1ee,47,2,8b18e801000000,,WRITE:0-0
42d1ef-42d1f4,48,2,83042406c3,,WRITE:0-0
42d1f4-42d1f6,47,1,7601,,WRITE:0-0
42d1f6-42d1ff,48,4,4733dd50e801000000,,WRITE:0-0
42d200-42d20a,48,3,83c404580f8b01000000,,WRITE:0-0
42d20a-42d213,48,3,46c1cb1be801000000,,WRITE:0-0
42d214-42d21c,48,2,83c404e907000000,,WRITE:0-0
42d223-42d228,48,2,3358047c03,,WRITE:0-0
42d228-42d22a,28,1,7d01,,WRITE:0-0
42d22b-42d230,47,1,e902000000,,WRITE:0-0
42d232-42d23a,48,3,891850e801000000,m,WRITE:42d286-42d33e
42d23b-42d244,48,3,83c40458e901000000,,WRITE:0-0
42d245-42d24d,48,2,81ed3b136c4f7a03,,WRITE:0-0
42d24d-42d24f,25,1,7b01,,WRITE:0-0
42d250-42d256,47,1,0f8802000000,,WRITE:0-0
42d256-42d264,25,4,87fe81e8fcffffff50e801000000,,WRITE:0-0
42d258-42d264,24,3,81e8fcffffff50e801000000,,WRITE:0-0
42d265-42d275,48,5,83c40458be78d5c24a490f8572ffffff,,WRITE:0-0
42d275-42d27b,2,2,50e801000000,,WRITE:0-0
42d27c-42d285,2,3,83c40458e901000000,,WRITE:0-0
42d286-42d28b,1,1,e875deffff,,WRITE:0-0
42d28b-42d29f,2,5,68200300008dbd11184000576a00ff9573fd4000,,WRITE:0-0
42d29f-42d2b8,2,8,6a0068800000006a036a006a01680000008057ff952bfd4000,,WRITE:0-0
42d2b8-42d2bf,2,2,400f8487000000,,WRITE:0-0
42d2bf-42d2cb,2,5,488bf86a0057ff9577fd4000,,WRITE:0-0
42d2cb-42d2db,2,5,2b856b81410096566a40ff95fffc4000,,WRITE:0-0
42d2db-42d2df,2,2,85c0745e,,WRITE:0-0
42d2df-42d2f6,2,12,90909090936a008d851118400050565357ff954ffd4000,,WRITE:0-0
42d2f6-42d300,2,4,8bc38bce60e884000000,,WRITE:0-0
42d300-42d308,2,2,39856f8141007424,,WRITE:0-0
42d32c-42d335,2,4,618d853533410050c3,,WRITE:0-0
42d335-42d33c,2,2,53ff9503fd4000,,WRITE:0-0
42d33c-42d345,2,4,965057ff9527fd4000,,WRITE:0-0
42d345-42d34c,2,3,5860e800000000,,WRITE:0-0
42d34c-42d367,2,9,5e83ee06b9c000000029ceba4e83ff3fc1e90283e90283f9007c1a,,WRITE:0-0
42d362-42d367,48,2,83f9007c1a,,WRITE:0-0
42d367-42d381,48,9,8b048e8b5c8e0433c3c1c01b33c281c23b136c4f89048e49ebe1,m,WRITE:42d33e-42d286
42d381-42d384,2,3,6161c3,,WRITE:0-0
42d384-42d396,2,10,8bf833c033db33d28a07f7e203d84247e2f6,,WRITE:0-0
42d38c-42d396,164701,6,8a07f7e203d84247e2f6,,WRITE:0-0
42d396-42d398,2,2,93c3,,WRITE:0-0
42d398-42d39d,2,3,60d3d77803,,WRITE:0-0
42d39d-42d39f,1,1,7901,,WRITE:0-0
42d3a0-42d3a7,2,2,33f9e801000000,,WRITE:0-0
42d3a8-42d3b1,2,3,83c404f8e801000000,,WRITE:0-0
42d3b2-42d3b7,2,2,83042406c3,,WRITE:0-0
42d3b7-42d3bf,2,2,81ef27038ae37603,,WRITE:0-0
42d3c2-42d3cd,2,2,81c06a052270e801000000,,WRITE:0-0
42d3ce-42d3d4,2,3,83c404f8eb01,,WRITE:0-0
42d3d5-42d3dc,2,2,85d8e801000000,,WRITE:0-0
42d3dd-42d3e8,2,3,83c4046623fee801000000,,WRITE:0-0
42d3e9-42d3f2,2,3,83c40447e801000000,,WRITE:0-0
42d3f3-42d3f8,2,2,83042406c3,,WRITE:0-0
42d3f8-42d401,2,2,66b8e042e801000000,,WRITE:0-0
42d402-42d40d,2,3,83c404c1cbd5e801000000,,WRITE:0-0
42d40e-42d419,2,3,83c404668bf9e801000000,,WRITE:0-0
42d41a-42d423,2,3,83c40466c1cb647803,,WRITE:0-0
42d423-42d425,1,1,7901,,WRITE:0-0
42d426-42d42c,2,2,f9e800000000,,WRITE:0-0
42d42c-42d434,2,4,5d8bc53b45277c06,,WRITE:0-0
42d434-42d43c,2,3,0345278945277c03,,WRITE:0-0
42d43c-42d43e,1,1,7d01,,WRITE:0-0
42d43f-42d444,1,1,e904000000,,WRITE:0-0
42d448-42d45c,2,3,810559b84100d88d4c57b943d54200e801000000,m,WRITE:41b859-0
42d45d-42d477,2,7,83c40466c1e088bd89005e1987c781edad75f65d50e801000000,,WRITE:0-0
42d478-42d481,2,3,83c40458e902000000,,WRITE:0-0
42d483-42d491,2,4,be8c46cf88f881c690b93077eb01,,WRITE:0-0
42d492-42d494,1,1,7702,,WRITE:0-0
42d494-42d4a1,2,4,85d866bbcaae8b11e801000000,,WRITE:0-0
42d49a-42d4a1,28,2,8b11e801000000,,WRITE:0-0
42d4a2-42d4aa,29,2,83c404e90b000000,,WRITE:0-0
42d4b5-42d4bd,29,3,2bd550e801000000,,WRITE:0-0
42d4be-42d4c7,29,3,83c40458e905000000,,WRITE:0-0
42d4cc-42d4d5,29,3,c1c20650e801000000,,WRITE:0-0
42d4d6-42d4dc,29,3,83c404587b02,,WRITE:0-0
42d4de-42d4ef,29,6,c1cbcd83c1042b1183c1fc50e801000000,,WRITE:0-0
42d4f0-42d4fb,29,5,83c404586623f88911eb01,m,WRITE:42d543-42d5af
42d4fc-42d501,28,1,e901000000,,WRITE:0-0
42d502-42d50d,29,2,81c5b7dd5478e801000000,,WRITE:0-0
42d50e-42d513,29,2,83042406c3,,WRITE:0-0
42d513-42d516,29,2,fc7a03,,WRITE:0-0
42d516-42d524,29,3,668bc381e9fcffffffe801000000,,WRITE:0-0
42d525-42d533,29,4,83c40485fb83ee010f8567ffffff,,WRITE:0-0
42d533-42d538,1,1,e801000000,,WRITE:0-0
42d539-42d53e,2,2,83c4047004,,WRITE:0-0
42d53e-42d548,2,3,66c1d7d247e8b8dbffff,,WRITE:0-0
42d548-42d55b,2,6,c68598334100c38db54ef8400056ad0bc07449,,WRITE:0-0
42d555-42d55b,3,4,56ad0bc07449,,WRITE:0-0
42d55b-42d56c,3,11,9090909050ad9151516a40ff95fffc4000,,WRITE:0-0
42d56c-42d592,3,41045,89854af840005958038546f840008bf0508bbd4af84000f3a45850ffb54af84000e82c4c0000,a,WRITE:7509d8-74c119
42d592-42d59e,3,2,ffb54af84000ff9503fd4000,,WRITE:0-0
42d59e-42d5a4,3,3,5e83c608ebb1,,WRITE:0-0
42d5a4-42d5b2,2,4,5e68307500006a40ff95fffc4000,,WRITE:0-0
42d5b2-42d5be,2,3,89854af8400060e800000000,,WRITE:0-0
42d5be-42d5d9,2,9,5e83ee06b97500000029ceba29ed5a6cc1e90283e90283f9007c1a,,WRITE:0-0
42d5d4-42d5d9,29,2,83f9007c1a,,WRITE:0-0
42d5d9-42d5f3,29,9,8b048e8b5c8e0403c3c1c80603c281eab7dd547889048e49ebe1,m,WRITE:42d5af-42d543
42d5f3-42d5fa,2,3,6161e8f7240000,,WRITE:0-0
42d5fb-42d600,1,1,e800dbffff,,WRITE:0-0
42d600-42d61d,2,9,8d8583fb40008bd850508b85208541000fb60083e8333d990000007410,,WRITE:0-0
42d61d-42d628,2,6,9090909058ff9520854100,,WRITE:0-0
42d628-42d62a,1,1,eb17,,WRITE:0-0
42d641-42d645,2,2,0bc0753d,,WRITE:0-0
42d682-42d699,2,5,8bd8898512204000b890fb4000bafffc4000e891daffff,,WRITE:0-0
42d699-42d6a8,2,3,b89cfb4000ba03fd4000e882daffff,,WRITE:0-0
42d6a8-42d6b7,2,3,b8a7fb4000ba17fd4000e873daffff,,WRITE:0-0
42d6b7-42d6c6,2,3,b8bbfb4000ba1bfd4000e864daffff,,WRITE:0-0
42d6c6-42d6d5,2,3,b8d4fb4000ba1ffd4000e855daffff,,WRITE:0-0
42d6d5-42d6e4,2,3,b8e3fb4000ba23fd4000e846daffff,,WRITE:0-0
42d6e4-42d6f3,2,3,b8f1fb4000ba27fd4000e837daffff,,WRITE:0-0
42d6f3-42d702,2,3,b8fdfb4000ba2bfd4000e828daffff,,WRITE:0-0
42d702-42d711,2,3,b809fc4000ba2ffd4000e819daffff,,WRITE:0-0
42d711-42d720,2,3,b81afc4000ba47fd4000e80adaffff,,WRITE:0-0
42d720-42d72f,2,3,b82cfc4000ba4bfd4000e8fbd9ffff,,WRITE:0-0
42d72f-42d73e,2,3,b838fc4000ba4ffd4000e8ecd9ffff,,WRITE:0-0
42d73e-42d74d,2,3,b841fc4000ba53fd4000e8ddd9ffff,,WRITE:0-0
42d74d-42d75c,2,3,b84bfc4000ba57fd4000e8ced9ffff,,WRITE:0-0
42d75c-42d76b,2,3,b857fc4000ba5bfd4000e8bfd9ffff,,WRITE:0-0
42d76b-42d77a,2,3,b864fc4000ba5ffd4000e8b0d9ffff,,WRITE:0-0
42d77a-42d789,2,3,b87dfc4000ba67fd4000e8a1d9ffff,,WRITE:0-0
42d789-42d798,2,3,b88efc4000ba6bfd4000e892d9ffff,,WRITE:0-0
42d798-42d7a7,2,3,b89ffc4000ba6ffd4000e883d9ffff,,WRITE:0-0
42d7a7-42d7b6,2,3,b8a7fd4000baa3fd4000e874d9ffff,,WRITE:0-0
42d7b6-42d7c5,2,3,b8d7fd4000ba73fd4000e865d9ffff,,WRITE:0-0
42d7c5-42d7d4,2,3,b8eafd4000ba77fd4000e856d9ffff,,WRITE:0-0
42d7d4-42d7f1,2,9,8d85b0fc40008bd850508b85208541000fb60083e8333d990000007410,,WRITE:0-0
42d7f1-42d7fc,2,6,9090909058ff9520854100,,WRITE:0-0
42d7fc-42d7fe,1,1,eb17,,WRITE:0-0
42d815-42d819,2,2,0bc0753d,,WRITE:0-0
42d856-42d86d,2,5,8bd8898516204000b8bbfc4000ba07fd4000e8bdd8ffff,,WRITE:0-0
42d86d-42d87c,2,3,b8c7fc4000ba0bfd4000e8aed8ffff,,WRITE:0-0
42d87c-42d88b,2,3,b8d6fc4000ba0ffd4000e89fd8ffff,,WRITE:0-0
42d88b-42d89a,2,3,b8e4fc4000ba13fd4000e890d8ffff,,WRITE:0-0
42d89a-42d8a9,2,3,b8bafd4000bab6fd4000e881d8ffff,,WRITE:0-0
42d8a9-42d8b8,2,3,b8c8fd4000bac4fd4000e872d8ffff,,WRITE:0-0
42d8b8-42d8cb,2,371,8dbd83fb40008d8df1fc40002bcf33c0f3aac3,m,WRITE:429b83-429cf0
42dd39-42dd47,437,4,6023c781e7a97fc530e801000000,,WRITE:0-0
42dd48-42dd4e,2,3,83c404f97a03,,WRITE:0-0
42dd51-42dd57,1,1,0f8203000000,,WRITE:0-0
42dd5a-42dd5f,1,1,e801000000,,WRITE:0-0
42dd60-42dd65,2,2,83042406c3,,WRITE:0-0
42dd65-42dd68,2,2,fc7603,,WRITE:0-0
42dd68-42dd6a,1,1,7701,,WRITE:0-0
42dd6b-42dd73,2,3,23c850e801000000,,WRITE:0-0
42dd74-42dd7c,2,4,83c4045885c77803,,WRITE:0-0
42dd7c-42dd7e,1,1,7901,,WRITE:0-0
42dd7f-42dd87,2,2,668bcbe801000000,,WRITE:0-0
42dd88-42dd91,2,3,83c40440e801000000,,WRITE:0-0
42dd92-42dd97,2,2,83042406c3,,WRITE:0-0
42dd97-42dd9d,2,2,4fe801000000,,WRITE:0-0
42dd9e-42dda3,2,2,83042406c3,,WRITE:0-0
42dda3-42dda8,2,2,668bcfeb01,,WRITE:0-0
42dda9-42ddad,2,2,85c17403,,WRITE:0-0
42ddad-42ddaf,1,1,7501,,WRITE:0-0
42ddb0-42ddb7,2,2,87c8e801000000,,WRITE:0-0
42ddb8-42ddc2,2,3,83c40487c1e801000000,,WRITE:0-0
42ddc3-42ddc8,2,2,83042406c3,,WRITE:0-0
42ddc8-42ddcf,2,2,1bcee801000000,,WRITE:0-0
42ddd0-42ddd9,2,2,83c4040f8403000000,,WRITE:0-0
42ddd9-42dde2,2,3,c1e89150e801000000,,WRITE:0-0
42dde3-42ddef,2,4,83c40458c1c7fbe800000000,,WRITE:0-0
42ddef-42ddf7,2,4,5d8bc53b45167c06,,WRITE:0-0
42ddf7-42ddff,2,3,034516894516eb01,,WRITE:0-0
42de00-42de0f,2,3,66c1c8f968e4de42000f8203000000,,WRITE:0-0
42de0f-42de15,2,3,c1e1d05e7803,,WRITE:0-0
42de18-42de23,2,5,4f6840c12ae02bc15deb01,,WRITE:0-0
42de24-42de29,1,1,e901000000,,WRITE:0-0
42de2a-42de3c,2,4,bafba50de485f981c2885af21be801000000,,WRITE:0-0
42de3d-42de42,2,2,83042406c3,,WRITE:0-0
42de42-42de47,1,1,e902000000,,WRITE:0-0
42de49-42de57,2,3,812de1b84100d536f5528b1e7603,m,WRITE:41b8e1-0
42de53-42de57,131,2,8b1e7603,,WRITE:0-0
42de57-42de59,130,1,7701,,WRITE:0-0
42de5a-42de64,132,4,0bfaf803dde801000000,,WRITE:0-0
42de65-42de6a,132,2,83042406c3,,WRITE:0-0
42de6a-42de73,132,3,49c1c303e801000000,,WRITE:0-0
42de74-42de7c,132,2,83c404e904000000,,WRITE:0-0
42de80-42de85,132,2,035e047e03,,WRITE:0-0
42de85-42de87,70,1,7f01,,WRITE:0-0
42de88-42de8d,131,1,e902000000,,WRITE:0-0
42de8f-42de93,132,2,891e7e03,m,WRITE:42dee4-42e0ec
42de93-42de95,70,1,7f01,,WRITE:0-0
42de96-42de9c,132,2,66b81f0b7502,,WRITE:0-0
42de9e-42deb4,132,4,810dc9b84100673ee49b81f513feeb7b50e801000000,m,WRITE:41b8c9-41b8c9
42deb5-42decb,132,6,83c4045887c8bf55178c2081eefcffffffe801000000,,WRITE:0-0
42decc-42ded9,132,4,83c404668bc34a0f857affffff,,WRITE:0-0
42ded9-42dedb,1,1,eb01,,WRITE:0-0
42dedc-42dee1,1,1,e903000000,,WRITE:0-0
42dee4-42dee9,1,1,e817d2ffff,,WRITE:0-0
42dee9-42def2,2,2,80bda5524100c37409,,WRITE:0-0
42defb-42df11,2,3,66c7852cf54000000083bd4f814100000f84e5010000,,WRITE:0-0
42e0f6-42e0fc,2,2,60e800000000,,WRITE:0-0
42e0fc-42e117,2,9,5e83ee06b91202000029ceba40c12ae0c1e90283e90283f9007c1a,,WRITE:0-0
42e112-42e117,132,2,83f9007c1a,,WRITE:0-0
42e117-42e131,132,9,8b048e8b5c8e042bc3c1c8032bc281f213feeb7b89048e49ebe1,m,WRITE:42e0ec-42dee4
42e131-42e135,2,3,61487a02,,WRITE:0-0
42e135-42e139,2,2,85c7eb01,,WRITE:0-0
42e13a-42e13d,2,2,4f7203,,WRITE:0-0
42e13d-42e13f,1,1,7301,,WRITE:0-0
42e140-42e146,2,2,fce801000000,,WRITE:0-0
42e147-42e152,2,4,83c40487f850e801000000,,WRITE:0-0
42e153-42e15d,2,3,83c404580f8001000000,,WRITE:0-0
42e15d-42e163,2,2,47e801000000,,WRITE:0-0
42e164-42e16f,2,4,83c40487c750e801000000,,WRITE:0-0
42e170-42e17a,2,3,83c404580f8306000000,,WRITE:0-0
42e180-42e186,2,2,50e801000000,,WRITE:0-0
42e187-42e191,2,3,83c404580f8904000000,,WRITE:0-0
42e195-42e19a,1,1,e801000000,,WRITE:0-0
42e19b-42e1a4,2,3,83c404f9e800000000,,WRITE:0-0
42e1a4-42e1ac,2,4,5d8bc53b451d7c06,,WRITE:0-0
42e1ac-42e1b4,2,3,03451d89451d7203,,WRITE:0-0
42e1b4-42e1b6,1,1,7301,,WRITE:0-0
42e1b7-42e1bc,1,1,e904000000,,WRITE:0-0
42e1c0-42e1cc,2,4,68dce24200f95ee801000000,,WRITE:0-0
42e1cd-42e1d5,2,2,83c404e902000000,,WRITE:0-0
42e1d7-42e1f3,2,5,812d1dbb4100c81ead02ba85a7687c87c181f2a6ed0cf1e801000000,m,WRITE:41bb1d-0
42e1f4-42e1f9,2,2,83042406c3,,WRITE:0-0
42e1f9-42e1fe,1,1,e906000000,,WRITE:0-0
42e204-42e20b,2,2,bd4d62bd687804,,WRITE:0-0
42e20b-42e21a,2,3,66c1e14a81f5cd62bd68e801000000,,WRITE:0-0
42e21b-42e220,2,2,83042406c3,,WRITE:0-0
42e220-42e225,2,3,f88b1e7e03,,WRITE:0-0
42e221-42e225,128,2,8b1e7e03,,WRITE:0-0
42e225-42e227,128,1,7f01,,WRITE:0-0
42e228-42e22e,128,1,0f8502000000,,WRITE:0-0
42e230-42e237,129,2,03dae801000000,,WRITE:0-0
42e238-42e23d,129,2,83042406c3,,WRITE:0-0
42e23d-42e242,128,1,e907000000,,WRITE:0-0
42e249-42e252,129,3,c1c31f50e801000000,,WRITE:0-0
42e253-42e25d,129,3,83c404580f8802000000,,WRITE:0-0
42e25d-42e270,129,5,85f987f88135a5ba41006d3157d9035e047403,m,WRITE:41baa5-41baa5
42e270-42e272,103,1,7501,,WRITE:0-0
42e273-42e282,129,5,66bf85fa6613c2891e50e801000000,m,WRITE:42e2dc-42e4d8
42e283-42e28c,129,3,83c40458e903000000,,WRITE:0-0
42e28f-42e29b,129,3,81c2ce5b339550e801000000,,WRITE:0-0
42e29c-42e2a6,129,3,83c404580f8b04000000,,WRITE:0-0
42e2aa-42e2b6,129,3,4f81eefcffffffe801000000,,WRITE:0-0
42e2b7-42e2bf,129,2,83c404e902000000,,WRITE:0-0
42e2c1-42e2ca,129,2,83c5ff0f8557ffffff,,WRITE:0-0
42e2ca-42e2cf,1,1,e801000000,,WRITE:0-0
42e2d0-42e2d5,2,2,83042406c3,,WRITE:0-0
42e2d5-42e2db,1,1,0f8c01000000,,WRITE:0-0
42e2db-42e2e1,2,2,49e81fceffff,,WRITE:0-0
42e2e1-42e2f0,2,2,6681bd2cf5400000ff0f84ac000000,,WRITE:0-0
42e2f0-42e2fb,2,2,6681bd2cf5400001ff7439,,WRITE:0-0
42e2fb-42e30a,2,6,909090906681bd2cf5400002ff7453,,WRITE:0-0
42e30a-42e313,2,5,90909090e989000000,,WRITE:0-0
42e39c-42e3a9,2,2,80bd0d444100000f841b010000,,WRITE:0-0
42e4c4-42e4cd,2,2,80bd6cf7400001740c,,WRITE:0-0
42e4cd-42e4e6,2,15,909090909090909090909090c685393d4100c360e800000000,,WRITE:0-0
42e4e6-42e501,2,9,5e83ee06b90402000029ceba55d5de91c1e90283e90283f9007c1a,,WRITE:0-0
42e4fc-42e501,129,2,83f9007c1a,,WRITE:0-0
42e501-42e51b,129,9,8b048e8b5c8e042bc3c1c81f2bc281eace5b339589048e49ebe1,m,WRITE:42e4d8-42e2dc
42e51b-42e522,2,3,6161e84c050000,,WRITE:0-0
42ea6e-42ea71,2,2,60eb04,,WRITE:0-0
42ea75-42ea7d,2,5,4542f9c1d53e7803,,WRITE:0-0
42ea7d-42ea7f,1,1,7901,,WRITE:0-0
42ea80-42ea86,2,2,f9e801000000,,WRITE:0-0
42ea87-42ea8c,2,2,83042406c3,,WRITE:0-0
42ea8c-42ea92,2,2,66c1d50c7803,,WRITE:0-0
42ea92-42ea94,1,1,7901,,WRITE:0-0
42ea95-42ea97,1,1,7702,,WRITE:0-0
42ea99-42ea9b,1,1,7603,,WRITE:0-0
42ea9b-42ea9d,1,1,7701,,WRITE:0-0
42ea9e-42eaa0,1,1,7603,,WRITE:0-0
42eaa0-42eaa8,2,2,660bd3e801000000,,WRITE:0-0
42eaa9-42eab0,2,3,83c404d3c97a03,,WRITE:0-0
42eab0-42eab2,1,1,7b01,,WRITE:0-0
42eab3-42eab7,2,2,d3e27a03,,WRITE:0-0
42eab7-42eab9,1,1,7b01,,WRITE:0-0
42eaba-42eac3,2,2,66c1eab6e801000000,,WRITE:0-0
42eac4-42eac9,2,2,83042406c3,,WRITE:0-0
42eac9-42eacd,2,2,85d57e03,,WRITE:0-0
42ead0-42ead6,1,1,0f8301000000,,WRITE:0-0
42ead7-42ead9,1,1,7803,,WRITE:0-0
42ead9-42eadb,1,1,7901,,WRITE:0-0
42eadc-42eae2,1,1,0f8104000000,,WRITE:0-0
42eae6-42eaeb,1,1,e800000000,,WRITE:0-0
42eaeb-42eaf3,2,4,5d8bc53b451c7c06,,WRITE:0-0
42eaf3-42eafe,2,3,03451c89451ce801000000,,WRITE:0-0
42eaff-42eb11,2,5,83c40466d3e549681fec42000f8203000000,,WRITE:0-0
42eb11-42eb17,2,3,c1e5265b7a03,,WRITE:0-0
42eb1a-42eb1f,1,1,e908000000,,WRITE:0-0
42eb27-42eb38,2,4,be6ece24d9f981c622c31b7ce801000000,,WRITE:0-0
42eb39-42eb3e,2,2,83042406c3,,WRITE:0-0
42eb3e-42eb46,2,2,87d50f8d06000000,,WRITE:0-0
42eb4c-42eb57,2,3,bfec00000050e801000000,,WRITE:0-0
42eb58-42eb61,2,3,83c40458e903000000,,WRITE:0-0
42eb64-42eb6c,237,3,8b0350e801000000,,WRITE:0-0
42eb6d-42eb77,237,3,83c404580f8602000000,,WRITE:0-0
42eb77-42eb7b,237,2,85ea7801,,WRITE:0-0
42eb7b-42eb83,237,3,f92bc6e801000000,,WRITE:0-0
42eb84-42eb8c,237,2,83c404e90d000000,,WRITE:0-0
42eb99-42eba1,237,2,c1c009e801000000,,WRITE:0-0
42eba2-42eba7,237,2,83042406c3,,WRITE:0-0
42eba7-42ebad,237,2,66ba62457a01,,WRITE:0-0
42ebad-42ebb6,237,3,422b4304e801000000,,WRITE:0-0
42ebb7-42ebbc,237,2,83042406c3,,WRITE:0-0
42ebbc-42ebc6,237,4,85d1890350e801000000,m,WRITE:42ec1f-42efcb
42ebc7-42ebd0,237,3,83c40458e90a000000,,WRITE:0-0
42ebda-42ebec,237,3,811dc1b841000cfefb0181f640a632b0eb01,m,WRITE:41b8c1-41b8c1
42ebed-42ebf2,236,1,e90a000000,,WRITE:0-0
42ebfc-42ec01,237,2,83c304eb01,,WRITE:0-0
42ec02-42ec0a,237,3,f84f0f855affffff,,WRITE:0-0
42ec0a-42ec10,2,2,50e801000000,,WRITE:0-0
42ec11-42ec1a,2,3,83c40458e905000000,,WRITE:0-0
42ec1f-42ec24,1,1,e8dcc4ffff,,WRITE:0-0
42ec24-42ec46,2,5,c6856e4a4100c3c6856df7400000c685744a41000080bd6cf74000010f848d030000,,WRITE:0-0
42ec46-42ec54,2,3,8a85634c41000ac00f847f030000,,WRITE:0-0
42efd3-42efd9,2,2,60e800000000,,WRITE:0-0
42efd9-42eff4,2,9,5e83ee06b9b403000029cebad03772e5c1e90283e90283f9007c1a,,WRITE:0-0
42efef-42eff4,237,2,83f9007c1a,,WRITE:0-0
42eff4-42f00e,237,9,8b048e8b5c8e0403c3c1c80903c281f240a632b089048e49ebe1,m,WRITE:42efcb-42ec1f
42f00e-42f014,2,2,61e801000000,,WRITE:0-0
42f015-42f01e,2,2,83c4040f8002000000,,WRITE:0-0
42f01e-42f025,2,2,d3c2e801000000,,WRITE:0-0
42f026-42f02b,2,2,83042406c3,,WRITE:0-0
42f02b-42f034,2,2,66be13f6e801000000,,WRITE:0-0
42f035-42f03e,2,2,83c4040f8302000000,,WRITE:0-0
42f040-42f045,1,1,e801000000,,WRITE:0-0
42f046-42f04f,2,2,83c4040f8601000000,,WRITE:0-0
42f04f-42f055,2,2,f8e801000000,,WRITE:0-0
42f056-42f05b,2,2,83042406c3,,WRITE:0-0
42f05b-42f05f,2,2,85d3eb01,,WRITE:0-0
42f060-42f066,2,2,42e801000000,,WRITE:0-0
42f067-42f06c,2,2,83042406c3,,WRITE:0-0
42f06c-42f074,2,3,85d350e801000000,,WRITE:0-0
42f075-42f082,2,4,83c4045866c1db2ee801000000,,WRITE:0-0
42f083-42f088,2,2,83042406c3,,WRITE:0-0
42f088-42f090,2,2,660bf7e801000000,,WRITE:0-0
42f091-42f098,2,3,83c40487d67403,,WRITE:0-0
42f098-42f09a,1,1,7501,,WRITE:0-0
42f09b-42f09d,1,1,7703,,WRITE:0-0
42f0a0-42f0a5,1,1,e801000000,,WRITE:0-0
42f0a6-42f0b2,2,3,83c40466ba8173e800000000,,WRITE:0-0
42f0b2-42f0ba,2,4,5d8bc53b451e7c06,,WRITE:0-0
42f0ba-42f0c6,2,4,03451e89451e50e801000000,,WRITE:0-0
42f0c7-42f0d6,2,6,83c4045887de8bddb9b9f14200eb01,,WRITE:0-0
42f0d7-42f0e0,2,2,c1cbe90f8d02000000,,WRITE:0-0
42f0e2-42f0f5,2,4,bff10fab2581c28277033381c7a378e7117e03,,WRITE:0-0
42f0f5-42f0f7,1,1,7f01,,WRITE:0-0
42f0f8-42f0fe,1,1,0f8301000000,,WRITE:0-0
42f0ff-42f10f,2,5,fcbd089db3320bde81eddf9cb3327e03,,WRITE:0-0
42f10f-42f111,1,1,7f01,,WRITE:0-0
42f112-42f11b,2,4,87f3668bd58b01eb01,,WRITE:0-0
42f117-42f11b,41,2,8b01eb01,,WRITE:0-0
42f11c-42f122,42,3,8bf033c7eb01,,WRITE:0-0
42f123-42f128,41,1,e904000000,,WRITE:0-0
42f12c-42f135,42,3,c1c00950e801000000,,WRITE:0-0
42f136-42f13f,42,3,83c40458e90b000000,,WRITE:0-0
42f14a-42f157,42,4,83c104030183c1fce801000000,,WRITE:0-0
42f158-42f160,42,2,83c404e90c000000,,WRITE:0-0
42f16c-42f17e,42,4,813561b841005f2c6e28890150e801000000,m,WRITE:41b861-42f259
42f17f-42f18d,42,5,83c40458d3e381c7f5dc7116eb01,,WRITE:0-0
42f18e-42f194,41,1,0f8104000000,,WRITE:0-0
42f194-42f1a1,5,4,66ba8a8083c10450e801000000,,WRITE:0-0
42f198-42f1a1,38,3,83c10450e801000000,,WRITE:0-0
42f1a2-42f1ae,42,5,83c40458f84d0f8569ffffff,,WRITE:0-0
42f1ae-42f1b0,1,1,7403,,WRITE:0-0
42f1b3-42f1b5,1,1,7a04,,WRITE:0-0
42f1b9-42f1be,1,1,e842bfffff,,WRITE:0-0
42f1be-42f1cb,2,2,80bd744a4100000f8497000000,,WRITE:0-0
42f262-42f268,2,2,60e800000000,,WRITE:0-0
42f268-42f283,2,9,5e83ee06b9a900000029cebadc0e5db9c1e90283e90283f9007c1a,,WRITE:0-0
42f27e-42f283,42,2,83f9007c1a,,WRITE:0-0
42f283-42f29d,42,9,8b048e8b5c8e042bc3c1c80933c281eaf5dc711689048e49ebe1,m,WRITE:42f259-42f1b9
42f29d-42f2a0,2,3,6161c3,,WRITE:0-0
42f2a5-42f2b3,970,6,60f90bc2f966c1e212e801000000,,WRITE:0-0
42f2b4-42f2b9,2,2,83042406c3,,WRITE:0-0
42f2b9-42f2bb,1,1,7c01,,WRITE:0-0
42f2bb-42f2c2,2,3,fc50e801000000,,WRITE:0-0
42f2c3-42f2cd,2,4,83c4045841e801000000,,WRITE:0-0
42f2ce-42f2d3,2,2,83042406c3,,WRITE:0-0
42f2d3-42f2da,2,2,d3e8e801000000,,WRITE:0-0
42f2db-42f2e0,2,2,83c4047902,,WRITE:0-0
42f2e2-42f2e4,1,1,7603,,WRITE:0-0
42f2e4-42f2e6,1,1,7701,,WRITE:0-0
42f2e7-42f2ed,1,1,0f8003000000,,WRITE:0-0
42f2ed-42f2f6,2,3,66d3c950e801000000,,WRITE:0-0
42f2f7-42f303,2,5,83c4045885c150e801000000,,WRITE:0-0
42f304-42f310,2,5,83c40458d3d050e801000000,,WRITE:0-0
42f311-42f319,2,4,83c404581bc77603,,WRITE:0-0
42f319-42f31b,1,1,7701,,WRITE:0-0
42f31c-42f31e,1,1,7105,,WRITE:0-0
42f323-42f328,1,1,e801000000,,WRITE:0-0
42f329-42f335,2,3,83c40466b914c4e800000000,,WRITE:0-0
42f335-42f33d,2,4,5d8bc53b45217c06,,WRITE:0-0
42f33d-42f349,2,4,03452189452150e801000000,,WRITE:0-0
42f34a-42f353,2,3,83c40458e902000000,,WRITE:0-0
42f355-42f360,2,3,be50f4420050e801000000,,WRITE:0-0
42f361-42f375,2,7,83c4045885ca6867e97825668bd05de801000000,,WRITE:0-0
42f376-42f37b,2,2,83042406c3,,WRITE:0-0
42f37b-42f380,1,1,e905000000,,WRITE:0-0
42f385-42f392,2,4,689b000000baf1bf343c5feb01,,WRITE:0-0
42f393-42f398,1,1,e902000000,,WRITE:0-0
42f39a-42f3a2,156,3,8b1e50e801000000,,WRITE:0-0
42f3a3-42f3ac,156,3,83c40458e902000000,,WRITE:0-0
42f3ae-42f3b2,156,2,2bddeb01,,WRITE:0-0
42f3b3-42f3b8,155,1,e901000000,,WRITE:0-0
42f3b9-42f3c8,156,3,813545b841006be7cff2c1cb097e03,m,WRITE:41b845-41b845
42f3cb-42f3e0,156,6,6681d19a0581d87db8977b83c604331e83ee047203,,WRITE:0-0
42f3e0-42f3e2,155,1,7301,,WRITE:0-0
42f3e3-42f3e5,155,1,7405,,WRITE:0-0
42f3e5-42f3f1,156,3,6681e1ccb8891ee801000000,m,WRITE:42f450-42f6b8
42f3f2-42f3f7,156,2,83042406c3,,WRITE:0-0
42f3f7-42f3fb,156,2,85d17b02,,WRITE:0-0
42f3fb-42f405,79,3,2bc181c5f5f6a3f77a03,,WRITE:0-0
42f3fd-42f405,78,2,81c5f5f6a3f77a03,,WRITE:0-0
42f405-42f407,82,1,7b01,,WRITE:0-0
42f408-42f40d,155,1,e908000000,,WRITE:0-0
42f415-42f41d,156,2,83c604e801000000,,WRITE:0-0
42f41e-42f436,156,5,83c40481da99002c9781f01a4e6d8083ef010f8564ffffff,,WRITE:0-0
42f436-42f43b,1,1,e801000000,,WRITE:0-0
42f43c-42f441,2,2,83042406c3,,WRITE:0-0
42f441-42f455,2,4,c1c19885d18105a1b9410024f142f6e8abbcffff,m,WRITE:41b9a1-0
42f455-42f48c,2,10,c685a5524100c3c7850bf940000010400001ad0bf9400083850bf94000108b9546f840008bb507f9400003f28b460c0bc00f8425020000,a,WRITE:0-0
42f481-42f48c,2,3,8b460c0bc00f8425020000,a,WRITE:0-0
42f48c-42f4a5,2,13,83660c0003c28bd85657508bf38bfbacc0c003aa803f0075f6,anm,WRITE:4182c8-41851e
42f49b-42f4a5,12,5,acc0c003aa803f0075f6,am,WRITE:41851f-418529
42f4a5-42f4af,2,5,585f5e50ff9520854100,,WRITE:0-0
42f4af-42f4b3,2,2,0bc07543,,WRITE:0-0
42f4f6-42f500,2,6,602bc0880343380375f9,am,WRITE:41851e-0
42f4f9-42f500,12,4,880343380375f9,am,WRITE:41851f-418529
42f500-42f51d,2,7,6189853ef84000c78542f84000000000008b9546f840008b060bc07507,a,WRITE:0-0
42f511-42f51d,67,4,8b9546f840008b060bc07507,a,WRITE:0-0
42f524-42f541,68,8,03c2038542f840008b188b7e1003fa03bd42f8400085db0f8462010000,a,WRITE:0-0
42f541-42f549,67,2,f7c300000080751d,,WRITE:0-0
42f549-42f563,67,16,9090909003da83c3025657508bf38bfbacc0c003aa803f0075f6,am,WRITE:4183f2-4188ba
42f559-42f563,933,5,acc0c003aa803f0075f6,am,WRITE:4183f3-4188c6
42f563-42f56e,67,5,585f5e3b9d46f840007c11,,WRITE:0-0
42f56e-42f57b,67,6,9090909083bd1a20400000750a,,WRITE:0-0
42f57b-42f592,67,8,9090909081e3ffffff0f53ffb53ef84000ff951c854100,,WRITE:0-0
42f592-42f59a,67,2,3b9d46f840007c0f,,WRITE:0-0
42f59a-42f5a8,67,10,90909090602bc0880343380375f9,am,WRITE:4183f2-4188ba
42f5a1-42f5a8,933,4,880343380375f9,am,WRITE:4183f3-4188c6
42f5a8-42f5b1,67,3,610bc00f8415ffffff,,WRITE:0-0
42f5b1-42f5b9,67,2,3b852c8541007420,,WRITE:0-0
42f5b9-42f5c5,67,6,909090903b85c4fd40007409,,WRITE:0-0
42f5c5-42f5cb,67,5,90909090eb14,,WRITE:0-0
42f5df-42f5ef,67,5,56ffb53ef840005e39b5122040007415,,WRITE:0-0
42f604-42f60d,67,2,80bd16564100007457,,WRITE:0-0
42f664-42f681,67,266,5e608bd02bbd46f840008bc7b9010100008dbdebec4000f2af0bc97413,,WRITE:0-0
42f694-42f6a3,67,4,618907838542f8400004e96efeffff,anm,WRITE:412000-412104
42f6a3-42f6b1,2,3,83c6148b9546f84000e9d0fdffff,,WRITE:0-0
42f6b1-42f6c6,2,261,8dbdebec400033c0b900010000f3ab60e800000000,m,WRITE:428ceb-4290e7
42f6c6-42f6e1,2,9,5e83ee06b97002000029cebac9781b1ec1e90283e90283f9007c1a,,WRITE:0-0
42f6dc-42f6e1,156,2,83f9007c1a,,WRITE:0-0
42f6e1-42f6fb,156,9,8b048e8b5c8e0433c3c1c00903c281eaf5f6a3f789048e49ebe1,m,WRITE:42f6b8-42f450
42f6fb-42f702,2,3,6161e8d9d9ffff,,WRITE:0-0
42fa37-42fa3d,2,2,60e8c3b6ffff,,WRITE:0-0
42fa3d-42fa67,2,6,c7850757410000000000b9000000008db53d1b40008dbdcd1c4000c7850b57410064000000e845000000,,WRITE:0-0
42fa67-42fa87,2,5,b9000000008db5d0f440008dbdfcf44000c7850b5741000b000000e825000000,,WRITE:0-0
42fa87-42faa7,2,5,b9000000008db5175741008dbda7584100c7850b57410064000000e805000000,,WRITE:0-0
42faa7-42faa9,1,1,eb46,,WRITE:0-0
42faac-42fab4,4,2,3b8d0b574100743a,,WRITE:0-0
42fab4-42fac2,4,8,909090908b048e8b1c8f0bc0742c,,WRITE:0-0
42faef-42faf1,2,2,61c3,,WRITE:0-0
42faf1-42faf4,2,2,60eb1d,,WRITE:0-0
42fb11-42fb16,1,1,e8eab5ffff,,WRITE:0-0
42fb16-42fb25,2,3,8b5424202b9546f84000e812ffffff,,WRITE:0-0
42fb25-42fb3f,2,5,ffb5075741008f85035741008b85f75a41000bc00f84e4000000,,WRITE:0-0
42fc23-42fc25,2,2,61c3,,WRITE:0-0
42fc48-42fc4b,2,2,607102,,WRITE:0-0
42fc4d-42fc5a,2,6,f82be88be885ee66c1fec97603,,WRITE:0-0
42fc5a-42fc5c,1,1,7701,,WRITE:0-0
42fc5d-42fc63,2,2,66bebda9eb01,,WRITE:0-0
42fc64-42fc6b,2,2,85cee801000000,,WRITE:0-0
42fc6c-42fc7a,2,4,83c4046681f5f00d50e801000000,,WRITE:0-0
42fc7b-42fc85,2,3,83c404580f8b02000000,,WRITE:0-0
42fc87-42fc8d,2,2,50e801000000,,WRITE:0-0
42fc8e-42fc98,2,4,83c404584de801000000,,WRITE:0-0
42fc99-42fc9f,2,3,83c404fceb01,,WRITE:0-0
42fca0-42fca6,2,2,4ee801000000,,WRITE:0-0
42fca7-42fcac,2,2,83042406c3,,WRITE:0-0
42fcac-42fcb0,2,2,87f57603,,WRITE:0-0
42fcb0-42fcb2,1,1,7701,,WRITE:0-0
42fcb3-42fcb5,1,1,7c02,,WRITE:0-0
42fcb5-42fcb9,2,2,2bef7c03,,WRITE:0-0
42fcb9-42fcbb,1,1,7d01,,WRITE:0-0
42fcbc-42fcc2,1,1,0f8501000000,,WRITE:0-0
42fcc3-42fcc5,1,1,eb01,,WRITE:0-0
42fcc6-42fccb,2,2,c1e16eeb01,,WRITE:0-0
42fccc-42fcd3,2,3,4950e801000000,,WRITE:0-0
42fcd4-42fcdc,2,4,83c4045885e97c03,,WRITE:0-0
42fcdc-42fcde,1,1,7d01,,WRITE:0-0
42fcdf-42fce6,2,2,0bcae800000000,,WRITE:0-0
42fce6-42fcee,2,4,5d8bc53b451f7c06,,WRITE:0-0
42fcee-42fcf9,2,3,03451f89451fe801000000,,WRITE:0-0
42fcfa-42fd02,2,3,83c4046623ce7c02,,WRITE:0-0
42fd02-42fd0e,2,3,8bcabbf3fd4200e801000000,,WRITE:0-0
42fd0f-42fd25,2,5,83c40466c1ded5bde7b50772bafd89cc8fe801000000,,WRITE:0-0
42fd26-42fd2b,2,2,83042406c3,,WRITE:0-0
42fd2b-42fd30,1,1,e904000000,,WRITE:0-0
42fd34-42fd42,2,4,6808000000c1fd3b5fe801000000,,WRITE:0-0
42fd43-42fd48,2,2,83042406c3,,WRITE:0-0
42fd48-42fd4a,1,1,7901,,WRITE:0-0
42fd4b-42fd4f,9,2,8b037403,,WRITE:0-0
42fd4f-42fd51,8,1,7501,,WRITE:0-0
42fd52-42fd57,8,1,e904000000,,WRITE:0-0
42fd5b-42fd63,9,3,03c250e801000000,,WRITE:0-0
42fd64-42fd80,9,7,83c4045887f566c1cec6812505ba4100f4c9d95bc1c806e801000000,m,WRITE:41ba05-41ba05
42fd81-42fd90,9,4,83c40466be8460334304e801000000,,WRITE:0-0
42fd91-42fd9a,9,2,83c4040f8101000000,,WRITE:0-0
42fd9b-42fda3,9,3,498903e801000000,m,WRITE:42fdf3-42fe0f
42fda4-42fdb4,9,5,83c404f84981c26313fe22e801000000,,WRITE:0-0
42fdb5-42fdba,9,2,83042406c3,,WRITE:0-0
42fdba-42fdbf,8,1,e903000000,,WRITE:0-0
42fdc2-42fdcd,9,2,81ebfcffffffe801000000,,WRITE:0-0
42fdce-42fdd6,9,2,83c404e903000000,,WRITE:0-0
42fdd9-42fde0,9,2,4f0f856bffffff,,WRITE:0-0
42fde0-42fde5,1,1,e801000000,,WRITE:0-0
42fde6-42fdee,2,2,83c404e905000000,,WRITE:0-0
42fdf3-42fdf8,1,1,e808b3ffff,,WRITE:0-0
42fdf8-42fe1e,2,13,8db51c8541008dbd33fd4000b905000000f3a58dbd43fd40008d854bfe4000ab60e800000000,m,WRITE:429d33-429d43
42fe1e-42fe39,2,9,5e83ee06b92500000029cebab211bf84c1e90283e90283f9007c1a,,WRITE:0-0
42fe34-42fe39,9,2,83f9007c1a,,WRITE:0-0
42fe39-42fe53,9,9,8b048e8b5c8e0433c3c1c0062bc281ea6313fe2289048e49ebe1,m,WRITE:42fe0f-42fdf3
42fe53-42fe56,2,3,6161c3,,WRITE:0-0
42fe56-42fe65,2,7,6085f5660bea4687ea50e801000000,,WRITE:0-0
42fe66-42fe70,2,3,83c404580f8c01000000,,WRITE:0-0
42fe70-42fe77,2,3,4d50e801000000,,WRITE:0-0
42fe78-42fe83,2,4,83c404586681cdc0d47e03,,WRITE:0-0
42fe86-42fe88,1,1,7101,,WRITE:0-0
42fe89-42fe8b,1,1,eb01,,WRITE:0-0
42fe8c-42fe92,2,2,42e801000000,,WRITE:0-0
42fe93-42fe98,2,2,83c4047201,,WRITE:0-0
42fe98-42fe9b,2,2,fceb01,,WRITE:0-0
42fe9c-42fe9f,2,2,fceb01,,WRITE:0-0
42fea0-42fea5,2,2,6623d5eb01,,WRITE:0-0
42fea6-42feac,2,2,f9e801000000,,WRITE:0-0
42fead-42feb2,2,2,83042406c3,,WRITE:0-0
42feb2-42feb6,2,2,85d6eb01,,WRITE:0-0
42feb7-42feba,2,2,f97403,,WRITE:0-0
42feba-42febc,1,1,7501,,WRITE:0-0
42febd-42fec3,1,1,0f8301000000,,WRITE:0-0
42fec3-42fec9,2,2,f8e801000000,,WRITE:0-0
42feca-42fed3,2,3,83c404f8e801000000,,WRITE:0-0
42fed4-42fed9,2,2,83042406c3,,WRITE:0-0
42fed9-42fedc,2,2,f9eb01,,WRITE:0-0
42fedd-42fee6,2,2,66bd08e7e800000000,,WRITE:0-0
42fee6-42feee,2,4,5d8bc53b45157c06,,WRITE:0-0
42feee-42fef6,2,3,0345158945157203,,WRITE:0-0
42fef6-42fef8,1,1,7301,,WRITE:0-0
42fef9-42ff07,2,6,f86801004300fc5950e801000000,,WRITE:0-0
42ff08-42ff11,2,3,83c40458e903000000,,WRITE:0-0
42ff14-42ff23,2,4,bfc4506ed487ee81ef494613bc7c03,,WRITE:0-0
42ff23-42ff25,1,1,7d01,,WRITE:0-0
42ff26-42ff2b,1,1,e902000000,,WRITE:0-0
42ff2d-42ff49,2,6,811549b9410048b7a16eb82fd243def881f026d243de50e801000000,m,WRITE:41b949-0
42ff4a-42ff53,2,3,83c40458e905000000,,WRITE:0-0
42ff58-42ff5c,10,2,8b197803,,WRITE:0-0
42ff5c-42ff5e,9,1,7901,,WRITE:0-0
42ff5f-42ff64,9,1,e902000000,,WRITE:0-0
42ff66-42ff78,10,4,813589b94100410c294103df50e801000000,m,WRITE:41b989-41b989
42ff79-42ff82,10,3,83c40458e901000000,,WRITE:0-0
42ff83-42ff8b,10,2,c1cb04e801000000,,WRITE:0-0
42ff8c-42ff91,10,2,83042406c3,,WRITE:0-0
42ff91-42ffa8,10,6,f9668bf3685746e95c8f05f1b84100335904e801000000,m,WRITE:41b8f1-41b8f1
42ffa9-42ffb4,10,4,83c40466c1fd508919eb01,m,WRITE:430001-430021
42ffb5-42ffba,9,1,e907000000,,WRITE:0-0
42ffc1-42ffcc,10,2,81f7a37ac908e801000000,,WRITE:0-0
42ffcd-42ffd5,10,2,83c404e903000000,,WRITE:0-0
42ffd8-42ffe4,10,3,81e9fcffffff50e801000000,,WRITE:0-0
42ffe5-42ffeb,10,3,83c404587103,,WRITE:0-0
42ffee-42fff7,10,2,83c0ff0f8561ffffff,,WRITE:0-0
42fff7-42fff9,1,1,7e03,,WRITE:0-0
42fffc-430006,2,3,6633d387f5e8fab0ffff,,WRITE:0-0
430006-43002c,2,12,b91c0000008db5fffc40008dbdef07410083c707b090aab8ff25000066ab8bc6ab83c604e2ee,m,WRITE:42a7f6-42a7f9
43001a-43002c,28,8,b090aab8ff25000066ab8bc6ab83c604e2ee,m,WRITE:42a7fd-42a8b6
43002c-430032,2,2,60e800000000,,WRITE:0-0
430032-43004d,2,9,5e83ee06b92b00000029ceba7b0a5b18c1e90283e90283f9007c1a,,WRITE:0-0
430048-43004d,10,2,83f9007c1a,,WRITE:0-0
43004d-430067,10,9,8b048e8b5c8e0433c3c1c0042bc281f2a37ac90889048e49ebe1,m,WRITE:430021-430001
430067-43006a,2,3,6161c3,,WRITE:0-0
43006a-430070,2,2,60e890b0ffff,,WRITE:0-0
430070-43007d,2,4,33d28bb4953d1b40000bf67431,,WRITE:0-0
4300ae-4300b0,2,2,61c3,,WRITE:0-0
4300b0-4300b8,2,6,60f887f0f8487e03,,WRITE:0-0
4300b8-4300ba,1,1,7f01,,WRITE:0-0
4300bb-4300c7,2,3,81e27890ace650e801000000,,WRITE:0-0
4300c8-4300d2,2,4,83c404584ee801000000,,WRITE:0-0
4300d3-4300d8,2,2,83042406c3,,WRITE:0-0
4300d8-4300da,1,1,7501,,WRITE:0-0
4300db-4300e0,1,1,e801000000,,WRITE:0-0
4300e1-4300ee,2,3,83c404ba5158e759e801000000,,WRITE:0-0
4300ef-4300f4,2,2,83042406c3,,WRITE:0-0
4300f4-4300fa,1,1,0f8901000000,,WRITE:0-0
4300fb-430100,1,1,e801000000,,WRITE:0-0
430101-430108,2,3,83c40487d0eb01,,WRITE:0-0
430109-43010f,1,1,0f8b01000000,,WRITE:0-0
43010f-430112,2,2,f8eb01,,WRITE:0-0
430113-43011a,2,2,85c6e801000000,,WRITE:0-0
43011b-430120,2,2,83042406c3,,WRITE:0-0
430120-430124,2,2,87d0eb01,,WRITE:0-0
430125-430130,2,2,81e09dd7606fe800000000,,WRITE:0-0
430130-430138,2,4,5d8bc53b45227c06,,WRITE:0-0
430138-430144,2,4,03452289452250e801000000,,WRITE:0-0
430145-43014e,2,3,83c40458e903000000,,WRITE:0-0
430151-43015c,2,2,685b0243000f8203000000,,WRITE:0-0
43015c-430162,2,3,c1c08059eb01,,WRITE:0-0
430163-430169,1,1,0f8302000000,,WRITE:0-0
43016b-43017c,2,5,87c2bb049045be87d081ebb4cb99eceb01,,WRITE:0-0
43017d-430182,1,1,e902000000,,WRITE:0-0
430184-430196,2,4,bf6f0f5e752bc681ef660f5e75e801000000,,WRITE:0-0
430197-43019c,2,2,83042406c3,,WRITE:0-0
43019c-43019e,1,1,7205,,WRITE:0-0
43019e-4301aa,2,3,ba99b455758b29e801000000,,WRITE:0-0
4301a3-4301aa,9,2,8b29e801000000,,WRITE:0-0
4301ab-4301b0,10,2,83042406c3,,WRITE:0-0
4301b0-4301c2,10,4,4a8125c5b84100b74c72992bebe801000000,m,WRITE:41b8c5-41b8c5
4301c3-4301cc,10,2,83c4040f8103000000,,WRITE:0-0
4301cf-4301d5,9,1,0f8302000000,,WRITE:0-0
4301d7-4301e6,10,3,81351db84100028fd49cc1cd14eb01,m,WRITE:41b81d-41b81d
4301e7-4301ec,9,1,e904000000,,WRITE:0-0
4301f0-4301f8,10,2,036904e801000000,,WRITE:0-0
4301f9-4301fe,10,2,83042406c3,,WRITE:0-0
4301fe-430207,10,4,f8892950e801000000,m,WRITE:43025b-43027b
430208-43021a,10,6,83c4045887c681c31912df7150e801000000,,WRITE:0-0
43021b-43022d,10,7,83c4045866c1c2a2fc83c10450e801000000,,WRITE:0-0
43022e-430234,10,3,83c404587604,,WRITE:0-0
430234-430241,10,3,66be6a6483c7ff0f8562ffffff,,WRITE:0-0
430241-430247,2,2,50e801000000,,WRITE:0-0
430248-430251,2,3,83c40458e90a000000,,WRITE:0-0
43025b-430260,1,1,e8a0aeffff,,WRITE:0-0
430260-43028a,2,13,8b8546f840008b703c03b546f8400083c628ad8ad802dcc1e81002d802dc889d1e20400060e800000000,,WRITE:0-0
43028a-4302a5,2,9,5e83ee06b92900000029ceba1855a460c1e90283e90283f9007c1a,,WRITE:0-0
4302a0-4302a5,10,2,83f9007c1a,,WRITE:0-0
4302a5-4302bf,10,9,8b048e8b5c8e042bc3c1c01403c281ea1912df7189048e49ebe1,m,WRITE:43027b-43025b
4302bf-4302c2,2,3,6161c3,,WRITE:0-0
4302c2-4302c7,1,1,e839aeffff,,WRITE:0-0
4302c7-4302cc,1,1,e800000000,,WRITE:0-0
4302cc-4302ea,2,6,5b2b9d0e20400081ebcc520100899d46f84000899d7bfd4000e8c6fdffff,,WRITE:0-0
4302ea-4302ef,1,1,e811aeffff,,WRITE:0-0
4302ef-4302f4,1,1,e8daa5ffff,,WRITE:0-0
4302f4-4302ff,2,2,8985d5084100e801aeffff,,WRITE:0-0
4302ff-43030b,2,2,c6856cf7400000e8f0d2ffff,,WRITE:0-0
43030b-430310,1,1,e838f9ffff,,WRITE:0-0
430310-430315,1,1,e8ebadffff,,WRITE:0-0
430315-430332,2,5,8b856b81410089857ffd40008b856f814100898583fd4000e866d0ffff,,WRITE:0-0
430332-430337,1,1,e81ffbffff,,WRITE:0-0
430337-43033c,1,1,e82efdffff,,WRITE:0-0
43033c-430347,2,7,f84b428bd043661bf77201,,WRITE:0-0
430348-43034e,2,2,50e801000000,,WRITE:0-0
43034f-43035a,2,4,83c4045887f3e801000000,,WRITE:0-0
43035b-430364,2,3,83c4044ae801000000,,WRITE:0-0
430365-43036a,2,2,83042406c3,,WRITE:0-0
43036a-43036f,1,1,e904000000,,WRITE:0-0
430373-430387,2,5,810d01b94100af83f2cc685e044300d3e15eeb01,m,WRITE:41b901-0
430388-43039f,2,6,48bbae98e90d6681d9af5981eb17cd28f050e801000000,,WRITE:0-0
4303a0-4303a9,2,3,83c40458e904000000,,WRITE:0-0
4303ad-4303b9,2,4,684200000066b9bbaf5aeb01,,WRITE:0-0
4303ba-4303c7,2,3,81e9559e87258b3ee801000000,,WRITE:0-0
4303c0-4303c7,66,2,8b3ee801000000,,WRITE:0-0
4303c8-4303d0,67,2,83c404e907000000,,WRITE:0-0
4303d7-4303db,67,2,33fbeb01,,WRITE:0-0
4303dc-4303e7,67,3,81e184dd285ac1cf07eb01,,WRITE:0-0
4303e8-4303f3,67,5,f983eefc2b3e83ee04eb01,,WRITE:0-0
4303f4-4303f9,66,1,e905000000,,WRITE:0-0
4303fe-430406,67,3,893e50e801000000,m,WRITE:43045e-430562
430407-430410,67,3,83c40458e903000000,,WRITE:0-0
430413-430422,67,4,568f05e9b8410081ebefa40edeeb01,m,WRITE:41b8e9-41b8e9
430423-430430,67,4,404181c604000000e801000000,,WRITE:0-0
430431-430436,67,2,83042406c3,,WRITE:0-0
430436-43043b,66,1,e86aeeffff,,WRITE:0-0
43043b-430441,66,1,0f8c01000000,,WRITE:0-0
430441-43044b,66,3,4d83ea010f8575ffffff,,WRITE:0-0
430442-43044b,2,2,83ea010f8575ffffff,,WRITE:0-0
43044b-430451,2,2,50e801000000,,WRITE:0-0
430452-43045b,2,3,83c40458e903000000,,WRITE:0-0
43045e-430463,1,1,e801000000,,WRITE:0-0
430464-430469,2,2,83042406c3,,WRITE:0-0
430469-43046e,1,1,e902000000,,WRITE:0-0
430470-43047b,2,2,686d0543000f8402000000,,WRITE:0-0
43047b-430480,2,3,8bcd58eb01,,WRITE:0-0
430481-430484,2,2,4e7703,,WRITE:0-0
430487-430491,2,2,ba0edcf3f2e801000000,,WRITE:0-0
430492-430497,2,2,83042406c3,,WRITE:0-0
430497-430499,1,1,7a03,,WRITE:0-0
430499-4304a7,2,3,668bcb683e0000000f8404000000,,WRITE:0-0
4304a7-4304b1,2,3,66b990f85be801000000,,WRITE:0-0
4304b2-4304b7,2,2,83042406c3,,WRITE:0-0
4304b7-4304bc,1,1,e906000000,,WRITE:0-0
4304c2-4304c6,63,2,8b38eb01,,WRITE:0-0
4304c7-4304cf,63,3,fc33fae801000000,,WRITE:0-0
4304d0-4304d5,63,2,83042406c3,,WRITE:0-0
4304d5-4304d7,62,1,7603,,WRITE:0-0
4304d7-4304e0,63,4,668bef4dc1c703eb01,,WRITE:0-0
4304e1-4304e6,62,1,e8bfedffff,,WRITE:0-0
4304e6-4304f8,63,6,8bf74e578f052db94100337804e801000000,m,WRITE:41b92d-41b92d
4304f9-430504,63,4,83c404468938e801000000,m,WRITE:43056d-430661
430505-43050a,63,2,83042406c3,,WRITE:0-0
43050a-43050f,62,1,e90b000000,,WRITE:0-0
43051a-430526,63,3,81c2abc3a18750e801000000,,WRITE:0-0
430527-430530,63,3,83c40458e910000000,,WRITE:0-0
430540-430548,63,2,81e8fcffffffeb01,,WRITE:0-0
430549-43054e,62,1,e909000000,,WRITE:0-0
430557-430560,63,2,83eb010f8562ffffff,,WRITE:0-0
430560-430565,1,1,e801000000,,WRITE:0-0
430566-43056f,2,4,83c4048bf7d3d6eb01,,WRITE:0-0
430570-430575,1,1,e903000000,,WRITE:0-0
430578-430582,2,4,686a0643008bd85f7603,,WRITE:0-0
430582-430584,1,1,7701,,WRITE:0-0
430585-430592,2,3,81e39762e527bdb916a4ea7103,,WRITE:0-0
430595-4305a1,2,3,81c5541e182250e801000000,,WRITE:0-0
4305a2-4305ac,2,3,83c404580f8802000000,,WRITE:0-0
4305ac-4305bf,2,6,d3eb87c6ba03e47f9a87c381c23d1c8065eb01,,WRITE:0-0
4305c0-4305c3,2,2,f97404,,WRITE:0-0
4305c3-4305cb,2,3,66b83bcd8b0feb01,,WRITE:0-0
4305c7-4305cb,64,2,8b0feb01,,WRITE:0-0
4305cc-4305d1,64,1,e909000000,,WRITE:0-0
4305da-4305e2,65,3,33cd50e801000000,,WRITE:0-0
4305e3-4305ec,65,3,83c40458e904000000,,WRITE:0-0
4305f0-4305f9,65,3,c1c10950e801000000,,WRITE:0-0
4305fa-43060a,65,6,83c40458668bc7034f0450e801000000,,WRITE:0-0
43060b-430614,65,3,83c40458e825d7ffff,,WRITE:0-0
430614-430619,64,1,e903000000,,WRITE:0-0
43061c-430620,65,2,890feb01,m,WRITE:43066a-430766
430621-430626,64,1,e901000000,,WRITE:0-0
430627-430632,65,2,81f52523a324e801000000,,WRITE:0-0
430633-43063b,65,2,83c404e903000000,,WRITE:0-0
43063e-430646,65,2,83c704e801000000,,WRITE:0-0
430647-43064f,65,2,83c404e901000000,,WRITE:0-0
430650-430659,65,2,83c2ff0f856effffff,,WRITE:0-0
430659-43065f,2,2,50e801000000,,WRITE:0-0
430660-430666,2,3,83c404587201,,WRITE:0-0
430666-43066c,2,3,f9668bf7eb01,,WRITE:0-0
43066d-430672,1,1,e902000000,,WRITE:0-0
430674-43067e,2,2,ba71074300e801000000,,WRITE:0-0
43067f-430684,2,2,83042406c3,,WRITE:0-0
430684-430686,1,1,7604,,WRITE:0-0
430686-43068c,2,2,66b94b367002,,WRITE:0-0
43068c-430699,2,3,85f9bb1c9ff0110f8002000000,,WRITE:0-0
430699-4306a6,2,3,87cd81f3ed80a24de801000000,,WRITE:0-0
4306a7-4306af,2,2,83c404e8f6ebffff,,WRITE:0-0
4306af-4306b4,1,1,e905000000,,WRITE:0-0
4306b9-4306c8,2,5,6841000000668bf95e50e801000000,,WRITE:0-0
4306c9-4306d2,2,3,83c40458e901000000,,WRITE:0-0
4306d3-4306da,66,2,8b02e801000000,,WRITE:0-0
4306db-4306e3,66,2,83c404e901000000,,WRITE:0-0
4306e4-4306e8,66,2,33c37803,,WRITE:0-0
4306e8-4306ea,37,1,7901,,WRITE:0-0
4306eb-4306f0,65,1,e90d000000,,WRITE:0-0
4306fd-430705,66,2,c1c808e801000000,,WRITE:0-0
430706-43070b,66,2,83042406c3,,WRITE:0-0
43070b-430716,66,4,660beb668bee2b4204eb01,,WRITE:0-0
430717-43071c,65,1,e903000000,,WRITE:0-0
43071f-430726,66,2,8902e801000000,m,WRITE:430771-430871
430727-43072c,66,2,83042406c3,,WRITE:0-0
43072c-430731,65,1,e901000000,,WRITE:0-0
430732-43073d,66,2,81c3c0736d3ce801000000,,WRITE:0-0
43073e-43074f,66,5,83c40485f966bf4b6d81eafcffffff7803,,WRITE:0-0
43074f-430751,65,1,7901,,WRITE:0-0
430752-43075a,66,3,f84e0f8579ffffff,,WRITE:0-0
43075a-43075f,1,1,e801000000,,WRITE:0-0
430760-430765,2,2,83042406c3,,WRITE:0-0
430765-43076a,1,1,e907000000,,WRITE:0-0
430771-430773,1,1,7203,,WRITE:0-0
430773-430775,1,1,7301,,WRITE:0-0
430776-430778,1,1,7501,,WRITE:0-0
430779-43078e,2,5,66ba049a687c08430081de389d768f58e801000000,,WRITE:0-0
43078f-43079a,2,3,83c40413f70f8d02000000,,WRITE:0-0
43079c-4307aa,2,4,bd246273034a81edbfff41397a03,,WRITE:0-0
4307ad-4307b0,2,2,f87b04,,WRITE:0-0
4307b0-4307bf,2,4,66c1cf45bb3c00000050e801000000,,WRITE:0-0
4307c0-4307c6,2,3,83c404587d05,,WRITE:0-0
4307cb-4307cd,1,1,7a01,,WRITE:0-0
4307ce-4307d5,61,2,8b08e801000000,,WRITE:0-0
4307d6-4307db,61,2,83042406c3,,WRITE:0-0
4307db-4307e4,61,4,422bcd50e801000000,,WRITE:0-0
4307e5-4307ee,61,3,83c40458e8b7eaffff,,WRITE:0-0
4307ee-4307f7,61,4,d3e787fec1c10feb01,,WRITE:0-0
4307f8-43080a,61,7,87fa87d683e8fc030883c0fc50e801000000,,WRITE:0-0
43080b-430819,61,6,83c40458f9d3ce8908e801000000,m,WRITE:43087c-430968
43081a-43081f,61,2,83042406c3,,WRITE:0-0
43081f-430824,60,1,e881eaffff,,WRITE:0-0
430824-430829,60,1,e907000000,,WRITE:0-0
430830-43083b,61,2,81c5f427bd9fe801000000,,WRITE:0-0
43083c-430844,61,2,83c404e908000000,,WRITE:0-0
43084c-430854,61,2,81c0040000007603,,WRITE:0-0
430854-430856,60,1,7701,,WRITE:0-0
430857-430867,61,4,fc81df7931d00d83c3ff0f8567ffffff,,WRITE:0-0
430867-43086c,1,1,e801000000,,WRITE:0-0
43086d-430872,2,2,83042406c3,,WRITE:0-0
430872-430877,1,1,e905000000,,WRITE:0-0
43087c-430887,2,5,61568f0541b9410060eb01,m,WRITE:41b941-0
430888-4308a3,2,5,81e8f5419ac58135d9b84100aa184ecfbf7209430050e801000000,m,WRITE:41b8d9-0
4308a4-4308b6,2,5,83c40458c1de05bb26f945c70f8901000000,,WRITE:0-0
4308b7-4308c2,2,2,81eb68223b73e801000000,,WRITE:0-0
4308c3-4308c8,2,2,83042406c3,,WRITE:0-0
4308c8-4308cd,1,1,e906000000,,WRITE:0-0
4308d3-4308dd,2,2,b939000000e801000000,,WRITE:0-0
4308de-4308ee,2,4,83c40481ee38b384308b17e801000000,,WRITE:0-0
4308e7-4308ee,57,2,8b17e801000000,,WRITE:0-0
4308ef-4308f4,58,2,83042406c3,,WRITE:0-0
4308f4-4308f9,57,1,e905000000,,WRITE:0-0
4308fe-430902,58,2,2bd3eb01,,WRITE:0-0
430903-430905,57,1,7d01,,WRITE:0-0
430905-43090b,26,3,fcc1c2067c03,,WRITE:0-0
430906-43090b,33,2,c1c2067c03,,WRITE:0-0
43090b-43090d,32,1,7d01,,WRITE:0-0
43090e-43091f,58,5,66c1de0a83c704031783c7fce801000000,,WRITE:0-0
430920-430928,58,4,83c404408917eb01,m,WRITE:430972-430a52
430929-43092e,57,1,e904000000,,WRITE:0-0
430932-43093d,58,2,81eb513ade43e801000000,,WRITE:0-0
43093e-430943,58,2,83042406c3,,WRITE:0-0
430943-43094f,58,3,f981c704000000e801000000,,WRITE:0-0
430950-430955,58,2,83c4047001,,WRITE:0-0
430955-43095d,58,3,f8490f858affffff,,WRITE:0-0
43095d-430962,1,1,e801000000,,WRITE:0-0
430963-430968,2,2,83042406c3,,WRITE:0-0
430968-430970,2,2,85e80f8602000000,,WRITE:0-0
430970-430974,2,2,13c1eb01,,WRITE:0-0
430975-43097a,1,1,e902000000,,WRITE:0-0
43097c-430983,2,2,be5c0a4300eb01,,WRITE:0-0
430984-430989,1,1,e81ce9ffff,,WRITE:0-0
430989-43099a,2,4,6681f2990f87d5b9de1ec779e801000000,,WRITE:0-0
43099b-4309a3,2,2,83c404e904000000,,WRITE:0-0
4309a7-4309b5,2,4,bf629eebd5f981ef209eebd57e03,,WRITE:0-0
4309b5-4309b7,1,1,7f01,,WRITE:0-0
4309b8-4309c2,2,4,43ad83c6fce801000000,,WRITE:0-0
4309b9-4309c2,66,3,ad83c6fce801000000,,WRITE:0-0
4309c3-4309c8,67,2,83042406c3,,WRITE:0-0
4309c8-4309ce,66,1,0f8801000000,,WRITE:0-0
4309ce-4309d4,67,4,fc422bc17a03,,WRITE:0-0
4309d4-4309d6,34,1,7b01,,WRITE:0-0
4309d7-4309dc,66,1,e905000000,,WRITE:0-0
4309e1-4309ea,67,3,c1c01d50e801000000,,WRITE:0-0
4309eb-4309f5,67,3,83c404580f8703000000,,WRITE:0-0
4309f8-430a02,67,4,83c604030683c6fc7803,,WRITE:0-0
430a02-430a04,66,1,7901,,WRITE:0-0
430a05-430a0b,66,1,0f8101000000,,WRITE:0-0
430a0c-430a11,67,3,f989067e03,m,WRITE:430a5c-430b60
430a11-430a13,66,1,7f01,,WRITE:0-0
430a14-430a25,67,4,f96681d2ab9381c1a0298c6de801000000,,WRITE:0-0
430a26-430a35,67,4,83c404f881eefcffffffe801000000,,WRITE:0-0
430a36-430a3b,67,2,83042406c3,,WRITE:0-0
430a3b-430a40,66,1,e865e8ffff,,WRITE:0-0
430a40-430a46,66,1,0f8502000000,,WRITE:0-0
430a48-430a4f,67,2,4f0f856affffff,,WRITE:0-0
430a4f-430a51,1,1,eb01,,WRITE:0-0
430a52-430a58,1,1,0f8904000000,,WRITE:0-0
430a5c-430a62,2,2,50e801000000,,WRITE:0-0
430a63-430a6c,2,3,83c40458e839e8ffff,,WRITE:0-0
430a6c-430a71,1,1,e907000000,,WRITE:0-0
430a78-430a7f,2,2,ba6a0b43007803,,WRITE:0-0
430a7f-430a81,1,1,7901,,WRITE:0-0
430a82-430a87,1,1,e907000000,,WRITE:0-0
430a8e-430a95,2,2,bfc1c78af37405,,WRITE:0-0
430a95-430aa6,2,4,6681e1471a81c7f47e98fa50e801000000,,WRITE:0-0
430aa7-430ab0,2,3,83c40458e8f5e7ffff,,WRITE:0-0
430ab0-430ab5,1,1,e90d000000,,WRITE:0-0
430ac2-430ac9,2,2,be6d3ee11e7a01,,WRITE:0-0
430aca-430ad6,2,3,81ee333ee11e50e801000000,,WRITE:0-0
430ad7-430ae2,2,4,83c404584b0f8601000000,,WRITE:0-0
430ae2-430ae7,2,3,f98b2aeb01,,WRITE:0-0
430ae3-430ae7,58,2,8b2aeb01,,WRITE:0-0
430ae8-430aed,58,1,e905000000,,WRITE:0-0
430af2-430af6,59,2,33ef7203,,WRITE:0-0
430af6-430af8,58,1,7301,,WRITE:0-0
430af9-430b07,59,3,81d9daa76509c1c50fe801000000,,WRITE:0-0
430b08-430b10,59,2,83c404e901000000,,WRITE:0-0
430b11-430b1e,59,4,83eafc2b2a83c2fce801000000,,WRITE:0-0
430b1f-430b2b,59,5,83c4041bdf6623c5892aeb01,m,WRITE:430b6a-430c4e
430b2c-430b31,58,1,e901000000,,WRITE:0-0
430b32-430b3a,59,2,81ef310d79edeb01,,WRITE:0-0
430b3b-430b4c,59,4,66d3e881e87a2f91de81eafcffffff7c03,,WRITE:0-0
430b4c-430b4e,58,1,7d01,,WRITE:0-0
430b4f-430b54,58,1,e904000000,,WRITE:0-0
430b58-430b5f,59,2,4e0f8584ffffff,,WRITE:0-0
430b5f-430b61,1,1,7a03,,WRITE:0-0
430b64-430b75,2,7,8bdd66b8347f61528f0585ba4100607803,m,WRITE:41ba85-0
430b75-430b77,1,1,7901,,WRITE:0-0
430b78-430b7a,1,1,7903,,WRITE:0-0
430b7d-430b8a,2,5,4968580c4300f85ae801000000,,WRITE:0-0
430b8b-430b9b,2,5,83c40487f8bd62ff9f4a50e801000000,,WRITE:0-0
430b9c-430ba9,2,6,83c4045841f9bbee93e4fc7d01,,WRITE:0-0
430baa-430bb6,2,3,81f3af93e4fc50e801000000,,WRITE:0-0
430bb7-430bc4,2,6,83c40458fc8b3250e801000000,,WRITE:0-0
430bbc-430bc4,65,3,8b3250e801000000,,WRITE:0-0
430bc5-430bcb,66,3,83c404587302,,WRITE:0-0
430bcd-430bd8,66,3,66bfd50f2bf5e801000000,,WRITE:0-0
430bd9-430be8,66,5,83c4046623fac1ce0450e801000000,,WRITE:0-0
430be9-430bf4,66,5,83c4045887c10372047c03,,WRITE:0-0
430bf4-430bf6,39,1,7d01,,WRITE:0-0
430bf7-430bfc,65,1,e908000000,,WRITE:0-0
430c04-430c08,66,2,8932eb01,m,WRITE:430c58-430d58
430c09-430c11,66,2,1bc10f8a02000000,,WRITE:0-0
430c11-430c1e,32,3,87f981c5189bf6eee801000000,,WRITE:0-0
430c13-430c1e,35,2,81c5189bf6eee801000000,,WRITE:0-0
430c1f-430c27,66,2,83c404e902000000,,WRITE:0-0
430c29-430c31,66,2,81eafcffffff7403,,WRITE:0-0
430c31-430c33,65,1,7501,,WRITE:0-0
430c34-430c3f,66,4,476623c24b0f857dffffff,,WRITE:0-0
430c3f-430c45,2,2,50e801000000,,WRITE:0-0
430c46-430c4f,2,3,83c40458e909000000,,WRITE:0-0
430c58-430c5d,1,1,e801000000,,WRITE:0-0
430c5e-430c63,2,2,83c4047702,,WRITE:0-0
430c65-430c72,2,3,668bcdbb630d4300e801000000,,WRITE:0-0
430c73-430c7b,2,2,83c404e903000000,,WRITE:0-0
430c7e-430c89,2,3,bdcf04cbdf50e801000000,,WRITE:0-0
430c8a-430c93,2,3,83c40458e902000000,,WRITE:0-0
430c95-430ca6,2,4,befaf44049fc81c64b0bbfb6e801000000,,WRITE:0-0
430ca7-430cac,2,2,83042406c3,,WRITE:0-0
430cac-430cb4,2,2,85c10f8103000000,,WRITE:0-0
430cb7-430cc8,2,3,8125bdb8410006d1cb438b13e801000000,m,WRITE:41b8bd-0
430cc1-430cc8,69,2,8b13e801000000,,WRITE:0-0
430cc9-430cd1,70,2,83c404e901000000,,WRITE:0-0
430cd2-430cda,70,3,33d550e801000000,,WRITE:0-0
430cdb-430ceb,70,5,83c4045866b9a6b7c1ca0fe801000000,,WRITE:0-0
430cec-430cf8,70,4,83c40449335304e801000000,,WRITE:0-0
430cf9-430d01,70,2,83c404e8a4e5ffff,,WRITE:0-0
430d01-430d06,69,1,e905000000,,WRITE:0-0
430d0b-430d0f,70,2,8913eb01,m,WRITE:430d63-430e73
430d10-430d15,69,1,e904000000,,WRITE:0-0
430d19-430d24,70,2,81eddae1bbb0e801000000,,WRITE:0-0
430d25-430d2a,70,2,83042406c3,,WRITE:0-0
430d2a-430d2f,69,1,e906000000,,WRITE:0-0
430d35-430d3a,70,2,83c3047203,,WRITE:0-0
430d3a-430d3c,69,1,7301,,WRITE:0-0
430d3d-430d42,69,1,e903000000,,WRITE:0-0
430d45-430d4e,70,2,83c6ff0f8573ffffff,,WRITE:0-0
430d4e-430d53,1,1,e801000000,,WRITE:0-0
430d54-430d59,2,2,83042406c3,,WRITE:0-0
430d59-430d5e,1,1,e905000000,,WRITE:0-0
430d63-430d68,1,1,e801000000,,WRITE:0-0
430d69-430d6e,2,2,83042406c3,,WRITE:0-0
430d6e-430d74,1,1,0f8901000000,,WRITE:0-0
430d75-430d7b,1,1,0f8703000000,,WRITE:0-0
430d7e-430d8f,2,4,687e0e430081d755c6333f59e801000000,,WRITE:0-0
430d90-430d95,2,2,83042406c3,,WRITE:0-0
430d95-430da5,2,5,6633ee8bc5beb6e3b39950e801000000,,WRITE:0-0
430da6-430dc1,2,8,83c40458d3d8bb684b1d4f66c1e5b481c3d6b4e2b050e801000000,,WRITE:0-0
430dc2-430dcb,2,3,83c40458e8dae4ffff,,WRITE:0-0
430dcb-430dcd,1,1,7a02,,WRITE:0-0
430dcf-430dda,2,4,662bc18b1150e801000000,,WRITE:0-0
430dd2-430dda,62,3,8b1150e801000000,,WRITE:0-0
430ddb-430de4,63,3,83c40458e901000000,,WRITE:0-0
430de5-430de9,63,2,2bd67a03,,WRITE:0-0
430de9-430deb,35,1,7b01,,WRITE:0-0
430dec-430df6,63,4,45c1c21150e801000000,,WRITE:0-0
430df7-430e00,63,3,83c40458e901000000,,WRITE:0-0
430e01-430e06,63,2,3351047603,,WRITE:0-0
430e06-430e08,62,1,7701,,WRITE:0-0
430e09-430e0b,62,1,7204,,WRITE:0-0
430e0b-430e17,63,4,66c1ef82f98911e801000000,m,WRITE:430e7e-430f72
430e18-430e20,63,2,83c404e912000000,,WRITE:0-0
430e32-430e3d,63,2,81ee6561a184e801000000,,WRITE:0-0
430e3e-430e43,63,2,83042406c3,,WRITE:0-0
430e43-430e48,62,1,e903000000,,WRITE:0-0
430e4b-430e53,63,2,83c104e801000000,,WRITE:0-0
430e54-430e5c,63,2,83c404e902000000,,WRITE:0-0
430e5e-430e67,63,2,83c3ff0f856bffffff,,WRITE:0-0
430e67-430e6c,1,1,e801000000,,WRITE:0-0
430e6d-430e72,2,2,83042406c3,,WRITE:0-0
430e72-430e77,1,1,e907000000,,WRITE:0-0
430e7e-430e83,1,1,e801000000,,WRITE:0-0
430e84-430e8d,2,2,83c4040f8a01000000,,WRITE:0-0
430e8d-430e98,2,3,f8bf7c0f4300e801000000,,WRITE:0-0
430e99-430e9e,2,2,83042406c3,,WRITE:0-0
430e9e-430ea4,1,1,0f8503000000,,WRITE:0-0
430ea7-430ebd,2,5,be3a72e635ba99e3d1fc66bee6f381ea37830142eb01,,WRITE:0-0
430ebe-430ec0,1,1,7101,,WRITE:0-0
430ec1-430ed5,2,4,b979389fff66c1c32981f13b389fffe801000000,,WRITE:0-0
430ed6-430ede,2,2,83c404e906000000,,WRITE:0-0
430ee4-430eeb,67,2,8b07e801000000,,WRITE:0-0
430eec-430ef1,67,2,83042406c3,,WRITE:0-0
430ef1-430ef7,67,3,d3cb33c2eb01,,WRITE:0-0
430ef8-430efd,66,1,e901000000,,WRITE:0-0
430efe-430f06,67,2,c1c815e801000000,,WRITE:0-0
430f07-430f0c,67,2,83042406c3,,WRITE:0-0
430f0c-430f11,66,1,e902000000,,WRITE:0-0
430f13-430f1c,67,3,03470450e801000000,,WRITE:0-0
430f1d-430f2a,67,6,83c4045866bb461c4b89077803,m,WRITE:430f7c-431080
430f2a-430f2c,40,1,7901,,WRITE:0-0
430f2d-430f32,66,1,e873e3ffff,,WRITE:0-0
430f32-430f37,66,1,e906000000,,WRITE:0-0
430f3d-430f45,67,2,81c2b92ea4aeeb01,,WRITE:0-0
430f46-430f4b,66,1,e907000000,,WRITE:0-0
430f52-430f5d,67,2,81c704000000e801000000,,WRITE:0-0
430f5e-430f63,67,2,83042406c3,,WRITE:0-0
430f63-430f6e,67,4,f9f883e9010f8576ffffff,,WRITE:0-0
430f6e-430f70,1,1,eb01,,WRITE:0-0
430f71-430f76,1,1,e8c3cdffff,,WRITE:0-0
430f76-430f78,1,1,7501,,WRITE:0-0
430f78-430f8a,2,7,f9c1e56661548f05b5ba410060e801000000,m,WRITE:41bab5-0
430f8b-430f96,2,4,83c40441bf881043007203,,WRITE:0-0
430f96-430f98,1,1,7301,,WRITE:0-0
430f99-430f9e,1,1,e905000000,,WRITE:0-0
430fa3-430fb0,2,4,6860b172958bce5ae801000000,,WRITE:0-0
430fb1-430fb6,2,2,83042406c3,,WRITE:0-0
430fb6-430fca,2,5,668bcebebe10a5ebf981ee7e10a5ebe801000000,,WRITE:0-0
430fcb-430fd0,2,2,83042406c3,,WRITE:0-0
430fd0-430fd9,2,4,f88b0750e801000000,,WRITE:0-0
430fd1-430fd9,64,3,8b0750e801000000,,WRITE:0-0
430fda-430fe3,65,3,83c40458e903000000,,WRITE:0-0
430fe6-430fed,65,2,03c2e801000000,,WRITE:0-0
430fee-430ff3,65,2,83c4047a05,,WRITE:0-0
430ff3-430ffe,65,2,b9d5133d0d0f8001000000,,WRITE:0-0
430ffe-431007,65,3,41c1c81fe801000000,,WRITE:0-0
431008-431010,65,2,83c404e895e2ffff,,WRITE:0-0
431010-431016,64,1,0f8b02000000,,WRITE:0-0
431018-431024,65,4,668bdd03470450e801000000,,WRITE:0-0
431025-431033,65,6,83c4045866c1e1f487eb89077803,m,WRITE:431088-431184
431033-431035,64,1,7901,,WRITE:0-0
431036-43103f,65,2,662bee0f8805000000,,WRITE:0-0
431044-431050,65,3,81c2b8ee409950e801000000,,WRITE:0-0
431051-431057,65,3,83c404587c02,,WRITE:0-0
431057-431063,65,4,d3edbb39ac680383c704eb01,,WRITE:0-0
431064-431066,64,1,7c03,,WRITE:0-0
431066-43106b,65,2,66d3e57906,,WRITE:0-0
431071-431078,65,2,4e0f8559ffffff,,WRITE:0-0
431078-43107a,1,1,eb01,,WRITE:0-0
43107b-431081,1,1,0f8603000000,,WRITE:0-0
431084-43108e,2,3,66bbc73f50e801000000,,WRITE:0-0
43108f-4310a6,2,6,83c4045881e92c197fc885fd688e1143000f8602000000,,WRITE:0-0
4310a6-4310ae,2,3,13fa58e801000000,,WRITE:0-0
4310af-4310b4,2,2,83042406c3,,WRITE:0-0
4310b4-4310b9,1,1,e903000000,,WRITE:0-0
4310bc-4310cb,2,4,ba87e8644c87ef81f2c5ff8085eb01,,WRITE:0-0
4310cc-4310d1,1,1,e904000000,,WRITE:0-0
4310d5-4310e9,2,4,beeded5ab666b9037a81ee9fed5ab6e801000000,,WRITE:0-0
4310ea-4310ef,2,2,83042406c3,,WRITE:0-0
4310ef-4310f4,1,1,e901000000,,WRITE:0-0
4310f5-4310fc,79,2,8b18e801000000,,WRITE:0-0
4310fd-431102,79,2,83042406c3,,WRITE:0-0
431102-431107,79,3,f933da7203,,WRITE:0-0
431107-431109,78,1,7301,,WRITE:0-0
43110a-43110f,78,1,e82accffff,,WRITE:0-0
43110f-431114,78,1,e906000000,,WRITE:0-0
43111a-431122,79,2,c1cb18e801000000,,WRITE:0-0
431123-43112b,79,2,83c404e902000000,,WRITE:0-0
43112d-431141,79,5,813541b84100fbc7b13183c0042b1883e8047803,m,WRITE:41b841-41b841
431141-431143,78,1,7901,,WRITE:0-0
431144-431149,78,1,e901000000,,WRITE:0-0
43114a-431152,79,3,891850e801000000,m,WRITE:43118e-4312c2
431153-431160,79,5,83c40458f881ea61883d43eb01,,WRITE:0-0
431161-431166,78,1,e902000000,,WRITE:0-0
431168-431170,79,2,81e8fcffffff7c03,,WRITE:0-0
431170-431172,78,1,7d01,,WRITE:0-0
431173-43117d,79,4,87e9f94e0f8578ffffff,,WRITE:0-0
43117d-431183,2,2,50e801000000,,WRITE:0-0
431184-43118d,2,3,83c40458e901000000,,WRITE:0-0
43118e-431199,2,5,61538f057dba4100607803,m,WRITE:41ba7d-0
431199-43119b,1,1,7901,,WRITE:0-0
43119c-4311a1,1,1,e909000000,,WRITE:0-0
4311aa-4311b7,2,4,68ca12430085c15fe801000000,,WRITE:0-0
4311b8-4311c1,2,2,83c4040f8a01000000,,WRITE:0-0
4311c1-4311ce,2,4,496681ea6c5ebb61a6c061eb01,,WRITE:0-0
4311cf-4311d4,1,1,e902000000,,WRITE:0-0
4311d6-4311e1,2,2,bd100cb48c0f8704000000,,WRITE:0-0
4311e5-4311f1,2,3,81edcf0bb48c50e801000000,,WRITE:0-0
4311f2-4311fb,2,3,83c40458e8aae0ffff,,WRITE:0-0
4311fb-431200,1,1,e903000000,,WRITE:0-0
431203-431207,66,2,8b37eb01,,WRITE:0-0
431208-43120e,65,1,0f8506000000,,WRITE:0-0
431214-43121c,66,3,4203f3e801000000,,WRITE:0-0
43121d-431222,66,2,83042406c3,,WRITE:0-0
431222-431227,65,1,e903000000,,WRITE:0-0
43122a-43122f,66,2,c1c603eb01,,WRITE:0-0
431230-431232,65,1,7501,,WRITE:0-0
431233-431243,66,5,668bd783c7042b3783c7fce801000000,,WRITE:0-0
431244-431249,66,2,83042406c3,,WRITE:0-0
431249-43124e,65,1,e904000000,,WRITE:0-0
431252-431259,66,2,8937e801000000,m,WRITE:4312ca-4313ca
43125a-43125f,66,2,83042406c3,,WRITE:0-0
43125f-431265,65,1,0f8904000000,,WRITE:0-0
431269-43126b,65,1,7006,,WRITE:0-0
43126b-431286,66,4,81c0e9fa330f813549ba41002f0f136581f3166242e2e801000000,m,WRITE:41ba49-41ba49
431287-43128c,66,2,83042406c3,,WRITE:0-0
43128c-431291,65,1,e907000000,,WRITE:0-0
431298-4312a0,66,2,83c704e801000000,,WRITE:0-0
4312a1-4312ad,66,3,83c40466d3c90f8d02000000,,WRITE:0-0
4312ad-4312b6,22,3,d3e04d0f854dffffff,,WRITE:0-0
4312af-4312b6,45,2,4d0f854dffffff,,WRITE:0-0
4312b6-4312bb,1,1,e801000000,,WRITE:0-0
4312bc-4312cf,2,5,83c40466c1c149538f052dbb4100e801000000,m,WRITE:41bb2d-0
4312d0-4312d8,2,2,83c404e861caffff,,WRITE:0-0
4312d8-4312dd,1,1,e906000000,,WRITE:0-0
4312e3-4312ee,2,3,bfd213430050e801000000,,WRITE:0-0
4312ef-431311,2,8,83c4045843813571b94100e5bab8d6b9aafee4b7668bf581f17bb40412e801000000,m,WRITE:41b971-0
431312-431328,2,6,83c404fcbd373c02e087da81c50dc4fd1fe801000000,,WRITE:0-0
431329-431332,2,2,83c4040f8103000000,,WRITE:0-0
431335-431339,69,2,8b077203,,WRITE:0-0
431339-43133b,1,1,7301,,WRITE:0-0
43133c-431341,68,1,e901000000,,WRITE:0-0
431342-431349,69,2,33c1e801000000,,WRITE:0-0
43134a-43134f,69,2,83042406c3,,WRITE:0-0
43134f-431354,68,1,e901000000,,WRITE:0-0
431355-43135e,69,3,c1c01b50e801000000,,WRITE:0-0
43135f-431369,69,5,83c4045843334704eb01,,WRITE:0-0
43136a-43136c,68,1,7d05,,WRITE:0-0
43136c-431375,24,3,ba82b37a068907eb01,m,WRITE:4313e6-4314da
431371-431375,46,2,8907eb01,m,WRITE:4313d2-4314de
431376-43137b,68,1,e8bec9ffff,,WRITE:0-0
43137b-431396,69,5,fc6681def7ba812545b9410096271cb681f19f63c613e801000000,m,WRITE:41b945-41b945
431397-43139f,69,2,83c404e806dfffff,,WRITE:0-0
43139f-4313a5,68,1,0f8d01000000,,WRITE:0-0
4313a6-4313ac,68,1,0f8302000000,,WRITE:0-0
4313ae-4313b3,69,2,83c7047803,,WRITE:0-0
4313b3-4313b5,68,1,7901,,WRITE:0-0
4313b6-4313bc,69,2,66bb54be7a01,,WRITE:0-0
4313bc-4313c6,35,3,f883c5ff0f856fffffff,,WRITE:0-0
4313bd-4313c6,35,2,83c5ff0f856fffffff,,WRITE:0-0
4313c6-4313cc,2,2,50e801000000,,WRITE:0-0
4313cd-4313e1,2,9,83c404584361518f05bdb941006050e801000000,m,WRITE:41b9bd-0
4313e2-4313ef,2,5,83c4045887cdbae71443007e03,,WRITE:0-0
4313ef-4313f1,1,1,7f01,,WRITE:0-0
4313f2-4313f7,1,1,e903000000,,WRITE:0-0
4313fa-431401,2,2,6810a459887104,,WRITE:0-0
431405-43140b,2,2,58e801000000,,WRITE:0-0
43140c-431411,2,2,83042406c3,,WRITE:0-0
431411-431417,1,1,0f8a01000000,,WRITE:0-0
431418-43142f,2,5,b91ea59395bedc6fef6e6681e7bb1e81c668901091eb01,,WRITE:0-0
431430-431435,1,1,e90a000000,,WRITE:0-0
43143f-431446,69,2,8b1ae801000000,,WRITE:0-0
431447-431458,69,6,83c40466bfbcf387ef33d850e801000000,,WRITE:0-0
431459-431463,69,3,83c404580f8102000000,,WRITE:0-0
431465-431467,68,1,7405,,WRITE:0-0
431467-431471,69,3,bdf272667cc1cb09eb01,,WRITE:0-0
431472-431474,68,1,7205,,WRITE:0-0
431474-431483,41,5,bfc849d25883eafc031a83ea04eb01,,WRITE:0-0
431479-431483,29,4,83eafc031a83ea04eb01,,WRITE:0-0
431484-431489,68,1,e81cdeffff,,WRITE:0-0
431489-43148e,69,2,668bf87503,,WRITE:0-0
431491-431498,69,2,891ae801000000,m,WRITE:4314e7-4315f3
431499-43149e,69,2,83042406c3,,WRITE:0-0
43149e-4314a3,68,1,e904000000,,WRITE:0-0
4314a7-4314b2,69,2,81c0d09620c2e801000000,,WRITE:0-0
4314b3-4314b8,69,2,83042406c3,,WRITE:0-0
4314b8-4314c7,69,4,668bea81c20400000050e801000000,,WRITE:0-0
4314c8-4314d5,69,5,83c4045887e94e0f856affffff,,WRITE:0-0
4314d5-4314db,2,2,50e801000000,,WRITE:0-0
4314dc-4314e5,2,3,83c40458e902000000,,WRITE:0-0
4314e7-4314f2,2,5,61558f0575b9410060eb01,m,WRITE:41b975-0
4314f3-4314f5,1,1,7c02,,WRITE:0-0
4314f5-4314fe,2,3,85f568fe1543007c01,,WRITE:0-0
4314fe-431502,2,3,f95b7e03,,WRITE:0-0
431502-431504,1,1,7f01,,WRITE:0-0
431505-43151b,2,6,660bd187d5b8b8fef43166bac95a81e84dae60fbeb01,,WRITE:0-0
43151c-431520,2,2,85f27203,,WRITE:0-0
431520-431534,2,5,662bf7bfe67a13194d81c76085ece6e801000000,,WRITE:0-0
431535-43153d,2,2,83c404e90e000000,,WRITE:0-0
43154b-431552,71,2,8b0be801000000,,WRITE:0-0
431553-431558,71,2,83042406c3,,WRITE:0-0
431558-43155d,70,1,e90d000000,,WRITE:0-0
43156a-431572,71,3,33c850e801000000,,WRITE:0-0
431573-431580,71,6,83c404588bee8bd3c1c9167203,,WRITE:0-0
431580-431582,29,1,7301,,WRITE:0-0
431583-43158e,71,5,f883ebfc2b0b83eb04eb01,,WRITE:0-0
43158f-431594,70,1,e908000000,,WRITE:0-0
43159c-4315a3,71,2,890be801000000,m,WRITE:4315fe-431712
4315a4-4315ac,71,2,83c404e909000000,,WRITE:0-0
4315b5-4315bd,71,2,81e8f016814eeb01,,WRITE:0-0
4315be-4315c8,71,3,8bf281c304000000eb01,,WRITE:0-0
4315c9-4315ce,70,1,e8d7dcffff,,WRITE:0-0
4315ce-4315d4,70,1,0f8302000000,,WRITE:0-0
4315d6-4315e1,71,3,8bd783ef010f856affffff,,WRITE:0-0
4315e1-4315e6,1,1,e801000000,,WRITE:0-0
4315e7-4315ec,2,2,83042406c3,,WRITE:0-0
4315ec-4315f1,1,1,e902000000,,WRITE:0-0
4315f3-431600,2,3,68a3c828f68f0599b94100eb01,m,WRITE:41b999-0
431601-43160e,2,5,66c1e7f9681a174300fc5e7403,,WRITE:0-0
431611-431616,1,1,e904000000,,WRITE:0-0
43161a-43162b,2,5,684b8422546681e71b675a50e801000000,,WRITE:0-0
43162c-431635,2,3,83c40458e870dcffff,,WRITE:0-0
431635-43163a,1,1,e907000000,,WRITE:0-0
431641-43164d,2,4,683c000000f85be801000000,,WRITE:0-0
43164e-431653,2,2,83042406c3,,WRITE:0-0
431653-431658,2,2,668bfb7402,,WRITE:0-0
431658-431663,2,4,8beaad83c6fce801000000,,WRITE:0-0
43165a-431663,60,3,ad83c6fce801000000,,WRITE:0-0
431664-43166c,61,2,83c404e90c000000,,WRITE:0-0
431678-431686,61,3,811dedba4100928d9f012bc2eb01,m,WRITE:41baed-41baed
431687-43168c,60,1,e904000000,,WRITE:0-0
431690-431698,61,2,c1c00ee801000000,,WRITE:0-0
431699-4316a4,61,3,83c4048bcf0f8201000000,,WRITE:0-0
4316a4-4316ad,61,3,47334604e801000000,,WRITE:0-0
4316ae-4316b3,61,2,83042406c3,,WRITE:0-0
4316b3-4316b8,60,1,e8eddbffff,,WRITE:0-0
4316b8-4316c1,61,3,85e98906e801000000,m,WRITE:43171a-431806
4316c2-4316dd,61,6,83c40433f845811d35b94100069b095981f24b5f48ace801000000,m,WRITE:41b935-41b935
4316de-4316e3,61,2,83042406c3,,WRITE:0-0
4316e3-4316eb,61,2,85ef0f8906000000,,WRITE:0-0
4316f1-4316f9,61,2,81eefcffffffeb01,,WRITE:0-0
4316fa-431701,61,2,6681cdb3037b02,,WRITE:0-0
431701-43170a,32,3,85cf4b0f8550ffffff,,WRITE:0-0
431703-43170a,30,2,4b0f8550ffffff,,WRITE:0-0
43170a-431710,2,2,50e801000000,,WRITE:0-0
431711-43171f,2,4,83c40458b95ec5e4cce801000000,,WRITE:0-0
431720-431728,2,2,83c404e90a000000,,WRITE:0-0
431732-431739,2,2,bb0e1843007c03,,WRITE:0-0
431739-43173b,1,1,7d01,,WRITE:0-0
43173c-43173e,1,1,7401,,WRITE:0-0
43173e-43174e,2,4,f96681e965ffba415a3531e801000000,,WRITE:0-0
43174f-431754,2,2,83042406c3,,WRITE:0-0
431754-431756,1,1,7202,,WRITE:0-0
431756-431774,2,6,87cf810d7db84100096941e2be33aa38ee23f981c6ff55c711e801000000,m,WRITE:41b87d-0
431775-43177a,2,2,83042406c3,,WRITE:0-0
43177a-431782,2,3,fc8b03e801000000,,WRITE:0-0
43177b-431782,50,2,8b03e801000000,,WRITE:0-0
431783-43178b,51,2,83c404e902000000,,WRITE:0-0
43178d-431791,51,2,03c27203,,WRITE:0-0
431791-431793,24,1,7301,,WRITE:0-0
431794-431799,50,1,e902000000,,WRITE:0-0
43179b-4317a0,51,2,c1c81beb01,,WRITE:0-0
4317a1-4317ae,51,6,f885e983ebfc030383eb047e03,,WRITE:0-0
4317ae-4317b0,50,1,7f01,,WRITE:0-0
4317b1-4317b7,51,3,d3f989037403,m,WRITE:43180e-4318d2
4317b7-4317b9,50,1,7501,,WRITE:0-0
4317ba-4317c7,51,4,f94781ea334eeb67e801000000,,WRITE:0-0
4317c8-4317d9,51,4,83c4046623f881ebfcffffffe801000000,,WRITE:0-0
4317da-4317df,51,2,83042406c3,,WRITE:0-0
4317df-4317e4,50,1,e901000000,,WRITE:0-0
4317e5-4317f8,51,3,8115d9ba41003087980383c6ff0f8583ffffff,m,WRITE:41bad9-41bad9
4317f8-4317fd,1,1,e801000000,,WRITE:0-0
4317fe-431806,2,2,83c404e908000000,,WRITE:0-0
43180e-43181d,2,6,61538f052db841006050e801000000,m,WRITE:41b82d-0
43181e-431827,2,3,83c40458e87edaffff,,WRITE:0-0
431827-431830,2,3,85d9bfdd184300eb01,,WRITE:0-0
431831-431836,1,1,e907000000,,WRITE:0-0
43183d-431846,2,4,6835d519aef95a7a03,,WRITE:0-0
431849-43184e,1,1,e904000000,,WRITE:0-0
431852-431860,2,4,bdb594470b4b81c5876bb8f47203,,WRITE:0-0
431863-43186a,2,4,40d3db8b377c03,,WRITE:0-0
431866-43186a,60,2,8b377c03,,WRITE:0-0
43186a-43186c,60,1,7d01,,WRITE:0-0
43186d-431876,61,3,0bc12bf2e801000000,,WRITE:0-0
431877-43187c,61,2,83042406c3,,WRITE:0-0
43187c-431886,61,4,f8c1ce0450e801000000,,WRITE:0-0
431887-431896,61,7,83c40458f983c7042b3783c7fceb01,,WRITE:0-0
431897-43189c,61,3,418937eb01,m,WRITE:4318dd-4319c9
43189d-4318a2,60,1,e803daffff,,WRITE:0-0
4318a2-4318ae,61,3,66c1c90881c26db5e9ce7c03,,WRITE:0-0
4318ae-4318b0,18,1,7d01,,WRITE:0-0
4318b1-4318b6,60,1,e902000000,,WRITE:0-0
4318b8-4318c1,61,3,83c70450e801000000,,WRITE:0-0
4318c2-4318d3,61,6,83c40458416681c93e034d0f8593ffffff,,WRITE:0-0
4318d3-4318d5,1,1,7603,,WRITE:0-0
4318d8-4318e2,2,3,c1f9ef87cbe801000000,,WRITE:0-0
4318e3-4318f1,2,4,83c404f9bbd3194300e801000000,,WRITE:0-0
4318f2-4318f7,2,2,83042406c3,,WRITE:0-0
4318f7-431903,2,3,bf1d447a8bb995bede5e7c03,,WRITE:0-0
431903-431905,1,1,7d01,,WRITE:0-0
431906-43190b,1,1,e901000000,,WRITE:0-0
43190c-431917,2,2,ba4beaeac20f8a04000000,,WRITE:0-0
431917-431927,2,4,66bfe16081c2f815153d50e801000000,,WRITE:0-0
431928-431931,2,3,83c40458e907000000,,WRITE:0-0
431938-43193c,68,2,8b037a03,,WRITE:0-0
43193c-43193e,33,1,7b01,,WRITE:0-0
43193f-43194b,68,4,85f76623f103c1e801000000,,WRITE:0-0
43194c-431956,68,3,83c404470f8704000000,,WRITE:0-0
43195a-43195f,68,2,c1c019eb01,,WRITE:0-0
431960-431966,67,1,0f8d02000000,,WRITE:0-0
431966-43197a,35,6,d3c6beeec6848883ebfc030383eb04e801000000,,WRITE:0-0
431968-43197a,34,5,beeec6848883ebfc030383eb04e801000000,,WRITE:0-0
43197b-431980,68,2,83042406c3,,WRITE:0-0
431980-431985,67,1,e905000000,,WRITE:0-0
43198a-431991,68,2,8903e801000000,m,WRITE:4319d3-431adb
431992-4319a4,68,4,83c40466c1c75f81c1f3fe9799e801000000,,WRITE:0-0
4319a5-4319aa,68,2,83c4047501,,WRITE:0-0
4319ab-4319b5,68,3,87fd81ebfcffffff7e03,,WRITE:0-0
4319b5-4319b7,67,1,7f01,,WRITE:0-0
4319b8-4319bd,67,1,e903000000,,WRITE:0-0
4319c0-4319c9,68,2,83c2ff0f856fffffff,,WRITE:0-0
4319c9-4319cb,1,1,eb01,,WRITE:0-0
4319cc-4319d1,1,1,e902000000,,WRITE:0-0
4319d3-4319d8,1,1,e801000000,,WRITE:0-0
4319d9-4319e2,2,2,83c4040f8a03000000,,WRITE:0-0
4319e2-431a00,2,7,668bfe03eb8135d9b94100a7c7c37f68e51a430066c1c7535be801000000,m,WRITE:41b9d9-0
431a01-431a06,2,2,83042406c3,,WRITE:0-0
431a06-431a12,2,4,66ba0935f9681b83d8ed7001,,WRITE:0-0
431a12-431a16,2,3,4259eb01,,WRITE:0-0
431a17-431a1c,1,1,e905000000,,WRITE:0-0
431a21-431a2f,2,4,be871fed69f981f6bc1fed69eb01,,WRITE:0-0
431a30-431a3a,2,3,6603ef8b03e801000000,,WRITE:0-0
431a33-431a3a,59,2,8b03e801000000,,WRITE:0-0
431a3b-431a40,60,2,83042406c3,,WRITE:0-0
431a40-431a45,59,1,e902000000,,WRITE:0-0
431a47-431a4b,60,2,03c1eb01,,WRITE:0-0
431a4c-431a51,59,1,e854d8ffff,,WRITE:0-0
431a51-431a56,59,1,e909000000,,WRITE:0-0
431a5f-431a72,60,4,812d39b8410071a85e0cc1c01550e801000000,m,WRITE:41b839-41b839
431a73-431a7c,60,3,83c40458e901000000,,WRITE:0-0
431a7d-431a8a,60,4,83c304030383eb04e801000000,,WRITE:0-0
431a8b-431a90,60,2,83c4047603,,WRITE:0-0
431a90-431a9c,60,4,6623ee85d78903e801000000,m,WRITE:431ae5-431bcd
431a9d-431ab1,60,4,83c40481f7a65d668081f1266438cde801000000,,WRITE:0-0
431ab2-431aba,60,2,83c404e905000000,,WRITE:0-0
431abf-431ac7,60,2,81c304000000eb01,,WRITE:0-0
431ac8-431ad8,60,4,d3c26681c51d5983ee010f855bffffff,,WRITE:0-0
431ad8-431ade,2,2,50e801000000,,WRITE:0-0
431adf-431af4,2,9,83c40458d3df61578f0559ba41006050e801000000,m,WRITE:41ba59-0
431af5-431b07,2,6,83c4045866d3d1f8bed51b4300e801000000,,WRITE:0-0
431b08-431b0d,2,2,83042406c3,,WRITE:0-0
431b0d-431b13,1,1,0f8a02000000,,WRITE:0-0
431b13-431b1c,2,3,87f9ba3dbfd8037201,,WRITE:0-0
431b1c-431b28,2,3,4781ea4ed6ee18e801000000,,WRITE:0-0
431b29-431b31,2,2,83c404e905000000,,WRITE:0-0
431b36-431b40,2,2,b83c000000e801000000,,WRITE:0-0
431b41-431b4d,2,5,83c404498b1e50e801000000,,WRITE:0-0
431b45-431b4d,60,3,8b1e50e801000000,,WRITE:0-0
431b4e-431b5b,61,5,83c40458bff142882f03da7a03,,WRITE:0-0
431b5b-431b5d,25,1,7b01,,WRITE:0-0
431b5e-431b63,60,1,e902000000,,WRITE:0-0
431b65-431b6e,61,3,c1cb1350e801000000,,WRITE:0-0
431b6f-431b78,61,3,83c40458e8c1c1ffff,,WRITE:0-0
431b78-431b83,61,4,6681cfc3d0fc335e047403,,WRITE:0-0
431b83-431b85,60,1,7501,,WRITE:0-0
431b86-431b91,61,5,4f85ef891e50e801000000,m,WRITE:431bd5-431cc1
431b92-431b9b,61,3,83c40458e80ad7ffff,,WRITE:0-0
431b9b-431ba8,61,3,87cd81f2ebd1edf8e801000000,,WRITE:0-0
431ba9-431bae,61,2,83042406c3,,WRITE:0-0
431bae-431bb7,61,3,f881eefcffffffeb01,,WRITE:0-0
431bb8-431bc3,61,3,85e983e8010f8582ffffff,,WRITE:0-0
431bc3-431bc8,1,1,e801000000,,WRITE:0-0
431bc9-431bd7,2,4,83c40481f14fefdaa26603caeb01,,WRITE:0-0
431bd8-431bdd,1,1,e907000000,,WRITE:0-0
431be4-431bef,2,3,b9cc1c430050e801000000,,WRITE:0-0
431bf0-431bf6,2,3,83c404587603,,WRITE:0-0
431bf6-431c00,2,3,c1ceebb8976884a07d04,,WRITE:0-0
431c04-431c0f,2,2,81e8b8e237ebe801000000,,WRITE:0-0
431c10-431c22,2,7,83c40485fd683a000000f95b50e801000000,,WRITE:0-0
431c23-431c2c,2,3,83c40458e907000000,,WRITE:0-0
431c33-431c37,59,2,8b11eb01,,WRITE:0-0
431c38-431c3e,59,3,1bf82bd07c03,,WRITE:0-0
431c3e-431c40,25,1,7d01,,WRITE:0-0
431c41-431c46,58,1,e908000000,,WRITE:0-0
431c4e-431c57,59,3,c1c21050e801000000,,WRITE:0-0
431c58-431c66,59,5,83c4045887ef2b5104e801000000,,WRITE:0-0
431c67-431c6c,59,2,83042406c3,,WRITE:0-0
431c6c-431c72,58,1,0f8102000000,,WRITE:0-0
431c74-431c78,59,2,89117403,m,WRITE:431ccc-431db0
431c78-431c7a,58,1,7501,,WRITE:0-0
431c7b-431c80,58,1,e909000000,,WRITE:0-0
431c89-431c91,59,2,81e834104fdbeb01,,WRITE:0-0
431c92-431c97,58,1,e904000000,,WRITE:0-0
431c9b-431ca6,59,2,81c104000000e801000000,,WRITE:0-0
431ca7-431cac,59,2,83042406c3,,WRITE:0-0
431cac-431cb1,58,1,e909000000,,WRITE:0-0
431cba-431cc3,59,2,83eb010f8570ffffff,,WRITE:0-0
431cc3-431cc5,1,1,eb01,,WRITE:0-0
431cc6-431ccb,1,1,e901000000,,WRITE:0-0
431ccc-431cce,1,1,7603,,WRITE:0-0
431cd1-431cd7,1,1,0f8902000000,,WRITE:0-0
431cd9-431cf2,2,6,812d3db841000883494168bb1d4300c1d6655b50e801000000,m,WRITE:41b83d-0
431cf3-431cfd,2,3,83c404580f8901000000,,WRITE:0-0
431cfe-431d11,2,4,bac1b1a954668bf281ea47f502afe801000000,,WRITE:0-0
431d12-431d17,2,2,83042406c3,,WRITE:0-0
431d17-431d28,2,5,668bcbb891f50ef4f881f0aff50ef47c03,,WRITE:0-0
431d28-431d2a,1,1,7d01,,WRITE:0-0
431d2b-431d40,2,7,466681d1635f518f05e9b941008b3b50e801000000,m,WRITE:41b9e9-0
431d38-431d40,62,3,8b3b50e801000000,,WRITE:0-0
431d41-431d4a,63,3,83c40458e901000000,,WRITE:0-0
431d4b-431d4f,63,2,2bfa7803,,WRITE:0-0
431d4f-431d51,39,1,7901,,WRITE:0-0
431d52-431d5c,63,3,be439f5b46c1c71a7403,,WRITE:0-0
431d5c-431d5e,62,1,7501,,WRITE:0-0
431d5f-431d64,62,1,e901000000,,WRITE:0-0
431d65-431d6a,63,2,2b7b04eb01,,WRITE:0-0
431d6b-431d76,63,4,d3e1be108800a3893b7203,m,WRITE:431dbb-431eaf
431d76-431d78,20,1,7301,,WRITE:0-0
431d79-431d83,63,2,66c1cd2a0f8801000000,,WRITE:0-0
431d83-431d8c,20,3,4981ea4a0818dbeb01,,WRITE:0-0
431d84-431d8c,44,2,81ea4a0818dbeb01,,WRITE:0-0
431d8d-431d92,62,1,e901000000,,WRITE:0-0
431d93-431d9b,63,2,81c304000000eb01,,WRITE:0-0
431d9c-431da1,62,1,e904000000,,WRITE:0-0
431da5-431dae,63,2,83c0ff0f858affffff,,WRITE:0-0
431dae-431db3,1,1,e801000000,,WRITE:0-0
431db4-431db9,2,2,83c4047b01,,WRITE:0-0
431dba-431dc1,2,3,f950e801000000,,WRITE:0-0
431dc2-431dcb,2,3,83c40458e8dad4ffff,,WRITE:0-0
431dcb-431dd0,1,1,e903000000,,WRITE:0-0
431dd3-431ddd,2,4,68b81e4300d3d75beb01,,WRITE:0-0
431dde-431de3,1,1,e8c2d4ffff,,WRITE:0-0
431de3-431df6,2,5,d3ddbe5793a6c7fc81c691dd9fe2e801000000,,WRITE:0-0
431df7-431e00,2,2,83c4040f8a01000000,,WRITE:0-0
431e00-431e03,2,2,4f7401,,WRITE:0-0
431e03-431e14,2,5,4db852ce6df6c1d50081c0523292097e03,,WRITE:0-0
431e14-431e16,1,1,7f01,,WRITE:0-0
431e17-431e1c,2,3,fc8b137e03,,WRITE:0-0
431e18-431e1c,164,2,8b137e03,,WRITE:0-0
431e1c-431e1e,164,1,7f01,,WRITE:0-0
431e1f-431e2b,165,4,66c1c10603d650e801000000,,WRITE:0-0
431e2c-431e36,165,5,83c40458f8c1ca077c03,,WRITE:0-0
431e36-431e38,164,1,7d01,,WRITE:0-0
431e39-431e3d,165,2,87e97902,,WRITE:0-0
431e3f-431e53,165,5,810509bb41002e9a452083ebfc031383c3fc7403,m,WRITE:41bb09-41bb09
431e53-431e55,164,1,7501,,WRITE:0-0
431e56-431e5c,164,1,0f8503000000,,WRITE:0-0
431e5f-431e63,165,2,89137403,m,WRITE:431eb8-432144
431e63-431e65,164,1,7501,,WRITE:0-0
431e66-431e6b,164,1,e8cebeffff,,WRITE:0-0
431e6b-431e76,165,3,668beb81c623d7ffbceb01,,WRITE:0-0
431e77-431e7c,164,1,e903000000,,WRITE:0-0
431e7f-431e8b,165,3,81ebfcffffff50e801000000,,WRITE:0-0
431e8c-431e92,165,3,83c404587601,,WRITE:0-0
431e92-431ea4,165,4,fc812db9b8410041e6c00d480f8574ffffff,m,WRITE:41b8b9-41b8b9
431ea4-431ea9,1,1,e801000000,,WRITE:0-0
431eaa-431eb2,2,2,83c404e8f3d3ffff,,WRITE:0-0
431eb2-431eb7,1,1,e901000000,,WRITE:0-0
431eb8-431ebd,1,1,e84392ffff,,WRITE:0-0
431ebd-431ec4,2,2,6a00e80a000000,,WRITE:0-0
431ece-431ed3,1,1,e825000000,,WRITE:0-0
431ef8-431efa,2,2,6a00,,WRITE:0-0
4321be-4321d9,3,9,c80c0000fc5357568b7424208b7c242466813e4a430f85b1020000,,WRITE:0-0
4321d9-4321f0,3,7,83c60633dbba00000080c7442414080000004303d2750c,,WRITE:0-0
4321ec-4321f0,29325,2,03d2750c,,WRITE:0-0
4321f0-4321fe,969,9,909090908b1683c604f913d27328,,WRITE:0-0
4321fc-4321fe,28358,1,7328,,WRITE:0-0
4321fe-43220c,15562,8,909090908b4c241033c003d2750c,,WRITE:0-0
432208-43220c,108928,2,03d2750c,,WRITE:0-0
43220c-43221d,3829,11,909090908b1683c604f913d213c04975eb,,WRITE:0-0
432218-43221d,120661,3,13c04975eb,,WRITE:0-0
43221d-432226,15562,4,0244240c880747ebc6,anm,WRITE:401000-4198b1
432221-432226,203,3,880747ebc6,am,WRITE:401004-4199ff
432226-43222a,13766,2,03d2750c,,WRITE:0-0
43222a-43223c,395,9,909090908b1683c604f913d20f825f010000,,WRITE:0-0
432236-43223c,13371,1,0f825f010000,,WRITE:0-0
43223c-432240,5646,2,03d2750c,,WRITE:0-0
432240-432252,170,9,909090908b1683c604f913d20f83cf000000,,WRITE:0-0
43224c-432252,5476,1,0f83cf000000,,WRITE:0-0
432252-43225d,2615,4,b90400000033c003d2750c,,WRITE:0-0
432259-43225d,7843,2,03d2750c,,WRITE:0-0
43225d-43226e,324,11,909090908b1683c604f913d213c04975eb,,WRITE:0-0
432269-43226e,10134,3,13c04975eb,,WRITE:0-0
43226e-432271,2615,2,4874b0,,WRITE:0-0
432271-432277,2412,1,0f8903020000,,WRITE:0-0
432277-43227b,4,2,03d2750c,,WRITE:0-0
432287-432289,3,1,7342,,WRITE:0-0
4322cb-4322d6,4,4,b90100000033c003d2750c,,WRITE:0-0
4322e2-4322e7,4,3,13c04975eb,,WRITE:0-0
4322e7-4322fc,4,5,83c00789442410c644240c0083f8080f84f0feffff,,WRITE:0-0
432321-43232c,3032,4,b90700000033c003d2750c,,WRITE:0-0
432328-43232c,18187,2,03d2750c,,WRITE:0-0
43232c-43233d,688,11,909090908b1683c604f913d213c04975eb,,WRITE:0-0
432338-43233d,20531,3,13c04975eb,,WRITE:0-0
43233d-43234a,3032,5,8be8b90200000033c003d2750c,,WRITE:0-0
432346-43234a,3032,2,03d2750c,,WRITE:0-0
43234a-43235b,199,11,909090908b1683c604f913d213c04975eb,,WRITE:0-0
432356-43235b,5865,3,13c04975eb,,WRITE:0-0
43235b-432366,3032,5,8bc88bc583c10285c0740b,,WRITE:0-0
432366-432371,3029,6,909090908bd8e90a010000,,WRITE:0-0
432371-43237a,4,2,83f9020f8410010000,,WRITE:0-0
43237a-432381,2,4,4133c003d2750c,,WRITE:0-0
43237d-432381,4,2,03d2750c,,WRITE:0-0
43238d-432392,5,3,13c04975eb,,WRITE:0-0
432392-43239b,2,2,89442414e951feffff,,WRITE:0-0
43239b-4323a4,8121,3,b90100000003d2750c,,WRITE:0-0
4323a0-4323a4,12279,2,03d2750c,,WRITE:0-0
4323a4-4323b6,611,11,909090908b1683c604f913d213c903d2750c,,WRITE:0-0
4323b0-4323b6,19789,3,13c903d2750c,,WRITE:0-0
4323b6-4323c4,634,9,909090908b1683c604f913d272dc,,WRITE:0-0
4323c2-4323c4,19765,1,72dc,,WRITE:0-0
4323c4-4323c8,8121,3,49497534,,WRITE:0-0
4323c8-4323d7,1521,8,909090908bc3b90100000003d2750c,,WRITE:0-0
4323d3-4323d7,1161,2,03d2750c,,WRITE:0-0
4323d7-4323e9,98,11,909090908b1683c604f913d213c903d2750c,,WRITE:0-0
4323e3-4323e9,2584,3,13c903d2750c,,WRITE:0-0
4323e9-4323f7,75,9,909090908b1683c604f913d272dc,,WRITE:0-0
4323f5-4323f7,2606,1,72dc,,WRITE:0-0
4323f7-4323fc,1520,1,e97f000000,,WRITE:0-0
4323fc-43240f,6601,9,498bc18b4c24148be833c0d3e533c003d2750c,,WRITE:0-0
43240b-43240f,47970,2,03d2750c,,WRITE:0-0
43240f-432420,1781,11,909090908b1683c604f913d213c04975eb,,WRITE:0-0
43241b-432420,52790,3,13c04975eb,,WRITE:0-0
432420-43242d,6601,5,0bc58bd8b90100000003d2750c,,WRITE:0-0
432429-43242d,3102,2,03d2750c,,WRITE:0-0
43242d-43243f,284,11,909090908b1683c604f913d213c903d2750c,,WRITE:0-0
432439-43243f,9419,3,13c903d2750c,,WRITE:0-0
43243f-43244d,305,9,909090908b1683c604f913d272dc,,WRITE:0-0
43244b-43244d,9397,1,72dc,,WRITE:0-0
43244d-432454,6601,2,3d000001007324,,WRITE:0-0
432454-43245f,6601,6,909090903dff370000731a,,WRITE:0-0
43245f-43246a,5831,6,909090903d7f0200007310,,WRITE:0-0
43246a-432473,2643,6,9090909083f87f7708,,WRITE:0-0
432473-43248a,422,27,90909090414141418bee8bf72bf0f3a48bf5e962fdffff,am,WRITE:401022-4199fc
432479-43248a,771,11,41418bee8bf72bf0f3a48bf5e962fdffff,am,WRITE:404d1a-4114dd
43247a-43248a,5598,7,418bee8bf72bf0f3a48bf5e962fdffff,am,WRITE:401010-4198af
43247b-43248a,6770,7,8bee8bf72bf0f3a48bf5e962fdffff,am,WRITE:40100b-41989f
43248a-43249b,3,8,8bc72b4424248d6c24185e5f5bc9c20800,,WRITE:0-0
