41e000-41e006,2,2,60e801000000,,WRITE:0-0
41e007-41e00c,2,2,83042406c3,,WRITE:0-0
41e00c-41e016,2,4,4d1bfdf90f8b03000000,,WRITE:0-0
41e016-41e023,2,5,66d3c047668bc248e801000000,,WRITE:0-0
41e024-41e032,2,3,83c40481e8d988900ae801000000,,WRITE:0-0
41e033-41e03c,2,2,83c4040f8c02000000,,WRITE:0-0
41e03c-41e043,2,2,03fae801000000,,WRITE:0-0
41e044-41e049,2,2,83042406c3,,WRITE:0-0
41e049-41e050,2,2,bde7fe00f0eb01,,WRITE:0-0
41e051-41e057,1,1,0f8302000000,,WRITE:0-0
41e059-41e05b,1,1,7603,,WRITE:0-0
41e05b-41e05d,1,1,7701,,WRITE:0-0
41e05e-41e060,1,1,7202,,WRITE:0-0
41e060-41e068,2,3,85fd50e801000000,,WRITE:0-0
41e069-41e075,2,4,83c40458c1f877e801000000,,WRITE:0-0
41e076-41e07b,2,2,83042406c3,,WRITE:0-0
41e07b-41e081,1,1,0f8303000000,,WRITE:0-0
41e084-41e089,1,1,e801000000,,WRITE:0-0
41e08a-41e093,2,2,83c4040f8502000000,,WRITE:0-0
41e095-41e097,1,1,7603,,WRITE:0-0
41e097-41e099,1,1,7701,,WRITE:0-0
41e09a-41e0a0,2,2,fce801000000,,WRITE:0-0
41e0a1-41e0a6,2,2,83042406c3,,WRITE:0-0
41e0a6-41e0aa,2,2,d3c87a03,,WRITE:0-0
41e0ad-41e0b3,2,2,f9e801000000,,WRITE:0-0
41e0b4-41e0be,2,4,83c4044850e801000000,,WRITE:0-0
41e0bf-41e0d2,2,8,83c4045813cb68b5e14100fc5b50e801000000,,WRITE:0-0
41e0d3-41e0e5,2,7,83c404584ed3efba0b01db7750e801000000,,WRITE:0-0
41e0e6-41e0f6,2,5,83c4045885febd37000000e801000000,,WRITE:0-0
41e0f7-41e100,2,5,83c40449478b03eb01,,WRITE:0-0
41e0fc-41e100,55,2,8b03eb01,,WRITE:0-0
41e101-41e10c,56,5,fc1bc82bc250e801000000,,WRITE:0-0
41e10d-41e11f,56,6,83c40458b9f1ddcb984fc1c01ee801000000,,WRITE:0-0
41e120-41e125,56,2,83042406c3,,WRITE:0-0
41e125-41e133,56,4,f9bf20d4f5842b4304e801000000,,WRITE:0-0
41e134-41e142,56,5,83c4044166d3d68903e801000000,m,WRITE:41e1b5-41e28d
41e143-41e148,56,2,83042406c3,,WRITE:0-0
41e148-41e157,56,3,66c1ef9181c22141f200e801000000,,WRITE:0-0
41e158-41e160,56,2,83c404e90c000000,,WRITE:0-0
41e16c-41e178,56,3,81ebfcffffff50e801000000,,WRITE:0-0
41e179-41e182,56,3,83c40458e906000000,,WRITE:0-0
41e188-41e19b,56,3,8105fdea410014eec05383ed010f8561ffffff,m,WRITE:41eafd-41eafd
41e19b-41e1a0,1,1,e801000000,,WRITE:0-0
41e1a1-41e1a6,2,2,83042406c3,,WRITE:0-0
41e1a6-41e1ab,1,1,e90a000000,,WRITE:0-0
41e1b5-41e1ba,1,1,e801000000,,WRITE:0-0
41e1bb-41e1c0,2,2,83c4047d02,,WRITE:0-0
41e1c2-41e1cd,2,3,b896e2410050e801000000,,WRITE:0-0
41e1ce-41e1d7,2,3,83c40458e904000000,,WRITE:0-0
41e1db-41e1e2,2,2,be138f85977103,,WRITE:0-0
41e1e5-41e1f0,2,2,81f67b150d1ee801000000,,WRITE:0-0
41e1f1-41e1f6,2,2,83042406c3,,WRITE:0-0
41e1f6-41e206,2,5,8bcebf89ec796e4381f7c5ec796e7c03,,WRITE:0-0
41e206-41e208,1,1,7d01,,WRITE:0-0
41e209-41e212,2,4,4b498b10e801000000,,WRITE:0-0
41e20b-41e212,76,2,8b10e801000000,,WRITE:0-0
41e213-41e218,77,2,83042406c3,,WRITE:0-0
41e218-41e21e,77,3,85cb03d6eb01,,WRITE:0-0
41e21f-41e224,76,1,e901000000,,WRITE:0-0
41e225-41e22d,77,2,c1ca1de801000000,,WRITE:0-0
41e22e-41e233,77,2,83042406c3,,WRITE:0-0
41e233-41e238,76,1,e905000000,,WRITE:0-0
41e23d-41e24b,77,5,83c004031083e80450e801000000,,WRITE:0-0
41e24c-41e255,77,3,83c40458e901000000,,WRITE:0-0
41e256-41e25a,77,2,89107203,m,WRITE:41e296-41e3c2
41e25a-41e25c,76,1,7301,,WRITE:0-0
41e25d-41e268,77,4,4d8bca81c636134b50eb01,,WRITE:0-0
41e269-41e26e,76,1,e901000000,,WRITE:0-0
41e26f-41e277,77,2,81e8fcffffff7803,,WRITE:0-0
41e277-41e279,76,1,7901,,WRITE:0-0
41e27a-41e280,76,1,0f8401000000,,WRITE:0-0
41e280-41e28a,77,3,f883ef010f8581ffffff,,WRITE:0-0
41e28a-41e28f,1,1,e801000000,,WRITE:0-0
41e290-41e295,2,2,83042406c3,,WRITE:0-0
41e295-41e29b,2,2,f8e801000000,,WRITE:0-0
41e29c-41e2a1,2,2,83042406c3,,WRITE:0-0
41e2a1-41e2b1,2,4,f8bec46c4150b8cbe34100e801000000,,WRITE:0-0
41e2b2-41e2b7,2,2,83042406c3,,WRITE:0-0
41e2b7-41e2bf,2,2,85eb0f8302000000,,WRITE:0-0
41e2c1-41e2cb,2,2,b9c783a832e801000000,,WRITE:0-0
41e2cc-41e2d4,2,2,83c404e90d000000,,WRITE:0-0
41e2e1-41e2e8,2,2,683f0000007a01,,WRITE:0-0
41e2e8-41e2f0,2,4,f85a50e801000000,,WRITE:0-0
41e2f1-41e2fa,2,3,83c40458e903000000,,WRITE:0-0
41e2fd-41e30e,2,3,8105a5e9410018b7b8128b38e801000000,m,WRITE:41e9a5-0
41e307-41e30e,63,2,8b38e801000000,,WRITE:0-0
41e30f-41e318,64,2,83c4040f8502000000,,WRITE:0-0
41e31a-41e31e,64,2,33f97c03,,WRITE:0-0
41e31e-41e320,30,1,7d01,,WRITE:0-0
41e321-41e332,64,4,66c1fb73be1a71a4b1c1cf1de801000000,,WRITE:0-0
41e333-41e338,64,2,83042406c3,,WRITE:0-0
41e338-41e33d,63,1,e903000000,,WRITE:0-0
41e340-41e34e,64,5,83e8fc2b3883e80450e801000000,,WRITE:0-0
41e34f-41e358,64,3,83c40458e90b000000,,WRITE:0-0
41e363-41e36a,64,2,8938e801000000,m,WRITE:41e3cb-41e4c3
41e36b-41e37f,64,6,83c40466c1e5b64e81e924cdf97450e801000000,,WRITE:0-0
41e380-41e386,64,3,83c404587b03,,WRITE:0-0
41e386-41e3a6,64,7,66d3e681c6faceedf568bb9aa0158f05b1e9410081c00400000050e801000000,m,WRITE:41e9b1-41e9b1
41e3a7-41e3b7,64,5,83c40458668bf083c2ff0f8550ffffff,,WRITE:0-0
41e3b7-41e3bd,2,2,50e801000000,,WRITE:0-0
41e3be-41e3c7,2,3,83c40458e904000000,,WRITE:0-0
41e3cb-41e3d0,1,1,e801000000,,WRITE:0-0
41e3d1-41e3d6,2,2,83042406c3,,WRITE:0-0
41e3d6-41e3d8,1,1,7101,,WRITE:0-0
41e3d9-41e3e6,2,4,68cce4410085c259e801000000,,WRITE:0-0
41e3e7-41e3ec,2,2,83042406c3,,WRITE:0-0
41e3ec-41e3f1,1,1,e904000000,,WRITE:0-0
41e3f5-41e405,2,4,beb2f3aaf8668be881c65872af41eb01,,WRITE:0-0
41e406-41e415,2,4,66c1da8d48bb44000000e801000000,,WRITE:0-0
41e416-41e425,2,5,83c404f866b866358b39e801000000,,WRITE:0-0
41e41e-41e425,68,2,8b39e801000000,,WRITE:0-0
41e426-41e42e,69,2,83c404e906000000,,WRITE:0-0
41e434-41e438,69,2,03fe7203,,WRITE:0-0
41e438-41e43a,38,1,7301,,WRITE:0-0
41e43b-41e440,68,1,e901000000,,WRITE:0-0
41e441-41e449,69,2,c1cf03e801000000,,WRITE:0-0
41e44a-41e44f,69,2,83042406c3,,WRITE:0-0
41e44f-41e454,69,2,66d3d87503,,WRITE:0-0
41e457-41e464,69,4,83e9fc033983c1fce801000000,,WRITE:0-0
41e465-41e46a,69,2,83042406c3,,WRITE:0-0
41e46a-41e46f,68,1,e905000000,,WRITE:0-0
41e474-41e47b,69,2,8939e801000000,m,WRITE:41e4cc-41e5d8
41e47c-41e484,69,2,83c404e903000000,,WRITE:0-0
41e487-41e493,69,3,81c6b4c4c70150e801000000,,WRITE:0-0
41e494-41e49d,69,3,83c40458e904000000,,WRITE:0-0
41e4a1-41e4a9,69,2,81c1040000007603,,WRITE:0-0
41e4a9-41e4ab,68,1,7701,,WRITE:0-0
41e4ac-41e4ae,68,1,7b05,,WRITE:0-0
41e4ae-41e4bf,35,4,b83017927766d3e583c3ff0f855fffffff,,WRITE:0-0
41e4b3-41e4bf,35,3,66d3e583c3ff0f855fffffff,,WRITE:0-0
41e4bf-41e4c5,2,2,50e801000000,,WRITE:0-0
41e4c6-41e4d2,2,6,83c40458fc4050e801000000,,WRITE:0-0
41e4d3-41e4dd,2,3,83c404580f8801000000,,WRITE:0-0
41e4dd-41e4e5,2,3,46bae3e541007a03,,WRITE:0-0
41e4e8-41e50b,2,7,662bfdfc8105c5e941009b8dd41ab9e75f5fb8b830e77f6181f141b876ebe801000000,m,WRITE:41e9c5-0
41e50c-41e51e,2,5,83c404661bc587f0bd46000000e801000000,,WRITE:0-0
41e51f-41e524,2,2,83042406c3,,WRITE:0-0
41e524-41e529,2,3,488b1a7e03,,WRITE:0-0
41e525-41e529,70,2,8b1a7e03,,WRITE:0-0
41e529-41e52b,69,1,7f01,,WRITE:0-0
41e52c-41e531,70,1,e904000000,,WRITE:0-0
41e535-41e543,71,3,812dd1e9410035ade76633d97603,m,WRITE:41e9d1-41e9d1
41e543-41e545,70,1,7701,,WRITE:0-0
41e546-41e558,71,5,87c7fc8105ddea4100d69157a1c1cb177203,m,WRITE:41eadd-41eadd
41e558-41e55a,34,1,7301,,WRITE:0-0
41e55b-41e560,70,1,e906000000,,WRITE:0-0
41e566-41e570,71,4,83c204331a83c2fceb01,,WRITE:0-0
41e571-41e577,70,1,0f8003000000,,WRITE:0-0
41e577-41e584,71,4,668bf366d3de891ae801000000,m,WRITE:41e5e3-41e6f7
41e585-41e58a,71,2,83042406c3,,WRITE:0-0
41e58a-41e597,71,4,4681c1554c868250e801000000,,WRITE:0-0
41e598-41e5a1,71,3,83c40458e905000000,,WRITE:0-0
41e5a6-41e5b1,71,2,81c204000000e801000000,,WRITE:0-0
41e5b2-41e5b7,71,2,83042406c3,,WRITE:0-0
41e5b7-41e5bc,70,1,e90c000000,,WRITE:0-0
41e5c8-41e5d1,71,2,83ed010f8554ffffff,,WRITE:0-0
41e5d1-41e5d6,1,1,e801000000,,WRITE:0-0
41e5d7-41e5dc,2,2,83042406c3,,WRITE:0-0
41e5dc-41e5e5,2,3,8bf56681c8dbb8eb01,,WRITE:0-0
41e5e6-41e5eb,1,1,e906000000,,WRITE:0-0
41e5f1-41e5f8,2,2,6800e741007801,,WRITE:0-0
41e5f9-41e5ff,2,2,59e801000000,,WRITE:0-0
41e600-41e605,2,2,83042406c3,,WRITE:0-0
41e605-41e60a,1,1,e907000000,,WRITE:0-0
41e611-41e621,2,4,bd84241301c1ee4a81f5f8167f357e03,,WRITE:0-0
41e621-41e623,1,1,7f01,,WRITE:0-0
41e624-41e632,2,5,46683f00000087f258e801000000,,WRITE:0-0
41e633-41e638,2,2,83042406c3,,WRITE:0-0
41e638-41e63d,1,1,e905000000,,WRITE:0-0
41e642-41e64a,64,3,8b3950e801000000,,WRITE:0-0
41e64b-41e654,64,3,83c40458e90a000000,,WRITE:0-0
41e65e-41e662,64,2,2bfd7203,,WRITE:0-0
41e662-41e664,36,1,7301,,WRITE:0-0
41e665-41e667,63,1,7d05,,WRITE:0-0
41e667-41e674,32,3,6681f3fb34c1c712e801000000,,WRITE:0-0
41e66c-41e674,33,2,c1c712e801000000,,WRITE:0-0
41e675-41e67a,64,2,83042406c3,,WRITE:0-0
41e67a-41e68d,64,7,d3e6660bf583e9fc333983c1fc50e801000000,,WRITE:0-0
41e68e-41e697,64,3,83c40458e907000000,,WRITE:0-0
41e69e-41e6a5,64,2,8939e801000000,m,WRITE:41e700-41e7f8
41e6a6-41e6ab,64,2,83042406c3,,WRITE:0-0
41e6ab-41e6ad,63,1,7704,,WRITE:0-0
41e6b1-41e6bd,64,3,4281c59b26e910e801000000,,WRITE:0-0
41e6be-41e6c3,64,2,83042406c3,,WRITE:0-0
41e6c3-41e6d6,64,6,f985de68eb71e5908f0539e9410083c1047e03,m,WRITE:41e939-41e939
41e6d6-41e6d8,63,1,7f01,,WRITE:0-0
41e6d9-41e6de,63,1,e901000000,,WRITE:0-0
41e6df-41e6f2,64,3,810511eb41004ceef8d383c0ff0f8550ffffff,m,WRITE:41eb11-41eb11
41e6f2-41e6f4,1,1,7403,,WRITE:0-0
41e6f7-41e6fc,1,1,e904000000,,WRITE:0-0
41e700-41e702,1,1,7803,,WRITE:0-0
41e702-41e704,1,1,7901,,WRITE:0-0
41e705-41e70f,2,2,66c1d0e90f8c04000000,,WRITE:0-0
41e70f-41e71a,2,3,66c1d785ba02e841007a03,,WRITE:0-0
41e71d-41e722,1,1,e90b000000,,WRITE:0-0
41e72d-41e738,2,2,bde04c639d0f8a03000000,,WRITE:0-0
41e73b-41e747,2,3,81ed7217ed3450e801000000,,WRITE:0-0
41e748-41e751,2,3,83c40458e905000000,,WRITE:0-0
41e756-41e768,2,4,bb5af4250485c181f397a62504e801000000,,WRITE:0-0
41e769-41e76e,2,2,83042406c3,,WRITE:0-0
41e76e-41e774,2,3,85f88b32eb01,,WRITE:0-0
41e770-41e774,21197,2,8b32eb01,,WRITE:0-0
41e775-41e77e,21198,4,661bf987f82bf57a03,,WRITE:0-0
41e77e-41e780,10622,1,7b01,,WRITE:0-0
41e781-41e786,21197,1,e904000000,,WRITE:0-0
41e78a-41e792,21198,2,c1c611e801000000,,WRITE:0-0
41e793-41e798,21198,2,83042406c3,,WRITE:0-0
41e798-41e79c,21198,2,d3e77203,,WRITE:0-0
41e79c-41e7a7,10602,3,66d3df337204e801000000,,WRITE:0-0
41e79f-41e7a7,10597,2,337204e801000000,,WRITE:0-0
41e7a8-41e7b0,21198,2,83c404e908000000,,WRITE:0-0
41e7b8-41e7bc,21198,2,8932eb01,m,WRITE:41e802-433332
41e7bd-41e7c6,21198,2,661bfd0f8501000000,,WRITE:0-0
41e7c7-41e7d2,21198,2,81f5bd68792de801000000,,WRITE:0-0
41e7d3-41e7e0,21198,4,83c40423fa81c2040000007a03,,WRITE:0-0
41e7e0-41e7e2,10598,1,7b01,,WRITE:0-0
41e7e3-41e7e8,21197,1,e907000000,,WRITE:0-0
41e7ef-41e7f6,21198,2,4b0f857affffff,,WRITE:0-0
41e7f6-41e7f8,1,1,7603,,WRITE:0-0
41e7fb-41e7fd,1,1,7004,,WRITE:0-0
41e7fd-41e807,2,3,66b84a0af9e9bb4a0100,,WRITE:0-0
42d8ce-42d8eb,70,11,520f31c1d002052892826213c433c13185d5084100034424f8d1d05ac3,,WRITE:0-0
42e100-42e105,19,1,e800000000,,WRITE:0-0
42e105-42e10d,20,3,5d81ed05114100c3,,WRITE:0-0
42e12a-42e145,29,12,53505203c55053508b851c8541000fb60083e8333d990000007410,,WRITE:0-0
42e145-42e150,29,6,9090909058ff951c854100,,WRITE:0-0
42e150-42e152,28,1,eb17,,WRITE:0-0
42e169-42e171,29,5,5a89441500585bc3,,WRITE:0-0
4300db-4300de,2,2,607101,,WRITE:0-0
4300df-4300e1,1,1,7403,,WRITE:0-0
4300e1-4300e3,1,1,7501,,WRITE:0-0
4300e4-4300ea,2,2,f9e801000000,,WRITE:0-0
4300eb-4300f0,2,2,83042406c3,,WRITE:0-0
4300f0-4300f3,2,2,457e03,,WRITE:0-0
4300f3-4300f5,1,1,7f01,,WRITE:0-0
4300f6-4300f8,1,1,7b02,,WRITE:0-0
4300fa-430100,2,2,50e801000000,,WRITE:0-0
430101-430108,2,4,83c4045842eb01,,WRITE:0-0
430109-43010b,1,1,7402,,WRITE:0-0
43010b-43010f,2,2,87f5eb01,,WRITE:0-0
430110-430112,1,1,7c04,,WRITE:0-0
430112-430118,2,2,66be89637e03,,WRITE:0-0
430118-43011a,1,1,7f01,,WRITE:0-0
43011b-43011d,1,1,7602,,WRITE:0-0
43011d-430124,2,2,8befe801000000,,WRITE:0-0
430125-43012f,2,4,83c404f850e801000000,,WRITE:0-0
430130-43013d,2,5,83c404586623d150e801000000,,WRITE:0-0
43013e-43014c,2,4,83c40458bde5a1a89be801000000,,WRITE:0-0
43014d-430156,2,2,83c4040f8c01000000,,WRITE:0-0
430156-430159,2,2,fc7a03,,WRITE:0-0
430159-43015b,1,1,7b01,,WRITE:0-0
43015c-43015e,1,1,7101,,WRITE:0-0
43015f-430164,1,1,e800000000,,WRITE:0-0
430164-43016c,2,4,5d8bc53b45207c06,,WRITE:0-0
43016c-430177,2,3,034520894520e801000000,,WRITE:0-0
430178-430180,2,2,83c404e903000000,,WRITE:0-0
430183-43018d,2,2,bf86024300e801000000,,WRITE:0-0
43018e-430193,2,2,83042406c3,,WRITE:0-0
430193-430198,1,1,e905000000,,WRITE:0-0
43019d-4301b9,2,5,810525e841000aa66961b86ec5d44985f581e81873a2abe801000000,m,WRITE:41e825-0
4301ba-4301c3,2,2,83c4040f8303000000,,WRITE:0-0
4301c6-4301d0,2,2,b92f000000e801000000,,WRITE:0-0
4301d1-4301d6,2,2,83042406c3,,WRITE:0-0
4301d6-4301dc,1,1,0f8603000000,,WRITE:0-0
4301dc-4301e6,2,4,66d3fdc1eaa68b1feb01,,WRITE:0-0
4301e2-4301e6,47,2,8b1feb01,,WRITE:0-0
4301e7-4301eb,48,2,d3e27b01,,WRITE:0-0
4301eb-4301fa,46,5,f8568f0521ea410003d8e801000000,m,WRITE:41ea21-41ea21
4301ec-4301fa,3,4,568f0521ea410003d8e801000000,m,WRITE:41ea21-41ea21
4301fb-430200,48,2,83042406c3,,WRITE:0-0
430200-430206,48,3,fcc1cb17eb01,,WRITE:0-0
430207-43020c,47,1,e90f000000,,WRITE:0-0
43021b-430229,48,5,83c704031f83ef0450e801000000,,WRITE:0-0
43022a-430233,48,3,83c40458e902000000,,WRITE:0-0
430235-430239,48,2,891feb01,m,WRITE:430286-43033e
43023a-43023c,47,1,7202,,WRITE:0-0
43023c-43024d,48,5,87eac1d5e481f09bfb4b8c50e801000000,,WRITE:0-0
43024e-430257,48,3,83c40458e902000000,,WRITE:0-0
430259-43025e,48,2,83c7047e03,,WRITE:0-0
43025e-430260,47,1,7f01,,WRITE:0-0
430261-430266,47,1,e903000000,,WRITE:0-0
430269-430270,48,2,490f8572ffffff,,WRITE:0-0
430270-430272,1,1,7203,,WRITE:0-0
430272-430274,1,1,7301,,WRITE:0-0
430275-430277,1,1,7503,,WRITE:0-0
430277-43028b,2,4,662bf28bd781356de84100c9ec8aa6e875deffff,m,WRITE:41e86d-0
43028b-43029f,2,5,68200300008dbd11184000576a00ff9573fd4000,,WRITE:0-0
43029f-4302b8,2,8,6a0068800000006a036a006a01680000008057ff952bfd4000,,WRITE:0-0
4302b8-4302bf,2,2,400f8487000000,,WRITE:0-0
4302bf-4302cb,2,5,488bf86a0057ff9577fd4000,,WRITE:0-0
4302cb-4302db,2,5,2b856b81410096566a40ff95fffc4000,,WRITE:0-0
4302db-4302df,2,2,85c0745e,,WRITE:0-0
4302df-4302f6,2,12,90909090936a008d851118400050565357ff954ffd4000,,WRITE:0-0
4302f6-430300,2,4,8bc38bce60e884000000,,WRITE:0-0
430300-430308,2,2,39856f8141007424,,WRITE:0-0
43032c-430335,2,4,618d853533410050c3,,WRITE:0-0
430335-43033c,2,2,53ff9503fd4000,,WRITE:0-0
43033c-430345,2,4,965057ff9527fd4000,,WRITE:0-0
430345-43034c,2,3,5860e800000000,,WRITE:0-0
43034c-430367,2,9,5e83ee06b9c000000029ceba5652329ec1e90283e90283f9007c1a,,WRITE:0-0
430362-430367,48,2,83f9007c1a,,WRITE:0-0
430367-430381,48,9,8b048e8b5c8e042bc3c1c0172bc281f29bfb4b8c89048e49ebe1,m,WRITE:43033e-430286
430381-430384,2,3,6161c3,,WRITE:0-0
430384-430396,2,10,8bf833c033db33d28a07f7e203d84247e2f6,,WRITE:0-0
43038c-430396,179037,6,8a07f7e203d84247e2f6,,WRITE:0-0
430396-430398,2,2,93c3,,WRITE:0-0
430398-4303a5,2,6,604885e8c1fd87f9e801000000,,WRITE:0-0
4303a6-4303ab,2,2,83042406c3,,WRITE:0-0
4303ab-4303b5,2,2,6681c5f38de801000000,,WRITE:0-0
4303b6-4303bb,2,2,83042406c3,,WRITE:0-0
4303bb-4303bf,2,2,1beeeb01,,WRITE:0-0
4303c0-4303c6,1,1,0f8506000000,,WRITE:0-0
4303cc-4303d2,2,2,50e801000000,,WRITE:0-0
4303d3-4303de,2,5,83c404584850e801000000,,WRITE:0-0
4303df-4303e5,2,3,83c404587201,,WRITE:0-0
4303e5-4303ec,2,3,f850e801000000,,WRITE:0-0
4303ed-4303f9,2,4,83c404586623f3e801000000,,WRITE:0-0
4303fa-4303ff,2,2,83c4047d01,,WRITE:0-0
430400-430402,1,1,7a03,,WRITE:0-0
430405-430409,2,2,85f0eb01,,WRITE:0-0
43040a-43040d,2,2,4deb01,,WRITE:0-0
43040e-430418,2,2,bd2fbf6eefe801000000,,WRITE:0-0
430419-430423,2,4,83c4044550e801000000,,WRITE:0-0
430424-43042a,2,3,83c404587301,,WRITE:0-0
43042b-430430,1,1,e800000000,,WRITE:0-0
430430-430438,2,4,5d8bc53b45207c06,,WRITE:0-0
430438-430443,2,3,034520894520e801000000,,WRITE:0-0
430444-430449,2,2,83042406c3,,WRITE:0-0
430449-43044e,1,1,e901000000,,WRITE:0-0
43044f-430459,2,2,ba43054300e801000000,,WRITE:0-0
43045a-43045f,2,2,83042406c3,,WRITE:0-0
43045f-430464,1,1,e903000000,,WRITE:0-0
430467-430471,2,2,bb0e762243e801000000,,WRITE:0-0
430472-430485,2,6,83c4048beebf7861da01f881ef5c61da01eb01,,WRITE:0-0
430486-43048c,2,3,d3cd8b0a7203,,WRITE:0-0
430488-43048c,28,2,8b0a7203,,WRITE:0-0
43048c-43048e,28,1,7301,,WRITE:0-0
43048f-430494,28,1,e901000000,,WRITE:0-0
430495-430499,29,2,2bcb7c03,,WRITE:0-0
430499-43049b,7,1,7d01,,WRITE:0-0
43049c-4304ab,29,4,8bf76681cdde38c1c117e801000000,,WRITE:0-0
4304ac-4304b4,29,2,83c404e902000000,,WRITE:0-0
4304b6-4304c0,29,4,83eafc030a83c2fc7203,,WRITE:0-0
4304c3-4304c8,28,1,e90c000000,,WRITE:0-0
4304d4-4304d8,29,2,890a7603,m,WRITE:430543-4305af
4304db-4304ef,29,4,66c1ceacbd62a8339181f321948b3de801000000,,WRITE:0-0
4304f0-4304f9,29,3,83c40466c1c0e47202,,WRITE:0-0
4304f9-430510,29,4,87e8811d15e84100301455c181c204000000e801000000,m,WRITE:41e815-41e815
430511-430516,29,2,83042406c3,,WRITE:0-0
430516-43051b,28,1,e902000000,,WRITE:0-0
43051d-430530,29,3,811551e94100febc01ad83ef010f8558ffffff,m,WRITE:41e951-41e951
430530-430536,2,2,50e801000000,,WRITE:0-0
430537-430540,2,3,83c40458e903000000,,WRITE:0-0
430543-430548,1,1,e8b8dbffff,,WRITE:0-0
430548-43055b,2,6,c68598334100c38db54ef8400056ad0bc07449,,WRITE:0-0
430555-43055b,3,4,56ad0bc07449,,WRITE:0-0
43055b-43056c,3,11,9090909050ad9151516a40ff95fffc4000,,WRITE:0-0
43056c-430592,3,55453,89854af840005958038546f840008bf0508bbd4af84000f3a45850ffb54af84000e82c4c0000,a,WRITE:6804d8-67c7d5
430592-43059e,3,2,ffb54af84000ff9503fd4000,,WRITE:0-0
43059e-4305a4,3,3,5e83c608ebb1,,WRITE:0-0
4305a4-4305b2,2,4,5e68307500006a40ff95fffc4000,,WRITE:0-0
4305b2-4305be,2,3,89854af8400060e800000000,,WRITE:0-0
4305be-4305d9,2,9,5e83ee06b97500000029ceba2fe2a97ec1e90283e90283f9007c1a,,WRITE:0-0
4305d4-4305d9,29,2,83f9007c1a,,WRITE:0-0
4305d9-4305f3,29,9,8b048e8b5c8e042bc3c1c81703c281f221948b3d89048e49ebe1,m,WRITE:4305af-430543
4305f3-4305fa,2,3,6161e8f7240000,,WRITE:0-0
4305fb-430600,1,1,e800dbffff,,WRITE:0-0
430600-43061d,2,9,8d8583fb40008bd850508b85208541000fb60083e8333d990000007410,,WRITE:0-0
43061d-430628,2,6,9090909058ff9520854100,,WRITE:0-0
430628-43062a,1,1,eb17,,WRITE:0-0
430641-430645,2,2,0bc0753d,,WRITE:0-0
430682-430699,2,5,8bd8898512204000b890fb4000bafffc4000e891daffff,,WRITE:0-0
430699-4306a8,2,3,b89cfb4000ba03fd4000e882daffff,,WRITE:0-0
4306a8-4306b7,2,3,b8a7fb4000ba17fd4000e873daffff,,WRITE:0-0
4306b7-4306c6,2,3,b8bbfb4000ba1bfd4000e864daffff,,WRITE:0-0
4306c6-4306d5,2,3,b8d4fb4000ba1ffd4000e855daffff,,WRITE:0-0
4306d5-4306e4,2,3,b8e3fb4000ba23fd4000e846daffff,,WRITE:0-0
4306e4-4306f3,2,3,b8f1fb4000ba27fd4000e837daffff,,WRITE:0-0
4306f3-430702,2,3,b8fdfb4000ba2bfd4000e828daffff,,WRITE:0-0
430702-430711,2,3,b809fc4000ba2ffd4000e819daffff,,WRITE:0-0
430711-430720,2,3,b81afc4000ba47fd4000e80adaffff,,WRITE:0-0
430720-43072f,2,3,b82cfc4000ba4bfd4000e8fbd9ffff,,WRITE:0-0
43072f-43073e,2,3,b838fc4000ba4ffd4000e8ecd9ffff,,WRITE:0-0
43073e-43074d,2,3,b841fc4000ba53fd4000e8ddd9ffff,,WRITE:0-0
43074d-43075c,2,3,b84bfc4000ba57fd4000e8ced9ffff,,WRITE:0-0
43075c-43076b,2,3,b857fc4000ba5bfd4000e8bfd9ffff,,WRITE:0-0
43076b-43077a,2,3,b864fc4000ba5ffd4000e8b0d9ffff,,WRITE:0-0
43077a-430789,2,3,b87dfc4000ba67fd4000e8a1d9ffff,,WRITE:0-0
430789-430798,2,3,b88efc4000ba6bfd4000e892d9ffff,,WRITE:0-0
430798-4307a7,2,3,b89ffc4000ba6ffd4000e883d9ffff,,WRITE:0-0
4307a7-4307b6,2,3,b8a7fd4000baa3fd4000e874d9ffff,,WRITE:0-0
4307b6-4307c5,2,3,b8d7fd4000ba73fd4000e865d9ffff,,WRITE:0-0
4307c5-4307d4,2,3,b8eafd4000ba77fd4000e856d9ffff,,WRITE:0-0
4307d4-4307f1,2,9,8d85b0fc40008bd850508b85208541000fb60083e8333d990000007410,,WRITE:0-0
4307f1-4307fc,2,6,9090909058ff9520854100,,WRITE:0-0
4307fc-4307fe,1,1,eb17,,WRITE:0-0
430815-430819,2,2,0bc0753d,,WRITE:0-0
430856-43086d,2,5,8bd8898516204000b8bbfc4000ba07fd4000e8bdd8ffff,,WRITE:0-0
43086d-43087c,2,3,b8c7fc4000ba0bfd4000e8aed8ffff,,WRITE:0-0
43087c-43088b,2,3,b8d6fc4000ba0ffd4000e89fd8ffff,,WRITE:0-0
43088b-43089a,2,3,b8e4fc4000ba13fd4000e890d8ffff,,WRITE:0-0
43089a-4308a9,2,3,b8bafd4000bab6fd4000e881d8ffff,,WRITE:0-0
4308a9-4308b8,2,3,b8c8fd4000bac4fd4000e872d8ffff,,WRITE:0-0
4308b8-4308cb,2,371,8dbd83fb40008d8df1fc40002bcf33c0f3aac3,m,WRITE:42cb83-42ccf0
430d39-430d41,322,4,604a50e801000000,,WRITE:0-0
430d42-430d4e,2,4,83c40458660bc3e801000000,,WRITE:0-0
430d4f-430d54,2,2,83042406c3,,WRITE:0-0
430d54-430d5a,2,2,4be801000000,,WRITE:0-0
430d5b-430d60,2,2,83042406c3,,WRITE:0-0
430d60-430d66,1,1,0f8605000000,,WRITE:0-0
430d66-430d71,2,3,6681e2e7f450e801000000,,WRITE:0-0
430d72-430d7e,2,5,83c4045887d850e801000000,,WRITE:0-0
430d7f-430d89,2,4,83c4045843e801000000,,WRITE:0-0
430d8a-430d8f,2,2,83042406c3,,WRITE:0-0
430d8f-430d99,2,3,66c1f84850e801000000,,WRITE:0-0
430d9a-430da0,2,3,83c404587901,,WRITE:0-0
430da1-430da3,1,1,7603,,WRITE:0-0
430da3-430da5,1,1,7701,,WRITE:0-0
430da6-430dac,1,1,0f8502000000,,WRITE:0-0
430dae-430db0,1,1,7803,,WRITE:0-0
430db0-430db2,1,1,7901,,WRITE:0-0
430db3-430db9,2,2,66c1fb207203,,WRITE:0-0
430db9-430dbb,1,1,7301,,WRITE:0-0
430dbc-430dbf,2,2,fceb01,,WRITE:0-0
430dc0-430dc7,2,2,8bd3e801000000,,WRITE:0-0
430dc8-430dd3,2,3,83c40466d3cbe801000000,,WRITE:0-0
430dd4-430dda,2,3,83c404f8eb01,,WRITE:0-0
430ddb-430de0,2,2,662bd6eb01,,WRITE:0-0
430de1-430de4,2,2,42eb01,,WRITE:0-0
430de5-430deb,1,1,0f8101000000,,WRITE:0-0
430dec-430dee,1,1,7203,,WRITE:0-0
430dee-430df0,1,1,7301,,WRITE:0-0
430df1-430df4,2,2,f8eb01,,WRITE:0-0
430df5-430dfd,2,2,668bc5e800000000,,WRITE:0-0
430dfd-430e05,2,4,5d8bc53b45187c06,,WRITE:0-0
430e05-430e0d,2,3,034518894518eb01,,WRITE:0-0
430e0e-430e13,1,1,e901000000,,WRITE:0-0
430e14-430e1b,2,2,bfe40e4300eb01,,WRITE:0-0
430e1c-430e20,2,2,85d87c02,,WRITE:0-0
430e20-430e39,2,6,87c2812d61ea4100664b8a47689d0465b08bdf59e801000000,m,WRITE:41ea61-0
430e3a-430e42,2,2,83c404e901000000,,WRITE:0-0
430e43-430e55,2,4,be561e4f7c85da81f6d51e4f7ce801000000,,WRITE:0-0
430e56-430e5b,2,2,83042406c3,,WRITE:0-0
430e5b-430e60,1,1,e905000000,,WRITE:0-0
430e65-430e69,132,2,8b2f7e03,,WRITE:0-0
430e69-430e6b,131,1,7f01,,WRITE:0-0
430e6c-430e73,132,4,d3fb432be9eb01,,WRITE:0-0
430e74-430e7a,132,3,42c1cd107403,,WRITE:0-0
430e7a-430e7c,131,1,7501,,WRITE:0-0
430e7d-430e82,131,1,e906000000,,WRITE:0-0
430e88-430e91,132,3,336f0450e801000000,,WRITE:0-0
430e92-430e9c,132,3,83c404580f8904000000,,WRITE:0-0
430ea0-430ea7,132,2,892fe801000000,m,WRITE:430ee4-4310ec
430ea8-430ead,132,2,83042406c3,,WRITE:0-0
430ead-430eaf,131,1,7301,,WRITE:0-0
430eb0-430ebb,132,2,81e925775489e801000000,,WRITE:0-0
430ebc-430ece,132,4,83c40466c1d37f81effcffffffe801000000,,WRITE:0-0
430ecf-430ee0,132,4,83c404b8301e4fbf83c6ff0f8585ffffff,,WRITE:0-0
430ee0-430ee2,1,1,eb01,,WRITE:0-0
430ee3-430ee9,2,2,fce817d2ffff,,WRITE:0-0
430ee9-430ef2,2,2,80bda5524100c37409,,WRITE:0-0
430efb-430f11,2,3,66c7852cf54000000083bd4f814100000f84e5010000,,WRITE:0-0
4310f6-4310fc,2,2,60e800000000,,WRITE:0-0
4310fc-431117,2,9,5e83ee06b91202000029cebad38380f3c1e90283e90283f9007c1a,,WRITE:0-0
431112-431117,132,2,83f9007c1a,,WRITE:0-0
431117-431131,132,9,8b048e8b5c8e0433c3c1c01003c281c22577548989048e49ebe1,m,WRITE:4310ec-430ee4
431131-43113b,2,4,61f985d30f8503000000,,WRITE:0-0
43113b-431140,2,2,c1d2a47203,,WRITE:0-0
431140-431142,1,1,7301,,WRITE:0-0
431143-43114a,2,2,87fbe801000000,,WRITE:0-0
43114b-431150,2,2,83042406c3,,WRITE:0-0
431150-431156,1,1,0f8c02000000,,WRITE:0-0
431156-43115a,2,2,2bd5eb01,,WRITE:0-0
43115b-431162,2,2,85dfe801000000,,WRITE:0-0
431163-431168,2,2,83042406c3,,WRITE:0-0
431168-431170,2,2,c1ff88e801000000,,WRITE:0-0
431171-43117c,2,3,83c404c1e38de801000000,,WRITE:0-0
43117d-431183,2,3,83c404f97e03,,WRITE:0-0
431183-431185,1,1,7f01,,WRITE:0-0
431186-43118c,1,1,0f8706000000,,WRITE:0-0
43118c-431194,2,2,81ef111d2d797803,,WRITE:0-0
431197-431199,1,1,7602,,WRITE:0-0
43119b-4311a0,1,1,e801000000,,WRITE:0-0
4311a1-4311a6,2,2,83042406c3,,WRITE:0-0
4311a6-4311ad,2,3,4350e801000000,,WRITE:0-0
4311ae-4311b9,2,4,83c4045887dfe801000000,,WRITE:0-0
4311ba-4311bf,2,2,83042406c3,,WRITE:0-0
4311bf-4311c7,2,3,87d350e801000000,,WRITE:0-0
4311c8-4311cf,2,4,83c40458f97a03,,WRITE:0-0
4311cf-4311d1,1,1,7b01,,WRITE:0-0
4311d2-4311d4,1,1,7d03,,WRITE:0-0
4311d7-4311dc,1,1,e800000000,,WRITE:0-0
4311dc-4311e4,2,4,5d8bc53b451c7c06,,WRITE:0-0
4311e4-4311ef,2,3,03451c89451ce801000000,,WRITE:0-0
4311f0-4311f5,2,2,83c4047501,,WRITE:0-0
4311f6-431201,2,3,fcb8dc124300e801000000,,WRITE:0-0
431202-431213,2,7,83c404f9f968e515dd244f5ee801000000,,WRITE:0-0
431214-431219,2,2,83042406c3,,WRITE:0-0
431219-43121f,2,2,66babd407d01,,WRITE:0-0
431220-43122e,2,5,688000000085fb5950e801000000,,WRITE:0-0
43122f-43123e,2,6,83c404588bfb6681ea36ee8b287403,,WRITE:0-0
43123a-43123e,128,2,8b287403,,WRITE:0-0
43123e-431240,128,1,7501,,WRITE:0-0
431241-43124c,129,4,66ba403766d3c303eeeb01,,WRITE:0-0
43124d-431256,129,4,c1cbbb42c1c51f7603,,WRITE:0-0
431256-431258,53,1,7701,,WRITE:0-0
431259-43125e,128,1,e907000000,,WRITE:0-0
431265-431277,129,3,8125cde94100ec449954036804e801000000,m,WRITE:41e9cd-41e9cd
431278-43127d,129,2,83042406c3,,WRITE:0-0
43127d-431289,129,4,8bd3c1da528928e801000000,m,WRITE:4312dc-4314d8
43128a-43128f,129,2,83042406c3,,WRITE:0-0
43128f-431292,129,2,437a02,,WRITE:0-0
431292-43129f,73,3,87df81f61b03b194e801000000,,WRITE:0-0
431294-43129f,57,2,81f61b03b194e801000000,,WRITE:0-0
4312a0-4312a8,129,2,83c404e904000000,,WRITE:0-0
4312ac-4312b8,129,3,81e8fcffffff50e801000000,,WRITE:0-0
4312b9-4312c2,129,3,83c40458e901000000,,WRITE:0-0
4312c3-4312ca,129,2,490f8570ffffff,,WRITE:0-0
4312ca-4312d0,2,2,50e801000000,,WRITE:0-0
4312d1-4312db,2,3,83c404580f8601000000,,WRITE:0-0
4312db-4312e1,2,2,42e81fceffff,,WRITE:0-0
4312e1-4312f0,2,2,6681bd2cf5400000ff0f84ac000000,,WRITE:0-0
4312f0-4312fb,2,2,6681bd2cf5400001ff7439,,WRITE:0-0
4312fb-43130a,2,6,909090906681bd2cf5400002ff7453,,WRITE:0-0
43130a-431313,2,5,90909090e989000000,,WRITE:0-0
43139c-4313a9,2,2,80bd0d444100000f841b010000,,WRITE:0-0
4314c4-4314cd,2,2,80bd6cf7400001740c,,WRITE:0-0
4314cd-4314e6,2,15,909090909090909090909090c685393d4100c360e800000000,,WRITE:0-0
4314e6-431501,2,9,5e83ee06b90402000029cebafe166cb0c1e90283e90283f9007c1a,,WRITE:0-0
4314fc-431501,129,2,83f9007c1a,,WRITE:0-0
431501-43151b,129,9,8b048e8b5c8e042bc3c1c81f2bc281f21b03b19489048e49ebe1,m,WRITE:4314d8-4312dc
43151b-431522,2,3,6161e84c050000,,WRITE:0-0
431a6e-431a71,2,2,60eb04,,WRITE:0-0
431a75-431a7a,2,3,fc87feeb01,,WRITE:0-0
431a7b-431a7d,1,1,7403,,WRITE:0-0
431a7d-431a85,2,2,668bfae801000000,,WRITE:0-0
431a86-431a8b,2,2,83042406c3,,WRITE:0-0
431a8b-431a92,2,2,8bd7e801000000,,WRITE:0-0
431a93-431a99,2,3,83c404fc7803,,WRITE:0-0
431a99-431a9b,1,1,7901,,WRITE:0-0
431a9c-431aa1,2,2,66d3c77403,,WRITE:0-0
431aa1-431aa3,1,1,7501,,WRITE:0-0
431aa4-431aaf,2,2,81c7a383ff24e801000000,,WRITE:0-0
431ab0-431ab6,2,3,83c404f87a03,,WRITE:0-0
431ab6-431ab8,1,1,7b01,,WRITE:0-0
431ab9-431ac0,2,3,4750e801000000,,WRITE:0-0
431ac1-431acb,2,3,83c404580f8101000000,,WRITE:0-0
431acc-431ad1,1,1,e801000000,,WRITE:0-0
431ad2-431ad7,2,2,83042406c3,,WRITE:0-0
431ad7-431add,2,2,47e801000000,,WRITE:0-0
431ade-431ae5,2,3,83c4048bf0eb01,,WRITE:0-0
431ae6-431af0,2,2,ba8c674d80e800000000,,WRITE:0-0
431af0-431af8,2,4,5d8bc53b452c7c06,,WRITE:0-0
431af8-431b04,2,4,03452c89452c50e801000000,,WRITE:0-0
431b05-431b0e,2,3,83c40458e90d000000,,WRITE:0-0
431b1b-431b28,2,4,681f1c430087d75be801000000,,WRITE:0-0
431b29-431b3f,2,5,83c4046681de876ac1da83b906fce5530f8102000000,,WRITE:0-0
431b41-431b4c,2,2,81f1991e80c9e801000000,,WRITE:0-0
431b4d-431b67,2,6,83c40466bf1eb185fa811de1ea410008e6bb2e68ec0000007601,m,WRITE:41eae1-0
431b68-431b6b,2,2,5d7603,,WRITE:0-0
431b6e-431b73,1,1,e902000000,,WRITE:0-0
431b75-431b7c,237,2,8b03e801000000,,WRITE:0-0
431b7d-431b82,237,2,83042406c3,,WRITE:0-0
431b82-431b87,236,1,e902000000,,WRITE:0-0
431b89-431b90,237,2,03c1e801000000,,WRITE:0-0
431b91-431b96,237,2,83042406c3,,WRITE:0-0
431b96-431b9b,236,1,e907000000,,WRITE:0-0
431ba2-431ba7,237,2,c1c005eb01,,WRITE:0-0
431ba8-431bad,236,1,e904000000,,WRITE:0-0
431bb1-431bb9,237,2,2b4304e801000000,,WRITE:0-0
431bba-431bbf,237,2,83042406c3,,WRITE:0-0
431bbf-431bc4,236,1,e904000000,,WRITE:0-0
431bc8-431bcf,237,2,8903e801000000,m,WRITE:431c1f-431fcb
431bd0-431bd5,237,2,83042406c3,,WRITE:0-0
431bd5-431be1,237,4,6623d64781c192ffea5eeb01,,WRITE:0-0
431be2-431bf2,237,4,66d3ff85fe81ebfcffffffe801000000,,WRITE:0-0
431bf3-431bfb,237,2,83c404e902000000,,WRITE:0-0
431bfd-431c06,237,2,83c5ff0f856fffffff,,WRITE:0-0
431c06-431c0b,1,1,e801000000,,WRITE:0-0
431c0c-431c11,2,2,83042406c3,,WRITE:0-0
431c11-431c16,1,1,e909000000,,WRITE:0-0
431c1f-431c24,1,1,e8dcc4ffff,,WRITE:0-0
431c24-431c46,2,5,c6856e4a4100c3c6856df7400000c685744a41000080bd6cf74000010f848d030000,,WRITE:0-0
431c46-431c54,2,3,8a85634c41000ac00f847f030000,,WRITE:0-0
431fd3-431fd9,2,2,60e800000000,,WRITE:0-0
431fd9-431ff4,2,9,5e83ee06b9b403000029cebaa57d1ebcc1e90283e90283f9007c1a,,WRITE:0-0
431fef-431ff4,237,2,83f9007c1a,,WRITE:0-0
431ff4-43200e,237,9,8b048e8b5c8e0403c3c1c8052bc281ea92ffea5e89048e49ebe1,m,WRITE:431fcb-431c1f
43200e-43201a,2,5,614666c1efeb50e801000000,,WRITE:0-0
43201b-432023,2,4,83c404588bcb7203,,WRITE:0-0
432023-432025,1,1,7301,,WRITE:0-0
432026-43202d,2,2,8bf2e801000000,,WRITE:0-0
43202e-432035,2,3,83c4048bf57e03,,WRITE:0-0
432035-432037,1,1,7f01,,WRITE:0-0
432038-43203f,2,3,4650e801000000,,WRITE:0-0
432040-43204d,2,4,83c4045866c1d9a7e801000000,,WRITE:0-0
43204e-432053,2,2,83042406c3,,WRITE:0-0
432053-432059,1,1,0f8a01000000,,WRITE:0-0
43205a-432060,2,2,50e801000000,,WRITE:0-0
432061-43206c,2,5,83c404584950e801000000,,WRITE:0-0
43206d-432078,2,4,83c4045885cee801000000,,WRITE:0-0
432079-43207e,2,2,83c4047303,,WRITE:0-0
432081-432083,1,1,eb01,,WRITE:0-0
432084-43208a,1,1,0f8401000000,,WRITE:0-0
43208a-43208d,2,2,4e7e03,,WRITE:0-0
43208d-43208f,1,1,7f01,,WRITE:0-0
432090-432094,2,2,85feeb01,,WRITE:0-0
432095-432098,2,2,467203,,WRITE:0-0
432098-43209a,1,1,7301,,WRITE:0-0
43209b-43209e,2,2,47eb01,,WRITE:0-0
43209f-4320a7,2,3,87f750e801000000,,WRITE:0-0
4320a8-4320b0,2,4,83c4045885f77203,,WRITE:0-0
4320b0-4320b2,1,1,7301,,WRITE:0-0
4320b3-4320ba,2,2,03f8e800000000,,WRITE:0-0
4320ba-4320c2,2,4,5d8bc53b45237c06,,WRITE:0-0
4320c2-4320cd,2,3,034523894523e801000000,,WRITE:0-0
4320ce-4320d6,2,2,83c404e906000000,,WRITE:0-0
4320dc-4320e7,2,4,68b9214300c1cf0d5a7e03,,WRITE:0-0
4320e7-4320e9,1,1,7f01,,WRITE:0-0
4320ea-4320fd,2,5,f8bdf0cdf6a6bf140d0f0081edef64fc157203,,WRITE:0-0
4320fd-4320ff,1,1,7301,,WRITE:0-0
432100-432112,2,5,47b8d249006e66c1d66481c057b6ff917c03,,WRITE:0-0
432112-432114,1,1,7d01,,WRITE:0-0
432115-43211e,2,4,4766b975e08b1a7603,,WRITE:0-0
43211a-43211e,41,2,8b1a7603,,WRITE:0-0
432121-432126,41,1,e904000000,,WRITE:0-0
43212a-432131,42,2,03dde801000000,,WRITE:0-0
432132-43213a,42,2,83c404e902000000,,WRITE:0-0
43213c-432141,42,2,c1cb087a03,,WRITE:0-0
432141-432143,41,1,7b01,,WRITE:0-0
432144-43215a,42,6,87f181256de9410023087a5583c2042b1a83ea047a03,m,WRITE:41e96d-41e96d
43215a-43215c,20,1,7b01,,WRITE:0-0
43215d-432162,41,1,e903000000,,WRITE:0-0
432165-43216c,42,2,891ae801000000,m,WRITE:4321b9-432259
43216d-432175,42,2,83c404e904000000,,WRITE:0-0
432179-432181,42,2,81f51453e4757c03,,WRITE:0-0
432184-43218a,41,1,0f8003000000,,WRITE:0-0
43218a-432195,42,3,668bf881c204000000eb01,,WRITE:0-0
432196-4321a2,42,3,6623f383c0ff0f8578ffffff,,WRITE:0-0
4321a2-4321a4,1,1,7a03,,WRITE:0-0
4321a7-4321ac,1,1,e90d000000,,WRITE:0-0
4321b9-4321be,1,1,e842bfffff,,WRITE:0-0
4321be-4321cb,2,2,80bd744a4100000f8497000000,,WRITE:0-0
432262-432268,2,2,60e800000000,,WRITE:0-0
432268-432283,2,9,5e83ee06b9a900000029ceba0169fa90c1e90283e90283f9007c1a,,WRITE:0-0
43227e-432283,42,2,83f9007c1a,,WRITE:0-0
432283-43229d,42,9,8b048e8b5c8e0403c3c1c0082bc281f21453e47589048e49ebe1,m,WRITE:432259-4321b9
43229d-4322a0,2,3,6161c3,,WRITE:0-0
4322a5-4322b4,904,5,60668bcd66bfb58dd3fae801000000,,WRITE:0-0
4322b5-4322bf,2,3,83c40485cfe801000000,,WRITE:0-0
4322c0-4322c5,2,2,83042406c3,,WRITE:0-0
4322c5-4322c8,2,2,f9eb01,,WRITE:0-0
4322c9-4322cf,1,1,0f8b01000000,,WRITE:0-0
4322cf-4322d2,2,2,f97e03,,WRITE:0-0
4322d2-4322d4,1,1,7f01,,WRITE:0-0
4322d5-4322db,2,2,fce801000000,,WRITE:0-0
4322dc-4322e1,2,2,83042406c3,,WRITE:0-0
4322e1-4322e9,2,2,661bfde801000000,,WRITE:0-0
4322ea-4322ef,2,2,83042406c3,,WRITE:0-0
4322ef-4322f3,2,2,87fa7803,,WRITE:0-0
4322f3-4322f5,1,1,7901,,WRITE:0-0
4322f6-4322f8,1,1,7202,,WRITE:0-0
4322f8-4322fc,2,2,d3fa7c03,,WRITE:0-0
4322fc-4322fe,1,1,7d01,,WRITE:0-0
4322ff-432307,2,3,85ca50e801000000,,WRITE:0-0
432308-432314,2,4,83c40458668bcde800000000,,WRITE:0-0
432314-43231c,2,4,5d8bc53b45277c06,,WRITE:0-0
43231c-432324,2,3,0345278945277603,,WRITE:0-0
432324-432326,1,1,7701,,WRITE:0-0
432327-43232c,1,1,e904000000,,WRITE:0-0
432330-432344,2,3,810599e841002a6915c4bb50244300e801000000,m,WRITE:41e899-0
432345-43234a,2,2,83042406c3,,WRITE:0-0
43234a-43234f,1,1,e902000000,,WRITE:0-0
432351-432366,2,4,810d95e9410049b1cc57bd1264efbc50e801000000,m,WRITE:41e995-0
432367-432370,2,3,83c40458e903000000,,WRITE:0-0
432373-432392,2,5,812541ea4100bac8f1d0b8e356c944b949112f1481e84856c944e801000000,m,WRITE:41ea41-0
432393-432398,2,2,83042406c3,,WRITE:0-0
432398-4323a2,2,4,85f9f98b33e801000000,,WRITE:0-0
43239b-4323a2,155,2,8b33e801000000,,WRITE:0-0
4323a3-4323a8,156,2,83042406c3,,WRITE:0-0
4323a8-4323ad,155,1,e905000000,,WRITE:0-0
4323b2-4323bd,156,4,518f057dea41002bf5eb01,m,WRITE:41ea7d-41ea7d
4323be-4323c8,156,4,f94ac1ce13e801000000,,WRITE:0-0
4323c9-4323d1,156,2,83c404e90b000000,,WRITE:0-0
4323dc-4323e1,156,2,037304eb01,,WRITE:0-0
4323e2-4323e7,155,1,e901000000,,WRITE:0-0
4323e8-4323ec,156,2,89337c03,m,WRITE:432450-4326b8
4323ec-4323ee,83,1,7d01,,WRITE:0-0
4323ef-4323f5,155,1,0f8504000000,,WRITE:0-0
4323f5-43240e,2,6,66c1d9ad85ca68e1774aa58f0541e8410081c56b18a8867403,m,WRITE:41e841-0
4323f9-43240e,155,5,85ca68e1774aa58f0541e8410081c56b18a8867403,m,WRITE:41e841-41e841
43240e-432410,155,1,7501,,WRITE:0-0
432411-432416,155,1,e904000000,,WRITE:0-0
43241a-43242f,156,3,812505ea4100073f5f4e81c304000000e801000000,m,WRITE:41ea05-41ea05
432430-432438,156,2,83c404e901000000,,WRITE:0-0
432439-432442,156,2,83c0ff0f8559ffffff,,WRITE:0-0
432442-432447,1,1,e801000000,,WRITE:0-0
432448-43244d,2,2,83042406c3,,WRITE:0-0
43244d-432455,2,2,66d3c2e8abbcffff,,WRITE:0-0
432455-43248c,2,10,c685a5524100c3c7850bf940000010400001ad0bf9400083850bf94000108b9546f840008bb507f9400003f28b460c0bc00f8425020000,a,WRITE:0-0
432481-43248c,3,3,8b460c0bc00f8425020000,a,WRITE:0-0
43248c-4324a5,3,13,83660c0003c28bd85657508bf38bfbacc0c003aa803f0075f6,anm,WRITE:41b2c8-41b570
43249b-4324a5,21,5,acc0c003aa803f0075f6,am,WRITE:41b423-41b57b
4324a5-4324af,3,5,585f5e50ff9520854100,,WRITE:0-0
4324af-4324b3,3,2,0bc07543,,WRITE:0-0
4324f6-432500,3,6,602bc0880343380375f9,am,WRITE:41b422-41b570
4324f9-432500,21,4,880343380375f9,am,WRITE:41b423-41b57b
432500-43251d,3,7,6189853ef84000c78542f84000000000008b9546f840008b060bc07507,a,WRITE:0-0
432511-43251d,69,4,8b9546f840008b060bc07507,a,WRITE:0-0
432524-432541,71,8,03c2038542f840008b188b7e1003fa03bd42f8400085db0f8462010000,a,WRITE:0-0
432541-432549,69,2,f7c300000080751d,,WRITE:0-0
432549-432563,69,16,9090909003da83c3025657508bf38bfbacc0c003aa803f0075f6,am,WRITE:41b412-41b8e0
432559-432563,961,5,acc0c003aa803f0075f6,am,WRITE:41b413-41b8ea
432563-43256e,69,5,585f5e3b9d46f840007c11,,WRITE:0-0
43256e-43257b,69,6,9090909083bd1a20400000750a,,WRITE:0-0
43257b-432592,69,8,9090909081e3ffffff0f53ffb53ef84000ff951c854100,,WRITE:0-0
432592-43259a,69,2,3b9d46f840007c0f,,WRITE:0-0
43259a-4325a8,69,10,90909090602bc0880343380375f9,am,WRITE:41b412-41b8e0
4325a1-4325a8,961,4,880343380375f9,am,WRITE:41b413-41b8ea
4325a8-4325b1,69,3,610bc00f8415ffffff,,WRITE:0-0
4325b1-4325b9,69,2,3b852c8541007420,,WRITE:0-0
4325b9-4325c5,69,6,909090903b85c4fd40007409,,WRITE:0-0
4325c5-4325cb,68,5,90909090eb14,,WRITE:0-0
4325ce-4325d6,2,2,8d8531fe4000eb09,,WRITE:0-0
4325df-4325ef,69,5,56ffb53ef840005e39b5122040007415,,WRITE:0-0
4325ef-4325fb,2,6,9090909039b5162040007409,,WRITE:0-0
432604-43260d,69,2,80bd16564100007457,,WRITE:0-0
43260d-432613,69,5,90909090eb07,,WRITE:0-0
43261a-432630,69,6,8bb50bf9400083c60d81ee021840002bf583fe007f34,,WRITE:0-0
432630-432641,69,8,909090908bb50bf940005350e88db2ffff,,WRITE:0-0
432641-432681,69,277,8bd85833c3c60668894601c7460581342400895e08c6460cc35b8bc683850bf940000d5e608bd02bbd46f840008bc7b9010100008dbdebec4000f2af0bc97413,m,WRITE:41e010-41e383
432694-4326a3,69,4,618907838542f8400004e96efeffff,anm,WRITE:415110-415108
4326a3-4326b1,3,3,83c6148b9546f84000e9d0fdffff,,WRITE:0-0
4326b1-4326c6,2,261,8dbdebec400033c0b900010000f3ab60e800000000,m,WRITE:42bceb-42c0e7
4326c6-4326e1,2,9,5e83ee06b97002000029ceba70140ebec1e90283e90283f9007c1a,,WRITE:0-0
4326dc-4326e1,156,2,83f9007c1a,,WRITE:0-0
4326e1-4326fb,156,9,8b048e8b5c8e042bc3c1c01303c281ea6b18a88689048e49ebe1,m,WRITE:4326b8-432450
4326fb-432702,2,3,6161e8d9d9ffff,,WRITE:0-0
432a37-432a3d,2,2,60e8c3b6ffff,,WRITE:0-0
432a3d-432a67,2,6,c7850757410000000000b9000000008db53d1b40008dbdcd1c4000c7850b57410064000000e845000000,,WRITE:0-0
432a67-432a87,2,5,b9000000008db5d0f440008dbdfcf44000c7850b5741000b000000e825000000,,WRITE:0-0
432a87-432aa7,2,5,b9000000008db5175741008dbda7584100c7850b57410064000000e805000000,,WRITE:0-0
432aa7-432aa9,1,1,eb46,,WRITE:0-0
432aac-432ab4,6,2,3b8d0b574100743a,,WRITE:0-0
432ab4-432ac2,6,8,909090908b048e8b1c8f0bc0742c,,WRITE:0-0
432ac2-432acd,3,8,909090904103d83bc277df,,WRITE:0-0
432acd-432ad1,2,2,3bda72db,,WRITE:0-0
432aef-432af1,2,2,61c3,,WRITE:0-0
432af1-432af4,2,2,60eb1d,,WRITE:0-0
432b11-432b16,1,1,e8eab5ffff,,WRITE:0-0
432b16-432b25,2,3,8b5424202b9546f84000e812ffffff,,WRITE:0-0
432b25-432b3f,2,5,ffb5075741008f85035741008b85f75a41000bc00f84e4000000,,WRITE:0-0
432c23-432c25,2,2,61c3,,WRITE:0-0
432c48-432c58,2,8,60f985cb85f38bdd85f150e801000000,,WRITE:0-0
432c59-432c63,2,3,83c404580f8a06000000,,WRITE:0-0
432c63-432c6f,2,3,81e17e27b0a250e801000000,,WRITE:0-0
432c70-432c7a,2,4,83c40458f9e801000000,,WRITE:0-0
432c7b-432c83,2,3,83c404c1cee7eb01,,WRITE:0-0
432c84-432c86,1,1,7903,,WRITE:0-0
432c89-432c8b,1,1,7a03,,WRITE:0-0
432c8e-432c92,2,2,8bce7603,,WRITE:0-0
432c95-432c9d,2,3,87ce50e801000000,,WRITE:0-0
432c9e-432caa,2,4,83c40458c1d146e801000000,,WRITE:0-0
432cab-432cb0,2,2,83042406c3,,WRITE:0-0
432cb0-432cb6,1,1,0f8601000000,,WRITE:0-0
432cb6-432cbc,2,2,f9e800000000,,WRITE:0-0
432cbc-432cc4,2,4,5d8bc53b452d7c06,,WRITE:0-0
432cc4-432ccc,2,3,03452d89452d7603,,WRITE:0-0
432ccc-432cce,1,1,7701,,WRITE:0-0
432ccf-432cd4,1,1,e90a000000,,WRITE:0-0
432cde-432cf2,2,5,811ddde94100a7125cb268f32d430087cb5aeb01,m,WRITE:41e9dd-0
432cf3-432cf8,1,1,e905000000,,WRITE:0-0
432cfd-432d08,2,2,bd4b1936630f8306000000,,WRITE:0-0
432d08-432d19,2,3,81e685357ce981c595bcbad2e801000000,,WRITE:0-0
432d1a-432d2d,2,5,83c40466be2bc9f8bf8ecb4b000f8c02000000,,WRITE:0-0
432d2d-432d3b,2,4,85cb81c77a34b4ff50e801000000,,WRITE:0-0
432d3c-432d45,2,3,83c40458e908000000,,WRITE:0-0
432d4d-432d5c,2,4,68dedfa9578f0519eb41008b02eb01,m,WRITE:41eb19-0
432d58-432d5c,8,2,8b02eb01,,WRITE:0-0
432d5d-432d62,8,1,e905000000,,WRITE:0-0
432d67-432d6e,9,2,2bc5e801000000,,WRITE:0-0
432d6f-432d77,9,2,83c404e90b000000,,WRITE:0-0
432d82-432d87,9,2,c1c00a7a03,,WRITE:0-0
432d8a-432d8c,8,1,7c01,,WRITE:0-0
432d8c-432d96,9,4,f833420450e801000000,,WRITE:0-0
432d97-432da6,9,6,83c4045866d3cb890250e801000000,m,WRITE:432df3-432e0f
432da7-432db0,9,3,83c40458e904000000,,WRITE:0-0
432db4-432dbf,9,2,81c5ddf16500e801000000,,WRITE:0-0
432dc0-432dc8,9,2,83c404e907000000,,WRITE:0-0
432dcf-432dd7,9,2,81c2040000007203,,WRITE:0-0
432dd7-432dd9,8,1,7301,,WRITE:0-0
432dda-432de6,9,3,c1eb6883ef010f8572ffffff,,WRITE:0-0
432de6-432dec,2,2,50e801000000,,WRITE:0-0
432ded-432df8,2,4,83c40458d3d6e808b3ffff,,WRITE:0-0
432df8-432e1e,2,13,8db51c8541008dbd33fd4000b905000000f3a58dbd43fd40008d854bfe4000ab60e800000000,m,WRITE:42cd33-42cd43
432e1e-432e39,2,9,5e83ee06b92500000029cebaeb72ba38c1e90283e90283f9007c1a,,WRITE:0-0
432e34-432e39,9,2,83f9007c1a,,WRITE:0-0
432e39-432e53,9,9,8b048e8b5c8e0433c3c1c80a03c281eaddf1650089048e49ebe1,m,WRITE:432e0f-432df3
432e53-432e56,2,3,6161c3,,WRITE:0-0
432e56-432e5e,2,5,604d85df85fbeb01,,WRITE:0-0
432e5f-432e67,2,2,81dd62c82c4eeb01,,WRITE:0-0
432e68-432e6d,2,2,c1cfcceb01,,WRITE:0-0
432e6e-432e71,2,2,f97c03,,WRITE:0-0
432e74-432e7a,2,2,45e801000000,,WRITE:0-0
432e7b-432e80,2,2,83042406c3,,WRITE:0-0
432e80-432e88,2,2,81d7ba131957eb01,,WRITE:0-0
432e89-432e8d,2,2,8bdfeb01,,WRITE:0-0
432e8e-432e92,2,2,2beaeb01,,WRITE:0-0
432e93-432e9a,2,3,fc50e801000000,,WRITE:0-0
432e9b-432ea1,2,3,83c404587901,,WRITE:0-0
432ea2-432ea4,1,1,7603,,WRITE:0-0
432ea4-432ea6,1,1,7701,,WRITE:0-0
432ea7-432ea9,1,1,7c01,,WRITE:0-0
432ea9-432eaf,2,2,f8e801000000,,WRITE:0-0
432eb0-432eb5,2,2,83042406c3,,WRITE:0-0
432eb5-432ebb,2,2,4fe801000000,,WRITE:0-0
432ebc-432ec2,2,3,83c404fc7403,,WRITE:0-0
432ec2-432ec4,1,1,7501,,WRITE:0-0
432ec5-432ecc,2,2,8bd8e801000000,,WRITE:0-0
432ecd-432ed2,2,2,83042406c3,,WRITE:0-0
432ed2-432edc,2,3,66bf6ffc50e801000000,,WRITE:0-0
432edd-432ee8,2,4,83c4045823dfe800000000,,WRITE:0-0
432ee8-432ef0,2,4,5d8bc53b45267c06,,WRITE:0-0
432ef0-432efc,2,4,03452689452650e801000000,,WRITE:0-0
432efd-432f06,2,3,83c40458e907000000,,WRITE:0-0
432f0d-432f18,2,2,68013043000f8605000000,,WRITE:0-0
432f18-432f23,2,3,6681c580ac5ee801000000,,WRITE:0-0
432f24-432f29,2,2,83042406c3,,WRITE:0-0
432f29-432f2e,1,1,e908000000,,WRITE:0-0
432f36-432f47,2,4,b870a4ef534d81f0638566cae801000000,,WRITE:0-0
432f48-432f4d,2,2,83042406c3,,WRITE:0-0
432f4d-432f5d,2,5,668bef680900000085fb59e801000000,,WRITE:0-0
432f5e-432f63,2,2,83042406c3,,WRITE:0-0
432f63-432f6b,2,3,fc8b16e801000000,,WRITE:0-0
432f64-432f6b,9,2,8b16e801000000,,WRITE:0-0
432f6c-432f71,10,2,83042406c3,,WRITE:0-0
432f71-432f76,9,1,e905000000,,WRITE:0-0
432f7b-432f82,10,2,03d0e801000000,,WRITE:0-0
432f83-432f8b,10,2,83c404e907000000,,WRITE:0-0
432f92-432f97,10,2,c1ca0feb01,,WRITE:0-0
432f98-432fa2,10,4,4ffc335604e801000000,,WRITE:0-0
432fa3-432fa8,10,2,83042406c3,,WRITE:0-0
432fa8-432fad,9,1,e90b000000,,WRITE:0-0
432fb8-432fbf,10,2,8916e801000000,m,WRITE:433001-433021
432fc0-432fce,10,5,83c404471beb81c09964060aeb01,,WRITE:0-0
432fcf-432fd1,9,1,7003,,WRITE:0-0
432fd1-432fdd,10,4,6623eff983c604e801000000,,WRITE:0-0
432fde-432fed,10,5,83c4044787ef83e9010f8577ffffff,,WRITE:0-0
432fed-432ff3,2,2,50e801000000,,WRITE:0-0
432ff4-432ffd,2,3,83c40458e904000000,,WRITE:0-0
433001-433006,1,1,e8fab0ffff,,WRITE:0-0
433006-43302c,2,12,b91c0000008db5fffc40008dbdef07410083c707b090aab8ff25000066ab8bc6ab83c604e2ee,m,WRITE:42d7f6-42d7f9
43301a-43302c,28,8,b090aab8ff25000066ab8bc6ab83c604e2ee,m,WRITE:42d7fd-42d8b6
43302c-433032,2,2,60e800000000,,WRITE:0-0
433032-43304d,2,9,5e83ee06b92b00000029cebadb45bce9c1e90283e90283f9007c1a,,WRITE:0-0
433048-43304d,10,2,83f9007c1a,,WRITE:0-0
43304d-433067,10,9,8b048e8b5c8e0433c3c1c00f2bc281ea9964060a89048e49ebe1,m,WRITE:433021-433001
433067-43306a,2,3,6161c3,,WRITE:0-0
43306a-433070,2,2,60e890b0ffff,,WRITE:0-0
433070-43307d,2,4,33d28bb4953d1b40000bf67431,,WRITE:0-0
433072-43307d,2,3,8bb4953d1b40000bf67431,,WRITE:0-0
43307d-433099,2,11,9090909003b546f840008b8c95cd1c40006052516a40ff95fffc4000,,WRITE:0-0
433099-4330ae,2,12908,5a8984955d1e4000618bbc955d1e4000f3a442ebc4,a,WRITE:687a10-68ac75
4330ae-4330b0,2,2,61c3,,WRITE:0-0
4330b0-4330bd,2,6,60f987eb4d660beee801000000,,WRITE:0-0
4330be-4330c9,2,3,83c40466d3c2e801000000,,WRITE:0-0
4330ca-4330cf,2,2,83042406c3,,WRITE:0-0
4330cf-4330d7,2,2,81d551782cd37403,,WRITE:0-0
4330d7-4330d9,1,1,7501,,WRITE:0-0
4330da-4330e2,2,3,8bee50e801000000,,WRITE:0-0
4330e3-4330f0,2,4,83c4045866bd4d43e801000000,,WRITE:0-0
4330f1-4330fc,2,4,83c40487eb50e801000000,,WRITE:0-0
4330fd-433103,2,3,83c404587c06,,WRITE:0-0
433103-43310f,2,3,81d5ef5e17c650e801000000,,WRITE:0-0
433110-43311a,2,4,83c40458f8e801000000,,WRITE:0-0
43311b-433120,2,2,83042406c3,,WRITE:0-0
433120-433122,1,1,7d02,,WRITE:0-0
433124-43312a,2,2,50e801000000,,WRITE:0-0
43312b-433136,2,5,83c404584250e801000000,,WRITE:0-0
433137-433142,2,4,83c4045887ebe800000000,,WRITE:0-0
433142-43314a,2,4,5d8bc53b45207c06,,WRITE:0-0
43314a-433155,2,3,034520894520e801000000,,WRITE:0-0
433156-43315e,2,2,83c404e903000000,,WRITE:0-0
433161-43316e,2,4,685b324300d3d25fe801000000,,WRITE:0-0
43316f-433174,2,2,83042406c3,,WRITE:0-0
433174-43318e,2,7,6623daf9b9aa531eceba6be14d7781c16271a37950e801000000,,WRITE:0-0
43318f-433198,2,3,83c40458e906000000,,WRITE:0-0
43319e-4331ac,2,4,be5c6ee470f881f6556ee4707403,,WRITE:0-0
4331ac-4331ae,1,1,7501,,WRITE:0-0
4331af-4331b1,1,1,7805,,WRITE:0-0
4331b1-4331ba,2,3,bbf962eb9a8b07eb01,,WRITE:0-0
4331b6-4331ba,9,2,8b07eb01,,WRITE:0-0
4331bb-4331c0,9,1,e902000000,,WRITE:0-0
4331c2-4331d0,10,3,8135d9ea41009f2a296003c17403,m,WRITE:41ead9-41ead9
4331d0-4331d2,9,1,7501,,WRITE:0-0
4331d3-4331d8,9,1,e902000000,,WRITE:0-0
4331da-4331df,10,2,c1c811eb01,,WRITE:0-0
4331e0-4331e5,9,1,e902000000,,WRITE:0-0
4331e7-4331f0,10,3,33470450e801000000,,WRITE:0-0
4331f1-4331f7,10,3,83c404587101,,WRITE:0-0
4331f8-4331fe,9,1,0f8902000000,,WRITE:0-0
433200-433207,10,2,8907e801000000,m,WRITE:43325b-43327b
433208-43320d,10,2,83042406c3,,WRITE:0-0
43320d-433212,9,1,e905000000,,WRITE:0-0
433217-43321f,10,2,81c1ca3dbd027a03,,WRITE:0-0
43321f-433221,6,1,7b01,,WRITE:0-0
433222-433239,10,5,4b811db9e941008a91092781effcffffff50e801000000,m,WRITE:41e9b9-41e9b9
43323a-433243,10,3,83c40458e902000000,,WRITE:0-0
433245-43324e,10,2,83ee010f8568ffffff,,WRITE:0-0
43324e-433253,1,1,e801000000,,WRITE:0-0
433254-433260,2,3,83c40466bbef2be8a0aeffff,,WRITE:0-0
433260-43328a,2,13,8b8546f840008b703c03b546f8400083c628ad8ad802dcc1e81002d802dc889d1e20400060e800000000,,WRITE:0-0
43328a-4332a5,2,9,5e83ee06b92900000029ceba5cb3ab5dc1e90283e90283f9007c1a,,WRITE:0-0
4332a0-4332a5,10,2,83f9007c1a,,WRITE:0-0
4332a5-4332bf,10,9,8b048e8b5c8e0433c3c1c0112bc281eaca3dbd0289048e49ebe1,m,WRITE:43327b-43325b
4332bf-4332c2,2,3,6161c3,,WRITE:0-0
4332c2-4332c7,1,1,e839aeffff,,WRITE:0-0
4332c7-4332cc,1,1,e800000000,,WRITE:0-0
4332cc-4332ea,2,6,5b2b9d0e20400081ebcc520100899d46f84000899d7bfd4000e8c6fdffff,,WRITE:0-0
4332ea-4332ef,1,1,e811aeffff,,WRITE:0-0
4332ef-4332f4,1,1,e8daa5ffff,,WRITE:0-0
4332f4-4332ff,2,2,8985d5084100e801aeffff,,WRITE:0-0
4332ff-43330b,2,2,c6856cf7400000e8f0d2ffff,,WRITE:0-0
43330b-433310,1,1,e838f9ffff,,WRITE:0-0
433310-433315,1,1,e8ebadffff,,WRITE:0-0
433315-433332,2,5,8b856b81410089857ffd40008b856f814100898583fd4000e866d0ffff,,WRITE:0-0
433332-433337,1,1,e81ffbffff,,WRITE:0-0
433337-43333c,1,1,e82efdffff,,WRITE:0-0
43333c-433342,2,4,f8fc87c5eb01,,WRITE:0-0
433343-43334b,2,2,81f555633581eb01,,WRITE:0-0
43334c-433354,2,3,8bef50e801000000,,WRITE:0-0
433355-43335b,2,3,83c404587a01,,WRITE:0-0
43335c-433361,1,1,e801000000,,WRITE:0-0
433362-433367,2,2,83042406c3,,WRITE:0-0
433367-433369,1,1,7703,,WRITE:0-0
43336c-433371,1,1,e801000000,,WRITE:0-0
433372-433377,2,2,83042406c3,,WRITE:0-0
433377-43337a,2,2,48eb01,,WRITE:0-0
43337b-433381,1,1,0f8201000000,,WRITE:0-0
433381-433387,2,2,f9e801000000,,WRITE:0-0
433388-433391,2,2,83c4040f8803000000,,WRITE:0-0
433391-433396,2,2,6633c17c03,,WRITE:0-0
433399-43339e,1,1,e807efffff,,WRITE:0-0
43339e-4333ac,2,5,4e68a834430023ee5fe801000000,,WRITE:0-0
4333ad-4333b2,2,2,83042406c3,,WRITE:0-0
4333b2-4333c8,2,6,66bd077c66c1dd5bbac5173b59f881ea5af1393d7c03,,WRITE:0-0
4333c8-4333ca,1,1,7d01,,WRITE:0-0
4333cb-4333d0,1,1,e903000000,,WRITE:0-0
4333d3-4333e0,2,4,683c0000008beb59e801000000,,WRITE:0-0
4333e1-4333ee,2,4,83c404668bc78b1fe801000000,,WRITE:0-0
4333e7-4333ee,60,2,8b1fe801000000,,WRITE:0-0
4333ef-4333f4,61,2,83042406c3,,WRITE:0-0
4333f4-433401,61,5,d3d5661bc303da50e801000000,,WRITE:0-0
433402-43340b,61,3,83c40458e89aeeffff,,WRITE:0-0
43340b-433411,60,1,0f8801000000,,WRITE:0-0
433411-43341e,61,5,4566d3ddc1c30a50e801000000,,WRITE:0-0
43341f-43342f,61,7,83c404588bc383c704031f83c7fc7403,,WRITE:0-0
43342f-433431,60,1,7501,,WRITE:0-0
433432-433437,60,1,e90c000000,,WRITE:0-0
433443-433454,61,3,812d15e941003951db42891fe801000000,m,WRITE:41e915-433594
433455-43345a,61,2,83042406c3,,WRITE:0-0
43345a-433467,61,3,85e881f2ad8a1601e801000000,,WRITE:0-0
433468-433479,61,5,83c4042bf781effcffffff50e801000000,,WRITE:0-0
43347a-433480,61,3,83c404587d05,,WRITE:0-0
433485-43348e,61,3,87f0490f8559ffffff,,WRITE:0-0
43348e-433494,2,2,50e801000000,,WRITE:0-0
433495-43349e,2,3,83c40458e90a000000,,WRITE:0-0
4334a8-4334aa,1,1,eb01,,WRITE:0-0
4334ab-4334b1,1,1,0f8c01000000,,WRITE:0-0
4334b1-4334bf,2,5,47689e35430085c15ee801000000,,WRITE:0-0
4334c0-4334de,2,7,83c40481e8e598d606d3d1bd592649aa668bc881f5450b226ee801000000,,WRITE:0-0
4334df-4334e4,2,2,83c4047402,,WRITE:0-0
4334e4-4334f2,2,4,87f985f8ba3c000000e801000000,,WRITE:0-0
4334f3-4334f8,2,2,83042406c3,,WRITE:0-0
4334f8-4334fd,1,1,e901000000,,WRITE:0-0
4334fe-433502,61,2,8b1eeb01,,WRITE:0-0
433503-43350a,61,2,4f0f8702000000,,WRITE:0-0
43350c-433513,61,2,33dde801000000,,WRITE:0-0
433514-433523,61,5,83c4044fc1e0e9c1c316e801000000,,WRITE:0-0
433524-43352c,61,2,83c404e903000000,,WRITE:0-0
43352f-433538,61,3,035e0450e801000000,,WRITE:0-0
433539-433542,61,3,83c40458e905000000,,WRITE:0-0
433547-43354b,61,2,891eeb01,m,WRITE:43359e-43368a
43354c-43355a,61,4,87f966c1cf7c81c5cdc9e526eb01,,WRITE:0-0
43355b-43355d,60,1,7304,,WRITE:0-0
43355d-433573,10,4,66c1f8088105ede941002ba0102c81c6040000007603,m,WRITE:41e9ed-41e9ed
433561-433573,52,3,8105ede941002ba0102c81c6040000007603,m,WRITE:41e9ed-41e9ed
433573-433575,60,1,7701,,WRITE:0-0
433576-43357b,60,1,e8bed7ffff,,WRITE:0-0
43357b-433580,60,1,e906000000,,WRITE:0-0
433586-43358d,61,2,4a0f8571ffffff,,WRITE:0-0
43358d-433592,1,1,e801000000,,WRITE:0-0
433593-433598,2,2,83042406c3,,WRITE:0-0
433598-43359d,1,1,e901000000,,WRITE:0-0
43359e-4335a4,2,2,50e801000000,,WRITE:0-0
4335a5-4335ae,2,3,83c40458e902000000,,WRITE:0-0
4335b0-4335b7,2,2,b992364300eb01,,WRITE:0-0
4335b8-4335c0,2,2,13ea0f8401000000,,WRITE:0-0
4335c0-4335d7,2,5,f9686594919e8f05e1e94100bb590228970f8901000000,m,WRITE:41e9e1-0
4335d7-4335e3,2,3,fc81ebfbf1ad47e801000000,,WRITE:0-0
4335e4-4335fa,2,7,83c404c1dd0ffcb8bd25739385fd81c08ada8c6c7a03,,WRITE:0-0
4335fd-433602,1,1,e901000000,,WRITE:0-0
433603-43360a,72,2,8b31e801000000,,WRITE:0-0
43360b-433613,72,2,83c404e906000000,,WRITE:0-0
433619-43361d,72,2,33f3eb01,,WRITE:0-0
43361e-433625,72,3,85fdc1ce16eb01,,WRITE:0-0
433626-433630,72,3,d3da337104e801000000,,WRITE:0-0
433631-433649,72,7,83c40487fdf968c2c7c4aa8f0539e841008931e801000000,m,WRITE:41e839-4337aa
43364a-433653,72,2,83c4040f8c02000000,,WRITE:0-0
433653-433661,72,4,87d766ba601381c3d33564edeb01,,WRITE:0-0
433662-433668,71,1,0f8402000000,,WRITE:0-0
433668-43366c,72,2,d3fd7a02,,WRITE:0-0
43366c-433676,45,3,8bee81e9fcffffff7403,,WRITE:0-0
43366e-433676,28,2,81e9fcffffff7403,,WRITE:0-0
433676-433678,71,1,7501,,WRITE:0-0
433679-433686,72,4,bfbbb8e5a54a480f857dffffff,,WRITE:0-0
433686-43368b,1,1,e801000000,,WRITE:0-0
43368c-4336a0,2,7,83c404668bd561528f0561e9410060e801000000,m,WRITE:41e961-0
4336a1-4336a6,2,2,83042406c3,,WRITE:0-0
4336a6-4336a8,1,1,7903,,WRITE:0-0
4336ab-4336b3,2,3,f9b9b23743007a03,,WRITE:0-0
4336b6-4336c9,2,6,66c1c8d946bd6a88c48a4f81c5147b5d417603,,WRITE:0-0
4336c9-4336cb,1,1,7701,,WRITE:0-0
4336cc-4336e0,2,5,f9bb0dfc8b8b66d3ce81c32e047474e801000000,,WRITE:0-0
4336e1-4336e6,2,2,83042406c3,,WRITE:0-0
4336e6-4336eb,1,1,e8baebffff,,WRITE:0-0
4336eb-4336f0,1,1,e904000000,,WRITE:0-0
4336f4-4336fb,60,2,8b11e801000000,,WRITE:0-0
4336fc-433701,60,2,83042406c3,,WRITE:0-0
433701-433706,59,1,e90d000000,,WRITE:0-0
433713-433724,60,3,8125c5e841005c4f6f1503d5e801000000,m,WRITE:41e8c5-41e8c5
433725-43372d,60,2,83c404e908000000,,WRITE:0-0
433735-43373d,60,2,c1c207e801000000,,WRITE:0-0
43373e-433743,60,2,83042406c3,,WRITE:0-0
433743-433748,59,1,e905000000,,WRITE:0-0
43374d-433752,60,2,3351047403,,WRITE:0-0
433752-433754,59,1,7501,,WRITE:0-0
433755-433764,60,4,f88135bde84100cfb48fce8911eb01,m,WRITE:41e8bd-43389a
433765-433771,60,3,fc81c5d0a23206e801000000,,WRITE:0-0
433772-433777,60,2,83042406c3,,WRITE:0-0
433777-43377c,59,1,e906000000,,WRITE:0-0
433782-43378e,60,3,81e9fcffffff50e801000000,,WRITE:0-0
43378f-43379f,60,6,83c404588bc2c1cf2c4b0f8555ffffff,,WRITE:0-0
43379f-4337a5,2,2,50e801000000,,WRITE:0-0
4337a6-4337c1,2,10,83c40458668bf3bf7761628861518f05c1e941006050e801000000,m,WRITE:41e9c1-0
4337c2-4337c8,2,3,83c404587601,,WRITE:0-0
4337c8-4337d0,2,3,f8b9a4384300eb01,,WRITE:0-0
4337d1-4337d6,1,1,e90b000000,,WRITE:0-0
4337e1-4337f4,2,4,bdee99c218c1c36981f55fa30e51e801000000,,WRITE:0-0
4337f5-4337fa,2,2,83c4047b05,,WRITE:0-0
4337ff-43380c,2,5,683e000000fc5850e801000000,,WRITE:0-0
43380d-43381c,2,6,83c4045866bb5be0660bd38b39eb01,,WRITE:0-0
433818-43381c,62,2,8b39eb01,,WRITE:0-0
43381d-43381f,62,1,7502,,WRITE:0-0
433821-433823,62,1,7301,,WRITE:0-0
433824-43382c,63,3,03fd50e801000000,,WRITE:0-0
43382d-433836,63,3,83c40458e86feaffff,,WRITE:0-0
433836-433840,63,3,33f0c1cf11e801000000,,WRITE:0-0
433841-433846,63,2,83042406c3,,WRITE:0-0
433846-43384d,63,3,d3fa037904eb01,,WRITE:0-0
43384e-433851,63,2,fc7704,,WRITE:0-0
433851-43385c,35,3,66c1fa328939e801000000,m,WRITE:4338a4-433994
433855-43385c,29,2,8939e801000000,m,WRITE:4338ac-433998
43385d-433862,63,2,83042406c3,,WRITE:0-0
433862-433867,62,1,e8d2d4ffff,,WRITE:0-0
433867-433869,62,1,7602,,WRITE:0-0
433869-433873,63,3,33df81ed1a253f1e7603,,WRITE:0-0
433873-433875,54,1,7701,,WRITE:0-0
433876-43387b,62,1,e82aeaffff,,WRITE:0-0
43387b-43387d,62,1,7001,,WRITE:0-0
43387d-433886,56,3,fc81c1040000007603,,WRITE:0-0
43387e-433886,8,2,81c1040000007603,,WRITE:0-0
433886-433888,62,1,7701,,WRITE:0-0
433889-43388b,62,1,7801,,WRITE:0-0
43388b-433895,63,3,4b83e8010f8583ffffff,,WRITE:0-0
433895-43389b,2,2,50e801000000,,WRITE:0-0
43389c-4338a9,2,4,83c4045866c1dbafe801000000,,WRITE:0-0
4338aa-4338af,2,2,83042406c3,,WRITE:0-0
4338af-4338bd,2,4,85f0bec6a6c45bbfa3394300eb01,,WRITE:0-0
4338be-4338c4,1,1,0f8d03000000,,WRITE:0-0
4338c7-4338d5,2,4,68cf5d81da66d3e85be801000000,,WRITE:0-0
4338d6-4338ed,2,7,83c40481dda0b8df6068440000008be85a50e801000000,,WRITE:0-0
4338ee-433904,2,7,83c40458be01c20a0f6681e82ad88b0f50e801000000,,WRITE:0-0
4338fc-433904,68,3,8b0f50e801000000,,WRITE:0-0
433905-433912,69,6,83c404584603cb50e801000000,,WRITE:0-0
433913-433921,69,6,83c4045866bed88df9c1c911eb01,,WRITE:0-0
433922-433927,68,1,e902000000,,WRITE:0-0
433929-433933,69,4,83effc330f83c7fceb01,,WRITE:0-0
433934-433939,68,1,e902000000,,WRITE:0-0
43393b-433942,69,2,890fe801000000,m,WRITE:4339a3-433aaf
433943-433948,69,2,83042406c3,,WRITE:0-0
433948-433950,69,2,8bf20f8a02000000,,WRITE:0-0
433952-43395a,69,2,81f37c70e24c7e03,,WRITE:0-0
43395d-433962,68,1,e90c000000,,WRITE:0-0
43396e-433973,69,2,83c704eb01,,WRITE:0-0
433974-433979,68,1,e90d000000,,WRITE:0-0
433986-43398d,69,2,4a0f856fffffff,,WRITE:0-0
43398d-433992,1,1,e801000000,,WRITE:0-0
433993-433998,2,2,83c4047a03,,WRITE:0-0
433998-4339a1,2,2,c1cd470f8d02000000,,WRITE:0-0
4339a3-4339a8,1,1,e801000000,,WRITE:0-0
4339a9-4339b1,2,2,83c404e909000000,,WRITE:0-0
4339ba-4339c1,2,2,bab93a4300eb01,,WRITE:0-0
4339c2-4339e3,2,7,81d085510a8c498115a5ea410071a85367bd6a96cf2cc1d90081ed27c77f0e7c03,m,WRITE:41eaa5-0
4339e3-4339e5,1,1,7d01,,WRITE:0-0
4339e6-4339f8,2,6,668bf341bf168b81864881f7288b81867803,,WRITE:0-0
4339f8-4339fa,1,1,7901,,WRITE:0-0
4339fb-4339ff,2,2,d3d17101,,WRITE:0-0
433a00-433a07,63,2,8b1ae801000000,,WRITE:0-0
433a08-433a10,63,2,83c404e907000000,,WRITE:0-0
433a17-433a1f,63,3,2bdd50e801000000,,WRITE:0-0
433a20-433a2f,63,6,83c40458f8d3f9c1cb0be801000000,,WRITE:0-0
433a30-433a35,63,2,83042406c3,,WRITE:0-0
433a35-433a3a,62,1,e86be8ffff,,WRITE:0-0
433a3a-433a3f,62,1,e905000000,,WRITE:0-0
433a44-433a49,63,2,2b5a04eb01,,WRITE:0-0
433a4a-433a4f,62,1,e907000000,,WRITE:0-0
433a56-433a5d,63,2,891ae801000000,m,WRITE:433ab9-433bad
433a5e-433a63,63,2,83042406c3,,WRITE:0-0
433a63-433a65,62,1,7904,,WRITE:0-0
433a69-433a76,63,4,4881c596e440aa50e801000000,,WRITE:0-0
433a77-433a86,63,6,83c404584e85c681c2040000007203,,WRITE:0-0
433a86-433a88,62,1,7301,,WRITE:0-0
433a89-433aa0,63,4,66c1fed08125f9ea410076df86d483c7ff0f8560ffffff,m,WRITE:41eaf9-41eaf9
433aa0-433aa2,1,1,7a03,,WRITE:0-0
433aa5-433aaa,1,1,e90f000000,,WRITE:0-0
433ab9-433abe,1,1,e801000000,,WRITE:0-0
433abf-433ac7,2,2,83c404e902000000,,WRITE:0-0
433ac9-433ad3,2,4,68b73b430085d158eb01,,WRITE:0-0
433ad4-433add,2,3,85d7bd4bf9bb7a7804,,WRITE:0-0
433add-433aec,2,3,66c1ca4e81c52b7d82eee801000000,,WRITE:0-0
433aed-433af5,2,2,83c404e903000000,,WRITE:0-0
433af8-433b0d,2,3,8115d1ea41003cdf9e88bec3d87ec90f8b02000000,m,WRITE:41ead1-0
433b0d-433b1b,2,4,85d181f6fad87ec950e801000000,,WRITE:0-0
433b1c-433b29,2,6,83c40458478b1850e801000000,,WRITE:0-0
433b21-433b29,57,3,8b1850e801000000,,WRITE:0-0
433b2a-433b33,58,5,83c404584103dd7203,,WRITE:0-0
433b33-433b35,26,1,7301,,WRITE:0-0
433b36-433b3c,57,1,0f8601000000,,WRITE:0-0
433b3c-433b42,27,3,f8c1cb187803,,WRITE:0-0
433b3d-433b42,32,2,c1cb187803,,WRITE:0-0
433b42-433b44,33,1,7901,,WRITE:0-0
433b45-433b4a,57,1,e85be7ffff,,WRITE:0-0
433b4a-433b55,58,4,6681d2f0e0f8335804eb01,,WRITE:0-0
433b56-433b5b,57,1,e901000000,,WRITE:0-0
433b5c-433b6d,58,3,810d0deb4100a8d299cc8918e801000000,m,WRITE:41eb0d-433c97
433b6e-433b76,58,2,83c404e82fe7ffff,,WRITE:0-0
433b76-433b7f,58,3,fc81c56c95ac7b7403,,WRITE:0-0
433b7f-433b81,57,1,7501,,WRITE:0-0
433b82-433b8f,58,4,4f81e8fcffffff50e801000000,,WRITE:0-0
433b90-433b99,58,3,83c40458e902000000,,WRITE:0-0
433b9b-433ba2,58,2,4e0f857fffffff,,WRITE:0-0
433ba2-433ba7,1,1,e801000000,,WRITE:0-0
433ba8-433bb0,2,2,83c404e907000000,,WRITE:0-0
433bb7-433bc2,2,5,61578f0569ea4100607803,m,WRITE:41ea69-0
433bc2-433bc4,1,1,7901,,WRITE:0-0
433bc5-433bce,2,3,87ef68a03c43007a02,,WRITE:0-0
433bce-433bd7,2,4,85ea5950e801000000,,WRITE:0-0
433bd8-433be1,2,3,83c40458e906000000,,WRITE:0-0
433be7-433bf1,2,2,be15fbeae4e801000000,,WRITE:0-0
433bf2-433bf7,2,2,83042406c3,,WRITE:0-0
433bf7-433c0e,2,6,66d3c5bb8d33c943662beb81f3c433c94350e801000000,,WRITE:0-0
433c0f-433c1c,2,5,83c4045885fa8b01e801000000,,WRITE:0-0
433c15-433c1c,73,2,8b01e801000000,,WRITE:0-0
433c1d-433c22,74,2,83042406c3,,WRITE:0-0
433c22-433c27,73,1,e901000000,,WRITE:0-0
433c28-433c2f,74,2,2bc6e801000000,,WRITE:0-0
433c30-433c35,74,2,83c4047002,,WRITE:0-0
433c35-433c41,74,4,85d585eac1c008e801000000,,WRITE:0-0
433c42-433c4b,74,4,83c4044d334104eb01,,WRITE:0-0
433c4c-433c51,73,1,e905000000,,WRITE:0-0
433c56-433c64,74,3,811541e94100e64044fe89017803,m,WRITE:41e941-433dc0
433c67-433c78,74,4,bda9bcb56c81c6f755161650e801000000,,WRITE:0-0
433c79-433c87,74,6,83c404584f4783c104e801000000,,WRITE:0-0
433c88-433c8d,74,2,83042406c3,,WRITE:0-0
433c8d-433c8f,73,1,7d03,,WRITE:0-0
433c92-433c9b,74,2,83c3ff0f857affffff,,WRITE:0-0
433c9b-433c9d,1,1,eb01,,WRITE:0-0
433c9e-433caf,2,7,87d761528f0585e941006050e801000000,m,WRITE:41e985-0
433cb0-433cb9,2,3,83c40458e906000000,,WRITE:0-0
433cbf-433cc6,2,2,bac83d43007c03,,WRITE:0-0
433cc6-433cc8,1,1,7d01,,WRITE:0-0
433cc9-433cdf,2,5,bbb5ac1421b8fa3e02e94581e8fa0ce219e801000000,,WRITE:0-0
433ce0-433ce5,2,2,83042406c3,,WRITE:0-0
433ce5-433cef,2,2,66c1ed890f8201000000,,WRITE:0-0
433cf0-433d01,2,4,be0352ab2e66b9ef5381eec651ab2e7403,,WRITE:0-0
433d01-433d03,1,1,7501,,WRITE:0-0
433d04-433d09,1,1,e830d0ffff,,WRITE:0-0
433d09-433d0e,1,1,e902000000,,WRITE:0-0
433d10-433d17,62,2,8b3ae801000000,,WRITE:0-0
433d18-433d1d,62,2,83042406c3,,WRITE:0-0
433d1d-433d22,61,1,e909000000,,WRITE:0-0
433d2b-433d32,62,2,03f8e801000000,,WRITE:0-0
433d33-433d3b,62,2,83c404e904000000,,WRITE:0-0
433d3f-433d48,62,3,c1cf1450e801000000,,WRITE:0-0
433d49-433d60,62,6,83c404584b812dc9ea41004114a51b037a04e801000000,m,WRITE:41eac9-41eac9
433d61-433d69,62,2,83c404e903000000,,WRITE:0-0
433d6c-433d74,62,3,893a50e801000000,m,WRITE:433dc8-433eb8
433d75-433d7f,62,3,83c404580f8d05000000,,WRITE:0-0
433d84-433d96,62,3,810531e841005944bc4981c00c3d588f7403,m,WRITE:41e831-41e831
433d96-433d98,61,1,7501,,WRITE:0-0
433d99-433d9f,61,1,0f8301000000,,WRITE:0-0
433d9f-433da8,35,3,4d83c204e801000000,,WRITE:0-0
433da0-433da8,28,2,83c204e801000000,,WRITE:0-0
433da9-433dae,62,2,83042406c3,,WRITE:0-0
433dae-433db1,62,2,f97603,,WRITE:0-0
433db4-433dbd,62,2,83c6ff0f8553ffffff,,WRITE:0-0
433dbd-433dc2,1,1,e801000000,,WRITE:0-0
433dc3-433dcd,2,4,83c4044345e801000000,,WRITE:0-0
433dce-433dd6,2,2,83c404e8cfe4ffff,,WRITE:0-0
433dd6-433ddb,1,1,e90c000000,,WRITE:0-0
433de7-433df2,2,3,b9c23e430050e801000000,,WRITE:0-0
433df3-433e08,2,8,83c404584587d6bb06c5b861fc81c331c64e2d7c03,,WRITE:0-0
433e08-433e0a,1,1,7d01,,WRITE:0-0
433e0b-433e1e,2,6,87eaf8bf6f9a9ed4c1e52581ef2e9a9ed4eb01,,WRITE:0-0
433e1f-433e24,2,3,468b017203,,WRITE:0-0
433e20-433e24,65,2,8b017203,,WRITE:0-0
433e24-433e26,1,1,7301,,WRITE:0-0
433e27-433e2c,65,1,e905000000,,WRITE:0-0
433e31-433e35,66,2,33c3eb01,,WRITE:0-0
433e36-433e3a,66,2,d3d57a05,,WRITE:0-0
433e3a-433e47,33,3,6681f2159dc1c80ce801000000,,WRITE:0-0
433e3f-433e47,34,2,c1c80ce801000000,,WRITE:0-0
433e48-433e4d,66,2,83042406c3,,WRITE:0-0
433e4d-433e67,66,7,bd89bf04b068effe1fe98f0575e9410083c104030183e904eb01,m,WRITE:41e975-41e975
433e68-433e6e,66,3,1bf789017203,m,WRITE:433ec2-433fc2
433e6e-433e70,65,1,7301,,WRITE:0-0
433e71-433e80,66,4,87f287d681f39c8df112e801000000,,WRITE:0-0
433e81-433e9b,66,6,83c404f8681841dd208f05cde8410081e9fcffffffe801000000,m,WRITE:41e8cd-41e8cd
433e9c-433ea4,66,2,83c404e901000000,,WRITE:0-0
433ea5-433eae,66,2,83c7ff0f8572ffffff,,WRITE:0-0
433eae-433eb4,2,2,50e801000000,,WRITE:0-0
433eb5-433ebe,2,3,83c40458e904000000,,WRITE:0-0
433ec2-433ec7,1,1,e801000000,,WRITE:0-0
433ec8-433ecd,2,2,83c4047601,,WRITE:0-0
433ecd-433ee0,2,6,f8ba357f74e668cb3f43006681dace42587c03,,WRITE:0-0
433ee0-433ee2,1,1,7d01,,WRITE:0-0
433ee3-433ee8,1,1,e910000000,,WRITE:0-0
433ef8-433f03,2,2,686a010cd90f8a02000000,,WRITE:0-0
433f03-433f0c,2,4,d3e95d50e801000000,,WRITE:0-0
433f0d-433f17,2,3,83c404580f8506000000,,WRITE:0-0
433f1d-433f24,2,2,be4d000000eb01,,WRITE:0-0
433f25-433f2c,2,2,430f8401000000,,WRITE:0-0
433f2c-433f31,2,3,438b387c03,,WRITE:0-0
433f2d-433f31,77,2,8b387c03,,WRITE:0-0
433f31-433f33,76,1,7d01,,WRITE:0-0
433f34-433f3e,78,3,66d3d12bfde801000000,,WRITE:0-0
433f3f-433f44,78,2,83042406c3,,WRITE:0-0
433f44-433f4d,78,3,fcc1cf13e801000000,,WRITE:0-0
433f4e-433f5e,78,6,83c40487cb8bcf33780450e801000000,,WRITE:0-0
433f5f-433f68,78,3,83c40458e83de3ffff,,WRITE:0-0
433f68-433f6e,77,1,0f8c06000000,,WRITE:0-0
433f6e-433f88,78,6,81e97f84fbe1d3e9813581e9410079c9df48893850e801000000,m,WRITE:41e981-4340fb
433f89-433f9f,78,7,83c4045866c1da0e13cd81f5ff18735350e801000000,,WRITE:0-0
433fa0-433fa9,78,3,83c40458e905000000,,WRITE:0-0
433fae-433fb3,78,2,83c0047603,,WRITE:0-0
433fb3-433fb5,77,1,7701,,WRITE:0-0
433fb6-433fbb,77,1,e902000000,,WRITE:0-0
433fbd-433fc4,78,2,4e0f8569ffffff,,WRITE:0-0
433fc4-433fc6,1,1,eb01,,WRITE:0-0
433fc7-433fc9,1,1,7b02,,WRITE:0-0
433fc9-433fcd,2,2,85d1eb01,,WRITE:0-0
433fce-433fe0,2,4,85febfa9e893c568054143000f8101000000,,WRITE:0-0
433fe1-433fe7,2,2,5be801000000,,WRITE:0-0
433fe8-433ff0,2,2,83c404e903000000,,WRITE:0-0
433ff3-434004,2,4,bae46dd444f981c26353e4a3e801000000,,WRITE:0-0
434005-43400a,2,2,83042406c3,,WRITE:0-0
43400a-434023,2,6,66bfb72966bf31dbb9296396db4781e9ed6296dbe801000000,,WRITE:0-0
434024-43402c,2,2,83c404e903000000,,WRITE:0-0
43402f-434033,61,2,8b2b7403,,WRITE:0-0
434033-434035,60,1,7501,,WRITE:0-0
434036-43403b,60,1,e902000000,,WRITE:0-0
43403d-434044,61,2,03eae801000000,,WRITE:0-0
434045-43404d,61,2,83c404e902000000,,WRITE:0-0
43404f-434057,61,2,c1cd0fe801000000,,WRITE:0-0
434058-43405d,61,2,83042406c3,,WRITE:0-0
43405d-434067,61,2,66c1ce2a0f8305000000,,WRITE:0-0
434067-434076,31,5,6681de292483c3042b2b83c3fc7c03,,WRITE:0-0
43406c-434076,31,4,83c3042b2b83c3fc7c03,,WRITE:0-0
434076-434078,60,1,7d01,,WRITE:0-0
434079-43407e,60,1,e90a000000,,WRITE:0-0
434088-43408f,61,2,892be801000000,m,WRITE:434105-4341f1
434090-434099,61,2,83c4040f8605000000,,WRITE:0-0
434099-4340b8,61,7,6681d6791b668bc568ab1e4e0f8f05c1ea410081c2e237d75150e801000000,m,WRITE:41eac1-41eac1
4340b9-4340bf,61,3,83c404587b02,,WRITE:0-0
4340bf-4340c7,61,2,d3e70f8204000000,,WRITE:0-0
4340c7-4340d3,60,3,66b8083d81c3040000007203,,WRITE:0-0
4340cb-4340d3,2,2,81c3040000007203,,WRITE:0-0
4340d3-4340d5,60,1,7301,,WRITE:0-0
4340d6-4340db,60,1,e908000000,,WRITE:0-0
4340e3-4340f6,61,3,8135e9e9410055ae7afa83e9010f8539ffffff,m,WRITE:41e9e9-41e9e9
4340f6-4340fb,1,1,e801000000,,WRITE:0-0
4340fc-434101,2,2,83042406c3,,WRITE:0-0
434101-43410b,2,4,662bc3fc50e801000000,,WRITE:0-0
43410c-434116,2,3,83c404580f8703000000,,WRITE:0-0
434119-434125,2,3,4e68f94143000f8a01000000,,WRITE:0-0
434125-434129,2,3,4e59eb01,,WRITE:0-0
43412a-43413f,2,6,f86681f58aeab8aca6a4118bee81e82100a0f9eb01,,WRITE:0-0
434140-434145,1,1,e908000000,,WRITE:0-0
43414d-43415b,2,4,bbe6c9f4d4f981f3a4c9f4d47a03,,WRITE:0-0
43415e-434169,2,4,66c1deacc1c5a28b11eb01,,WRITE:0-0
434165-434169,66,2,8b11eb01,,WRITE:0-0
43416a-434174,67,4,f887ef33d0e801000000,,WRITE:0-0
434175-43417a,67,2,83042406c3,,WRITE:0-0
43417a-434183,67,2,668beb0f8305000000,,WRITE:0-0
434188-434191,67,3,c1c20f50e801000000,,WRITE:0-0
434192-4341a1,67,6,83c4045887ef2b510450e801000000,,WRITE:0-0
4341a2-4341ab,67,3,83c40458e903000000,,WRITE:0-0
4341ae-4341b5,67,2,8911e801000000,m,WRITE:4341f9-4342fd
4341b6-4341bb,67,2,83042406c3,,WRITE:0-0
4341bb-4341c6,67,4,87eefc81c07b1e9f7aeb01,,WRITE:0-0
4341c7-4341cc,66,1,e8d9e0ffff,,WRITE:0-0
4341cc-4341dd,67,4,81f6a0a669a766d3c783c104e801000000,,WRITE:0-0
4341de-4341e7,67,2,83c4040f8904000000,,WRITE:0-0
4341eb-4341f4,67,2,83eb010f8571ffffff,,WRITE:0-0
4341f4-4341f6,1,1,eb01,,WRITE:0-0
4341f7-434208,2,7,85fe61568f057de841006050e801000000,m,WRITE:41e87d-0
434209-434221,2,7,83c4045885d568eed71e408f05f1e84100b906434300eb01,m,WRITE:41e8f1-0
434222-434228,2,2,66bde6877d01,,WRITE:0-0
434229-434233,2,4,6813588278d3cd5beb01,,WRITE:0-0
434234-434249,2,6,4e8bf7b8e018e1668bef81c059e71e99e801000000,,WRITE:0-0
43424a-43424f,2,2,83042406c3,,WRITE:0-0
43424f-434254,2,3,468b397c03,,WRITE:0-0
434250-434254,57,2,8b397c03,,WRITE:0-0
434254-434256,57,1,7d01,,WRITE:0-0
434257-43425c,57,1,e906000000,,WRITE:0-0
434262-434266,58,2,03fbeb01,,WRITE:0-0
434267-43426f,58,3,661bf7c1c7097c03,,WRITE:0-0
43426f-434271,29,1,7d01,,WRITE:0-0
434272-434277,57,1,e908000000,,WRITE:0-0
43427f-43428c,58,4,83e9fc2b3983e904e801000000,,WRITE:0-0
43428d-434296,58,2,83c4040f8502000000,,WRITE:0-0
434298-4342a0,58,3,f98939e801000000,m,WRITE:434306-4343e6
4342a1-4342a6,58,2,83042406c3,,WRITE:0-0
4342a6-4342ab,57,1,e909000000,,WRITE:0-0
4342b4-4342c0,58,3,81c3c13bab3050e801000000,,WRITE:0-0
4342c1-4342ca,58,3,83c40458e901000000,,WRITE:0-0
4342cb-4342d3,58,2,83c104e801000000,,WRITE:0-0
4342d4-4342e4,58,5,83c40487f285d683c0ff0f856cffffff,,WRITE:0-0
4342e4-4342e9,1,1,e801000000,,WRITE:0-0
4342ea-4342f2,2,2,83c404e90a000000,,WRITE:0-0
4342fc-434308,2,2,8125d9e94100ab6242b27e03,m,WRITE:41e9d9-0
43430b-43430d,1,1,7901,,WRITE:0-0
43430e-434319,2,3,bbf043430050e801000000,,WRITE:0-0
43431a-434323,2,3,83c40458e902000000,,WRITE:0-0
434325-434330,2,2,ba051f97f50f8901000000,,WRITE:0-0
434331-434339,2,2,81c2e5dadcf9eb01,,WRITE:0-0
43433a-434347,2,3,66d3cebd41000000e801000000,,WRITE:0-0
434348-434350,2,2,83c404e855dfffff,,WRITE:0-0
434350-43435a,2,3,668bf28b0be801000000,,WRITE:0-0
434353-43435a,65,2,8b0be801000000,,WRITE:0-0
43435b-434360,66,2,83042406c3,,WRITE:0-0
434360-434364,66,2,8bf57a03,,WRITE:0-0
434367-43436e,66,2,33cae801000000,,WRITE:0-0
43436f-434374,66,2,83042406c3,,WRITE:0-0
434374-43437a,65,1,0f8a03000000,,WRITE:0-0
43437d-434389,66,4,538f0519ea4100c1c905eb01,m,WRITE:41ea19-41ea19
43438a-434390,65,1,0f8003000000,,WRITE:0-0
434390-434398,66,3,668bf8034b047c03,,WRITE:0-0
434398-43439a,41,1,7d01,,WRITE:0-0
43439b-4343a4,66,4,fc890b50e801000000,m,WRITE:4343f0-4344f0
4343a5-4343ae,66,3,83c40458e909000000,,WRITE:0-0
4343b7-4343bf,66,2,81c26f9cb4817203,,WRITE:0-0
4343bf-4343c1,32,1,7301,,WRITE:0-0
4343c2-4343d0,66,4,4685c781c304000000e801000000,,WRITE:0-0
4343d1-4343d6,66,2,83042406c3,,WRITE:0-0
4343d6-4343db,65,1,e904000000,,WRITE:0-0
4343df-4343e6,66,2,4d0f856dffffff,,WRITE:0-0
4343e6-4343e8,1,1,eb01,,WRITE:0-0
4343e9-4343ee,1,1,e902000000,,WRITE:0-0
4343f0-4343f2,1,1,7603,,WRITE:0-0
4343f5-4343fa,1,1,e903000000,,WRITE:0-0
4343fd-434407,2,2,b8fa444300e801000000,,WRITE:0-0
434408-43440d,2,2,83042406c3,,WRITE:0-0
43440d-43440f,1,1,7904,,WRITE:0-0
434413-434421,2,4,686ca4f77566d3eb59e801000000,,WRITE:0-0
434422-434427,2,2,83042406c3,,WRITE:0-0
434427-43442c,1,1,e90a000000,,WRITE:0-0
434436-434451,2,5,811521eb4100228be3d5bdb292cd59f881ed7092cd59e801000000,m,WRITE:41eb21-0
434452-434457,2,2,83042406c3,,WRITE:0-0
434457-43445c,1,1,e849deffff,,WRITE:0-0
43445c-434461,1,1,e904000000,,WRITE:0-0
434465-434469,67,2,8b307803,,WRITE:0-0
434469-43446b,66,1,7901,,WRITE:0-0
43446c-434472,67,3,85d72bf1eb01,,WRITE:0-0
434473-43447a,67,3,87dac1ce18eb01,,WRITE:0-0
43447b-434480,66,1,e90a000000,,WRITE:0-0
43448a-434493,67,3,03700450e801000000,,WRITE:0-0
434494-43449e,67,3,83c404580f8003000000,,WRITE:0-0
43449e-4344a9,67,4,6633da66c1df1589307603,m,WRITE:4344fa-4345fe
4344a9-4344ab,66,1,7701,,WRITE:0-0
4344ac-4344b1,66,1,e904000000,,WRITE:0-0
4344b5-4344bd,67,2,81f1e1058fb9eb01,,WRITE:0-0
4344be-4344c3,66,1,e903000000,,WRITE:0-0
4344c6-4344ce,67,2,81c004000000eb01,,WRITE:0-0
4344cf-4344e6,67,5,4266d3c3812dc5ea410034b13e3483c5ff0f857fffffff,m,WRITE:41eac5-41eac5
4344e6-4344eb,1,1,e801000000,,WRITE:0-0
4344ec-4344f1,2,2,83042406c3,,WRITE:0-0
4344f1-4344f6,1,1,e904000000,,WRITE:0-0
4344fa-4344fc,1,1,7403,,WRITE:0-0
4344fc-4344fe,1,1,7501,,WRITE:0-0
4344ff-434503,2,2,85d67d03,,WRITE:0-0
434506-43450d,2,2,68084643007301,,WRITE:0-0
43450e-434514,2,2,5be801000000,,WRITE:0-0
434515-43451a,2,2,83042406c3,,WRITE:0-0
43451a-434520,1,1,0f8202000000,,WRITE:0-0
434520-434530,2,5,85ce68a8e1cb15668bf558e801000000,,WRITE:0-0
434531-434536,2,2,83042406c3,,WRITE:0-0
434536-43453b,1,1,e902000000,,WRITE:0-0
43453d-434548,2,2,bfb12e5dfe0f8104000000,,WRITE:0-0
43454c-434557,2,2,81ef712e5dfee801000000,,WRITE:0-0
434558-434560,2,2,83c404e904000000,,WRITE:0-0
434564-43456b,65,2,8b2be801000000,,WRITE:0-0
43456c-434571,65,2,83042406c3,,WRITE:0-0
434571-434576,64,1,e908000000,,WRITE:0-0
43457e-434585,65,2,33e8e801000000,,WRITE:0-0
434586-43458f,65,2,83c4040f8c03000000,,WRITE:0-0
43458f-434597,65,3,661bcfc1c509eb01,,WRITE:0-0
434598-43459c,65,2,33f17004,,WRITE:0-0
43459c-4345b3,65,5,66ba355d810d3de84100b78e397d2b6b0450e801000000,m,WRITE:41e83d-41e83d
4345b4-4345bd,65,3,83c40458e903000000,,WRITE:0-0
4345c0-4345c7,65,2,892be801000000,m,WRITE:434608-434704
4345c8-4345cd,65,2,83042406c3,,WRITE:0-0
4345cd-4345d7,65,4,f8f881c0a3aa6763eb01,,WRITE:0-0
4345d8-4345dd,64,1,e902000000,,WRITE:0-0
4345df-4345e8,65,3,83c30450e801000000,,WRITE:0-0
4345e9-4345f2,65,3,83c40458e905000000,,WRITE:0-0
4345f7-434600,65,2,83c7ff0f8564ffffff,,WRITE:0-0
434600-434602,1,1,eb01,,WRITE:0-0
434603-43460d,2,2,b9e453bee9e801000000,,WRITE:0-0
43460e-434616,2,2,83c404e904000000,,WRITE:0-0
43461a-434625,2,3,bb0f47430050e801000000,,WRITE:0-0
434626-43462f,2,3,83c40458e901000000,,WRITE:0-0
434630-434644,2,5,81150de9410073806a2868a80b8e2387c5597803,m,WRITE:41e90d-0
434644-434646,1,1,7901,,WRITE:0-0
434647-43464c,1,1,e905000000,,WRITE:0-0
434651-434666,2,4,be5f3fd9686681e817b381ee223fd968e801000000,,WRITE:0-0
434667-434674,2,5,83c40413ef458b13e801000000,,WRITE:0-0
43466d-434674,61,2,8b13e801000000,,WRITE:0-0
434675-43467a,62,2,83042406c3,,WRITE:0-0
43467a-434680,61,1,0f8401000000,,WRITE:0-0
434680-434687,62,4,f987ef33d17403,,WRITE:0-0
434687-434689,61,1,7501,,WRITE:0-0
43468a-43468f,61,1,e904000000,,WRITE:0-0
434693-434698,62,2,c1c209eb01,,WRITE:0-0
434699-4346a7,62,4,bf7d21fddb03530450e801000000,,WRITE:0-0
4346a8-4346b9,62,6,83c4045866c1ef5585fd8913e801000000,m,WRITE:43470f-4347ff
4346ba-4346bf,62,2,83042406c3,,WRITE:0-0
4346bf-4346d1,62,5,bd3e9501db4881f188602c3850e801000000,,WRITE:0-0
4346d2-4346d8,62,3,83c404587302,,WRITE:0-0
4346da-4346e9,62,4,568f0509eb410083c304e801000000,m,WRITE:41eb09-41eb09
4346ea-4346ef,62,2,83042406c3,,WRITE:0-0
4346ef-4346f4,61,1,e845c6ffff,,WRITE:0-0
4346f4-4346fe,62,3,f883ee010f856fffffff,,WRITE:0-0
4346fe-434700,1,1,7403,,WRITE:0-0
434703-434708,1,1,e907000000,,WRITE:0-0
43470f-434714,1,1,e801000000,,WRITE:0-0
434715-43471d,2,2,83c404e905000000,,WRITE:0-0
434722-43472c,2,2,b90a484300e801000000,,WRITE:0-0
43472d-434735,2,2,83c404e907000000,,WRITE:0-0
43473c-43474a,2,5,68b22ce4e987da5850e801000000,,WRITE:0-0
43474b-434754,2,3,83c40458e909000000,,WRITE:0-0
43475d-434764,2,2,68480000007301,,WRITE:0-0
434765-43476b,2,2,5de801000000,,WRITE:0-0
43476c-434771,2,2,83042406c3,,WRITE:0-0
434771-434776,1,1,e901000000,,WRITE:0-0
434777-43477e,73,2,8b31e801000000,,WRITE:0-0
43477f-434784,73,2,83042406c3,,WRITE:0-0
434784-434789,72,1,e905000000,,WRITE:0-0
43478e-434795,73,2,2bf0e801000000,,WRITE:0-0
434796-43479b,73,2,83042406c3,,WRITE:0-0
43479b-4347a0,72,1,e90a000000,,WRITE:0-0
4347aa-4347b2,73,2,c1c603e801000000,,WRITE:0-0
4347b3-4347c0,73,5,83c404f92b710450e801000000,,WRITE:0-0
4347c1-4347ca,73,5,83c404584289317203,m,WRITE:43480a-434926
4347ca-4347cc,72,1,7301,,WRITE:0-0
4347cd-4347d6,73,3,f981f0847bc7557e03,,WRITE:0-0
4347d9-4347e0,73,2,430f8501000000,,WRITE:0-0
4347e1-4347ec,73,2,81c104000000e801000000,,WRITE:0-0
4347ed-4347f2,73,2,83042406c3,,WRITE:0-0
4347f2-4347f4,72,1,7702,,WRITE:0-0
4347f6-4347ff,73,2,83ed010f8578ffffff,,WRITE:0-0
4347ff-434801,1,1,7c03,,WRITE:0-0
434801-434803,1,1,7d01,,WRITE:0-0
434804-434809,1,1,e89cdaffff,,WRITE:0-0
434809-43480f,2,2,4be801000000,,WRITE:0-0
434810-43482b,2,6,83c4046613c7680dde551f8f059de94100ba2e494300e801000000,m,WRITE:41e99d-0
43482c-434831,2,2,83042406c3,,WRITE:0-0
434831-434842,2,6,03c1f9680b127c34c1d1fe5be801000000,,WRITE:0-0
434843-43484b,2,2,83c404e90a000000,,WRITE:0-0
434855-43485f,2,2,bf4a000000e801000000,,WRITE:0-0
434860-434865,2,2,83042406c3,,WRITE:0-0
434865-43486a,1,1,e909000000,,WRITE:0-0
434873-43487a,75,2,8b32e801000000,,WRITE:0-0
43487b-434880,75,2,83042406c3,,WRITE:0-0
434880-434889,75,3,87e82bf3e801000000,,WRITE:0-0
43488a-434892,75,2,83c404e905000000,,WRITE:0-0
434897-43489f,75,2,c1ce1ae801000000,,WRITE:0-0
4348a0-4348b1,75,5,83c40466b850ac8bc8337204e801000000,,WRITE:0-0
4348b2-4348b7,75,2,83042406c3,,WRITE:0-0
4348b7-4348bc,74,1,e901000000,,WRITE:0-0
4348bd-4348c8,75,4,538f0571e8410089327403,m,WRITE:41e871-434a52
4348c8-4348ca,74,1,7501,,WRITE:0-0
4348cb-4348d0,74,1,e904000000,,WRITE:0-0
4348d4-4348dc,75,2,81eb26e5d5e17803,,WRITE:0-0
4348dc-4348de,34,1,7901,,WRITE:0-0
4348df-4348e4,74,1,e855c4ffff,,WRITE:0-0
4348e4-4348f6,75,4,81c8281787d881eafcffffff50e801000000,,WRITE:0-0
4348f7-434900,75,3,83c40458e907000000,,WRITE:0-0
434907-43491b,75,4,6857a468808f052deb410083c7ff0f8558ffffff,m,WRITE:41eb2d-41eb2d
43491b-434920,1,1,e801000000,,WRITE:0-0
434921-434926,2,2,83042406c3,,WRITE:0-0
434926-43492d,2,2,b88aab36287a01,,WRITE:0-0
43492d-434930,2,2,4d7a03,,WRITE:0-0
434933-434940,2,3,03e9685a4a43000f8501000000,,WRITE:0-0
434941-434944,2,2,5e7203,,WRITE:0-0
434947-43494c,1,1,e902000000,,WRITE:0-0
43494e-434955,2,2,b910d75da97801,,WRITE:0-0
434956-434962,2,3,81c1532870bf50e801000000,,WRITE:0-0
434963-43497d,2,6,83c404584d811525e94100785354ae683d0000000f8001000000,m,WRITE:41e925-0
43497d-434984,2,3,f958e801000000,,WRITE:0-0
434985-43498a,2,2,83042406c3,,WRITE:0-0
43498a-43498f,1,1,e90a000000,,WRITE:0-0
434999-43499d,62,2,8b1e7803,,WRITE:0-0
43499d-43499f,61,1,7901,,WRITE:0-0
4349a0-4349a5,61,1,e90e000000,,WRITE:0-0
4349b3-4349bb,62,3,03d950e801000000,,WRITE:0-0
4349bc-4349c7,62,4,83c404584f0f8d03000000,,WRITE:0-0
4349c7-4349cf,62,3,66d3cac1cb197203,,WRITE:0-0
4349cf-4349d1,27,1,7301,,WRITE:0-0
4349d2-4349ee,62,7,0bd381d2fa583ce16856f471768f055dea4100035e0450e801000000,m,WRITE:41ea5d-41ea5d
4349ef-4349f8,62,3,83c40458e841c3ffff,,WRITE:0-0
4349f8-434a03,62,3,66c1e20f891ee801000000,m,WRITE:434a5a-434b4a
434a04-434a09,62,2,83042406c3,,WRITE:0-0
434a09-434a0e,61,1,e905000000,,WRITE:0-0
434a13-434a1e,62,2,81c1fa3f3030e801000000,,WRITE:0-0
434a1f-434a24,62,2,83042406c3,,WRITE:0-0
434a24-434a29,61,1,e901000000,,WRITE:0-0
434a2a-434a35,62,2,81c604000000e801000000,,WRITE:0-0
434a36-434a3b,62,2,83042406c3,,WRITE:0-0
434a3b-434a3d,61,1,7b01,,WRITE:0-0
434a3e-434a45,62,2,480f8554ffffff,,WRITE:0-0
434a45-434a4a,1,1,e801000000,,WRITE:0-0
434a4b-434a50,2,2,83042406c3,,WRITE:0-0
434a50-434a58,2,2,87fa0f8002000000,,WRITE:0-0
434a58-434a5c,2,2,87fd7803,,WRITE:0-0
434a5c-434a5e,1,1,7901,,WRITE:0-0
434a5f-434a6b,2,4,f84bb8534b4300e801000000,,WRITE:0-0
434a6c-434a7f,2,6,83c4048bd366d3cdb93300696850e801000000,,WRITE:0-0
434a80-434a89,2,3,83c40458e903000000,,WRITE:0-0
434a8c-434a9c,2,4,bef295d0786613de81c6526a2f877c03,,WRITE:0-0
434a9c-434a9e,1,1,7d01,,WRITE:0-0
434a9f-434aa4,1,1,e905000000,,WRITE:0-0
434aa9-434aad,69,2,8b38eb01,,WRITE:0-0
434aae-434ab4,68,1,0f8c02000000,,WRITE:0-0
434ab4-434aba,69,3,87eb33f97403,,WRITE:0-0
434aba-434abc,68,1,7501,,WRITE:0-0
434abd-434ac3,69,3,43c1c708eb01,,WRITE:0-0
434ac4-434acd,69,3,4d037804e801000000,,WRITE:0-0
434ace-434ad6,69,2,83c404e902000000,,WRITE:0-0
434ad8-434adf,69,2,8938e801000000,m,WRITE:434b53-434c5f
434ae0-434b00,69,7,83c40481ea699c81ff4581255de941006d4a68ad81f146f9227550e801000000,m,WRITE:41e95d-41e95d
434b01-434b10,69,4,83c404586681d5472b0f8205000000,,WRITE:0-0
434b10-434b20,68,3,6681d35fe781c004000000e801000000,,WRITE:0-0
434b15-434b20,2,2,81c004000000e801000000,,WRITE:0-0
434b21-434b26,69,2,83042406c3,,WRITE:0-0
434b26-434b3d,69,4,66bb9ec2811d51ea4100b64e2fe383ee010f856cffffff,m,WRITE:41ea51-41ea51
434b3d-434b3f,1,1,eb01,,WRITE:0-0
434b40-434b45,1,1,e90e000000,,WRITE:0-0
434b53-434b59,2,2,50e801000000,,WRITE:0-0
434b5a-434b63,2,3,83c40458e905000000,,WRITE:0-0
434b68-434b72,2,4,686a4c43008bef5a7203,,WRITE:0-0
434b72-434b74,1,1,7301,,WRITE:0-0
434b75-434b81,2,3,bdf88d79c06875cadaf17901,,WRITE:0-0
434b82-434b88,2,2,5fe801000000,,WRITE:0-0
434b89-434b91,2,2,83c404e8a8c1ffff,,WRITE:0-0
434b91-434baf,2,5,81e5ac54fe1f668bc5813549e94100d0cb390cbebc13fbbe0f8501000000,m,WRITE:41e949-0
434bb0-434bb8,2,2,81ee6e13fbbeeb01,,WRITE:0-0
434bb9-434bbe,1,1,e903000000,,WRITE:0-0
434bc1-434bc9,79,3,8b0a50e801000000,,WRITE:0-0
434bca-434bd3,79,3,83c40458e902000000,,WRITE:0-0
434bd5-434bdc,79,2,2bcfe801000000,,WRITE:0-0
434bdd-434be2,79,2,83c4047901,,WRITE:0-0
434be3-434be9,78,1,0f8b04000000,,WRITE:0-0
434bed-434bf2,79,2,c1c1137603,,WRITE:0-0
434bf2-434bf4,37,1,7701,,WRITE:0-0
434bf5-434bfa,78,1,e901000000,,WRITE:0-0
434bfb-434c05,79,4,83eafc030a83ea04eb01,,WRITE:0-0
434c06-434c0b,78,1,e901000000,,WRITE:0-0
434c0c-434c1e,79,4,812da5e84100d4551e34890a50e801000000,m,WRITE:41e8a5-434d9e
434c1f-434c2e,79,4,83c40458bb71ee05f30f8a01000000,,WRITE:0-0
434c2f-434c3a,79,2,81f74b1a2234e801000000,,WRITE:0-0
434c3b-434c44,79,2,83c4040f8604000000,,WRITE:0-0
434c44-434c51,79,4,66c1fb50f981eafcffffffeb01,,WRITE:0-0
434c52-434c57,78,1,e906000000,,WRITE:0-0
434c5d-434c64,79,2,4e0f855dffffff,,WRITE:0-0
434c64-434c66,1,1,7c03,,WRITE:0-0
434c66-434c68,1,1,7d01,,WRITE:0-0
434c69-434c6f,2,2,40e801000000,,WRITE:0-0
434c70-434c81,2,5,83c40481dedcb92bc8f9baa94d4300eb01,,WRITE:0-0
434c82-434c87,1,1,e905000000,,WRITE:0-0
434c8c-434c9a,2,4,bfdfc945d74e81f72d21541b7203,,WRITE:0-0
434c9a-434c9c,1,1,7301,,WRITE:0-0
434c9d-434ca2,1,1,e909000000,,WRITE:0-0
434cab-434cbd,2,5,bd198419574681f55b84195750e801000000,,WRITE:0-0
434cbe-434cc4,2,3,83c404587901,,WRITE:0-0
434cc5-434cd6,2,3,812da9e84100a53ede468b1ae801000000,m,WRITE:41e8a9-0
434ccf-434cd6,66,2,8b1ae801000000,,WRITE:0-0
434cd7-434cdf,67,2,83c404e902000000,,WRITE:0-0
434ce1-434ce8,67,2,33dfe801000000,,WRITE:0-0
434ce9-434cee,67,2,83042406c3,,WRITE:0-0
434cee-434cf8,67,3,d3cec1c30ee801000000,,WRITE:0-0
434cf9-434d02,67,2,83c4040f8104000000,,WRITE:0-0
434d06-434d18,67,3,8105e5ea41003142230b335a04e801000000,m,WRITE:41eae5-41eae5
434d19-434d21,67,2,83c404e911000000,,WRITE:0-0
434d32-434d3a,67,3,891a50e801000000,m,WRITE:434da9-434ead
434d3b-434d44,67,3,83c40458e90a000000,,WRITE:0-0
434d4e-434d59,67,2,81ef7d6cec2ae801000000,,WRITE:0-0
434d5a-434d62,67,2,83c404e843d5ffff,,WRITE:0-0
434d62-434d67,66,1,e90c000000,,WRITE:0-0
434d73-434d85,67,3,812579e9410084b6f53081eafcffffffeb01,m,WRITE:41e979-41e979
434d86-434d92,67,4,87c84183ed010f853dffffff,,WRITE:0-0
434d92-434d98,2,2,50e801000000,,WRITE:0-0
434d99-434da5,2,4,83c4045885c10f8204000000,,WRITE:0-0
434da5-434dab,2,2,66c1e825eb01,,WRITE:0-0
434dac-434db7,2,3,66c1e99abeb84e43007c03,,WRITE:0-0
434db7-434db9,1,1,7d01,,WRITE:0-0
434dba-434dc0,1,1,0f8202000000,,WRITE:0-0
434dc0-434dd8,2,6,87c8bd6cdaf389b8e5237df581f57e2240e850e801000000,,WRITE:0-0
434dd9-434dea,2,5,83c4045887ca68a40000000f8b01000000,,WRITE:0-0
434dea-434df2,2,4,4a5b50e801000000,,WRITE:0-0
434df3-434dfc,2,3,83c40458e83dbfffff,,WRITE:0-0
434dfc-434e01,1,1,e905000000,,WRITE:0-0
434e06-434e0a,165,2,8b3eeb01,,WRITE:0-0
434e0b-434e0e,165,2,f87702,,WRITE:0-0
434e10-434e18,165,3,03fd50e801000000,,WRITE:0-0
434e19-434e26,165,6,83c4045885ca87d1c1c70f7403,,WRITE:0-0
434e26-434e28,164,1,7501,,WRITE:0-0
434e29-434e2e,164,1,e877d4ffff,,WRITE:0-0
434e2e-434e30,164,1,7702,,WRITE:0-0
434e30-434e44,75,4,85c281058dea4100d78e3d09037e04e801000000,m,WRITE:41ea8d-41ea8d
434e32-434e44,91,3,81058dea4100d78e3d09037e04e801000000,m,WRITE:41ea8d-41ea8d
434e45-434e4a,165,2,83042406c3,,WRITE:0-0
434e4a-434e4f,164,1,e901000000,,WRITE:0-0
434e50-434e54,165,2,893e7803,m,WRITE:434eb8-435144
434e54-434e56,164,1,7901,,WRITE:0-0
434e57-434e5c,164,1,e849d4ffff,,WRITE:0-0
434e5c-434e61,164,1,e902000000,,WRITE:0-0
434e63-434e6e,165,2,81ed5ec33550e801000000,,WRITE:0-0
434e6f-434e74,165,2,83042406c3,,WRITE:0-0
434e74-434e82,165,4,f98bc181c604000000e801000000,,WRITE:0-0
434e83-434e8b,165,2,83c404e903000000,,WRITE:0-0
434e8e-434e97,165,2,83c3ff0f856fffffff,,WRITE:0-0
434e97-434e9d,2,2,50e801000000,,WRITE:0-0
434e9e-434ead,2,4,83c40458b9a55c79720f8a01000000,,WRITE:0-0
434eae-434ebd,2,2,8125c9e841004a0dfd19e84392ffff,m,WRITE:41e8c9-0
434ebd-434ec4,2,2,6a00e80a000000,,WRITE:0-0
434ece-434ed3,1,1,e825000000,,WRITE:0-0
434ef8-434efa,2,2,6a00,,WRITE:0-0
4351be-4351d9,3,9,c80c0000fc5357568b7424208b7c242466813e4a430f85b1020000,,WRITE:0-0
4351d9-4351f0,3,7,83c60633dbba00000080c7442414080000004303d2750c,,WRITE:0-0
4351ec-4351f0,42053,2,03d2750c,,WRITE:0-0
4351f0-4351fe,1259,9,909090908b1683c604f913d27328,,WRITE:0-0
4351fc-4351fe,40796,1,7328,,WRITE:0-0
4351fe-43520c,27237,8,909090908b4c241033c003d2750c,,WRITE:0-0
435208-43520c,190653,2,03d2750c,,WRITE:0-0
43520c-43521d,6870,11,909090908b1683c604f913d213c04975eb,,WRITE:0-0
435218-43521d,211020,3,13c04975eb,,WRITE:0-0
43521d-435226,27237,4,0244240c880747ebc6,anm,WRITE:401000-41c8a1
435221-435226,252,3,880747ebc6,am,WRITE:401014-41c9ff
435226-43522a,14819,2,03d2750c,,WRITE:0-0
43522a-43523c,430,9,909090908b1683c604f913d20f825f010000,,WRITE:0-0
435236-43523c,14389,1,0f825f010000,,WRITE:0-0
43523c-435240,6478,2,03d2750c,,WRITE:0-0
435240-435252,227,9,909090908b1683c604f913d20f83cf000000,,WRITE:0-0
43524c-435252,6251,1,0f83cf000000,,WRITE:0-0
435252-43525d,3364,4,b90400000033c003d2750c,,WRITE:0-0
435259-43525d,10090,2,03d2750c,,WRITE:0-0
43525d-43526e,408,11,909090908b1683c604f913d213c04975eb,,WRITE:0-0
435269-43526e,13046,3,13c04975eb,,WRITE:0-0
43526e-435271,3364,2,4874b0,,WRITE:0-0
435271-435277,3112,1,0f8903020000,,WRITE:0-0
435277-43527b,4,2,03d2750c,,WRITE:0-0
435287-435289,3,1,7342,,WRITE:0-0
4352cb-4352d6,4,4,b90100000033c003d2750c,,WRITE:0-0
4352e2-4352e7,4,3,13c04975eb,,WRITE:0-0
4352e7-4352fc,4,5,83c00789442410c644240c0083f8080f84f0feffff,,WRITE:0-0
435321-43532c,3115,4,b90700000033c003d2750c,,WRITE:0-0
435328-43532c,18685,2,03d2750c,,WRITE:0-0
43532c-43533d,729,11,909090908b1683c604f913d213c04975eb,,WRITE:0-0
435338-43533d,21071,3,13c04975eb,,WRITE:0-0
43533d-43534a,3115,5,8be8b90200000033c003d2750c,,WRITE:0-0
435346-43534a,3115,2,03d2750c,,WRITE:0-0
43534a-43535b,190,11,909090908b1683c604f913d213c04975eb,,WRITE:0-0
435356-43535b,6040,3,13c04975eb,,WRITE:0-0
43535b-435366,3115,5,8bc88bc583c10285c0740b,,WRITE:0-0
435366-435371,3112,6,909090908bd8e90a010000,,WRITE:0-0
435371-43537a,4,2,83f9020f8410010000,,WRITE:0-0
43537a-435381,2,4,4133c003d2750c,,WRITE:0-0
43537d-435381,4,2,03d2750c,,WRITE:0-0
43538d-435392,5,3,13c04975eb,,WRITE:0-0
435392-43539b,2,2,89442414e951feffff,,WRITE:0-0
43539b-4353a4,8342,3,b90100000003d2750c,,WRITE:0-0
4353a0-4353a4,11903,2,03d2750c,,WRITE:0-0
4353a4-4353b6,638,11,909090908b1683c604f913d213c903d2750c,,WRITE:0-0
4353b0-4353b6,19607,3,13c903d2750c,,WRITE:0-0
4353b6-4353c4,619,9,909090908b1683c604f913d272dc,,WRITE:0-0
4353c2-4353c4,19625,1,72dc,,WRITE:0-0
4353c4-4353c8,8342,3,49497534,,WRITE:0-0
4353c8-4353d7,1518,8,909090908bc3b90100000003d2750c,,WRITE:0-0
4353d3-4353d7,1160,2,03d2750c,,WRITE:0-0
4353d7-4353e9,73,11,909090908b1683c604f913d213c903d2750c,,WRITE:0-0
4353e3-4353e9,2605,3,13c903d2750c,,WRITE:0-0
4353e9-4353f7,81,9,909090908b1683c604f913d272dc,,WRITE:0-0
4353f5-4353f7,2596,1,72dc,,WRITE:0-0
4353f7-4353fc,1517,1,e97f000000,,WRITE:0-0
4353fc-43540f,6825,9,498bc18b4c24148be833c0d3e533c003d2750c,,WRITE:0-0
43540b-43540f,50877,2,03d2750c,,WRITE:0-0
43540f-435420,1813,11,909090908b1683c604f913d213c04975eb,,WRITE:0-0
43541b-435420,55889,3,13c04975eb,,WRITE:0-0
435420-43542d,6825,5,0bc58bd8b90100000003d2750c,,WRITE:0-0
435429-43542d,3167,2,03d2750c,,WRITE:0-0
43542d-43543f,297,11,909090908b1683c604f913d213c903d2750c,,WRITE:0-0
435439-43543f,9695,3,13c903d2750c,,WRITE:0-0
43543f-43544d,327,9,909090908b1683c604f913d272dc,,WRITE:0-0
43544b-43544d,9664,1,72dc,,WRITE:0-0
43544d-435454,6825,2,3d000001007324,,WRITE:0-0
435454-43545f,6825,6,909090903dff370000731a,,WRITE:0-0
43545f-43546a,6047,6,909090903d7f0200007310,,WRITE:0-0
43546a-435473,2798,6,9090909083f87f7708,,WRITE:0-0
435473-43548a,438,24,90909090414141418bee8bf72bf0f3a48bf5e962fdffff,am,WRITE:40102e-41c9fc
435479-43548a,779,14,41418bee8bf72bf0f3a48bf5e962fdffff,am,WRITE:4057c3-41492d
43547a-43548a,6359,7,418bee8bf72bf0f3a48bf5e962fdffff,am,WRITE:40100a-41c89f
43547b-43548a,6989,7,8bee8bf72bf0f3a48bf5e962fdffff,am,WRITE:401015-41c88f
43548a-43549b,3,8,8bc72b4424248d6c24185e5f5bc9c20800,,WRITE:0-0
