41e000-41e003,2,2,607403,,WRITE:0-0
41e006-41e00a,2,2,85df7002,,WRITE:0-0
41e00a-41e01a,2,6,85d7fcfc66c1eef181e820f1a5ca7b01,,WRITE:0-0
41e01a-41e021,2,2,460f8b01000000,,WRITE:0-0
41e022-41e024,1,1,eb01,,WRITE:0-0
41e025-41e028,2,2,43eb01,,WRITE:0-0
41e029-41e033,2,2,6681c6e9b3e801000000,,WRITE:0-0
41e034-41e042,2,3,83c40481e3afa008f8e801000000,,WRITE:0-0
41e043-41e048,2,2,83042406c3,,WRITE:0-0
41e048-41e04f,2,2,6681f3cedc7803,,WRITE:0-0
41e04f-41e051,1,1,7901,,WRITE:0-0
41e052-41e055,2,2,467803,,WRITE:0-0
41e055-41e057,1,1,7901,,WRITE:0-0
41e058-41e062,2,3,66c1e64f50e801000000,,WRITE:0-0
41e063-41e06e,2,4,83c4045833c1e801000000,,WRITE:0-0
41e06f-41e074,2,2,83042406c3,,WRITE:0-0
41e074-41e07b,2,2,87d8e801000000,,WRITE:0-0
41e07c-41e081,2,2,83042406c3,,WRITE:0-0
41e081-41e087,1,1,0f8b01000000,,WRITE:0-0
41e087-41e08a,2,2,487203,,WRITE:0-0
41e08a-41e08c,1,1,7301,,WRITE:0-0
41e08d-41e094,2,2,03d8e801000000,,WRITE:0-0
41e095-41e09a,2,2,83042406c3,,WRITE:0-0
41e09a-41e0a2,2,2,66d3fbe801000000,,WRITE:0-0
41e0a3-41e0a8,2,2,83c4047706,,WRITE:0-0
41e0ae-41e0b0,1,1,7203,,WRITE:0-0
41e0b0-41e0b2,1,1,7301,,WRITE:0-0
41e0b3-41e0b8,2,2,668bf2eb01,,WRITE:0-0
41e0b9-41e0bb,1,1,7402,,WRITE:0-0
41e0bb-41e0c2,2,2,23c1e801000000,,WRITE:0-0
41e0c3-41e0c8,2,2,83042406c3,,WRITE:0-0
41e0c8-41e0ce,1,1,0f8206000000,,WRITE:0-0
41e0ce-41e0e2,2,6,81c0906d53e661548f0501ea410060e801000000,m,WRITE:41ea01-0
41e0e3-41e0ee,2,3,83c4041bf80f8902000000,,WRITE:0-0
41e0f0-41e0f7,2,2,68e4e141007501,,WRITE:0-0
41e0f8-41e0fe,2,2,58e801000000,,WRITE:0-0
41e0ff-41e104,2,2,83042406c3,,WRITE:0-0
41e104-41e112,2,3,66bf3032bbdb93b6f0e801000000,,WRITE:0-0
41e113-41e11e,2,3,83c404d3dd0f8801000000,,WRITE:0-0
41e11e-41e12d,2,5,45ba19903357f881ead38f3357eb01,,WRITE:0-0
41e12e-41e134,2,4,41fc8b307203,,WRITE:0-0
41e130-41e134,70,2,8b307203,,WRITE:0-0
41e134-41e136,70,1,7301,,WRITE:0-0
41e137-41e140,71,3,85fd33f3e801000000,,WRITE:0-0
41e141-41e146,71,2,83042406c3,,WRITE:0-0
41e146-41e14b,70,1,e909000000,,WRITE:0-0
41e154-41e15c,71,2,c1ce0ae801000000,,WRITE:0-0
41e15d-41e162,71,2,83042406c3,,WRITE:0-0
41e162-41e168,70,1,0f8a01000000,,WRITE:0-0
41e168-41e17c,71,5,45686c3d081e8f0569ea4100037004e801000000,m,WRITE:41ea69-41ea69
41e17d-41e182,71,2,83042406c3,,WRITE:0-0
41e182-41e18c,71,4,f88bfe8930e801000000,m,WRITE:41e1e4-41e2f8
41e18d-41e195,71,2,83c404e908000000,,WRITE:0-0
41e19d-41e1a5,71,2,81f30854cfebeb01,,WRITE:0-0
41e1a6-41e1ab,70,1,e908000000,,WRITE:0-0
41e1b3-41e1c2,71,3,8115f5e84100043e93d483c0047e03,m,WRITE:41e8f5-41e8f5
41e1c2-41e1c4,70,1,7f01,,WRITE:0-0
41e1c5-41e1c7,70,1,7903,,WRITE:0-0
41e1ca-41e1d7,71,3,66c1d19383ea010f8559ffffff,,WRITE:0-0
41e1d7-41e1d9,1,1,7403,,WRITE:0-0
41e1dc-41e1e1,1,1,e903000000,,WRITE:0-0
41e1e4-41e1e9,1,1,e801000000,,WRITE:0-0
41e1ea-41e1ef,2,2,83042406c3,,WRITE:0-0
41e1ef-41e200,2,6,c1fb6487f26803e34100f858e801000000,,WRITE:0-0
41e201-41e206,2,2,83042406c3,,WRITE:0-0
41e206-41e20b,1,1,e90c000000,,WRITE:0-0
41e217-41e22b,2,4,bdd3c84b5c66befc4281c5e7863e32e801000000,,WRITE:0-0
41e22c-41e237,2,4,83c404f968400000007202,,WRITE:0-0
41e239-41e23c,2,2,59eb01,,WRITE:0-0
41e23d-41e240,2,2,467301,,WRITE:0-0
41e240-41e248,2,3,fc8b38e801000000,,WRITE:0-0
41e241-41e248,64,2,8b38e801000000,,WRITE:0-0
41e249-41e24e,65,2,83042406c3,,WRITE:0-0
41e24e-41e250,64,1,7c01,,WRITE:0-0
41e250-41e258,65,3,f92bfde801000000,,WRITE:0-0
41e259-41e25e,65,2,83042406c3,,WRITE:0-0
41e25e-41e270,65,5,4a87f2812519ea410034ed289fc1cf12eb01,m,WRITE:41ea19-41ea19
41e271-41e277,64,1,0f8d02000000,,WRITE:0-0
41e277-41e28c,65,6,85f281f228691efe83c004033883e804e801000000,,WRITE:0-0
41e28d-41e295,65,2,83c404e901000000,,WRITE:0-0
41e296-41e29d,65,2,8938e801000000,m,WRITE:41e303-41e3ff
41e29e-41e2a3,65,2,83042406c3,,WRITE:0-0
41e2a3-41e2ab,65,2,85d60f8703000000,,WRITE:0-0
41e2ae-41e2b9,65,2,81f53b07742fe801000000,,WRITE:0-0
41e2ba-41e2bf,65,2,83042406c3,,WRITE:0-0
41e2bf-41e2c5,64,1,0f8b05000000,,WRITE:0-0
41e2ca-41e2dd,65,4,684380ddd58f0531e8410081e8fcffffff7603,m,WRITE:41e831-41e831
41e2e0-41e2ea,65,3,f983c1ff0f8557ffffff,,WRITE:0-0
41e2ea-41e2ef,1,1,e801000000,,WRITE:0-0
41e2f0-41e2f5,2,2,83042406c3,,WRITE:0-0
41e2f5-41e305,2,4,fc6603dd811539e8410085eae3a67403,m,WRITE:41e839-0
41e305-41e307,1,1,7501,,WRITE:0-0
41e308-41e318,2,5,87cf6809e44100c1ff575ee801000000,,WRITE:0-0
41e319-41e32a,2,4,83c4046623fdbd30169a7c0f8302000000,,WRITE:0-0
41e32c-41e338,2,3,81c5f74a216d50e801000000,,WRITE:0-0
41e339-41e343,2,3,83c404580f8502000000,,WRITE:0-0
41e345-41e358,2,5,8bc8b8dd4c268e4981e89c4c268ee801000000,,WRITE:0-0
41e359-41e35e,2,2,83042406c3,,WRITE:0-0
41e35e-41e364,1,1,0f8302000000,,WRITE:0-0
41e366-41e372,2,3,bf452fed5d8b16e801000000,,WRITE:0-0
41e36b-41e372,65,2,8b16e801000000,,WRITE:0-0
41e373-41e378,66,2,83042406c3,,WRITE:0-0
41e378-41e37d,65,1,e904000000,,WRITE:0-0
41e381-41e388,66,2,03d5e801000000,,WRITE:0-0
41e389-41e391,66,2,83c404e901000000,,WRITE:0-0
41e392-41e39b,66,3,c1c21350e801000000,,WRITE:0-0
41e39c-41e3ad,66,6,83c404588bcd81cf21a68d6b335604eb01,,WRITE:0-0
41e3ae-41e3b5,66,2,6681e771fd7702,,WRITE:0-0
41e3b7-41e3bb,66,2,8916eb01,m,WRITE:41e409-41e509
41e3bc-41e3c1,65,1,e904000000,,WRITE:0-0
41e3c5-41e3d0,66,2,81f56306ab32e801000000,,WRITE:0-0
41e3d1-41e3d9,66,2,83c404e90b000000,,WRITE:0-0
41e3e4-41e3ef,66,2,81eefcffffffe801000000,,WRITE:0-0
41e3f0-41e3f5,66,2,83042406c3,,WRITE:0-0
41e3f5-41e3fe,66,3,8bca480f856dffffff,,WRITE:0-0
41e3fe-41e403,1,1,e801000000,,WRITE:0-0
41e404-41e40e,2,4,83c404fcfce801000000,,WRITE:0-0
41e40f-41e414,2,2,83042406c3,,WRITE:0-0
41e414-41e41a,1,1,0f8601000000,,WRITE:0-0
41e41a-41e42f,2,5,416623d181250deb410007930bb6b814e54100eb01,m,WRITE:41eb0d-0
41e430-41e436,1,1,0f8503000000,,WRITE:0-0
41e439-41e443,2,4,6829b24a6985cd5beb01,,WRITE:0-0
41e444-41e449,1,1,e909000000,,WRITE:0-0
41e452-41e461,2,4,becef3afc887cd81f6f3f3afc87603,,WRITE:0-0
41e461-41e463,1,1,7701,,WRITE:0-0
41e464-41e46a,1,1,0f8305000000,,WRITE:0-0
41e46f-41e477,62,3,8b3850e801000000,,WRITE:0-0
41e478-41e484,62,5,83c40458422bfbe801000000,,WRITE:0-0
41e485-41e48a,62,2,83042406c3,,WRITE:0-0
41e48a-41e48f,61,1,e905000000,,WRITE:0-0
41e494-41e49c,62,2,c1cf10e801000000,,WRITE:0-0
41e49d-41e4a2,62,2,83c4047b02,,WRITE:0-0
41e4a4-41e4aa,61,1,0f8802000000,,WRITE:0-0
41e4aa-41e4b1,62,3,87ea0378047c03,,WRITE:0-0
41e4b1-41e4b3,35,1,7d01,,WRITE:0-0
41e4b4-41e4b9,61,1,e907000000,,WRITE:0-0
41e4c0-41e4c4,62,2,89387a03,m,WRITE:41e514-41e604
41e4c4-41e4c6,21,1,7b01,,WRITE:0-0
41e4c7-41e4cc,61,1,e906000000,,WRITE:0-0
41e4d2-41e4dd,62,2,81c3233b1dabe801000000,,WRITE:0-0
41e4de-41e4e3,62,2,83042406c3,,WRITE:0-0
41e4e3-41e4e8,61,1,e904000000,,WRITE:0-0
41e4ec-41e4f5,62,3,83c00450e801000000,,WRITE:0-0
41e4f6-41e4ff,62,3,83c40458e902000000,,WRITE:0-0
41e501-41e50a,62,2,83c6ff0f8565ffffff,,WRITE:0-0
41e50a-41e50c,1,1,eb01,,WRITE:0-0
41e50d-41e512,1,1,e902000000,,WRITE:0-0
41e514-41e51a,2,2,50e801000000,,WRITE:0-0
41e51b-41e533,2,6,83c40458b97d88b212b9e3abbd7bbe0ce64100e801000000,,WRITE:0-0
41e534-41e539,2,2,83042406c3,,WRITE:0-0
41e539-41e543,2,5,f868fee9c9cf4b5aeb01,,WRITE:0-0
41e544-41e549,1,1,e904000000,,WRITE:0-0
41e54d-41e55b,2,4,b8a1593cd84381e866593cd87403,,WRITE:0-0
41e55b-41e55d,1,1,7501,,WRITE:0-0
41e55e-41e560,1,1,7104,,WRITE:0-0
41e564-41e566,1,1,7803,,WRITE:0-0
41e566-41e56d,2,3,668bdd8b3e7c03,,WRITE:0-0
41e569-41e56d,59,2,8b3e7c03,,WRITE:0-0
41e56d-41e56f,59,1,7d01,,WRITE:0-0
41e570-41e575,59,1,e902000000,,WRITE:0-0
41e577-41e57b,60,2,33faeb01,,WRITE:0-0
41e57c-41e57e,59,1,7001,,WRITE:0-0
41e57e-41e58a,60,5,4585cbc1c70550e801000000,,WRITE:0-0
41e58b-41e5a7,60,8,83c4045866bb58e6813549e841001e0996a783c604033e83c6fc7403,m,WRITE:41e849-41e849
41e5a7-41e5a9,59,1,7501,,WRITE:0-0
41e5aa-41e5af,59,1,e902000000,,WRITE:0-0
41e5b1-41e5b9,60,3,893e50e801000000,m,WRITE:41e60c-41e6f4
41e5ba-41e5c3,60,3,83c40458e908000000,,WRITE:0-0
41e5cb-41e5d7,60,3,81f2b0202dce50e801000000,,WRITE:0-0
41e5d8-41e5e6,60,5,83c4045887eb81eefcffffff7c03,,WRITE:0-0
41e5e6-41e5e8,59,1,7d01,,WRITE:0-0
41e5e9-41e5ee,59,1,e904000000,,WRITE:0-0
41e5f2-41e5fb,60,2,83e8010f856effffff,,WRITE:0-0
41e5fb-41e600,1,1,e801000000,,WRITE:0-0
41e601-41e606,2,2,83042406c3,,WRITE:0-0
41e606-41e60b,2,2,c1fbd67301,,WRITE:0-0
41e60c-41e612,2,2,50e801000000,,WRITE:0-0
41e613-41e625,2,7,83c4045866c1c66268fce6410087eb5f7e03,,WRITE:0-0
41e625-41e627,1,1,7f01,,WRITE:0-0
41e628-41e62a,1,1,7501,,WRITE:0-0
41e62b-41e63d,2,5,ba50c1aed6f981f23daca59550e801000000,,WRITE:0-0
41e63e-41e647,2,3,83c40458e913000000,,WRITE:0-0
41e65a-41e670,2,4,b9a4b5936e81de3dcf5b1681c19c4a6c91e801000000,,WRITE:0-0
41e671-41e67b,2,4,83c40466d3fb8b077e03,,WRITE:0-0
41e677-41e67b,64,2,8b077e03,,WRITE:0-0
41e67b-41e67d,64,1,7f01,,WRITE:0-0
41e67e-41e684,65,3,2bda33c27a03,,WRITE:0-0
41e684-41e686,31,1,7b01,,WRITE:0-0
41e687-41e68c,64,1,e905000000,,WRITE:0-0
41e691-41e696,65,2,c1c01b7803,,WRITE:0-0
41e696-41e698,34,1,7901,,WRITE:0-0
41e699-41e69e,64,1,e904000000,,WRITE:0-0
41e6a2-41e6aa,65,2,334704e801000000,,WRITE:0-0
41e6ab-41e6b0,65,2,83042406c3,,WRITE:0-0
41e6b0-41e6b8,65,4,66d3cbfc89077e03,m,WRITE:41e6fc-41e7f8
41e6b8-41e6ba,37,1,7f01,,WRITE:0-0
41e6bb-41e6c3,65,2,85f30f8401000000,,WRITE:0-0
41e6c3-41e6cc,65,3,4b81c2b5443aa87403,,WRITE:0-0
41e6cc-41e6ce,64,1,7501,,WRITE:0-0
41e6cf-41e6d9,65,4,f9f883c704e801000000,,WRITE:0-0
41e6da-41e6df,65,2,83042406c3,,WRITE:0-0
41e6df-41e6e8,65,2,668bf70f8101000000,,WRITE:0-0
41e6e9-41e6f2,65,2,83e9010f8585ffffff,,WRITE:0-0
41e6f2-41e6f4,1,1,7c03,,WRITE:0-0
41e6f4-41e6f6,1,1,7d01,,WRITE:0-0
41e6f7-41e6f9,1,1,7a03,,WRITE:0-0
41e6fc-41e6fe,1,1,eb01,,WRITE:0-0
41e6ff-41e711,2,4,13d981db5684edf5b902e84100e801000000,,WRITE:0-0
41e712-41e71a,2,2,83c404e902000000,,WRITE:0-0
41e71c-41e727,2,2,bd565428810f8605000000,,WRITE:0-0
41e727-41e734,2,3,bb582d459a81c53d5e0aec7a03,,WRITE:0-0
41e737-41e73c,1,1,e905000000,,WRITE:0-0
41e741-41e748,2,2,b8cd520000eb01,,WRITE:0-0
41e749-41e74e,1,1,e90f000000,,WRITE:0-0
41e75d-41e765,21198,3,8b1150e801000000,,WRITE:0-0
41e766-41e76f,21198,3,83c40458e90c000000,,WRITE:0-0
41e77b-41e77f,21198,2,33d57203,,WRITE:0-0
41e77f-41e781,21197,1,7301,,WRITE:0-0
41e782-41e787,21197,1,e902000000,,WRITE:0-0
41e789-41e78e,21198,2,c1c2067e03,,WRITE:0-0
41e78e-41e790,10695,1,7f01,,WRITE:0-0
41e791-41e796,21197,1,e908000000,,WRITE:0-0
41e79e-41e7ad,21198,3,811d8dea410062379ba62b5104eb01,m,WRITE:41ea8d-41ea8d
41e7ae-41e7b8,21198,4,13f1f88911e801000000,m,WRITE:41e802-433332
41e7b9-41e7be,21198,2,83c4047602,,WRITE:0-0
41e7be-41e7d6,21198,5,8bf9813589e941004627768581c5e8c66e6150e801000000,m,WRITE:41e989-41e989
41e7d7-41e7dd,21198,3,83c404587b01,,WRITE:0-0
41e7dd-41e7e6,21198,3,f883c104e801000000,,WRITE:0-0
41e7e7-41e7ec,21198,2,83042406c3,,WRITE:0-0
41e7ec-41e7ef,21198,2,f87403,,WRITE:0-0
41e7ef-41e7fb,21198,3,668bd983e8010f8562ffffff,,WRITE:0-0
41e7fb-41e7fd,1,1,eb01,,WRITE:0-0
41e7fe-41e801,2,2,fc7001,,WRITE:0-0
41e801-41e807,2,2,f8e9bb4a0100,,WRITE:0-0
42d8ce-42d8eb,69,11,520f31c1d002055e4dee7913c433c13185d5084100034424f8d1d05ac3,,WRITE:0-0
42e100-42e105,19,1,e800000000,,WRITE:0-0
42e105-42e10d,20,3,5d81ed05114100c3,,WRITE:0-0
42e12a-42e145,29,12,53505203c55053508b851c8541000fb60083e8333d990000007410,,WRITE:0-0
42e145-42e150,29,6,9090909058ff951c854100,,WRITE:0-0
42e150-42e152,28,1,eb17,,WRITE:0-0
42e169-42e171,29,5,5a89441500585bc3,,WRITE:0-0
4300db-4300e1,2,4,60d3fefceb01,,WRITE:0-0
4300e2-4300ed,2,2,81ee876a9699e801000000,,WRITE:0-0
4300ee-4300f8,2,4,83c4044950e801000000,,WRITE:0-0
4300f9-430103,2,4,83c4045841e801000000,,WRITE:0-0
430104-430109,2,2,83042406c3,,WRITE:0-0
430109-43010d,2,2,33f2eb01,,WRITE:0-0
43010e-430117,2,2,66b9cc1ce801000000,,WRITE:0-0
430118-43011d,2,2,83042406c3,,WRITE:0-0
43011d-430124,2,2,85f5e801000000,,WRITE:0-0
430125-43012e,2,3,83c404fce801000000,,WRITE:0-0
43012f-430134,2,2,83042406c3,,WRITE:0-0
430134-430136,1,1,7d01,,WRITE:0-0
430137-43013c,1,1,e800000000,,WRITE:0-0
43013c-430144,2,4,5d8bc53b45287c06,,WRITE:0-0
430144-430150,2,4,03452889452850e801000000,,WRITE:0-0
430151-43015a,2,3,83c40458e909000000,,WRITE:0-0
430163-43016a,2,2,ba860243007803,,WRITE:0-0
43016a-43016c,1,1,7901,,WRITE:0-0
43016d-43017a,2,3,8bf1b821647ae50f8c03000000,,WRITE:0-0
43017a-430188,2,3,668bce81c0086c4b2ee801000000,,WRITE:0-0
430189-43019d,2,6,83c404f9682f0000006681ddefee5fe801000000,,WRITE:0-0
43019e-4301a6,2,2,83c404e904000000,,WRITE:0-0
4301aa-4301ae,48,2,8b1a7c03,,WRITE:0-0
4301ae-4301b0,47,1,7d01,,WRITE:0-0
4301b1-4301b6,47,1,e909000000,,WRITE:0-0
4301bf-4301d1,48,4,812d05ea410015305d8903d850e801000000,m,WRITE:41ea05-41ea05
4301d2-4301db,48,3,83c40458e903000000,,WRITE:0-0
4301de-4301e7,48,3,c1c31150e801000000,,WRITE:0-0
4301e8-4301f1,48,3,83c40458e90c000000,,WRITE:0-0
4301fd-430210,48,4,6869e424b98f052deb4100335a04e801000000,m,WRITE:41eb2d-41eb2d
430211-430216,48,2,83042406c3,,WRITE:0-0
430216-43021c,47,1,0f8105000000,,WRITE:0-0
430221-430227,47,1,0f8901000000,,WRITE:0-0
430228-43022c,48,2,891aeb01,m,WRITE:430286-43033e
43022d-43023d,48,5,4e66d3fe81c0be09a62250e801000000,,WRITE:0-0
43023e-430259,48,8,83c404588bf181de4ffefdef568f0525eb410081c2040000007803,m,WRITE:41eb25-41eb25
430259-43025b,47,1,7901,,WRITE:0-0
43025c-430261,47,1,e902000000,,WRITE:0-0
430263-43026c,48,2,83ef010f853effffff,,WRITE:0-0
43026c-430272,2,2,50e801000000,,WRITE:0-0
430273-43028b,2,6,83c40458668bce85ee811d2dea410008678b14e875deffff,m,WRITE:41ea2d-0
43028b-43029f,2,5,68200300008dbd11184000576a00ff9573fd4000,,WRITE:0-0
43029f-4302b8,2,8,6a0068800000006a036a006a01680000008057ff952bfd4000,,WRITE:0-0
4302b8-4302bf,2,2,400f8487000000,,WRITE:0-0
4302bf-4302cb,2,5,488bf86a0057ff9577fd4000,,WRITE:0-0
4302cb-4302db,2,5,2b856b81410096566a40ff95fffc4000,,WRITE:0-0
4302db-4302df,2,2,85c0745e,,WRITE:0-0
4302df-4302f6,2,12,90909090936a008d851118400050565357ff954ffd4000,,WRITE:0-0
4302f6-430300,2,4,8bc38bce60e884000000,,WRITE:0-0
430300-430308,2,2,39856f8141007424,,WRITE:0-0
43032c-430335,2,4,618d853533410050c3,,WRITE:0-0
430335-43033c,2,2,53ff9503fd4000,,WRITE:0-0
43033c-430345,2,4,965057ff9527fd4000,,WRITE:0-0
430345-43034c,2,3,5860e800000000,,WRITE:0-0
43034c-430367,2,9,5e83ee06b9c000000029ceba4d909b4dc1e90283e90283f9007c1a,,WRITE:0-0
430362-430367,48,2,83f9007c1a,,WRITE:0-0
430367-430381,48,9,8b048e8b5c8e0433c3c1c8112bc281eabe09a62289048e49ebe1,m,WRITE:43033e-430286
430381-430384,2,3,6161c3,,WRITE:0-0
430384-430396,2,10,8bf833c033db33d28a07f7e203d84247e2f6,,WRITE:0-0
43038c-430396,179037,6,8a07f7e203d84247e2f6,,WRITE:0-0
430396-430398,2,2,93c3,,WRITE:0-0
430398-4303a0,2,3,6085eee801000000,,WRITE:0-0
4303a1-4303a6,2,2,83042406c3,,WRITE:0-0
4303a6-4303b0,2,2,6681d67341e801000000,,WRITE:0-0
4303b1-4303b6,2,2,83042406c3,,WRITE:0-0
4303b6-4303bc,2,2,f9e801000000,,WRITE:0-0
4303bd-4303c6,2,2,83c4040f8a01000000,,WRITE:0-0
4303c7-4303c9,1,1,7a03,,WRITE:0-0
4303cc-4303d6,2,2,6681eea2fae801000000,,WRITE:0-0
4303d7-4303dc,2,2,83042406c3,,WRITE:0-0
4303dc-4303df,2,2,48eb01,,WRITE:0-0
4303e0-4303e6,1,1,0f8806000000,,WRITE:0-0
4303e6-4303f1,2,2,81d61ac56f7ae801000000,,WRITE:0-0
4303f2-4303f7,2,2,83042406c3,,WRITE:0-0
4303f7-4303fd,2,2,f9e801000000,,WRITE:0-0
4303fe-430407,2,3,83c404f9e801000000,,WRITE:0-0
430408-430416,2,4,83c4046681ed836350e801000000,,WRITE:0-0
430417-430422,2,5,83c404584e50e801000000,,WRITE:0-0
430423-430429,2,3,83c404587c03,,WRITE:0-0
430429-430431,2,2,668bf0e801000000,,WRITE:0-0
430432-43043f,2,3,83c404bd13cbf898e800000000,,WRITE:0-0
43043f-430447,2,4,5d8bc53b451b7c06,,WRITE:0-0
430447-43044f,2,3,03451b89451beb01,,WRITE:0-0
430450-430456,1,1,0f8101000000,,WRITE:0-0
430457-430464,2,3,d3c068430543000f8a02000000,,WRITE:0-0
430464-430469,2,3,87f05b7a03,,WRITE:0-0
430469-43046b,1,1,7b01,,WRITE:0-0
43046c-43046e,1,1,7701,,WRITE:0-0
43046f-430477,2,3,f8bfa19e9d9feb01,,WRITE:0-0
430478-43047a,1,1,7201,,WRITE:0-0
43047a-430499,2,8,f881d0553fdaa6811d79ea410027f4e924681c0000008bc15a50e801000000,m,WRITE:41ea79-0
43049a-4304a3,2,3,83c40458e905000000,,WRITE:0-0
4304a8-4304af,29,2,8b0be801000000,,WRITE:0-0
4304b0-4304b5,29,2,83042406c3,,WRITE:0-0
4304b5-4304c0,29,5,f933f233cf50e801000000,,WRITE:0-0
4304c1-4304cf,29,6,83c4045866be1f504dc1c114eb01,,WRITE:0-0
4304d0-4304d5,28,1,e904000000,,WRITE:0-0
4304d9-4304e1,29,2,034b04e801000000,,WRITE:0-0
4304e2-4304f3,29,6,83c4046681e6ce9bfc890b50e801000000,m,WRITE:430543-4305af
4304f4-4304fd,29,3,83c40458e904000000,,WRITE:0-0
430501-430509,29,2,81f7ade5606deb01,,WRITE:0-0
43050a-43051a,29,4,66c1c07666bee3dd81ebfcffffffeb01,,WRITE:0-0
43051b-430520,28,1,e907000000,,WRITE:0-0
430527-430530,29,2,83c2ff0f8578ffffff,,WRITE:0-0
430530-430532,1,1,7c03,,WRITE:0-0
430532-430534,1,1,7d01,,WRITE:0-0
430535-430548,2,4,66d3ee6867534f168f05f9ea4100e8b8dbffff,m,WRITE:41eaf9-0
430548-43055b,2,6,c68598334100c38db54ef8400056ad0bc07449,,WRITE:0-0
430555-43055b,3,4,56ad0bc07449,,WRITE:0-0
43055b-43056c,3,11,9090909050ad9151516a40ff95fffc4000,,WRITE:0-0
43056c-430592,3,55765,89854af840005958038546f840008bf0508bbd4af84000f3a45850ffb54af84000e82c4c0000,a,WRITE:4804d8-47c7e1
430592-43059e,3,2,ffb54af84000ff9503fd4000,,WRITE:0-0
43059e-4305a4,3,3,5e83c608ebb1,,WRITE:0-0
4305a4-4305b2,2,4,5e68307500006a40ff95fffc4000,,WRITE:0-0
4305b2-4305be,2,3,89854af8400060e800000000,,WRITE:0-0
4305be-4305d9,2,9,5e83ee06b97500000029ceba0c7bfdf2c1e90283e90283f9007c1a,,WRITE:0-0
4305d4-4305d9,29,2,83f9007c1a,,WRITE:0-0
4305d9-4305f3,29,9,8b048e8b5c8e042bc3c1c81433c281f2ade5606d89048e49ebe1,m,WRITE:4305af-430543
4305f3-4305fa,2,3,6161e8f7240000,,WRITE:0-0
4305fb-430600,1,1,e800dbffff,,WRITE:0-0
430600-43061d,2,9,8d8583fb40008bd850508b85208541000fb60083e8333d990000007410,,WRITE:0-0
43061d-430628,2,6,9090909058ff9520854100,,WRITE:0-0
430628-43062a,1,1,eb17,,WRITE:0-0
430641-430645,2,2,0bc0753d,,WRITE:0-0
430682-430699,2,5,8bd8898512204000b890fb4000bafffc4000e891daffff,,WRITE:0-0
430699-4306a8,2,3,b89cfb4000ba03fd4000e882daffff,,WRITE:0-0
4306a8-4306b7,2,3,b8a7fb4000ba17fd4000e873daffff,,WRITE:0-0
4306b7-4306c6,2,3,b8bbfb4000ba1bfd4000e864daffff,,WRITE:0-0
4306c6-4306d5,2,3,b8d4fb4000ba1ffd4000e855daffff,,WRITE:0-0
4306d5-4306e4,2,3,b8e3fb4000ba23fd4000e846daffff,,WRITE:0-0
4306e4-4306f3,2,3,b8f1fb4000ba27fd4000e837daffff,,WRITE:0-0
4306f3-430702,2,3,b8fdfb4000ba2bfd4000e828daffff,,WRITE:0-0
430702-430711,2,3,b809fc4000ba2ffd4000e819daffff,,WRITE:0-0
430711-430720,2,3,b81afc4000ba47fd4000e80adaffff,,WRITE:0-0
430720-43072f,2,3,b82cfc4000ba4bfd4000e8fbd9ffff,,WRITE:0-0
43072f-43073e,2,3,b838fc4000ba4ffd4000e8ecd9ffff,,WRITE:0-0
43073e-43074d,2,3,b841fc4000ba53fd4000e8ddd9ffff,,WRITE:0-0
43074d-43075c,2,3,b84bfc4000ba57fd4000e8ced9ffff,,WRITE:0-0
43075c-43076b,2,3,b857fc4000ba5bfd4000e8bfd9ffff,,WRITE:0-0
43076b-43077a,2,3,b864fc4000ba5ffd4000e8b0d9ffff,,WRITE:0-0
43077a-430789,2,3,b87dfc4000ba67fd4000e8a1d9ffff,,WRITE:0-0
430789-430798,2,3,b88efc4000ba6bfd4000e892d9ffff,,WRITE:0-0
430798-4307a7,2,3,b89ffc4000ba6ffd4000e883d9ffff,,WRITE:0-0
4307a7-4307b6,2,3,b8a7fd4000baa3fd4000e874d9ffff,,WRITE:0-0
4307b6-4307c5,2,3,b8d7fd4000ba73fd4000e865d9ffff,,WRITE:0-0
4307c5-4307d4,2,3,b8eafd4000ba77fd4000e856d9ffff,,WRITE:0-0
4307d4-4307f1,2,9,8d85b0fc40008bd850508b85208541000fb60083e8333d990000007410,,WRITE:0-0
4307f1-4307fc,2,6,9090909058ff9520854100,,WRITE:0-0
4307fc-4307fe,1,1,eb17,,WRITE:0-0
430815-430819,2,2,0bc0753d,,WRITE:0-0
430856-43086d,2,5,8bd8898516204000b8bbfc4000ba07fd4000e8bdd8ffff,,WRITE:0-0
43086d-43087c,2,3,b8c7fc4000ba0bfd4000e8aed8ffff,,WRITE:0-0
43087c-43088b,2,3,b8d6fc4000ba0ffd4000e89fd8ffff,,WRITE:0-0
43088b-43089a,2,3,b8e4fc4000ba13fd4000e890d8ffff,,WRITE:0-0
43089a-4308a9,2,3,b8bafd4000bab6fd4000e881d8ffff,,WRITE:0-0
4308a9-4308b8,2,3,b8c8fd4000bac4fd4000e872d8ffff,,WRITE:0-0
4308b8-4308cb,2,371,8dbd83fb40008d8df1fc40002bcf33c0f3aac3,m,WRITE:42cb83-42ccf0
430d39-430d4d,300,10,60f9660bc7fc4e1bef66c1d67a4550e801000000,,WRITE:0-0
430d4e-430d55,2,4,83c40458f8eb01,,WRITE:0-0
430d56-430d5a,2,2,d3ed7403,,WRITE:0-0
430d5a-430d5c,1,1,7501,,WRITE:0-0
430d5d-430d64,2,2,87c6e801000000,,WRITE:0-0
430d65-430d6a,2,2,83c4047503,,WRITE:0-0
430d6d-430d6f,1,1,eb01,,WRITE:0-0
430d70-430d72,1,1,7502,,WRITE:0-0
430d74-430d79,1,1,e801000000,,WRITE:0-0
430d7a-430d82,2,3,83c404c1c5557803,,WRITE:0-0
430d82-430d84,1,1,7901,,WRITE:0-0
430d85-430d8b,2,2,f8e801000000,,WRITE:0-0
430d8c-430d94,2,3,83c40466d3c0eb01,,WRITE:0-0
430d95-430d9c,2,3,fc50e801000000,,WRITE:0-0
430d9d-430da4,2,4,83c40458407403,,WRITE:0-0
430da4-430da6,1,1,7501,,WRITE:0-0
430da7-430dab,2,2,85e8eb01,,WRITE:0-0
430dac-430db5,2,3,66d3c650e801000000,,WRITE:0-0
430db6-430dc0,2,3,83c404580f8601000000,,WRITE:0-0
430dc0-430dc6,2,2,46e801000000,,WRITE:0-0
430dc7-430dce,2,3,83c40487f07803,,WRITE:0-0
430dce-430dd0,1,1,7901,,WRITE:0-0
430dd1-430dd7,2,2,f8e800000000,,WRITE:0-0
430dd7-430ddf,2,4,5d8bc53b45277c06,,WRITE:0-0
430ddf-430dea,2,3,034527894527e801000000,,WRITE:0-0
430deb-430df3,2,2,83c404e90a000000,,WRITE:0-0
430dfd-430e07,2,2,b9e40e4300e801000000,,WRITE:0-0
430e08-430e26,2,9,83c40485c585e8528f0511ea410068e746f5c16681ee34f45be801000000,m,WRITE:41ea11-0
430e27-430e2c,2,2,83042406c3,,WRITE:0-0
430e2c-430e2e,1,1,7a02,,WRITE:0-0
430e2e-430e43,2,5,d3cebada08486cc1ded681c2a9f7b793e801000000,,WRITE:0-0
430e44-430e49,2,2,83042406c3,,WRITE:0-0
430e49-430e52,2,4,f88b3950e801000000,,WRITE:0-0
430e4a-430e52,131,3,8b3950e801000000,,WRITE:0-0
430e53-430e61,132,6,83c404584d85f503fbe801000000,,WRITE:0-0
430e62-430e6a,132,2,83c404e907000000,,WRITE:0-0
430e71-430e76,132,2,c1cf057803,,WRITE:0-0
430e76-430e78,131,1,7901,,WRITE:0-0
430e79-430e81,132,4,85e8482b79047403,,WRITE:0-0
430e81-430e83,131,1,7501,,WRITE:0-0
430e84-430e91,132,4,6681f5dbd14d8939e801000000,m,WRITE:430ee4-4310ec
430e92-430ea4,132,4,83c40466bd533c81f37460e440e801000000,,WRITE:0-0
430ea5-430eb1,132,4,83c404f883c104e801000000,,WRITE:0-0
430eb2-430eb7,132,2,83042406c3,,WRITE:0-0
430eb7-430ec3,132,4,8bf5c1d5714a0f8587ffffff,,WRITE:0-0
430ec3-430ec8,1,1,e801000000,,WRITE:0-0
430ec9-430ece,2,2,83042406c3,,WRITE:0-0
430ece-430ed4,1,1,0f8401000000,,WRITE:0-0
430ed4-430ee9,2,4,f96681ddb6b7811d95e841007505b62ae817d2ffff,m,WRITE:41e895-0
430ee9-430ef2,2,2,80bda5524100c37409,,WRITE:0-0
430efb-430f11,2,3,66c7852cf54000000083bd4f814100000f84e5010000,,WRITE:0-0
4310f6-4310fc,2,2,60e800000000,,WRITE:0-0
4310fc-431117,2,9,5e83ee06b91202000029cebae746f5c1c1e90283e90283f9007c1a,,WRITE:0-0
431112-431117,132,2,83f9007c1a,,WRITE:0-0
431117-431131,132,9,8b048e8b5c8e0403c3c1c0052bc281f27460e44089048e49ebe1,m,WRITE:4310ec-430ee4
431131-43113e,2,6,6185eac1cb1a8bd966d3dd7c03,,WRITE:0-0
431141-431146,1,1,e801000000,,WRITE:0-0
431147-43114c,2,2,83042406c3,,WRITE:0-0
43114c-43114f,2,2,4aeb01,,WRITE:0-0
431150-431152,1,1,7501,,WRITE:0-0
431153-431158,1,1,e801000000,,WRITE:0-0
431159-43115e,2,2,83042406c3,,WRITE:0-0
43115e-431163,2,2,660bda7803,,WRITE:0-0
431166-43116c,2,2,42e801000000,,WRITE:0-0
43116d-431172,2,2,83042406c3,,WRITE:0-0
431172-431179,2,2,85d3e801000000,,WRITE:0-0
43117a-43117f,2,2,83042406c3,,WRITE:0-0
43117f-431187,2,3,85d350e801000000,,WRITE:0-0
431188-431192,2,3,83c404580f8504000000,,WRITE:0-0
431196-431198,1,1,eb01,,WRITE:0-0
431199-4311a0,2,3,f850e801000000,,WRITE:0-0
4311a1-4311ac,2,4,83c4045885dae801000000,,WRITE:0-0
4311ad-4311b5,2,3,83c404668be87603,,WRITE:0-0
4311b5-4311b7,1,1,7701,,WRITE:0-0
4311b8-4311ba,1,1,7503,,WRITE:0-0
4311bd-4311c2,1,1,e801000000,,WRITE:0-0
4311c3-4311c8,2,2,83042406c3,,WRITE:0-0
4311c8-4311d2,2,2,bd88b8cdd0e800000000,,WRITE:0-0
4311d2-4311da,2,4,5d8bc53b45217c06,,WRITE:0-0
4311da-4311e2,2,3,034521894521eb01,,WRITE:0-0
4311e3-4311e8,1,1,e90a000000,,WRITE:0-0
4311f2-4311fb,2,4,68dc124300f95e7803,,WRITE:0-0
4311fb-4311fd,1,1,7901,,WRITE:0-0
4311fe-43120c,2,5,85d36878ed79cdf95fe801000000,,WRITE:0-0
43120d-431215,2,2,83c404e905000000,,WRITE:0-0
43121a-431225,2,4,6880000000668bdf59eb01,,WRITE:0-0
431226-431232,2,4,c1cadaad83c6fce801000000,,WRITE:0-0
431229-431232,128,3,ad83c6fce801000000,,WRITE:0-0
431233-431238,129,2,83042406c3,,WRITE:0-0
431238-43123d,128,1,e905000000,,WRITE:0-0
431242-43124a,129,3,33c750e801000000,,WRITE:0-0
43124b-431254,129,3,83c40458e905000000,,WRITE:0-0
431259-431261,129,2,c1c019e801000000,,WRITE:0-0
431262-431271,129,4,83c40466c1c5ad034604e801000000,,WRITE:0-0
431272-431277,129,2,83c4047d02,,WRITE:0-0
431279-431281,129,3,890650e801000000,m,WRITE:4312dc-4314d8
431282-43128b,129,3,83c40458e913000000,,WRITE:0-0
43129e-4312a6,129,2,81ef68b6df7eeb01,,WRITE:0-0
4312a7-4312b0,129,3,fc81c6040000007603,,WRITE:0-0
4312b0-4312b2,128,1,7701,,WRITE:0-0
4312b3-4312b8,128,1,e909000000,,WRITE:0-0
4312c1-4312ca,129,2,83c1ff0f855fffffff,,WRITE:0-0
4312ca-4312cc,1,1,7403,,WRITE:0-0
4312cf-4312e1,2,3,668bea811575ea410085dbfaade81fceffff,m,WRITE:41ea75-0
4312e1-4312f0,2,2,6681bd2cf5400000ff0f84ac000000,,WRITE:0-0
4312f0-4312fb,2,2,6681bd2cf5400001ff7439,,WRITE:0-0
4312fb-43130a,2,6,909090906681bd2cf5400002ff7453,,WRITE:0-0
43130a-431313,2,5,90909090e989000000,,WRITE:0-0
43139c-4313a9,2,2,80bd0d444100000f841b010000,,WRITE:0-0
4314c4-4314cd,2,2,80bd6cf7400001740c,,WRITE:0-0
4314cd-4314e6,2,15,909090909090909090909090c685393d4100c360e800000000,,WRITE:0-0
4314e6-431501,2,9,5e83ee06b90402000029cebae06f7edcc1e90283e90283f9007c1a,,WRITE:0-0
4314fc-431501,129,2,83f9007c1a,,WRITE:0-0
431501-43151b,129,9,8b048e8b5c8e042bc3c1c81933c281c268b6df7e89048e49ebe1,m,WRITE:4314d8-4312dc
43151b-431522,2,3,6161e84c050000,,WRITE:0-0
431a6e-431a71,2,2,60eb04,,WRITE:0-0
431a75-431a77,1,1,7201,,WRITE:0-0
431a77-431a82,2,7,454d87ddd3c5fc8bda7203,,WRITE:0-0
431a82-431a84,1,1,7301,,WRITE:0-0
431a85-431a8e,2,2,66bb61fbe801000000,,WRITE:0-0
431a8f-431a97,2,3,83c40466d3eb7203,,WRITE:0-0
431a97-431a99,1,1,7301,,WRITE:0-0
431a9a-431aa1,2,2,1beee801000000,,WRITE:0-0
431aa2-431aa9,2,3,83c40423ceeb01,,WRITE:0-0
431aaa-431ab5,2,3,6681e54d5250e801000000,,WRITE:0-0
431ab6-431ac2,2,5,83c4045885eb50e801000000,,WRITE:0-0
431ac3-431acf,2,5,83c4045887cb50e801000000,,WRITE:0-0
431ad0-431ad6,2,3,83c404587201,,WRITE:0-0
431ad6-431adc,2,2,f8e801000000,,WRITE:0-0
431add-431ae8,2,3,83c40466d3e9e801000000,,WRITE:0-0
431ae9-431aee,2,2,83042406c3,,WRITE:0-0
431aee-431af7,2,3,6623ee50e801000000,,WRITE:0-0
431af8-431b03,2,4,83c40458bbe2eb2b2beb01,,WRITE:0-0
431b04-431b06,1,1,7c01,,WRITE:0-0
431b06-431b0c,2,2,4be800000000,,WRITE:0-0
431b0c-431b14,2,4,5d8bc53b451d7c06,,WRITE:0-0
431b14-431b1c,2,3,03451d89451deb01,,WRITE:0-0
431b1d-431b1f,1,1,7201,,WRITE:0-0
431b1f-431b26,2,2,430f8602000000,,WRITE:0-0
431b26-431b32,2,3,85ebbe1f1c4300e801000000,,WRITE:0-0
431b33-431b38,2,2,83042406c3,,WRITE:0-0
431b38-431b3d,1,1,e90a000000,,WRITE:0-0
431b47-431b55,2,5,68fed9be0a87d95a50e801000000,,WRITE:0-0
431b56-431b71,2,8,83c40458d3c566c1fd6db8e4297f6666c1e9fe81c008d780997c03,,WRITE:0-0
431b71-431b73,1,1,7d01,,WRITE:0-0
431b74-431b7a,2,4,41f88b3e7a03,,WRITE:0-0
431b76-431b7a,236,2,8b3e7a03,,WRITE:0-0
431b7a-431b7c,119,1,7b01,,WRITE:0-0
431b7d-431b82,236,1,e901000000,,WRITE:0-0
431b83-431b87,237,2,03faeb01,,WRITE:0-0
431b88-431b96,237,3,81e11568ba9ec1c701e801000000,,WRITE:0-0
431b97-431b9c,237,2,83042406c3,,WRITE:0-0
431b9c-431ba1,236,1,e901000000,,WRITE:0-0
431ba2-431baa,237,2,2b7e04e801000000,,WRITE:0-0
431bab-431bb0,237,2,83042406c3,,WRITE:0-0
431bb0-431bb5,236,1,e901000000,,WRITE:0-0
431bb6-431bc4,237,4,538f0561e94100893ee801000000,m,WRITE:41e961-431fcb
431bc5-431bcd,237,2,83c404e902000000,,WRITE:0-0
431bcf-431bda,237,2,81ea527d7ebae801000000,,WRITE:0-0
431bdb-431be3,237,2,83c404e906000000,,WRITE:0-0
431be9-431bf1,237,2,81eefcffffff7a03,,WRITE:0-0
431bf1-431bf3,118,1,7b01,,WRITE:0-0
431bf4-431c0b,237,5,66d3e14b8135cde94100d98c73bd83c0ff0f856bffffff,m,WRITE:41e9cd-41e9cd
431c0b-431c10,1,1,e801000000,,WRITE:0-0
431c11-431c16,2,2,83042406c3,,WRITE:0-0
431c16-431c1c,1,1,0f8d03000000,,WRITE:0-0
431c1f-431c24,1,1,e8dcc4ffff,,WRITE:0-0
431c24-431c46,2,5,c6856e4a4100c3c6856df7400000c685744a41000080bd6cf74000010f848d030000,,WRITE:0-0
431c46-431c54,2,3,8a85634c41000ac00f847f030000,,WRITE:0-0
431fd3-431fd9,2,2,60e800000000,,WRITE:0-0
431fd9-431ff4,2,9,5e83ee06b9b403000029cebab8cfa1d8c1e90283e90283f9007c1a,,WRITE:0-0
431fef-431ff4,237,2,83f9007c1a,,WRITE:0-0
431ff4-43200e,237,9,8b048e8b5c8e0403c3c1c8012bc281c2527d7eba89048e49ebe1,m,WRITE:431fcb-431c1f
43200e-432019,2,3,6166c1dbb10f8701000000,,WRITE:0-0
43201a-43201f,1,1,e801000000,,WRITE:0-0
432020-432029,2,2,83c4040f8403000000,,WRITE:0-0
432029-43202e,2,2,6633d0eb01,,WRITE:0-0
43202f-432039,2,2,6681cd96f3e801000000,,WRITE:0-0
43203a-432041,2,3,83c40485ebeb01,,WRITE:0-0
432042-432049,2,2,d3e5e801000000,,WRITE:0-0
43204a-432050,2,3,83c404437a03,,WRITE:0-0
432053-432059,2,2,4ae801000000,,WRITE:0-0
43205a-43205f,2,2,83042406c3,,WRITE:0-0
43205f-432063,2,2,87ddeb01,,WRITE:0-0
432064-43206c,2,3,1be850e801000000,,WRITE:0-0
43206d-432076,2,4,83c40458662bd07803,,WRITE:0-0
432076-432078,1,1,7901,,WRITE:0-0
432079-43207f,1,1,0f8102000000,,WRITE:0-0
432081-432086,1,1,e801000000,,WRITE:0-0
432087-43208c,2,2,83042406c3,,WRITE:0-0
43208c-43208e,1,1,7705,,WRITE:0-0
432093-432095,1,1,7803,,WRITE:0-0
432095-432097,1,1,7901,,WRITE:0-0
432098-43209e,2,2,43e801000000,,WRITE:0-0
43209f-4320a4,2,2,83042406c3,,WRITE:0-0
4320a4-4320ab,2,2,6681f53a47eb01,,WRITE:0-0
4320ac-4320b0,2,2,0befeb01,,WRITE:0-0
4320b1-4320b7,1,1,0f8301000000,,WRITE:0-0
4320b8-4320ba,1,1,7a03,,WRITE:0-0
4320bd-4320c4,2,3,f950e801000000,,WRITE:0-0
4320c5-4320d1,2,4,83c40458662bd0e800000000,,WRITE:0-0
4320d1-4320d9,2,4,5d8bc53b45157c06,,WRITE:0-0
4320d9-4320e1,2,3,034515894515eb01,,WRITE:0-0
4320e2-4320e4,1,1,7a01,,WRITE:0-0
4320e4-4320ec,2,3,42b8b92143007803,,WRITE:0-0
4320ec-4320ee,1,1,7901,,WRITE:0-0
4320ef-4320f7,2,3,42685781e7e47104,,WRITE:0-0
4320fb-4320fe,2,2,5e7203,,WRITE:0-0
4320fe-432100,1,1,7301,,WRITE:0-0
432101-432115,2,5,87ddbf259afd3287eb81c7046602cde801000000,,WRITE:0-0
432116-43211b,2,2,83042406c3,,WRITE:0-0
43211b-43211d,1,1,7102,,WRITE:0-0
43211f-43212c,2,3,81c562317dcf8b08e801000000,,WRITE:0-0
432125-43212c,41,2,8b08e801000000,,WRITE:0-0
43212d-432132,42,2,83042406c3,,WRITE:0-0
432132-432137,41,1,e901000000,,WRITE:0-0
432138-43213c,42,2,2bceeb01,,WRITE:0-0
43213d-432143,42,3,f8c1c10e7203,,WRITE:0-0
432143-432145,19,1,7301,,WRITE:0-0
432146-432156,42,6,66d3d5668bd183e8fc2b0883e804eb01,,WRITE:0-0
432157-43215c,41,1,e903000000,,WRITE:0-0
43215f-432167,42,3,890850e801000000,m,WRITE:4321b9-432259
432168-43217c,42,6,83c4045866c1db8481f63961b38e50e801000000,,WRITE:0-0
43217d-432183,42,3,83c404587202,,WRITE:0-0
432183-432190,42,3,87d381c004000000e801000000,,WRITE:0-0
432191-432196,42,2,83042406c3,,WRITE:0-0
432196-43219b,42,2,668bea7104,,WRITE:0-0
43219f-4321a8,42,2,83c7ff0f857dffffff,,WRITE:0-0
4321a8-4321aa,1,1,7203,,WRITE:0-0
4321ad-4321b2,1,1,e907000000,,WRITE:0-0
4321b9-4321be,1,1,e842bfffff,,WRITE:0-0
4321be-4321cb,2,2,80bd744a4100000f8497000000,,WRITE:0-0
432262-432268,2,2,60e800000000,,WRITE:0-0
432268-432283,2,9,5e83ee06b9a900000029ceba5781e7e4c1e90283e90283f9007c1a,,WRITE:0-0
43227e-432283,42,2,83f9007c1a,,WRITE:0-0
432283-43229d,42,9,8b048e8b5c8e0403c3c1c80e03c281f23961b38e89048e49ebe1,m,WRITE:432259-4321b9
43229d-4322a0,2,3,6161c3,,WRITE:0-0
4322a5-4322af,825,5,604ff90bf3e801000000,,WRITE:0-0
4322b0-4322ba,2,3,83c40403f3e801000000,,WRITE:0-0
4322bb-4322c3,2,3,83c404668bf2eb01,,WRITE:0-0
4322c4-4322cb,2,3,f950e801000000,,WRITE:0-0
4322cc-4322d6,2,4,83c4045866c1dfd8eb01,,WRITE:0-0
4322d7-4322df,2,2,6623cfe801000000,,WRITE:0-0
4322e0-4322e5,2,2,83c4047005,,WRITE:0-0
4322e5-4322f0,2,3,6681e9253050e801000000,,WRITE:0-0
4322f1-4322fc,2,5,83c404584150e801000000,,WRITE:0-0
4322fd-432304,2,4,83c404584f7c03,,WRITE:0-0
432304-432306,1,1,7d01,,WRITE:0-0
432307-43230f,2,3,0bfa50e801000000,,WRITE:0-0
432310-432317,2,4,83c40458f87c03,,WRITE:0-0
432317-432319,1,1,7d01,,WRITE:0-0
43231a-43231e,2,2,87f9eb01,,WRITE:0-0
43231f-432325,1,1,0f8b06000000,,WRITE:0-0
43232b-432330,1,1,e801000000,,WRITE:0-0
432331-432336,2,2,83042406c3,,WRITE:0-0
432336-43233c,1,1,0f8d02000000,,WRITE:0-0
43233e-432340,1,1,eb01,,WRITE:0-0
432341-432346,2,2,c1d1f7eb01,,WRITE:0-0
432347-43234a,2,2,f87e03,,WRITE:0-0
43234a-43234c,1,1,7f01,,WRITE:0-0
43234d-432351,2,2,87ceeb01,,WRITE:0-0
432352-432358,1,1,0f8105000000,,WRITE:0-0
43235d-432362,1,1,e800000000,,WRITE:0-0
432362-43236a,2,4,5d8bc53b45207c06,,WRITE:0-0
43236a-432375,2,3,034520894520e801000000,,WRITE:0-0
432376-43237e,2,2,83c404e903000000,,WRITE:0-0
432381-432388,2,2,bb502443007203,,WRITE:0-0
432388-43238a,1,1,7301,,WRITE:0-0
43238b-432390,1,1,e902000000,,WRITE:0-0
432392-4323a4,2,5,b82b864ed7f981c06fd22a5850e801000000,,WRITE:0-0
4323a5-4323bb,2,8,83c4045887f7fcbd058489131bc881c5967c76ec7803,,WRITE:0-0
4323bb-4323bd,1,1,7901,,WRITE:0-0
4323be-4323d4,2,5,66d3ff8bfb810515ea4100a2df00b98b13e801000000,m,WRITE:41ea15-0
4323cd-4323d4,155,2,8b13e801000000,,WRITE:0-0
4323d5-4323e1,156,5,83c40466b95abdf933d0eb01,,WRITE:0-0
4323e2-4323e7,155,1,e902000000,,WRITE:0-0
4323e9-4323ee,156,2,c1c212eb01,,WRITE:0-0
4323ef-4323ff,156,7,f94683ebfc2b1383c3fc50e801000000,,WRITE:0-0
432400-432406,156,3,83c404587a03,,WRITE:0-0
432406-432410,156,3,662bce8913e801000000,m,WRITE:432450-4326b8
432411-432416,156,2,83c4047401,,WRITE:0-0
432416-432422,156,3,f981f065a88d4de801000000,,WRITE:0-0
432423-432430,156,4,83c40487f983c304e801000000,,WRITE:0-0
432431-432439,156,2,83c404e903000000,,WRITE:0-0
43243c-432443,156,2,4d0f858affffff,,WRITE:0-0
432443-432445,1,1,eb01,,WRITE:0-0
432446-432455,2,3,becd0e0091b93f9a277ee8abbcffff,,WRITE:0-0
432455-43248c,2,10,c685a5524100c3c7850bf940000010400001ad0bf9400083850bf94000108b9546f840008bb507f9400003f28b460c0bc00f8425020000,a,WRITE:0-0
432481-43248c,3,3,8b460c0bc00f8425020000,a,WRITE:0-0
43248c-4324a5,3,13,83660c0003c28bd85657508bf38bfbacc0c003aa803f0075f6,anm,WRITE:41b2c8-41b558
43249b-4324a5,21,5,acc0c003aa803f0075f6,am,WRITE:41b41f-41b563
4324a5-4324af,3,5,585f5e50ff9520854100,,WRITE:0-0
4324af-4324b3,3,2,0bc07543,,WRITE:0-0
4324f6-432500,3,6,602bc0880343380375f9,am,WRITE:41b41e-41b558
4324f9-432500,21,4,880343380375f9,am,WRITE:41b41f-41b563
432500-43251d,3,7,6189853ef84000c78542f84000000000008b9546f840008b060bc07507,a,WRITE:0-0
432511-43251d,68,4,8b9546f840008b060bc07507,a,WRITE:0-0
432524-432541,70,8,03c2038542f840008b188b7e1003fa03bd42f8400085db0f8462010000,a,WRITE:0-0
432541-432549,68,2,f7c300000080751d,,WRITE:0-0
432549-432563,68,16,9090909003da83c3025657508bf38bfbacc0c003aa803f0075f6,am,WRITE:41b40e-41b8c8
432559-432563,946,5,acc0c003aa803f0075f6,am,WRITE:41b40f-41b8d2
432563-43256e,68,5,585f5e3b9d46f840007c11,,WRITE:0-0
43256e-43257b,68,6,9090909083bd1a20400000750a,,WRITE:0-0
43257b-432592,68,8,9090909081e3ffffff0f53ffb53ef84000ff951c854100,,WRITE:0-0
432592-43259a,68,2,3b9d46f840007c0f,,WRITE:0-0
43259a-4325a8,68,10,90909090602bc0880343380375f9,am,WRITE:41b40e-41b8c8
4325a1-4325a8,946,4,880343380375f9,am,WRITE:41b40f-41b8d2
4325a8-4325b1,68,3,610bc00f8415ffffff,,WRITE:0-0
4325b1-4325b9,68,2,3b852c8541007420,,WRITE:0-0
4325b9-4325c5,68,6,909090903b85c4fd40007409,,WRITE:0-0
4325c5-4325cb,67,5,90909090eb14,,WRITE:0-0
4325ce-4325d6,2,2,8d8531fe4000eb09,,WRITE:0-0
4325df-4325ef,68,5,56ffb53ef840005e39b5122040007415,,WRITE:0-0
4325ef-4325fb,2,6,9090909039b5162040007409,,WRITE:0-0
432604-43260d,68,2,80bd16564100007457,,WRITE:0-0
43260d-432613,68,5,90909090eb07,,WRITE:0-0
43261a-432630,68,6,8bb50bf9400083c60d81ee021840002bf583fe007f34,,WRITE:0-0
432630-432641,68,8,909090908bb50bf940005350e88db2ffff,,WRITE:0-0
432641-432681,68,277,8bd85833c3c60668894601c7460581342400895e08c6460cc35b8bc683850bf940000d5e608bd02bbd46f840008bc7b9010100008dbdebec4000f2af0bc97413,m,WRITE:41e010-41e376
432694-4326a3,68,4,618907838542f8400004e96efeffff,anm,WRITE:41510c-415104
4326a3-4326b1,3,3,83c6148b9546f84000e9d0fdffff,,WRITE:0-0
4326b1-4326c6,2,261,8dbdebec400033c0b900010000f3ab60e800000000,m,WRITE:42bceb-42c0e7
4326c6-4326e1,2,9,5e83ee06b97002000029ceba9a58792fc1e90283e90283f9007c1a,,WRITE:0-0
4326dc-4326e1,156,2,83f9007c1a,,WRITE:0-0
4326e1-4326fb,156,9,8b048e8b5c8e0403c3c1c81233c281f265a88d4d89048e49ebe1,m,WRITE:4326b8-432450
4326fb-432702,2,3,6161e8d9d9ffff,,WRITE:0-0
432a37-432a3d,2,2,60e8c3b6ffff,,WRITE:0-0
432a3d-432a67,2,6,c7850757410000000000b9000000008db53d1b40008dbdcd1c4000c7850b57410064000000e845000000,,WRITE:0-0
432a67-432a87,2,5,b9000000008db5d0f440008dbdfcf44000c7850b5741000b000000e825000000,,WRITE:0-0
432a87-432aa7,2,5,b9000000008db5175741008dbda7584100c7850b57410064000000e805000000,,WRITE:0-0
432aa7-432aa9,1,1,eb46,,WRITE:0-0
432aac-432ab4,6,2,3b8d0b574100743a,,WRITE:0-0
432ab4-432ac2,6,8,909090908b048e8b1c8f0bc0742c,,WRITE:0-0
432ac2-432acd,3,8,909090904103d83bc277df,,WRITE:0-0
432acd-432ad1,2,2,3bda72db,,WRITE:0-0
432aef-432af1,2,2,61c3,,WRITE:0-0
432af1-432af4,2,2,60eb1d,,WRITE:0-0
432b11-432b16,1,1,e8eab5ffff,,WRITE:0-0
432b16-432b25,2,3,8b5424202b9546f84000e812ffffff,,WRITE:0-0
432b25-432b3f,2,5,ffb5075741008f85035741008b85f75a41000bc00f84e4000000,,WRITE:0-0
432c23-432c25,2,2,61c3,,WRITE:0-0
432c48-432c4f,2,3,6050e801000000,,WRITE:0-0
432c50-432c58,2,4,83c40458d3ee7803,,WRITE:0-0
432c58-432c5a,1,1,7901,,WRITE:0-0
432c5b-432c61,1,1,0f8803000000,,WRITE:0-0
432c61-432c66,2,2,c1f886eb01,,WRITE:0-0
432c67-432c71,2,3,66be6d8950e801000000,,WRITE:0-0
432c72-432c7d,2,5,83c404584150e801000000,,WRITE:0-0
432c7e-432c8c,2,4,83c40458b8dc5634eae801000000,,WRITE:0-0
432c8d-432c97,2,4,83c4044e50e801000000,,WRITE:0-0
432c98-432ca0,2,4,83c4045887f07403,,WRITE:0-0
432ca0-432ca2,1,1,7501,,WRITE:0-0
432ca3-432caa,2,2,6681f63d31eb01,,WRITE:0-0
432cab-432cad,1,1,7801,,WRITE:0-0
432cad-432cb3,2,2,46e801000000,,WRITE:0-0
432cb4-432cbd,2,3,83c40466c1d0ad7603,,WRITE:0-0
432cc0-432cc2,1,1,7206,,WRITE:0-0
432cc8-432cca,1,1,7803,,WRITE:0-0
432cca-432ccc,1,1,7901,,WRITE:0-0
432ccd-432cd0,2,2,fc7c03,,WRITE:0-0
432cd3-432cda,2,2,87c1e801000000,,WRITE:0-0
432cdb-432ce5,2,4,83c4044950e801000000,,WRITE:0-0
432ce6-432cf3,2,4,83c4045866c1cebee800000000,,WRITE:0-0
432cf3-432cfb,2,4,5d8bc53b451b7c06,,WRITE:0-0
432cfb-432d03,2,3,03451b89451beb01,,WRITE:0-0
432d04-432d09,1,1,e904000000,,WRITE:0-0
432d0d-432d1a,2,5,68f32d4300f95f50e801000000,,WRITE:0-0
432d1b-432d24,2,3,83c40458e905000000,,WRITE:0-0
432d29-432d32,2,4,6847f88299fc5deb01,,WRITE:0-0
432d33-432d38,1,1,e907000000,,WRITE:0-0
432d3f-432d4b,2,4,6808000000495be801000000,,WRITE:0-0
432d4c-432d54,2,2,83c404e90b000000,,WRITE:0-0
432d5f-432d66,9,2,8b17e801000000,,WRITE:0-0
432d67-432d6c,9,2,83042406c3,,WRITE:0-0
432d6c-432d71,8,1,e90a000000,,WRITE:0-0
432d7b-432d7f,9,2,2bd5eb01,,WRITE:0-0
432d80-432d86,8,1,0f8c03000000,,WRITE:0-0
432d86-432d8b,5,2,c1f8ab7201,,WRITE:0-0
432d89-432d8b,4,1,7201,,WRITE:0-0
432d8b-432d91,6,3,fcc1ca067c03,,WRITE:0-0
432d8c-432d91,4,2,c1ca067c03,,WRITE:0-0
432d91-432d93,4,1,7d01,,WRITE:0-0
432d94-432d9f,9,5,4e83effc031783c7fceb01,,WRITE:0-0
432da0-432da6,9,3,85c189177c03,m,WRITE:432df3-432e0f
432da6-432da8,8,1,7d01,,WRITE:0-0
432da9-432dae,8,1,e903000000,,WRITE:0-0
432db1-432dbc,9,2,81c52ce3eb22e801000000,,WRITE:0-0
432dbd-432dd0,9,5,83c404f8812d21e841006e6d6c4083c704eb01,m,WRITE:41e821-41e821
432dd1-432dd6,8,1,e90a000000,,WRITE:0-0
432de0-432de9,9,2,83c3ff0f8576ffffff,,WRITE:0-0
432de9-432dee,1,1,e801000000,,WRITE:0-0
432def-432df8,2,3,83c404f9e808b3ffff,,WRITE:0-0
432df8-432e1e,2,13,8db51c8541008dbd33fd4000b905000000f3a58dbd43fd40008d854bfe4000ab60e800000000,m,WRITE:42cd33-42cd43
432e1e-432e39,2,9,5e83ee06b92500000029ceba7b2ef68dc1e90283e90283f9007c1a,,WRITE:0-0
432e34-432e39,9,2,83f9007c1a,,WRITE:0-0
432e39-432e53,9,9,8b048e8b5c8e042bc3c1c00603c281ea2ce3eb2289048e49ebe1,m,WRITE:432e0f-432df3
432e53-432e56,2,3,6161c3,,WRITE:0-0
432e56-432e6c,2,9,6041494a4181d81b2fbc6f668bcf660bc2e801000000,,WRITE:0-0
432e6d-432e79,2,4,83c404668bd750e801000000,,WRITE:0-0
432e7a-432e81,2,4,83c40458fceb01,,WRITE:0-0
432e82-432e87,2,2,668bc2eb01,,WRITE:0-0
432e88-432e8f,2,3,4950e801000000,,WRITE:0-0
432e90-432e9a,2,3,83c404580f8502000000,,WRITE:0-0
432e9c-432e9e,1,1,eb01,,WRITE:0-0
432e9f-432ea3,2,2,87d1eb01,,WRITE:0-0
432ea4-432eac,2,2,668bc1e801000000,,WRITE:0-0
432ead-432eb7,2,3,83c40487cae801000000,,WRITE:0-0
432eb8-432ec1,2,3,83c40449e801000000,,WRITE:0-0
432ec2-432ec7,2,2,83042406c3,,WRITE:0-0
432ec7-432ed0,2,3,66d3c250e801000000,,WRITE:0-0
432ed1-432edc,2,5,83c40458fc50e801000000,,WRITE:0-0
432edd-432eea,2,4,83c4045866b8a6b9e801000000,,WRITE:0-0
432eeb-432ef0,2,2,83042406c3,,WRITE:0-0
432ef0-432ef6,1,1,0f8b01000000,,WRITE:0-0
432ef6-432efc,2,2,fce801000000,,WRITE:0-0
432efd-432f02,2,2,83042406c3,,WRITE:0-0
432f02-432f09,2,2,87c2e801000000,,WRITE:0-0
432f0a-432f0f,2,2,83042406c3,,WRITE:0-0
432f0f-432f11,1,1,7505,,WRITE:0-0
432f16-432f1b,1,1,e800000000,,WRITE:0-0
432f1b-432f23,2,4,5d8bc53b45197c06,,WRITE:0-0
432f23-432f2e,2,3,034519894519e801000000,,WRITE:0-0
432f2f-432f3a,2,4,83c40448be013043007203,,WRITE:0-0
432f3a-432f3c,1,1,7301,,WRITE:0-0
432f3d-432f4c,2,5,40662bc6bdded3596050e801000000,,WRITE:0-0
432f4d-432f56,2,3,83c40458e90b000000,,WRITE:0-0
432f61-432f6d,2,4,6809000000425be801000000,,WRITE:0-0
432f6e-432f73,2,2,83042406c3,,WRITE:0-0
432f73-432f7c,2,4,66c1d054f98b3eeb01,,WRITE:0-0
432f78-432f7c,9,2,8b3eeb01,,WRITE:0-0
432f7d-432f82,9,1,e903000000,,WRITE:0-0
432f85-432f8d,10,3,03fd50e801000000,,WRITE:0-0
432f8e-432f94,10,3,83c404587801,,WRITE:0-0
432f94-432f9e,10,4,fcc1cf1150e801000000,,WRITE:0-0
432f9f-432fa8,10,3,83c40458e904000000,,WRITE:0-0
432fac-432fb6,10,4,83eefc333e83c6fceb01,,WRITE:0-0
432fb7-432fbe,10,3,66d3fa893e7a03,m,WRITE:433001-433021
432fc1-432fd2,10,5,66bad558f981f5ca1cb4bb50e801000000,,WRITE:0-0
432fd3-432fdd,10,5,83c404584883c604eb01,,WRITE:0-0
432fde-432fe4,9,1,0f8105000000,,WRITE:0-0
432fe9-432ff2,10,3,87c24b0f8586ffffff,,WRITE:0-0
432ff2-432ff7,1,1,e801000000,,WRITE:0-0
432ff8-432ffd,2,2,83042406c3,,WRITE:0-0
432ffd-433006,2,3,d3d985c8e8fab0ffff,,WRITE:0-0
433006-43302c,2,12,b91c0000008db5fffc40008dbdef07410083c707b090aab8ff25000066ab8bc6ab83c604e2ee,m,WRITE:42d7f6-42d7f9
43301a-43302c,28,8,b090aab8ff25000066ab8bc6ab83c604e2ee,m,WRITE:42d7fd-42d8b6
43302c-433032,2,2,60e800000000,,WRITE:0-0
433032-43304d,2,9,5e83ee06b92b00000029cebaded35960c1e90283e90283f9007c1a,,WRITE:0-0
433048-43304d,10,2,83f9007c1a,,WRITE:0-0
43304d-433067,10,9,8b048e8b5c8e0433c3c1c0112bc281f2ca1cb4bb89048e49ebe1,m,WRITE:433021-433001
433067-43306a,2,3,6161c3,,WRITE:0-0
43306a-433070,2,2,60e890b0ffff,,WRITE:0-0
433070-43307d,2,4,33d28bb4953d1b40000bf67431,,WRITE:0-0
433072-43307d,2,3,8bb4953d1b40000bf67431,,WRITE:0-0
43307d-433099,2,11,9090909003b546f840008b8c95cd1c40006052516a40ff95fffc4000,,WRITE:0-0
433099-4330ae,2,12954,5a8984955d1e4000618bbc955d1e4000f3a442ebc4,a,WRITE:487a10-48aca3
4330ae-4330b0,2,2,61c3,,WRITE:0-0
4330b0-4330b7,2,2,600f8701000000,,WRITE:0-0
4330b8-4330bd,2,3,4003c27c03,,WRITE:0-0
4330c0-4330c3,2,2,42eb01,,WRITE:0-0
4330c4-4330cc,2,2,668bd7e801000000,,WRITE:0-0
4330cd-4330d3,2,3,83c404f97c03,,WRITE:0-0
4330d3-4330d5,1,1,7d01,,WRITE:0-0
4330d6-4330dd,2,2,6681e5b2147403,,WRITE:0-0
4330dd-4330df,1,1,7501,,WRITE:0-0
4330e0-4330e6,1,1,0f8a02000000,,WRITE:0-0
4330e8-4330ea,1,1,eb01,,WRITE:0-0
4330eb-4330f5,2,2,6681e0d394e801000000,,WRITE:0-0
4330f6-4330ff,2,2,83c4040f8b01000000,,WRITE:0-0
4330ff-433105,2,2,4de801000000,,WRITE:0-0
433106-43310b,2,2,83c4047d01,,WRITE:0-0
43310c-433112,2,2,50e801000000,,WRITE:0-0
433113-433121,2,5,83c4045866b80aa550e801000000,,WRITE:0-0
433122-43312a,2,4,83c404588be97803,,WRITE:0-0
43312a-43312c,1,1,7901,,WRITE:0-0
43312d-43312f,1,1,7902,,WRITE:0-0
433131-433136,1,1,e801000000,,WRITE:0-0
433137-433141,2,3,83c404d3ede800000000,,WRITE:0-0
433141-433149,2,4,5d8bc53b451e7c06,,WRITE:0-0
433149-433154,2,3,03451e89451ee801000000,,WRITE:0-0
433155-43315a,2,2,83042406c3,,WRITE:0-0
43315a-43316a,2,6,661bd342685b3243004d59e801000000,,WRITE:0-0
43316b-433170,2,2,83042406c3,,WRITE:0-0
433170-433176,1,1,0f8501000000,,WRITE:0-0
433177-433189,2,4,bf57a1928685c281f75e2b15b2e801000000,,WRITE:0-0
43318a-43318f,2,2,83042406c3,,WRITE:0-0
43318f-4331ac,2,6,81e08a633a9613c1beb51d69acb89c30c68a81eeac1d69ace801000000,,WRITE:0-0
4331ad-4331bb,2,5,83c404c1e58166c1daf98b19eb01,,WRITE:0-0
4331b7-4331bb,9,2,8b19eb01,,WRITE:0-0
4331bc-4331c1,9,1,e908000000,,WRITE:0-0
4331c9-4331d0,10,2,03dfe801000000,,WRITE:0-0
4331d1-4331d9,10,2,83c404e904000000,,WRITE:0-0
4331dd-4331e6,10,3,c1c31d50e801000000,,WRITE:0-0
4331e7-4331f3,10,5,83c4045866d3c5035904eb01,,WRITE:0-0
4331f4-4331f9,9,1,e904000000,,WRITE:0-0
4331fd-433204,10,2,8919e801000000,m,WRITE:43325b-43327b
433205-43320a,10,2,83042406c3,,WRITE:0-0
43320a-43320f,9,1,e905000000,,WRITE:0-0
433214-43321f,10,2,81ef444888c4e801000000,,WRITE:0-0
433220-433225,10,2,83042406c3,,WRITE:0-0
433225-43322a,9,1,e906000000,,WRITE:0-0
433230-43323b,10,2,81c104000000e801000000,,WRITE:0-0
43323c-433241,10,2,83042406c3,,WRITE:0-0
433241-433246,9,1,e904000000,,WRITE:0-0
43324a-433251,10,2,4e0f8566ffffff,,WRITE:0-0
433251-433253,1,1,7603,,WRITE:0-0
433256-433258,1,1,7d03,,WRITE:0-0
43325b-433260,1,1,e8a0aeffff,,WRITE:0-0
433260-43328a,2,13,8b8546f840008b703c03b546f8400083c628ad8ad802dcc1e81002d802dc889d1e20400060e800000000,,WRITE:0-0
43328a-4332a5,2,9,5e83ee06b92900000029cebae9474510c1e90283e90283f9007c1a,,WRITE:0-0
4332a0-4332a5,10,2,83f9007c1a,,WRITE:0-0
4332a5-4332bf,10,9,8b048e8b5c8e042bc3c1c81d2bc281c2444888c489048e49ebe1,m,WRITE:43327b-43325b
4332bf-4332c2,2,3,6161c3,,WRITE:0-0
4332c2-4332c7,1,1,e839aeffff,,WRITE:0-0
4332c7-4332cc,1,1,e800000000,,WRITE:0-0
4332cc-4332ea,2,6,5b2b9d0e20400081ebcc520100899d46f84000899d7bfd4000e8c6fdffff,,WRITE:0-0
4332ea-4332ef,1,1,e811aeffff,,WRITE:0-0
4332ef-4332f4,1,1,e8daa5ffff,,WRITE:0-0
4332f4-4332ff,2,2,8985d5084100e801aeffff,,WRITE:0-0
4332ff-43330b,2,2,c6856cf7400000e8f0d2ffff,,WRITE:0-0
43330b-433310,1,1,e838f9ffff,,WRITE:0-0
433310-433315,1,1,e8ebadffff,,WRITE:0-0
433315-433332,2,5,8b856b81410089857ffd40008b856f814100898583fd4000e866d0ffff,,WRITE:0-0
433332-433337,1,1,e81ffbffff,,WRITE:0-0
433337-43333c,1,1,e82efdffff,,WRITE:0-0
43333c-43333f,2,2,f97203,,WRITE:0-0
433342-433344,1,1,7801,,WRITE:0-0
433344-433347,2,2,fceb01,,WRITE:0-0
433348-43334e,2,2,4ae801000000,,WRITE:0-0
43334f-433356,2,3,83c40485d77c03,,WRITE:0-0
433356-433358,1,1,7d01,,WRITE:0-0
433359-433360,2,2,d3ebe801000000,,WRITE:0-0
433361-433366,2,2,83042406c3,,WRITE:0-0
433366-43336c,2,2,fce801000000,,WRITE:0-0
43336d-433372,2,2,83c4047701,,WRITE:0-0
433373-433375,1,1,7603,,WRITE:0-0
433375-433377,1,1,7701,,WRITE:0-0
433378-43337e,1,1,0f8102000000,,WRITE:0-0
433380-433386,2,2,50e801000000,,WRITE:0-0
433387-43338d,2,3,83c404587603,,WRITE:0-0
43338d-433392,2,2,662bf9eb01,,WRITE:0-0
433393-43339e,2,3,bfccc1c7e650e801000000,,WRITE:0-0
43339f-4333a8,2,4,83c40458668bdf7a03,,WRITE:0-0
4333ab-4333b0,2,2,668bf97203,,WRITE:0-0
4333b0-4333b2,1,1,7301,,WRITE:0-0
4333b3-4333b8,2,2,668bdaeb01,,WRITE:0-0
4333b9-4333bc,2,2,fceb01,,WRITE:0-0
4333bd-4333bf,1,1,7503,,WRITE:0-0
4333c2-4333c4,1,1,7a03,,WRITE:0-0
4333c7-4333cf,2,2,662bfae801000000,,WRITE:0-0
4333d0-4333dd,2,3,83c404bb4f809dc0e801000000,,WRITE:0-0
4333de-4333e6,2,3,83c40466d3ef7803,,WRITE:0-0
4333e6-4333e8,1,1,7901,,WRITE:0-0
4333e9-4333ef,1,1,0f8005000000,,WRITE:0-0
4333ef-4333f9,2,2,bf51560029e801000000,,WRITE:0-0
4333fa-433407,2,3,83c404bb0f2efe17e801000000,,WRITE:0-0
433408-43340d,2,2,83042406c3,,WRITE:0-0
43340d-43340f,1,1,7c03,,WRITE:0-0
43340f-433414,2,2,66d3e27203,,WRITE:0-0
433414-433416,1,1,7301,,WRITE:0-0
433417-43341c,2,2,668bfd7c03,,WRITE:0-0
43341c-43341e,1,1,7d01,,WRITE:0-0
43341f-433424,1,1,e908000000,,WRITE:0-0
43342c-433433,2,2,bf433543007603,,WRITE:0-0
433433-433435,1,1,7701,,WRITE:0-0
433436-43343e,2,3,41bbbf7eedf97703,,WRITE:0-0
433441-43344c,2,2,81f3966fe8fde801000000,,WRITE:0-0
43344d-433452,2,2,83042406c3,,WRITE:0-0
433452-433473,2,7,6681d14a616681f638e9ba0df75ae381e02b095fd881eacbf65ae350e801000000,,WRITE:0-0
433474-43347a,2,3,83c404587101,,WRITE:0-0
43347b-433486,2,3,66c1ee3f8b2fe801000000,,WRITE:0-0
43347f-433486,66,2,8b2fe801000000,,WRITE:0-0
433487-43348f,67,2,83c404e906000000,,WRITE:0-0
433495-43349c,67,2,03ebe801000000,,WRITE:0-0
43349d-4334a5,67,2,83c404e90c000000,,WRITE:0-0
4334b1-4334b6,67,2,c1c50e7c03,,WRITE:0-0
4334b6-4334b8,66,1,7d01,,WRITE:0-0
4334b9-4334be,66,1,e904000000,,WRITE:0-0
4334c2-4334d1,67,3,8135f1e941007d2bf65e2b6f04eb01,m,WRITE:41e9f1-41e9f1
4334d2-4334d7,66,1,e901000000,,WRITE:0-0
4334d8-4334df,67,2,892fe801000000,m,WRITE:433543-433647
4334e0-4334e5,67,2,83042406c3,,WRITE:0-0
4334e5-4334ea,66,1,e90d000000,,WRITE:0-0
4334f7-4334ff,67,2,81f3bd81901deb01,,WRITE:0-0
433500-433505,66,1,e8a0edffff,,WRITE:0-0
433505-43350b,66,1,0f8d02000000,,WRITE:0-0
43350b-433517,2,4,87f1be480b928f83c7047e03,,WRITE:0-0
43350d-433517,66,3,be480b928f83c7047e03,,WRITE:0-0
433517-433519,66,1,7f01,,WRITE:0-0
43351a-43351f,66,1,e901000000,,WRITE:0-0
433520-433529,67,2,83ea010f8556ffffff,,WRITE:0-0
433529-43352f,2,2,50e801000000,,WRITE:0-0
433530-433539,2,3,83c40458e90a000000,,WRITE:0-0
433543-433548,1,1,e801000000,,WRITE:0-0
433549-433557,2,4,83c40442bf4f364300e801000000,,WRITE:0-0
433558-433560,2,2,83c404e90a000000,,WRITE:0-0
43356a-43358a,2,5,8125b9ea4100db53da91b84209dae481e2fe1d1fe081e8811441a9e801000000,m,WRITE:41eab9-0
43358b-43359a,2,4,83c40441be7a20e2450f8a03000000,,WRITE:0-0
43359a-4335a5,2,3,66d3e181c6d2df1dba7603,,WRITE:0-0
4335a8-4335aa,1,1,7401,,WRITE:0-0
4335aa-4335b2,2,3,498b2fe801000000,,WRITE:0-0
4335ab-4335b2,76,2,8b2fe801000000,,WRITE:0-0
4335b3-4335bb,77,2,83c404e90a000000,,WRITE:0-0
4335c5-4335cc,77,2,2be8e801000000,,WRITE:0-0
4335cd-4335d2,77,2,83042406c3,,WRITE:0-0
4335d2-4335e0,77,4,85ca66bb8f67c1cd0ae801000000,,WRITE:0-0
4335e1-4335e6,77,2,83042406c3,,WRITE:0-0
4335e6-4335fe,77,5,ba3320f26566c1ea3f810d91e94100a47a922e336f047c03,m,WRITE:41e991-41e991
4335fe-433600,43,1,7d01,,WRITE:0-0
433601-433609,77,3,f9892fe801000000,m,WRITE:43364f-43377b
43360a-43360f,77,2,83042406c3,,WRITE:0-0
43360f-433629,77,5,fc66c1d959811df5ea41002be64d7a81e8bcd92b1ae801000000,m,WRITE:41eaf5-41eaf5
43362a-433634,77,4,83c40485d383c704eb01,,WRITE:0-0
433635-43363f,77,3,4b83ee010f856cffffff,,WRITE:0-0
43363f-433644,1,1,e801000000,,WRITE:0-0
433645-43364d,2,2,83c404e902000000,,WRITE:0-0
43364f-433654,1,1,e801000000,,WRITE:0-0
433655-43365d,2,2,83c404e905000000,,WRITE:0-0
433662-43366e,2,4,6883374300485ee801000000,,WRITE:0-0
43366f-433674,2,2,83042406c3,,WRITE:0-0
433674-433676,1,1,7b02,,WRITE:0-0
433676-433683,2,3,85e8bf693677e20f8602000000,,WRITE:0-0
433683-433690,2,3,8beb81ef3f91b3ebe801000000,,WRITE:0-0
433691-433696,2,2,83042406c3,,WRITE:0-0
433696-43369b,1,1,e89ed6ffff,,WRITE:0-0
43369b-4336a7,2,3,fcb9953966e10f8b01000000,,WRITE:0-0
4336a7-4336b4,2,4,f881f1d23966e150e801000000,,WRITE:0-0
4336b5-4336be,2,3,83c40458e87bd6ffff,,WRITE:0-0
4336be-4336c3,1,1,e903000000,,WRITE:0-0
4336c6-4336d4,2,3,811dd5e9410000bda5a18b1e7203,m,WRITE:41e9d5-0
4336d0-4336d4,71,2,8b1e7203,,WRITE:0-0
4336d4-4336d6,70,1,7301,,WRITE:0-0
4336d7-4336d9,71,1,7102,,WRITE:0-0
4336db-4336e2,72,2,03dfe801000000,,WRITE:0-0
4336e3-4336eb,72,2,83c404e909000000,,WRITE:0-0
4336f4-4336fc,72,2,c1cb19e801000000,,WRITE:0-0
4336fd-433702,72,2,83042406c3,,WRITE:0-0
433702-433707,71,1,e903000000,,WRITE:0-0
43370a-43371e,72,6,518f0519eb410083c604331e83c6fce801000000,m,WRITE:41eb19-41eb19
43371f-433724,72,2,83042406c3,,WRITE:0-0
433724-43372d,72,4,f9891e50e801000000,m,WRITE:433783-43389b
43372e-433742,72,6,83c4045887c5668bc181c7ccfaf7f6e801000000,,WRITE:0-0
433743-433748,72,2,83042406c3,,WRITE:0-0
433748-43374b,72,2,407003,,WRITE:0-0
43374b-433759,72,3,6623c781eefcffffffe801000000,,WRITE:0-0
43375a-43375f,72,2,83042406c3,,WRITE:0-0
43375f-43376a,72,3,66c1e075490f8566ffffff,,WRITE:0-0
43376a-433770,2,2,50e801000000,,WRITE:0-0
433771-433791,2,11,83c40458d3fdfc68d593cd368f0541ea410061528f05a1e9410060e801000000,m,WRITE:41ea41-41e9a1
433792-433797,2,2,83042406c3,,WRITE:0-0
433797-4337a7,2,3,81ea2c560eeeb9a4384300e801000000,,WRITE:0-0
4337a8-4337b0,2,2,83c404e904000000,,WRITE:0-0
4337b4-4337c5,2,3,812d25e84100666b53d7bda0e1f0fa7b01,m,WRITE:41e825-0
4337c6-4337ce,2,2,81c5141999c37e03,,WRITE:0-0
4337d1-4337e3,2,5,c1e0b8684c00000066c1cbb15fe801000000,,WRITE:0-0
4337e4-4337e9,2,2,83042406c3,,WRITE:0-0
4337e9-4337ee,1,1,e903000000,,WRITE:0-0
4337f1-4337f8,77,2,8b31e801000000,,WRITE:0-0
4337f9-4337fe,77,2,83042406c3,,WRITE:0-0
4337fe-433803,76,1,e8a2eaffff,,WRITE:0-0
433803-433809,76,1,0f8104000000,,WRITE:0-0
43380d-433813,77,3,03d533f57603,,WRITE:0-0
433813-433815,76,1,7701,,WRITE:0-0
433816-43381e,77,4,4b8bd3c1c615eb01,,WRITE:0-0
43381f-433824,76,1,e881eaffff,,WRITE:0-0
433824-433829,76,1,e906000000,,WRITE:0-0
43382f-433834,77,2,037104eb01,,WRITE:0-0
433835-433841,77,5,f866d3d0893150e801000000,m,WRITE:4338a4-4339d0
433842-43384b,77,3,83c40458e905000000,,WRITE:0-0
433850-43385c,77,3,81f5db3746fa50e801000000,,WRITE:0-0
43385d-433866,77,3,83c40458e90c000000,,WRITE:0-0
433872-43387a,77,2,83c104e801000000,,WRITE:0-0
43387b-433880,77,2,83042406c3,,WRITE:0-0
433880-43388f,77,4,85d381d31b0b00414f0f8562ffffff,,WRITE:0-0
43388f-433895,2,2,50e801000000,,WRITE:0-0
433896-43389e,2,4,83c4045887c27306,,WRITE:0-0
4338a4-4338af,2,5,61508f0511eb410060eb01,m,WRITE:41eb11-0
4338b0-4338b2,1,1,7701,,WRITE:0-0
4338b3-4338c0,2,4,68d939430085cd5fe801000000,,WRITE:0-0
4338c1-4338c9,2,2,83c404e905000000,,WRITE:0-0
4338ce-4338e3,2,4,bbf1215993bdc961550781c3175b4d82e801000000,,WRITE:0-0
4338e4-4338e9,2,2,83042406c3,,WRITE:0-0
4338e9-4338ee,1,1,e90b000000,,WRITE:0-0
4338f9-43390d,2,5,b81250faaa6623cf81c031b0055550e801000000,,WRITE:0-0
43390e-433917,2,3,83c40458e88ee9ffff,,WRITE:0-0
433917-43391a,2,2,f87d01,,WRITE:0-0
43391b-433922,68,2,8b17e801000000,,WRITE:0-0
433923-433928,68,2,83042406c3,,WRITE:0-0
433928-43392e,67,1,0f8c05000000,,WRITE:0-0
43392e-43393d,68,4,6681c65be581d50f21e63133d3eb01,,WRITE:0-0
43393e-433944,67,1,0f8201000000,,WRITE:0-0
433944-433955,68,5,4646813579e941005c573860c1c2097c03,m,WRITE:41e979-41e979
433955-433957,67,1,7d01,,WRITE:0-0
433958-43395d,67,1,e906000000,,WRITE:0-0
433963-433972,68,3,811dd9ea41006708351b3357047c03,m,WRITE:41ead9-41ead9
433972-433974,42,1,7d01,,WRITE:0-0
433975-43397b,67,1,0f8c03000000,,WRITE:0-0
43397b-433982,43,3,668bf189177e03,m,WRITE:4339d9-433ad1
43397e-433982,26,2,89177e03,m,WRITE:4339e5-433ae1
433982-433984,42,1,7f01,,WRITE:0-0
433985-433992,68,4,4981ebed86c73250e801000000,,WRITE:0-0
433993-43399f,68,4,83c4045885ee0f8205000000,,WRITE:0-0
43399f-4339ac,68,3,6681e55acd81effcffffff7803,,WRITE:0-0
4339ac-4339ae,67,1,7901,,WRITE:0-0
4339af-4339b1,67,1,7103,,WRITE:0-0
4339b4-4339be,68,3,fc83e8010f855dffffff,,WRITE:0-0
4339be-4339c4,2,2,50e801000000,,WRITE:0-0
4339c5-4339e7,2,9,83c4045881d5c5072c2681254de94100f93c779161508f053de9410060e801000000,m,WRITE:41e94d-41e93d
4339e8-4339ed,2,2,83042406c3,,WRITE:0-0
4339ed-4339f2,1,1,e903000000,,WRITE:0-0
4339f5-433a00,2,2,68eb3a43000f8202000000,,WRITE:0-0
433a00-433a05,2,3,8bd8587e03,,WRITE:0-0
433a05-433a07,1,1,7f01,,WRITE:0-0
433a08-433a0d,1,1,e903000000,,WRITE:0-0
433a10-433a1e,2,5,68eff59c98d3e95a50e801000000,,WRITE:0-0
433a1f-433a3c,2,9,83c40458f881c140d164d3bd55dd462bfc81ed17dd462b50e801000000,,WRITE:0-0
433a3d-433a43,2,3,83c404587801,,WRITE:0-0
433a43-433a4d,2,5,fc468b3850e801000000,,WRITE:0-0
433a45-433a4d,62,3,8b3850e801000000,,WRITE:0-0
433a4e-433a54,63,3,83c404587d01,,WRITE:0-0
433a55-433a5c,63,3,c1d1c42bfa7a03,,WRITE:0-0
433a5c-433a5e,35,1,7b01,,WRITE:0-0
433a5f-433a66,63,2,b93427bcbc7202,,WRITE:0-0
433a66-433a71,24,4,87f3c1c71f50e801000000,,WRITE:0-0
433a68-433a71,40,3,c1c71f50e801000000,,WRITE:0-0
433a72-433a7b,63,3,83c40458e903000000,,WRITE:0-0
433a7e-433a86,63,2,037804e801000000,,WRITE:0-0
433a87-433a96,63,5,83c404668bddd3e68938e801000000,m,WRITE:433aeb-433bdf
433a97-433a9c,63,2,83042406c3,,WRITE:0-0
433a9c-433aa1,62,1,e90d000000,,WRITE:0-0
433aae-433ab6,63,2,81ea3b75c5557803,,WRITE:0-0
433ab6-433ab8,23,1,7901,,WRITE:0-0
433ab9-433ac8,63,3,66b9f53581e8fcffffffe801000000,,WRITE:0-0
433ac9-433ad1,63,2,83c404e8d4e7ffff,,WRITE:0-0
433ad1-433ad6,62,1,e908000000,,WRITE:0-0
433ade-433ae7,63,2,83c5ff0f855effffff,,WRITE:0-0
433ae7-433ae9,1,1,eb01,,WRITE:0-0
433aea-433af9,2,6,fc61518f0549ea410060e801000000,m,WRITE:41ea49-0
433afa-433aff,2,2,83042406c3,,WRITE:0-0
433aff-433b04,1,1,e903000000,,WRITE:0-0
433b07-433b10,2,4,68e73b4300455aeb01,,WRITE:0-0
433b11-433b22,2,6,4766d3df68a50e3bad85f758e801000000,,WRITE:0-0
433b23-433b28,2,2,83042406c3,,WRITE:0-0
433b28-433b2e,1,1,0f8d02000000,,WRITE:0-0
433b30-433b3a,2,3,66d3c6b942000000eb01,,WRITE:0-0
433b3b-433b40,1,1,e901000000,,WRITE:0-0
433b41-433b48,67,2,8b1ae801000000,,WRITE:0-0
433b49-433b51,67,2,83c404e902000000,,WRITE:0-0
433b53-433b5b,67,3,2bd850e801000000,,WRITE:0-0
433b5c-433b66,67,3,83c404580f8202000000,,WRITE:0-0
433b66-433b6d,67,3,8bfac1cb197803,,WRITE:0-0
433b6d-433b6f,66,1,7901,,WRITE:0-0
433b70-433b72,66,1,7401,,WRITE:0-0
433b72-433b79,67,2,4f0f8d03000000,,WRITE:0-0
433b7c-433b89,67,4,83c204031a83ea04e801000000,,WRITE:0-0
433b8a-433b93,67,2,83c4040f8601000000,,WRITE:0-0
433b93-433b9c,67,4,4666be480f891a7403,m,WRITE:433be7-433ceb
433b9c-433b9e,66,1,7501,,WRITE:0-0
433b9f-433bac,67,3,85fd81e8651d3deee801000000,,WRITE:0-0
433bad-433bb5,67,2,83c404e8f0e6ffff,,WRITE:0-0
433bb5-433bba,66,1,e901000000,,WRITE:0-0
433bbb-433bc3,67,2,81c204000000eb01,,WRITE:0-0
433bc4-433bc9,66,1,e906000000,,WRITE:0-0
433bcf-433bd6,67,2,490f856bffffff,,WRITE:0-0
433bd6-433bdc,2,2,50e801000000,,WRITE:0-0
433bdd-433be6,2,3,83c40458e901000000,,WRITE:0-0
433be7-433bec,1,1,e801000000,,WRITE:0-0
433bed-433bf2,2,2,83042406c3,,WRITE:0-0
433bf2-433c00,2,6,c1ee7d85f168f33c43004958eb01,,WRITE:0-0
433c01-433c06,1,1,e903000000,,WRITE:0-0
433c09-433c1b,2,4,bf3fe4d520b98460038f81efa46bd8237c03,,WRITE:0-0
433c1e-433c23,1,1,e909000000,,WRITE:0-0
433c2c-433c3d,2,3,81252de8410007977fb5683c0000007b02,m,WRITE:41e82d-0
433c3f-433c46,2,3,5d50e801000000,,WRITE:0-0
433c47-433c54,2,5,83c4045887f18b18e801000000,,WRITE:0-0
433c4d-433c54,60,2,8b18e801000000,,WRITE:0-0
433c55-433c5a,61,2,83042406c3,,WRITE:0-0
433c5a-433c5f,60,1,e90b000000,,WRITE:0-0
433c6a-433c6e,61,2,2bdf7803,,WRITE:0-0
433c6e-433c70,31,1,7901,,WRITE:0-0
433c71-433c76,60,1,e901000000,,WRITE:0-0
433c77-433c80,61,3,c1c31150e801000000,,WRITE:0-0
433c81-433c90,61,6,83c4045803f52b580450e801000000,,WRITE:0-0
433c91-433ca0,61,4,83c40458ba09fb4d5b0f8104000000,,WRITE:0-0
433ca4-433cac,61,3,891850e801000000,m,WRITE:433cf3-433ddf
433cad-433cbf,61,5,83c40458668bd381ef5d9cd524e801000000,,WRITE:0-0
433cc0-433cd1,61,5,83c40485d681e8fcffffff50e801000000,,WRITE:0-0
433cd2-433ce0,61,5,83c404584e83ed010f856dffffff,,WRITE:0-0
433ce0-433ce5,1,1,e801000000,,WRITE:0-0
433ce6-433ceb,2,2,83042406c3,,WRITE:0-0
433ceb-433cf0,1,1,e903000000,,WRITE:0-0
433cf3-433cf9,2,2,50e801000000,,WRITE:0-0
433cfa-433d0c,2,6,83c4045887fabacca46d0968e83d43007b02,,WRITE:0-0
433d0c-433d11,2,3,85f25beb01,,WRITE:0-0
433d12-433d17,1,1,e902000000,,WRITE:0-0
433d19-433d24,2,2,b9d9e9532d0f8301000000,,WRITE:0-0
433d25-433d30,2,2,81f153345579e801000000,,WRITE:0-0
433d31-433d4b,2,9,83c404f84f528f0595e94100683900000066d3cf5de801000000,m,WRITE:41e995-0
433d4c-433d51,2,2,83042406c3,,WRITE:0-0
433d51-433d56,1,1,e902000000,,WRITE:0-0
433d58-433d5f,58,2,8b03e801000000,,WRITE:0-0
433d60-433d65,58,2,83042406c3,,WRITE:0-0
433d65-433d6a,57,1,e907000000,,WRITE:0-0
433d71-433d78,58,2,2bc1e801000000,,WRITE:0-0
433d79-433d85,58,4,83c404f9c1c002e801000000,,WRITE:0-0
433d86-433d8b,58,2,83042406c3,,WRITE:0-0
433d8b-433d8f,58,2,85d77d02,,WRITE:0-0
433d91-433d9b,58,4,83ebfc030383c3fceb01,,WRITE:0-0
433d9c-433da1,57,1,e901000000,,WRITE:0-0
433da2-433da6,58,2,8903eb01,m,WRITE:433de8-433ec8
433da7-433db5,58,4,87f7f981e985622265e801000000,,WRITE:0-0
433db6-433dbb,58,2,83042406c3,,WRITE:0-0
433dbb-433dc5,58,3,87f781ebfcffffffeb01,,WRITE:0-0
433dc6-433dcb,57,1,e908000000,,WRITE:0-0
433dd3-433ddc,58,2,83ed010f857cffffff,,WRITE:0-0
433ddc-433de1,1,1,e801000000,,WRITE:0-0
433de2-433ded,2,4,83c40423d64fe801000000,,WRITE:0-0
433dee-433df3,2,2,83042406c3,,WRITE:0-0
433df3-433df8,1,1,e907000000,,WRITE:0-0
433dff-433e0a,2,3,b9d23e430050e801000000,,WRITE:0-0
433e0b-433e16,2,4,83c40458450f8a03000000,,WRITE:0-0
433e16-433e2e,2,7,c1cb2c518f0515e94100bf30e6ca8a4d81ef353872efeb01,m,WRITE:41e915-0
433e2f-433e31,1,1,7901,,WRITE:0-0
433e31-433e39,2,3,4ab83f0000007c03,,WRITE:0-0
433e39-433e3b,1,1,7d01,,WRITE:0-0
433e3c-433e3e,1,1,7501,,WRITE:0-0
433e3f-433e44,2,3,fc8b31eb01,,WRITE:0-0
433e40-433e44,63,2,8b31eb01,,WRITE:0-0
433e45-433e47,63,1,7801,,WRITE:0-0
433e47-433e4f,64,3,fc33f7e801000000,,WRITE:0-0
433e50-433e55,64,2,83042406c3,,WRITE:0-0
433e55-433e62,64,4,8be866d3c3c1ce01e801000000,,WRITE:0-0
433e63-433e68,64,2,83042406c3,,WRITE:0-0
433e68-433e6d,63,1,e903000000,,WRITE:0-0
433e70-433e75,64,2,3371047403,,WRITE:0-0
433e75-433e77,63,1,7501,,WRITE:0-0
433e78-433e81,64,4,f84d8931e801000000,m,WRITE:433ed2-433fca
433e82-433e87,64,2,83042406c3,,WRITE:0-0
433e87-433e8c,63,1,e903000000,,WRITE:0-0
433e8f-433e9b,64,3,81efbfbf25f350e801000000,,WRITE:0-0
433e9c-433ea2,64,3,83c404587002,,WRITE:0-0
433ea2-433eaf,64,4,87d366d3cb81c1040000007403,,WRITE:0-0
433eaf-433eb1,63,1,7501,,WRITE:0-0
433eb2-433eb8,63,1,0f8a01000000,,WRITE:0-0
433eb8-433ec2,33,3,4b83c0ff0f857effffff,,WRITE:0-0
433eb9-433ec2,32,2,83c0ff0f857effffff,,WRITE:0-0
433ec2-433ec7,1,1,e801000000,,WRITE:0-0
433ec8-433ecd,2,2,83042406c3,,WRITE:0-0
433ecd-433ed4,2,3,4b66bdf48d7803,,WRITE:0-0
433ed4-433ed6,1,1,7901,,WRITE:0-0
433ed7-433edc,1,1,e8c9e3ffff,,WRITE:0-0
433edc-433ee7,2,3,45bbd23f4300e801000000,,WRITE:0-0
433ee8-433eed,2,2,83042406c3,,WRITE:0-0
433eed-433ef2,1,1,e903000000,,WRITE:0-0
433ef5-433efc,2,2,bfda4629ed7903,,WRITE:0-0
433eff-433f0b,2,3,81efc5ff826150e801000000,,WRITE:0-0
433f0c-433f15,2,3,83c40458e908000000,,WRITE:0-0
433f1d-433f2e,2,4,be9f55ccb54881ee5d55ccb5e801000000,,WRITE:0-0
433f2f-433f34,2,2,83042406c3,,WRITE:0-0
433f34-433f40,2,4,66b812e98b1350e801000000,,WRITE:0-0
433f38-433f40,66,3,8b1350e801000000,,WRITE:0-0
433f41-433f4a,67,3,83c40458e901000000,,WRITE:0-0
433f4b-433f5c,67,3,811d05eb4100e2a180822bd7e801000000,m,WRITE:41eb05-41eb05
433f5d-433f65,67,2,83c404e904000000,,WRITE:0-0
433f69-433f72,67,3,c1c20750e801000000,,WRITE:0-0
433f73-433f7f,67,6,83c40458d3e8f90353047403,,WRITE:0-0
433f7f-433f81,66,1,7501,,WRITE:0-0
433f82-433f87,66,1,e909000000,,WRITE:0-0
433f90-433f94,67,2,8913eb01,m,WRITE:433fd2-4340d6
433f95-433f9d,67,2,87e90f8c03000000,,WRITE:0-0
433f9d-433fa8,36,3,661bc581f7f49515d5eb01,,WRITE:0-0
433fa0-433fa8,32,2,81f7f49515d5eb01,,WRITE:0-0
433fa9-433fae,66,1,e903000000,,WRITE:0-0
433fb1-433fb9,67,2,81ebfcffffffeb01,,WRITE:0-0
433fba-433fbf,66,1,e905000000,,WRITE:0-0
433fc4-433fcd,67,2,83ee010f856bffffff,,WRITE:0-0
433fcd-433fcf,1,1,eb01,,WRITE:0-0
433fd0-433fd4,2,2,87c57403,,WRITE:0-0
433fd7-433fe3,2,4,66c1dac7fcb9de4043007603,,WRITE:0-0
433fe6-433feb,1,1,e84ecdffff,,WRITE:0-0
433feb-433ffc,2,6,1bc74fbd0aca087af881c5c24cf8cfeb01,,WRITE:0-0
433ffd-43400a,2,3,8bc768490000000f8a04000000,,WRITE:0-0
43400e-434011,2,2,5beb01,,WRITE:0-0
434012-434017,1,1,e902000000,,WRITE:0-0
434019-434021,74,3,8b3150e801000000,,WRITE:0-0
434022-43402b,74,4,83c40458668bfa7d01,,WRITE:0-0
43402c-434033,74,2,03f5e801000000,,WRITE:0-0
434034-434039,74,2,83042406c3,,WRITE:0-0
434039-43403f,73,1,0f8801000000,,WRITE:0-0
43403f-434048,74,3,f8c1ce12e801000000,,WRITE:0-0
434049-43404e,74,2,83042406c3,,WRITE:0-0
43404e-434053,73,1,e852e2ffff,,WRITE:0-0
434053-434058,73,1,e903000000,,WRITE:0-0
43405b-434072,74,5,810d41e84100d9e2fc8083c1042b3183e904e801000000,m,WRITE:41e841-41e841
434073-434078,74,2,83042406c3,,WRITE:0-0
434078-43407d,73,1,e905000000,,WRITE:0-0
434082-434089,74,2,8931e801000000,m,WRITE:4340de-4341fe
43408a-43408f,74,2,83042406c3,,WRITE:0-0
43408f-434095,73,1,0f8c01000000,,WRITE:0-0
434095-4340a1,74,4,fc668bc681f592817f0feb01,,WRITE:0-0
4340a2-4340ac,74,2,66b80a750f8d04000000,,WRITE:0-0
4340b0-4340bb,74,2,81e9fcffffffe801000000,,WRITE:0-0
4340bc-4340c1,74,2,83042406c3,,WRITE:0-0
4340c1-4340cf,74,4,4066baee6583c3ff0f854affffff,,WRITE:0-0
4340cf-4340d1,1,1,eb01,,WRITE:0-0
4340d2-4340d8,1,1,0f8101000000,,WRITE:0-0
4340d9-4340e3,2,2,ba50434198e801000000,,WRITE:0-0
4340e4-4340e9,2,2,83042406c3,,WRITE:0-0
4340e9-4340ee,1,1,e90b000000,,WRITE:0-0
4340f9-434106,2,4,6808424300d3d75ee801000000,,WRITE:0-0
434107-43410f,2,2,83c404e90a000000,,WRITE:0-0
434119-434120,2,2,bd76de5c7c7701,,WRITE:0-0
434121-43412d,2,3,81c5946d035450e801000000,,WRITE:0-0
43412e-434137,2,3,83c40458e905000000,,WRITE:0-0
43413c-434147,2,2,b9780cc6ca0f8601000000,,WRITE:0-0
434147-434153,2,3,4781f1460cc6cae801000000,,WRITE:0-0
434154-43415f,2,5,83c40487daad83ee04eb01,,WRITE:0-0
434159-43415f,62,3,ad83ee04eb01,,WRITE:0-0
434160-43416a,63,4,8bda33c550e801000000,,WRITE:0-0
43416b-434174,63,3,83c40458e907000000,,WRITE:0-0
43417b-434183,63,2,c1c81ce801000000,,WRITE:0-0
434184-434189,63,2,83042406c3,,WRITE:0-0
434189-43418b,62,1,7a03,,WRITE:0-0
43418b-4341a6,63,7,661bd3fc812d55ea4100e79858d183eefc2b0683ee04e801000000,m,WRITE:41ea55-41ea55
4341a7-4341bc,63,6,83c40442c1d717813529e941009c9c059389067203,m,WRITE:41e929-4342fc
4341bc-4341be,62,1,7301,,WRITE:0-0
4341bf-4341c4,62,1,e906000000,,WRITE:0-0
4341ca-4341d5,63,2,81c54d7ae77be801000000,,WRITE:0-0
4341d6-4341db,63,2,83042406c3,,WRITE:0-0
4341db-4341dd,62,1,7c01,,WRITE:0-0
4341dd-4341ec,63,4,fc66d3db81eefcffffffe801000000,,WRITE:0-0
4341ed-4341f5,63,2,83c404e906000000,,WRITE:0-0
4341fb-434202,63,2,490f8557ffffff,,WRITE:0-0
434202-434204,1,1,7803,,WRITE:0-0
434204-434206,1,1,7901,,WRITE:0-0
434207-43420d,2,2,4ae801000000,,WRITE:0-0
43420e-43421b,2,5,83c404fc87f7ba06434300eb01,,WRITE:0-0
43421c-434221,1,1,e907000000,,WRITE:0-0
434228-43422f,2,2,bd609de1127703,,WRITE:0-0
434232-43423a,2,2,81ed75ae930d7e03,,WRITE:0-0
43423a-43423c,1,1,7f01,,WRITE:0-0
43423d-434242,1,1,e904000000,,WRITE:0-0
434246-434255,2,4,bba790ea5d87f781eb6890ea5d7403,,WRITE:0-0
434255-434257,1,1,7501,,WRITE:0-0
434258-434261,2,4,fc8b0250e801000000,,WRITE:0-0
434259-434261,63,3,8b0250e801000000,,WRITE:0-0
434262-43427b,64,7,83c4045881e64eadc322418105ade841005d6ba5642bc57e03,m,WRITE:41e8ad-41e8ad
43427b-43427d,36,1,7f01,,WRITE:0-0
43427e-434287,64,4,d3c787cec1c00b7403,,WRITE:0-0
434287-434289,63,1,7501,,WRITE:0-0
43428a-43429d,64,5,81c999e129d083c204330283ea04e801000000,,WRITE:0-0
43429e-4342a3,64,2,83042406c3,,WRITE:0-0
4342a3-4342ad,64,4,23fa890250e801000000,m,WRITE:434306-4343fe
4342ae-4342be,64,5,83c404584e81c587089aade801000000,,WRITE:0-0
4342bf-4342d1,64,5,83c40481e92615614683c20450e801000000,,WRITE:0-0
4342d2-4342df,64,4,83c40458c1e6930f8202000000,,WRITE:0-0
4342df-4342e8,64,3,85ce4b0f8571ffffff,,WRITE:0-0
4342e8-4342ed,1,1,e801000000,,WRITE:0-0
4342ee-4342f3,2,2,83042406c3,,WRITE:0-0
4342f3-4342f8,1,1,e904000000,,WRITE:0-0
4342fc-434308,2,2,81355de94100ee0e86d77a03,m,WRITE:41e95d-0
43430b-434319,2,5,b8c4cf5d056808444300f8597203,,WRITE:0-0
434319-43431b,1,1,7301,,WRITE:0-0
43431c-434321,1,1,e884dfffff,,WRITE:0-0
434321-434326,1,1,e902000000,,WRITE:0-0
434328-434334,2,4,685cebfafb455ee801000000,,WRITE:0-0
434335-43433a,2,2,83042406c3,,WRITE:0-0
43433a-434345,2,3,66bf6e67bb53ca07217503,,WRITE:0-0
434348-434350,2,2,81f36cca07217c03,,WRITE:0-0
434350-434352,1,1,7d01,,WRITE:0-0
434353-434361,2,4,bdc0d449d4b889462e8d8b11eb01,,WRITE:0-0
43435d-434361,63,2,8b11eb01,,WRITE:0-0
434362-434368,63,1,0f8402000000,,WRITE:0-0
434368-434377,64,5,85e86681f0621f03d650e801000000,,WRITE:0-0
434378-434381,64,3,83c40458e824dfffff,,WRITE:0-0
434381-434386,63,1,e901000000,,WRITE:0-0
434387-434390,64,3,c1c21850e801000000,,WRITE:0-0
434391-43439a,64,3,83c40458e908000000,,WRITE:0-0
4343a2-4343aa,64,2,2b5104e801000000,,WRITE:0-0
4343ab-4343b0,64,2,83042406c3,,WRITE:0-0
4343b0-4343b5,64,3,fc8911eb01,m,WRITE:434408-434500
4343b6-4343b8,63,1,7c01,,WRITE:0-0
4343b8-4343c3,64,4,f987ef81eee70f7a84eb01,,WRITE:0-0
4343c4-4343c9,63,1,e904000000,,WRITE:0-0
4343cd-4343d8,64,2,81c104000000e801000000,,WRITE:0-0
4343d9-4343de,64,2,83042406c3,,WRITE:0-0
4343de-4343f7,64,5,fc6681e0c6108105c5e84100b3f9f3fe83eb010f8566ffffff,m,WRITE:41e8c5-41e8c5
4343f7-4343fc,1,1,e801000000,,WRITE:0-0
4343fd-434402,2,2,83042406c3,,WRITE:0-0
434402-434407,1,1,e901000000,,WRITE:0-0
434408-434416,2,5,61568f05d9e9410060e801000000,m,WRITE:41e9d9-0
434417-43441c,2,2,83042406c3,,WRITE:0-0
43441c-434427,2,3,fcbe0a454300e801000000,,WRITE:0-0
434428-43442d,2,2,83042406c3,,WRITE:0-0
43442d-434432,1,1,e902000000,,WRITE:0-0
434434-43443b,2,2,b9ebc07c0e7002,,WRITE:0-0
43443b-434445,2,3,8bf981f1f1747aaeeb01,,WRITE:0-0
434446-43444b,1,1,e906000000,,WRITE:0-0
434451-434460,2,4,bb3ba99b9187ef81c30957646eeb01,,WRITE:0-0
434461-434467,1,1,0f8002000000,,WRITE:0-0
434467-434475,2,6,8bfb85fdad83ee0450e801000000,,WRITE:0-0
43446b-434475,68,4,ad83ee0450e801000000,,WRITE:0-0
434476-43447f,69,3,83c40458e902000000,,WRITE:0-0
434481-434485,69,2,2bc1eb01,,WRITE:0-0
434486-434488,68,1,7d05,,WRITE:0-0
434488-434493,37,2,bd27a5b1410f8402000000,,WRITE:0-0
43448d-434493,32,1,0f8402000000,,WRITE:0-0
434493-43449a,69,3,8bd0c1c0027803,,WRITE:0-0
43449a-43449c,37,1,7901,,WRITE:0-0
43449d-4344a6,69,3,472b4604e801000000,,WRITE:0-0
4344a7-4344bf,69,5,83c40466bf9f998105e5e84100069b53008906e801000000,m,WRITE:41e8e5-434616
4344c0-4344c6,69,3,83c4044d7c01,,WRITE:0-0
4344c6-4344cf,69,3,4581e9074e5ae5eb01,,WRITE:0-0
4344d0-4344d5,68,1,e90c000000,,WRITE:0-0
4344e1-4344e9,69,2,81c604000000eb01,,WRITE:0-0
4344ea-4344ef,68,1,e904000000,,WRITE:0-0
4344f3-4344fa,69,2,4b0f8571ffffff,,WRITE:0-0
4344fa-4344fc,1,1,eb01,,WRITE:0-0
4344fd-434502,1,1,e837c8ffff,,WRITE:0-0
434502-434507,1,1,e903000000,,WRITE:0-0
43450a-434515,2,5,61538f05b9e9410060eb01,m,WRITE:41e9b9-0
434516-43451b,1,1,e90b000000,,WRITE:0-0
434526-434531,2,3,bf1e46430050e801000000,,WRITE:0-0
434532-43453b,2,3,83c40458e909000000,,WRITE:0-0
434544-434559,2,4,bb63aec419bac51fcef881f3a7c10bf4e801000000,,WRITE:0-0
43455a-434563,2,2,83c4040f8802000000,,WRITE:0-0
434563-43456e,2,4,8bea87c5b9490000007403,,WRITE:0-0
43456e-434570,1,1,7501,,WRITE:0-0
434571-434584,2,4,85c5811525e941007504df758b37e801000000,m,WRITE:41e925-0
43457d-434584,73,2,8b37e801000000,,WRITE:0-0
434585-434594,74,6,83c404668be84a33f350e801000000,,WRITE:0-0
434595-43459e,74,3,83c40458e907000000,,WRITE:0-0
4345a5-4345aa,74,2,c1ce18eb01,,WRITE:0-0
4345ab-4345ba,74,5,6681eaec72f833770450e801000000,,WRITE:0-0
4345bb-4345ca,74,6,83c404586681f0a36987ea8937eb01,m,WRITE:43461e-43473e
4345cb-4345d0,73,1,e8d5dcffff,,WRITE:0-0
4345d0-4345dd,74,3,85c281c3286de1a6e801000000,,WRITE:0-0
4345de-4345f1,74,6,83c4042bc587ea81c70400000050e801000000,,WRITE:0-0
4345f2-4345fb,74,3,83c40458e907000000,,WRITE:0-0
434602-43460b,74,2,83e9010f8572ffffff,,WRITE:0-0
43460b-43460d,1,1,7203,,WRITE:0-0
43460d-43460f,1,1,7301,,WRITE:0-0
434610-434615,1,1,e909000000,,WRITE:0-0
43461e-434624,2,2,50e801000000,,WRITE:0-0
434625-434638,2,8,83c40458f9684947430087f35a50e801000000,,WRITE:0-0
434639-434642,2,4,83c4045866d3e37303,,WRITE:0-0
434645-434652,2,4,689cfcb4ef85d859e801000000,,WRITE:0-0
434653-434658,2,2,83042406c3,,WRITE:0-0
434658-43466c,2,6,66d3eb4068400000006681f665e55de801000000,,WRITE:0-0
43466d-434675,2,2,83c404e908000000,,WRITE:0-0
43467d-434685,65,3,8b3a50e801000000,,WRITE:0-0
434686-43468f,65,3,83c40458e904000000,,WRITE:0-0
434693-43469e,65,4,558f05d1e841002bf97c03,m,WRITE:41e8d1-41e8d1
43469e-4346a0,30,1,7d01,,WRITE:0-0
4346a1-4346a6,64,1,e902000000,,WRITE:0-0
4346a8-4346ad,65,2,c1c70c7803,,WRITE:0-0
4346ad-4346af,31,1,7901,,WRITE:0-0
4346b0-4346b5,64,1,e903000000,,WRITE:0-0
4346b8-4346ca,65,3,813561ea410046eead26337a04e801000000,m,WRITE:41ea61-41ea61
4346cb-4346d0,65,2,83042406c3,,WRITE:0-0
4346d0-4346dc,65,3,be654b7a86893ae801000000,m,WRITE:434749-434845
4346dd-4346e2,65,2,83042406c3,,WRITE:0-0
4346e2-4346e8,64,1,0f8502000000,,WRITE:0-0
4346ea-4346ec,64,1,7602,,WRITE:0-0
4346ec-4346f9,65,3,87c681e9c40e34a2e801000000,,WRITE:0-0
4346fa-434702,65,2,83c404e901000000,,WRITE:0-0
434703-43470f,65,3,81eafcffffff50e801000000,,WRITE:0-0
434710-434719,65,3,83c40458e88cdbffff,,WRITE:0-0
434719-43471e,64,1,e907000000,,WRITE:0-0
434725-43472c,65,2,4d0f8551ffffff,,WRITE:0-0
43472c-434731,1,1,e801000000,,WRITE:0-0
434732-434737,2,2,83042406c3,,WRITE:0-0
434737-43473c,1,1,e90d000000,,WRITE:0-0
434749-43474e,1,1,e801000000,,WRITE:0-0
43474f-434754,2,2,83042406c3,,WRITE:0-0
434754-434759,1,1,e904000000,,WRITE:0-0
43475d-43476b,2,4,684e48430066d3d55ee801000000,,WRITE:0-0
43476c-434771,2,2,83c4047501,,WRITE:0-0
434772-43477b,2,4,68a13e5747fc59eb01,,WRITE:0-0
43477c-434782,1,1,0f8403000000,,WRITE:0-0
434782-434791,2,4,c1ff6447b8d557e7e00f8702000000,,WRITE:0-0
434793-43479e,2,2,81e89757e7e0e801000000,,WRITE:0-0
43479f-4347a4,2,2,83042406c3,,WRITE:0-0
4347a4-4347a9,2,3,4d8b16eb01,,WRITE:0-0
4347a5-4347a9,62,2,8b16eb01,,WRITE:0-0
4347aa-4347af,62,1,e90a000000,,WRITE:0-0
4347b9-4347c0,63,2,2bd1e801000000,,WRITE:0-0
4347c1-4347c6,63,2,83042406c3,,WRITE:0-0
4347c6-4347cf,63,3,f8c1c20be801000000,,WRITE:0-0
4347d0-4347d5,63,2,83042406c3,,WRITE:0-0
4347d5-4347db,62,1,0f8301000000,,WRITE:0-0
4347dc-4347e2,63,3,f83356047e03,,WRITE:0-0
4347e2-4347e4,34,1,7f01,,WRITE:0-0
4347e5-4347ea,62,1,e904000000,,WRITE:0-0
4347ee-4347f5,63,2,8916e801000000,m,WRITE:43484e-434942
4347f6-4347fb,63,2,83042406c3,,WRITE:0-0
4347fb-434800,62,1,e8a5daffff,,WRITE:0-0
434800-434805,62,1,e903000000,,WRITE:0-0
434808-434810,63,2,81c143569ed97a03,,WRITE:0-0
434810-434812,22,1,7b01,,WRITE:0-0
434813-434818,62,1,e903000000,,WRITE:0-0
43481b-434823,63,2,83c604e801000000,,WRITE:0-0
434824-43482c,63,2,83c404e80dc5ffff,,WRITE:0-0
43482c-43482e,62,1,7a02,,WRITE:0-0
43482e-434837,63,3,87dd480f856effffff,,WRITE:0-0
434837-43483c,1,1,e801000000,,WRITE:0-0
43483d-434842,2,2,83042406c3,,WRITE:0-0
434842-434848,1,1,0f8205000000,,WRITE:0-0
434848-434854,2,4,6681d76a0d4750e801000000,,WRITE:0-0
434855-43486c,2,7,83c4045881e7ad86dfc8684d494300d3ce59e801000000,,WRITE:0-0
43486d-434872,2,2,83042406c3,,WRITE:0-0
434872-434877,1,1,e903000000,,WRITE:0-0
43487a-434881,2,2,b803b6426c7905,,WRITE:0-0
434886-43488e,2,2,81c0f1bc7301eb01,,WRITE:0-0
43488f-434891,1,1,7d01,,WRITE:0-0
434892-4348a8,2,5,85febb53d8204866c1c75f81f31ed82048e801000000,,WRITE:0-0
4348a9-4348b1,2,2,83c404e888c4ffff,,WRITE:0-0
4348b1-4348c0,2,4,f881154de84100830d6a098b117403,m,WRITE:41e84d-0
4348bc-4348c0,77,2,8b117403,,WRITE:0-0
4348c0-4348c2,77,1,7501,,WRITE:0-0
4348c3-4348cc,78,2,668bf90f8c01000000,,WRITE:0-0
4348cc-4348d4,78,3,4503d0e801000000,,WRITE:0-0
4348d5-4348dd,78,2,83c404e906000000,,WRITE:0-0
4348e3-4348e8,78,2,c1ca17eb01,,WRITE:0-0
4348e9-4348ee,77,1,e903000000,,WRITE:0-0
4348f1-4348f6,78,2,0351047e03,,WRITE:0-0
4348f6-4348f8,52,1,7f01,,WRITE:0-0
4348f9-434900,78,2,be7be1d6487402,,WRITE:0-0
434900-43490a,78,4,d3d6891150e801000000,m,WRITE:43494d-434a7d
43490b-434914,78,3,83c40458e903000000,,WRITE:0-0
434917-434923,78,3,81e802623c9650e801000000,,WRITE:0-0
434924-43492d,78,3,83c40458e901000000,,WRITE:0-0
43492e-434936,78,2,83c104e801000000,,WRITE:0-0
434937-434942,78,4,83c404fc4b0f857affffff,,WRITE:0-0
434942-434947,1,1,e801000000,,WRITE:0-0
434948-43494f,2,3,83c404d3efeb01,,WRITE:0-0
434950-434964,2,6,66d3e6668bf5548f0521eb410068854a43007501,m,WRITE:41eb21-0
434965-43496b,2,2,5be801000000,,WRITE:0-0
43496c-434974,2,2,83c404e902000000,,WRITE:0-0
434976-434981,2,2,68cc72a1eb0f8a03000000,,WRITE:0-0
434981-43498b,2,4,66d3c15d50e801000000,,WRITE:0-0
43498c-434995,2,4,83c40458668bd07701,,WRITE:0-0
434996-4349ab,2,5,bf2e7511fe66c1f9fc81f76d7511fe50e801000000,,WRITE:0-0
4349ac-4349b6,2,3,83c404580f8803000000,,WRITE:0-0
4349b6-4349c7,2,5,c1d9f3508f05c9ea41008b03e801000000,m,WRITE:41eac9-0
4349c0-4349c7,67,2,8b03e801000000,,WRITE:0-0
4349c8-4349cd,68,2,83042406c3,,WRITE:0-0
4349cd-4349d2,67,1,e90b000000,,WRITE:0-0
4349dd-4349e4,68,2,33c5e801000000,,WRITE:0-0
4349e5-4349ea,68,2,83042406c3,,WRITE:0-0
4349ea-4349f7,68,4,66be4ac7c1c01450e801000000,,WRITE:0-0
4349f8-434a02,68,3,83c404580f8102000000,,WRITE:0-0
434a04-434a11,68,4,83c304030383c3fce801000000,,WRITE:0-0
434a12-434a17,68,2,83042406c3,,WRITE:0-0
434a17-434a1c,67,1,e909000000,,WRITE:0-0
434a25-434a2c,68,2,8903e801000000,m,WRITE:434a85-434b8d
434a2d-434a32,68,2,83042406c3,,WRITE:0-0
434a32-434a3e,68,3,4181f52a49362ae801000000,,WRITE:0-0
434a3f-434a44,68,2,83042406c3,,WRITE:0-0
434a44-434a4a,67,1,0f8503000000,,WRITE:0-0
434a4d-434a58,68,2,81ebfcffffffe801000000,,WRITE:0-0
434a59-434a5e,68,2,83042406c3,,WRITE:0-0
434a5e-434a63,67,1,e842d8ffff,,WRITE:0-0
434a63-434a68,67,1,e906000000,,WRITE:0-0
434a6e-434a75,68,2,4f0f854bffffff,,WRITE:0-0
434a75-434a77,1,1,eb01,,WRITE:0-0
434a78-434a7d,1,1,e828d8ffff,,WRITE:0-0
434a7d-434a82,1,1,e903000000,,WRITE:0-0
434a85-434a8b,2,2,50e801000000,,WRITE:0-0
434a8c-434a96,2,3,83c404580f8003000000,,WRITE:0-0
434a96-434aa0,2,3,66d3c168984b43007602,,WRITE:0-0
434aa0-434aa5,2,3,8bd5587203,,WRITE:0-0
434aa5-434aa7,1,1,7301,,WRITE:0-0
434aa8-434aad,1,1,e901000000,,WRITE:0-0
434aae-434abf,2,3,812d89e84100ec3ad1a8be9d63ae867902,m,WRITE:41e889-0
434ac1-434acc,2,2,81f62a4d2db9e801000000,,WRITE:0-0
434acd-434ad7,2,3,83c404fc0f8801000000,,WRITE:0-0
434ad7-434aeb,2,6,f8bfe6f1fe7933c881efa2f1fe7950e801000000,,WRITE:0-0
434aec-434b07,2,6,83c4045881c357c69dd8811df9e84100b3d85b688b28e801000000,m,WRITE:41e8f9-0
434b00-434b07,68,2,8b28e801000000,,WRITE:0-0
434b08-434b0d,69,2,83042406c3,,WRITE:0-0
434b0d-434b15,69,3,f803eee801000000,,WRITE:0-0
434b16-434b1b,69,2,83042406c3,,WRITE:0-0
434b1b-434b1d,68,1,7702,,WRITE:0-0
434b1f-434b21,68,1,7a02,,WRITE:0-0
434b23-434b28,69,2,c1cd147403,,WRITE:0-0
434b28-434b2a,68,1,7501,,WRITE:0-0
434b2b-434b30,68,1,e809c2ffff,,WRITE:0-0
434b30-434b3d,69,6,87d1fc83e8fc032883c0fc7a03,,WRITE:0-0
434b3d-434b3f,34,1,7b01,,WRITE:0-0
434b40-434b47,69,3,66d3f989287203,m,WRITE:434b98-434ca4
434b47-434b49,2,1,7301,,WRITE:0-0
434b4a-434b4f,68,1,e903000000,,WRITE:0-0
434b52-434b5d,69,2,81f6c82bef97e801000000,,WRITE:0-0
434b5e-434b63,69,2,83042406c3,,WRITE:0-0
434b63-434b6e,69,3,c1ea3e83c004e801000000,,WRITE:0-0
434b6f-434b77,69,2,83c404e903000000,,WRITE:0-0
434b7a-434b83,69,2,83ef010f857dffffff,,WRITE:0-0
434b83-434b89,2,2,50e801000000,,WRITE:0-0
434b8a-434ba7,2,10,83c404586681e1d883b918a72d3961508f05a9e841006050e801000000,m,WRITE:41e8a9-0
434ba8-434bb1,2,3,83c40458e903000000,,WRITE:0-0
434bb4-434bbf,2,4,68ad4c430066d3eb597203,,WRITE:0-0
434bbf-434bc1,1,1,7301,,WRITE:0-0
434bc2-434bc7,1,1,e90a000000,,WRITE:0-0
434bd1-434bdc,2,2,ba0add735a0f8601000000,,WRITE:0-0
434bdc-434be5,2,3,f981f2a12c847d7c03,,WRITE:0-0
434be5-434be7,1,1,7d01,,WRITE:0-0
434be8-434bee,1,1,0f8501000000,,WRITE:0-0
434bef-434c0c,2,5,81156dea4100fdfc525fbe95e8e076c1f81c81f6d3e8e076e801000000,m,WRITE:41ea6d-0
434c0d-434c17,2,4,83c4046633d88b397203,,WRITE:0-0
434c13-434c17,70,2,8b397203,,WRITE:0-0
434c17-434c19,70,1,7301,,WRITE:0-0
434c1a-434c1f,70,1,e902000000,,WRITE:0-0
434c21-434c28,71,2,03fae801000000,,WRITE:0-0
434c29-434c31,71,2,83c404e904000000,,WRITE:0-0
434c35-434c44,71,3,811d95ea410075b0a5f8c1cf0e7803,m,WRITE:41ea95-41ea95
434c44-434c46,36,1,7901,,WRITE:0-0
434c47-434c4c,70,1,e903000000,,WRITE:0-0
434c4f-434c57,71,2,037904e801000000,,WRITE:0-0
434c58-434c60,71,2,83c404e845d6ffff,,WRITE:0-0
434c60-434c6a,71,4,85eb893950e801000000,m,WRITE:434cad-434dc1
434c6b-434c7b,71,5,83c40458f981ead3b884f2e801000000,,WRITE:0-0
434c7c-434c81,71,2,83042406c3,,WRITE:0-0
434c81-434c86,70,1,e904000000,,WRITE:0-0
434c8a-434c92,71,2,81c1040000007e03,,WRITE:0-0
434c92-434c94,70,1,7f01,,WRITE:0-0
434c95-434c99,71,2,8bd87c01,,WRITE:0-0
434c99-434ca1,71,3,404e0f8572ffffff,,WRITE:0-0
434ca1-434ca7,2,2,50e801000000,,WRITE:0-0
434ca8-434cb3,2,5,83c404584d50e801000000,,WRITE:0-0
434cb4-434cbe,2,3,83c404580f8206000000,,WRITE:0-0
434cbe-434cc6,2,2,81c3aa653fc97801,,WRITE:0-0
434cc7-434cd0,2,4,68cc4d4300fc5eeb01,,WRITE:0-0
434cd1-434ce5,2,4,6603df8135a1e841008ca94e19ba01c356477103,m,WRITE:41e8a1-0
434ce8-434cf3,2,2,81c2ca1ad673e801000000,,WRITE:0-0
434cf4-434cfc,2,2,83c404e906000000,,WRITE:0-0
434d02-434d17,2,4,b90cc9624fbf07bca7b181c12e379db0e801000000,,WRITE:0-0
434d18-434d20,2,2,83c404e90d000000,,WRITE:0-0
434d2d-434d37,59,4,ad83c6fc50e801000000,,WRITE:0-0
434d38-434d41,59,3,83c40458e907000000,,WRITE:0-0
434d48-434d4f,59,2,2bc2e801000000,,WRITE:0-0
434d50-434d55,59,2,83042406c3,,WRITE:0-0
434d55-434d68,59,5,668bfb4f81358de8410075229412c1c0067603,m,WRITE:41e88d-41e88d
434d68-434d6a,16,1,7701,,WRITE:0-0
434d6b-434d71,59,3,4f034604eb01,,WRITE:0-0
434d72-434d87,59,5,668bea66c1fd8e81351dea4100638f69e689067603,m,WRITE:41ea1d-434eb0
434d87-434d89,58,1,7701,,WRITE:0-0
434d8a-434d9a,59,5,85fb13ee81ea0e78490850e801000000,,WRITE:0-0
434d9b-434da9,59,5,83c404586681c3092283c604eb01,,WRITE:0-0
434daa-434db4,59,3,fc83e9010f8579ffffff,,WRITE:0-0
434db4-434db9,1,1,e801000000,,WRITE:0-0
434dba-434dbf,2,2,83042406c3,,WRITE:0-0
434dbf-434dc4,1,1,e908000000,,WRITE:0-0
434dcc-434dce,1,1,eb01,,WRITE:0-0
434dcf-434dd4,1,1,e90a000000,,WRITE:0-0
434dde-434de5,2,2,bfb84e43007603,,WRITE:0-0
434de5-434de7,1,1,7701,,WRITE:0-0
434de8-434dfa,2,6,4287d6bd60cfd7ec87d681f52b16e1f77a03,,WRITE:0-0
434dfd-434e02,1,1,e8a3d4ffff,,WRITE:0-0
434e02-434e16,2,4,668bf7811559e84100307c790e68a40000007601,m,WRITE:41e859-0
434e16-434e1d,2,3,f85be801000000,,WRITE:0-0
434e1e-434e23,2,2,83042406c3,,WRITE:0-0
434e23-434e28,1,1,e87dd4ffff,,WRITE:0-0
434e28-434e2d,1,1,e904000000,,WRITE:0-0
434e31-434e35,165,2,8b077203,,WRITE:0-0
434e35-434e37,164,1,7301,,WRITE:0-0
434e38-434e3e,165,3,d3fe2bc5eb01,,WRITE:0-0
434e3f-434e46,165,4,f842c1c815eb01,,WRITE:0-0
434e47-434e50,165,4,f8668bcb2b4704eb01,,WRITE:0-0
434e51-434e56,164,1,e902000000,,WRITE:0-0
434e58-434e5c,165,2,8907eb01,m,WRITE:434eb8-435144
434e5d-434e62,164,1,e8d7beffff,,WRITE:0-0
434e62-434e64,164,1,7501,,WRITE:0-0
434e65-434e70,165,2,81c548c13353e801000000,,WRITE:0-0
434e71-434e79,165,2,83c404e901000000,,WRITE:0-0
434e7a-434e83,165,3,83c70450e801000000,,WRITE:0-0
434e84-434e8d,165,3,83c40458e90b000000,,WRITE:0-0
434e98-434ea1,165,2,83eb010f8590ffffff,,WRITE:0-0
434ea1-434ea6,1,1,e801000000,,WRITE:0-0
434ea7-434eaf,2,2,83c404e909000000,,WRITE:0-0
434eb8-434ebd,1,1,e84392ffff,,WRITE:0-0
434ebd-434ec4,2,2,6a00e80a000000,,WRITE:0-0
434ece-434ed3,1,1,e825000000,,WRITE:0-0
434ef8-434efa,2,2,6a00,,WRITE:0-0
4351be-4351d9,3,9,c80c0000fc5357568b7424208b7c242466813e4a430f85b1020000,,WRITE:0-0
4351d9-4351f0,3,7,83c60633dbba00000080c7442414080000004303d2750c,,WRITE:0-0
4351ec-4351f0,42290,2,03d2750c,,WRITE:0-0
4351f0-4351fe,1295,9,909090908b1683c604f913d27328,,WRITE:0-0
4351fc-4351fe,40997,1,7328,,WRITE:0-0
4351fe-43520c,27343,8,909090908b4c241033c003d2750c,,WRITE:0-0
435208-43520c,191395,2,03d2750c,,WRITE:0-0
43520c-43521d,6884,11,909090908b1683c604f913d213c04975eb,,WRITE:0-0
435218-43521d,211854,3,13c04975eb,,WRITE:0-0
43521d-435226,27343,4,0244240c880747ebc6,anm,WRITE:401000-41c8b1
435221-435226,264,3,880747ebc6,am,WRITE:40100a-41c9ff
435226-43522a,14950,2,03d2750c,,WRITE:0-0
43522a-43523c,443,9,909090908b1683c604f913d20f825f010000,,WRITE:0-0
435236-43523c,14507,1,0f825f010000,,WRITE:0-0
43523c-435240,6527,2,03d2750c,,WRITE:0-0
435240-435252,223,9,909090908b1683c604f913d20f83cf000000,,WRITE:0-0
43524c-435252,6304,1,0f83cf000000,,WRITE:0-0
435252-43525d,3441,4,b90400000033c003d2750c,,WRITE:0-0
435259-43525d,10321,2,03d2750c,,WRITE:0-0
43525d-43526e,411,11,909090908b1683c604f913d213c04975eb,,WRITE:0-0
435269-43526e,13351,3,13c04975eb,,WRITE:0-0
43526e-435271,3441,2,4874b0,,WRITE:0-0
435271-435277,3177,1,0f8903020000,,WRITE:0-0
435277-43527b,4,2,03d2750c,,WRITE:0-0
435287-435289,3,1,7342,,WRITE:0-0
4352cb-4352d6,4,4,b90100000033c003d2750c,,WRITE:0-0
4352e2-4352e7,4,3,13c04975eb,,WRITE:0-0
4352e7-4352fc,4,5,83c00789442410c644240c0083f8080f84f0feffff,,WRITE:0-0
435321-43532c,3087,4,b90700000033c003d2750c,,WRITE:0-0
435328-43532c,18517,2,03d2750c,,WRITE:0-0
43532c-43533d,688,11,909090908b1683c604f913d213c04975eb,,WRITE:0-0
435338-43533d,20916,3,13c04975eb,,WRITE:0-0
43533d-43534a,3087,5,8be8b90200000033c003d2750c,,WRITE:0-0
435346-43534a,3087,2,03d2750c,,WRITE:0-0
43534a-43535b,196,11,909090908b1683c604f913d213c04975eb,,WRITE:0-0
435356-43535b,5978,3,13c04975eb,,WRITE:0-0
43535b-435366,3087,5,8bc88bc583c10285c0740b,,WRITE:0-0
435366-435371,3084,6,909090908bd8e90a010000,,WRITE:0-0
435371-43537a,4,2,83f9020f8410010000,,WRITE:0-0
43537a-435381,2,4,4133c003d2750c,,WRITE:0-0
43537d-435381,4,2,03d2750c,,WRITE:0-0
43538d-435392,5,3,13c04975eb,,WRITE:0-0
435392-43539b,2,2,89442414e951feffff,,WRITE:0-0
43539b-4353a4,8424,3,b90100000003d2750c,,WRITE:0-0
4353a0-4353a4,12013,2,03d2750c,,WRITE:0-0
4353a4-4353b6,605,11,909090908b1683c604f913d213c903d2750c,,WRITE:0-0
4353b0-4353b6,19832,3,13c903d2750c,,WRITE:0-0
4353b6-4353c4,631,9,909090908b1683c604f913d272dc,,WRITE:0-0
4353c2-4353c4,19805,1,72dc,,WRITE:0-0
4353c4-4353c8,8424,3,49497534,,WRITE:0-0
4353c8-4353d7,1537,8,909090908bc3b90100000003d2750c,,WRITE:0-0
4353d3-4353d7,1164,2,03d2750c,,WRITE:0-0
4353d7-4353e9,83,11,909090908b1683c604f913d213c903d2750c,,WRITE:0-0
4353e3-4353e9,2618,3,13c903d2750c,,WRITE:0-0
4353e9-4353f7,101,9,909090908b1683c604f913d272dc,,WRITE:0-0
4353f5-4353f7,2599,1,72dc,,WRITE:0-0
4353f7-4353fc,1536,1,e97f000000,,WRITE:0-0
4353fc-43540f,6888,9,498bc18b4c24148be833c0d3e533c003d2750c,,WRITE:0-0
43540b-43540f,51378,2,03d2750c,,WRITE:0-0
43540f-435420,1857,11,909090908b1683c604f913d213c04975eb,,WRITE:0-0
43541b-435420,56409,3,13c04975eb,,WRITE:0-0
435420-43542d,6888,5,0bc58bd8b90100000003d2750c,,WRITE:0-0
435429-43542d,3223,2,03d2750c,,WRITE:0-0
43542d-43543f,308,11,909090908b1683c604f913d213c903d2750c,,WRITE:0-0
435439-43543f,9803,3,13c903d2750c,,WRITE:0-0
43543f-43544d,315,9,909090908b1683c604f913d272dc,,WRITE:0-0
43544b-43544d,9795,1,72dc,,WRITE:0-0
43544d-435454,6888,2,3d000001007324,,WRITE:0-0
435454-43545f,6888,6,909090903dff370000731a,,WRITE:0-0
43545f-43546a,6092,6,909090903d7f0200007310,,WRITE:0-0
43546a-435473,2825,6,9090909083f87f7708,,WRITE:0-0
435473-43548a,441,19,90909090414141418bee8bf72bf0f3a48bf5e962fdffff,am,WRITE:4010df-41c9fc
435479-43548a,797,13,41418bee8bf72bf0f3a48bf5e962fdffff,am,WRITE:40487b-414b9d
43547a-43548a,6442,7,418bee8bf72bf0f3a48bf5e962fdffff,am,WRITE:401003-41c8af
43547b-43548a,7004,19,8bee8bf72bf0f3a48bf5e962fdffff,am,WRITE:401012-41c89f
43548a-43549b,3,8,8bc72b4424248d6c24185e5f5bc9c20800,,WRITE:0-0
