401000-40100c,2,5,558bec516a00ff1500204100,,WRITE:0-0
40100c-40101d,2,5,8945fc8b45fc506800904100e853000000,,WRITE:0-0
40101d-401026,2,5,83c40833c08be55dc3,,WRITE:0-0
401030-40103a,3,5,558becb8c8a241005dc3,,WRITE:0-0
401040-401058,2,11,558bec8b4514508b4d10518b550c528b450850e8d8ffffff,,WRITE:0-0
401058-401064,2,5,8b4804518b1052e8822f0000,,WRITE:0-0
401064-401069,2,3,83c4185dc3,,WRITE:0-0
401070-40108d,2,12,558bec83ec088d450c8945fc8b4dfc516a008b5508526a01e84b1b0000,,WRITE:0-0
40108d-401096,2,3,83c40450e8aaffffff,,WRITE:0-0
401096-4010aa,2,7,83c4108945f8c745fc000000008b45f88be55dc3,,WRITE:0-0
4010aa-4010b2,2,3,566a01e815310000,,WRITE:0-0
4010b2-4010b7,1,1,e834050000,,WRITE:0-0
4010b7-4010bd,2,2,50e8c73a0000,,WRITE:0-0
4010bd-4010c2,1,1,e822050000,,WRITE:0-0
4010c2-4010c9,2,2,8bf0e8553c0000,,WRITE:0-0
4010c9-4010d2,2,3,6a018930e8d8020000,m,WRITE:419e14-0
4010d2-4010da,2,4,83c40c5e84c07473,,WRITE:0-0
4010da-4010e1,2,2,dbe2e84a070000,,WRITE:0-0
4010e1-4010eb,2,2,6857184000e84c040000,,WRITE:0-0
4010eb-4010f0,1,1,e8f7040000,,WRITE:0-0
4010f0-4010f6,2,2,50e866340000,,WRITE:0-0
4010f6-4010fc,2,4,595985c07551,,WRITE:0-0
4010fc-401101,1,1,e8f0040000,,WRITE:0-0
401101-401106,1,1,e841050000,,WRITE:0-0
401106-40110a,2,2,85c0740b,,WRITE:0-0
401115-40111a,1,1,e807050000,,WRITE:0-0
40111a-40111f,1,1,e802050000,,WRITE:0-0
40111f-401124,1,1,e8dc040000,,WRITE:0-0
401124-401129,1,1,e8bb040000,,WRITE:0-0
401129-40112f,2,2,50e8573b0000,,WRITE:0-0
40112f-401135,2,2,59e8c8040000,,WRITE:0-0
401135-401139,2,2,84c07405,,WRITE:0-0
401139-40113e,1,1,e8d9360000,,WRITE:0-0
40113e-401143,1,1,e8a1040000,,WRITE:0-0
401143-401148,1,1,e832060000,,WRITE:0-0
401148-40114c,2,2,85c07501,,WRITE:0-0
401155-40115a,1,1,e8d0040000,,WRITE:0-0
40115a-40115d,2,2,33c0c3,,WRITE:0-0
40115d-401162,1,1,e85f060000,,WRITE:0-0
401162-401167,1,1,e87d040000,,WRITE:0-0
401167-40116d,2,2,50e8823b0000,,WRITE:0-0
40116d-40116f,2,2,59c3,,WRITE:0-0
40116f-40117b,2,3,6a1468c07e4100e815070000,,WRITE:0-0
40117b-401182,2,2,6a01e8ef010000,,WRITE:0-0
401182-40118b,2,3,5984c00f8450010000,,WRITE:0-0
40118b-401199,2,4,32db885de78365fc00e8a6010000,,WRITE:0-0
401199-4011ac,2,6,8845dca1b098410033c9413bc10f842f010000,,WRITE:0-0
4011ac-4011b0,2,2,85c07549,,WRITE:0-0
4011b0-4011c5,2,4,890db098410068402141006824214100e89c360000,m,WRITE:4198b0-0
4011c5-4011cb,2,4,595985c07411,,WRITE:0-0
4011dc-4011eb,2,3,68202141006818214100e831360000,,WRITE:0-0
4011eb-4011f9,2,4,5959c705b098410002000000eb05,m,WRITE:4198b0-0
4011fe-401206,2,2,ff75dce8bf020000,,WRITE:0-0
401206-40120c,2,2,59e847040000,,WRITE:0-0
40120c-401214,2,4,8bf033ff393e741b,,WRITE:0-0
40122f-401234,1,1,e825040000,,WRITE:0-0
401234-40123a,2,3,8bf0393e7413,,WRITE:0-0
40124d-401252,1,1,e8b1350000,,WRITE:0-0
401252-401259,2,2,8bf8e887390000,,WRITE:0-0
401259-401260,2,2,8b30e87a390000,,WRITE:0-0
401260-401269,2,4,5756ff30e897fdffff,,WRITE:0-0
401269-401273,2,3,83c40c8bf0e80c050000,,WRITE:0-0
401273-401277,2,2,84c0746b,,WRITE:0-0
4012e2-4012e8,2,2,56e886380000,,WRITE:0-0
4012f1-4012f6,1,1,e8a3020000,,WRITE:0-0
4012f6-4012fb,1,1,e974feffff,,WRITE:0-0
40133f-401345,2,2,56e864070000,,WRITE:0-0
401345-401349,2,2,85c07420,,WRITE:0-0
401369-40136d,2,3,32c05ec3,,WRITE:0-0
401371-40137a,2,4,558bec837d08007507,,WRITE:0-0
401381-401386,1,1,e84f050000,,WRITE:0-0
401386-40138b,1,1,e8030a0000,,WRITE:0-0
40138b-40138f,2,2,84c07504,,WRITE:0-0
401393-401398,1,1,e8df3d0000,,WRITE:0-0
401398-40139c,2,2,84c0750a,,WRITE:0-0
4013a6-4013aa,2,3,b0015dc3,,WRITE:0-0
4013aa-4013b6,2,4,558bec803db9984100007404,,WRITE:0-0
4013ba-4013c2,2,4,568b750885f67405,,WRITE:0-0
4013c2-4013c7,2,2,83fe017562,,WRITE:0-0
4013c7-4013cc,1,1,e8dd060000,,WRITE:0-0
4013cc-4013d0,2,2,85c07426,,WRITE:0-0
4013f6-401429,2,12,83c9ff890dbc984100890dc0984100890dc4984100890dc8984100890dcc984100890dd0984100c605b998410001b0015e5dc3,m,WRITE:4198bc-4198b9
4014c5-4014cd,2,3,558bece8dc050000,,WRITE:0-0
4014cd-4014d1,2,2,85c0740f,,WRITE:0-0
4014e0-4014e2,2,2,5dc3,,WRITE:0-0
40150a-401519,2,5,558bec833dbc984100ffff75087507,,WRITE:0-0
401519-40151e,1,1,e8bf3a0000,,WRITE:0-0
40151e-401520,1,1,eb0b,,WRITE:0-0
40152b-401537,2,7,f7d8591bc0f7d02345085dc3,,WRITE:0-0
401537-401542,2,4,558becff7508e8c8ffffff,,WRITE:0-0
401542-40154c,2,7,f7d8591bc0f7d8485dc3,,WRITE:0-0
40154c-401564,2,8,558bec83ec148365f4008d45f48365f80050ff1510204100,,WRITE:0-0
401564-401573,2,4,8b45f83345f48945fcff150c204100,,WRITE:0-0
401573-40157c,2,2,3145fcff1508204100,,WRITE:0-0
40157c-401589,2,4,3145fc8d45ec50ff1504204100,,WRITE:0-0
401589-401599,2,7,8b45f08d4dfc3345ec3345fc33c1c9c3,,WRITE:0-0
401599-4015af,2,7,8b0d189041005657bf4ee640bbbe0000ffff3bcf7404,,WRITE:0-0
4015b3-4015b8,1,1,e894ffffff,,WRITE:0-0
4015b8-4015be,2,3,8bc83bcf7507,,WRITE:0-0
4015c5-4015c9,2,2,85ce750a,,WRITE:0-0
4015d3-4015e4,2,6,890d18904100f7d15f890d149041005ec3,m,WRITE:419018-419014
4015e4-4015e7,6,2,33c0c3,,WRITE:0-0
4015e7-4015eb,2,3,33c040c3,,WRITE:0-0
4015eb-4015f1,2,2,b800400000c3,,WRITE:0-0
4015f1-4015fc,2,2,68d8984100ff1514204100,,WRITE:0-0
4015fd-401600,4,2,b001c3,,WRITE:0-0
401600-401611,2,4,680000030068000001006a00e8a83b0000,,WRITE:0-0
401611-401618,2,3,83c40c85c07501,,WRITE:0-0
401621-401624,123,1,c20000,,WRITE:0-0
401624-40162a,2,2,b8e0984100c3,,WRITE:0-0
40162a-40162f,1,1,e801faffff,,WRITE:0-0
40162f-40163d,2,4,8b4804830824894804e8e7ffffff,m,WRITE:41a2c8-41a2cc
40163d-401647,2,4,8b4804830802894804c3,m,WRITE:4198e0-4198e4
401647-401653,2,4,33c03905089041000f94c0c3,,WRITE:0-0
401653-401659,2,2,b8d8a24100c3,,WRITE:0-0
401659-40165f,2,2,b8d4a24100c3,,WRITE:0-0
401665-40166b,5,2,0540904100c3,,WRITE:0-0
40166c-401672,64,2,a1f4914100c3,,WRITE:0-0
401681-401684,96,2,85d2c3,,WRITE:0-0
40168c-401690,2,2,395008c3,,WRITE:0-0
401698-40169c,7,2,8b7d24c3,,WRITE:0-0
40169e-4016a2,2,2,8b750cc3,,WRITE:0-0
4016a3-4016a7,2,2,8b5d08c3,,WRITE:0-0
4016c2-4016c6,2,2,c1e803c3,,WRITE:0-0
4016c8-4016cc,2,2,83e010c3,,WRITE:0-0
4016ce-4016d2,2,2,83c804c3,,WRITE:0-0
4016d3-4016da,2,2,f7c100010000c3,,WRITE:0-0
4016e4-4016e7,2,2,8bcfc3,,WRITE:0-0
4016e8-4016eb,2,2,3bc8c3,,WRITE:0-0
40177a-40177f,1,1,e965feffff,,WRITE:0-0
40177f-401787,2,2,6a00ff152c204100,,WRITE:0-0
401787-40178b,2,2,85c07433,,WRITE:0-0
40178b-401795,2,3,b94d5a00006639087529,,WRITE:0-0
401795-4017a2,2,4,8b483c03c8813950450000751c,,WRITE:0-0
4017a2-4017ad,2,3,b80b010000663941187511,,WRITE:0-0
4017ad-4017b3,2,2,8379740e760b,,WRITE:0-0
4017b3-4017be,2,3,83b9e8000000000f95c0c3,,WRITE:0-0
4017c1-4017cc,2,2,68cd174000ff1520204100,,WRITE:0-0
40182b-40183b,2,6,5356beb47e4100bbb47e41003bf37319,,WRITE:0-0
401854-401857,2,3,5e5bc3,,WRITE:0-0
401857-401867,2,6,5356bebc7e4100bbbc7e41003bf37319,,WRITE:0-0
401880-401883,2,3,5e5bc3,,WRITE:0-0
401890-401895,16,1,e915f7c30c,,WRITE:0-0
4018a0-4018a3,418,2,8bffc3,,WRITE:0-0
4018a5-4018a8,2,2,33f6c3,,WRITE:0-0
4018b6-4018bb,10,2,0fbe4508c3,,WRITE:0-0
4018d5-4018f1,2,7,558bec8325ec9841000083ec24830d10904100016a0aff1528204100,m,WRITE:4198ec-419010
4018f1-4018f9,2,2,85c00f84ac010000,,WRITE:0-0
4018f9-401962,2,43,8365f00033c053565733c98d7ddc530fa28bf35b908907897704894f0833c989570c8b45dc8b7de08945f481f747656e758b45e835696e65498945fc8b45e4356e74656c8945f833c040530fa28bf35b908d5ddc89038b45fc0b45f80bc7897304894b0889530c7543,,WRITE:19ff04-19ff10
401962-401971,2,4,8b45dc25f03fff0f3dc00601007423,,WRITE:0-0
401971-401978,2,2,3d60060200741c,,WRITE:0-0
401978-40197f,2,2,3d700602007415,,WRITE:0-0
40197f-401986,2,2,3d50060300740e,,WRITE:0-0
401986-40198d,2,2,3d600603007407,,WRITE:0-0
40198d-401994,2,2,3d700603007511,,WRITE:0-0
4019a5-4019b9,2,7,8b3df09841008b4de46a0758894dfc3945f47c30,,WRITE:0-0
4019b9-4019de,2,15,33c9530fa28bf35b908d5ddc8903897304894b088b4dfc89530c8b5de0f7c300020000740e,,WRITE:19ff04-19ff10
4019de-4019e9,2,3,83cf02893df0984100eb03,m,WRITE:4198f0-0
4019ec-401a0f,2,6,a11090410083c802c705ec98410001000000a310904100f7c1000010000f8493000000,m,WRITE:4198ec-419010
401a0f-401a29,2,5,83c804c705ec98410002000000a310904100f7c1000000087479,m,WRITE:4198ec-419010
401a29-401a31,2,2,f7c1000000107471,,WRITE:0-0
401a31-401a4b,2,11,33c90f01d08945ec8955f08b45ec8b4df06a065e23c63bc67557,,WRITE:0-0
401a4b-401a67,2,6,a11090410083c808c705ec98410003000000a310904100f6c320743b,m,WRITE:4198ec-419010
401a67-401a84,2,7,83c820c705ec98410005000000a310904100b8000003d023d83bd8751e,m,WRITE:4198ec-419010
401aa2-401aa9,2,6,5f5e5b33c0c9c3,,WRITE:0-0
401aa9-401aae,3,1,e902f5c30c,,WRITE:0-0
401ab5-401abd,10,2,3b0d189041007501,,WRITE:0-0
401d8e-401d93,1,1,e84e050000,,WRITE:0-0
401d93-401d97,2,2,84c07503,,WRITE:0-0
401d9a-401d9f,1,1,e8f4040000,,WRITE:0-0
401d9f-401da3,2,2,84c07507,,WRITE:0-0
401daa-401dad,2,2,b001c3,,WRITE:0-0
401ee0-401ef7,4,6,8b4c240c0fb64424088bd78b7c240485c90f843c010000,,WRITE:0-0
401ef7-401f06,4,3,69c00101010183f9200f86df000000,,WRITE:0-0
401f06-401f12,4,2,81f9800000000f828b000000,,WRITE:0-0
401f12-401f1c,4,2,0fba25f0984100017309,,WRITE:0-0
401f1c-401f25,4,260,f3aa8b4424048bfac3,,WRITE:68e950-68ebdf
402293-40229d,2,2,68d7214000e8bb010000,,WRITE:0-0
40229d-4022a8,2,4,a3209041005983f8ff7503,m,WRITE:419020-0
4022ab-4022b6,2,3,68189c410050e853020000,,WRITE:0-0
4022b6-4022bc,2,4,595985c07507,,WRITE:0-0
4022c3-4022c6,2,2,b001c3,,WRITE:0-0
4022e1-4022f7,2,8,5657bf409c410033f66a0068a00f000057e850020000,,WRITE:0-0
4022f7-4022fe,2,3,83c40c85c07415,,WRITE:0-0
4022fe-40230f,2,5,ff05589c410083c61883c71883fe1872db,m,WRITE:419c58-0
40230f-402313,2,2,b001eb07,,WRITE:0-0
40231a-40231d,2,3,5f5ec3,,WRITE:0-0
402323-40232b,17,2,c745fcfeffffffc3,,WRITE:0-0
402331-402335,2,2,8b4e20c3,,WRITE:0-0
402373-40237f,4,8,558bec515356578b7d08eb70,,WRITE:0-0
40237f-40238f,4,6,8b078d1c85989c41008b339085f67407,,WRITE:0-0
40238f-402394,2,2,83feff7576,,WRITE:0-0
402396-4023ae,3,6,8b0485242b410068000800006a00508945fcff1570204100,,WRITE:0-0
4023ae-4023b4,3,3,8bf085f67547,,WRITE:0-0
4023ef-4023f4,4,2,3b7d0c758b,,WRITE:0-0
4023f6-4023fb,4,5,5f5e5bc9c3,,WRITE:0-0
4023fb-402403,3,4,8bc6870385c07407,m,WRITE:419c9c-419c98
40240a-40240e,4,2,8bc6ebe8,,WRITE:0-0
40240e-402413,2,1,e911ecc30c,,WRITE:0-0
402414-402419,5,2,6b450838c3,,WRITE:0-0
40241b-40241f,3,2,8b4620c3,,WRITE:0-0
402427-40242b,12,2,83e01fc3,,WRITE:0-0
40242c-402430,5,2,c1e802c3,,WRITE:0-0
40243a-402441,2,2,c70058304100c3,,WRITE:690ac0-0
402458-402472,2,8,558bec5668d42b410068cc2b410068d42b41006a00e89cffffff,,WRITE:0-0
402472-40247b,2,4,8bf083c41085f67410,,WRITE:0-0
40247b-402486,2,3,ff75088bceff1510214100,,WRITE:0-0
402486-402488,1,1,ffd6,,WRITE:0-0
402488-40248b,2,3,5e5dc3,,WRITE:0-0
402509-40250e,1,1,e923ebc30c,,WRITE:0-0
40251e-402523,2,2,837e2800c3,,WRITE:0-0
402525-402529,5,2,83fee0c3,,WRITE:0-0
40252b-402533,2,2,83a04c03000000c3,,WRITE:690e0c-0
402547-402561,2,8,558bec5668202c410068182c410068202c41006a04e8adfeffff,,WRITE:0-0
402561-40256a,2,4,8bf083c41085f67415,,WRITE:0-0
40256a-40257b,2,5,ff75108bceff750cff7508ff1510214100,,WRITE:0-0
40257b-40257d,1,1,ffd6,,WRITE:0-0
40257d-40257f,1,1,eb0c,,WRITE:0-0
40258b-40258e,2,3,5e5dc3,,WRITE:0-0
402590-4025a8,3,10,57568b7424108b4c24148b7c240c8bc18bd103c63bfe7608,,WRITE:0-0
4025b0-4025b9,3,2,83f9200f82d2040000,,WRITE:0-0
4025b9-4025c1,3,2,81f9800000007313,,WRITE:0-0
4025d4-4025de,3,2,0fba25f0984100017309,,WRITE:0-0
4025de-4025e7,3,261,f3a48b44240c5e5fc3,m,WRITE:419420-419627
402b10-402b1d,2,6,a1bc9c4100566a035e85c07507,,WRITE:0-0
402b1d-402b24,2,2,b800020000eb06,,WRITE:0-0
402b2a-402b37,2,4,a3bc9c41006a0450e8072e0000,m,WRITE:419cbc-0
402b37-402b43,2,3,6a00a3c09c4100e8582e0000,m,WRITE:419cc0-0
402b43-402b4f,2,3,83c40c833dc09c410000752b,,WRITE:0-0
402b7a-402b92,2,8,5733ffbe409041006a0068a00f00008d462050e8b0310000,,WRITE:0-0
402b82-402b92,3,5,6a0068a00f00008d462050e8b0310000,,WRITE:0-0
402b92-402bb7,4,11,a1c09c41008bd7c1fa068934b88bc783e03f6bc8388b0495109f41008b44081883f8ff7409,,WRITE:692298-6922a0
402bb7-402bbc,4,2,83f8fe7404,,WRITE:0-0
402bbc-402bc0,4,2,85c07507,,WRITE:0-0
402bc7-402bd3,4,4,83c6384781fee890410075af,,WRITE:0-0
402bd3-402bd8,2,4,5f33c05ec3,,WRITE:0-0
402bd8-402bdd,4,1,e95ae4c30c,,WRITE:0-0
402be8-402bf0,2,3,8bff56e8c1350000,,WRITE:0-0
402bf0-402bf5,1,1,e887320000,,WRITE:0-0
402bf5-402c04,2,4,33f6a1c09c4100ff3406e8b6350000,,WRITE:0-0
402bf7-402c04,3,3,a1c09c4100ff3406e8b6350000,,WRITE:0-0
402c04-402c17,4,6,a1c09c4100598b040683c02050ff1550204100,,WRITE:0-0
402c17-402c1f,4,3,83c60483fe0c75d8,,WRITE:0-0
402c1f-402c2a,2,2,ff35c09c4100e8712d0000,,WRITE:0-0
402c2a-402c34,2,4,8325c09c410000595ec3,m,WRITE:419cc0-0
402c34-402c39,1,1,e909e4c30c,,WRITE:0-0
402c48-402c4d,1,1,e901e4c30c,,WRITE:0-0
402c5c-402c68,2,3,6a0c68207f4100e828ecffff,,WRITE:0-0
402c68-402c76,2,4,8365e4008b4508ff30e8beffffff,,WRITE:0-0
402c76-402c83,2,4,598365fc008b4d0ce896030000,,WRITE:0-0
402c83-402c94,2,4,8bf08975e4c745fcfeffffffe817000000,,WRITE:0-0
402c94-402ca8,2,9,8bc68b4df064890d00000000595f5e5bc9c20c00,,WRITE:25d000-0
402cab-402cb5,2,3,8b4510ff30e893ffffff,,WRITE:0-0
402cb5-402cb7,2,2,59c3,,WRITE:0-0
402cb7-402cc0,2,2,83b904040000007506,,WRITE:0-0
402cc0-402cc6,2,2,b800020000c3,,WRITE:0-0
402ccf-402ce4,2,10,8bff558bec51568b7508578bf981feffffff7f760f,,WRITE:0-0
402cf3-402d00,2,5,5333db03f6399f040400007508,,WRITE:0-0
402d00-402d08,2,2,81fe000400007608,,WRITE:0-0
402d10-402d14,2,2,b001eb31,,WRITE:0-0
402d45-402d4c,2,5,5b5f5ec9c20400,,WRITE:0-0
402d9b-402db2,2,11,8bff558bec53568bf1578d4e408bb90404000085ff7502,,WRITE:0-0
402db2-402db9,2,2,8bf9e8fefeffff,,WRITE:0-0
402db9-402dcb,2,8,8b5d084803f8897e348bcf8b562885d27f04,,WRITE:19fa2c-0
402dc4-402dcb,9,3,8b562885d27f04,,WRITE:0-0
402dcb-402dcf,2,2,85db7430,,WRITE:0-0
402dcf-402de6,9,9,8d4aff8bc333d2894e28f7750c80c2308bd880fa397e0c,,WRITE:19fa20-19fa20
402df2-402dff,9,5,8b46348810ff4e348b4e34ebc5,,WRITE:19fc37-19fa2c
402dff-402e0e,2,8,2bf9897e38ff46345f5e5b5dc20c00,,WRITE:19fa30-19fa2c
402e9c-402ea1,1,1,e9e3e1c30c,,WRITE:0-0
402ea2-402ea5,7,2,84dbc3,,WRITE:0-0
402ea6-402ead,17,2,64a300000000c3,,WRITE:25d000-25d000
402eae-402eb6,4,2,8d3c85a49c4100c3,,WRITE:0-0
402eb8-402ebb,4,2,8b07c3,,WRITE:0-0
402ebc-402ec4,64,2,833d0c9e410000c3,,WRITE:0-0
402ed7-402f1c,2,25,8bff558bec5133c0894dfc890189410489410889410c89411089411489411889411c8941208941248941286689413089413888413c8981400400008981440400008bc1c9c3,,WRITE:19f9f8-19fe3c
402f1c-402f29,2,6,8bff558bec568bf1e8aeffffff,,WRITE:0-0
402f29-402f58,2,17,8b45088b008986480400008b450c89068b45108946048b45188946088b45148946108b451c8946148bc65e5dc21800,,WRITE:19fe40-19fa0c
402f58-402f5d,62,1,e950e1c30c,,WRITE:0-0
402f74-402f7b,12,2,330518904100c3,,WRITE:0-0
402f7d-402f81,4,2,8b450cc3,,WRITE:0-0
402f82-402f85,5,2,33ffc3,,WRITE:0-0
402f87-402f8a,4,2,f7d3c3,,WRITE:0-0
402f8c-402f8f,91,2,8bc2c3,,WRITE:0-0
402f90-402f98,5,2,803d3ca1410000c3,,WRITE:0-0
402f9a-402fa1,7,2,81e17fffffffc3,,WRITE:0-0
402fa3-402fa6,7,2,1bd2c3,,WRITE:0-0
402fa8-402fae,25,2,0540a14100c3,,WRITE:0-0
402fb0-402fb8,3,2,03048d109f4100c3,,WRITE:0-0
402fba-402fbd,2,2,8bd6c3,,WRITE:0-0
402fdb-402feb,2,5,8bff568bf1ffb604040000e8b0290000,,WRITE:0-0
402feb-402ff5,2,4,83a60404000000595ec3,,WRITE:19fe3c-0
403019-40303c,2,14,8bff558bec81ec74040000a11890410033c58945fc568bf1578b068b3857e8694b0000,,WRITE:0-0
40303c-403053,2,6,88859cfbffff8b4604598d8d8cfbffffff30e805ffffff,,WRITE:0-0
403053-403088,2,16,8b068d8da4fbffff8b008985a0fbffff8b4610ff308d8590fbffff508b460cff308b4608ff7004ff308d85a0fbffff50e894feffff,,WRITE:0-0
403088-403097,2,3,8365f4008d8da4fbffffe8e2010000,,WRITE:0-0
403097-4030a4,2,3,8d8de4fbffff8bf0e837ffffff,,WRITE:0-0
4030a4-4030ad,2,2,80bd98fbffff00740d,,WRITE:0-0
4030ba-4030c6,2,3,57ffb59cfbffffe88b4b0000,,WRITE:0-0
4030c6-4030d6,2,8,59598b4dfc8bc65f33cd5ee8dfe9ffff,,WRITE:0-0
4030d6-4030d8,2,2,c9c3,,WRITE:0-0
403161-403170,4,7,8bff558bec8a4d088d41e03c5a7712,,WRITE:0-0
403170-403182,3,5,0fbec183e82083e07f8b0cc5442c4100eb02,,WRITE:0-0
403182-403198,2,7,33c98b450c8d04c883e07f8b04c5402c41005dc20800,,WRITE:0-0
403184-403198,3,6,8b450c8d04c883e07f8b04c5402c41005dc20800,,WRITE:0-0
403279-40328a,2,6,8bff53568bf18d8e48040000e8ed0a0000,,WRITE:0-0
40328a-40328e,2,2,84c0741b,,WRITE:0-0
40328e-403299,2,3,33db395e100f85b9000000,,WRITE:0-0
4032ac-4032af,2,3,5e5bc3,,WRITE:0-0
4032af-4032ba,2,3,895e38895e1ce985000000,,WRITE:19fa30-19fa14
4032ba-4032c6,4,3,ff4610395e180f8c8c000000,,WRITE:19fa08-19fa08
4032c6-4032d5,4,5,ff761c0fb646318bce50e88cfeffff,,WRITE:0-0
4032d5-4032dd,4,3,89461c83f80874bc,,WRITE:19fa14-19fa14
4032dd-4032e2,4,2,83f80777c7,,WRITE:0-0
4032e2-4032e9,3,1,ff24856d334000,,WRITE:0-0
4032e9-4032f0,2,2,8bcee8da000000,,WRITE:0-0
4032f0-4032f2,1,1,eb45,,WRITE:0-0
4032f2-403307,2,7,834e28ff895e24885e30895e20895e2c885e3ceb38,,WRITE:19fa20-19fa34
403330-403337,2,2,8bcee8cd020000,,WRITE:0-0
403337-40333f,3,2,84c00f846affffff,,WRITE:0-0
40333f-40334f,5,5,8b46108a0088463184c00f856bffffff,,WRITE:19fa29-19fa29
40334f-403365,2,4,ff4610ff865004000083be50040000020f854affffff,,WRITE:19fa08-19fe48
403352-403365,2,3,ff865004000083be50040000020f854affffff,,WRITE:19fe48-0
403365-40336d,2,2,8b4618e93fffffff,,WRITE:0-0
4033ca-4033cf,1,1,e81a000000,,WRITE:0-0
4033cf-4033d3,2,2,84c07513,,WRITE:0-0
4033e6-4033e9,2,2,b001c3,,WRITE:0-0
4033e9-4033f9,2,8,8bff558bec51566a008bf1e82a000000,,WRITE:0-0
4033f9-4033fd,2,2,84c07423,,WRITE:0-0
4033fd-403411,2,5,8a46318d8e480400008845fcff75fce80e0a0000,,WRITE:0-0
403411-403415,2,2,84c07405,,WRITE:0-0
403415-40341a,2,2,ff4618eb04,,WRITE:19fa10-0
40341e-403423,2,4,b0015ec9c3,,WRITE:0-0
403423-403445,2,13,8bff53568bf168008000008a5e310fbec3508b4608c6463c008b00ff30e87f0b0000,,WRITE:19fa34-0
403445-40344c,2,3,83c40c85c0743d,,WRITE:0-0
403489-403490,2,4,b0015e5bc20400,,WRITE:0-0
403604-40361d,2,14,8bff558bec515153568bf133db6a58590fbe463183f8647f6c,,WRITE:0-0
403651-403659,2,2,84c00f85a0000000,,WRITE:0-0
403689-40368e,2,2,83f8707f4d,,WRITE:0-0
40368e-403690,1,1,743f,,WRITE:0-0
4036cf-4036d6,2,2,8bcee818060000,,WRITE:0-0
4036d6-4036db,1,1,e976ffffff,,WRITE:0-0
4036f9-403702,2,2,385e300f852e010000,,WRITE:0-0
403702-40371d,2,11,8bcb66895dfc885dfe33d28b5e20428bc3894df8c1e80484c2742f,,WRITE:0-0
40374c-403754,2,3,8a563180fa787405,,WRITE:0-0
403754-403759,2,2,80fa58750d,,WRITE:0-0
403766-40376d,2,3,32db80fa617409,,WRITE:0-0
40376d-403772,2,2,80fa417404,,WRITE:0-0
403772-403776,2,2,32c0eb02,,WRITE:0-0
403778-40377c,2,2,84db7504,,WRITE:0-0
40377c-403780,2,2,84c07420,,WRITE:0-0
4037a0-4037b8,2,8,578b7e248d5e182b7e388d86480400002bf9f646200c7510,,WRITE:0-0
4037b8-4037c2,2,5,53576a2050e8daf6ffff,,WRITE:0-0
4037c2-4037dd,2,10,8b4df883c4108d460c5053518d45fc508d8e48040000e81d070000,,WRITE:0-0
4037dd-4037e9,2,5,8b4e208bc1c1e803a801741b,,WRITE:0-0
403804-40380d,2,3,6a008bcee848060000,,WRITE:0-0
40380d-403812,2,2,833b007c1d,,WRITE:0-0
403812-40381c,2,4,8b4620c1e802a8017413,,WRITE:0-0
40382f-403836,2,6,5fb0015e5bc9c3,,WRITE:0-0
403870-40387d,2,6,8bff558bec8b450883f80b772a,,WRITE:0-0
40387d-40388b,2,2,0fb680c0384000ff2485ac384000,a,WRITE:0-0
403899-4038a0,2,3,b8040000005dc3,,WRITE:0-0
403b0a-403b0f,1,1,e919d7c30c,,WRITE:0-0
403b15-403b18,10,2,8b01c3,,WRITE:0-0
403b19-403b1c,67,2,8bc7c3,,WRITE:0-0
403b1e-403b23,2,2,83461404c3,,WRITE:19fa0c-0
403b30-403b33,93,2,f7f6c3,,WRITE:0-0
403b3d-403b41,96,2,83cfffc3,,WRITE:0-0
403b42-403b45,96,2,33d0c3,,WRITE:0-0
403b47-403b4b,3,2,8d4508c3,,WRITE:0-0
403b4c-403b50,3,2,8945ecc3,,WRITE:0-0
403b55-403b58,2,2,a808c3,,WRITE:0-0
403b5f-403b66,2,2,81c900000100c3,,WRITE:0-0
403b68-403b6b,2,2,0bf0c3,,WRITE:0-0
403b77-403b7d,2,2,0d00000800c3,,WRITE:0-0
403b7f-403b83,2,2,237d08c3,,WRITE:0-0
403b84-403b87,2,2,23c8c3,,WRITE:0-0
403b8f-403b92,2,2,0bcec3,,WRITE:0-0
403b93-403b99,2,2,a91f030800c3,,WRITE:0-0
403c01-403c06,513,2,803c0800c3,,WRITE:0-0
403cee-403d05,2,5,6a016a10c7412808000000c7412c0a000000e805feffff,,WRITE:19fa20-19fa24
403d77-403d7d,2,3,8b0185c07513,,WRITE:0-0
403d90-403d96,2,2,50e802000000,,WRITE:0-0
403d96-403d98,2,2,59c3,,WRITE:0-0
403d98-403dac,2,10,8bff558bec8b4d08568b410c90c1e80ca801756e,,WRITE:0-0
403dac-403db3,2,3,5751e8523d0000,,WRITE:0-0
403db3-403dbe,2,4,59b9f890410083f8ff741b,,WRITE:0-0
403dbe-403dc3,2,2,83f8fe7416,,WRITE:0-0
403dc3-403dd9,2,7,8bf08bd083e63fc1fa066bfe38033c95109f4100eb0c,,WRITE:0-0
403de5-403dec,2,3,807f29005f751a,,WRITE:0-0
403dec-403df1,2,2,83f8ff740f,,WRITE:0-0
403df1-403df6,2,2,83f8fe740a,,WRITE:0-0
403df6-403e06,2,4,6bce38030c95109f4100f6412d017414,,WRITE:0-0
403e1a-403e1f,2,4,b0015e5dc3,,WRITE:0-0
403e1f-403e24,9,1,e91dd4c30c,,WRITE:0-0
403e33-403e36,4,2,870fc3,m,WRITE:419cb4-419cb0
403e37-403e3b,2,2,8b78fcc3,,WRITE:0-0
403e55-403e72,2,13,8bff558bec83ec10a11890410033c58945fc53568bf157807e3c00745c,,WRITE:0-0
403ece-403ee7,2,8,8d460c508d461850ff76388d8e48040000ff7634e813000000,,WRITE:0-0
403ee7-403ef6,2,7,8b4dfcb0015f5e33cd5be8bfdbffff,,WRITE:0-0
403ef6-403efa,2,2,c9c20400,,WRITE:0-0
403efa-403f0c,3,9,8bff558bec8b018b400c90c1e80ca8017414,,WRITE:0-0
403f20-403f26,3,2,5de900000000,,WRITE:0-0
403f26-403f3e,3,12,8bff558bec83ec0c538b5d148bd1568955fc8b3385f6750c,,WRITE:0-0
403f3e-403f43,1,1,e8e8190000,,WRITE:0-0
403f43-403f61,2,12,8b55fc8bf089338b5d088b4d0c8b0603cb8326008945f8894df43bd97452,,WRITE:19fa04-690ad0
403f4a-403f61,2,9,8b5d088b4d0c8b0603cb8326008945f8894df43bd97452,,WRITE:690ad0-0
403f61-403f70,2,6,578b7d100fb6038bca50e8affeffff,,WRITE:0-0
403f65-403f70,8,4,0fb6038bca50e8affeffff,,WRITE:0-0
403f70-403f74,9,2,84c07526,,WRITE:0-0
403f9a-403f9e,9,2,ff07eb03,,WRITE:19fa10-19fa10
403fa1-403faa,9,4,8b55fc433b5df475bb,,WRITE:0-0
403faa-403fac,1,1,eb03,,WRITE:0-0
403faf-403fb8,2,4,8b45f85f833e007506,,WRITE:0-0
403fb3-403fb8,2,2,833e007506,,WRITE:0-0
403fb8-403fbc,3,2,85c07402,,WRITE:0-0
403fbe-403fc4,3,4,5e5bc9c21000,,WRITE:0-0
403fc4-403fd6,2,7,8bff558bec8b4d0c8d41013d00010000770c,,WRITE:0-0
403fd6-403fe2,2,5,8b45080fb704482345105dc3,,WRITE:0-0
403fe6-404016,2,18,8bff558bec83ec388b451c8b4d108b55148945ec8b45188945f48b45088945dc8b450c8955f0894df88945e085c97515,,WRITE:0-0
40402b-40402f,2,2,85d274e7,,WRITE:0-0
40402f-404067,2,20,8d45f8894de88945c88d45f48945cc8d45dc8945d08d45f08945d48d45ec8945d88d45e8508d45c8894de4508d45e4508d4dffe8f5ebffff,,WRITE:0-0
404067-404069,2,2,c9c3,,WRITE:0-0
4041c7-4041d6,2,7,8bff558bec8b4508a3c89c41005dc3,m,WRITE:419cc8-0
4041d6-4041db,4,1,e971d0c30c,,WRITE:0-0
40420d-40421c,2,7,8bff558bec8b4508a3cc9c41005dc3,m,WRITE:419ccc-0
404263-404273,2,8,8bff558bec83ec10538b5d0885db7507,,WRITE:0-0
40427a-404280,2,3,5683fb02741b,,WRITE:0-0
404280-404285,2,2,83fb017416,,WRITE:0-0
40429b-4042a1,2,2,57e8d7480000,,WRITE:0-0
4042a1-4042b4,2,6,6804010000bed09c410033ff5657e80b430000,,WRITE:0-0
4042b4-4042c9,2,6,a1049e410083c40c8935f49d41008945f085c07405,m,WRITE:419df4-0
4042c9-4042ce,2,2,8038007505,,WRITE:0-0
4042d3-4042e9,2,10,8d4df4897dfc518d4dfc897df451575750e8b0000000,,WRITE:0-0
4042e9-4042f6,2,4,6a01ff75f4ff75fce817020000,,WRITE:0-0
4042f6-4042ff,2,4,8bf083c42085f6750c,,WRITE:0-0
40430b-404323,2,10,8d45f4508d45fc508b45fc8d04865056ff75f0e876000000,,WRITE:0-0
404323-40432b,2,3,83c41483fb017516,,WRITE:0-0
40432b-404341,2,8,8b45fc48a3f89d41008bc68bf7a3fc9d41008bdfeb4a,m,WRITE:419df8-419dfc
40438b-404391,2,2,56e80a160000,,WRITE:0-0
404391-404399,2,7,598bc35f5e5bc9c3,,WRITE:0-0
404399-4043be,3,16,8bff558bec518b4514538b5d18568b7510578323008b7d08c700010000008b450c85c07408,,WRITE:19ff04-19ff0c
4043be-4043d0,2,7,893083c00489450c32c9884dff803f22750d,,WRITE:6901c0-0
4043c6-4043d0,2,4,32c9884dff803f22750d,,WRITE:0-0
4043cb-4043d0,59,2,803f22750d,,WRITE:0-0
4043d0-4043dd,5,6,84c9b0220f94c147884dffeb35,,WRITE:0-0
4043dd-4043e3,57,3,ff0385f67405,,WRITE:19ff04-19ff04
4043e3-4043f7,29,9,8a078806468a07478845fe0fbec050e8a74a0000,,WRITE:6901c8-6901e3
4043e8-4043f7,29,6,8a07478845fe0fbec050e8a74a0000,,WRITE:0-0
4043f7-4043fc,57,3,5985c0740c,,WRITE:0-0
404408-40440f,57,3,8a45fe84c07419,,WRITE:0-0
40440f-404416,55,3,8a4dff84c975b5,,WRITE:0-0
404412-404416,5,2,84c975b5,,WRITE:0-0
404416-40441a,3,2,3c207404,,WRITE:0-0
40441a-40441e,3,2,3c0975ad,,WRITE:0-0
404428-404437,3,5,4fc645ff008a0784c00f84c2000000,,WRITE:0-0
4044f9-404503,3,6,8b4d0c5f5e5b85c97403,,WRITE:0-0
404503-40450d,2,5,8321008b4514ff00c9c3,,WRITE:6901c4-19ff0c
404506-40450d,2,4,8b4514ff00c9c3,,WRITE:19ff0c-0
40450d-40451e,2,7,8bff558bec568b750881feffffff3f7339,,WRITE:0-0
40451e-40452d,2,6,83c8ff8b4d0c33d2f775103bc8732a,,WRITE:0-0
40452d-40453c,2,6,0faf4d10c1e6028bc6f7d03bc1761b,,WRITE:0-0
40453c-404547,2,4,8d040e6a0150e8f7130000,,WRITE:0-0
404547-404550,2,3,6a008bf0e84b140000,,WRITE:0-0
404550-404557,2,3,83c40c8bc6eb02,,WRITE:0-0
404559-40455c,2,3,5e5dc3,,WRITE:0-0
40455c-404567,2,5,8bff558bec5de9fcfcffff,,WRITE:0-0
404593-40459c,2,2,833dd89d4100007403,,WRITE:0-0
40459f-4045a6,2,3,5657e8d2450000,,WRITE:0-0
4045a6-4045ab,1,1,e8754a0000,,WRITE:0-0
4045ab-4045b1,2,3,8bf085f67505,,WRITE:0-0
4045b6-4045bc,2,2,56e82a000000,,WRITE:0-0
4045bc-4045c1,2,3,5985c07505,,WRITE:0-0
4045c6-4045d9,2,5,a3e49d410033ffa3d89d41006a00e8c2130000,m,WRITE:419de4-419dd8
4045d9-4045e0,2,3,5956e8bb130000,,WRITE:0-0
4045e0-4045e6,2,5,598bc75f5ec3,,WRITE:0-0
4045e6-4045fb,2,13,8bff558bec5151538b5d0833d256578bf38a03eb18,,WRITE:0-0
4045fb-4045ff,87,2,3c3d7401,,WRITE:0-0
4045ff-40460c,87,7,428bce8d79018a014184c075f9,,WRITE:0-0
404605-40460c,6577,4,8a014184c075f9,,WRITE:0-0
40460c-404617,87,6,2bcf4603f18a0684c075e4,,WRITE:0-0
404613-404617,2,2,84c075e4,,WRITE:0-0
404617-404622,2,4,8d42016a0450e81c130000,,WRITE:0-0
404622-40462a,2,5,8bf8595985ff746e,,WRITE:0-0
40462a-40462f,2,2,897dfceb52,,WRITE:0-0
40462f-40463b,87,6,8bcb8d71018a014184c075f9,,WRITE:0-0
404634-40463b,6577,4,8a014184c075f9,,WRITE:0-0
40463b-404648,87,5,2bce8d41018945f880fa3d7437,,WRITE:0-0
404648-404650,87,3,6a0150e8ee120000,,WRITE:0-0
404650-404658,87,5,8bf0595985f67431,,WRITE:0-0
404658-404662,87,4,53ff75f856e80d0c0000,,WRITE:0-0
404662-404669,87,3,83c40c85c07540,,WRITE:0-0
404669-40467b,87,6,8b45fc6a00893083c0048945fce820130000,,WRITE:696a60-696bb4
40467b-404687,87,6,8b45f85903d88a1384d275a8,,WRITE:0-0
404681-404687,2,3,8a1384d275a8,,WRITE:0-0
404687-404689,1,1,eb11,,WRITE:0-0
40469a-4046a1,2,2,6a00e8fa120000,,WRITE:0-0
4046a1-4046a9,2,7,598bc75f5e5bc9c3,,WRITE:0-0
4046bc-4046bf,2,2,a802c3,,WRITE:0-0
4046c1-4046c5,2,2,8b4614c3,,WRITE:0-0
4046ca-4046cd,3,2,85dbc3,,WRITE:0-0
404803-40480c,2,3,a1e49d410085c0750a,,WRITE:0-0
404817-40481c,1,1,e977fdffff,,WRITE:0-0
40481c-404821,3,1,e982cac30c,,WRITE:0-0
40482b-40482e,9,2,33c0c3,,WRITE:0-0
40482f-404833,2,2,397510c3,,WRITE:0-0
404834-404838,8,2,83c604c3,,WRITE:0-0
40483a-40483d,2,2,8b16c3,,WRITE:0-0
40483f-404841,2,2,41c3,,WRITE:0-0
404849-404854,2,2,c70530a1410028954100c3,m,WRITE:41a130-0
404861-40486d,2,7,8bff558bec568b750857eb17,,WRITE:0-0
40486d-404873,8,3,8b3e85ff740e,,WRITE:0-0
404873-40487b,7,2,8bcfff1510214100,,WRITE:0-0
40487b-40487d,6,1,ffd7,,WRITE:0-0
40487d-404881,7,2,85c0750a,,WRITE:0-0
404881-404889,8,3,83c6043b750c75e4,,WRITE:0-0
404884-404889,2,2,3b750c75e4,,WRITE:0-0
404889-40488f,2,5,33c05f5e5dc3,,WRITE:0-0
40488f-40489b,2,3,6a0868607f4100e8f5cfffff,,WRITE:0-0
40489b-4048a5,2,3,8b4508ff30e8a84b0000,,WRITE:0-0
4048a5-4048b2,2,4,598365fc008b4d0ce82a000000,,WRITE:0-0
4048b2-4048be,2,2,c745fcfeffffffe812000000,,WRITE:0-0
4048be-4048d0,2,8,8b4df064890d00000000595f5e5bc9c20c00,,WRITE:25d000-0
4048d0-4048da,2,3,8b4510ff30e8bb4b0000,,WRITE:0-0
4048da-4048dc,2,2,59c3,,WRITE:0-0
4048dc-4048e8,2,3,6a0868407f4100e8a8cfffff,,WRITE:0-0
4048e8-4048f7,2,3,8bf1803df09d4100000f8596000000,,WRITE:0-0
4048f7-40490e,2,10,33c040b9e89d4100870133db895dfc8b068b0085c0752c,m,WRITE:419de8-0
40490e-404922,2,6,8b3d189041008bcf83e11fa1ec9d41003bc77411,,WRITE:0-0
404933-40493a,2,2,68189e4100eb0a,,WRITE:0-0
404944-404949,1,1,e8aa060000,,WRITE:0-0
404949-404957,2,5,59c745fcfeffffff8b0639187511,,WRITE:0-0
404957-404966,2,3,68542141006844214100e8b6feffff,,WRITE:0-0
404966-404977,2,5,5959685c2141006858214100e8a5feffff,,WRITE:0-0
404977-404980,2,5,59598b46043918750d,,WRITE:0-0
404980-40499d,2,11,c605f09d4100018b4608c600018b4df064890d00000000595f5e5bc9c3,m,WRITE:419df0-25d000
4049c9-4049d7,2,6,8bff558bec83ec18837d10007512,,WRITE:0-0
4049d7-4049dc,1,1,e893000000,,WRITE:0-0
4049dc-4049e0,2,2,84c07409,,WRITE:0-0
4049e9-404a1c,2,19,8d450cc645ff008945e88d4dfe8d45108945ec8d45ff6a028945f0588945f88945f48d45f8508d45e8508d45f450e873feffff,,WRITE:0-0
404a1c-404a22,2,2,837d10007402,,WRITE:0-0
404a24-404a2c,2,2,ff7508e801000000,,WRITE:0-0
404a2d-404a37,2,4,8bff558bece8754a0000,,WRITE:0-0
404a37-404a3c,2,2,83f8017420,,WRITE:0-0
404a5c-404a64,2,2,ff7508e84e000000,,WRITE:0-0
404a64-404a6e,2,3,59ff7508ff1584204100,,WRITE:0-0
404a6f-404a77,2,2,6a00ff152c204100,,WRITE:0-0
404a77-404a7b,2,2,85c07434,,WRITE:0-0
404a7b-404a85,2,3,b94d5a0000663908752a,,WRITE:0-0
404a85-404a92,2,4,8b483c03c8813950450000751d,,WRITE:0-0
404a92-404a9d,2,3,b80b010000663941187512,,WRITE:0-0
404a9d-404aa3,2,2,8379740e760c,,WRITE:0-0
404aa3-404aac,2,2,83b9e8000000007403,,WRITE:0-0
404aaf-404ab2,2,2,32c0c3,,WRITE:0-0
404ab2-404acd,2,10,8bff558bec518365fc008d45fc5068f43041006a00ff1588204100,,WRITE:0-0
404acd-404ad1,2,2,85c07423,,WRITE:0-0
404af4-404afa,2,2,837dfc007409,,WRITE:0-0
404b03-404b05,2,2,c9c3,,WRITE:0-0
404b05-404b14,2,7,8bff558bec8b4508a3ec9d41005dc3,m,WRITE:419dec-0
404b6e-404b7f,2,7,8bff558bec6a006a00ff7508e84afeffff,,WRITE:0-0
404b84-404b93,2,6,8bff558bec8b45083d004000007423,,WRITE:0-0
404bb6-404bc1,2,5,b994a24100870133c05dc3,m,WRITE:41a294-0
404bc1-404bc7,1,1,ff158c204100,,WRITE:0-0
404bc7-404bd2,2,2,a3049e4100ff1590204100,m,WRITE:419e04-0
404bd2-404bda,2,3,a3089e4100b001c3,m,WRITE:419e08-0
404bda-404be0,2,2,b8f89d4100c3,,WRITE:0-0
404be0-404be6,2,2,b8fc9d4100c3,,WRITE:0-0
404be6-404bf2,2,3,6a0c68807f4100e89eccffff,,WRITE:0-0
404bf2-404bfc,2,3,8b4508ff30e851480000,,WRITE:0-0
404bfc-404c16,2,7,598365fc00be28a14100bf389141008975e481fe2ca141007414,,WRITE:0-0
404c0b-404c16,2,3,8975e481fe2ca141007414,,WRITE:0-0
404c16-404c1a,2,2,393e740b,,WRITE:0-0
404c25-404c2a,2,2,83c604ebe1,,WRITE:0-0
404c2a-404c36,2,2,c745fcfeffffffe812000000,,WRITE:0-0
404c36-404c48,2,8,8b4df064890d00000000595f5e5bc9c20c00,,WRITE:25d000-0
404c48-404c52,2,3,8b4510ff30e843480000,,WRITE:0-0
404c52-404c54,2,2,59c3,,WRITE:0-0
404c5f-404c84,2,16,8bff558bec83ec0c6a04588945f88d4dff8945f48d45f8508d45ff508d45f450e862ffffff,,WRITE:0-0
404c84-404c86,2,2,c9c3,,WRITE:0-0
404c86-404c91,2,5,8bff558bec56e8b9200000,,WRITE:0-0
404c91-404cab,2,10,8b55088bf06a00588b8e50030000f6c1020f94c04083faff7433,,WRITE:0-0
404cab-404caf,2,2,85d27436,,WRITE:0-0
404ce5-404ce8,2,3,5e5dc3,,WRITE:0-0
404cef-404cfb,2,6,8bff558bec8b450885c0741a,,WRITE:0-0
404d15-404d1e,2,4,b9109e410087015dc3,m,WRITE:419e10-0
404d1e-404d24,2,2,b8149e4100c3,,WRITE:0-0
404d24-404d30,2,3,6a0c68c07f4100e860cbffff,,WRITE:0-0
404d30-404d3e,2,4,8365e4008b4508ff30e80f470000,,WRITE:0-0
404d3e-404d4b,2,4,598365fc008b4d0ce8b8010000,,WRITE:0-0
404d4b-404d5c,2,4,8bf08975e4c745fcfeffffffe817000000,,WRITE:0-0
404d5c-404d70,2,9,8bc68b4df064890d00000000595f5e5bc9c20c00,,WRITE:25d000-0
404d73-404d7d,2,3,8b4510ff30e818470000,,WRITE:0-0
404d7d-404d7f,2,2,59c3,,WRITE:0-0
404d7f-404d8b,2,3,6a0c68a07f4100e805cbffff,,WRITE:0-0
404d8b-404d99,2,4,8365e4008b4508ff30e8b4460000,,WRITE:0-0
404d99-404da6,2,4,598365fc008b4d0ce834000000,,WRITE:0-0
404da6-404db7,2,4,8bf08975e4c745fcfeffffffe817000000,,WRITE:0-0
404db7-404dcb,2,9,8bc68b4df064890d00000000595f5e5bc9c20c00,,WRITE:25d000-0
404dce-404dd8,2,3,8b4510ff30e8bd460000,,WRITE:0-0
404dd8-404dda,2,2,59c3,,WRITE:0-0
404dda-404df6,2,13,8bff558bec83ec0c8bc18945f853568b00578b3085f60f8405010000,,WRITE:0-0
404df6-404e1c,2,14,a1189041008bc88b1e83e11f8b7e0433d88b760833f833f0d3cfd3ced3cb3bfe0f859d000000,,WRITE:0-0
404e1c-404e2a,2,5,2bf3b800020000c1fe023bf07702,,WRITE:0-0
404e2a-404e33,2,4,8bc68d3c3085ff7503,,WRITE:0-0
404e33-404e3a,2,4,6a205f3bfe721d,,WRITE:0-0
404e3a-404e43,2,4,6a045753e8a3500000,,WRITE:0-0
404e43-404e4d,2,3,6a008945fce84e0b0000,,WRITE:0-0
404e4d-404e57,2,4,8b4dfc83c41085c97524,,WRITE:0-0
404e7b-404ea7,2,17,8d04b18bd98945fc8d34b9a1189041008b7dfc8bcf8945f48bc62bc783c003c1e8023bf71bd2f7d223d07412,,WRITE:0-0
404ea7-404eb6,2,7,8b7df433c04089398d49043bc275f6,,WRITE:68eb60-0
404eac-404eb6,32,5,4089398d49043bc275f6,,WRITE:68eb64-68ebdc
404eb6-404ec6,2,5,8b7dfc8b45f88b4004ff30e810f3ffff,,WRITE:0-0
404ec6-404ece,2,3,538907e808f3ffff,,WRITE:68eb60-0
404ece-404ee0,2,7,8b5df88b0b8b0989018d470450e8f6f2ffff,m,WRITE:419e18-0
404ee0-404eed,2,5,8b0b568b09894104e8e9f2ffff,m,WRITE:419e1c-0
404eed-404efb,2,6,8b0b83c4108b0989410833c0eb03,m,WRITE:419e20-0
404efe-404f03,2,5,5f5e5bc9c3,,WRITE:0-0
404f03-404f1a,2,12,8bff558bec83ec14538bd957895dec8b038b3885ff7508,,WRITE:0-0
404f22-404f43,2,12,8b15189041008bca568b3783e11f8b7f0433f233fad3ced3cf85f60f8493000000,,WRITE:0-0
404f43-404f4c,2,2,83feff0f848a000000,,WRITE:0-0
404f4c-404f5c,2,6,8955fc897df48975f883ef043bfe7254,,WRITE:0-0
404f55-404f5c,2,3,83ef043bfe7254,,WRITE:0-0
404f5c-404f63,2,3,8b073b45fc74f2,,WRITE:0-0
404f63-404f77,2,7,33c28b55fcd3c88bc889178945f0ff1510214100,,WRITE:68eb60-0
404f77-404f7a,1,1,ff55f0,,WRITE:0-0
404f7a-404fa1,2,15,8b038b15189041008bca83e11f8b008b188b400433dad3cb33c2d3c83b5df8895df08b5dec7505,,WRITE:0-0
404fa1-404fa6,2,2,3b45f474af,,WRITE:0-0
404fb0-404fb5,2,2,83feff740d,,WRITE:0-0
404fb5-404fbb,2,2,56e8e0090000,,WRITE:0-0
404fbb-404fdd,2,17,8b1518904100598b038b0089108b038b008950048b038b0089500833c05e5f5bc9c3,m,WRITE:419e18-419e20
404fdd-404fef,2,6,8bff558becff750868189e4100e85a000000,,WRITE:0-0
404fef-404ff3,2,4,59595dc3,,WRITE:0-0
404ff3-40501e,2,18,8bff558bec83ec106a028d45088945f48d4dff588945f88945f08d45f8508d45f4508d45f050e806fdffff,,WRITE:0-0
40501e-405020,2,2,c9c3,,WRITE:0-0
405020-40502c,3,6,8bff558bec8b4d0885c97505,,WRITE:0-0
405031-405038,3,3,8b013b4108750d,,WRITE:0-0
405038-405049,3,7,a118904100890189410489410833c05dc3,m,WRITE:419e18-419e2c
405049-40507a,2,20,8bff558bec83ec148d45088945ec8d4dff6a028d450c8945f0588945f88945f48d45f8508d45ec508d45f450e805fdffff,,WRITE:0-0
40507a-40507c,2,2,c9c3,,WRITE:0-0
40507c-405089,2,3,c70528a1410038914100b001c3,nm,WRITE:41a128-0
405089-405093,2,2,68189e4100e88dffffff,,WRITE:0-0
405093-40509f,2,2,c70424249e4100e881ffffff,,WRITE:0-0
40509f-4050a3,2,3,59b001c3,,WRITE:0-0
4050ab-4050ba,2,5,8bff568b351890410056e841070000,,WRITE:0-0
4050ba-4050c0,2,2,56e8474f0000,,WRITE:0-0
4050c0-4050c6,2,2,56e8ce500000,,WRITE:0-0
4050c6-4050cc,2,2,56e841f1ffff,,WRITE:0-0
4050cc-4050d2,2,2,56e833faffff,,WRITE:0-0
4050d2-4050d9,2,4,83c414b0015ec3,,WRITE:0-0
405177-405186,2,3,68a03141006820314100e8e84d0000,,WRITE:0-0
405186-405189,2,3,5959c3,,WRITE:0-0
4051b9-4051d7,2,11,8bff558bec8b4d108b450c81e1fffff7ff23c1568b7508a9e0fcf0fc7424,,WRITE:0-0
4051fb-405203,2,4,51ff750c85f67409,,WRITE:0-0
40520c-405211,1,1,e819530000,,WRITE:0-0
405211-405218,2,6,595933c05e5dc3,,WRITE:0-0
40526f-40527c,87,7,8bff558bec8b55085685d27411,,WRITE:0-0
40527c-405283,87,3,8b4d0c85c9740a,,WRITE:0-0
405283-40528a,87,3,8b751085f67517,,WRITE:0-0
40529c-4052a1,87,4,8bc65e5dc3,,WRITE:0-0
4052a1-4052b0,87,8,578bfa2bf28a043e88074784c07405,,WRITE:684d10-68aab0
4052a6-4052b0,6577,5,8a043e88074784c07405,,WRITE:684d11-68aacf
4052b0-4052b5,6577,2,83e90175f1,,WRITE:0-0
4052b5-4052ba,87,3,5f85c9750b,,WRITE:0-0
4052c5-4052c9,87,2,33f6ebd3,,WRITE:0-0
4057fb-40580a,2,7,8bff558bec8b4508a3309e41005dc3,m,WRITE:419e30-0
405898-40589b,12,2,d3c8c3,,WRITE:0-0
4058fb-405900,64,2,c6470c00c3,,WRITE:19fec8-19f9ec
40592b-405930,1,1,e871150000,,WRITE:0-0
405930-405934,2,2,85c07506,,WRITE:0-0
40593a-40593e,2,2,83c010c3,,WRITE:0-0
40593e-405943,90,1,e9deb9c30c,,WRITE:0-0
405950-405953,8,2,8703c3,m,WRITE:419ed0-419ef8
405954-405957,3,2,23fbc3,,WRITE:0-0
405966-40596e,2,2,c6053ca1410001c3,m,WRITE:41a13c-0
405976-405979,8,2,f7d6c3,,WRITE:0-0
405984-405987,3,2,23d3c3,,WRITE:0-0
40599b-4059a6,102,5,8bff558bec837d0800742d,,WRITE:0-0
4059a6-4059b7,4,4,ff75086a00ff35a0a24100ff1598204100,,WRITE:0-0
4059b7-4059bb,4,2,85c07518,,WRITE:0-0
4059d3-4059d5,102,2,5dc3,,WRITE:0-0
4059d5-4059eb,2,5,6884374100688037410068843741006a00e819010000,,WRITE:0-0
4059eb-4059ef,2,2,83c410c3,,WRITE:0-0
405a09-405a1f,5,5,68dc37410068d437410068dc3741006a14e8e5000000,,WRITE:0-0
405a1f-405a23,5,2,83c410c3,,WRITE:0-0
405a3d-405a4e,8,9,8bff558bec515356578b7d08e9a2000000,,WRITE:0-0
405a4e-405a61,8,7,8b1f8d049d389e41008b308945fc9085f6740b,,WRITE:0-0
405a61-405a6a,3,2,83feff0f8483000000,,WRITE:0-0
405a6a-405a6c,2,1,eb7d,,WRITE:0-0
405a6c-405a81,6,5,8b1c9d0833410068000800006a0053ff1570204100,,WRITE:0-0
405a81-405a87,6,3,8bf085f67550,,WRITE:0-0
405ad7-405ae2,6,5,8b4dfc8bc6870185c07407,m,WRITE:419e54-419e80
405ae9-405aed,8,2,85f67513,,WRITE:0-0
405af0-405af9,8,2,3b7d0c0f8555ffffff,,WRITE:0-0
405afb-405b00,8,5,5f5e5bc9c3,,WRITE:0-0
405b00-405b04,8,2,8bc6ebf7,,WRITE:0-0
405b04-405b09,14,1,e94eb8c30c,,WRITE:0-0
405b13-405b16,64,2,8bf9c3,,WRITE:0-0
405b18-405b1e,64,2,a1f0914100c3,,WRITE:0-0
405b1f-405b22,96,2,8b03c3,,WRITE:0-0
405b29-405b34,2,2,c70534a1410000924100c3,m,WRITE:41a134-0
405b35-405b38,7,2,3bc1c3,,WRITE:0-0
405b3a-405b3d,2,2,8bc3c3,,WRITE:0-0
405b3f-405b44,2,2,668b45f8c3,,WRITE:0-0
405b45-405b49,2,2,0fb7c8c3,,WRITE:0-0
405b4a-405b4e,2,2,83c902c3,,WRITE:0-0
405b4f-405b52,2,2,a820c3,,WRITE:0-0
405b53-405b57,2,2,0fb7f0c3,,WRITE:0-0
405b69-405b71,2,2,833dec98410001c3,,WRITE:0-0
405b87-405ba3,2,9,8bff558bec56680c3841006808384100680c3841006a1ce861ffffff,,WRITE:0-0
405ba3-405bac,2,4,8bf083c41085f67411,,WRITE:0-0
405bac-405bb9,2,4,ff75088bce6afaff1510214100,,WRITE:0-0
405bb9-405bbb,1,1,ffd6,,WRITE:0-0
405bbb-405bbd,1,1,eb05,,WRITE:0-0
405bc2-405bc7,2,3,5e5dc20400,,WRITE:0-0
405bc7-405bcf,2,3,8bff56e806feffff,,WRITE:0-0
405bcf-405bd5,2,3,8bf085f6740c,,WRITE:0-0
405bd5-405bdd,2,2,8bceff1510214100,,WRITE:0-0
405bdd-405bdf,1,1,ffd6,,WRITE:0-0
405bdf-405be1,2,2,5ec3,,WRITE:0-0
405c43-405c5f,2,9,8bff558bec5668b437410068ac37410068d42b41006a03e8a5feffff,,WRITE:0-0
405c5f-405c68,2,4,8bf083c41085f6740f,,WRITE:0-0
405c68-405c73,2,3,ff75088bceff1510214100,,WRITE:0-0
405c73-405c75,1,1,ffd6,,WRITE:0-0
405c75-405c77,1,1,eb06,,WRITE:0-0
405c7d-405c82,2,3,5e5dc20400,,WRITE:0-0
405cc1-405cdd,6,9,8bff558bec5668c437410068bc37410068f82b41006a05e827feffff,,WRITE:0-0
405cdd-405ce6,6,4,8bf083c41085f67412,,WRITE:0-0
405ce6-405cf1,6,3,ff75088bceff1510214100,,WRITE:0-0
405cf1-405cf3,5,1,ffd6,,WRITE:0-0
405cf3-405cf8,6,3,5e5dc20400,,WRITE:0-0
405d00-405d1c,3,9,8bff558bec5668cc37410068c4374100680c2c41006a06e8e8fdffff,,WRITE:0-0
405d1c-405d25,3,4,8bf083c41085f67415,,WRITE:0-0
405d25-405d33,3,4,ff750c8bceff7508ff1510214100,,WRITE:0-0
405d33-405d35,2,1,ffd6,,WRITE:0-0
405d35-405d3a,3,3,5e5dc20800,,WRITE:0-0
405d42-405d47,81,1,e922b6c30c,,WRITE:0-0
405d5c-405d60,2,2,c1e807c3,,WRITE:0-0
405d6f-405d73,3,2,8d4dffc3,,WRITE:0-0
405d74-405d78,2,2,8d45f4c3,,WRITE:0-0
405d8d-405d92,4,1,e9e9b5c30c,,WRITE:0-0
405da2-405da6,19,2,8d45f0c3,,WRITE:0-0
405dab-405dae,64,2,85c9c3,,WRITE:0-0
405daf-405db3,3,2,c1e804c3,,WRITE:0-0
405dbe-405dc1,3,2,8bdfc3,,WRITE:0-0
405dc2-405dc5,3,2,1bffc3,,WRITE:0-0
405dcc-405dce,513,2,40c3,,WRITE:0-0
405dcf-405dd2,2,2,85c2c3,,WRITE:0-0
405e1b-405e42,2,14,b9109f4100b8889e410033d23bc8568b35189041001bc983e1de83c1224289308d40043bd175f6,m,WRITE:419e88-0
405e38-405e42,34,5,4289308d40043bd175f6,m,WRITE:419e8c-419f0c
405e42-405e46,2,3,b0015ec3,,WRITE:0-0
405e7c-405e88,2,3,6a106800804100e808baffff,,WRITE:0-0
405e88-405e93,2,3,8365e4006a08e8ba350000,,WRITE:0-0
405e93-405ea6,2,7,598365fc006a035e8975e03b35bc9c41007459,,WRITE:0-0
405e9b-405ea6,510,3,8975e03b35bc9c41007459,,WRITE:0-0
405ea6-405eb2,510,4,a1c09c41008b04b085c0744a,,WRITE:0-0
405efc-405eff,510,2,46eb9c,,WRITE:0-0
405eff-405f0b,2,2,c745fcfeffffffe813000000,,WRITE:0-0
405f0b-405f1e,2,9,8b45e48b4df064890d00000000595f5e5bc9c3,,WRITE:25d000-0
405f1e-405f25,2,2,6a08e870350000,,WRITE:0-0
405f25-405f27,2,2,59c3,,WRITE:0-0
405fb3-405fbf,2,3,6a2c6840804100e8d1b8ffff,,WRITE:0-0
405fbf-405fc9,2,3,8b4508ff30e884340000,,WRITE:0-0
405fc9-405fe6,2,9,598365fc008b35c09c4100a1bc9c41008d1c868b7d0c8975d43bf3744f,,WRITE:0-0
405fdf-405fe6,513,3,8975d43bf3744f,,WRITE:0-0
405fe6-405ff3,513,5,8b068945e0ff3750e8b9000000,,WRITE:0-0
405ff3-405ff9,513,4,595984c07437,,WRITE:0-0
406030-406035,513,2,83c604ebaa,,WRITE:0-0
406035-406041,2,2,c745fcfeffffffe812000000,,WRITE:0-0
406041-406053,2,8,8b4df064890d00000000595f5e5bc9c20c00,,WRITE:25d000-0
406053-40605d,2,3,8b4510ff30e838340000,,WRITE:0-0
40605d-40605f,2,2,59c3,,WRITE:0-0
40605f-40609e,2,24,8bff558bec83ec208365f8008d45f88365f4008d4dff8945e08d45088945e48d45f46a088945e8588945f08945ec8d45f0508d45e0508d45ec50e815ffffff,,WRITE:0-0
40609e-4060a7,2,3,807d08008b45f87503,,WRITE:0-0
4060aa-4060ac,2,2,c9c3,,WRITE:0-0
4060ac-4060b8,513,6,8bff558bec8b450885c0741f,,WRITE:0-0
4060b8-4060c5,4,6,8b480c908bc1c1e80da8017412,,WRITE:0-0
4060c5-4060cb,4,2,51e814000000,,WRITE:0-0
4060cb-4060d2,4,3,83c40484c07509,,WRITE:0-0
4060d2-4060db,4,5,8b450cff0032c05dc3,,WRITE:19fe58-19fe58
4060d7-4060db,510,3,32c05dc3,,WRITE:0-0
4060df-4060ed,4,7,8bff558bec8b450824033c027506,,WRITE:0-0
4060ed-4060f3,3,2,f64508c07509,,WRITE:0-0
4060f3-4060fc,4,2,f74508000800007404,,WRITE:0-0
406100-406104,4,3,32c05dc3,,WRITE:0-0
406104-406109,1,1,e9c5b2c30c,,WRITE:0-0
406112-406115,283,2,85f6c3,,WRITE:0-0
406116-40611a,135,2,8b4508c3,,WRITE:0-0
40611b-40611e,12,2,8bc8c3,,WRITE:0-0
406129-40612c,64,2,8903c3,,WRITE:19fec0-19f9e4
40612d-406131,2,2,83e1f7c3,,WRITE:0-0
406138-40613b,4,2,1bdbc3,,WRITE:0-0
40613c-40613f,96,2,d3cac3,,WRITE:0-0
406147-40614b,2,2,894818c3,,WRITE:690ad8-0
40614d-406151,3,2,8d45ecc3,,WRITE:0-0
4061b1-4061b8,2,2,6a01e8a7feffff,,WRITE:0-0
4061b8-4061ba,2,2,59c3,,WRITE:0-0
4061ba-4061d1,4,12,8bff558bec568b7508578d7e0c8b0790c1e80da8017425,,WRITE:0-0
4061d1-4061db,4,5,8b0790c1e806a801741b,,WRITE:0-0
4061f6-4061fa,4,4,5f5e5dc3,,WRITE:0-0
4061fa-40620c,2,7,8bff558bec83ec488d45b850ff1524204100,,WRITE:0-0
40620c-406217,2,2,66837dea000f8497000000,,WRITE:0-0
4062ae-4062b0,2,2,c9c3,,WRITE:0-0
4062b0-4062d1,2,13,8bff53565733ff8bc78bcf83e03fc1f9066bf03803348d109f4100837e18ff740c,,WRITE:0-0
4062b7-4062d1,3,8,8bc78bcf83e03fc1f9066bf03803348d109f4100837e18ff740c,,WRITE:0-0
4062dd-4062e8,4,4,8bc7c646288183e8007410,,WRITE:690e58-690ec8
4062e8-4062ed,3,2,83e8017407,,WRITE:0-0
4062ed-4062f4,2,3,83e8016af4eb06,,WRITE:0-0
4062f4-4062f8,2,2,6af5eb02,,WRITE:0-0
4062f8-406302,2,4,6af65850ff1578204100,,WRITE:0-0
4062fa-406302,3,3,5850ff1578204100,,WRITE:0-0
406302-406309,4,3,8bd883fbff740d,,WRITE:0-0
406309-40630d,4,2,85db7409,,WRITE:0-0
40630d-406314,4,2,53ff15a4204100,,WRITE:0-0
406314-406316,3,1,eb02,,WRITE:0-0
406318-40631c,4,2,85c0741c,,WRITE:0-0
40631c-406327,4,4,0fb6c0895e1883f8027506,,WRITE:690e48-690eb8
406327-40632d,4,2,804e2840eb29,,WRITE:690e58-690ec8
406356-406360,4,3,4783ff030f8557ffffff,,WRITE:0-0
406360-406364,2,4,5f5e5bc3,,WRITE:0-0
406364-406370,2,3,6a0c6860804100e820b5ffff,,WRITE:0-0
406370-406377,2,2,6a07e8d6300000,,WRITE:0-0
406377-406386,2,6,5933db885de7895dfc53e807320000,,WRITE:0-0
406386-40638b,2,3,5985c0750f,,WRITE:0-0
40638b-406390,1,1,e86afeffff,,WRITE:0-0
406390-406395,1,1,e81bffffff,,WRITE:0-0
406395-4063a6,2,4,b301885de7c745fcfeffffffe815000000,,WRITE:0-0
4063a6-4063b8,2,9,8ac38b4df064890d00000000595f5e5bc9c3,,WRITE:25d000-0
4063bb-4063c2,2,2,6a07e8d3300000,,WRITE:0-0
4063c2-4063c4,2,2,59c3,,WRITE:0-0
4063f0-4063f5,4,1,e905b0c30c,,WRITE:0-0
4063f6-4063fa,4,2,83ceffc3,,WRITE:0-0
406401-406405,64,2,894304c3,,WRITE:19fec4-19f9e8
406407-40640a,2,2,8bf1c3,,WRITE:0-0
40640c-40640f,14,2,a801c3,,WRITE:0-0
406411-406414,2,2,33dbc3,,WRITE:0-0
406416-406419,4,2,8bc1c3,,WRITE:0-0
40641a-40641e,606,2,3b450cc3,,WRITE:0-0
40641f-406422,2,2,2bf8c3,,WRITE:0-0
406423-40642b,2,2,66898872010000c3,,WRITE:690c32-0
406a0c-406a18,2,3,6a086880804100e878aeffff,,WRITE:0-0
406a18-406a22,2,3,8b4508ff30e82b2a0000,,WRITE:0-0
406a22-406a40,2,9,598365fc008b450c8b008b008b4048f0ff00c745fcfeffffffe812000000,m,WRITE:419200-0
406a40-406a52,2,8,8b4df064890d00000000595f5e5bc9c20c00,,WRITE:25d000-0
406a52-406a5c,2,3,8b4510ff30e8392a0000,,WRITE:0-0
406a5c-406a5e,2,2,59c3,,WRITE:0-0
406b1e-406b2a,2,3,6a0868a0804100e866adffff,,WRITE:0-0
406b2a-406b34,2,3,8b4508ff30e819290000,,WRITE:0-0
406b34-406b4c,2,9,598365fc008b4d0c8b41048b00ff308b01ff30e8b3010000,,WRITE:0-0
406b4c-406b5a,2,4,5959c745fcfeffffffe812000000,,WRITE:0-0
406b5a-406b6c,2,8,8b4df064890d00000000595f5e5bc9c20c00,,WRITE:25d000-0
406b6c-406b76,2,3,8b4510ff30e81f290000,,WRITE:0-0
406b76-406b78,2,2,59c3,,WRITE:0-0
406b7e-406b82,67,2,8b4d08c3,,WRITE:0-0
406b8d-406b90,96,2,8bf0c3,,WRITE:0-0
406b91-406b95,64,2,8d5f04c3,,WRITE:0-0
406ba9-406bae,2,2,c6463c00c3,,WRITE:19fa34-0
406bb4-406bb7,2,2,3c02c3,,WRITE:0-0
406bb9-406bbe,2,2,6689486cc3,,WRITE:690b2c-0
406bbf-406bc5,7,2,b935c40000c3,,WRITE:0-0
406bc7-406bcb,7,2,0fb6d3c3,,WRITE:0-0
406bcd-406bd0,7,2,1bf6c3,,WRITE:0-0
406bd2-406bd6,6,2,83e808c3,,WRITE:0-0
406be7-406beb,2,2,83c801c3,,WRITE:0-0
406cff-406d0e,2,7,8bff558bec568b7508837e4c007428,,WRITE:0-0
406d36-406d41,2,5,8b450c89464c5e85c07407,,WRITE:690b0c-0
406d41-406d47,2,2,50e8052e0000,,WRITE:0-0
406d47-406d4a,2,3,595dc3,,WRITE:0-0
406d4a-406d55,3,5,8bff535657ff1540204100,,WRITE:0-0
406d55-406d61,3,4,8bf0a13091410083f8ff741c,,WRITE:0-0
406d61-406d67,3,2,50e85aefffff,,WRITE:0-0
406d67-406d6d,3,3,8bf885ff740b,,WRITE:0-0
406d6d-406d72,3,2,83ffff7578,,WRITE:0-0
406dea-406df3,3,3,8bdf56ff1544204100,,WRITE:0-0
406df3-406dfb,3,4,f7df1bff23fb7406,,WRITE:0-0
406dfb-406e01,3,5,8bc75f5e5bc3,,WRITE:0-0
406e07-406e12,2,4,a1309141005683f8ff7418,,WRITE:0-0
406e12-406e18,2,2,50e8a9eeffff,,WRITE:0-0
406e18-406e1e,2,3,8bf085f67407,,WRITE:0-0
406e1e-406e23,2,2,83feff7478,,WRITE:0-0
406e23-406e25,1,1,eb6e,,WRITE:0-0
406e93-406e97,2,2,85f67404,,WRITE:0-0
406e97-406e9b,2,3,8bc65ec3,,WRITE:0-0
406ea1-406ea6,2,1,e9a6a5c30c,,WRITE:0-0
406eb0-406eb3,17,2,33c5c3,,WRITE:0-0
406eba-406ebe,12,2,83f8ffc3,,WRITE:0-0
406ebf-406ec3,2,2,8b4104c3,,WRITE:0-0
406ecb-406ece,4,2,2bc6c3,,WRITE:0-0
406ecf-406ed2,2,2,8b39c3,,WRITE:0-0
406ed4-406ed9,2,2,83610800c3,m,WRITE:419080-0
406edb-406ee3,2,2,c7404800924100c3,,WRITE:690b08-0
406eeb-406eee,7,2,32dbc3,,WRITE:0-0
406ef0-406ef5,25,2,6b450818c3,,WRITE:0-0
406efe-406f03,2,2,0faf7510c3,,WRITE:0-0
406f04-406f07,2,2,8bd8c3,,WRITE:0-0
406f09-406f0d,2,2,d97df8c3,,WRITE:0-0
406f0e-406f15,2,2,81c900000800c3,,WRITE:0-0
406f17-406f1d,2,2,bb000c0000c3,,WRITE:0-0
406f1f-406f22,2,2,0bcfc3,,WRITE:0-0
406f56-406f60,2,2,68116c4000e8e3ecffff,,WRITE:0-0
406f60-406f6a,2,3,a33091410083f8ff7503,m,WRITE:419130-0
406f6d-406f72,1,1,e82fffffff,,WRITE:0-0
406f72-406f76,2,2,85c07509,,WRITE:0-0
406f7f-406f82,2,2,b001c3,,WRITE:0-0
4078e8-4078ed,2,2,837dfc08c3,,WRITE:0-0
4078f2-4078f6,7,2,8d72ffc3,,WRITE:0-0
4078f7-4078fb,7,2,237520c3,,WRITE:0-0
4078fc-407900,2,2,83c901c3,,WRITE:0-0
407b05-407b11,4,6,8bff558bec8b450885c07515,,WRITE:0-0
407b26-407b2c,4,4,8b4010905dc3,,WRITE:0-0
407b2c-407b3a,10,6,8bff558bec8b550c836a0801790d,m,WRITE:419080-419080
407b47-407b55,10,7,8b028a4d088808ff020fb6c15dc3,m,WRITE:692aa0-419078
407b6a-407b76,2,5,8bff558bec6a02e862b0ffff,,WRITE:0-0
407b76-407b7c,2,3,593945087425,,WRITE:0-0
407b7c-407b83,2,2,6a01e855b0ffff,,WRITE:0-0
407b83-407b89,2,3,593945087514,,WRITE:0-0
407b89-407b91,2,2,ff7508e874ffffff,,WRITE:0-0
407b91-407b97,2,2,50e8a15a0000,,WRITE:0-0
407b97-407b9d,2,4,595985c07504,,WRITE:0-0
407ba1-407ba5,2,3,b0015dc3,,WRITE:0-0
407ba5-407bb6,2,9,8bff558bec53568b75085756e8b4ffffff,,WRITE:0-0
407bb6-407bbf,2,3,5984c00f848b000000,,WRITE:0-0
407bbf-407bc6,2,2,6a01e812b0ffff,,WRITE:0-0
407bc6-407bce,2,5,596a025b3bf07507,,WRITE:0-0
407bce-407bd5,2,2,bf20a14100eb10,,WRITE:0-0
407be5-407bf8,2,6,ff05c49c41008d4e0c8b0190a9c00400007552,m,WRITE:419cc4-0
407bf8-407c06,2,5,b882020000f009018b0785c0752d,m,WRITE:419084-0
407c06-407c10,2,2,6800100000e8e0e7ffff,,WRITE:0-0
407c10-407c19,2,3,6a008907e882ddffff,m,WRITE:41a120-0
407c19-407c21,2,5,8b07595985c07512,,WRITE:0-0
407c2f-407c33,2,2,b001eb19,,WRITE:0-0
407c33-407c4a,2,6,8946048b078906c7460800100000c7461800100000ebe5,m,WRITE:41907c-419090
407c4c-407c51,2,5,5f5e5b5dc3,,WRITE:0-0
407c51-407c5c,2,5,8bff558bec807d0800742d,,WRITE:0-0
407c5c-407c6e,2,9,568b750c578d7e0c8b0790c1e809a8017419,,WRITE:0-0
407c6e-407c74,2,2,56e890e4ffff,,WRITE:0-0
407c74-407c8b,2,11,59b87ffdfffff0210733c089461889460489065f5e5dc3,m,WRITE:419084-419078
407e2a-407e2d,129,2,85c0c3,,WRITE:0-0
408338-40833d,1,1,e96e91c30c,,WRITE:0-0
408350-408354,19,2,8945f8c3,,WRITE:0-0
40835b-40835e,8,2,3bfbc3,,WRITE:0-0
40835f-408362,94,2,33d2c3,,WRITE:0-0
4084bd-4084ca,2,7,8bff558bec568b750885f6750f,,WRITE:0-0
4084d9-4084e1,2,4,5333db66391e7525,,WRITE:0-0
408506-408516,2,9,535353536aff5653ff7514e81c0a0000,,WRITE:0-0
408516-40851d,2,3,83c42085c07516,,WRITE:0-0
408533-40853c,2,4,578b7d0c3b470c760c,,WRITE:0-0
408548-40855c,2,9,5353ff770cff77086aff5653ff7514e8d6090000,,WRITE:0-0
40855c-408563,2,3,83c42085c07516,,WRITE:0-0
408579-408584,2,8,4889471033c05f5b5e5dc3,,WRITE:19fcc4-0
4085bf-4085ea,2,13,8bff558bec81ec2c020000a11890410033c58945fc8b45088d8df0fdffff68050100005150ff1580204100,,WRITE:0-0
4085ea-4085ee,2,2,85c07511,,WRITE:0-0
4085ff-408630,2,9,8b4d0c8b451083a5e4fdffff00898dd4fdffff8985d8fdffff898ddcfdffff8985e0fdffffc685e8fdffff00e808fdffff,,WRITE:0-0
408630-40864b,2,8,508d85effdffff508d85d4fdffff508d85f0fdffff50e872feffff,,WRITE:0-0
40864b-40865e,2,5,8b85e4fdffff83c4108b4dfc33cde85794ffff,,WRITE:0-0
40865e-408660,2,2,c9c3,,WRITE:0-0
408660-40866c,2,3,6a086820814100e82492ffff,,WRITE:0-0
40866c-408676,2,3,8b4508ff30e8d70d0000,,WRITE:0-0
408676-408683,2,4,598365fc008b4d0ce82a000000,,WRITE:0-0
408683-40868f,2,2,c745fcfeffffffe812000000,,WRITE:0-0
40868f-4086a1,2,8,8b4df064890d00000000595f5e5bc9c20c00,,WRITE:25d000-0
4086a1-4086ab,2,3,8b4510ff30e8ea0d0000,,WRITE:0-0
4086ab-4086ad,2,2,59c3,,WRITE:0-0
4086ad-4086cf,2,13,8bff568bf1b901010000518b068b008b404883c0185051ff352ca14100e8f7060000,,WRITE:0-0
4086cf-4086ee,2,10,8b06b900010000518b008b404805190100005051ff3530a14100e8d8060000,,WRITE:0-0
4086ee-408701,2,7,8b460483c42083c9ff8b008b00f00fc1087515,m,WRITE:419200-0
408716-408730,2,12,8b068b108b46048b088b424889018b068b008b4048f0ff005ec3,m,WRITE:41a134-68e938
408730-40873f,2,6,8bff558bec8b45082da40300007428,,WRITE:0-0
40873f-408744,2,2,83e804741c,,WRITE:0-0
408760-408767,2,3,a1843d41005dc3,,WRITE:0-0
40876e-408780,3,7,8bff558bec83ec108d4df06a00e8d8a7ffff,,WRITE:0-0
408780-40878f,3,4,832538a14100008b450883f8fe7512,m,WRITE:41a138-41a138
4087a1-4087a6,3,2,83f8fd7512,,WRITE:0-0
4087a6-4087b6,2,2,c70538a1410001000000ff15b8204100,m,WRITE:41a138-0
4087b6-4087b8,1,1,eb15,,WRITE:0-0
4087b8-4087bd,2,2,83f8fc7510,,WRITE:0-0
4087cd-4087d3,3,2,807dfc00740a,,WRITE:0-0
4087dd-4087df,3,2,c9c3,,WRITE:0-0
408844-40886c,2,13,8bff558bec81ec18070000a11890410033c58945fc53568b750857817e04e9fd00000f840c010000,,WRITE:0-0
40886c-40887c,2,4,8d85e8f8ffff50ff7604ff15c0204100,,WRITE:0-0
40887c-408884,2,2,85c00f84f4000000,,WRITE:0-0
408884-408899,2,7,33dbbf000100008bc3888405fcfeffff403bc772f4,,WRITE:0-0
40888d-408899,256,4,888405fcfeffff403bc772f4,,WRITE:0-0
408899-4088ae,2,4,8a85eef8ffff8d8deef8ffffc685fcfeffff20eb1f,,WRITE:0-0
4088ae-4088b7,2,3,0fb651010fb6c0eb0d,,WRITE:0-0
4088b7-4088bb,127,2,3bc7730d,,WRITE:0-0
4088bb-4088c8,127,4,c68405fcfeffff20403bc276ef,,WRITE:0-0
4088c4-4088c8,2,2,3bc276ef,,WRITE:0-0
4088c8-4088d1,2,4,83c1028a0184c075dd,,WRITE:0-0
4088cd-4088d1,2,2,84c075dd,,WRITE:0-0
4088d1-4088ec,2,10,53ff76048d85fcf8ffff50578d85fcfeffff506a0153e83d110000,,WRITE:0-0
4088ec-40890d,2,12,53ff76048d85fcfdffff5750578d85fcfeffff5057ffb61c02000053e801560000,,WRITE:0-0
40890d-408935,2,13,83c4408d85fcfcffff53ff76045750578d85fcfeffff506800020000ffb61c02000053e8d9550000,,WRITE:0-0
408935-408947,2,5,83c4248bc30fb78c45fcf8fffff6c101740e,,WRITE:0-0
40893a-408947,256,3,0fb78c45fcf8fffff6c101740e,,WRITE:0-0
408947-408955,27,3,804c0619108a8c05fcfdffffeb15,,WRITE:68e992-68e9ab
408955-40895a,231,2,f6c102740e,,WRITE:0-0
40895a-408968,27,3,804c0619208a8c05fcfcffffeb02,,WRITE:68e9b2-68e9cb
408968-408976,205,5,8acb888c0619010000403bc772c4,,WRITE:68ea51-68eb50
40896a-408976,53,4,888c0619010000403bc772c4,,WRITE:68ea92-68eacb
408976-408978,1,1,eb3d,,WRITE:0-0
4089b5-4089c2,2,6,8b4dfc5f5e33cd5be8f390ffff,,WRITE:0-0
4089c2-4089c4,2,2,c9c3,,WRITE:0-0
4089c4-4089d7,2,7,8bff558bec83ec14ff7514ff7510e801010000,,WRITE:0-0
4089d7-4089df,2,2,ff7508e88ffdffff,,WRITE:0-0
4089df-4089f0,2,6,8b4d1083c40c8945f48b49483b41047504,,WRITE:0-0
4089f4-408a01,2,5,5356576820020000e8efd9ffff,,WRITE:0-0
408a01-408a0b,2,5,8bf883cbff5985ff742e,,WRITE:0-0
408a0b-408a26,2,144,8b7510b9880000008b7648f3a58bf857ff75f4832700e8ad010000,,WRITE:68e938-68e938
408a26-408a2e,2,5,8bf059593bf3751b,,WRITE:0-0
408a3b-408a41,2,2,57e85acfffff,,WRITE:0-0
408a41-408a49,2,7,595f8bc65e5bc9c3,,WRITE:0-0
408a49-408a4f,2,2,807d0c007505,,WRITE:0-0
408a54-408a61,2,5,8b45108b4048f00fc1184b7515,m,WRITE:419200-0
408a61-408a6d,2,3,8b4510817848009241007409,,WRITE:0-0
408a76-408a96,2,9,c707010000008bcf8b451033ff8948488b4d10a17897410085815003000075a5,,WRITE:68e938-690b08
408a96-408abf,2,16,8d45108945ec8d4dff6a058d45148945f0588945f48945f88d45f4508d45ec508d45f850e8a1fbffff,,WRITE:0-0
408abf-408ac9,2,2,807d0c000f8472ffffff,,WRITE:0-0
408ac9-408ad8,2,4,8b45148b00a3f4914100e963ffffff,m,WRITE:4191f4-0
408ad8-408ae4,2,3,6a0c6800814100e8ac8dffff,,WRITE:0-0
408ae4-408af9,2,6,33f68975e48b7d08a178974100858750030000740e,,WRITE:0-0
408b01-408b05,2,2,85f6746d,,WRITE:0-0
408b05-408b07,1,1,eb59,,WRITE:0-0
408b07-408b0e,2,2,6a05e83f090000,,WRITE:0-0
408b0e-408b1f,2,7,598975fc8b77488975e48b5d0c3b337427,,WRITE:0-0
408b46-408b52,2,2,c745fcfeffffffe805000000,,WRITE:0-0
408b52-408b54,1,1,ebad,,WRITE:0-0
408b57-408b5e,2,2,6a05e837090000,,WRITE:0-0
408b5e-408b60,2,2,59c3,,WRITE:0-0
408b60-408b72,2,9,8bc68b4df064890d00000000595f5e5bc9c3,,WRITE:25d000-0
408b78-408b7d,4,1,e95689c30c,,WRITE:0-0
408b8d-408b91,3,2,83c020c3,,WRITE:0-0
408b96-408b98,2,2,49c3,,WRITE:0-0
408ba0-408ba3,7,2,85ffc3,,WRITE:0-0
408ba9-408bac,4,2,23d8c3,,WRITE:0-0
408bd3-408bf3,2,13,8bff558bec83ec20a11890410033c58945fc53568b750c57ff7508e87bfbffff,,WRITE:0-0
408bf3-408bfe,2,4,8bd85985db0f84b0010000,,WRITE:0-0
408bfe-408c13,2,6,33ff8bcf8bc7894de43998309641000f84f3000000,,WRITE:0-0
408c07-408c13,2,2,3998309641000f84f3000000,,WRITE:0-0
408c13-408c21,2,5,4183c030894de43df000000072e6,,WRITE:0-0
408c63-408c69,2,2,56e8dbfbffff,,WRITE:0-0
408c69-408c6e,1,1,e946010000,,WRITE:0-0
408d06-408d15,2,5,68010100008d46185750e8cb91ffff,,WRITE:0-0
408d15-408d2f,2,8,83c40c6b45e4308945e08d80409641008945e48038008bc87435,,WRITE:0-0
408d28-408d2f,4,3,8038008bc87435,,WRITE:0-0
408d2f-408d36,3,3,8a410184c0742b,,WRITE:0-0
408d36-408d3e,3,3,0fb6110fb6c0eb17,,WRITE:0-0
408d3e-408d46,318,2,81fa000100007313,,WRITE:0-0
408d46-408d59,318,6,8a872896410008441619420fb641013bd076e5,,WRITE:68e9d2-68ea4f
408d55-408d59,3,2,3bd076e5,,WRITE:0-0
408d59-408d61,3,3,83c10280390075ce,,WRITE:0-0
408d61-408d70,3,6,8b45e44783c0088945e483ff0472b8,,WRITE:0-0
408d64-408d70,3,5,4783c0088945e483ff0472b8,,WRITE:0-0
408d70-408d80,2,4,53895e04c7460801000000e8b0f9ffff,,WRITE:68e93c-68e940
408d80-408da9,2,13,83c40489861c0200008b45e08d4e0c6a068d90349641005f668b028d52026689018d490283ef0175ef,,WRITE:68eb54-68e944
408d98-408da9,6,6,668b028d52026689018d490283ef0175ef,,WRITE:68e946-68e94e
408da9-408dae,1,1,e9b5feffff,,WRITE:0-0
408db4-408dc4,2,8,33c0598b4dfc5f5e33cd5be8f18cffff,,WRITE:0-0
408dc4-408dc6,2,2,c9c3,,WRITE:0-0
408dc6-408dcb,2,1,e94b87c30c,,WRITE:0-0
408dcc-408dd0,4,2,83e901c3,,WRITE:0-0
408dd7-408ddb,2,2,8b4df0c3,,WRITE:0-0
408ddc-408ddf,7,2,f7dac3,,WRITE:0-0
408de0-408de3,7,2,f7dec3,,WRITE:0-0
408de5-408de9,2,2,3b4510c3,,WRITE:0-0
408deb-408def,2,2,8d043bc3,,WRITE:0-0
408df1-408df5,2,2,83e101c3,,WRITE:0-0
408df7-408dfd,2,2,ba00100000c3,,WRITE:0-0
408e08-408e0c,2,2,8b7d0cc3,,WRITE:0-0
408e47-408e5b,57,8,8bff558bec83ec1056ff75088d4df0e8fda0ffff,,WRITE:0-0
408e5b-408e6b,57,5,0fb6750c8b45f88a4d14844c3019751b,,WRITE:0-0
408e6b-408e72,57,3,33d2395510740e,,WRITE:0-0
408e80-408e86,57,3,8bc285c07403,,WRITE:0-0
408e89-408e90,57,3,807dfc005e740a,,WRITE:0-0
408e9a-408e9e,57,3,8bc2c9c3,,WRITE:0-0
408e9e-408eb1,57,8,8bff558bec6a046a00ff75086a00e896ffffff,,WRITE:0-0
408eb1-408eb6,57,3,83c4105dc3,,WRITE:0-0
408eb6-408ec7,7,7,8bff558bec8b4508b935c400003bc17728,,WRITE:0-0
408ec7-408ec9,6,1,7465,,WRITE:0-0
408ec9-408ece,7,2,83f82a7460,,WRITE:0-0
408ece-408ed5,7,2,3d2bc400007615,,WRITE:0-0
408eea-408eef,7,2,8b4d0ceb29,,WRITE:0-0
408f18-408f2c,7,7,ff751cff7518ff7514ff75105150ff15c4204100,,WRITE:0-0
408f2c-408f2e,7,2,5dc3,,WRITE:0-0
408f32-408f37,6,1,e98988c30c,,WRITE:0-0
408f55-408f58,4,2,8bf8c3,,WRITE:0-0
408f59-408f5d,2,2,894e20c3,,WRITE:19fa18-0
408f68-408f6c,2,2,8d4e40c3,,WRITE:0-0
408f6e-408f72,2,2,8d450cc3,,WRITE:0-0
408f74-408f7a,4,2,a130914100c3,,WRITE:0-0
408f87-408f8b,3,2,c1f906c3,,WRITE:0-0
408f8d-408f90,2,2,2bf7c3,,WRITE:0-0
408f92-408f96,2,2,c1e104c3,,WRITE:0-0
408f97-408f9a,2,2,a804c3,,WRITE:0-0
408f9c-408fa3,2,2,81e600030000c3,,WRITE:0-0
408fa4-408fa7,2,2,8bf7c3,,WRITE:0-0
408fbb-408fc2,2,2,81e71f030803c3,,WRITE:0-0
408fc3-408fca,2,2,f7c100020000c3,,WRITE:0-0
408fcb-408fd2,2,2,81e140800000c3,,WRITE:0-0
408fe9-408ff9,2,8,8bff558bec8b55085733ff66393a7421,,WRITE:0-0
408ff9-40900a,2,7,568bca8d7102668b0183c102663bc775f5,,WRITE:0-0
408ffa-40900a,86,6,8bca8d7102668b0183c102663bc775f5,,WRITE:0-0
408fff-40900a,6577,4,668b0183c102663bc775f5,,WRITE:0-0
40900a-409019,87,6,2bced1f98d144a83c20266393a75e1,,WRITE:0-0
409019-409020,2,5,5e8d42025f5dc3,,WRITE:0-0
409020-40902f,2,8,8bff558bec51535657ff15cc204100,,WRITE:0-0
40902f-409037,2,4,8bf033ff85f67459,,WRITE:0-0
409037-40903d,2,2,56e8acffffff,,WRITE:0-0
40903d-409050,2,12,5757578bd8572bded1fb53565757e8e2feffff,,WRITE:0-0
409050-40905a,2,4,83c4248945fc85c07436,,WRITE:0-0
40905a-409060,2,2,50e890d3ffff,,WRITE:0-0
409060-409067,2,4,8bf85985ff741e,,WRITE:0-0
409067-409078,2,10,33c05050ff75fc5753565050e8bafeffff,,WRITE:0-0
409078-40907f,2,3,83c42085c07406,,WRITE:0-0
40907f-409085,2,3,8bdf33ffeb02,,WRITE:0-0
409087-40908d,2,2,57e80ec9ffff,,WRITE:0-0
40908d-409090,2,2,59eb02,,WRITE:0-0
409092-409096,2,2,85f67407,,WRITE:0-0
409096-40909d,2,2,56ff15d0204100,,WRITE:0-0
40909d-4090a4,2,6,5f5e8bc35bc9c3,,WRITE:0-0
40940c-409424,2,9,8bff5657bf40a1410033f66a0068a00f000057e81ec9ffff,,WRITE:0-0
409417-409424,14,4,6a0068a00f000057e81ec9ffff,,WRITE:0-0
409424-409428,15,2,85c07418,,WRITE:0-0
409428-40943c,15,5,ff0590a2410083c61883c71881fe5001000072db,m,WRITE:41a290-41a290
40943c-409440,2,2,b001eb0a,,WRITE:0-0
40944a-40944d,2,3,5f5ec3,,WRITE:0-0
40944d-409452,12,1,e97983c30c,,WRITE:0-0
409495-40949a,12,1,e93d83c30c,,WRITE:0-0
4094ac-4094c6,2,11,8bff558bec5164a1300000005633f68975fc8b40103970087c0f,,WRITE:0-0
4094c6-4094cf,2,3,8d45fc50e8b8c6ffff,,WRITE:0-0
4094cf-4094d5,2,2,837dfc017403,,WRITE:0-0
4094d5-4094dd,2,6,33f6468bc65ec9c3,,WRITE:0-0
4094dd-4094ef,2,10,8bff558bec515153566a386a40e84fc4ffff,,WRITE:0-0
4094ef-4094fc,2,7,8bf033db8975f8595985f67504,,WRITE:0-0
409500-40950a,2,3,8d86000e00003bf07441,,WRITE:0-0
40950a-40951f,2,8,578d7e208bf05368a00f00008d47e050e823c8ffff,,WRITE:0-0
409510-40951f,64,5,5368a00f00008d47e050e823c8ffff,,WRITE:0-0
40951f-409547,65,12,834ff8ff80670df8891f8d7f38895fcc8d47e0c747d000000a0ac647d40a895fd6885fda3bc675c9,,WRITE:690e48-691c2a
409547-409551,2,4,8b75f85f53e84ac4ffff,,WRITE:0-0
409551-409558,2,6,598bc65e5bc9c3,,WRITE:0-0
40958d-409599,2,3,6a106840814100e8f782ffff,,WRITE:0-0
409599-4095a2,2,2,817d08002000007221,,WRITE:0-0
4095b1-4095c3,2,9,8bc68b4df064890d00000000595f5e5bc9c3,,WRITE:25d000-0
4095c3-4095cf,2,4,33f68975e46a07e87efeffff,,WRITE:0-0
4095cf-4095e2,2,7,598975fc8bfea110a14100897de03945087c1f,,WRITE:0-0
4095da-4095e2,2,3,897de03945087c1f,,WRITE:0-0
4095e2-4095eb,2,2,3934bd109f41007531,,WRITE:0-0
4095eb-4095f0,1,1,e8edfeffff,,WRITE:0-0
4095f0-4095fb,2,3,8904bd109f410085c07514,m,WRITE:419f10-0
409601-40960d,2,2,c745fcfeffffffe815000000,,WRITE:0-0
40960d-40960f,1,1,eba2,,WRITE:0-0
40960f-40961f,2,5,a110a1410083c040a310a1410047ebbb,m,WRITE:41a110-0
409622-409629,2,2,6a07e86cfeffff,,WRITE:0-0
409629-40962b,2,2,59c3,,WRITE:0-0
40962b-409630,1,1,e9b381c30c,,WRITE:0-0
40964e-409653,1,1,e99b81c30c,,WRITE:0-0
40965a-40965d,6,2,b001c3,,WRITE:0-0
40976c-409775,2,2,833d94a2410000750a,,WRITE:0-0
40977f-409782,2,2,33c0c3,,WRITE:0-0
409a29-409a49,2,13,8bff558bec83ec1ca11890410033c58945fc535657ff75088d4de4e80f95ffff,,WRITE:0-0
409a49-409a50,2,3,8b5d1c85db7506,,WRITE:0-0
409a56-409a76,2,12,33c033ff3945205757ff75140f95c0ff75108d04c5010000005053e840f4ffff,,WRITE:0-0
409a76-409a84,2,4,83c4188945f485c00f8484000000,,WRITE:0-0
409a84-409a95,2,7,8d14008d4a088955f83bd11bc023c17435,,WRITE:0-0
409a95-409a9c,2,2,3d000400007713,,WRITE:0-0
409a9c-409aa1,1,1,e8af760000,,WRITE:0-0
409aa1-409aa7,2,3,8bf485f6741e,,WRITE:0-0
409aa7-409aaf,2,2,c706cccc0000eb13,,WRITE:19f510-0
409ac2-409aca,2,3,83c6088b55f8eb02,,WRITE:0-0
409acc-409ad0,2,2,85f67431,,WRITE:0-0
409ad0-409ad8,2,4,525756e80884ffff,,WRITE:0-0
409ad8-409aea,2,7,ff75f456ff7514ff75106a0153e8ccf3ffff,,WRITE:0-0
409aea-409af1,2,3,83c42485c07410,,WRITE:0-0
409af1-409aff,2,5,ff75185056ff750cff15dc204100,,WRITE:0-0
409aff-409b07,2,3,8bf856e825000000,,WRITE:0-0
409b07-409b0e,2,3,59807df000740a,,WRITE:0-0
409b18-409b2a,2,8,8bc78d65d85f5e5b8b4dfc33cde88b7fffff,,WRITE:0-0
409b2a-409b2c,2,2,c9c3,,WRITE:0-0
409b2c-409b31,5,1,e9ee7cc30c,,WRITE:0-0
409b4c-409b5f,2,8,8bff558bec8b4508f0ff400c8b487c85c97403,m,WRITE:419144-0
409b62-409b6c,2,3,8b888400000085c97403,,WRITE:0-0
409b6f-409b79,2,3,8b888000000085c97403,,WRITE:0-0
409b7c-409b86,2,3,8b888c00000085c97403,,WRITE:0-0
409b89-409b99,2,6,566a068d48285e8179f8f89141007409,,WRITE:0-0
409b90-409b99,6,2,8179f8f89141007409,,WRITE:0-0
409b99-409b9f,2,3,8b1185d27403,,WRITE:0-0
409ba2-409ba8,7,2,8379f400740a,,WRITE:0-0
409bb2-409bba,7,3,83c11083ee0175d6,,WRITE:0-0
409bba-409bc5,2,2,ffb09c000000e84c010000,,WRITE:0-0
409bc5-409bc9,2,4,595e5dc3,,WRITE:0-0
409d11-409d1d,2,6,8bff558bec8b4d0885c97416,,WRITE:0-0
409d1d-409d25,2,2,81f9c0384100740e,,WRITE:0-0
409d33-409d3a,2,3,b8ffffff7f5dc3,,WRITE:0-0
409ee6-409eeb,1,1,e96a79c30c,,WRITE:0-0
409eec-409ef0,9,2,8945fcc3,,WRITE:0-0
409ef1-409ef5,17,2,3145fcc3,,WRITE:0-0
409ef7-409efb,2,2,83c802c3,,WRITE:0-0
409f00-409f07,96,2,8b1518904100c3,,WRITE:0-0
409f09-409f0c,96,2,8bcac3,,WRITE:0-0
409f0e-409f15,2,2,898850030000c3,,WRITE:690e10-0
409f17-409f1b,3,2,8945f0c3,,WRITE:0-0
409f1d-409f21,2,2,8945f4c3,,WRITE:0-0
409f28-409f2c,2,2,8b45f4c3,,WRITE:0-0
409f2e-409f34,8,2,bae9fd0000c3,,WRITE:0-0
409f36-409f3a,3,2,8b7d10c3,,WRITE:0-0
409f3c-409f40,7,2,8b4d0cc3,,WRITE:0-0
409f53-409f59,1,1,ff15e0204100,,WRITE:0-0
409f59-409f64,2,4,85c0a3a0a241000f95c0c3,m,WRITE:41a2a0-0
409f6e-409f7e,2,9,8bff558bec5356578b7d083b7d0c7451,,WRITE:0-0
409f7e-409f86,2,4,8bf78b1e85db740e,,WRITE:0-0
409f80-409f86,16,3,8b1e85db740e,,WRITE:0-0
409f86-409f8e,13,2,8bcbff1510214100,,WRITE:0-0
409f8e-409f90,12,1,ffd3,,WRITE:0-0
409f90-409f94,13,2,84c07408,,WRITE:0-0
409f94-409f9c,17,3,83c6083b750c75e4,,WRITE:0-0
409f9c-409fa1,2,2,3b750c742e,,WRITE:0-0
409fcf-409fd6,2,6,b0015f5e5b5dc3,,WRITE:0-0
40a007-40a016,2,7,8bff558bec8b4508a3a4a241005dc3,m,WRITE:41a2a4-0
40a028-40a02c,99,2,8b7508c3,,WRITE:0-0
40a194-40a1b2,2,10,8bff558bec8b4508a3a8a24100a3aca24100a3b0a24100a3b4a241005dc3,m,WRITE:41a2a8-41a2b4
40a52a-40a52f,1,1,e99076c30c,,WRITE:0-0
40a53c-40a540,2,2,8d45f8c3,,WRITE:0-0
40a541-40a544,10,2,3bc6c3,,WRITE:0-0
40a54b-40a54e,2,2,0bc3c3,,WRITE:0-0
40a550-40a558,96,2,8d1c85889e4100c3,,WRITE:0-0
40a55a-40a55e,2,2,83ffffc3,,WRITE:0-0
40a564-40a56f,2,2,c7052ca1410020944100c3,m,WRITE:41a12c-0
40a570-40a574,3,2,6bc038c3,,WRITE:0-0
40a576-40a578,2,2,9bc3,,WRITE:0-0
40a579-40a57c,2,2,a810c3,,WRITE:0-0
40a7e3-40a7ed,17,2,68301c4000e903000000,,WRITE:0-0
40a7f0-40a7fc,17,2,64ff3500000000e903000000,,WRITE:0-0
40a7ff-40a809,17,3,8b442410680aa84000c3,,WRITE:0-0
40a80a-40a814,17,3,896c2410680400030dc3,,WRITE:0-0
40b03e-40b04f,2,9,8bff558bec51568b75085756e8e9250000,,WRITE:0-0
40b04f-40b054,2,3,5985c07455,,WRITE:0-0
40b054-40b06d,2,7,8bfe83e63fc1ff066bf6388b04bd109f4100807c3028007d3c,,WRITE:0-0
40b06d-40b072,1,1,e8d8bcffff,,WRITE:0-0
40b072-40b07e,2,3,8b404c83b8a800000000750e,,WRITE:0-0
40b07e-40b08c,2,3,8b04bd109f4100807c302900741d,,WRITE:0-0
40b0a9-40b0af,2,5,32c05f5ec9c3,,WRITE:0-0
40b0af-40b0be,2,5,8bff558becb80c140000e8c2600000,,WRITE:0-0
40b0be-40b106,2,26,a11890410033c58945fc8b4d0c8bc18b551483e13fc1f8066bc938538b5d088b0485109f410056578bfb8b4408188b4d1003d18985f8ebffff33c0ab8995f4ebffffabab3bca7373,,WRITE:19f92c-19f934
40b106-40b116,2,4,8bbdf8ebffff8db5fcebffff3bca7318,,WRITE:0-0
40b112-40b116,10,2,3bca7318,,WRITE:0-0
40b116-40b11d,10,4,8a01413c0a7507,,WRITE:0-0
40b11d-40b12e,2,8,ff4308c6060d468806468d45fb3bf072e4,,WRITE:19f934-19e50d
40b124-40b12e,9,5,8806468d45fb3bf072e4,,WRITE:19e504-19e50b
40b12e-40b151,2,11,8d85fcebffff894d102bf08d85f8ebffff6a0050568d85fcebffff5057ff157c204100,,WRITE:0-0
40b151-40b155,2,2,85c0741c,,WRITE:0-0
40b155-40b162,2,4,8b85f8ebffff0143043bc67217,,WRITE:19f930-0
40b162-40b16f,2,4,8b4d108b95f4ebffff3bca729d,,WRITE:0-0
40b16f-40b171,1,1,eb08,,WRITE:0-0
40b179-40b188,2,7,8b4dfc8bc35f5e33cd5be82d69ffff,,WRITE:0-0
40b188-40b18a,2,2,c9c3,,WRITE:0-0
40b3a5-40b3b1,2,3,6a106820824100e8df64ffff,,WRITE:0-0
40b3b1-40b3b9,2,3,8b750883fefe7518,,WRITE:0-0
40b3d1-40b3d9,2,2,85f60f8893000000,,WRITE:0-0
40b3d9-40b3e5,2,2,3b3510a141000f8387000000,,WRITE:0-0
40b3e5-40b403,2,9,8bdec1fb068bc683e03f6bc838894de08b049d109f4100f6440828017469,,WRITE:0-0
40b403-40b409,2,2,56e822e2ffff,,WRITE:0-0
40b409-40b425,2,8,5983cfff897de48365fc008b049d109f41008b4de0f6440828017515,,WRITE:0-0
40b43a-40b446,2,4,ff7510ff750c56e851000000,,WRITE:0-0
40b446-40b45a,2,5,83c40c8bf8897de4c745fcfeffffffe80a000000,,WRITE:0-0
40b45a-40b45e,2,2,8bc7eb29,,WRITE:0-0
40b464-40b46a,2,2,56e8e4e1ffff,,WRITE:0-0
40b46a-40b46c,2,2,59c3,,WRITE:0-0
40b487-40b497,2,8,8b4df064890d00000000595f5e5bc9c3,,WRITE:25d000-0
40b497-40b4b9,2,14,8bff558bec83ec288b4d10894dfc53568b7508578b7d0c897df485c90f84b1010000,,WRITE:0-0
40b4b9-40b4bd,2,2,85ff7520,,WRITE:0-0
40b4dd-40b500,2,11,8bc68bd6c1fa0683e03f6bc0388955f08b1495109f41008945f88a5c022980fb027405,,WRITE:0-0
40b500-40b505,2,2,80fb01750b,,WRITE:0-0
40b510-40b517,2,2,f644022820740f,,WRITE:0-0
40b526-40b52c,2,2,56e812fbffff,,WRITE:0-0
40b52c-40b531,2,3,5984c07439,,WRITE:0-0
40b550-40b557,2,2,8bf0e99c000000,,WRITE:0-0
40b565-40b56a,2,2,83c410ebe6,,WRITE:0-0
40b56a-40b57e,2,5,8b45f08b0c85109f41008b45f8807c0128007d46,,WRITE:0-0
40b57e-40b586,2,3,0fbec383e800742e,,WRITE:0-0
40b5b4-40b5c2,2,6,ff75fc8d45d8575650e8edfaffff,,WRITE:0-0
40b5c2-40b5c4,1,1,eba1,,WRITE:0-0
40b5f3-40b600,2,7,8d7de4a5a5a58b45e885c07565,,WRITE:19f938-19f940
40b665-40b66a,2,2,2b45eceb02,,WRITE:0-0
40b66c-40b671,2,5,5f5e5bc9c3,,WRITE:0-0
40b961-40b965,4,2,83c003c3,,WRITE:0-0
40b966-40b96b,2,2,807dfc00c3,,WRITE:0-0
40b96d-40b971,3,2,8b7514c3,,WRITE:0-0
40b979-40b97c,7,2,f7d2c3,,WRITE:0-0
40b97e-40b981,7,2,23d7c3,,WRITE:0-0
40b988-40b98f,6,2,8138dddd0000c3,,WRITE:0-0
40b990-40b993,2,2,3bfec3,,WRITE:0-0
40b995-40b999,2,2,83c908c3,,WRITE:0-0
40b9a9-40b9b0,2,2,f7c100040000c3,,WRITE:0-0
40b9b2-40b9b9,2,2,f7c100080000c3,,WRITE:0-0
40d638-40d645,3,6,8bff558bec8b4d0883f9fe750d,,WRITE:0-0
40d652-40d656,3,2,85c97824,,WRITE:0-0
40d656-40d65e,3,2,3b0d10a14100731c,,WRITE:0-0
40d65e-40d67a,3,9,8bc183e13fc1f8066bc9388b0485109f41000fb644082883e0405dc3,,WRITE:0-0
40dd24-40dd3f,3,14,8bff558bec5151a11890410033c58945fc53568b75185785f67e14,,WRITE:0-0
40dd3f-40dd48,3,3,56ff7514e857140000,,WRITE:0-0
40dd48-40dd51,3,5,593bc6598d70017c02,,WRITE:0-0
40dd51-40dd5a,3,4,8bf08b7d2485ff750b,,WRITE:0-0
40dd65-40dd83,3,11,33c03945286a006a000f95c056ff75148d04c5010000005057e833b1ffff,,WRITE:0-0
40dd83-40dd93,3,5,8bd083c4188955f885d20f8458010000,,WRITE:0-0
40dd93-40dda1,3,6,8d04128d48083bc11bc023c17435,,WRITE:0-0
40dda1-40dda8,3,2,3d000400007713,,WRITE:0-0
40dda8-40ddad,2,1,e8a3330000,,WRITE:0-0
40ddad-40ddb3,3,3,8bdc85db741e,,WRITE:0-0
40ddb3-40ddbb,3,2,c703cccc0000eb13,,WRITE:19f4c0-19f4e0
40ddce-40ddd6,3,3,83c3088b55f8eb02,,WRITE:0-0
40ddd8-40dde0,3,2,85db0f8400010000,,WRITE:0-0
40dde0-40ddee,3,7,525356ff75146a0157e8c8b0ffff,,WRITE:0-0
40ddee-40ddf9,3,3,83c41885c00f84e7000000,,WRITE:0-0
40ddf9-40de10,3,12,8b7df833c050505050505753ff7510ff750ce87d7fffff,,WRITE:0-0
40de10-40de1a,3,3,8bf085f60f84c6000000,,WRITE:0-0
40de1a-40de24,3,3,ba000400008555107438,,WRITE:0-0
40de5c-40de6a,3,6,8d04368d48083bc11bc023c1742f,,WRITE:0-0
40de6a-40de6e,3,2,3bc27713,,WRITE:0-0
40de6e-40de73,2,1,e8dd320000,,WRITE:0-0
40de73-40de79,3,3,8bfc85ff7460,,WRITE:0-0
40de79-40de81,3,2,c707cccc0000eb13,,WRITE:19f2b0-19f2d0
40de94-40de99,3,2,83c708eb02,,WRITE:0-0
40de9b-40de9f,3,2,85ff743a,,WRITE:0-0
40de9f-40deb6,3,10,6a006a006a005657ff75f853ff7510ff750ce8d77effff,,WRITE:0-0
40deb6-40deba,3,2,85c0741f,,WRITE:0-0
40deba-40dec3,3,5,33c05050394520753a,,WRITE:0-0
40dec5-40ded0,3,5,565750ff7524e862b0ffff,,WRITE:0-0
40ded0-40ded9,3,4,8bf083c42085f6752c,,WRITE:0-0
40dee2-40dee8,3,2,53e844bcffff,,WRITE:0-0
40dee8-40defb,3,9,598bc68d65ec5f5e5b8b4dfc33cde8ba3bffff,,WRITE:0-0
40defb-40defd,3,2,c9c3,,WRITE:0-0
40defd-40df05,3,3,ff7520ff751cebc0,,WRITE:0-0
40df05-40df0b,3,2,57e821bcffff,,WRITE:0-0
40df0b-40df0e,3,2,59ebd4,,WRITE:0-0
40df0e-40df21,3,7,8bff558bec83ec10ff75088d4df0e83750ffff,,WRITE:0-0
40df21-40df42,3,11,ff75288d45f4ff7524ff7520ff751cff7518ff7514ff7510ff750c50e8e2fdffff,,WRITE:0-0
40df42-40df4b,3,3,83c424807dfc00740a,,WRITE:0-0
40df55-40df57,3,2,c9c3,,WRITE:0-0
40df57-40df5c,1,1,e81cacffff,,WRITE:0-0
40df5c-40df66,2,5,33c984c00f94c18bc1c3,,WRITE:0-0
40e16e-40e17b,2,7,8bff558bec578b7d0885ff750b,,WRITE:0-0
40e17b-40e183,2,2,ff750ce86d82ffff,,WRITE:0-0
40e183-40e186,2,2,59eb24,,WRITE:0-0
40e1aa-40e1ad,2,3,5f5dc3,,WRITE:0-0
40e26e-40e274,28,2,a118904100c3,,WRITE:0-0
40e276-40e278,110,2,90c3,,WRITE:0-0
40e279-40e27d,10,2,8b400cc3,,WRITE:0-0
40e2a2-40e2a6,13,2,0f95c0c3,,WRITE:0-0
40e2ac-40e2af,9,2,8b06c3,,WRITE:0-0
40e2b0-40e2b5,92,2,0faf750cc3,,WRITE:0-0
40e2b7-40e2bb,96,2,83e11fc3,,WRITE:0-0
40e2bd-40e2c0,8,2,8bc6c3,,WRITE:0-0
40e2c5-40e2c9,2,2,f6c2c0c3,,WRITE:0-0
40e2cb-40e2ce,2,2,8901c3,m,WRITE:419078-0
40e6ea-40e6ee,17,2,8b45fcc3,,WRITE:0-0
40e6f0-40e6f3,88,2,8bcec3,,WRITE:0-0
40e6f4-40e6f7,3,2,f7dfc3,,WRITE:0-0
40e6f8-40e6fa,8,2,47c3,,WRITE:0-0
40e6fc-40e700,2,2,8d710cc3,,WRITE:0-0
40e701-40e704,2,2,2403c3,,WRITE:0-0
40e706-40e709,2,2,3bf8c3,,WRITE:0-0
40e711-40e715,2,2,8d4df0c3,,WRITE:0-0
40e717-40e71a,7,2,3bc2c3,,WRITE:0-0
40e71c-40e720,7,2,83f82ac3,,WRITE:0-0
40e722-40e726,3,2,83e03fc3,,WRITE:0-0
40e727-40e72d,2,2,bf00020000c3,,WRITE:0-0
40e72e-40e731,2,2,3bf7c3,,WRITE:0-0
40e733-40e738,2,2,0fae5df0c3,,WRITE:0-0
40e739-40e73d,2,2,83c808c3,,WRITE:0-0
40e747-40e74e,2,2,81e9c07f0000c3,,WRITE:0-0
40e7d9-40e7dc,3,2,3801c3,,WRITE:0-0
40f19f-40f1a4,2,1,e9002dc30c,,WRITE:0-0
40f600-40f60a,2,3,a19098410083f8ff740c,,WRITE:0-0
40f60a-40f60f,2,2,83f8fe7407,,WRITE:0-0
40f66c-40f674,2,2,6a0aff1528204100,,WRITE:0-0
40f674-40f67c,2,3,a3e0a2410033c0c3,m,WRITE:41a2e0-0
410f56-410f5d,4,2,3905d0a24100c3,,WRITE:0-0
410f63-410f67,6,2,39750cc3,,WRITE:0-0
410f6d-410f73,7,2,3d2bc40000c3,,WRITE:0-0
410f84-410f87,2,2,23f1c3,,WRITE:0-0
410f88-410f8b,2,2,23c7c3,,WRITE:0-0
410f8c-410f8f,2,2,3bf1c3,,WRITE:0-0
410f96-410f99,2,2,8bd1c3,,WRITE:0-0
410f9a-410f9d,3,2,2bcbc3,,WRITE:0-0
410f9e-410fa1,2,2,33c6c3,,WRITE:0-0
41103d-411041,10,2,c1e80cc3,,WRITE:0-0
411042-411045,12,2,2bc8c3,,WRITE:0-0
411046-411049,96,2,3bd7c3,,WRITE:0-0
41104a-41104d,2,2,33c9c3,,WRITE:0-0
411057-41105b,7,2,0fb6f3c3,,WRITE:0-0
411061-411065,2,2,83c904c3,,WRITE:0-0
411066-41106a,2,2,0fb7c0c3,,WRITE:0-0
411076-411079,2,2,85cac3,,WRITE:0-0
41107b-411081,2,2,bb00600000c3,,WRITE:0-0
411090-411093,2,2,f7d1c3,,WRITE:0-0
411150-411166,6,9,518d4c24082bc883e10f03c11bc90bc159e91a000000,,WRITE:0-0
411180-411198,7,10,518d4c24042bc81bc0f7d023c88bc42500f0ffff3bc8720a,,WRITE:0-0
411194-411198,2,2,3bc8720a,,WRITE:0-0
411198-4111a2,7,6,8bc159948b00890424c3,,WRITE:0-0
4111a2-4111ab,2,3,2d001000008500ebe9,,WRITE:0-0
41c00c-41c016,8,2,680be8786ee9b2010000,,WRITE:0-0
41c018-41c022,2,2,680ae8786ee9a6010000,,WRITE:0-0
41c024-41c02e,2,2,68e8e7786ee99a010000,,WRITE:0-0
41c030-41c03a,2,2,68bee7786ee98e010000,,WRITE:0-0
41c054-41c05e,7,2,68e9e7786ee96a010000,,WRITE:0-0
41c06c-41c076,96,2,68dbe7786ee952010000,,WRITE:0-0
41c084-41c08e,2,2,680de8786ee93a010000,,WRITE:0-0
41c0a8-41c0b2,2,2,680fe8786ee916010000,,WRITE:0-0
41c0b4-41c0be,2,2,68dde7786ee90a010000,,WRITE:0-0
41c0c0-41c0ca,2,2,6814e8786ee9fe000000,,WRITE:0-0
41c0cc-41c0d6,4,2,68f6e7786ee9f2000000,,WRITE:0-0
41c0e4-41c0ee,2,2,68ede7786ee9da000000,,WRITE:0-0
41c114-41c11e,15,2,68f4e7786ee9aa000000,,WRITE:0-0
41c12c-41c136,2,2,6816e8786ee992000000,,WRITE:0-0
41c138-41c142,2,2,68dce7786ee986000000,,WRITE:0-0
41c144-41c14e,5,2,6813e8786ee97a000000,,WRITE:0-0
41c150-41c15a,7,2,680ee8786ee96e000000,,WRITE:0-0
41c15c-41c166,2,2,68c4e7786ee962000000,,WRITE:0-0
41c168-41c172,3,2,6811e8786ee956000000,,WRITE:0-0
41c174-41c17e,4,2,68e6e7786ee94a000000,,WRITE:0-0
41c180-41c18a,5,2,6808e8786ee93e000000,,WRITE:0-0
41c198-41c1a2,4,2,68c0e7786ee926000000,,WRITE:0-0
41c1b0-41c1ba,2,2,68c5e7786ee90e000000,,WRITE:0-0
41c1bc-41c1c6,3,2,68c7e7786ee902000000,,WRITE:0-0
41c1c8-41c1cd,196,1,e9ebee020a,,WRITE:0-0
41c1e0-41c1ea,2,2,68f1e7786ee9deffffff,,WRITE:0-0
41c1ec-41c1f6,2,2,68e1e7786ee9d2ffffff,,WRITE:0-0
41c1f8-41c202,2,2,68e5e7786ee9c6ffffff,,WRITE:0-0
41c204-41c20e,2,2,68dee7786ee9baffffff,,WRITE:0-0
41c24c-41c256,4,2,68f7e7786ee972ffffff,,WRITE:0-0
41c258-41c262,2,2,68bae7786ee966ffffff,,WRITE:0-0
41c27c-41c286,15,2,68e3e7786ee942ffffff,,WRITE:0-0
41c2ac-41c2b6,2,2,68dae7786ee912ffffff,,WRITE:0-0
41c2b8-41c2c2,2,2,68bbe7786ee906ffffff,,WRITE:0-0
41c2d0-41c2da,11,2,68e7e7786ee9eefeffff,,WRITE:0-0
41c300-41c30a,2,2,68ece7786ee9befeffff,,WRITE:0-0
41d000-41d002,60519,2,40c3,,WRITE:0-0
41d003-41d005,164891,2,48c3,,WRITE:0-0
41d007-41d00b,3,2,6633c0c3,,WRITE:0-0
41d00c-41d012,3,2,6681384d5ac3,a,WRITE:0-0
41d014-41d01a,4,2,250000ffffc3,,WRITE:0-0
41d01c-41d022,4,2,b94d5a0000c3,,WRITE:0-0
41d023-41d027,4,2,663908c3,,WRITE:0-0
41d028-41d02c,2,2,8b483cc3,,WRITE:0-0
41d02d-41d033,2,2,ba50450000c3,,WRITE:0-0
41d034-41d039,2,2,66391408c3,,WRITE:0-0
41d03a-41d03e,4,2,8b7508c3,,WRITE:0-0
41d040-41d043,4,2,33ffc3,,WRITE:0-0
41d044-41d047,4,2,3bf7c3,,WRITE:0-0
41d049-41d04d,4,2,8b563cc3,,WRITE:0-0
41d04e-41d051,3143,2,03d6c3,,WRITE:0-0
41d053-41d057,4,2,8b4a78c3,,WRITE:0-0
41d059-41d05c,5,2,03cec3,,WRITE:0-0
41d05d-41d061,4,2,397a7cc3,,WRITE:0-0
41d062-41d065,4,2,3bcec3,,WRITE:0-0
41d067-41d06b,3144,2,8b5d0cc3,,WRITE:0-0
41d06c-41d073,4,2,81fb00000100c3,,WRITE:0-0
41d07f-41d082,3209,2,03d0c3,,WRITE:0-0
41d09c-41d0a0,4,2,8b4120c3,,WRITE:0-0
41d0a2-41d0a6,4,2,217dfcc3,,WRITE:0-0
41d0a7-41d0aa,8,2,03c6c3,,WRITE:0-0
41d0ac-41d0b0,4,2,397918c3,,WRITE:0-0
41d0b1-41d0b5,6279,2,8b55fcc3,,WRITE:0-0
41d0b6-41d0ba,3140,2,8b1490c3,,WRITE:0-0
41d0bb-41d0bf,3140,2,895df8c3,,WRITE:0-0
41d0c1-41d0c5,4001,2,8b5df8c3,,WRITE:0-0
41d0c6-41d0c9,3436,2,8a1bc3,,WRITE:0-0
41d0ca-41d0cd,3436,2,3a1ac3,,WRITE:0-0
41d0cf-41d0d2,865,2,84dbc3,,WRITE:0-0
41d0d3-41d0d7,566,2,8a5b01c3,,WRITE:0-0
41d0d8-41d0dc,566,2,885d0bc3,,WRITE:0-0
41d0de-41d0e2,566,2,3a5a01c3,,WRITE:0-0
41d0e4-41d0e9,297,2,8345f802c3,,WRITE:0-0
41d0ea-41d0ec,593,2,42c3,,WRITE:0-0
41d0ee-41d0f1,4,2,33d2c3,,WRITE:0-0
41d0f2-41d0f5,3137,2,1bd2c3,,WRITE:0-0
41d0f7-41d0fb,3137,2,83daffc3,,WRITE:0-0
41d0fc-41d0ff,3140,2,85d2c3,,WRITE:0-0
41d101-41d105,3137,2,ff45fcc3,,WRITE:0-0
41d106-41d10a,3137,2,3b5118c3,,WRITE:0-0
41d10b-41d10f,4,2,8b4124c3,,WRITE:0-0
41d110-41d114,4,2,8b491cc3,,WRITE:0-0
41d115-41d119,4,2,8d0450c3,,WRITE:0-0
41d11a-41d11f,4,2,0fb70430c3,,WRITE:0-0
41d120-41d124,4,2,8d0481c3,,WRITE:0-0
41d126-41d12a,4,2,8b3c30c3,,WRITE:0-0
41d12b-41d12e,5,2,03fec3,,WRITE:0-0
41d12f-41d132,4,2,8bc7c3,,WRITE:0-0
41d137-41d13f,2,2,833d01fb410000c3,,WRITE:0-0
41d141-41d14c,2,2,c70501fb410001000000c3,nm,WRITE:41fb01-0
41d14d-41d150,2,2,8bd8c3,,WRITE:0-0
41d151-41d155,2,2,8b733cc3,,WRITE:0-0
41d156-41d159,3,2,03f3c3,,WRITE:0-0
41d15a-41d161,2,2,8b8680000000c3,,WRITE:0-0
41d162-41d167,2,2,8b441810c3,,WRITE:0-0
41d168-41d16b,3,2,8bf8c3,,WRITE:0-0
41d16d-41d173,2,2,b873730000c3,,WRITE:0-0
41d174-41d179,2,2,0fb74e14c3,,WRITE:0-0
41d17b-41d180,2,2,8b743174c3,,WRITE:0-0
41d182-41d186,2,2,8b7e54c3,,WRITE:0-0
41d187-41d18c,2,2,837e2000c3,,WRITE:0-0
41d18e-41d193,5,2,837f0800c3,,WRITE:0-0
41d194-41d198,5,2,8b4f04c3,,WRITE:0-0
41d19a-41d19d,7,2,03c8c3,,WRITE:0-0
41d19e-41d1a1,5,2,8b07c3,,WRITE:0-0
41d1a3-41d1a7,5,2,83c714c3,,WRITE:0-0
41d1a9-41d1ad,5,2,3b4e20c3,,WRITE:0-0
41d1ae-41d1b2,2,2,2b7e2cc3,,WRITE:0-0
41d1b4-41d1b8,2,2,8b4e50c3,,WRITE:0-0
41d1b9-41d1bc,156891,2,8a11c3,,WRITE:0-0
41d1bd-41d1c1,3292,2,80fa03c3,,WRITE:0-0
41d1c2-41d1c6,3019,2,80fa01c3,,WRITE:0-0
41d1c8-41d1cc,84,2,80fa09c3,,WRITE:0-0
41d1ce-41d1d2,84,2,80fa08c3,,WRITE:0-0
41d1d4-41d1d8,3209,2,8b5101c3,,WRITE:0-0
41d1e3-41d1e6,3209,2,013ac3,m,WRITE:a441204-a473cff
41d1e7-41d1eb,3292,2,83c105c3,,WRITE:0-0
41d1ed-41d1f2,3293,2,83790100c3,,WRITE:0-0
41d1f3-41d1f7,2,2,8b4e28c3,,WRITE:0-0
41d1f9-41d200,2,2,890d05fb4100c3,nm,WRITE:41fb05-0
41d202-41d206,2,2,8b4e24c3,,WRITE:0-0
41d208-41d20c,315306,2,8b410cc3,,WRITE:0-0
41d20d-41d211,315306,2,8d50ffc3,,WRITE:0-0
41d213-41d217,315306,2,89510cc3,,WRITE:19fef4-19fef4
41d219-41d21c,550814,2,85c0c3,,WRITE:0-0
41d21e-41d221,39417,2,8b01c3,,WRITE:0-0
41d222-41d226,39417,2,0fb610c3,,WRITE:0-0
41d228-41d22c,354722,2,895108c3,,WRITE:19fef0-19fef0
41d22d-41d230,39417,2,8901c3,,WRITE:19fee8-19fee8
41d232-41d23a,39417,2,c7410c07000000c3,,WRITE:19fef4-19fef4
41d23b-41d23f,315306,2,8b5108c3,,WRITE:0-0
41d240-41d243,315306,2,8bc2c3,,WRITE:0-0
41d245-41d249,315306,2,c1e807c3,,WRITE:0-0
41d24b-41d24e,315306,2,03d2c3,,WRITE:0-0
41d24f-41d253,315306,2,83e001c3,,WRITE:0-0
41d255-41d258,133032,2,33f6c3,,WRITE:0-0
41d25a-41d25c,75059,2,46c3,,WRITE:0-0
41d25e-41d262,108084,2,8d3470c3,,WRITE:0-0
41d263-41d266,51675,2,8bc6c3,,WRITE:0-0
41d268-41d26c,5,2,8b4508c3,,WRITE:0-0
41d26e-41d271,5,2,8a08c3,,WRITE:0-0
41d272-41d275,5,2,880bc3,m,WRITE:a440000-a46a000
41d277-41d27b,5,2,8d4b01c3,,WRITE:0-0
41d27d-41d27f,27089,2,4fc3,,WRITE:0-0
41d281-41d284,30157,2,85f6c3,,WRITE:0-0
41d286-41d289,6321,2,2bc6c3,,WRITE:0-0
41d28a-41d28d,50746,2,8a00c3,,WRITE:0-0
41d28f-41d292,50746,2,8801c3,m,WRITE:a440001-a473d6e
41d294-41d298,453,2,c60000c3,m,WRITE:a440003-a473d71
41d29a-41d29e,4907,2,0fb630c3,,WRITE:0-0
41d29f-41d2a2,4907,2,33c9c3,,WRITE:0-0
41d2a3-41d2a5,158506,2,41c3,,WRITE:0-0
41d2a7-41d2aa,4907,2,23c1c3,,WRITE:0-0
41d2ab-41d2ae,4907,2,d1eec3,,WRITE:0-0
41d2b0-41d2b3,20932,2,2bcec3,,WRITE:0-0
41d2b5-41d2b8,120357,2,8817c3,m,WRITE:a440006-a473dff
41d2b9-41d2bd,17742,2,83f802c3,,WRITE:0-0
41d2bf-41d2c2,33244,2,8816c3,m,WRITE:a44000e-a473d65
41d2c3-41d2c7,10387,2,83e803c3,,WRITE:0-0
41d2c9-41d2cd,16030,2,0fb609c3,,WRITE:0-0
41d2ce-41d2d2,16030,2,c1e008c3,,WRITE:0-0
41d2d3-41d2d6,16030,2,03c1c3,,WRITE:0-0
41d2d7-41d2da,16030,2,8bf0c3,,WRITE:0-0
41d2dc-41d2e3,16030,2,81fe007d0000c3,,WRITE:0-0
41d2e4-41d2eb,16030,2,81fe00050000c3,,WRITE:0-0
41d2ed-41d2f4,16030,2,81fe80000000c3,,WRITE:0-0
41d2f5-41d2f8,5,2,2bc3c3,,WRITE:0-0
41d2fa-41d304,2,2,6805d34100e911000000,,WRITE:0-0
41d315-41d31c,2,3,60681ed34100c3,,WRITE:0-0
41d31e-41d325,2,3,546827d34100c3,,WRITE:0-0
41d327-41d332,2,3,6833d3410068c2da4100c3,,WRITE:0-0
41d344-41d34e,2,2,6850d34100e911000000,,WRITE:0-0
41d35f-41d379,2,6,58687cd34100680cd041006807d041006803d04100e987fcffff,,WRITE:0-0
41d37c-41d382,2,1,0f85420e0000,,WRITE:0-0
41d382-41d387,1,1,e902000000,,WRITE:0-0
41d38b-41d3ad,2,7,8b44240468b0d341006823d04100681cd041006814d041006803d04100e953fcffff,,WRITE:0-0
41d3b0-41d3b6,3,1,0f85240e0000,,WRITE:0-0
41d3b6-41d3ca,2,4,68ccd341006834d04100682dd04100e95efcffff,,WRITE:0-0
41d3cc-41d3d2,1,1,0f85220e0000,,WRITE:0-0
41d3d2-41d3d7,1,1,e903000000,,WRITE:0-0
41d3dc-41d3e2,4,2,55e902000000,,WRITE:0-0
41d3e4-41d3eb,4,2,8bece902000000,,WRITE:0-0
41d3ed-41d3f4,4,3,5168f6d34100c3,,WRITE:0-0
41d3f6-41d3fc,4,2,51e903000000,,WRITE:0-0
41d3ff-41d406,4,3,536807d44100c3,,WRITE:0-0
41d407-41d413,4,4,566815d44100683ad04100c3,,WRITE:0-0
41d415-41d426,4,5,576828d441006844d041006840d04100c3,,WRITE:0-0
41d428-41d42e,3,1,0f84e10d0000,,WRITE:0-0
41d42e-41d44c,4,6,684ed44100685dd041006859d041006853d04100684ed04100e9fdfbffff,,WRITE:0-0
41d44e-41d454,3,1,0f84c70d0000,,WRITE:0-0
41d454-41d45f,4,3,6860d441006862d04100c3,,WRITE:0-0
41d460-41d466,3,1,0f86c00d0000,,WRITE:0-0
41d466-41d475,4,3,6878d44100686cd04100e9f2fbffff,,WRITE:0-0
41d478-41d47e,3,1,0f83b30d0000,,WRITE:0-0
41d4e5-41d4eb,3,1,0f86770d0000,,WRITE:0-0
41d4eb-41d4f0,3,1,e902000000,,WRITE:0-0
41d4f2-41d51a,4,8,6823d5410068cad0410068c6d0410068c1d0410068bbd04100684ed0410068b6d04100e997fbffff,,WRITE:0-0
41d523-41d529,3435,1,0f85450d0000,,WRITE:0-0
41d529-41d534,569,3,6836d5410068cfd04100c3,,WRITE:0-0
41d536-41d53c,568,1,0f84480d0000,,WRITE:0-0
41d53c-41d555,566,5,6857d5410068ded0410068d8d0410068d3d04100e96cfbffff,,WRITE:0-0
41d557-41d55d,565,1,0f85330d0000,,WRITE:0-0
41d55d-41d577,297,6,6878d5410068cfd0410068ead0410068ead0410068e4d04100c3,,WRITE:0-0
41d578-41d57e,296,1,0f85280d0000,,WRITE:0-0
41d58a-41d594,4,2,689dd54100e968fbffff,,WRITE:0-0
41d59d-41d5a3,3139,1,0f84180d0000,,WRITE:0-0
41d5a3-41d5b7,3137,4,68bad541006806d1410068b1d04100e94afbffff,,WRITE:0-0
41d5ba-41d5c0,3136,1,0f822e0d0000,,WRITE:0-0
41d5d9-41d5de,3,1,e909000000,,WRITE:0-0
41d5e7-41d5ed,4,2,5fe902000000,,WRITE:0-0
41d5ef-41d5f6,4,3,5e68f7d54100c3,,WRITE:0-0
41d5f7-41d5fe,4,3,5b6800d64100c3,,WRITE:0-0
41d600-41d606,4,2,c9e902000000,,WRITE:0-0
41d60a-41d610,2,2,55e902000000,,WRITE:0-0
41d612-41d619,2,2,8bece902000000,,WRITE:0-0
41d61b-41d623,2,2,83e4f8e902000000,,WRITE:0-0
41d625-41d632,2,3,83ec246834d64100e905fbffff,,WRITE:0-0
41d634-41d63b,2,3,53683cd64100c3,,WRITE:0-0
41d63c-41d642,2,2,56e903000000,,WRITE:0-0
41d645-41d64b,2,2,57e903000000,,WRITE:0-0
41d64e-41d654,1,1,0f85c80c0000,,WRITE:0-0
41d654-41d65e,2,2,6861d64100e9e3faffff,,WRITE:0-0
41d661-41d667,2,2,6888d64100c3,,WRITE:0-0
41d688-41d692,2,2,6893d64100e9b2fcffff,,WRITE:0-0
41d693-41d6b2,2,7,68bcd641006862d14100685ad141006856d141006851d14100684dd14100c3,,WRITE:0-0
41d6bc-41d6c4,2,2,ff3418e902000000,,WRITE:0-0
41d6c6-41d6d1,2,3,68d3d64100688bd34100c3,,WRITE:0-0
41d6d3-41d6e3,2,4,68ebd64100686dd141006868d14100c3,,WRITE:0-0
41d6eb-41d6f5,2,2,6689442430e903000000,,WRITE:0-0
41d6f8-41d701,2,2,8d442424e902000000,,WRITE:0-0
41d703-41d709,2,2,50e902000000,,WRITE:0-0
41d70b-41d711,2,2,57e902000000,,WRITE:0-0
41d713-41d720,2,2,c744242c47657450e902000000,,WRITE:0-0
41d722-41d72f,2,2,c7442430726f6341e902000000,,WRITE:0-0
41d731-41d73f,2,3,c7442434646472656840d74100c3,,WRITE:0-0
41d740-41d74a,2,2,c644243a00e902000000,,WRITE:0-0
41d74c-41d756,2,2,6858d74100e986fcffff,,WRITE:0-0
41d758-41d75e,2,2,6867d74100c3,,WRITE:0-0
41d767-41d770,2,2,89442428e902000000,,WRITE:0-0
41d772-41d77b,2,2,8d44242ce902000000,,WRITE:0-0
41d77d-41d784,2,3,506886d74100c3,,WRITE:0-0
41d786-41d78d,2,3,57688ed74100c3,,WRITE:0-0
41d78e-41d79c,2,3,c74424344c6f6164689dd74100c3,,WRITE:0-0
41d79d-41d7aa,2,2,c74424384c696272e903000000,,WRITE:0-0
41d7ad-41d7ba,2,2,c744243c61727941e903000000,,WRITE:0-0
41d7bd-41d7c8,2,3,c64424400068c9d74100c3,,WRITE:0-0
41d7c9-41d7d3,2,2,68d5d74100e909fcffff,,WRITE:0-0
41d7d5-41d7db,2,2,68e3d74100c3,,WRITE:0-0
41d7e3-41d7ec,2,2,8944242ce903000000,,WRITE:0-0
41d7ef-41d7f9,2,3,8d44243468fad74100c3,,WRITE:0-0
41d7fa-41d801,2,3,506802d84100c3,,WRITE:0-0
41d802-41d808,2,2,57e903000000,,WRITE:0-0
41d80b-41d818,2,2,c744243c56697274e903000000,,WRITE:0-0
41d81b-41d828,2,2,c744244075616c41e903000000,,WRITE:0-0
41d82b-41d839,2,3,c74424446c6c6f63683bd84100c3,,WRITE:0-0
41d83b-41d845,2,2,c644244800e902000000,,WRITE:0-0
41d847-41d852,2,3,6854d8410068dcd34100c3,,WRITE:0-0
41d854-41d864,2,4,686cd84100687bd141006874d14100c3,,WRITE:0-0
41d86c-41d874,2,2,83c41ce903000000,,WRITE:0-0
41d877-41d888,2,4,6a40688bd841006882d14100e9cef8ffff,,WRITE:0-0
41d88b-41d895,2,2,6800100000e903000000,,WRITE:0-0
41d898-41d8a6,2,4,ff761c68a7d84100682bd14100c3,,WRITE:0-0
41d8a7-41d8af,2,3,6a0068b1d84100c3,,WRITE:0-0
41d8b1-41d8b3,1,1,ffd0,,WRITE:0-0
41d8b3-41d8b8,1,1,e902000000,,WRITE:0-0
41d8ba-41d8ca,2,4,836424100068cbd841006887d14100c3,,WRITE:0-0
41d8cb-41d8d5,2,3,8944241468d6d84100c3,,WRITE:0-0
41d8d6-41d8dc,1,1,0f86460a0000,,WRITE:0-0
41d8dc-41d8e7,2,3,68e8d84100688ed14100c3,,WRITE:0-0
41d8e8-41d8ee,4,1,0f84450a0000,,WRITE:0-0
41d8ee-41d903,5,5,6804d94100689ed14100689ad141006894d14100c3,,WRITE:0-0
41d904-41d910,5,4,516811d9410068a7d04100c3,,WRITE:0-0
41d911-41d918,5,3,506819d94100c3,,WRITE:0-0
41d919-41d923,5,2,6824d94100e9cc020000,,WRITE:0-0
41d924-41d929,4,1,e90a000000,,WRITE:0-0
41d933-41d93d,5,3,8b44241c683ed94100c3,,WRITE:0-0
41d93e-41d945,5,3,596847d94100c3,,WRITE:0-0
41d947-41d953,5,4,596854d9410068a3d14100c3,,WRITE:0-0
41d954-41d95d,5,2,ff442410e903000000,,WRITE:0-0
41d960-41d96f,5,4,8b4c24106871d9410068a9d14100c3,,WRITE:0-0
41d971-41d977,4,1,0f82c2090000,,WRITE:0-0
41d977-41d986,2,3,6889d9410068aed14100e9e2f7ffff,,WRITE:0-0
41d989-41d993,2,3,897c24146894d94100c3,,WRITE:0-0
41d994-41d99a,1,1,0f84ab090000,,WRITE:0-0
41d99a-41d9aa,2,4,68abd941006859d0410068b4d14100c3,,WRITE:0-0
41d9ab-41d9b5,2,2,683bda4100e938f8ffff,,WRITE:0-0
41d9be-41d9c4,3291,1,0f8488090000,,WRITE:0-0
41d9c4-41d9ce,3019,2,68d0d94100e9f4f7ffff,,WRITE:0-0
41d9d0-41d9d6,3018,1,0f8496090000,,WRITE:0-0
41d9d6-41d9e0,84,2,68e3d94100e9e8f7ffff,,WRITE:0-0
41d9e3-41d9e9,83,1,0f84a2090000,,WRITE:0-0
41d9e9-41d9f3,84,2,68f5d94100e9dbf7ffff,,WRITE:0-0
41d9f5-41d9fb,83,1,0f85af090000,,WRITE:0-0
41da3b-41da41,3292,1,0f8579090000,,WRITE:0-0
41da41-41da47,2,2,6848da4100c3,,WRITE:0-0
41da48-41da55,2,3,ff75086858da4100e99ef7ffff,,WRITE:0-0
41da58-41da66,2,3,ff74241c6868da4100e934f7ffff,,WRITE:0-0
41da68-41da7b,2,4,ff742424687eda41006802d24100e97ef7ffff,,WRITE:0-0
41da7e-41da8a,2,4,53688bda4100689ad14100c3,,WRITE:0-0
41da8b-41da8d,1,1,ffd1,,WRITE:0-0
41dac2-41dacb,2,2,ff742404e903000000,,WRITE:0-0
41dace-41dad9,2,3,68dbda4100680ad64100c3,,WRITE:0-0
41daf1-41db0f,315306,7,8b4c24046810db41006819d241006813d24100680dd241006808d24100c3,,WRITE:0-0
41db10-41db16,315305,1,0f85b5080000,,WRITE:0-0
41db16-41db58,39417,14,6859db41006828d24100684fd24100684bd241006845d241006840d24100683bd241006832d24100682dd241006828d241006800d041006822d24100681ed24100c3,,WRITE:0-0
41db5b-41db6c,46769,5,56686ddb4100685ad241006855d24100c3,,WRITE:0-0
41db6d-41db77,80996,3,ff7424086878db4100c3,,WRITE:0-0
41db78-41db83,80996,3,6885db410068f1da4100c3,,WRITE:0-0
41db85-41db8a,80995,1,e908000000,,WRITE:0-0
41db92-41dba0,80996,3,ff74240c68a2db4100e9bef6ffff,,WRITE:0-0
41dba2-41dbac,80996,2,68addb4100e945ffffff,,WRITE:0-0
41dbad-41dbb3,80996,2,68bcdb4100c3,,WRITE:0-0
41dbbc-41dbc2,80996,2,59e902000000,,WRITE:0-0
41dbc4-41dbcf,80996,3,5968d2db4100e94af6ffff,,WRITE:0-0
41dbd2-41dbd8,80995,1,0f8517080000,,WRITE:0-0
41dbd8-41dbe2,46769,2,68e5db4100e981f6ffff,,WRITE:0-0
41dbe5-41dbec,46769,3,5e68eddb4100c3,,WRITE:0-0
41dbef-41dbf6,5,3,5568f8db4100c3,,WRITE:0-0
41dbf8-41dc00,5,3,8bec6802dc4100c3,,WRITE:0-0
41dc02-41dc0a,5,2,83e4f8e902000000,,WRITE:0-0
41dc0c-41dc1e,5,4,83ec1c6821dc4100686ed24100e94af6ffff,,WRITE:0-0
41dc21-41dc2b,5,2,8364241800e902000000,,WRITE:0-0
41dc2d-41dc38,5,3,53683bdc4100e92ff4ffff,,WRITE:0-0
41dc3b-41dc46,5,3,566848dc4100e90ff6ffff,,WRITE:0-0
41dc48-41dc60,5,5,217424106863dc41006800d041006877d24100e912f6ffff,,WRITE:0-0
41dc63-41dc69,5,2,57e903000000,,WRITE:0-0
41dc6c-41dc75,5,2,894c241ce903000000,,WRITE:0-0
41dc78-41dc82,5,3,894424186884dc4100c3,,WRITE:0-0
41dc84-41dc8d,79488,2,8d442418e902000000,,WRITE:0-0
41dc8f-41dc95,79488,2,50e902000000,,WRITE:0-0
41dc97-41dca2,79488,3,68a4dc410068f1da4100c3,,WRITE:0-0
41dca4-41dcaa,79488,2,68b2dc4100c3,,WRITE:0-0
41dcb2-41dcbd,79488,3,5968c0dc4100e95cf5ffff,,WRITE:0-0
41dcc0-41dcc6,79487,1,0f8430070000,,WRITE:0-0
41dcc6-41dccc,35063,2,68cddc4100c3,,WRITE:0-0
41dccd-41dcd6,35063,2,8d442418e902000000,,WRITE:0-0
41dcd8-41dcde,35063,2,50e903000000,,WRITE:0-0
41dce1-41dceb,35063,2,68eddc4100e906feffff,,WRITE:0-0
41dced-41dcf7,35063,2,6801dd4100e922f5ffff,,WRITE:0-0
41dd01-41dd08,35063,3,596809dd4100c3,,WRITE:0-0
41dd09-41dd13,35063,3,8d4424186814dd4100c3,,WRITE:0-0
41dd14-41dd1a,35063,2,50e903000000,,WRITE:0-0
41dd1d-41dd23,35062,1,0f84da060000,,WRITE:0-0
41dd23-41dd28,11678,1,e903000000,,WRITE:0-0
41dd2b-41dd36,11679,3,6838dd410068f1da4100c3,,WRITE:0-0
41dd38-41dd3e,11679,2,6846dd4100c3,,WRITE:0-0
41dd46-41dd52,11679,4,596853dd41006819d24100c3,,WRITE:0-0
41dd53-41dd59,11678,1,0f84aa060000,,WRITE:0-0
41dd59-41dd5e,6772,1,e902000000,,WRITE:0-0
41dd60-41dd6c,6773,3,6a04686edd4100e9e9f4ffff,,WRITE:0-0
41dd6e-41dd74,6773,2,5fe902000000,,WRITE:0-0
41dd76-41dd80,27089,3,8d4424186882dd4100c3,,WRITE:0-0
41dd82-41dd88,27089,2,50e903000000,,WRITE:0-0
41dd8b-41dd96,27089,3,6898dd410068f1da4100c3,,WRITE:0-0
41dd98-41dda2,27089,2,68aadd4100e9dbf4ffff,,WRITE:0-0
41ddaa-41ddb5,27089,3,5968b8dd4100e9a9f4ffff,,WRITE:0-0
41ddb8-41ddbe,27088,1,0f854c060000,,WRITE:0-0
41ddbe-41ddc4,6773,2,68c6dd4100c3,,WRITE:0-0
41ddc6-41ddd5,6773,4,8b44241c68d6dd41006881d24100c3,,WRITE:0-0
41ddd6-41dddc,6772,1,0f8434060000,,WRITE:0-0
41dddc-41dde2,6321,2,68e4dd4100c3,,WRITE:0-0
41dde4-41ddfd,6321,6,8b4c241c68ffdd4100688fd24100688ad241006886d24100c3,,WRITE:0-0
41ddff-41de04,6320,1,e908000000,,WRITE:0-0
41de0c-41de15,6773,2,ff44241ce902000000,,WRITE:0-0
41de17-41de21,6773,2,686ee14100e934f4ffff,,WRITE:0-0
41de2c-41de3a,4907,3,8b442418683dde4100e960f4ffff,,WRITE:0-0
41de3d-41de6a,4907,10,ff442418686cde410068abd241006800d041006800d0410068a7d241006863d2410068a3d24100689fd24100c3,,WRITE:0-0
41de6c-41de72,4906,1,0f84a9050000,,WRITE:0-0
41de72-41de7c,4903,2,687fde4100e99df3ffff,,WRITE:0-0
41de7f-41de85,4902,1,0f849d050000,,WRITE:0-0
41de85-41de8b,4903,2,688cde4100c3,,WRITE:0-0
41de8c-41de9a,4903,3,8b4c241c689cde4100e916f4ffff,,WRITE:0-0
41de9c-41deab,11878,4,8b7c241c68adde410068b9d14100c3,,WRITE:0-0
41dead-41dec5,11878,5,ff44241c68c7de410068b5d241006803d04100e9def3ffff,,WRITE:0-0
41dec7-41decd,11877,1,0f855b050000,,WRITE:0-0
41decd-41ded2,4902,1,e902000000,,WRITE:0-0
41ded4-41ded9,4902,1,e936020000,,WRITE:0-0
41dee5-41deef,5,3,894c241468f0de4100c3,,WRITE:0-0
41def0-41def5,4,1,e91a020000,,WRITE:0-0
41df01-41df0c,23385,3,680ddf4100685bdb4100c3,,WRITE:0-0
41df0d-41df13,23385,2,681bdf4100c3,,WRITE:0-0
41df1b-41df27,23385,4,596828df41006881d24100c3,,WRITE:0-0
41df28-41df2e,23384,1,0f8501050000,,WRITE:0-0
41df2e-41df39,17742,3,683bdf410068b9d24100c3,,WRITE:0-0
41df3b-41df41,17741,1,0f85ff040000,,WRITE:0-0
41df41-41df47,7356,2,6848df4100c3,,WRITE:0-0
41df48-41df51,7356,2,8d442418e902000000,,WRITE:0-0
41df53-41df5a,7356,3,50685bdf4100c3,,WRITE:0-0
41df5b-41df65,7356,2,6867df4100e9f6fbffff,,WRITE:0-0
41df67-41df6c,7355,1,e909000000,,WRITE:0-0
41df75-41df80,7356,3,596882df4100e999f2ffff,,WRITE:0-0
41df82-41df88,7355,1,0f84c3040000,,WRITE:0-0
41df88-41df8d,7355,1,e903000000,,WRITE:0-0
41df90-41df9a,7356,3,8b4c241c689bdf4100c3,,WRITE:0-0
41df9b-41dfa5,7356,3,2b4c241068a6df4100c3,,WRITE:0-0
41dfa6-41dfb4,33244,3,8b74241c68b6df4100e905f2ffff,,WRITE:0-0
41dfb6-41dfce,33244,5,ff44241c68d1df410068bfd241006803d04100e9d5f2ffff,,WRITE:0-0
41dfd1-41dfd7,33243,1,0f8584040000,,WRITE:0-0
41dfd7-41dfdc,7355,1,e903000000,,WRITE:0-0
41dfdf-41dfee,7356,3,6825e14100685ad24100e967f2ffff,,WRITE:0-0
41dff6-41dffc,10387,2,6804e04100c3,,WRITE:0-0
41e004-41e01d,16030,6,8b4c2418681fe0410068d3d2410068ced2410068c9d24100c3,,WRITE:0-0
41e01f-41e02d,16030,3,ff4424186830e04100e9aaf2ffff,,WRITE:0-0
41e030-41e039,16030,2,8d442418e903000000,,WRITE:0-0
41e03c-41e043,16030,3,506845e04100c3,,WRITE:0-0
41e045-41e050,16030,3,6852e04100685bdb4100c3,,WRITE:0-0
41e052-41e058,16030,2,685fe04100c3,,WRITE:0-0
41e05f-41e06a,16030,3,59686ce04100e972f2ffff,,WRITE:0-0
41e06c-41e072,16029,1,0f82f0030000,,WRITE:0-0
41e072-41e082,174,4,6883e0410068e4d241006800d04100c3,,WRITE:0-0
41e083-41e089,16029,1,0f82e5030000,,WRITE:0-0
41e089-41e099,5582,4,689ae0410068edd241006800d04100c3,,WRITE:0-0
41e09a-41e0a0,16029,1,0f83da030000,,WRITE:0-0
41e0a0-41e0b5,2766,5,68b7e041006819d241006800d041006800d04100c3,,WRITE:0-0
41e0b7-41e0bd,16029,1,0f84c8030000,,WRITE:0-0
41e0bd-41e0c2,16029,1,e903000000,,WRITE:0-0
41e0c5-41e0d3,16030,3,8b4c241c68d5e04100e9ddf1ffff,,WRITE:0-0
41e0d5-41e0e4,108480,4,8b7c241c68e6e0410068b9d14100c3,,WRITE:0-0
41e0e6-41e0fe,108480,5,ff44241c6801e1410068b5d241006803d04100e9a5f1ffff,,WRITE:0-0
41e101-41e107,108479,1,0f8584030000,,WRITE:0-0
41e107-41e10c,16029,1,e903000000,,WRITE:0-0
41e10f-41e122,20936,4,897424106825e14100685ad24100e933f1ffff,,WRITE:0-0
41e125-41e12b,28291,2,686ee14100c3,,WRITE:0-0
41e132-41e13c,44426,3,8b442418683ee14100c3,,WRITE:0-0
41e13e-41e14d,44426,4,8b4c241c684ee14100688ad24100c3,,WRITE:0-0
41e14e-41e158,44426,3,ff44241c6859e14100c3,,WRITE:0-0
41e159-41e16c,44426,4,ff442418686ee141006855d24100e923f1ffff,,WRITE:0-0
41e16e-41e179,79488,3,837c241400687be14100c3,,WRITE:0-0
41e17b-41e181,79487,1,0f8410030000,,WRITE:0-0
41e181-41e186,4,1,e902000000,,WRITE:0-0
41e188-41e192,5,3,8b44241c6893e14100c3,,WRITE:0-0
41e193-41e19a,5,3,5f689ce14100c3,,WRITE:0-0
41e19c-41e1a7,5,3,5e68a9e14100e94ef1ffff,,WRITE:0-0
41e1a9-41e1af,5,2,5be902000000,,WRITE:0-0
41e1b1-41e1b8,5,2,8be5e902000000,,WRITE:0-0
41e1ba-41e1c0,5,2,5de902000000,,WRITE:0-0
41e1c4-41e1d9,2,5,687cd34100680cd041006807d041006803d04100c3,,WRITE:0-0
41e1da-41e1f3,3,5,68b0d341006823d04100681cd041006814d04100e910eeffff,,WRITE:0-0
41e231-41e24a,4,5,68e5d4410068acd0410068a7d0410068a2d04100e952eeffff,,WRITE:0-0
41e26e-41e282,2868,4,689dd5410068fcd0410068f7d04100e970eeffff,,WRITE:0-0
41e284-41e28e,4,2,688ad54100e960eeffff,,WRITE:0-0
41e290-41e2a5,270,5,689dd5410068fcd0410068f7d0410068f2d04100c3,,WRITE:0-0
41e2a6-41e2bb,297,5,6823d5410068cad0410068c6d0410068c1d04100c3,,WRITE:0-0
41e2bb-41e2ed,4,10,68d9d54100682fd14100682bd141006826d141006820d14100681ad141006815d141006810d1410068b1d04100e91eeeffff,,WRITE:0-0
41e2ee-41e31c,3137,10,6823d5410068cad0410068c6d0410068c1d0410068bbd04100684ed0410068b6d0410068b1d041006867d04100c3,,WRITE:0-0
41e339-41e343,4,2,68e8d84100e94beeffff,,WRITE:0-0
41e34c-41e36a,274,6,683bda410068edd1410068e7d1410068e3d14100687fd04100e96aeeffff,,WRITE:0-0
41e36c-41e38b,2936,7,683bda410068edd1410068e7d1410068e3d14100687fd0410068d4d14100c3,,WRITE:0-0
41e3aa-41e3b9,84,3,683bda410068edd14100e92eeeffff,,WRITE:0-0
41e3ba-41e3ca,3292,4,68bed9410068bdd1410068b9d14100c3,,WRITE:0-0
41e3cb-41e3ee,275890,7,6859db41006828d24100684fd24100684bd241006845d241006840d24100e94deeffff,,WRITE:0-0
41e3ef-41e3f5,34228,2,686ddb4100c3,,WRITE:0-0
41e3f6-41e3fb,44425,1,e937fdffff,,WRITE:0-0
41e3fd-41e403,23385,2,6801df4100c3,,WRITE:0-0
41e403-41e408,4906,1,e924faffff,,WRITE:0-0
41e40a-41e410,20317,2,6876dd4100c3,,WRITE:0-0
41e410-41e41b,453,3,680cde41006894d24100c3,,WRITE:0-0
41e41b-41e421,5,2,68e5de4100c3,,WRITE:0-0
41e428-41e42d,6975,1,e96ffaffff,,WRITE:0-0
41e42f-41e43f,5644,4,6804e041006803d041006803d04100c3,,WRITE:0-0
41e440-41e44b,10387,3,68f6df410068c3d24100c3,,WRITE:0-0
41e45b-41e460,25888,1,e946fbffff,,WRITE:0-0
41e462-41e46c,15857,2,6883e04100e978eeffff,,WRITE:0-0
41e46e-41e478,10449,2,689ae04100e975eeffff,,WRITE:0-0
41e47a-41e485,13265,3,68b7e041006819d24100c3,,WRITE:0-0
41e48b-41e490,92450,1,e945fcffff,,WRITE:0-0
41e491-41e497,79484,2,6884dc4100c3,,WRITE:0-0
