401000-40100c,2,5,558bec8b450850e8c0310000,,WRITE:0-0
40100c-401011,2,3,83c4045dc3,,WRITE:0-0
401020-40102d,2,5,558bec83ec146a00e8d3ffffff,,WRITE:0-0
40102d-401036,2,3,83c40450e884310000,,WRITE:0-0
401036-401042,2,3,83c404c745f800000000eb09,,WRITE:0-0
401042-401051,11,5,8b45f883c0018945f8837df80a7d31,,WRITE:0-0
40104b-401051,2,2,837df80a7d31,,WRITE:0-0
401051-401056,10,1,e843310000,,WRITE:0-0
401056-40107d,11,10,99b90a000000f7f98b45f8891485e0a241008b4df88b148de0a24100526800904100e823010000,m,WRITE:41a2e0-41a304
40107d-401082,11,2,83c408ebc0,,WRITE:0-0
401082-40108c,2,2,6804904100e814010000,,WRITE:0-0
40108c-401098,2,3,83c404c745f400000000eb09,,WRITE:0-0
401098-4010a7,10,5,8b45f483c0018945f4837df4097d67,,WRITE:0-0
4010a1-4010a7,2,2,837df4097d67,,WRITE:0-0
4010a7-4010b0,10,2,c745fc00000000eb09,,WRITE:0-0
4010b0-4010c6,46,7,8b4dfc83c101894dfcba090000002b55f43955fc7d46,,WRITE:0-0
4010b9-4010c6,10,4,ba090000002b55f43955fc7d46,,WRITE:0-0
4010c6-4010dc,46,5,8b45fc8b4dfc8b1485e0a241003b148de4a241007e2e,,WRITE:0-0
4010dc-40110c,21,11,8b45fc8b0c85e0a24100894dec8b55fc8b45fc8b0c85e4a24100890c95e0a241008b55fc8b45ec890495e4a24100eba4,m,WRITE:41a2e8-41a2f0
40110a-40110c,25,1,eba4,,WRITE:0-0
40110c-40110e,9,1,eb8a,,WRITE:0-0
40110e-401117,2,2,c745f000000000eb09,,WRITE:0-0
401117-401126,11,5,8b4df083c101894df0837df00a7d1a,,WRITE:0-0
401120-401126,2,2,837df00a7d1a,,WRITE:0-0
401126-40113b,11,5,8b55f08b0495e0a24100506808904100e865000000,,WRITE:0-0
40113b-401140,11,2,83c408ebd7,,WRITE:0-0
401140-40114a,2,2,680c904100e856000000,,WRITE:0-0
40114a-401153,2,5,83c40433c08be55dc3,,WRITE:0-0
401160-40116a,24,5,558becb8d8a241005dc3,,WRITE:0-0
401170-401188,23,11,558bec8b4514508b4d10518b550c528b450850e8d8ffffff,,WRITE:0-0
401188-401194,23,5,8b4804518b1052e8822f0000,,WRITE:0-0
401194-401199,23,3,83c4185dc3,,WRITE:0-0
4011a0-4011a5,22,1,e99aefc30c,,WRITE:0-0
4011a6-4011ad,4,2,390508a34100c3,,WRITE:0-0
4011af-4011b2,25,2,b001c3,,WRITE:0-0
4011da-4011e2,2,3,566a01e8a6310000,,WRITE:0-0
4011e2-4011e7,1,1,e834050000,,WRITE:0-0
4011e7-4011ed,2,2,50e8583b0000,,WRITE:0-0
4011ed-4011f2,1,1,e822050000,,WRITE:0-0
4011f2-4011f9,2,2,8bf0e8e63c0000,,WRITE:0-0
4011f9-401202,2,3,6a018930e8d8020000,m,WRITE:419e24-0
401202-40120a,2,4,83c40c5e84c07473,,WRITE:0-0
40120a-401211,2,2,dbe2e84a070000,,WRITE:0-0
401211-40121b,2,2,6887194000e84c040000,,WRITE:0-0
40121b-401220,1,1,e8f7040000,,WRITE:0-0
401220-401226,2,2,50e8f7340000,,WRITE:0-0
401226-40122c,2,4,595985c07551,,WRITE:0-0
40122c-401231,1,1,e8f0040000,,WRITE:0-0
401231-401236,1,1,e841050000,,WRITE:0-0
401236-40123a,2,2,85c0740b,,WRITE:0-0
401245-40124a,1,1,e807050000,,WRITE:0-0
40124a-40124f,1,1,e802050000,,WRITE:0-0
40124f-401254,1,1,e8dc040000,,WRITE:0-0
401254-401259,1,1,e8bb040000,,WRITE:0-0
401259-40125f,2,2,50e8e83b0000,,WRITE:0-0
40125f-401265,2,2,59e8c8040000,,WRITE:0-0
401265-401269,2,2,84c07405,,WRITE:0-0
401269-40126e,1,1,e86a370000,,WRITE:0-0
40126e-401273,1,1,e8a1040000,,WRITE:0-0
401273-401278,1,1,e832060000,,WRITE:0-0
401278-40127c,2,2,85c07501,,WRITE:0-0
401285-40128a,1,1,e8d0040000,,WRITE:0-0
40128a-40128d,2,2,33c0c3,,WRITE:0-0
40128d-401292,1,1,e85f060000,,WRITE:0-0
401292-401297,1,1,e87d040000,,WRITE:0-0
401297-40129d,2,2,50e8133c0000,,WRITE:0-0
40129d-40129f,2,2,59c3,,WRITE:0-0
40129f-4012ab,2,3,6a1468c07e4100e815070000,,WRITE:0-0
4012ab-4012b2,2,2,6a01e8ef010000,,WRITE:0-0
4012b2-4012bb,2,3,5984c00f8450010000,,WRITE:0-0
4012bb-4012c9,2,4,32db885de78365fc00e8a6010000,,WRITE:0-0
4012c9-4012dc,2,6,8845dca1c098410033c9413bc10f842f010000,,WRITE:0-0
4012dc-4012e0,2,2,85c07549,,WRITE:0-0
4012e0-4012f5,2,4,890dc0984100683c2141006820214100e82d370000,m,WRITE:4198c0-0
4012f5-4012fb,2,4,595985c07411,,WRITE:0-0
40130c-40131b,2,3,681c2141006814214100e8c2360000,,WRITE:0-0
40131b-401329,2,4,5959c705c098410002000000eb05,m,WRITE:4198c0-0
40132e-401336,2,2,ff75dce8bf020000,,WRITE:0-0
401336-40133c,2,2,59e847040000,,WRITE:0-0
40133c-401344,2,4,8bf033ff393e741b,,WRITE:0-0
40135f-401364,1,1,e825040000,,WRITE:0-0
401364-40136a,2,3,8bf0393e7413,,WRITE:0-0
40137d-401382,1,1,e842360000,,WRITE:0-0
401382-401389,2,2,8bf8e8183a0000,,WRITE:0-0
401389-401390,2,2,8b30e80b3a0000,,WRITE:0-0
401390-401399,2,4,5756ff30e887fcffff,,WRITE:0-0
401399-4013a3,2,3,83c40c8bf0e80c050000,,WRITE:0-0
4013a3-4013a7,2,2,84c0746b,,WRITE:0-0
401412-401418,2,2,56e817390000,,WRITE:0-0
401421-401426,1,1,e8a3020000,,WRITE:0-0
401426-40142b,1,1,e974feffff,,WRITE:0-0
40146f-401475,2,2,56e864070000,,WRITE:0-0
401475-401479,2,2,85c07420,,WRITE:0-0
401499-40149d,2,3,32c05ec3,,WRITE:0-0
4014a1-4014aa,2,4,558bec837d08007507,,WRITE:0-0
4014b1-4014b6,1,1,e84f050000,,WRITE:0-0
4014b6-4014bb,1,1,e8030a0000,,WRITE:0-0
4014bb-4014bf,2,2,84c07504,,WRITE:0-0
4014c3-4014c8,1,1,e8703e0000,,WRITE:0-0
4014c8-4014cc,2,2,84c0750a,,WRITE:0-0
4014d6-4014da,2,3,b0015dc3,,WRITE:0-0
4014da-4014e6,2,4,558bec803dc9984100007404,,WRITE:0-0
4014ea-4014f2,2,4,568b750885f67405,,WRITE:0-0
4014f2-4014f7,2,2,83fe017562,,WRITE:0-0
4014f7-4014fc,1,1,e8dd060000,,WRITE:0-0
4014fc-401500,2,2,85c07426,,WRITE:0-0
401526-401559,2,12,83c9ff890dcc984100890dd0984100890dd4984100890dd8984100890ddc984100890de0984100c605c998410001b0015e5dc3,m,WRITE:4198cc-4198c9
4015f5-4015fd,2,3,558bece8dc050000,,WRITE:0-0
4015fd-401601,2,2,85c0740f,,WRITE:0-0
401610-401612,2,2,5dc3,,WRITE:0-0
40163a-401649,2,5,558bec833dcc984100ffff75087507,,WRITE:0-0
401649-40164e,1,1,e8503b0000,,WRITE:0-0
40164e-401650,1,1,eb0b,,WRITE:0-0
40165b-401667,2,7,f7d8591bc0f7d02345085dc3,,WRITE:0-0
401667-401672,2,4,558becff7508e8c8ffffff,,WRITE:0-0
401672-40167c,2,7,f7d8591bc0f7d8485dc3,,WRITE:0-0
40167c-401694,2,8,558bec83ec148365f4008d45f48365f80050ff150c204100,,WRITE:0-0
401694-4016a3,2,4,8b45f83345f48945fcff1508204100,,WRITE:0-0
4016a3-4016ac,2,2,3145fcff1504204100,,WRITE:0-0
4016ac-4016b9,2,4,3145fc8d45ec50ff1500204100,,WRITE:0-0
4016b9-4016c9,2,7,8b45f08d4dfc3345ec3345fc33c1c9c3,,WRITE:0-0
4016c9-4016df,2,7,8b0d289041005657bf4ee640bbbe0000ffff3bcf7404,,WRITE:0-0
4016e3-4016e8,1,1,e894ffffff,,WRITE:0-0
4016e8-4016ee,2,3,8bc83bcf7507,,WRITE:0-0
4016f5-4016f9,2,2,85ce750a,,WRITE:0-0
401703-401714,2,6,890d28904100f7d15f890d249041005ec3,m,WRITE:419028-419024
401714-401717,6,2,33c0c3,,WRITE:0-0
401717-40171b,2,3,33c040c3,,WRITE:0-0
40171b-401721,2,2,b800400000c3,,WRITE:0-0
401721-40172c,2,2,68e8984100ff1510204100,,WRITE:0-0
40172d-401730,4,2,b001c3,,WRITE:0-0
401730-401741,2,4,680000030068000001006a00e8393c0000,,WRITE:0-0
401741-401748,2,3,83c40c85c07501,,WRITE:0-0
401751-401754,174,1,c20000,,WRITE:0-0
401754-40175a,2,2,b8f0984100c3,,WRITE:0-0
40175a-40175f,1,1,e801faffff,,WRITE:0-0
40175f-40176d,2,4,8b4804830824894804e8e7ffffff,m,WRITE:41a2d8-41a2dc
40176d-401777,2,4,8b4804830802894804c3,m,WRITE:4198f0-4198f4
401777-401783,2,4,33c03905149041000f94c0c3,,WRITE:0-0
401783-401789,2,2,b810a34100c3,,WRITE:0-0
401789-40178f,2,2,b80ca34100c3,,WRITE:0-0
40179e-4017a1,75,2,8bf9c3,,WRITE:0-0
4017b0-4017b4,21,2,83ffffc3,,WRITE:0-0
4017b5-4017c0,2,2,c70544a1410010924100c3,m,WRITE:41a144-0
4017c2-4017cd,2,2,c70540a1410038954100c3,m,WRITE:41a140-0
4017d6-4017d9,2,2,a810c3,,WRITE:0-0
4017da-4017e1,2,2,81e600030000c3,,WRITE:0-0
4017e2-4017e5,2,2,8bf7c3,,WRITE:0-0
4017f8-4017ff,2,2,f7c100040000c3,,WRITE:0-0
401810-401813,2,2,23c8c3,,WRITE:0-0
4018aa-4018af,1,1,e965feffff,,WRITE:0-0
4018af-4018b7,2,2,6a00ff1528204100,,WRITE:0-0
4018b7-4018bb,2,2,85c07433,,WRITE:0-0
4018bb-4018c5,2,3,b94d5a00006639087529,,WRITE:0-0
4018c5-4018d2,2,4,8b483c03c8813950450000751c,,WRITE:0-0
4018d2-4018dd,2,3,b80b010000663941187511,,WRITE:0-0
4018dd-4018e3,2,2,8379740e760b,,WRITE:0-0
4018e3-4018ee,2,3,83b9e8000000000f95c0c3,,WRITE:0-0
4018f1-4018fc,2,2,68fd184000ff151c204100,,WRITE:0-0
40195b-40196b,2,6,5356beb47e4100bbb47e41003bf37319,,WRITE:0-0
401984-401987,2,3,5e5bc3,,WRITE:0-0
401987-401997,2,6,5356bebc7e4100bbbc7e41003bf37319,,WRITE:0-0
4019b0-4019b3,2,3,5e5bc3,,WRITE:0-0
4019c0-4019c5,58,1,e9a8e7c30c,,WRITE:0-0
4019ca-4019ce,64,2,83f8ffc3,,WRITE:0-0
4019e0-4019e5,23,2,83610800c3,m,WRITE:419090-419090
401a05-401a21,2,7,558bec8325fc9841000083ec24830d20904100016a0aff1524204100,m,WRITE:4198fc-419020
401a21-401a29,2,2,85c00f84ac010000,,WRITE:0-0
401a29-401a92,2,43,8365f00033c053565733c98d7ddc530fa28bf35b908907897704894f0833c989570c8b45dc8b7de08945f481f747656e758b45e835696e65498945fc8b45e4356e74656c8945f833c040530fa28bf35b908d5ddc89038b45fc0b45f80bc7897304894b0889530c7543,,WRITE:19ff04-19ff10
401a92-401aa1,2,4,8b45dc25f03fff0f3dc00601007423,,WRITE:0-0
401aa1-401aa8,2,2,3d60060200741c,,WRITE:0-0
401aa8-401aaf,2,2,3d700602007415,,WRITE:0-0
401aaf-401ab6,2,2,3d50060300740e,,WRITE:0-0
401ab6-401abd,2,2,3d600603007407,,WRITE:0-0
401abd-401ac4,2,2,3d700603007511,,WRITE:0-0
401ad5-401ae9,2,7,8b3d009941008b4de46a0758894dfc3945f47c30,,WRITE:0-0
401ae9-401b0e,2,15,33c9530fa28bf35b908d5ddc8903897304894b088b4dfc89530c8b5de0f7c300020000740e,,WRITE:19ff04-19ff10
401b0e-401b19,2,3,83cf02893d00994100eb03,m,WRITE:419900-0
401b1c-401b3f,2,6,a12090410083c802c705fc98410001000000a320904100f7c1000010000f8493000000,m,WRITE:4198fc-419020
401b3f-401b59,2,5,83c804c705fc98410002000000a320904100f7c1000000087479,m,WRITE:4198fc-419020
401b59-401b61,2,2,f7c1000000107471,,WRITE:0-0
401b61-401b7b,2,11,33c90f01d08945ec8955f08b45ec8b4df06a065e23c63bc67557,,WRITE:0-0
401b7b-401b97,2,6,a12090410083c808c705fc98410003000000a320904100f6c320743b,m,WRITE:4198fc-419020
401b97-401bb4,2,7,83c820c705fc98410005000000a320904100b8000003d023d83bd8751e,m,WRITE:4198fc-419020
401bd2-401bd9,2,6,5f5e5b33c0c9c3,,WRITE:0-0
401bd9-401bde,3,1,e996e5c30c,,WRITE:0-0
401be5-401bed,71,2,3b0d289041007501,,WRITE:0-0
401ebe-401ec3,1,1,e84e050000,,WRITE:0-0
401ec3-401ec7,2,2,84c07503,,WRITE:0-0
401eca-401ecf,1,1,e8f4040000,,WRITE:0-0
401ecf-401ed3,2,2,84c07507,,WRITE:0-0
401eda-401edd,2,2,b001c3,,WRITE:0-0
402010-402027,4,6,8b4c240c0fb64424088bd78b7c240485c90f843c010000,,WRITE:0-0
402027-402036,4,3,69c00101010183f9200f86df000000,,WRITE:0-0
402036-402042,4,2,81f9800000000f828b000000,,WRITE:0-0
402042-40204c,4,2,0fba2500994100017309,,WRITE:0-0
40204c-402055,4,260,f3aa8b4424048bfac3,,WRITE:6fe940-6f4d77
4023c3-4023cd,2,2,6807234000e8bb010000,,WRITE:0-0
4023cd-4023d8,2,4,a3309041005983f8ff7503,m,WRITE:419030-0
4023db-4023e6,2,3,68289c410050e853020000,,WRITE:0-0
4023e6-4023ec,2,4,595985c07507,,WRITE:0-0
4023f3-4023f6,2,2,b001c3,,WRITE:0-0
402411-402427,2,8,5657bf509c410033f66a0068a00f000057e850020000,,WRITE:0-0
402427-40242e,2,3,83c40c85c07415,,WRITE:0-0
40242e-40243f,2,5,ff05689c410083c61883c71883fe1872db,m,WRITE:419c68-0
40243f-402443,2,2,b001eb07,,WRITE:0-0
40244a-40244d,2,3,5f5ec3,,WRITE:0-0
402453-402459,70,2,a128904100c3,,WRITE:0-0
40245b-402462,59,2,64a300000000c3,,WRITE:32d000-32d000
4024a3-4024af,4,8,558bec515356578b7d08eb70,,WRITE:0-0
4024af-4024bf,4,6,8b078d1c85a89c41008b339085f67407,,WRITE:0-0
4024bf-4024c4,2,2,83feff7576,,WRITE:0-0
4024c6-4024de,3,6,8b0485242b410068000800006a00508945fcff156c204100,,WRITE:0-0
4024de-4024e4,3,3,8bf085f67547,,WRITE:0-0
40251f-402524,4,2,3b7d0c758b,,WRITE:0-0
402526-40252b,4,5,5f5e5bc9c3,,WRITE:0-0
40252b-402533,3,4,8bc6870385c07407,m,WRITE:419cac-419ca8
40253a-40253e,4,2,8bc6ebe8,,WRITE:0-0
40253e-402543,2,1,e9a2dcc30c,,WRITE:0-0
40254b-40254e,67,2,85ffc3,,WRITE:0-0
40254f-402552,22,2,f7dfc3,,WRITE:0-0
402553-402558,21,2,837e2800c3,,WRITE:0-0
402561-402565,147,2,83e11fc3,,WRITE:0-0
402566-402569,163,2,8bc2c3,,WRITE:0-0
40256b-40256e,23,2,2bf8c3,,WRITE:0-0
40256f-402572,22,2,8bdfc3,,WRITE:0-0
402588-4025a2,2,8,558bec5668d42b410068cc2b410068d42b41006a00e89cffffff,,WRITE:0-0
4025a2-4025ab,2,4,8bf083c41085f67410,,WRITE:0-0
4025ab-4025b6,2,3,ff75088bceff150c214100,,WRITE:0-0
4025b6-4025b8,1,1,ffd6,,WRITE:0-0
4025b8-4025bb,2,3,5e5dc3,,WRITE:0-0
402639-40263e,1,1,e9b3dbc30c,,WRITE:0-0
40264e-402652,2,2,8d45f4c3,,WRITE:0-0
402677-402691,2,8,558bec5668202c410068182c410068202c41006a04e8adfeffff,,WRITE:0-0
402691-40269a,2,4,8bf083c41085f67415,,WRITE:0-0
40269a-4026ab,2,5,ff75108bceff750cff7508ff150c214100,,WRITE:0-0
4026ab-4026ad,1,1,ffd6,,WRITE:0-0
4026ad-4026af,1,1,eb0c,,WRITE:0-0
4026bb-4026be,2,3,5e5dc3,,WRITE:0-0
4026c0-4026d8,3,10,57568b7424108b4c24148b7c240c8bc18bd103c63bfe7608,,WRITE:0-0
4026e0-4026e9,3,2,83f9200f82d2040000,,WRITE:0-0
4026e9-4026f1,3,2,81f9800000007313,,WRITE:0-0
402704-40270e,3,2,0fba2500994100017309,,WRITE:0-0
40270e-402717,3,261,f3a48b44240c5e5fc3,m,WRITE:419430-419637
402c40-402c4d,2,6,a1cc9c4100566a035e85c07507,,WRITE:0-0
402c4d-402c54,2,2,b800020000eb06,,WRITE:0-0
402c5a-402c67,2,4,a3cc9c41006a0450e8972e0000,m,WRITE:419ccc-0
402c67-402c73,2,3,6a00a3d09c4100e8e82e0000,m,WRITE:419cd0-0
402c73-402c7f,2,3,83c40c833dd09c410000752b,,WRITE:0-0
402caa-402cc2,2,8,5733ffbe509041006a0068a00f00008d462050e840320000,,WRITE:0-0
402cb2-402cc2,3,5,6a0068a00f00008d462050e840320000,,WRITE:0-0
402cc2-402ce7,4,11,a1d09c41008bd7c1fa068934b88bc783e03f6bc8388b0495209f41008b44081883f8ff7409,,WRITE:702298-7022a0
402ce7-402cec,4,2,83f8fe7404,,WRITE:0-0
402cec-402cf0,4,2,85c07507,,WRITE:0-0
402cf7-402d03,4,4,83c6384781fef890410075af,,WRITE:0-0
402d03-402d08,2,4,5f33c05ec3,,WRITE:0-0
402d08-402d0d,66,1,e9ead4c30c,,WRITE:0-0
402d18-402d20,2,3,8bff56e851360000,,WRITE:0-0
402d20-402d25,1,1,e817330000,,WRITE:0-0
402d25-402d34,2,4,33f6a1d09c4100ff3406e846360000,,WRITE:0-0
402d27-402d34,3,3,a1d09c4100ff3406e846360000,,WRITE:0-0
402d34-402d47,4,6,a1d09c4100598b040683c02050ff154c204100,,WRITE:0-0
402d47-402d4f,4,3,83c60483fe0c75d8,,WRITE:0-0
402d4f-402d5a,2,2,ff35d09c4100e8012e0000,,WRITE:0-0
402d5a-402d64,2,4,8325d09c410000595ec3,m,WRITE:419cd0-0
402d64-402d69,22,1,e999d4c30c,,WRITE:0-0
402d78-402d7d,22,1,e991d4c30c,,WRITE:0-0
402d8c-402d98,23,3,6a0c68207f4100e828ecffff,,WRITE:0-0
402d98-402da6,23,4,8365e4008b4508ff30e8beffffff,,WRITE:0-0
402da6-402db3,23,4,598365fc008b4d0ce896030000,,WRITE:0-0
402db3-402dc4,23,4,8bf08975e4c745fcfeffffffe817000000,,WRITE:0-0
402dc4-402dd8,23,9,8bc68b4df064890d00000000595f5e5bc9c20c00,,WRITE:32d000-32d000
402ddb-402de5,23,3,8b4510ff30e893ffffff,,WRITE:0-0
402de5-402de7,23,2,59c3,,WRITE:0-0
402de7-402df0,21,2,83b904040000007506,,WRITE:0-0
402df0-402df6,21,2,b800020000c3,,WRITE:0-0
402ecb-402ee2,21,11,8bff558bec53568bf1578d4e408bb90404000085ff7502,,WRITE:0-0
402ee2-402ee9,21,2,8bf9e8fefeffff,,WRITE:0-0
402ee9-402efb,21,8,8b5d084803f8897e348bcf8b562885d27f04,,WRITE:19fa1c-19fa1c
402ef4-402efb,21,3,8b562885d27f04,,WRITE:0-0
402efb-402eff,21,2,85db7430,,WRITE:0-0
402eff-402f16,21,9,8d4aff8bc333d2894e28f7750c80c2308bd880fa397e0c,,WRITE:19fa10-19fa10
402f22-402f2f,21,5,8b46348810ff4e348b4e34ebc5,,WRITE:19fc27-19fa1c
402f2f-402f3e,21,8,2bf9897e38ff46345f5e5b5dc20c00,,WRITE:19fa20-19fa1c
402fcc-402fd1,20,1,e971d2c30c,,WRITE:0-0
402fd2-402fda,23,2,c745fc00000000c3,,WRITE:0-0
402fe9-402fec,4,2,2bc6c3,,WRITE:0-0
402fed-402ff0,4,2,1bdbc3,,WRITE:0-0
403007-40304c,23,25,8bff558bec5133c0894dfc890189410489410889410c89411089411489411889411c8941208941248941286689413089413888413c8981400400008981440400008bc1c9c3,,WRITE:19f9e8-19fe30
40304c-403059,23,6,8bff558bec568bf1e8aeffffff,,WRITE:0-0
403059-403088,23,17,8b45088b008986480400008b450c89068b45108946048b45188946088b45148946108b451c8946148bc65e5dc21800,,WRITE:19fe30-19fa00
403088-40308d,73,1,e9dfd1c30c,,WRITE:0-0
40308e-403091,73,2,8bc8c3,,WRITE:0-0
403097-40309c,43,2,0fbe4508c3,,WRITE:0-0
40309d-4030a0,94,2,33d2c3,,WRITE:0-0
4030a1-4030a8,2,2,c70058304100c3,,WRITE:700ac0-0
4030ae-4030b2,2,2,395008c3,,WRITE:0-0
4030b3-4030b9,7,2,b935c40000c3,,WRITE:0-0
4030bb-4030be,2,2,8bd8c3,,WRITE:0-0
4030c0-4030c4,2,2,8d043bc3,,WRITE:0-0
4030c6-4030ca,2,2,0fb7f0c3,,WRITE:0-0
4030d0-4030d3,2,2,3bf7c3,,WRITE:0-0
4030d5-4030d8,2,2,0bf0c3,,WRITE:0-0
4030e2-4030e9,2,2,f7c100020000c3,,WRITE:0-0
4030eb-4030f1,2,2,0d00000800c3,,WRITE:0-0
40310b-40311b,23,5,8bff568bf1ffb604040000e8402a0000,,WRITE:0-0
40311b-403125,23,4,83a60404000000595ec3,,WRITE:19fe2c-19fe30
403149-40316c,23,14,8bff558bec81ec74040000a12890410033c58945fc568bf1578b068b3857e8f94b0000,,WRITE:0-0
40316c-403183,23,6,88859cfbffff8b4604598d8d8cfbffffff30e805ffffff,,WRITE:0-0
403183-4031b8,23,16,8b068d8da4fbffff8b008985a0fbffff8b4610ff308d8590fbffff508b460cff308b4608ff7004ff308d85a0fbffff50e894feffff,,WRITE:0-0
4031b8-4031c7,23,3,8365f4008d8da4fbffffe8e2010000,,WRITE:0-0
4031c7-4031d4,23,3,8d8de4fbffff8bf0e837ffffff,,WRITE:0-0
4031d4-4031dd,23,2,80bd98fbffff00740d,,WRITE:0-0
4031ea-4031f6,23,3,57ffb59cfbffffe81b4c0000,,WRITE:0-0
4031f6-403206,23,8,59598b4dfc8bc65f33cd5ee8dfe9ffff,,WRITE:0-0
403206-403208,23,2,c9c3,,WRITE:0-0
403291-4032a0,63,7,8bff558bec8a4d088d41e03c5a7712,,WRITE:0-0
4032a0-4032b2,61,5,0fbec183e82083e07f8b0cc5442c4100eb02,,WRITE:0-0
4032b2-4032c8,3,7,33c98b450c8d04c883e07f8b04c5402c41005dc20800,,WRITE:0-0
4032b4-4032c8,61,6,8b450c8d04c883e07f8b04c5402c41005dc20800,,WRITE:0-0
4033a9-4033ba,23,6,8bff53568bf18d8e48040000e8ed0a0000,,WRITE:0-0
4033ba-4033be,23,2,84c0741b,,WRITE:0-0
4033be-4033c9,23,3,33db395e100f85b9000000,,WRITE:0-0
4033dc-4033df,23,3,5e5bc3,,WRITE:0-0
4033df-4033ea,23,3,895e38895e1ce985000000,,WRITE:19fa20-19fa08
4033ea-4033f6,63,3,ff4610395e180f8c8c000000,,WRITE:19f9f8-19f9fc
4033f6-403405,63,5,ff761c0fb646318bce50e88cfeffff,,WRITE:0-0
403405-40340d,63,3,89461c83f80874bc,,WRITE:19fa04-19fa08
40340d-403412,63,2,83f80777c7,,WRITE:0-0
403412-403419,62,1,ff24859d344000,,WRITE:0-0
403419-403420,23,2,8bcee8da000000,,WRITE:0-0
403420-403422,22,1,eb45,,WRITE:0-0
403422-403437,21,7,834e28ff895e24885e30895e20895e2c885e3ceb38,,WRITE:19fa10-19fa24
403460-403467,21,2,8bcee8cd020000,,WRITE:0-0
403467-40346f,43,2,84c00f846affffff,,WRITE:0-0
40346f-40347f,85,5,8b46108a0088463184c00f856bffffff,,WRITE:19fa19-19fa1d
40347f-403495,23,4,ff4610ff865004000083be50040000020f854affffff,,WRITE:19f9f8-19fe3c
403482-403495,23,3,ff865004000083be50040000020f854affffff,,WRITE:19fe38-19fe3c
403495-40349d,23,2,8b4618e93fffffff,,WRITE:0-0
4034fa-4034ff,22,1,e81a000000,,WRITE:0-0
4034ff-403503,23,2,84c07513,,WRITE:0-0
403516-403519,23,2,b001c3,,WRITE:0-0
403519-403529,23,8,8bff558bec51566a008bf1e82a000000,,WRITE:0-0
403529-40352d,23,2,84c07423,,WRITE:0-0
40352d-403541,23,5,8a46318d8e480400008845fcff75fce80e0a0000,,WRITE:0-0
403541-403545,23,2,84c07405,,WRITE:0-0
403545-40354a,23,2,ff4618eb04,,WRITE:19fa00-19fa04
40354e-403553,23,4,b0015ec9c3,,WRITE:0-0
403553-403575,23,13,8bff53568bf168008000008a5e310fbec3508b4608c6463c008b00ff30e87f0b0000,,WRITE:19fa24-19fa28
403575-40357c,23,3,83c40c85c0743d,,WRITE:0-0
4035b9-4035c0,23,4,b0015e5bc20400,,WRITE:0-0
403734-40374d,21,14,8bff558bec515153568bf133db6a58590fbe463183f8647f6c,,WRITE:0-0
40374d-403753,20,1,0f8493000000,,WRITE:0-0
403781-403789,21,2,84c00f85a0000000,,WRITE:0-0
4037e6-4037f4,21,5,834e2010536a0a8bcee846040000,,WRITE:19fa08-19fa08
4037f4-4037f6,20,1,eb8b,,WRITE:0-0
403829-403832,21,2,385e300f852e010000,,WRITE:0-0
403832-40384d,21,11,8bcb66895dfc885dfe33d28b5e20428bc3894df8c1e80484c2742f,,WRITE:0-0
40384d-403856,21,4,8bc3c1e80684c27406,,WRITE:0-0
40385c-403860,21,2,84da740b,,WRITE:0-0
40386b-403873,21,4,8bc3d1e884c27409,,WRITE:0-0
40387c-403884,21,3,8a563180fa787405,,WRITE:0-0
403884-403889,21,2,80fa58750d,,WRITE:0-0
403896-40389d,21,3,32db80fa617409,,WRITE:0-0
40389d-4038a2,21,2,80fa417404,,WRITE:0-0
4038a2-4038a6,21,2,32c0eb02,,WRITE:0-0
4038a8-4038ac,21,2,84db7504,,WRITE:0-0
4038ac-4038b0,21,2,84c07420,,WRITE:0-0
4038d0-4038e8,21,8,578b7e248d5e182b7e388d86480400002bf9f646200c7510,,WRITE:0-0
4038e8-4038f2,21,5,53576a2050e8daf6ffff,,WRITE:0-0
4038f2-40390d,21,10,8b4df883c4108d460c5053518d45fc508d8e48040000e81d070000,,WRITE:0-0
40390d-403919,21,5,8b4e208bc1c1e803a801741b,,WRITE:0-0
403934-40393d,21,3,6a008bcee848060000,,WRITE:0-0
40393d-403942,21,2,833b007c1d,,WRITE:0-0
403942-40394c,21,4,8b4620c1e802a8017413,,WRITE:0-0
40395f-403966,21,6,5fb0015e5bc9c3,,WRITE:0-0
4039a0-4039ad,21,6,8bff558bec8b450883f80b772a,,WRITE:0-0
4039ad-4039bb,21,2,0fb680f0394000ff2485dc394000,a,WRITE:0-0
4039c9-4039d0,21,3,b8040000005dc3,,WRITE:0-0
403c3a-403c3f,20,1,e9a6c7c30c,,WRITE:0-0
403c4d-403c50,75,2,85c9c3,,WRITE:0-0
403c51-403c55,41,2,8b4620c3,,WRITE:0-0
403c57-403c5a,43,2,8bf8c3,,WRITE:0-0
403c5b-403c5f,6,2,39750cc3,,WRITE:0-0
403c60-403c64,147,2,83cfffc3,,WRITE:0-0
403c66-403c69,2,2,2bf7c3,,WRITE:0-0
403c6b-403c6f,2,2,d97df8c3,,WRITE:0-0
403c70-403c75,2,2,668b45f8c3,,WRITE:0-0
403c76-403c7c,2,2,bf00020000c3,,WRITE:0-0
403c7d-403c84,2,2,81c900000100c3,,WRITE:0-0
403c8a-403c8f,2,2,0fae5df0c3,,WRITE:0-0
403c90-403c93,2,2,85cac3,,WRITE:0-0
403c95-403c99,2,2,83c801c3,,WRITE:0-0
403c9a-403ca1,2,2,f7c100010000c3,,WRITE:0-0
403ca2-403ca8,2,2,bb00600000c3,,WRITE:0-0
403caa-403cad,2,2,33c6c3,,WRITE:0-0
403cae-403cb1,2,2,0bcec3,,WRITE:0-0
403d32-403d39,23,3,556886e94000c3,,WRITE:0-0
403d3a-403d51,23,5,83ec086890e9400068535f400068f5a64000e99f690000,,WRITE:0-0
403d53-403d5c,23,3,83c404683ea84000c3,,WRITE:0-0
403d5d-403d75,23,6,83c41068c2e9400068faa6400068d22f40006866124100c3,,WRITE:0-0
403ea7-403ead,23,3,8b0185c07513,,WRITE:0-0
403ec0-403ec6,23,2,50e802000000,,WRITE:0-0
403ec6-403ec8,23,2,59c3,,WRITE:0-0
403ec8-403edc,23,10,8bff558bec8b4d08568b410c90c1e80ca801756e,,WRITE:0-0
403edc-403ee3,23,3,5751e8e23d0000,,WRITE:0-0
403ee3-403eee,23,4,59b90891410083f8ff741b,,WRITE:0-0
403eee-403ef3,23,2,83f8fe7416,,WRITE:0-0
403ef3-403f09,23,7,8bf08bd083e63fc1fa066bfe38033c95209f4100eb0c,,WRITE:0-0
403f15-403f1c,23,3,807f29005f751a,,WRITE:0-0
403f1c-403f21,23,2,83f8ff740f,,WRITE:0-0
403f21-403f26,23,2,83f8fe740a,,WRITE:0-0
403f26-403f36,23,4,6bce38030c95209f4100f6412d017414,,WRITE:0-0
403f4a-403f4f,23,4,b0015e5dc3,,WRITE:0-0
403f4f-403f54,42,1,e9aac4c30c,,WRITE:0-0
403f85-403fa2,21,13,8bff558bec83ec10a12890410033c58945fc53568bf157807e3c00745c,,WRITE:0-0
403ffe-404017,21,8,8d460c508d461850ff76388d8e48040000ff7634e813000000,,WRITE:0-0
404017-404026,21,7,8b4dfcb0015f5e33cd5be8bfdbffff,,WRITE:0-0
404026-40402a,21,2,c9c20400,,WRITE:0-0
40402a-40403c,41,9,8bff558bec8b018b400c90c1e80ca8017414,,WRITE:0-0
404050-404056,41,2,5de900000000,,WRITE:0-0
404056-40406e,41,12,8bff558bec83ec0c538b5d148bd1568955fc8b3385f6750c,,WRITE:0-0
40406e-404073,20,1,e8781a0000,,WRITE:0-0
404073-404091,21,12,8b55fc8bf089338b5d088b4d0c8b0603cb8326008945f8894df43bd97452,,WRITE:19f9f4-700ad0
40407a-404091,21,9,8b5d088b4d0c8b0603cb8326008945f8894df43bd97452,,WRITE:700ad0-700ad0
404091-4040a0,21,6,578b7d100fb6038bca50e8affeffff,,WRITE:0-0
4040a0-4040a4,21,2,84c07526,,WRITE:0-0
4040ca-4040ce,21,2,ff07eb03,,WRITE:19fa00-19fa00
4040d1-4040da,21,4,8b55fc433b5df475bb,,WRITE:0-0
4040da-4040dc,20,1,eb03,,WRITE:0-0
4040df-4040e8,21,4,8b45f85f833e007506,,WRITE:0-0
4040e3-4040e8,21,2,833e007506,,WRITE:0-0
4040e8-4040ec,41,2,85c07402,,WRITE:0-0
4040ee-4040f4,41,4,5e5bc9c21000,,WRITE:0-0
4040f4-404106,23,7,8bff558bec8b4d0c8d41013d00010000770c,,WRITE:0-0
404106-404112,23,5,8b45080fb704482345105dc3,,WRITE:0-0
404116-404146,23,18,8bff558bec83ec388b451c8b4d108b55148945ec8b45188945f48b45088945dc8b450c8955f0894df88945e085c97515,,WRITE:0-0
40415b-40415f,23,2,85d274e7,,WRITE:0-0
40415f-404197,23,20,8d45f8894de88945c88d45f48945cc8d45dc8945d08d45f08945d48d45ec8945d88d45e8508d45c8894de4508d45e4508d4dffe8f5ebffff,,WRITE:0-0
404197-404199,23,2,c9c3,,WRITE:0-0
404199-40419e,10,1,e86c2d0000,,WRITE:0-0
40419e-4041ba,11,7,694818fd43030081c1c39e2600894818c1e91081e1ff7f00008bc1c3,,WRITE:700ad8-700ad8
4041ba-4041c4,2,4,8bff558bece8462d0000,,WRITE:0-0
4041c4-4041cc,2,4,8b4d088948185dc3,,WRITE:700ad8-0
4041cc-4041e5,2,10,8bff558bec51518365f8008d45f88365fc0050ff150c204100,,WRITE:0-0
4041e5-4041fe,2,6,8b45f88b4dfc2d00803ed581d9deb19d0181f978f083047f19,,WRITE:0-0
4041fe-404200,1,1,7c07,,WRITE:0-0
404207-404215,2,5,6a0068809698005150e89bcf0000,,WRITE:0-0
404215-404217,1,1,eb05,,WRITE:0-0
40421c-404223,2,3,8b4d0885c97405,,WRITE:0-0
404228-40422a,2,2,c9c3,,WRITE:0-0
404388-404397,2,7,8bff558bec8b4508a3d89c41005dc3,m,WRITE:419cd8-0
404397-40439c,4,1,e96dc0c30c,,WRITE:0-0
40439d-4043a1,4,2,83ceffc3,,WRITE:0-0
4043ce-4043dd,2,7,8bff558bec8b4508a3dc9c41005dc3,m,WRITE:419cdc-0
404424-404434,2,8,8bff558bec83ec10538b5d0885db7507,,WRITE:0-0
40443b-404441,2,3,5683fb02741b,,WRITE:0-0
404441-404446,2,2,83fb017416,,WRITE:0-0
40445c-404462,2,2,57e8d6480000,,WRITE:0-0
404462-404475,2,6,6804010000bee09c410033ff5657e80a430000,,WRITE:0-0
404475-40448a,2,6,a1149e410083c40c8935049e41008945f085c07405,m,WRITE:419e04-0
40448a-40448f,2,2,8038007505,,WRITE:0-0
404494-4044aa,2,10,8d4df4897dfc518d4dfc897df451575750e8b0000000,,WRITE:0-0
4044aa-4044b7,2,4,6a01ff75f4ff75fce817020000,,WRITE:0-0
4044b7-4044c0,2,4,8bf083c42085f6750c,,WRITE:0-0
4044cc-4044e4,2,10,8d45f4508d45fc508b45fc8d04865056ff75f0e876000000,,WRITE:0-0
4044e4-4044ec,2,3,83c41483fb017516,,WRITE:0-0
4044ec-404502,2,8,8b45fc48a3089e41008bc68bf7a30c9e41008bdfeb4a,m,WRITE:419e08-419e0c
40454c-404552,2,2,56e809160000,,WRITE:0-0
404552-40455a,2,7,598bc35f5e5bc9c3,,WRITE:0-0
40455a-40457f,3,16,8bff558bec518b4514538b5d18568b7510578323008b7d08c700010000008b450c85c07408,,WRITE:19ff04-19ff0c
40457f-404591,2,7,893083c00489450c32c9884dff803f22750d,,WRITE:6fae40-0
404587-404591,2,4,32c9884dff803f22750d,,WRITE:0-0
40458c-404591,49,2,803f22750d,,WRITE:0-0
404591-40459e,5,6,84c9b0220f94c147884dffeb35,,WRITE:0-0
40459e-4045a4,47,3,ff0385f67405,,WRITE:19ff04-19ff04
4045a4-4045b8,24,9,8a078806468a07478845fe0fbec050e8a64a0000,,WRITE:6fae48-6fae5e
4045a9-4045b8,24,6,8a07478845fe0fbec050e8a64a0000,,WRITE:0-0
4045b8-4045bd,47,3,5985c0740c,,WRITE:0-0
4045c9-4045d0,47,3,8a45fe84c07419,,WRITE:0-0
4045d0-4045d7,45,3,8a4dff84c975b5,,WRITE:0-0
4045d3-4045d7,5,2,84c975b5,,WRITE:0-0
4045d7-4045db,3,2,3c207404,,WRITE:0-0
4045db-4045df,3,2,3c0975ad,,WRITE:0-0
4045e9-4045f8,3,5,4fc645ff008a0784c00f84c2000000,,WRITE:0-0
4046ba-4046c4,3,6,8b4d0c5f5e5b85c97403,,WRITE:0-0
4046c4-4046ce,2,5,8321008b4514ff00c9c3,,WRITE:6fae44-19ff0c
4046c7-4046ce,2,4,8b4514ff00c9c3,,WRITE:19ff0c-0
4046ce-4046df,2,7,8bff558bec568b750881feffffff3f7339,,WRITE:0-0
4046df-4046ee,2,6,83c8ff8b4d0c33d2f775103bc8732a,,WRITE:0-0
4046ee-4046fd,2,6,0faf4d10c1e6028bc6f7d03bc1761b,,WRITE:0-0
4046fd-404708,2,4,8d040e6a0150e8f6130000,,WRITE:0-0
404708-404711,2,3,6a008bf0e84a140000,,WRITE:0-0
404711-404718,2,3,83c40c8bc6eb02,,WRITE:0-0
40471a-40471d,2,3,5e5dc3,,WRITE:0-0
40471d-404728,2,5,8bff558bec5de9fcfcffff,,WRITE:0-0
404754-40475d,2,2,833de89d4100007403,,WRITE:0-0
404760-404767,2,3,5657e8d1450000,,WRITE:0-0
404767-40476c,1,1,e8744a0000,,WRITE:0-0
40476c-404772,2,3,8bf085f67505,,WRITE:0-0
404777-40477d,2,2,56e82a000000,,WRITE:0-0
40477d-404782,2,3,5985c07505,,WRITE:0-0
404787-40479a,2,5,a3f49d410033ffa3e89d41006a00e8c1130000,m,WRITE:419df4-419de8
40479a-4047a1,2,3,5956e8ba130000,,WRITE:0-0
4047a1-4047a7,2,5,598bc75f5ec3,,WRITE:0-0
4047a7-4047bc,2,13,8bff558bec5151538b5d0833d256578bf38a03eb18,,WRITE:0-0
4047bc-4047c0,87,2,3c3d7401,,WRITE:0-0
4047c0-4047cd,87,7,428bce8d79018a014184c075f9,,WRITE:0-0
4047c6-4047cd,6577,4,8a014184c075f9,,WRITE:0-0
4047cd-4047d8,87,6,2bcf4603f18a0684c075e4,,WRITE:0-0
4047d4-4047d8,2,2,84c075e4,,WRITE:0-0
4047d8-4047e3,2,4,8d42016a0450e81b130000,,WRITE:0-0
4047e3-4047eb,2,5,8bf8595985ff746e,,WRITE:0-0
4047eb-4047f0,2,2,897dfceb52,,WRITE:0-0
4047f0-4047fc,87,6,8bcb8d71018a014184c075f9,,WRITE:0-0
4047f5-4047fc,6577,4,8a014184c075f9,,WRITE:0-0
4047fc-404809,87,5,2bce8d41018945f880fa3d7437,,WRITE:0-0
404809-404811,87,3,6a0150e8ed120000,,WRITE:0-0
404811-404819,87,5,8bf0595985f67431,,WRITE:0-0
404819-404823,87,4,53ff75f856e80d0c0000,,WRITE:0-0
404823-40482a,87,3,83c40c85c07540,,WRITE:0-0
40482a-40483c,87,6,8b45fc6a00893083c0048945fce81f130000,,WRITE:706a60-706bb4
40483c-404848,87,6,8b45f85903d88a1384d275a8,,WRITE:0-0
404842-404848,2,3,8a1384d275a8,,WRITE:0-0
404848-40484a,1,1,eb11,,WRITE:0-0
40485b-404862,2,2,6a00e8f9120000,,WRITE:0-0
404862-40486a,2,7,598bc75f5e5bc9c3,,WRITE:0-0
40487d-404881,99,2,8b4d08c3,,WRITE:0-0
404883-404887,61,2,8d45f0c3,,WRITE:0-0
404889-40488c,4,2,8b07c3,,WRITE:0-0
40488e-404891,2,2,a802c3,,WRITE:0-0
4049c4-4049cd,2,3,a1f49d410085c0750a,,WRITE:0-0
4049d8-4049dd,1,1,e977fdffff,,WRITE:0-0
4049dd-4049e2,3,1,e979bac30c,,WRITE:0-0
4049e3-4049e7,21,2,397510c3,,WRITE:0-0
4049f2-4049f5,147,2,8b03c3,,WRITE:0-0
4049f7-4049fa,23,2,2403c3,,WRITE:0-0
4049fc-4049ff,23,2,8901c3,m,WRITE:419088-419088
404a00-404a05,2,2,6689486cc3,,WRITE:700b2c-0
404a06-404a0e,2,2,83a04c03000000c3,,WRITE:700e0c-0
404a22-404a2e,2,7,8bff558bec568b750857eb17,,WRITE:0-0
404a2e-404a34,8,3,8b3e85ff740e,,WRITE:0-0
404a34-404a3c,7,2,8bcfff150c214100,,WRITE:0-0
404a3c-404a3e,6,1,ffd7,,WRITE:0-0
404a3e-404a42,7,2,85c0750a,,WRITE:0-0
404a42-404a4a,8,3,83c6043b750c75e4,,WRITE:0-0
404a45-404a4a,2,2,3b750c75e4,,WRITE:0-0
404a4a-404a50,2,5,33c05f5e5dc3,,WRITE:0-0
404a50-404a5c,2,3,6a0868607f4100e864cfffff,,WRITE:0-0
404a5c-404a66,2,3,8b4508ff30e8a74b0000,,WRITE:0-0
404a66-404a73,2,4,598365fc008b4d0ce82a000000,,WRITE:0-0
404a73-404a7f,2,2,c745fcfeffffffe812000000,,WRITE:0-0
404a7f-404a91,2,8,8b4df064890d00000000595f5e5bc9c20c00,,WRITE:32d000-0
404a91-404a9b,2,3,8b4510ff30e8ba4b0000,,WRITE:0-0
404a9b-404a9d,2,2,59c3,,WRITE:0-0
404a9d-404aa9,2,3,6a0868407f4100e817cfffff,,WRITE:0-0
404aa9-404ab8,2,3,8bf1803d009e4100000f8596000000,,WRITE:0-0
404ab8-404acf,2,10,33c040b9f89d4100870133db895dfc8b068b0085c0752c,m,WRITE:419df8-0
404acf-404ae3,2,6,8b3d289041008bcf83e11fa1fc9d41003bc77411,,WRITE:0-0
404af4-404afb,2,2,68289e4100eb0a,,WRITE:0-0
404b05-404b0a,1,1,e8aa060000,,WRITE:0-0
404b0a-404b18,2,5,59c745fcfeffffff8b0639187511,,WRITE:0-0
404b18-404b27,2,3,68502141006840214100e8b6feffff,,WRITE:0-0
404b27-404b38,2,5,595968582141006854214100e8a5feffff,,WRITE:0-0
404b38-404b41,2,5,59598b46043918750d,,WRITE:0-0
404b41-404b5e,2,11,c605009e4100018b4608c600018b4df064890d00000000595f5e5bc9c3,m,WRITE:419e00-32d000
404b8a-404b98,2,6,8bff558bec83ec18837d10007512,,WRITE:0-0
404b98-404b9d,1,1,e893000000,,WRITE:0-0
404b9d-404ba1,2,2,84c07409,,WRITE:0-0
404baa-404bdd,2,19,8d450cc645ff008945e88d4dfe8d45108945ec8d45ff6a028945f0588945f88945f48d45f8508d45e8508d45f450e873feffff,,WRITE:0-0
404bdd-404be3,2,2,837d10007402,,WRITE:0-0
404be5-404bed,2,2,ff7508e801000000,,WRITE:0-0
404bee-404bf8,2,4,8bff558bece8744a0000,,WRITE:0-0
404bf8-404bfd,2,2,83f8017420,,WRITE:0-0
404c1d-404c25,2,2,ff7508e84e000000,,WRITE:0-0
404c25-404c2f,2,3,59ff7508ff1580204100,,WRITE:0-0
404c30-404c38,2,2,6a00ff1528204100,,WRITE:0-0
404c38-404c3c,2,2,85c07434,,WRITE:0-0
404c3c-404c46,2,3,b94d5a0000663908752a,,WRITE:0-0
404c46-404c53,2,4,8b483c03c8813950450000751d,,WRITE:0-0
404c53-404c5e,2,3,b80b010000663941187512,,WRITE:0-0
404c5e-404c64,2,2,8379740e760c,,WRITE:0-0
404c64-404c6d,2,2,83b9e8000000007403,,WRITE:0-0
404c70-404c73,2,2,32c0c3,,WRITE:0-0
404c73-404c8e,2,10,8bff558bec518365fc008d45fc5068f43041006a00ff1584204100,,WRITE:0-0
404c8e-404c92,2,2,85c07423,,WRITE:0-0
404cb5-404cbb,2,2,837dfc007409,,WRITE:0-0
404cc4-404cc6,2,2,c9c3,,WRITE:0-0
404cc6-404cd5,2,7,8bff558bec8b4508a3fc9d41005dc3,m,WRITE:419dfc-0
404d2f-404d40,2,7,8bff558bec6a006a00ff7508e84afeffff,,WRITE:0-0
404d45-404d54,2,6,8bff558bec8b45083d004000007423,,WRITE:0-0
404d77-404d82,2,5,b9a4a24100870133c05dc3,m,WRITE:41a2a4-0
404d82-404d88,1,1,ff1588204100,,WRITE:0-0
404d88-404d93,2,2,a3149e4100ff158c204100,m,WRITE:419e14-0
404d93-404d9b,2,3,a3189e4100b001c3,m,WRITE:419e18-0
404d9b-404da1,2,2,b8089e4100c3,,WRITE:0-0
404da1-404da7,2,2,b80c9e4100c3,,WRITE:0-0
404da7-404db3,2,3,6a0c68807f4100e80dccffff,,WRITE:0-0
404db3-404dbd,2,3,8b4508ff30e850480000,,WRITE:0-0
404dbd-404dd7,2,7,598365fc00be38a14100bf489141008975e481fe3ca141007414,,WRITE:0-0
404dcc-404dd7,2,3,8975e481fe3ca141007414,,WRITE:0-0
404dd7-404ddb,2,2,393e740b,,WRITE:0-0
404de6-404deb,2,2,83c604ebe1,,WRITE:0-0
404deb-404df7,2,2,c745fcfeffffffe812000000,,WRITE:0-0
404df7-404e09,2,8,8b4df064890d00000000595f5e5bc9c20c00,,WRITE:32d000-0
404e09-404e13,2,3,8b4510ff30e842480000,,WRITE:0-0
404e13-404e15,2,2,59c3,,WRITE:0-0
404e20-404e45,2,16,8bff558bec83ec0c6a04588945f88d4dff8945f48d45f8508d45ff508d45f450e862ffffff,,WRITE:0-0
404e45-404e47,2,2,c9c3,,WRITE:0-0
404e47-404e52,2,5,8bff558bec56e8b8200000,,WRITE:0-0
404e52-404e6c,2,10,8b55088bf06a00588b8e50030000f6c1020f94c04083faff7433,,WRITE:0-0
404e6c-404e70,2,2,85d27436,,WRITE:0-0
404ea6-404ea9,2,3,5e5dc3,,WRITE:0-0
404eb0-404ebc,2,6,8bff558bec8b450885c0741a,,WRITE:0-0
404ed6-404edf,2,4,b9209e410087015dc3,m,WRITE:419e20-0
404edf-404ee5,2,2,b8249e4100c3,,WRITE:0-0
404ee5-404ef1,2,3,6a0c68c07f4100e8cfcaffff,,WRITE:0-0
404ef1-404eff,2,4,8365e4008b4508ff30e80e470000,,WRITE:0-0
404eff-404f0c,2,4,598365fc008b4d0ce8b8010000,,WRITE:0-0
404f0c-404f1d,2,4,8bf08975e4c745fcfeffffffe817000000,,WRITE:0-0
404f1d-404f31,2,9,8bc68b4df064890d00000000595f5e5bc9c20c00,,WRITE:32d000-0
404f34-404f3e,2,3,8b4510ff30e817470000,,WRITE:0-0
404f3e-404f40,2,2,59c3,,WRITE:0-0
404f40-404f4c,2,3,6a0c68a07f4100e874caffff,,WRITE:0-0
404f4c-404f5a,2,4,8365e4008b4508ff30e8b3460000,,WRITE:0-0
404f5a-404f67,2,4,598365fc008b4d0ce834000000,,WRITE:0-0
404f67-404f78,2,4,8bf08975e4c745fcfeffffffe817000000,,WRITE:0-0
404f78-404f8c,2,9,8bc68b4df064890d00000000595f5e5bc9c20c00,,WRITE:32d000-0
404f8f-404f99,2,3,8b4510ff30e8bc460000,,WRITE:0-0
404f99-404f9b,2,2,59c3,,WRITE:0-0
404f9b-404fb7,2,13,8bff558bec83ec0c8bc18945f853568b00578b3085f60f8405010000,,WRITE:0-0
404fb7-404fdd,2,14,a1289041008bc88b1e83e11f8b7e0433d88b760833f833f0d3cfd3ced3cb3bfe0f859d000000,,WRITE:0-0
404fdd-404feb,2,5,2bf3b800020000c1fe023bf07702,,WRITE:0-0
404feb-404ff4,2,4,8bc68d3c3085ff7503,,WRITE:0-0
404ff4-404ffb,2,4,6a205f3bfe721d,,WRITE:0-0
404ffb-405004,2,4,6a045753e8a2500000,,WRITE:0-0
405004-40500e,2,3,6a008945fce84d0b0000,,WRITE:0-0
40500e-405018,2,4,8b4dfc83c41085c97524,,WRITE:0-0
40503c-405068,2,17,8d04b18bd98945fc8d34b9a1289041008b7dfc8bcf8945f48bc62bc783c003c1e8023bf71bd2f7d223d07412,,WRITE:0-0
405068-405077,2,7,8b7df433c04089398d49043bc275f6,,WRITE:6f4cf8-0
40506d-405077,32,5,4089398d49043bc275f6,,WRITE:6f4cfc-6f4d74
405077-405087,2,5,8b7dfc8b45f88b4004ff30e810f3ffff,,WRITE:0-0
405087-40508f,2,3,538907e808f3ffff,,WRITE:6f4cf8-0
40508f-4050a1,2,7,8b5df88b0b8b0989018d470450e8f6f2ffff,m,WRITE:419e28-0
4050a1-4050ae,2,5,8b0b568b09894104e8e9f2ffff,m,WRITE:419e2c-0
4050ae-4050bc,2,6,8b0b83c4108b0989410833c0eb03,m,WRITE:419e30-0
4050bf-4050c4,2,5,5f5e5bc9c3,,WRITE:0-0
4050c4-4050db,2,12,8bff558bec83ec14538bd957895dec8b038b3885ff7508,,WRITE:0-0
4050e3-405104,2,12,8b15289041008bca568b3783e11f8b7f0433f233fad3ced3cf85f60f8493000000,,WRITE:0-0
405104-40510d,2,2,83feff0f848a000000,,WRITE:0-0
40510d-40511d,2,6,8955fc897df48975f883ef043bfe7254,,WRITE:0-0
405116-40511d,2,3,83ef043bfe7254,,WRITE:0-0
40511d-405124,2,3,8b073b45fc74f2,,WRITE:0-0
405124-405138,2,7,33c28b55fcd3c88bc889178945f0ff150c214100,,WRITE:6f4cf8-0
405138-40513b,1,1,ff55f0,,WRITE:0-0
40513b-405162,2,15,8b038b15289041008bca83e11f8b008b188b400433dad3cb33c2d3c83b5df8895df08b5dec7505,,WRITE:0-0
405162-405167,2,2,3b45f474af,,WRITE:0-0
405171-405176,2,2,83feff740d,,WRITE:0-0
405176-40517c,2,2,56e8df090000,,WRITE:0-0
40517c-40519e,2,17,8b1528904100598b038b0089108b038b008950048b038b0089500833c05e5f5bc9c3,m,WRITE:419e28-419e30
40519e-4051b0,2,6,8bff558becff750868289e4100e85a000000,,WRITE:0-0
4051b0-4051b4,2,4,59595dc3,,WRITE:0-0
4051b4-4051df,2,18,8bff558bec83ec106a028d45088945f48d4dff588945f88945f08d45f8508d45f4508d45f050e806fdffff,,WRITE:0-0
4051df-4051e1,2,2,c9c3,,WRITE:0-0
4051e1-4051ed,3,6,8bff558bec8b4d0885c97505,,WRITE:0-0
4051f2-4051f9,3,3,8b013b4108750d,,WRITE:0-0
4051f9-40520a,3,7,a128904100890189410489410833c05dc3,m,WRITE:419e28-419e3c
40520a-40523b,2,20,8bff558bec83ec148d45088945ec8d4dff6a028d450c8945f0588945f88945f48d45f8508d45ec508d45f450e805fdffff,,WRITE:0-0
40523b-40523d,2,2,c9c3,,WRITE:0-0
40523d-40524a,2,3,c70538a1410048914100b001c3,nm,WRITE:41a138-0
40524a-405254,2,2,68289e4100e88dffffff,,WRITE:0-0
405254-405260,2,2,c70424349e4100e881ffffff,,WRITE:0-0
405260-405264,2,3,59b001c3,,WRITE:0-0
40526c-40527b,2,5,8bff568b352890410056e840070000,,WRITE:0-0
40527b-405281,2,2,56e8464f0000,,WRITE:0-0
405281-405287,2,2,56e8cd500000,,WRITE:0-0
405287-40528d,2,2,56e841f1ffff,,WRITE:0-0
40528d-405293,2,2,56e833faffff,,WRITE:0-0
405293-40529a,2,4,83c414b0015ec3,,WRITE:0-0
405338-405347,2,3,68a03141006820314100e8e74d0000,,WRITE:0-0
405347-40534a,2,3,5959c3,,WRITE:0-0
40537a-405398,2,11,8bff558bec8b4d108b450c81e1fffff7ff23c1568b7508a9e0fcf0fc7424,,WRITE:0-0
4053bc-4053c4,2,4,51ff750c85f67409,,WRITE:0-0
4053cd-4053d2,1,1,e818530000,,WRITE:0-0
4053d2-4053d9,2,6,595933c05e5dc3,,WRITE:0-0
405430-40543d,87,7,8bff558bec8b55085685d27411,,WRITE:0-0
40543d-405444,87,3,8b4d0c85c9740a,,WRITE:0-0
405444-40544b,87,3,8b751085f67517,,WRITE:0-0
40545d-405462,87,4,8bc65e5dc3,,WRITE:0-0
405462-405471,87,8,578bfa2bf28a043e88074784c07405,,WRITE:6fce80-6facb0
405467-405471,6577,5,8a043e88074784c07405,,WRITE:6fce81-6faccf
405471-405476,6577,2,83e90175f1,,WRITE:0-0
405476-40547b,87,3,5f85c9750b,,WRITE:0-0
405486-40548a,87,2,33f6ebd3,,WRITE:0-0
4059bb-4059ca,2,7,8bff558bec8b4508a3409e41005dc3,m,WRITE:419e40-0
405a4d-405a50,7,2,84dbc3,,WRITE:0-0
405a57-405a5b,21,2,8b4e20c3,,WRITE:0-0
405aeb-405af0,20,1,e871150000,,WRITE:0-0
405af0-405af4,21,2,85c07506,,WRITE:0-0
405afa-405afe,21,2,83c010c3,,WRITE:0-0
405afe-405b03,90,1,e9d5a9c30c,,WRITE:0-0
405b17-405b1b,7,2,83f82ac3,,WRITE:0-0
405b23-405b27,7,2,0fb6d3c3,,WRITE:0-0
405b29-405b2b,2,2,9bc3,,WRITE:0-0
405b2c-405b2f,2,2,a804c3,,WRITE:0-0
405b31-405b35,2,2,83c908c3,,WRITE:0-0
405b5b-405b60,121,1,e990a9c30c,,WRITE:0-0
405b6a-405b6e,21,2,8b40fcc3,,WRITE:0-0
405b6f-405b73,270,2,8b4508c3,,WRITE:0-0
405b74-405b77,23,2,8bc1c3,,WRITE:0-0
405b79-405b7e,21,2,837dfc08c3,,WRITE:0-0
405b95-405bab,2,5,6884374100688037410068843741006a00e819010000,,WRITE:0-0
405bab-405baf,2,2,83c410c3,,WRITE:0-0
405bc9-405bdf,5,5,68dc37410068d437410068dc3741006a14e8e5000000,,WRITE:0-0
405bdf-405be3,5,2,83c410c3,,WRITE:0-0
405bfd-405c0e,8,9,8bff558bec515356578b7d08e9a2000000,,WRITE:0-0
405c0e-405c21,8,7,8b1f8d049d489e41008b308945fc9085f6740b,,WRITE:0-0
405c21-405c2a,3,2,83feff0f8483000000,,WRITE:0-0
405c2a-405c2c,2,1,eb7d,,WRITE:0-0
405c2c-405c41,6,5,8b1c9d0833410068000800006a0053ff156c204100,,WRITE:0-0
405c41-405c47,6,3,8bf085f67550,,WRITE:0-0
405c97-405ca2,6,5,8b4dfc8bc6870185c07407,m,WRITE:419e64-419e90
405ca9-405cad,8,2,85f67513,,WRITE:0-0
405cb0-405cb9,8,2,3b7d0c0f8555ffffff,,WRITE:0-0
405cbb-405cc0,8,5,5f5e5bc9c3,,WRITE:0-0
405cc0-405cc4,8,2,8bc6ebf7,,WRITE:0-0
405cc4-405cc9,65,1,e95ca8c30c,,WRITE:0-0
405cca-405cce,23,2,8b5508c3,,WRITE:0-0
405ccf-405cd3,45,2,83c020c3,,WRITE:0-0
405cdf-405ce2,116,2,8bc7c3,,WRITE:0-0
405ce4-405ce8,4,2,83c003c3,,WRITE:0-0
405cea-405cee,26,2,c1e802c3,,WRITE:0-0
405cef-405cf2,147,2,85d2c3,,WRITE:0-0
405cf7-405cfa,23,2,8b39c3,,WRITE:0-0
405cfc-405d00,3,2,8b7514c3,,WRITE:0-0
405d01-405d04,7,2,f7dac3,,WRITE:0-0
405d06-405d09,8,2,f7d6c3,,WRITE:0-0
405d10-405d14,2,2,c1e104c3,,WRITE:0-0
405d16-405d19,2,2,a808c3,,WRITE:0-0
405d1a-405d1d,2,2,23f1c3,,WRITE:0-0
405d47-405d63,2,9,8bff558bec56680c3841006808384100680c3841006a1ce861ffffff,,WRITE:0-0
405d63-405d6c,2,4,8bf083c41085f67411,,WRITE:0-0
405d6c-405d79,2,4,ff75088bce6afaff150c214100,,WRITE:0-0
405d79-405d7b,1,1,ffd6,,WRITE:0-0
405d7b-405d7d,1,1,eb05,,WRITE:0-0
405d82-405d87,2,3,5e5dc20400,,WRITE:0-0
405d87-405d8f,2,3,8bff56e806feffff,,WRITE:0-0
405d8f-405d95,2,3,8bf085f6740c,,WRITE:0-0
405d95-405d9d,2,2,8bceff150c214100,,WRITE:0-0
405d9d-405d9f,1,1,ffd6,,WRITE:0-0
405d9f-405da1,2,2,5ec3,,WRITE:0-0
405e03-405e1f,2,9,8bff558bec5668b437410068ac37410068d42b41006a03e8a5feffff,,WRITE:0-0
405e1f-405e28,2,4,8bf083c41085f6740f,,WRITE:0-0
405e28-405e33,2,3,ff75088bceff150c214100,,WRITE:0-0
405e33-405e35,1,1,ffd6,,WRITE:0-0
405e35-405e37,1,1,eb06,,WRITE:0-0
405e3d-405e42,2,3,5e5dc20400,,WRITE:0-0
405e81-405e9d,57,9,8bff558bec5668c437410068bc37410068f82b41006a05e827feffff,,WRITE:0-0
405e9d-405ea6,57,4,8bf083c41085f67412,,WRITE:0-0
405ea6-405eb1,57,3,ff75088bceff150c214100,,WRITE:0-0
405eb1-405eb3,56,1,ffd6,,WRITE:0-0
405eb3-405eb8,57,3,5e5dc20400,,WRITE:0-0
405ec0-405edc,3,9,8bff558bec5668cc37410068c4374100680c2c41006a06e8e8fdffff,,WRITE:0-0
405edc-405ee5,3,4,8bf083c41085f67415,,WRITE:0-0
405ee5-405ef3,3,4,ff750c8bceff7508ff150c214100,,WRITE:0-0
405ef3-405ef5,2,1,ffd6,,WRITE:0-0
405ef5-405efa,3,3,5e5dc20800,,WRITE:0-0
405f02-405f07,81,1,e92fa6c30c,,WRITE:0-0
405f11-405f14,10,2,3bc6c3,,WRITE:0-0
405f1c-405f20,3,2,8945f0c3,,WRITE:0-0
405f2c-405f2f,7,2,f7d2c3,,WRITE:0-0
405f31-405f35,2,2,8b750cc3,,WRITE:0-0
405f4d-405f52,4,1,e9f5a5c30c,,WRITE:0-0
405f53-405f57,23,2,8b4dfcc3,,WRITE:0-0
405f69-405f6c,21,2,0bc3c3,,WRITE:0-0
405f6d-405f72,21,2,c6463c00c3,,WRITE:19fa24-19fa24
405f73-405f76,12,2,d3c8c3,,WRITE:0-0
405f77-405f7a,8,2,8703c3,m,WRITE:419ee0-419f08
405f7b-405f7f,23,2,f6c2c0c3,,WRITE:0-0
405f80-405f84,3,2,8d45ecc3,,WRITE:0-0
405f85-405f8b,23,2,a140914100c3,,WRITE:0-0
405f8c-405f8f,22,2,23fbc3,,WRITE:0-0
405f91-405f95,7,2,0fb6f3c3,,WRITE:0-0
405fdb-406002,2,14,b9209f4100b8989e410033d23bc8568b35289041001bc983e1de83c1224289308d40043bd175f6,m,WRITE:419e98-0
405ff8-406002,34,5,4289308d40043bd175f6,m,WRITE:419e9c-419f1c
406002-406006,2,3,b0015ec3,,WRITE:0-0
40603c-406048,2,3,6a106800804100e878b9ffff,,WRITE:0-0
406048-406053,2,3,8365e4006a08e8ba350000,,WRITE:0-0
406053-406066,2,7,598365fc006a035e8975e03b35cc9c41007459,,WRITE:0-0
40605b-406066,510,3,8975e03b35cc9c41007459,,WRITE:0-0
406066-406072,510,4,a1d09c41008b04b085c0744a,,WRITE:0-0
4060bc-4060bf,510,2,46eb9c,,WRITE:0-0
4060bf-4060cb,2,2,c745fcfeffffffe813000000,,WRITE:0-0
4060cb-4060de,2,9,8b45e48b4df064890d00000000595f5e5bc9c3,,WRITE:32d000-0
4060de-4060e5,2,2,6a08e870350000,,WRITE:0-0
4060e5-4060e7,2,2,59c3,,WRITE:0-0
406173-40617f,2,3,6a2c6840804100e841b8ffff,,WRITE:0-0
40617f-406189,2,3,8b4508ff30e884340000,,WRITE:0-0
406189-4061a6,2,9,598365fc008b35d09c4100a1cc9c41008d1c868b7d0c8975d43bf3744f,,WRITE:0-0
40619f-4061a6,513,3,8975d43bf3744f,,WRITE:0-0
4061a6-4061b3,513,5,8b068945e0ff3750e8b9000000,,WRITE:0-0
4061b3-4061b9,513,4,595984c07437,,WRITE:0-0
4061f0-4061f5,513,2,83c604ebaa,,WRITE:0-0
4061f5-406201,2,2,c745fcfeffffffe812000000,,WRITE:0-0
406201-406213,2,8,8b4df064890d00000000595f5e5bc9c20c00,,WRITE:32d000-0
406213-40621d,2,3,8b4510ff30e838340000,,WRITE:0-0
40621d-40621f,2,2,59c3,,WRITE:0-0
40621f-40625e,2,24,8bff558bec83ec208365f8008d45f88365f4008d4dff8945e08d45088945e48d45f46a088945e8588945f08945ec8d45f0508d45e0508d45ec50e815ffffff,,WRITE:0-0
40625e-406267,2,3,807d08008b45f87503,,WRITE:0-0
40626a-40626c,2,2,c9c3,,WRITE:0-0
40626c-406278,513,6,8bff558bec8b450885c0741f,,WRITE:0-0
406278-406285,4,6,8b480c908bc1c1e80da8017412,,WRITE:0-0
406285-40628b,4,2,51e814000000,,WRITE:0-0
40628b-406292,4,3,83c40484c07509,,WRITE:0-0
406292-40629b,4,5,8b450cff0032c05dc3,,WRITE:19fe58-19fe58
406297-40629b,510,3,32c05dc3,,WRITE:0-0
40629f-4062ad,4,7,8bff558bec8b450824033c027506,,WRITE:0-0
4062ad-4062b3,3,2,f64508c07509,,WRITE:0-0
4062b3-4062bc,4,2,f74508000800007404,,WRITE:0-0
4062c0-4062c4,4,3,32c05dc3,,WRITE:0-0
4062c4-4062c9,22,1,e9d3a2c30c,,WRITE:0-0
4062cf-4062d2,107,2,8bcec3,,WRITE:0-0
4062d3-4062d9,75,2,a104924100c3,,WRITE:0-0
4062de-4062e2,2,2,83c802c3,,WRITE:0-0
4062ee-4062f2,43,2,c1e80cc3,,WRITE:0-0
4062f3-4062f6,4,2,f7d3c3,,WRITE:0-0
406300-406304,5,2,83fee0c3,,WRITE:0-0
406306-406309,2,2,33c9c3,,WRITE:0-0
40630a-40630d,7,2,1bf6c3,,WRITE:0-0
40630e-406312,2,2,83c904c3,,WRITE:0-0
406371-406378,2,2,6a01e8a7feffff,,WRITE:0-0
406378-40637a,2,2,59c3,,WRITE:0-0
40637a-406391,4,12,8bff558bec568b7508578d7e0c8b0790c1e80da8017425,,WRITE:0-0
406391-40639b,4,5,8b0790c1e806a801741b,,WRITE:0-0
4063b6-4063ba,4,4,5f5e5dc3,,WRITE:0-0
4063ba-4063cc,2,7,8bff558bec83ec488d45b850ff1520204100,,WRITE:0-0
4063cc-4063d7,2,2,66837dea000f8497000000,,WRITE:0-0
40646e-406470,2,2,c9c3,,WRITE:0-0
406470-406491,2,13,8bff53565733ff8bc78bcf83e03fc1f9066bf03803348d209f4100837e18ff740c,,WRITE:0-0
406477-406491,3,8,8bc78bcf83e03fc1f9066bf03803348d209f4100837e18ff740c,,WRITE:0-0
40649d-4064a8,4,4,8bc7c646288183e8007410,,WRITE:700e58-700ec8
4064a8-4064ad,3,2,83e8017407,,WRITE:0-0
4064ad-4064b4,2,3,83e8016af4eb06,,WRITE:0-0
4064b4-4064b8,2,2,6af5eb02,,WRITE:0-0
4064b8-4064c2,2,4,6af65850ff1574204100,,WRITE:0-0
4064ba-4064c2,3,3,5850ff1574204100,,WRITE:0-0
4064c2-4064c9,4,3,8bd883fbff740d,,WRITE:0-0
4064c9-4064cd,4,2,85db7409,,WRITE:0-0
4064cd-4064d4,4,2,53ff15a0204100,,WRITE:0-0
4064d4-4064d6,3,1,eb02,,WRITE:0-0
4064d8-4064dc,4,2,85c0741c,,WRITE:0-0
4064dc-4064e7,4,4,0fb6c0895e1883f8027506,,WRITE:700e48-700eb8
4064e7-4064ed,4,2,804e2840eb29,,WRITE:700e58-700ec8
406516-406520,4,3,4783ff030f8557ffffff,,WRITE:0-0
406520-406524,2,4,5f5e5bc3,,WRITE:0-0
406524-406530,2,3,6a0c6860804100e890b4ffff,,WRITE:0-0
406530-406537,2,2,6a07e8d6300000,,WRITE:0-0
406537-406546,2,6,5933db885de7895dfc53e807320000,,WRITE:0-0
406546-40654b,2,3,5985c0750f,,WRITE:0-0
40654b-406550,1,1,e86afeffff,,WRITE:0-0
406550-406555,1,1,e81bffffff,,WRITE:0-0
406555-406566,2,4,b301885de7c745fcfeffffffe815000000,,WRITE:0-0
406566-406578,2,9,8ac38b4df064890d00000000595f5e5bc9c3,,WRITE:32d000-0
40657b-406582,2,2,6a07e8d3300000,,WRITE:0-0
406582-406584,2,2,59c3,,WRITE:0-0
4065b0-4065b5,4,1,e912a0c30c,,WRITE:0-0
4065c0-4065c2,21,2,99c3,,WRITE:0-0
4065c4-4065c7,21,2,8bdac3,,WRITE:0-0
4065cf-4065d4,92,2,0faf750cc3,,WRITE:0-0
4065d5-4065dc,2,2,898850030000c3,,WRITE:700e10-0
4065de-4065e6,2,2,c7404810924100c3,,WRITE:700b08-0
406bcc-406bd8,2,3,6a086880804100e8e8adffff,,WRITE:0-0
406bd8-406be2,2,3,8b4508ff30e82b2a0000,,WRITE:0-0
406be2-406c00,2,9,598365fc008b450c8b008b008b4048f0ff00c745fcfeffffffe812000000,m,WRITE:419210-0
406c00-406c12,2,8,8b4df064890d00000000595f5e5bc9c20c00,,WRITE:32d000-0
406c12-406c1c,2,3,8b4510ff30e8392a0000,,WRITE:0-0
406c1c-406c1e,2,2,59c3,,WRITE:0-0
406cde-406cea,2,3,6a0868a0804100e8d6acffff,,WRITE:0-0
406cea-406cf4,2,3,8b4508ff30e819290000,,WRITE:0-0
406cf4-406d0c,2,9,598365fc008b4d0c8b41048b00ff308b01ff30e8b3010000,,WRITE:0-0
406d0c-406d1a,2,4,5959c745fcfeffffffe812000000,,WRITE:0-0
406d1a-406d2c,2,8,8b4df064890d00000000595f5e5bc9c20c00,,WRITE:32d000-0
406d2c-406d36,2,3,8b4510ff30e81f290000,,WRITE:0-0
406d36-406d38,2,2,59c3,,WRITE:0-0
406d48-406d4e,89,2,0550904100c3,,WRITE:0-0
406d50-406d52,21,2,49c3,,WRITE:0-0
406d5e-406d62,4,2,8b450cc3,,WRITE:0-0
406d63-406d68,123,2,837d0800c3,,WRITE:0-0
406d69-406d6c,147,2,33d0c3,,WRITE:0-0
406d6d-406d71,23,2,8d710cc3,,WRITE:0-0
406d72-406d76,3,2,8d4dffc3,,WRITE:0-0
406d77-406d7b,2,2,8b45f4c3,,WRITE:0-0
406d7c-406d82,8,2,bae9fd0000c3,,WRITE:0-0
406d8b-406d8f,45,2,c1f906c3,,WRITE:0-0
406d90-406d98,45,2,03048d209f4100c3,,WRITE:0-0
406d9a-406d9d,2,2,3bfec3,,WRITE:0-0
406ebf-406ece,2,7,8bff558bec568b7508837e4c007428,,WRITE:0-0
406ef6-406f01,2,5,8b450c89464c5e85c07407,,WRITE:700b0c-0
406f01-406f07,2,2,50e8052e0000,,WRITE:0-0
406f07-406f0a,2,3,595dc3,,WRITE:0-0
406f0a-406f15,35,5,8bff535657ff153c204100,,WRITE:0-0
406f15-406f21,35,4,8bf0a14091410083f8ff741c,,WRITE:0-0
406f21-406f27,35,2,50e85aefffff,,WRITE:0-0
406f27-406f2d,35,3,8bf885ff740b,,WRITE:0-0
406f2d-406f32,35,2,83ffff7578,,WRITE:0-0
406faa-406fb3,35,3,8bdf56ff1540204100,,WRITE:0-0
406fb3-406fbb,35,4,f7df1bff23fb7406,,WRITE:0-0
406fbb-406fc1,35,5,8bc75f5e5bc3,,WRITE:0-0
406fc7-406fd2,2,4,a1409141005683f8ff7418,,WRITE:0-0
406fd2-406fd8,2,2,50e8a9eeffff,,WRITE:0-0
406fd8-406fde,2,3,8bf085f67407,,WRITE:0-0
406fde-406fe3,2,2,83feff7478,,WRITE:0-0
406fe3-406fe5,1,1,eb6e,,WRITE:0-0
407053-407057,2,2,85f67404,,WRITE:0-0
407057-40705b,2,3,8bc65ec3,,WRITE:0-0
407061-407066,21,1,e9b395c30c,,WRITE:0-0
407067-40706b,75,2,8d5f04c3,,WRITE:0-0
40706c-407074,2,2,66898872010000c3,,WRITE:700c32-0
407076-40707e,5,2,803d4ca1410000c3,,WRITE:0-0
40707f-407082,7,2,23d7c3,,WRITE:0-0
407083-407086,7,2,f7dec3,,WRITE:0-0
407087-40708d,25,2,0550a14100c3,,WRITE:0-0
40708f-407096,2,2,81c900000800c3,,WRITE:0-0
40709e-4070a2,2,2,83e010c3,,WRITE:0-0
4070aa-4070b1,2,2,81e9c07f0000c3,,WRITE:0-0
407116-407120,2,2,68d16d4000e8e3ecffff,,WRITE:0-0
407120-40712a,2,3,a34091410083f8ff7503,m,WRITE:419140-0
40712d-407132,1,1,e82fffffff,,WRITE:0-0
407132-407136,2,2,85c07509,,WRITE:0-0
40713f-407142,2,2,b001c3,,WRITE:0-0
407aa8-407ab0,59,2,c745fcfeffffffc3,,WRITE:0-0
407ab1-407ab9,4,2,8d3c85b49c4100c3,,WRITE:0-0
407aba-407abe,61,2,83e901c3,,WRITE:0-0
407abf-407ac2,23,2,85dbc3,,WRITE:0-0
407cc5-407cd1,67,6,8bff558bec8b450885c07515,,WRITE:0-0
407ce6-407cec,67,4,8b4010905dc3,,WRITE:0-0
407cec-407cfa,43,6,8bff558bec8b550c836a0801790d,m,WRITE:419090-419090
407d07-407d15,43,7,8b028a4d088808ff020fb6c15dc3,m,WRITE:702aa0-419088
407d2a-407d36,23,5,8bff558bec6a02e8d2afffff,,WRITE:0-0
407d36-407d3c,23,3,593945087425,,WRITE:0-0
407d3c-407d43,23,2,6a01e8c5afffff,,WRITE:0-0
407d43-407d49,23,3,593945087514,,WRITE:0-0
407d49-407d51,23,2,ff7508e874ffffff,,WRITE:0-0
407d51-407d57,23,2,50e8a15a0000,,WRITE:0-0
407d57-407d5d,23,4,595985c07504,,WRITE:0-0
407d61-407d65,23,3,b0015dc3,,WRITE:0-0
407d65-407d76,23,9,8bff558bec53568b75085756e8b4ffffff,,WRITE:0-0
407d76-407d7f,23,3,5984c00f848b000000,,WRITE:0-0
407d7f-407d86,23,2,6a01e882afffff,,WRITE:0-0
407d86-407d8e,23,5,596a025b3bf07507,,WRITE:0-0
407d8e-407d95,23,2,bf30a14100eb10,,WRITE:0-0
407da5-407db8,23,6,ff05d49c41008d4e0c8b0190a9c00400007552,m,WRITE:419cd4-419cd4
407db8-407dc6,23,5,b882020000f009018b0785c0752d,m,WRITE:419094-419094
407dc6-407dd0,2,2,6800100000e8e0e7ffff,,WRITE:0-0
407dd0-407dd9,2,3,6a008907e882ddffff,m,WRITE:41a130-0
407dd9-407de1,2,5,8b07595985c07512,,WRITE:0-0
407def-407df3,23,2,b001eb19,,WRITE:0-0
407df3-407e0a,23,6,8946048b078906c7460800100000c7461800100000ebe5,m,WRITE:41908c-4190a0
407e0c-407e11,23,5,5f5e5b5dc3,,WRITE:0-0
407e11-407e1c,23,5,8bff558bec807d0800742d,,WRITE:0-0
407e1c-407e2e,23,9,568b750c578d7e0c8b0790c1e809a8017419,,WRITE:0-0
407e2e-407e34,23,2,56e890e4ffff,,WRITE:0-0
407e34-407e4b,23,11,59b87ffdfffff0210733c089461889460489065f5e5dc3,m,WRITE:419094-419088
4084f8-4084fd,1,1,e97e81c30c,,WRITE:0-0
4084fe-408502,41,2,c1e804c3,,WRITE:0-0
408514-408518,606,2,3b450cc3,,WRITE:0-0
40851f-408523,3,2,8b7d10c3,,WRITE:0-0
40867d-40868a,2,7,8bff558bec568b750885f6750f,,WRITE:0-0
408699-4086a1,2,4,5333db66391e7525,,WRITE:0-0
4086c6-4086d6,2,9,535353536aff5653ff7514e81c0a0000,,WRITE:0-0
4086d6-4086dd,2,3,83c42085c07516,,WRITE:0-0
4086f3-4086fc,2,4,578b7d0c3b470c760c,,WRITE:0-0
408708-40871c,2,9,5353ff770cff77086aff5653ff7514e8d6090000,,WRITE:0-0
40871c-408723,2,3,83c42085c07516,,WRITE:0-0
408739-408744,2,8,4889471033c05f5b5e5dc3,,WRITE:19fcc4-0
40877f-4087aa,2,13,8bff558bec81ec2c020000a12890410033c58945fc8b45088d8df0fdffff68050100005150ff157c204100,,WRITE:0-0
4087aa-4087ae,2,2,85c07511,,WRITE:0-0
4087bf-4087f0,2,9,8b4d0c8b451083a5e4fdffff00898dd4fdffff8985d8fdffff898ddcfdffff8985e0fdffffc685e8fdffff00e808fdffff,,WRITE:0-0
4087f0-40880b,2,8,508d85effdffff508d85d4fdffff508d85f0fdffff50e872feffff,,WRITE:0-0
40880b-40881e,2,5,8b85e4fdffff83c4108b4dfc33cde8c793ffff,,WRITE:0-0
40881e-408820,2,2,c9c3,,WRITE:0-0
408820-40882c,2,3,6a086820814100e89491ffff,,WRITE:0-0
40882c-408836,2,3,8b4508ff30e8d70d0000,,WRITE:0-0
408836-408843,2,4,598365fc008b4d0ce82a000000,,WRITE:0-0
408843-40884f,2,2,c745fcfeffffffe812000000,,WRITE:0-0
40884f-408861,2,8,8b4df064890d00000000595f5e5bc9c20c00,,WRITE:32d000-0
408861-40886b,2,3,8b4510ff30e8ea0d0000,,WRITE:0-0
40886b-40886d,2,2,59c3,,WRITE:0-0
40886d-40888f,2,13,8bff568bf1b901010000518b068b008b404883c0185051ff353ca14100e8f7060000,,WRITE:0-0
40888f-4088ae,2,10,8b06b900010000518b008b404805190100005051ff3540a14100e8d8060000,,WRITE:0-0
4088ae-4088c1,2,7,8b460483c42083c9ff8b008b00f00fc1087515,m,WRITE:419210-0
4088d6-4088f0,2,12,8b068b108b46048b088b424889018b068b008b4048f0ff005ec3,m,WRITE:41a144-6fe928
4088f0-4088ff,2,6,8bff558bec8b45082da40300007428,,WRITE:0-0
4088ff-408904,2,2,83e804741c,,WRITE:0-0
408920-408927,2,3,a1843d41005dc3,,WRITE:0-0
40892e-408940,3,7,8bff558bec83ec108d4df06a00e848a7ffff,,WRITE:0-0
408940-40894f,3,4,832548a14100008b450883f8fe7512,m,WRITE:41a148-41a148
408961-408966,3,2,83f8fd7512,,WRITE:0-0
408966-408976,2,2,c70548a1410001000000ff15b4204100,m,WRITE:41a148-0
408976-408978,1,1,eb15,,WRITE:0-0
408978-40897d,2,2,83f8fc7510,,WRITE:0-0
40898d-408993,3,2,807dfc00740a,,WRITE:0-0
40899d-40899f,3,2,c9c3,,WRITE:0-0
408a04-408a2c,2,13,8bff558bec81ec18070000a12890410033c58945fc53568b750857817e04e9fd00000f840c010000,,WRITE:0-0
408a2c-408a3c,2,4,8d85e8f8ffff50ff7604ff15bc204100,,WRITE:0-0
408a3c-408a44,2,2,85c00f84f4000000,,WRITE:0-0
408a44-408a59,2,7,33dbbf000100008bc3888405fcfeffff403bc772f4,,WRITE:0-0
408a4d-408a59,256,4,888405fcfeffff403bc772f4,,WRITE:0-0
408a59-408a6e,2,4,8a85eef8ffff8d8deef8ffffc685fcfeffff20eb1f,,WRITE:0-0
408a6e-408a77,2,3,0fb651010fb6c0eb0d,,WRITE:0-0
408a77-408a7b,127,2,3bc7730d,,WRITE:0-0
408a7b-408a88,127,4,c68405fcfeffff20403bc276ef,,WRITE:0-0
408a84-408a88,2,2,3bc276ef,,WRITE:0-0
408a88-408a91,2,4,83c1028a0184c075dd,,WRITE:0-0
408a8d-408a91,2,2,84c075dd,,WRITE:0-0
408a91-408aac,2,10,53ff76048d85fcf8ffff50578d85fcfeffff506a0153e83d110000,,WRITE:0-0
408aac-408acd,2,12,53ff76048d85fcfdffff5750578d85fcfeffff5057ffb61c02000053e801560000,,WRITE:0-0
408acd-408af5,2,13,83c4408d85fcfcffff53ff76045750578d85fcfeffff506800020000ffb61c02000053e8d9550000,,WRITE:0-0
408af5-408b07,2,5,83c4248bc30fb78c45fcf8fffff6c101740e,,WRITE:0-0
408afa-408b07,256,3,0fb78c45fcf8fffff6c101740e,,WRITE:0-0
408b07-408b15,27,3,804c0619108a8c05fcfdffffeb15,,WRITE:6fe982-6fe99b
408b15-408b1a,231,2,f6c102740e,,WRITE:0-0
408b1a-408b28,27,3,804c0619208a8c05fcfcffffeb02,,WRITE:6fe9a2-6fe9bb
408b28-408b36,205,5,8acb888c0619010000403bc772c4,,WRITE:6fea41-6feb40
408b2a-408b36,53,4,888c0619010000403bc772c4,,WRITE:6fea82-6feabb
408b36-408b38,1,1,eb3d,,WRITE:0-0
408b75-408b82,2,6,8b4dfc5f5e33cd5be86390ffff,,WRITE:0-0
408b82-408b84,2,2,c9c3,,WRITE:0-0
408b84-408b97,2,7,8bff558bec83ec14ff7514ff7510e801010000,,WRITE:0-0
408b97-408b9f,2,2,ff7508e88ffdffff,,WRITE:0-0
408b9f-408bb0,2,6,8b4d1083c40c8945f48b49483b41047504,,WRITE:0-0
408bb4-408bc1,2,5,5356576820020000e8efd9ffff,,WRITE:0-0
408bc1-408bcb,2,5,8bf883cbff5985ff742e,,WRITE:0-0
408bcb-408be6,2,144,8b7510b9880000008b7648f3a58bf857ff75f4832700e8ad010000,,WRITE:6fe928-6fe928
408be6-408bee,2,5,8bf059593bf3751b,,WRITE:0-0
408bfb-408c01,2,2,57e85acfffff,,WRITE:0-0
408c01-408c09,2,7,595f8bc65e5bc9c3,,WRITE:0-0
408c09-408c0f,2,2,807d0c007505,,WRITE:0-0
408c14-408c21,2,5,8b45108b4048f00fc1184b7515,m,WRITE:419210-0
408c21-408c2d,2,3,8b4510817848109241007409,,WRITE:0-0
408c36-408c56,2,9,c707010000008bcf8b451033ff8948488b4d10a18897410085815003000075a5,,WRITE:6fe928-700b08
408c56-408c7f,2,16,8d45108945ec8d4dff6a058d45148945f0588945f48945f88d45f4508d45ec508d45f850e8a1fbffff,,WRITE:0-0
408c7f-408c89,2,2,807d0c000f8472ffffff,,WRITE:0-0
408c89-408c98,2,4,8b45148b00a304924100e963ffffff,m,WRITE:419204-0
408c98-408ca4,2,3,6a0c6800814100e81c8dffff,,WRITE:0-0
408ca4-408cb9,2,6,33f68975e48b7d08a188974100858750030000740e,,WRITE:0-0
408cc1-408cc5,2,2,85f6746d,,WRITE:0-0
408cc5-408cc7,1,1,eb59,,WRITE:0-0
408cc7-408cce,2,2,6a05e83f090000,,WRITE:0-0
408cce-408cdf,2,7,598975fc8b77488975e48b5d0c3b337427,,WRITE:0-0
408d06-408d12,2,2,c745fcfeffffffe805000000,,WRITE:0-0
408d12-408d14,1,1,ebad,,WRITE:0-0
408d17-408d1e,2,2,6a05e837090000,,WRITE:0-0
408d1e-408d20,2,2,59c3,,WRITE:0-0
408d20-408d32,2,9,8bc68b4df064890d00000000595f5e5bc9c3,,WRITE:32d000-0
408d38-408d3d,4,1,e96679c30c,,WRITE:0-0
408d43-408d47,59,2,8b45fcc3,,WRITE:0-0
408d49-408d4c,21,2,8bf1c3,,WRITE:0-0
408d4d-408d51,21,2,c1e807c3,,WRITE:0-0
408d58-408d5b,12,2,2bc8c3,,WRITE:0-0
408d5d-408d60,5,2,33ffc3,,WRITE:0-0
408d93-408db3,2,13,8bff558bec83ec20a12890410033c58945fc53568b750c57ff7508e87bfbffff,,WRITE:0-0
408db3-408dbe,2,4,8bd85985db0f84b0010000,,WRITE:0-0
408dbe-408dd3,2,6,33ff8bcf8bc7894de43998409641000f84f3000000,,WRITE:0-0
408dc7-408dd3,2,2,3998409641000f84f3000000,,WRITE:0-0
408dd3-408de1,2,5,4183c030894de43df000000072e6,,WRITE:0-0
408e23-408e29,2,2,56e8dbfbffff,,WRITE:0-0
408e29-408e2e,1,1,e946010000,,WRITE:0-0
408ec6-408ed5,2,5,68010100008d46185750e83b91ffff,,WRITE:0-0
408ed5-408eef,2,8,83c40c6b45e4308945e08d80509641008945e48038008bc87435,,WRITE:0-0
408ee8-408eef,4,3,8038008bc87435,,WRITE:0-0
408eef-408ef6,3,3,8a410184c0742b,,WRITE:0-0
408ef6-408efe,3,3,0fb6110fb6c0eb17,,WRITE:0-0
408efe-408f06,318,2,81fa000100007313,,WRITE:0-0
408f06-408f19,318,6,8a873896410008441619420fb641013bd076e5,,WRITE:6fe9c2-6fea3f
408f15-408f19,3,2,3bd076e5,,WRITE:0-0
408f19-408f21,3,3,83c10280390075ce,,WRITE:0-0
408f21-408f30,3,6,8b45e44783c0088945e483ff0472b8,,WRITE:0-0
408f24-408f30,3,5,4783c0088945e483ff0472b8,,WRITE:0-0
408f30-408f40,2,4,53895e04c7460801000000e8b0f9ffff,,WRITE:6fe92c-6fe930
408f40-408f69,2,13,83c40489861c0200008b45e08d4e0c6a068d90449641005f668b028d52026689018d490283ef0175ef,,WRITE:6feb44-6fe934
408f58-408f69,6,6,668b028d52026689018d490283ef0175ef,,WRITE:6fe936-6fe93e
408f69-408f6e,1,1,e9b5feffff,,WRITE:0-0
408f74-408f84,2,8,33c0598b4dfc5f5e33cd5be8618cffff,,WRITE:0-0
408f84-408f86,2,2,c9c3,,WRITE:0-0
408f86-408f8b,2,1,e95a77c30c,,WRITE:0-0
408fa4-408fa8,2,2,8d45f8c3,,WRITE:0-0
408faa-408fad,93,2,f7f6c3,,WRITE:0-0
408fb2-408fb5,23,2,3c02c3,,WRITE:0-0
408fb7-408fbb,2,2,8945f4c3,,WRITE:0-0
408fc2-408fc7,2,2,807dfc00c3,,WRITE:0-0
408fc9-408fcd,7,2,8b4d0cc3,,WRITE:0-0
408fce-408fd2,7,2,237520c3,,WRITE:0-0
408fd4-408fd7,2,2,8bc3c3,,WRITE:0-0
408fd8-408fdc,2,2,0fb7c8c3,,WRITE:0-0
408fdd-408fe0,3,2,23d3c3,,WRITE:0-0
408fe2-408fe5,2,2,8bd1c3,,WRITE:0-0
408fe7-408fed,2,2,a91f030800c3,,WRITE:0-0
409007-40901b,47,8,8bff558bec83ec1056ff75088d4df0e86da0ffff,,WRITE:0-0
40901b-40902b,47,5,0fb6750c8b45f88a4d14844c3019751b,,WRITE:0-0
40902b-409032,47,3,33d2395510740e,,WRITE:0-0
409040-409046,47,3,8bc285c07403,,WRITE:0-0
409049-409050,47,3,807dfc005e740a,,WRITE:0-0
40905a-40905e,47,3,8bc2c9c3,,WRITE:0-0
40905e-409071,47,8,8bff558bec6a046a00ff75086a00e896ffffff,,WRITE:0-0
409071-409076,47,3,83c4105dc3,,WRITE:0-0
409076-409087,7,7,8bff558bec8b4508b935c400003bc17728,,WRITE:0-0
409087-409089,6,1,7465,,WRITE:0-0
409089-40908e,7,2,83f82a7460,,WRITE:0-0
40908e-409095,7,2,3d2bc400007615,,WRITE:0-0
4090aa-4090af,7,2,8b4d0ceb29,,WRITE:0-0
4090d8-4090ec,7,7,ff751cff7518ff7514ff75105150ff15c0204100,,WRITE:0-0
4090ec-4090ee,7,2,5dc3,,WRITE:0-0
4090f2-4090f7,6,1,e99778c30c,,WRITE:0-0
4090f8-4090fb,132,2,85c0c3,,WRITE:0-0
40910b-40910e,30,2,8b06c3,,WRITE:0-0
409114-409117,23,2,8b16c3,,WRITE:0-0
40911f-409123,2,2,8b4df0c3,,WRITE:0-0
409124-409128,7,2,8b7d24c3,,WRITE:0-0
40912a-40912f,2,2,0faf7510c3,,WRITE:0-0
409130-409132,513,2,40c3,,WRITE:0-0
409133-409136,2,2,a820c3,,WRITE:0-0
409158-40915b,2,2,3bc8c3,,WRITE:0-0
4091a9-4091b9,2,8,8bff558bec8b55085733ff66393a7421,,WRITE:0-0
4091b9-4091ca,2,7,568bca8d7102668b0183c102663bc775f5,,WRITE:0-0
4091ba-4091ca,86,6,8bca8d7102668b0183c102663bc775f5,,WRITE:0-0
4091bf-4091ca,6577,4,668b0183c102663bc775f5,,WRITE:0-0
4091ca-4091d9,87,6,2bced1f98d144a83c20266393a75e1,,WRITE:0-0
4091d9-4091e0,2,5,5e8d42025f5dc3,,WRITE:0-0
4091e0-4091ef,2,8,8bff558bec51535657ff15c8204100,,WRITE:0-0
4091ef-4091f7,2,4,8bf033ff85f67459,,WRITE:0-0
4091f7-4091fd,2,2,56e8acffffff,,WRITE:0-0
4091fd-409210,2,12,5757578bd8572bded1fb53565757e8e2feffff,,WRITE:0-0
409210-40921a,2,4,83c4248945fc85c07436,,WRITE:0-0
40921a-409220,2,2,50e890d3ffff,,WRITE:0-0
409220-409227,2,4,8bf85985ff741e,,WRITE:0-0
409227-409238,2,10,33c05050ff75fc5753565050e8bafeffff,,WRITE:0-0
409238-40923f,2,3,83c42085c07406,,WRITE:0-0
40923f-409245,2,3,8bdf33ffeb02,,WRITE:0-0
409247-40924d,2,2,57e80ec9ffff,,WRITE:0-0
40924d-409250,2,2,59eb02,,WRITE:0-0
409252-409256,2,2,85f67407,,WRITE:0-0
409256-40925d,2,2,56ff15cc204100,,WRITE:0-0
40925d-409264,2,6,5f5e8bc35bc9c3,,WRITE:0-0
4095cc-4095e4,2,9,8bff5657bf50a1410033f66a0068a00f000057e81ec9ffff,,WRITE:0-0
4095d7-4095e4,14,4,6a0068a00f000057e81ec9ffff,,WRITE:0-0
4095e4-4095e8,15,2,85c07418,,WRITE:0-0
4095e8-4095fc,15,5,ff05a0a2410083c61883c71881fe5001000072db,m,WRITE:41a2a0-41a2a0
4095fc-409600,2,2,b001eb0a,,WRITE:0-0
40960a-40960d,2,3,5f5ec3,,WRITE:0-0
40960d-409612,12,1,e98773c30c,,WRITE:0-0
409655-40965a,12,1,e94a73c30c,,WRITE:0-0
40966c-409686,2,11,8bff558bec5164a1300000005633f68975fc8b40103970087c0f,,WRITE:0-0
409686-40968f,2,3,8d45fc50e8b8c6ffff,,WRITE:0-0
40968f-409695,2,2,837dfc017403,,WRITE:0-0
409695-40969d,2,6,33f6468bc65ec9c3,,WRITE:0-0
40969d-4096af,2,10,8bff558bec515153566a386a40e84fc4ffff,,WRITE:0-0
4096af-4096bc,2,7,8bf033db8975f8595985f67504,,WRITE:0-0
4096c0-4096ca,2,3,8d86000e00003bf07441,,WRITE:0-0
4096ca-4096df,2,8,578d7e208bf05368a00f00008d47e050e823c8ffff,,WRITE:0-0
4096d0-4096df,64,5,5368a00f00008d47e050e823c8ffff,,WRITE:0-0
4096df-409707,65,12,834ff8ff80670df8891f8d7f38895fcc8d47e0c747d000000a0ac647d40a895fd6885fda3bc675c9,,WRITE:700e48-701c2a
409707-409711,2,4,8b75f85f53e84ac4ffff,,WRITE:0-0
409711-409718,2,6,598bc65e5bc9c3,,WRITE:0-0
40974d-409759,2,3,6a106840814100e86782ffff,,WRITE:0-0
409759-409762,2,2,817d08002000007221,,WRITE:0-0
409771-409783,2,9,8bc68b4df064890d00000000595f5e5bc9c3,,WRITE:32d000-0
409783-40978f,2,4,33f68975e46a07e87efeffff,,WRITE:0-0
40978f-4097a2,2,7,598975fc8bfea120a14100897de03945087c1f,,WRITE:0-0
40979a-4097a2,2,3,897de03945087c1f,,WRITE:0-0
4097a2-4097ab,2,2,3934bd209f41007531,,WRITE:0-0
4097ab-4097b0,1,1,e8edfeffff,,WRITE:0-0
4097b0-4097bb,2,3,8904bd209f410085c07514,m,WRITE:419f20-0
4097c1-4097cd,2,2,c745fcfeffffffe815000000,,WRITE:0-0
4097cd-4097cf,1,1,eba2,,WRITE:0-0
4097cf-4097df,2,5,a120a1410083c040a320a1410047ebbb,m,WRITE:41a120-0
4097e2-4097e9,2,2,6a07e86cfeffff,,WRITE:0-0
4097e9-4097eb,2,2,59c3,,WRITE:0-0
4097eb-4097f0,22,1,e9c071c30c,,WRITE:0-0
4097f1-4097f5,59,2,3145fcc3,,WRITE:0-0
4097f7-4097fa,125,2,a801c3,,WRITE:0-0
40980e-409813,22,1,e9a971c30c,,WRITE:0-0
409819-40981e,21,2,83461404c3,,WRITE:19f9fc-19f9fc
40992c-409935,2,2,833da4a2410000750a,,WRITE:0-0
40993f-409942,2,2,33c0c3,,WRITE:0-0
409aaf-409ab2,43,2,8b01c3,,WRITE:0-0
409ab3-409ab9,75,2,a100924100c3,,WRITE:0-0
409abb-409ac0,5,2,836620dfc3,,WRITE:19fa08-19fa08
409ac1-409ac4,147,2,3bd7c3,,WRITE:0-0
409ac5-409ac8,8,2,8bc6c3,,WRITE:0-0
409aca-409acd,23,2,3bf8c3,,WRITE:0-0
409be9-409c09,2,13,8bff558bec83ec1ca12890410033c58945fc535657ff75088d4de4e87f94ffff,,WRITE:0-0
409c09-409c10,2,3,8b5d1c85db7506,,WRITE:0-0
409c16-409c36,2,12,33c033ff3945205757ff75140f95c0ff75108d04c5010000005053e840f4ffff,,WRITE:0-0
409c36-409c44,2,4,83c4188945f485c00f8484000000,,WRITE:0-0
409c44-409c55,2,7,8d14008d4a088955f83bd11bc023c17435,,WRITE:0-0
409c55-409c5c,2,2,3d000400007713,,WRITE:0-0
409c5c-409c61,1,1,e85f770000,,WRITE:0-0
409c61-409c67,2,3,8bf485f6741e,,WRITE:0-0
409c67-409c6f,2,2,c706cccc0000eb13,,WRITE:19f510-0
409c82-409c8a,2,3,83c6088b55f8eb02,,WRITE:0-0
409c8c-409c90,2,2,85f67431,,WRITE:0-0
409c90-409c98,2,4,525756e87883ffff,,WRITE:0-0
409c98-409caa,2,7,ff75f456ff7514ff75106a0153e8ccf3ffff,,WRITE:0-0
409caa-409cb1,2,3,83c42485c07410,,WRITE:0-0
409cb1-409cbf,2,5,ff75185056ff750cff15d8204100,,WRITE:0-0
409cbf-409cc7,2,3,8bf856e825000000,,WRITE:0-0
409cc7-409cce,2,3,59807df000740a,,WRITE:0-0
409cd8-409cea,2,8,8bc78d65d85f5e5b8b4dfc33cde8fb7effff,,WRITE:0-0
409cea-409cec,2,2,c9c3,,WRITE:0-0
409cec-409cf1,5,1,e9fd6cc30c,,WRITE:0-0
409d0c-409d1f,2,8,8bff558bec8b4508f0ff400c8b487c85c97403,m,WRITE:419154-0
409d22-409d2c,2,3,8b888400000085c97403,,WRITE:0-0
409d2f-409d39,2,3,8b888000000085c97403,,WRITE:0-0
409d3c-409d46,2,3,8b888c00000085c97403,,WRITE:0-0
409d49-409d59,2,6,566a068d48285e8179f8089241007409,,WRITE:0-0
409d50-409d59,6,2,8179f8089241007409,,WRITE:0-0
409d59-409d5f,2,3,8b1185d27403,,WRITE:0-0
409d62-409d68,7,2,8379f400740a,,WRITE:0-0
409d72-409d7a,7,3,83c11083ee0175d6,,WRITE:0-0
409d7a-409d85,2,2,ffb09c000000e84c010000,,WRITE:0-0
409d85-409d89,2,4,595e5dc3,,WRITE:0-0
409ed1-409edd,2,6,8bff558bec8b4d0885c97416,,WRITE:0-0
409edd-409ee5,2,2,81f9c0384100740e,,WRITE:0-0
409ef3-409efa,2,3,b8ffffff7f5dc3,,WRITE:0-0
40a0a6-40a0ab,1,1,e97a69c30c,,WRITE:0-0
40a0b1-40a0b4,75,2,8903c3,,WRITE:19fec0-19f9d8
40a0b5-40a0bc,12,2,330528904100c3,,WRITE:0-0
40a0bd-40a0c1,99,2,8b7508c3,,WRITE:0-0
40a0d7-40a0da,7,2,3bc1c3,,WRITE:0-0
40a0e3-40a0e7,2,2,83e101c3,,WRITE:0-0
40a0e9-40a0ec,2,2,0bcfc3,,WRITE:0-0
40a0f4-40a0fb,2,2,81e71f030803c3,,WRITE:0-0
40a113-40a119,1,1,ff15dc204100,,WRITE:0-0
40a119-40a124,2,4,85c0a3b0a241000f95c0c3,m,WRITE:41a2b0-0
40a12e-40a13e,2,9,8bff558bec5356578b7d083b7d0c7451,,WRITE:0-0
40a13e-40a146,2,4,8bf78b1e85db740e,,WRITE:0-0
40a140-40a146,16,3,8b1e85db740e,,WRITE:0-0
40a146-40a14e,13,2,8bcbff150c214100,,WRITE:0-0
40a14e-40a150,12,1,ffd3,,WRITE:0-0
40a150-40a154,13,2,84c07408,,WRITE:0-0
40a154-40a15c,17,3,83c6083b750c75e4,,WRITE:0-0
40a15c-40a161,2,2,3b750c742e,,WRITE:0-0
40a18f-40a196,2,6,b0015f5e5b5dc3,,WRITE:0-0
40a1c7-40a1d6,2,7,8bff558bec8b4508a3b4a241005dc3,m,WRITE:41a2b4-0
40a354-40a372,2,10,8bff558bec8b4508a3b8a24100a3bca24100a3c0a24100a3c4a241005dc3,m,WRITE:41a2b8-41a2c4
40a6ea-40a6ef,1,1,e9a266c30c,,WRITE:0-0
40a6f0-40a6f4,24,2,8d450cc3,,WRITE:0-0
40a6f5-40a6f9,50,2,8945fcc3,,WRITE:0-0
40a6fa-40a6fe,23,2,8b45f8c3,,WRITE:0-0
40a6ff-40a701,236,2,90c3,,WRITE:0-0
40a703-40a706,881,2,8bffc3,,WRITE:0-0
40a708-40a70c,75,2,894304c3,,WRITE:19fec4-19f9dc
40a714-40a718,8,2,83c604c3,,WRITE:0-0
40a71a-40a722,147,2,8d1c85989e4100c3,,WRITE:0-0
40a724-40a728,3,2,8945ecc3,,WRITE:0-0
40a739-40a73c,7,2,1bd2c3,,WRITE:0-0
40a73d-40a741,45,2,6bc038c3,,WRITE:0-0
40a74c-40a750,2,2,0fb7c0c3,,WRITE:0-0
40a751-40a757,2,2,ba00100000c3,,WRITE:0-0
40a761-40a765,2,2,8b7d0cc3,,WRITE:0-0
40a777-40a77f,2,2,833dfc98410001c3,,WRITE:0-0
40a781-40a785,2,2,c1e803c3,,WRITE:0-0
40a7e2-40a7e5,3,2,3801c3,,WRITE:0-0
40a80b-40a811,23,2,52e903000000,,WRITE:0-0
40a814-40a81c,23,3,6a01681ea84000c3,,WRITE:0-0
40a81e-40a82d,23,3,682ea84000681404030de9d6feffff,,WRITE:0-0
40a82e-40a834,23,2,68533d4000c3,,WRITE:0-0
40a83e-40a845,23,3,5068a8e94000c3,,WRITE:0-0
40b1fe-40b20f,23,9,8bff558bec51568b75085756e8e9250000,,WRITE:0-0
40b20f-40b214,23,3,5985c07455,,WRITE:0-0
40b214-40b22d,23,7,8bfe83e63fc1ff066bf6388b04bd209f4100807c3028007d3c,,WRITE:0-0
40b22d-40b232,22,1,e8d8bcffff,,WRITE:0-0
40b232-40b23e,23,3,8b404c83b8a800000000750e,,WRITE:0-0
40b23e-40b24c,23,3,8b04bd209f4100807c302900741d,,WRITE:0-0
40b269-40b26f,23,5,32c05f5ec9c3,,WRITE:0-0
40b26f-40b27e,23,5,8bff558becb80c140000e872610000,,WRITE:0-0
40b27e-40b2c6,23,26,a12890410033c58945fc8b4d0c8bc18b551483e13fc1f8066bc938538b5d088b0485209f410056578bfb8b4408188b4d1003d18985f8ebffff33c0ab8995f4ebffffabab3bca7373,,WRITE:19f91c-19f928
40b2c6-40b2d6,23,4,8bbdf8ebffff8db5fcebffff3bca7318,,WRITE:0-0
40b2d2-40b2d6,43,2,3bca7318,,WRITE:0-0
40b2d6-40b2dd,43,4,8a01413c0a7507,,WRITE:0-0
40b2dd-40b2ee,3,8,ff4308c6060d468806468d45fb3bf072e4,,WRITE:19f928-19e4f9
40b2e4-40b2ee,41,5,8806468d45fb3bf072e4,,WRITE:19e4f4-19e4f5
40b2ee-40b311,23,11,8d85fcebffff894d102bf08d85f8ebffff6a0050568d85fcebffff5057ff1578204100,,WRITE:0-0
40b311-40b315,23,2,85c0741c,,WRITE:0-0
40b315-40b322,23,4,8b85f8ebffff0143043bc67217,,WRITE:19f920-19f924
40b322-40b32f,23,4,8b4d108b95f4ebffff3bca729d,,WRITE:0-0
40b32f-40b331,22,1,eb08,,WRITE:0-0
40b339-40b348,23,7,8b4dfc8bc35f5e33cd5be89d68ffff,,WRITE:0-0
40b348-40b34a,23,2,c9c3,,WRITE:0-0
40b565-40b571,23,3,6a106820824100e84f64ffff,,WRITE:0-0
40b571-40b579,23,3,8b750883fefe7518,,WRITE:0-0
40b591-40b599,23,2,85f60f8893000000,,WRITE:0-0
40b599-40b5a5,23,2,3b3520a141000f8387000000,,WRITE:0-0
40b5a5-40b5c3,23,9,8bdec1fb068bc683e03f6bc838894de08b049d209f4100f6440828017469,,WRITE:0-0
40b5c3-40b5c9,23,2,56e822e2ffff,,WRITE:0-0
40b5c9-40b5e5,23,8,5983cfff897de48365fc008b049d209f41008b4de0f6440828017515,,WRITE:0-0
40b5fa-40b606,23,4,ff7510ff750c56e851000000,,WRITE:0-0
40b606-40b61a,23,5,83c40c8bf8897de4c745fcfeffffffe80a000000,,WRITE:0-0
40b61a-40b61e,23,2,8bc7eb29,,WRITE:0-0
40b624-40b62a,23,2,56e8e4e1ffff,,WRITE:0-0
40b62a-40b62c,23,2,59c3,,WRITE:0-0
40b647-40b657,23,8,8b4df064890d00000000595f5e5bc9c3,,WRITE:32d000-32d000
40b657-40b679,23,14,8bff558bec83ec288b4d10894dfc53568b7508578b7d0c897df485c90f84b1010000,,WRITE:0-0
40b679-40b67d,23,2,85ff7520,,WRITE:0-0
40b69d-40b6c0,23,11,8bc68bd6c1fa0683e03f6bc0388955f08b1495209f41008945f88a5c022980fb027405,,WRITE:0-0
40b6c0-40b6c5,23,2,80fb01750b,,WRITE:0-0
40b6d0-40b6d7,23,2,f644022820740f,,WRITE:0-0
40b6e6-40b6ec,23,2,56e812fbffff,,WRITE:0-0
40b6ec-40b6f1,23,3,5984c07439,,WRITE:0-0
40b710-40b717,23,2,8bf0e99c000000,,WRITE:0-0
40b725-40b72a,23,2,83c410ebe6,,WRITE:0-0
40b72a-40b73e,23,5,8b45f08b0c85209f41008b45f8807c0128007d46,,WRITE:0-0
40b73e-40b746,23,3,0fbec383e800742e,,WRITE:0-0
40b774-40b782,23,6,ff75fc8d45d8575650e8edfaffff,,WRITE:0-0
40b782-40b784,22,1,eba1,,WRITE:0-0
40b7b3-40b7c0,23,7,8d7de4a5a5a58b45e885c07565,,WRITE:19f928-19f934
40b825-40b82a,23,2,2b45eceb02,,WRITE:0-0
40b82c-40b831,23,5,5f5e5bc9c3,,WRITE:0-0
40bb2f-40bb37,21,2,c7462801000000c3,,WRITE:19fa10-19fa10
40bb39-40bb3b,2,2,41c3,,WRITE:0-0
40bb43-40bb46,7,2,3bc2c3,,WRITE:0-0
40bb4f-40bb53,45,2,83e03fc3,,WRITE:0-0
40bb61-40bb68,6,2,8138dddd0000c3,,WRITE:0-0
40bb69-40bb6d,2,2,83c901c3,,WRITE:0-0
40bb6f-40bb72,2,2,3bf1c3,,WRITE:0-0
40bb7b-40bb7f,2,2,83c808c3,,WRITE:0-0
40bb88-40bb8b,2,2,8bcfc3,,WRITE:0-0
40bbd0-40bbd5,513,2,803c0800c3,,WRITE:0-0
40d7f8-40d805,45,6,8bff558bec8b4d0883f9fe750d,,WRITE:0-0
40d812-40d816,45,2,85c97824,,WRITE:0-0
40d816-40d81e,45,2,3b0d20a14100731c,,WRITE:0-0
40d81e-40d83a,45,9,8bc183e13fc1f8066bc9388b0485209f41000fb644082883e0405dc3,,WRITE:0-0
40dee4-40deff,3,14,8bff558bec5151a12890410033c58945fc53568b75185785f67e14,,WRITE:0-0
40deff-40df08,3,3,56ff7514e857140000,,WRITE:0-0
40df08-40df11,3,5,593bc6598d70017c02,,WRITE:0-0
40df11-40df1a,3,4,8bf08b7d2485ff750b,,WRITE:0-0
40df25-40df43,3,11,33c03945286a006a000f95c056ff75148d04c5010000005057e833b1ffff,,WRITE:0-0
40df43-40df53,3,5,8bd083c4188955f885d20f8458010000,,WRITE:0-0
40df53-40df61,3,6,8d04128d48083bc11bc023c17435,,WRITE:0-0
40df61-40df68,3,2,3d000400007713,,WRITE:0-0
40df68-40df6d,2,1,e853340000,,WRITE:0-0
40df6d-40df73,3,3,8bdc85db741e,,WRITE:0-0
40df73-40df7b,3,2,c703cccc0000eb13,,WRITE:19f4c0-19f4e0
40df8e-40df96,3,3,83c3088b55f8eb02,,WRITE:0-0
40df98-40dfa0,3,2,85db0f8400010000,,WRITE:0-0
40dfa0-40dfae,3,7,525356ff75146a0157e8c8b0ffff,,WRITE:0-0
40dfae-40dfb9,3,3,83c41885c00f84e7000000,,WRITE:0-0
40dfb9-40dfd0,3,12,8b7df833c050505050505753ff7510ff750ce87d7fffff,,WRITE:0-0
40dfd0-40dfda,3,3,8bf085f60f84c6000000,,WRITE:0-0
40dfda-40dfe4,3,3,ba000400008555107438,,WRITE:0-0
40e01c-40e02a,3,6,8d04368d48083bc11bc023c1742f,,WRITE:0-0
40e02a-40e02e,3,2,3bc27713,,WRITE:0-0
40e02e-40e033,2,1,e88d330000,,WRITE:0-0
40e033-40e039,3,3,8bfc85ff7460,,WRITE:0-0
40e039-40e041,3,2,c707cccc0000eb13,,WRITE:19f2b0-19f2d0
40e054-40e059,3,2,83c708eb02,,WRITE:0-0
40e05b-40e05f,3,2,85ff743a,,WRITE:0-0
40e05f-40e076,3,10,6a006a006a005657ff75f853ff7510ff750ce8d77effff,,WRITE:0-0
40e076-40e07a,3,2,85c0741f,,WRITE:0-0
40e07a-40e083,3,5,33c05050394520753a,,WRITE:0-0
40e085-40e090,3,5,565750ff7524e862b0ffff,,WRITE:0-0
40e090-40e099,3,4,8bf083c42085f6752c,,WRITE:0-0
40e0a2-40e0a8,3,2,53e844bcffff,,WRITE:0-0
40e0a8-40e0bb,3,9,598bc68d65ec5f5e5b8b4dfc33cde82a3bffff,,WRITE:0-0
40e0bb-40e0bd,3,2,c9c3,,WRITE:0-0
40e0bd-40e0c5,3,3,ff7520ff751cebc0,,WRITE:0-0
40e0c5-40e0cb,3,2,57e821bcffff,,WRITE:0-0
40e0cb-40e0ce,3,2,59ebd4,,WRITE:0-0
40e0ce-40e0e1,3,7,8bff558bec83ec10ff75088d4df0e8a74fffff,,WRITE:0-0
40e0e1-40e102,3,11,ff75288d45f4ff7524ff7520ff751cff7518ff7514ff7510ff750c50e8e2fdffff,,WRITE:0-0
40e102-40e10b,3,3,83c424807dfc00740a,,WRITE:0-0
40e115-40e117,3,2,c9c3,,WRITE:0-0
40e117-40e11c,1,1,e81cacffff,,WRITE:0-0
40e11c-40e126,2,5,33c984c00f94c18bc1c3,,WRITE:0-0
40e32e-40e33b,2,7,8bff558bec578b7d0885ff750b,,WRITE:0-0
40e33b-40e343,2,2,ff750ce86d82ffff,,WRITE:0-0
40e343-40e346,2,2,59eb24,,WRITE:0-0
40e36a-40e36d,2,3,5f5dc3,,WRITE:0-0
40e434-40e438,23,2,8b4104c3,,WRITE:0-0
40e439-40e441,75,2,833d1c9e410000c3,,WRITE:0-0
40e45d-40e460,59,2,33c5c3,,WRITE:0-0
40e462-40e465,30,2,33c0c3,,WRITE:0-0
40e467-40e46c,89,2,6b450838c3,,WRITE:0-0
40e478-40e47d,75,2,c6470c00c3,,WRITE:19fec8-19f9e0
40e47e-40e482,21,2,8b4614c3,,WRITE:0-0
40e48d-40e491,43,2,8b400cc3,,WRITE:0-0
40e8a1-40e8a5,12,2,83e01fc3,,WRITE:0-0
40e8a6-40e8a9,147,2,8bcac3,,WRITE:0-0
40e8aa-40e8ae,3,2,8d4508c3,,WRITE:0-0
40e8b0-40e8b8,2,2,c6054ca1410001c3,m,WRITE:41a14c-0
40e8b9-40e8be,25,2,6b450818c3,,WRITE:0-0
40e8c0-40e8c4,6,2,83e808c3,,WRITE:0-0
40e8c5-40e8c9,2,2,3b4510c3,,WRITE:0-0
40e8ca-40e8d0,2,2,bb000c0000c3,,WRITE:0-0
40e8d2-40e8d5,2,2,8bd6c3,,WRITE:0-0
40e8df-40e8e2,2,2,85c2c3,,WRITE:0-0
40e8e4-40e8e8,2,2,83c804c3,,WRITE:0-0
40e8e9-40e8f0,2,2,f7c100080000c3,,WRITE:0-0
40e901-40e908,2,2,81e140800000c3,,WRITE:0-0
40e90a-40e90d,3,2,2bcbc3,,WRITE:0-0
40e90e-40e912,2,2,237d08c3,,WRITE:0-0
40e986-40e98e,23,3,8bec683a3d4000c3,,WRITE:0-0
40e990-40e997,23,3,516899e94000c3,,WRITE:0-0
40e999-40e9a6,23,4,6a00680ba8400068ca5c4000c3,,WRITE:0-0
40e9a8-40e9ad,22,1,e8c327ffff,,WRITE:0-0
40e9ad-40e9b2,22,1,e9ab53ffff,,WRITE:0-0
40e9c2-40e9c9,23,2,8be5e902000000,,WRITE:0-0
40e9cb-40e9d2,23,3,5d6846a84000c3,,WRITE:0-0
40f35f-40f364,2,1,e9101dc30c,,WRITE:0-0
40f7c0-40f7ca,2,3,a1a098410083f8ff740c,,WRITE:0-0
40f7ca-40f7cf,2,2,83f8fe7407,,WRITE:0-0
40f82c-40f834,2,2,6a0aff1524204100,,WRITE:0-0
40f834-40f83c,2,3,a318a3410033c0c3,m,WRITE:41a318-0
411116-41111a,46,2,0f95c0c3,,WRITE:0-0
41111b-41111e,283,2,85f6c3,,WRITE:0-0
41111f-411122,4,2,870fc3,m,WRITE:419cc4-419cc0
411123-411126,115,2,8bf0c3,,WRITE:0-0
411143-411145,8,2,47c3,,WRITE:0-0
411146-411149,8,2,3bfbc3,,WRITE:0-0
41114b-41114e,147,2,d3cac3,,WRITE:0-0
411150-411154,2,2,894818c3,,WRITE:700ad8-0
411156-411159,22,2,1bffc3,,WRITE:0-0
41115e-411162,2,2,8d4df0c3,,WRITE:0-0
411164-411168,7,2,8d72ffc3,,WRITE:0-0
41116d-411173,7,2,3d2bc40000c3,,WRITE:0-0
411180-411183,2,2,23c7c3,,WRITE:0-0
4111b0-4111bd,2,7,57565333ff8b4424140bc07d14,,WRITE:0-0
4111d1-4111d9,2,3,8b44241c0bc07d14,,WRITE:0-0
4111ed-4111f1,2,2,0bc07518,,WRITE:0-0
4111f1-411209,2,9,8b4c24188b44241433d2f7f18bd88b442410f7f18bd3eb41,,WRITE:0-0
41124a-41124d,2,2,4f7507,,WRITE:0-0
411254-41125a,2,4,5b5e5fc21000,,WRITE:0-0
411266-41126a,83,2,8945f8c3,,WRITE:0-0
41127b-41127e,21,2,33f6c3,,WRITE:0-0
41127f-411282,4,2,23d8c3,,WRITE:0-0
41128b-411292,147,2,8b1528904100c3,,WRITE:0-0
411293-41129e,2,2,c7053ca1410030944100c3,m,WRITE:41a13c-0
41129f-4112a2,7,2,32dbc3,,WRITE:0-0
4112a4-4112ab,7,2,81e17fffffffc3,,WRITE:0-0
4112ad-4112b1,2,2,8b5d08c3,,WRITE:0-0
4112b2-4112b6,2,2,83c902c3,,WRITE:0-0
4112d8-4112db,2,2,f7d1c3,,WRITE:0-0
4113c0-4113d6,6,9,518d4c24082bc883e10f03c11bc90bc159e91a000000,,WRITE:0-0
4113f0-411408,28,10,518d4c24042bc81bc0f7d023c88bc42500f0ffff3bc8720a,,WRITE:0-0
411404-411408,23,2,3bc8720a,,WRITE:0-0
411408-411412,28,6,8bc159948b00890424c3,,WRITE:0-0
411412-41141b,23,3,2d001000008500ebe9,,WRITE:0-0
41c00c-41c016,2,2,68604a0a54e972020000,,WRITE:0-0
41c018-41c022,2,2,68464a0a54e966020000,,WRITE:0-0
41c024-41c02e,2,2,685b4a0a54e95a020000,,WRITE:0-0
41c054-41c05e,2,2,68524a0a54e92a020000,,WRITE:0-0
41c078-41c082,2,2,687c4a0a54e906020000,,WRITE:0-0
41c084-41c08e,2,2,687b4a0a54e9fa010000,,WRITE:0-0
41c09c-41c0a6,96,2,68554a0a54e9e2010000,,WRITE:0-0
41c0a8-41c0b2,3,2,68624a0a54e9d6010000,,WRITE:0-0
41c0b4-41c0be,2,2,68784a0a54e9ca010000,,WRITE:0-0
41c0cc-41c0d6,2,2,68734a0a54e9b2010000,,WRITE:0-0
41c0d8-41c0e2,2,2,68424a0a54e9a6010000,,WRITE:0-0
41c0e4-41c0ee,57,2,687d4a0a54e99a010000,,WRITE:0-0
41c0f0-41c0fa,4,2,68644a0a54e98e010000,,WRITE:0-0
41c114-41c11e,4,2,68434a0a54e96a010000,,WRITE:0-0
41c120-41c12a,3,2,687a4a0a54e95e010000,,WRITE:0-0
41c138-41c142,2,2,68614a0a54e946010000,,WRITE:0-0
41c144-41c14e,2,2,68044a0a54e93a010000,,WRITE:0-0
41c150-41c15a,2,2,68534a0a54e92e010000,,WRITE:0-0
41c15c-41c166,56,2,68724a0a54e922010000,,WRITE:0-0
41c168-41c172,2,2,684c4a0a54e916010000,,WRITE:0-0
41c18c-41c196,2,2,685f4a0a54e9f2000000,,WRITE:0-0
41c198-41c1a2,11,2,687f4a0a54e9e6000000,,WRITE:0-0
41c1b0-41c1ba,7,2,687e4a0a54e9ce000000,,WRITE:0-0
41c1c8-41c1d2,57,2,68024a0a54e9b6000000,,WRITE:0-0
41c1f8-41c202,4,2,68794a0a54e986000000,,WRITE:0-0
41c204-41c20e,3,2,68654a0a54e97a000000,,WRITE:0-0
41c24c-41c256,7,2,68594a0a54e932000000,,WRITE:0-0
41c288-41c28d,403,1,e92bee020a,,WRITE:0-0
41c294-41c29e,2,2,684b4a0a54e9eaffffff,,WRITE:0-0
41c2a0-41c2aa,4,2,686f4a0a54e9deffffff,,WRITE:0-0
41c2ac-41c2b6,56,2,685c4a0a54e9d2ffffff,,WRITE:0-0
41c2b8-41c2c2,23,2,685e4a0a54e9c6ffffff,,WRITE:0-0
41c2d0-41c2da,2,2,68704a0a54e9aeffffff,,WRITE:0-0
41c2dc-41c2e6,8,2,68454a0a54e9a2ffffff,,WRITE:0-0
41c2f4-41c2fe,2,2,684a4a0a54e98affffff,,WRITE:0-0
41d000-41d002,60485,2,40c3,,WRITE:0-0
41d003-41d005,165005,2,48c3,,WRITE:0-0
41d007-41d00b,3,2,6633c0c3,,WRITE:0-0
41d00d-41d013,3,2,6681384d5ac3,a,WRITE:0-0
41d014-41d01a,4,2,250000ffffc3,,WRITE:0-0
41d01b-41d021,4,2,b94d5a0000c3,,WRITE:0-0
41d022-41d026,4,2,663908c3,,WRITE:0-0
41d028-41d02c,2,2,8b483cc3,,WRITE:0-0
41d02d-41d033,2,2,ba50450000c3,,WRITE:0-0
41d034-41d039,2,2,66391408c3,,WRITE:0-0
41d03b-41d03f,4,2,8b7508c3,,WRITE:0-0
41d040-41d043,4,2,33ffc3,,WRITE:0-0
41d045-41d048,4,2,3bf7c3,,WRITE:0-0
41d04a-41d04e,4,2,8b563cc3,,WRITE:0-0
41d050-41d053,3143,2,03d6c3,,WRITE:0-0
41d054-41d058,4,2,8b4a78c3,,WRITE:0-0
41d05a-41d05d,5,2,03cec3,,WRITE:0-0
41d05e-41d062,4,2,397a7cc3,,WRITE:0-0
41d064-41d067,4,2,3bcec3,,WRITE:0-0
41d068-41d06c,3144,2,8b5d0cc3,,WRITE:0-0
41d06e-41d075,4,2,81fb00000100c3,,WRITE:0-0
41d082-41d085,3209,2,03d0c3,,WRITE:0-0
41d09d-41d0a1,4,2,8b4120c3,,WRITE:0-0
41d0a2-41d0a6,4,2,217dfcc3,,WRITE:0-0
41d0a7-41d0aa,8,2,03c6c3,,WRITE:0-0
41d0ab-41d0af,4,2,397918c3,,WRITE:0-0
41d0b0-41d0b4,6279,2,8b55fcc3,,WRITE:0-0
41d0b6-41d0ba,3140,2,8b1490c3,,WRITE:0-0
41d0bb-41d0bf,3140,2,895df8c3,,WRITE:0-0
41d0c0-41d0c4,4001,2,8b5df8c3,,WRITE:0-0
41d0c5-41d0c8,3436,2,8a1bc3,,WRITE:0-0
41d0c9-41d0cc,3436,2,3a1ac3,,WRITE:0-0
41d0cd-41d0d0,865,2,84dbc3,,WRITE:0-0
41d0d2-41d0d6,566,2,8a5b01c3,,WRITE:0-0
41d0d7-41d0db,566,2,885d0bc3,,WRITE:0-0
41d0dc-41d0e0,566,2,3a5a01c3,,WRITE:0-0
41d0e1-41d0e6,297,2,8345f802c3,,WRITE:0-0
41d0e8-41d0ea,593,2,42c3,,WRITE:0-0
41d0eb-41d0ee,4,2,33d2c3,,WRITE:0-0
41d0f0-41d0f3,3137,2,1bd2c3,,WRITE:0-0
41d0f4-41d0f8,3137,2,83daffc3,,WRITE:0-0
41d0f9-41d0fc,3140,2,85d2c3,,WRITE:0-0
41d0fd-41d101,3137,2,ff45fcc3,,WRITE:0-0
41d102-41d106,3137,2,3b5118c3,,WRITE:0-0
41d108-41d10c,4,2,8b4124c3,,WRITE:0-0
41d10d-41d111,4,2,8b491cc3,,WRITE:0-0
41d113-41d117,4,2,8d0450c3,,WRITE:0-0
41d119-41d11e,4,2,0fb70430c3,,WRITE:0-0
41d120-41d124,4,2,8d0481c3,,WRITE:0-0
41d126-41d12a,4,2,8b3c30c3,,WRITE:0-0
41d12b-41d12e,5,2,03fec3,,WRITE:0-0
41d12f-41d132,4,2,8bc7c3,,WRITE:0-0
41d138-41d140,2,2,833dc9fa410000c3,,WRITE:0-0
41d141-41d14c,2,2,c705c9fa410001000000c3,nm,WRITE:41fac9-0
41d14d-41d150,2,2,8bd8c3,,WRITE:0-0
41d152-41d156,2,2,8b733cc3,,WRITE:0-0
41d158-41d15b,3,2,03f3c3,,WRITE:0-0
41d15c-41d163,2,2,8b8680000000c3,,WRITE:0-0
41d165-41d16a,2,2,8b441810c3,,WRITE:0-0
41d16b-41d16e,3,2,8bf8c3,,WRITE:0-0
41d170-41d176,2,2,b873730000c3,,WRITE:0-0
41d177-41d17c,2,2,0fb74e14c3,,WRITE:0-0
41d17e-41d183,2,2,8b743174c3,,WRITE:0-0
41d184-41d188,2,2,8b7e54c3,,WRITE:0-0
41d18a-41d18f,2,2,837e2000c3,,WRITE:0-0
41d190-41d195,5,2,837f0800c3,,WRITE:0-0
41d196-41d19a,5,2,8b4f04c3,,WRITE:0-0
41d19c-41d19f,7,2,03c8c3,,WRITE:0-0
41d1a1-41d1a4,5,2,8b07c3,,WRITE:0-0
41d1a6-41d1aa,5,2,83c714c3,,WRITE:0-0
41d1ab-41d1af,5,2,3b4e20c3,,WRITE:0-0
41d1b1-41d1b5,2,2,2b7e2cc3,,WRITE:0-0
41d1b7-41d1bb,2,2,8b4e50c3,,WRITE:0-0
41d1bc-41d1bf,156929,2,8a11c3,,WRITE:0-0
41d1c1-41d1c5,3292,2,80fa03c3,,WRITE:0-0
41d1c7-41d1cb,3019,2,80fa01c3,,WRITE:0-0
41d1cc-41d1d0,84,2,80fa09c3,,WRITE:0-0
41d1d1-41d1d5,84,2,80fa08c3,,WRITE:0-0
41d1d6-41d1da,3209,2,8b5101c3,,WRITE:0-0
41d1e6-41d1e9,3209,2,013ac3,m,WRITE:a441204-a473d17
41d1eb-41d1ef,3292,2,83c105c3,,WRITE:0-0
41d1f0-41d1f5,3293,2,83790100c3,,WRITE:0-0
41d1f6-41d1fa,2,2,8b4e28c3,,WRITE:0-0
41d1fc-41d203,2,2,890dcdfa4100c3,nm,WRITE:41facd-0
41d204-41d208,2,2,8b4e24c3,,WRITE:0-0
41d209-41d20d,315251,2,8b410cc3,,WRITE:0-0
41d20f-41d213,315251,2,8d50ffc3,,WRITE:0-0
41d215-41d219,315251,2,89510cc3,,WRITE:19fef4-19fef4
41d21b-41d21e,550667,2,85c0c3,,WRITE:0-0
41d21f-41d222,39410,2,8b01c3,,WRITE:0-0
41d223-41d227,39410,2,0fb610c3,,WRITE:0-0
41d228-41d22c,354660,2,895108c3,,WRITE:19fef0-19fef0
41d22d-41d230,39410,2,8901c3,,WRITE:19fee8-19fee8
41d232-41d23a,39410,2,c7410c07000000c3,,WRITE:19fef4-19fef4
41d23c-41d240,315251,2,8b5108c3,,WRITE:0-0
41d241-41d244,315251,2,8bc2c3,,WRITE:0-0
41d245-41d249,315251,2,c1e807c3,,WRITE:0-0
41d24b-41d24e,315251,2,03d2c3,,WRITE:0-0
41d250-41d254,315251,2,83e001c3,,WRITE:0-0
41d255-41d258,133022,2,33f6c3,,WRITE:0-0
41d259-41d25b,75076,2,46c3,,WRITE:0-0
41d25d-41d261,108110,2,8d3470c3,,WRITE:0-0
41d262-41d265,51678,2,8bc6c3,,WRITE:0-0
41d266-41d26a,5,2,8b4508c3,,WRITE:0-0
41d26c-41d26f,5,2,8a08c3,,WRITE:0-0
41d270-41d273,5,2,880bc3,m,WRITE:a440000-a46a000
41d275-41d279,5,2,8d4b01c3,,WRITE:0-0
41d27a-41d27c,27133,2,4fc3,,WRITE:0-0
41d27e-41d281,30182,2,85f6c3,,WRITE:0-0
41d282-41d285,6342,2,2bc6c3,,WRITE:0-0
41d287-41d28a,50718,2,8a00c3,,WRITE:0-0
41d28b-41d28e,50718,2,8801c3,m,WRITE:a440001-a473dda
41d290-41d294,443,2,c60000c3,m,WRITE:a440003-a473ddb
41d295-41d299,4882,2,0fb630c3,,WRITE:0-0
41d29a-41d29d,4882,2,33c9c3,,WRITE:0-0
41d29e-41d2a0,158519,2,41c3,,WRITE:0-0
41d2a2-41d2a5,4882,2,23c1c3,,WRITE:0-0
41d2a6-41d2a9,4882,2,d1eec3,,WRITE:0-0
41d2ab-41d2ae,20906,2,2bcec3,,WRITE:0-0
41d2b0-41d2b3,120328,2,8817c3,m,WRITE:a440006-a473dff
41d2b5-41d2b9,17718,2,83f802c3,,WRITE:0-0
41d2bb-41d2be,33311,2,8816c3,m,WRITE:a44000e-a473dcb
41d2c0-41d2c4,10348,2,83e803c3,,WRITE:0-0
41d2c5-41d2c9,16029,2,0fb609c3,,WRITE:0-0
41d2ca-41d2ce,16029,2,c1e008c3,,WRITE:0-0
41d2cf-41d2d2,16029,2,03c1c3,,WRITE:0-0
41d2d3-41d2d6,16029,2,8bf0c3,,WRITE:0-0
41d2d8-41d2df,16029,2,81fe007d0000c3,,WRITE:0-0
41d2e1-41d2e8,16029,2,81fe00050000c3,,WRITE:0-0
41d2ea-41d2f1,16029,2,81fe80000000c3,,WRITE:0-0
41d2f2-41d2f5,5,2,2bc3c3,,WRITE:0-0
41d2f7-41d301,2,2,6803d34100e910000000,,WRITE:0-0
41d311-41d318,2,3,60681ad34100c3,,WRITE:0-0
41d31a-41d321,2,3,546823d34100c3,,WRITE:0-0
41d323-41d32d,2,2,682ed34100e995070000,,WRITE:0-0
41d33f-41d349,2,2,684bd34100e910000000,,WRITE:0-0
41d359-41d373,2,6,586876d34100680dd041006807d041006803d04100e98dfcffff,,WRITE:0-0
41d376-41d37c,2,1,0f85580e0000,,WRITE:0-0
41d37c-41d381,1,1,e903000000,,WRITE:0-0
41d387-41d3aa,2,8,8b44240468acd341006822d04100681bd041006814d041006803d041006800d04100c3,,WRITE:0-0
41d3ac-41d3b2,3,1,0f85370e0000,,WRITE:0-0
41d3b2-41d3c7,2,5,68c8d341006834d04100682dd041006828d04100c3,,WRITE:0-0
41d3c8-41d3ce,1,1,0f85350e0000,,WRITE:0-0
41d3ce-41d3d3,1,1,e903000000,,WRITE:0-0
41d3d8-41d3df,4,3,5568e1d34100c3,,WRITE:0-0
41d3e1-41d3e8,4,2,8bece902000000,,WRITE:0-0
41d3ea-41d3f1,4,3,5168f2d34100c3,,WRITE:0-0
41d3f2-41d3f9,4,3,5168fbd34100c3,,WRITE:0-0
41d3fb-41d401,4,2,53e903000000,,WRITE:0-0
41d404-41d40f,4,3,566811d44100e92cfcffff,,WRITE:0-0
41d411-41d421,4,4,576824d441006845d04100e91ffcffff,,WRITE:0-0
41d424-41d42a,3,1,0f84f30d0000,,WRITE:0-0
41d42a-41d449,4,7,684bd44100685ed04100685ad041006854d041006850d04100684ad04100c3,,WRITE:0-0
41d44b-41d451,3,1,0f84d70d0000,,WRITE:0-0
41d451-41d45b,4,2,685ed44100e909fcffff,,WRITE:0-0
41d45e-41d464,3,1,0f86cf0d0000,,WRITE:0-0
41d464-41d474,4,4,6875d44100686ed041006868d04100c3,,WRITE:0-0
41d475-41d47b,3,1,0f83c30d0000,,WRITE:0-0
41d4e1-41d4e7,3,1,0f86890d0000,,WRITE:0-0
41d4e7-41d4ed,4,2,68eed44100c3,,WRITE:0-0
41d4ee-41d516,4,8,681fd5410068c9d0410068c5d0410068c0d0410068bbd041006850d0410068b6d04100e99afbffff,,WRITE:0-0
41d51f-41d525,3435,1,0f85560d0000,,WRITE:0-0
41d525-41d530,569,3,6831d5410068cdd04100c3,,WRITE:0-0
41d531-41d537,568,1,0f845a0d0000,,WRITE:0-0
41d537-41d551,566,6,6852d5410068dcd0410068d7d0410068d2d0410068c0d04100c3,,WRITE:0-0
41d552-41d558,565,1,0f85450d0000,,WRITE:0-0
41d558-41d571,297,5,6873d5410068cdd0410068e8d0410068e8d04100e970fbffff,,WRITE:0-0
41d573-41d579,296,1,0f85390d0000,,WRITE:0-0
41d586-41d591,4,3,6898d5410068f9d04100c3,,WRITE:0-0
41d598-41d59e,3139,1,0f842a0d0000,,WRITE:0-0
41d59e-41d5b2,3137,4,68b4d541006802d1410068b0d04100e94bfbffff,,WRITE:0-0
41d5b4-41d5ba,3136,1,0f82410d0000,,WRITE:0-0
41d5d4-41d5da,4,2,68e1d54100c3,,WRITE:0-0
41d5e1-41d5e7,4,2,5fe903000000,,WRITE:0-0
41d5ea-41d5f1,4,3,5e68f2d54100c3,,WRITE:0-0
41d5f2-41d5f8,4,2,5be902000000,,WRITE:0-0
41d5fa-41d601,4,3,c96802d64100c3,,WRITE:0-0
41d605-41d60c,2,3,55680dd64100c3,,WRITE:0-0
41d60d-41d614,2,2,8bece903000000,,WRITE:0-0
41d617-41d61f,2,2,83e4f8e902000000,,WRITE:0-0
41d621-41d62e,2,3,83ec246831d64100e90afbffff,,WRITE:0-0
41d631-41d637,2,2,53e902000000,,WRITE:0-0
41d639-41d63f,2,2,56e903000000,,WRITE:0-0
41d642-41d648,2,2,57e903000000,,WRITE:0-0
41d64b-41d651,1,1,0f85d80c0000,,WRITE:0-0
41d651-41d65b,2,2,685dd64100e9e6faffff,,WRITE:0-0
41d65d-41d663,2,2,6881d64100c3,,WRITE:0-0
41d681-41d68c,2,3,688ed64100683fd34100c3,,WRITE:0-0
41d68e-41d6ad,2,7,68b5d641006865d14100685cd141006858d141006852d14100684dd14100c3,,WRITE:0-0
41d6b5-41d6be,2,3,ff341868c0d64100c3,,WRITE:0-0
41d6c0-41d6cb,2,3,68ccd641006887d34100c3,,WRITE:0-0
41d6cc-41d6dc,2,4,68e4d641006870d14100686bd14100c3,,WRITE:0-0
41d6e4-41d6ef,2,3,668944243068f1d64100c3,,WRITE:0-0
41d6f1-41d6fa,2,2,8d442424e903000000,,WRITE:0-0
41d6fd-41d704,2,3,506806d74100c3,,WRITE:0-0
41d706-41d70c,2,2,57e902000000,,WRITE:0-0
41d70e-41d71c,2,3,c744242c47657450681dd74100c3,,WRITE:0-0
41d71d-41d72b,2,3,c7442430726f6341682cd74100c3,,WRITE:0-0
41d72c-41d73a,2,3,c744243464647265683bd74100c3,,WRITE:0-0
41d73b-41d745,2,2,c644243a00e903000000,,WRITE:0-0
41d748-41d753,2,3,6855d7410068d8d34100c3,,WRITE:0-0
41d755-41d75b,2,2,6862d74100c3,,WRITE:0-0
41d762-41d76b,2,2,89442428e903000000,,WRITE:0-0
41d76e-41d777,2,2,8d44242ce902000000,,WRITE:0-0
41d779-41d77f,2,2,50e902000000,,WRITE:0-0
41d781-41d788,2,3,57688ad74100c3,,WRITE:0-0
41d78a-41d798,2,3,c74424344c6f61646899d74100c3,,WRITE:0-0
41d799-41d7a6,2,2,c74424384c696272e902000000,,WRITE:0-0
41d7a8-41d7b5,2,2,c744243c61727941e902000000,,WRITE:0-0
41d7b7-41d7c2,2,3,c64424400068c4d74100c3,,WRITE:0-0
41d7c4-41d7ce,2,2,68d0d74100e90afcffff,,WRITE:0-0
41d7d0-41d7d6,2,2,68dfd74100c3,,WRITE:0-0
41d7df-41d7e8,2,2,8944242ce903000000,,WRITE:0-0
41d7eb-41d7f4,2,2,8d442434e903000000,,WRITE:0-0
41d7f7-41d7fe,2,3,5068ffd74100c3,,WRITE:0-0
41d7ff-41d806,2,3,576808d84100c3,,WRITE:0-0
41d808-41d815,2,2,c744243c56697274e902000000,,WRITE:0-0
41d817-41d824,2,2,c744244075616c41e903000000,,WRITE:0-0
41d827-41d835,2,3,c74424446c6c6f636837d84100c3,,WRITE:0-0
41d837-41d842,2,3,c6442448006844d84100c3,,WRITE:0-0
41d844-41d84f,2,3,6851d8410068d8d34100c3,,WRITE:0-0
41d851-41d861,2,4,6868d84100687ed141006877d14100c3,,WRITE:0-0
41d868-41d870,2,2,83c41ce902000000,,WRITE:0-0
41d872-41d883,2,4,6a406886d841006884d14100e9d5f8ffff,,WRITE:0-0
41d886-41d890,2,2,6800100000e902000000,,WRITE:0-0
41d892-41d89f,2,3,ff761c68a1d84100e98cf8ffff,,WRITE:0-0
41d8a1-41d8a8,2,2,6a00e903000000,,WRITE:0-0
41d8ab-41d8ad,1,1,ffd0,,WRITE:0-0
41d8ad-41d8b3,2,2,68b4d84100c3,,WRITE:0-0
41d8b4-41d8c3,2,3,836424100068c5d84100e9c7f8ffff,,WRITE:0-0
41d8c5-41d8ce,2,2,89442414e902000000,,WRITE:0-0
41d8d0-41d8d6,1,1,0f86590a0000,,WRITE:0-0
41d8d6-41d8e0,2,2,68e3d84100e9b0f8ffff,,WRITE:0-0
41d8e3-41d8e9,4,1,0f84560a0000,,WRITE:0-0
41d8e9-41d8fd,5,4,68ffd8410068a1d14100689cd14100e999f8ffff,,WRITE:0-0
41d8ff-41d90b,5,4,51680dd9410068a7d04100c3,,WRITE:0-0
41d90d-41d914,5,3,506816d94100c3,,WRITE:0-0
41d916-41d920,5,2,6822d94100e9d5020000,,WRITE:0-0
41d922-41d927,4,1,e909000000,,WRITE:0-0
41d930-41d93a,5,3,8b44241c683cd94100c3,,WRITE:0-0
41d93c-41d942,5,2,59e903000000,,WRITE:0-0
41d945-41d950,5,3,596853d94100e956f8ffff,,WRITE:0-0
41d953-41d95c,5,2,ff442410e903000000,,WRITE:0-0
41d95f-41d96e,5,4,8b4c24106870d9410068abd14100c3,,WRITE:0-0
41d970-41d976,4,1,0f82d0090000,,WRITE:0-0
41d976-41d985,2,3,6887d9410068b1d14100e9e6f7ffff,,WRITE:0-0
41d987-41d990,2,2,897c2414e903000000,,WRITE:0-0
41d993-41d999,1,1,0f84b8090000,,WRITE:0-0
41d999-41d9a8,2,3,68aad94100685ad04100e90ff8ffff,,WRITE:0-0
41d9aa-41d9b4,2,2,6837da4100e93cf8ffff,,WRITE:0-0
41d9bd-41d9c3,3291,1,0f8494090000,,WRITE:0-0
41d9c3-41d9cd,3019,2,68cfd94100e9faf7ffff,,WRITE:0-0
41d9cf-41d9d5,3018,1,0f84a1090000,,WRITE:0-0
41d9d5-41d9df,84,2,68e1d94100e9edf7ffff,,WRITE:0-0
41d9e1-41d9e7,83,1,0f84af090000,,WRITE:0-0
41d9e7-41d9f1,84,2,68f3d94100e9e0f7ffff,,WRITE:0-0
41d9f3-41d9f9,83,1,0f85bd090000,,WRITE:0-0
41da37-41da3d,3292,1,0f858a090000,,WRITE:0-0
41da3d-41da42,1,1,e903000000,,WRITE:0-0
41da45-41da52,2,3,ff75086854da4100e9a4f7ffff,,WRITE:0-0
41da54-41da63,2,4,ff74241c6864da4100689cd14100c3,,WRITE:0-0
41da64-41da77,2,4,ff742424687ada41006804d24100e985f7ffff,,WRITE:0-0
41da7a-41da86,2,4,536887da4100689cd14100c3,,WRITE:0-0
41da87-41da89,1,1,ffd1,,WRITE:0-0
41dac2-41dacb,2,2,ff742404e902000000,,WRITE:0-0
41dacd-41dad8,2,3,68dada41006805d64100c3,,WRITE:0-0
41daf1-41db0e,315251,6,8b4c24046810db4100681bd241006815d24100680fd24100e9fbf6ffff,,WRITE:0-0
41db10-41db16,315250,1,0f85c1080000,,WRITE:0-0
41db16-41db57,39410,13,6859db41006828d241006850d24100684bd241006845d241006841d24100683cd241006832d24100682dd241006828d241006800d041006823d24100e9c8f6ffff,,WRITE:0-0
41db5b-41db6b,46797,4,56686ddb41006859d24100e9eaf6ffff,,WRITE:0-0
41db6d-41db77,80978,3,ff7424086878db4100c3,,WRITE:0-0
41db78-41db82,80978,2,6883db4100e96fffffff,,WRITE:0-0
41db83-41db88,80977,1,e90b000000,,WRITE:0-0
41db93-41dba2,80978,4,ff74240c68a4db4100685dd24100c3,,WRITE:0-0
41dba4-41dbae,80978,2,68b0db4100e943ffffff,,WRITE:0-0
41dbb0-41dbb5,80977,1,e90a000000,,WRITE:0-0
41dbbf-41dbc6,80978,3,5968c8db4100c3,,WRITE:0-0
41dbc8-41dbd4,80978,4,5968d6db4100681bd24100c3,,WRITE:0-0
41dbd6-41dbdc,80977,1,0f8520080000,,WRITE:0-0
41dbdc-41dbe7,46797,3,68e9db41006862d24100c3,,WRITE:0-0
41dbe9-41dbf0,46797,3,5e68f2db4100c3,,WRITE:0-0
41dbf5-41dbfb,5,2,55e903000000,,WRITE:0-0
41dbfe-41dc05,5,2,8bece903000000,,WRITE:0-0
41dc08-41dc11,5,3,83e4f86813dc4100c3,,WRITE:0-0
41dc13-41dc25,5,4,83ec1c6828dc4100686cd24100e941f6ffff,,WRITE:0-0
41dc28-41dc32,5,2,8364241800e902000000,,WRITE:0-0
41dc34-41dc40,5,4,536841dc41006868d04100c3,,WRITE:0-0
41dc41-41dc4c,5,3,56684fdc4100e909f6ffff,,WRITE:0-0
41dc4f-41dc68,5,6,217424106869dc41006800d041006875d241006870d24100c3,,WRITE:0-0
41dc69-41dc6f,5,2,57e903000000,,WRITE:0-0
41dc72-41dc7c,5,3,894c241c687ddc4100c3,,WRITE:0-0
41dc7d-41dc87,5,3,894424186889dc4100c3,,WRITE:0-0
41dc89-41dc93,79439,3,8d4424186895dc4100c3,,WRITE:0-0
41dc95-41dc9b,79439,2,50e902000000,,WRITE:0-0
41dc9d-41dca8,79439,3,68aadc410068f1da4100c3,,WRITE:0-0
41dcaa-41dcb0,79439,2,68b8dc4100c3,,WRITE:0-0
41dcb8-41dcc4,79439,4,5968c6dc4100681bd24100c3,,WRITE:0-0
41dcc6-41dccc,79438,1,0f8436070000,,WRITE:0-0
41dccc-41dcd1,35062,1,e902000000,,WRITE:0-0
41dcd3-41dcdd,35063,3,8d44241868dedc4100c3,,WRITE:0-0
41dcde-41dce5,35063,3,5068e6dc4100c3,,WRITE:0-0
41dce6-41dcf0,35063,2,68f1dc4100e901feffff,,WRITE:0-0
41dcf1-41dcfc,35063,3,6805dd4100681bd24100c3,,WRITE:0-0
41dd05-41dd0c,35063,3,59680edd4100c3,,WRITE:0-0
41dd0e-41dd17,35063,2,8d442418e902000000,,WRITE:0-0
41dd19-41dd20,35063,3,506822dd4100c3,,WRITE:0-0
41dd22-41dd28,35062,1,0f84e0060000,,WRITE:0-0
41dd28-41dd2d,11664,1,e902000000,,WRITE:0-0
41dd2f-41dd3a,11665,3,683cdd410068f1da4100c3,,WRITE:0-0
41dd3c-41dd42,11665,2,684add4100c3,,WRITE:0-0
41dd4a-41dd55,11665,3,596858dd4100e9c6f4ffff,,WRITE:0-0
41dd58-41dd5e,11664,1,0f84b0060000,,WRITE:0-0
41dd5e-41dd63,6783,1,e903000000,,WRITE:0-0
41dd66-41dd72,6784,3,6a046874dd4100e9e3f4ffff,,WRITE:0-0
41dd74-41dd7a,6784,2,5fe903000000,,WRITE:0-0
41dd7d-41dd87,27133,3,8d4424186889dd4100c3,,WRITE:0-0
41dd89-41dd90,27133,3,506892dd4100c3,,WRITE:0-0
41dd92-41dd9d,27133,3,689edd410068f1da4100c3,,WRITE:0-0
41dd9e-41dda9,27133,3,68b2dd4100687ad24100c3,,WRITE:0-0
41ddb2-41ddbe,27133,4,5968c0dd4100685dd24100c3,,WRITE:0-0
41ddc0-41ddc6,27132,1,0f854e060000,,WRITE:0-0
41ddc6-41ddcc,6784,2,68cedd4100c3,,WRITE:0-0
41ddce-41dddc,6784,3,8b44241c68dedd4100e9a2f4ffff,,WRITE:0-0
41ddde-41dde4,6783,1,0f8437060000,,WRITE:0-0
41dde4-41ddea,6342,2,68ecdd4100c3,,WRITE:0-0
41ddec-41de04,6342,5,8b4c241c6806de4100688bd241006887d24100e97ef4ffff,,WRITE:0-0
41de06-41de0c,6342,2,6814de4100c3,,WRITE:0-0
41de14-41de1e,6784,3,ff44241c681fde4100c3,,WRITE:0-0
41de1f-41de29,6784,2,687ae14100e92cf4ffff,,WRITE:0-0
41de35-41de44,4882,4,8b4424186846de41006895d24100c3,,WRITE:0-0
41de46-41de72,4882,9,ff4424186875de410068a6d241006800d041006800d0410068a2d241006862d24100689ed24100e928f4ffff,,WRITE:0-0
41de75-41de7b,4881,1,0f84ab050000,,WRITE:0-0
41de7b-41de85,4878,2,6887de4100e996f3ffff,,WRITE:0-0
41de87-41de8d,4877,1,0f84a0050000,,WRITE:0-0
41de8d-41de93,4878,2,6894de4100c3,,WRITE:0-0
41de94-41dea3,4878,4,8b4c241c68a4de410068abd24100c3,,WRITE:0-0
41dea4-41deb3,11797,4,8b7c241c68b5de410068bcd14100c3,,WRITE:0-0
41deb5-41decd,11797,5,ff44241c68d0de410068b0d241006803d04100e9d1f3ffff,,WRITE:0-0
41ded0-41ded6,11796,1,0f855d050000,,WRITE:0-0
41ded6-41dedb,4877,1,e903000000,,WRITE:0-0
41dede-41dee3,4877,1,e936020000,,WRITE:0-0
41deef-41def9,5,3,894c241468fade4100c3,,WRITE:0-0
41defa-41deff,4,1,e91a020000,,WRITE:0-0
41df0b-41df15,23399,2,6816df4100e946fcffff,,WRITE:0-0
41df16-41df1b,23398,1,e90b000000,,WRITE:0-0
41df26-41df31,23399,3,596833df4100e94df3ffff,,WRITE:0-0
41df33-41df39,23398,1,0f8500050000,,WRITE:0-0
41df39-41df44,17718,3,6846df410068b5d24100c3,,WRITE:0-0
41df46-41df4c,17717,1,0f85fe040000,,WRITE:0-0
41df4c-41df51,7370,1,e903000000,,WRITE:0-0
41df54-41df5e,7371,3,8d442418685fdf4100c3,,WRITE:0-0
41df5f-41df66,7371,3,506867df4100c3,,WRITE:0-0
41df67-41df72,7371,3,6874df4100685bdb4100c3,,WRITE:0-0
41df74-41df79,7370,1,e909000000,,WRITE:0-0
41df82-41df8e,7371,4,596890df4100681bd24100c3,,WRITE:0-0
41df90-41df96,7370,1,0f84bf040000,,WRITE:0-0
41df96-41df9b,7370,1,e902000000,,WRITE:0-0
41df9d-41dfa7,7371,3,8b4c241c68a9df4100c3,,WRITE:0-0
41dfa9-41dfb3,7371,3,2b4c241068b4df4100c3,,WRITE:0-0
41dfb4-41dfc3,33311,4,8b74241c68c5df410068bcd14100c3,,WRITE:0-0
41dfc5-41dfde,33311,6,ff44241c68dfdf410068bbd241006803d04100689ed24100c3,,WRITE:0-0
41dfdf-41dfe5,33310,1,0f8580040000,,WRITE:0-0
41dfe5-41dfeb,7371,2,68ecdf4100c3,,WRITE:0-0
41dfec-41dffb,7371,3,682ee141006859d24100e95af2ffff,,WRITE:0-0
41e003-41e009,10348,2,6811e04100c3,,WRITE:0-0
41e011-41e02a,16029,6,8b4c2418682be0410068cfd2410068cad2410068c5d24100c3,,WRITE:0-0
41e02b-41e03a,16029,4,ff442418683ce0410068d3d24100c3,,WRITE:0-0
41e03c-41e046,16029,3,8d4424186847e04100c3,,WRITE:0-0
41e047-41e04e,16029,3,50684fe04100c3,,WRITE:0-0
41e04f-41e059,16029,2,685be04100e902fbffff,,WRITE:0-0
41e05b-41e060,16028,1,e90a000000,,WRITE:0-0
41e06a-41e076,16029,4,596877e0410068d8d24100c3,,WRITE:0-0
41e077-41e07d,16028,1,0f82ee030000,,WRITE:0-0
41e07d-41e08c,167,3,688ee0410068e1d24100e974efffff,,WRITE:0-0
41e08e-41e094,16028,1,0f82e3030000,,WRITE:0-0
41e094-41e0a4,5564,4,68a5e0410068ead241006800d04100c3,,WRITE:0-0
41e0a5-41e0ab,16028,1,0f83d8030000,,WRITE:0-0
41e0ab-41e0bf,2790,4,68c2e04100681bd241006800d04100e941efffff,,WRITE:0-0
41e0c2-41e0c8,16028,1,0f84c7030000,,WRITE:0-0
41e0c8-41e0ce,16029,2,68d0e04100c3,,WRITE:0-0
41e0d0-41e0de,16029,3,8b4c241c68e1e04100e9cdf1ffff,,WRITE:0-0
41e0e1-41e0ef,108532,3,8b7c241c68f1e04100e9cdf0ffff,,WRITE:0-0
41e0f1-41e109,108532,5,ff44241c680ce1410068b0d241006803d04100e995f1ffff,,WRITE:0-0
41e10c-41e112,108531,1,0f8583030000,,WRITE:0-0
41e112-41e118,16029,2,6819e14100c3,,WRITE:0-0
41e119-41e12d,20910,5,89742410682ee141006859d241006855d24100c3,,WRITE:0-0
41e12e-41e134,28280,2,687ae14100c3,,WRITE:0-0
41e13b-41e144,44377,2,8b442418e903000000,,WRITE:0-0
41e147-41e155,44377,3,8b4c241c6858e14100e932f1ffff,,WRITE:0-0
41e158-41e161,44377,2,ff44241ce903000000,,WRITE:0-0
41e164-41e178,44377,5,ff442418687ae141006855d24100688bd24100c3,,WRITE:0-0
41e17a-41e184,79439,2,837c241400e903000000,,WRITE:0-0
41e187-41e18d,79438,1,0f840f030000,,WRITE:0-0
41e18d-41e193,5,2,6895e14100c3,,WRITE:0-0
41e195-41e19e,5,2,8b44241ce903000000,,WRITE:0-0
41e1a1-41e1a8,5,3,5f68aae14100c3,,WRITE:0-0
41e1aa-41e1b5,5,3,5e68b8e14100e93df1ffff,,WRITE:0-0
41e1b8-41e1be,5,2,5be903000000,,WRITE:0-0
41e1c1-41e1c9,5,3,8be568cae14100c3,,WRITE:0-0
41e1ca-41e1d0,5,2,5de902000000,,WRITE:0-0
41e1d4-41e1e8,2,4,6876d34100680dd041006807d04100e91beeffff,,WRITE:0-0
41e1e9-41e203,3,6,68acd341006822d04100681bd041006814d041006803d04100c3,,WRITE:0-0
41e23e-41e258,4,6,68e1d4410068abd0410068a7d0410068a2d04100689dd04100c3,,WRITE:0-0
41e27b-41e28f,2868,4,6898d5410068f9d0410068f4d04100e961eeffff,,WRITE:0-0
41e291-41e29c,4,3,6886d5410068ebd04100c3,,WRITE:0-0
41e29d-41e2b1,270,4,6898d5410068f9d0410068f4d04100e93feeffff,,WRITE:0-0
41e2b2-41e2c7,297,5,681fd5410068c9d0410068c5d0410068c0d04100c3,,WRITE:0-0
41e2c8-41e2fb,4,11,68d4d54100682fd14100682bd141006826d141006820d141006819d141006813d14100680dd1410068b0d041006808d14100c3,,WRITE:0-0
41e2fb-41e329,3137,10,681fd5410068c9d0410068c5d0410068c0d0410068bbd041006850d0410068b6d0410068b0d041006868d04100c3,,WRITE:0-0
41e346-41e351,4,3,68e3d841006890d14100c3,,WRITE:0-0
41e357-41e376,274,7,6837da410068f0d1410068ebd1410068e6d141006882d0410068d6d14100c3,,WRITE:0-0
41e376-41e394,2936,6,6837da410068f0d1410068ebd1410068e6d141006882d04100e942eeffff,,WRITE:0-0
41e3b6-41e3c5,84,3,6837da410068f0d14100e926eeffff,,WRITE:0-0
41e3c7-41e3d6,3292,3,68bdd9410068c1d14100e9e6edffff,,WRITE:0-0
41e3d7-41e3fa,275842,7,6859db41006828d241006850d24100684bd241006845d241006841d24100e942eeffff,,WRITE:0-0
41e3fc-41e402,34182,2,686ddb4100c3,,WRITE:0-0
41e402-41e407,44376,1,e934fdffff,,WRITE:0-0
41e408-41e40e,23399,2,680bdf4100c3,,WRITE:0-0
41e40e-41e414,4882,2,6835de4100c3,,WRITE:0-0
41e414-41e419,20349,1,e964f9ffff,,WRITE:0-0
41e41b-41e426,443,3,6814de41006890d24100c3,,WRITE:0-0
41e426-41e42c,5,2,68efde4100c3,,WRITE:0-0
41e433-41e439,6920,2,68a4de4100c3,,WRITE:0-0
41e439-41e449,5682,4,6811e041006803d041006803d04100c3,,WRITE:0-0
41e44a-41e455,10348,3,6803e0410068c0d24100c3,,WRITE:0-0
41e465-41e46b,25941,2,68b4df4100c3,,WRITE:0-0
41e46b-41e476,15863,3,688ee0410068e1d24100c3,,WRITE:0-0
41e477-41e482,10466,3,68a5e0410068ead24100c3,,WRITE:0-0
41e483-41e48d,13240,2,68c2e04100e98eedffff,,WRITE:0-0
41e495-41e49a,92503,1,e947fcffff,,WRITE:0-0
41e49c-41e4a2,79435,2,6889dc4100c3,,WRITE:0-0
