Themida - Advanced Windows Software Protection System  [Version 2.3.7.0]

Protection Options for printf_protect_resources.exe
---------------------------------------------------

Macros Information
------------------
VM Macros: 1
ENCRYPT Macros: 0
CLEAR Macros: 0
MUTATE Macros: 0
STR_ENCRYPT Macros: 0
CHECK_PROTECTION Macros: 0
CHECK_CODE_INTEGRITY Macros: 0
CHECK_VIRTUAL_PC Macros: 0


Protection Options
------------------
Anti-Debugger: Disabled
Anti-Dumpers: DISABLED
Entry Point Ofuscation: DISABLED
Taggant Information: DISABLED
Resource Encryption: DISABLED
VMWare compatible: DISABLED
API-Wrapping Level: Level 2
Anti-Patching: None
Memory Guard: DISABLED
When Debugger Found: Display Message
Application compression: DISABLED
Resources compression: ENABLED
SecureEngine compression: DISABLED
Anti-File Monitor: DISABLED
Anti-Registry Monitor: DISABLED
Anti-Sandbox tools: DISABLED
Delphi/BCB form protection: DISABLED


Virtual Machine Settings
------------------------
Automatic handling of Virtual Machines: ENABLED
Force Integrity Checks: ENABLED
Virtual Machines Inserted: 
--> FISH32 (White)


Advanced Protection Options
---------------------------
Encrypt Application: DISABLED
DLL plugin: DISABLED
Hide from PE scanners: Standard
.NET assemblies: DISABLED
Active Context: DISABLED
Add Manifest: Don't add manifest


XBundler files
--------------
No files to bundle
