401000-401078,2,20,558bec83ec3cc745c417000000c745c82d000000c745cc41000000c745d04e000000c745d45a000000c745d837000000c745dc21000000c745e011000000c745e460000000c745e836000000c745fc00000000c745f800000000c745ec00000000c745f000000000c745f40a000000c745fc00000000eb09,,WRITE:0-0
401078-401089,11,6,8b45fc83c0018945fc8b4dfc3b4df47d17,,WRITE:0-0
401081-401089,2,3,8b4dfc3b4df47d17,,WRITE:0-0
401089-40109b,11,5,8b55fc8b4495c4506800904100e825010000,,WRITE:0-0
40109b-4010a0,11,2,83c408ebd8,,WRITE:0-0
4010a0-4010aa,2,2,6804904100e816010000,,WRITE:0-0
4010aa-4010b6,2,3,83c404c745f800000000eb09,,WRITE:0-0
4010b6-4010ca,8,7,8b4df883c101894df88b55f483ea013955f87d6c,,WRITE:0-0
4010bf-4010ca,2,4,8b55f483ea013955f87d6c,,WRITE:0-0
4010ca-4010da,9,3,c745f000000000c745fc00000000eb09,,WRITE:0-0
4010da-4010f1,45,8,8b45fc83c0018945fc8b4df483e9012b4df8394dfc7d3b,,WRITE:0-0
4010e3-4010f1,9,5,8b4df483e9012b4df8394dfc7d3b,,WRITE:0-0
4010f1-401101,45,5,8b55fc8b45fc8b4c95c43b4c85c87e29,,WRITE:0-0
401101-40112c,21,12,8b55fc8b4495c48945ec8b4dfc8b55fc8b4495c889448dc48b4dfc8b55ec89548dc8c745f001000000ebae,,WRITE:0-0
40112a-40112c,24,1,ebae,,WRITE:0-0
40112c-401132,9,2,837df0007502,,WRITE:0-0
401132-401134,1,1,eb02,,WRITE:0-0
401134-401136,7,1,eb80,,WRITE:0-0
401136-40113f,2,2,c745fc00000000eb09,,WRITE:0-0
40113f-401150,11,6,8b45fc83c0018945fc8b4dfc3b4df47d17,,WRITE:0-0
401148-401150,2,3,8b4dfc3b4df47d17,,WRITE:0-0
401150-401162,11,5,8b55fc8b4495c4506808904100e85e000000,,WRITE:0-0
401162-401167,11,2,83c408ebd8,,WRITE:0-0
401167-401171,2,2,680c904100e84f000000,,WRITE:0-0
401171-40117a,2,5,83c40433c08be55dc3,,WRITE:0-0
401180-40118a,24,5,558becb8d8a241005dc3,,WRITE:0-0
401190-4011a8,23,11,558bec8b4514508b4d10518b550c528b450850e8d8ffffff,,WRITE:0-0
4011a8-4011b4,23,5,8b4804518b1052e8822f0000,,WRITE:0-0
4011b4-4011b9,23,3,83c4185dc3,,WRITE:0-0
4011c0-4011dd,23,12,558bec83ec088d450c8945fc8b4dfc516a008b5508526a01e84b1b0000,,WRITE:0-0
4011dd-4011e6,23,3,83c40450e8aaffffff,,WRITE:0-0
4011e6-4011fa,23,7,83c4108945f8c745fc000000008b45f88be55dc3,,WRITE:0-0
4011fa-401202,2,3,566a01e815310000,,WRITE:0-0
401202-401207,1,1,e834050000,,WRITE:0-0
401207-40120d,2,2,50e8c73a0000,,WRITE:0-0
40120d-401212,1,1,e822050000,,WRITE:0-0
401212-401219,2,2,8bf0e8553c0000,,WRITE:0-0
401219-401222,2,3,6a018930e8d8020000,m,WRITE:419e24-0
401222-40122a,2,4,83c40c5e84c07473,,WRITE:0-0
40122a-401231,2,2,dbe2e84a070000,,WRITE:0-0
401231-40123b,2,2,68a7194000e84c040000,,WRITE:0-0
40123b-401240,1,1,e8f7040000,,WRITE:0-0
401240-401246,2,2,50e866340000,,WRITE:0-0
401246-40124c,2,4,595985c07551,,WRITE:0-0
40124c-401251,1,1,e8f0040000,,WRITE:0-0
401251-401256,1,1,e841050000,,WRITE:0-0
401256-40125a,2,2,85c0740b,,WRITE:0-0
401265-40126a,1,1,e807050000,,WRITE:0-0
40126a-40126f,1,1,e802050000,,WRITE:0-0
40126f-401274,1,1,e8dc040000,,WRITE:0-0
401274-401279,1,1,e8bb040000,,WRITE:0-0
401279-40127f,2,2,50e8573b0000,,WRITE:0-0
40127f-401285,2,2,59e8c8040000,,WRITE:0-0
401285-401289,2,2,84c07405,,WRITE:0-0
401289-40128e,1,1,e8d9360000,,WRITE:0-0
40128e-401293,1,1,e8a1040000,,WRITE:0-0
401293-401298,1,1,e832060000,,WRITE:0-0
401298-40129c,2,2,85c07501,,WRITE:0-0
4012a5-4012aa,1,1,e8d0040000,,WRITE:0-0
4012aa-4012ad,2,2,33c0c3,,WRITE:0-0
4012ad-4012b2,1,1,e85f060000,,WRITE:0-0
4012b2-4012b7,1,1,e87d040000,,WRITE:0-0
4012b7-4012bd,2,2,50e8823b0000,,WRITE:0-0
4012bd-4012bf,2,2,59c3,,WRITE:0-0
4012bf-4012cb,2,3,6a1468c07e4100e815070000,,WRITE:0-0
4012cb-4012d2,2,2,6a01e8ef010000,,WRITE:0-0
4012d2-4012db,2,3,5984c00f8450010000,,WRITE:0-0
4012db-4012e9,2,4,32db885de78365fc00e8a6010000,,WRITE:0-0
4012e9-4012fc,2,6,8845dca1c098410033c9413bc10f842f010000,,WRITE:0-0
4012fc-401300,2,2,85c07549,,WRITE:0-0
401300-401315,2,4,890dc0984100683c2141006820214100e89c360000,m,WRITE:4198c0-0
401315-40131b,2,4,595985c07411,,WRITE:0-0
40132c-40133b,2,3,681c2141006814214100e831360000,,WRITE:0-0
40133b-401349,2,4,5959c705c098410002000000eb05,m,WRITE:4198c0-0
40134e-401356,2,2,ff75dce8bf020000,,WRITE:0-0
401356-40135c,2,2,59e847040000,,WRITE:0-0
40135c-401364,2,4,8bf033ff393e741b,,WRITE:0-0
40137f-401384,1,1,e825040000,,WRITE:0-0
401384-40138a,2,3,8bf0393e7413,,WRITE:0-0
40139d-4013a2,1,1,e8b1350000,,WRITE:0-0
4013a2-4013a9,2,2,8bf8e887390000,,WRITE:0-0
4013a9-4013b0,2,2,8b30e87a390000,,WRITE:0-0
4013b0-4013b9,2,4,5756ff30e847fcffff,,WRITE:0-0
4013b9-4013c3,2,3,83c40c8bf0e80c050000,,WRITE:0-0
4013c3-4013c7,2,2,84c0746b,,WRITE:0-0
401432-401438,2,2,56e886380000,,WRITE:0-0
401441-401446,1,1,e8a3020000,,WRITE:0-0
401446-40144b,1,1,e974feffff,,WRITE:0-0
40148f-401495,2,2,56e864070000,,WRITE:0-0
401495-401499,2,2,85c07420,,WRITE:0-0
4014b9-4014bd,2,3,32c05ec3,,WRITE:0-0
4014c1-4014ca,2,4,558bec837d08007507,,WRITE:0-0
4014d1-4014d6,1,1,e84f050000,,WRITE:0-0
4014d6-4014db,1,1,e8030a0000,,WRITE:0-0
4014db-4014df,2,2,84c07504,,WRITE:0-0
4014e3-4014e8,1,1,e8df3d0000,,WRITE:0-0
4014e8-4014ec,2,2,84c0750a,,WRITE:0-0
4014f6-4014fa,2,3,b0015dc3,,WRITE:0-0
4014fa-401506,2,4,558bec803dc9984100007404,,WRITE:0-0
40150a-401512,2,4,568b750885f67405,,WRITE:0-0
401512-401517,2,2,83fe017562,,WRITE:0-0
401517-40151c,1,1,e8dd060000,,WRITE:0-0
40151c-401520,2,2,85c07426,,WRITE:0-0
401546-401579,2,12,83c9ff890dcc984100890dd0984100890dd4984100890dd8984100890ddc984100890de0984100c605c998410001b0015e5dc3,m,WRITE:4198cc-4198c9
401615-40161d,2,3,558bece8dc050000,,WRITE:0-0
40161d-401621,2,2,85c0740f,,WRITE:0-0
401630-401632,2,2,5dc3,,WRITE:0-0
40165a-401669,2,5,558bec833dcc984100ffff75087507,,WRITE:0-0
401669-40166e,1,1,e8bf3a0000,,WRITE:0-0
40166e-401670,1,1,eb0b,,WRITE:0-0
40167b-401687,2,7,f7d8591bc0f7d02345085dc3,,WRITE:0-0
401687-401692,2,4,558becff7508e8c8ffffff,,WRITE:0-0
401692-40169c,2,7,f7d8591bc0f7d8485dc3,,WRITE:0-0
40169c-4016b4,2,8,558bec83ec148365f4008d45f48365f80050ff150c204100,,WRITE:0-0
4016b4-4016c3,2,4,8b45f83345f48945fcff1508204100,,WRITE:0-0
4016c3-4016cc,2,2,3145fcff1504204100,,WRITE:0-0
4016cc-4016d9,2,4,3145fc8d45ec50ff1500204100,,WRITE:0-0
4016d9-4016e9,2,7,8b45f08d4dfc3345ec3345fc33c1c9c3,,WRITE:0-0
4016e9-4016ff,2,7,8b0d289041005657bf4ee640bbbe0000ffff3bcf7404,,WRITE:0-0
401703-401708,1,1,e894ffffff,,WRITE:0-0
401708-40170e,2,3,8bc83bcf7507,,WRITE:0-0
401715-401719,2,2,85ce750a,,WRITE:0-0
401723-401734,2,6,890d28904100f7d15f890d249041005ec3,m,WRITE:419028-419024
401734-401737,6,2,33c0c3,,WRITE:0-0
401737-40173b,2,3,33c040c3,,WRITE:0-0
40173b-401741,2,2,b800400000c3,,WRITE:0-0
401741-40174c,2,2,68e8984100ff1510204100,,WRITE:0-0
40174d-401750,4,2,b001c3,,WRITE:0-0
401750-401761,2,4,680000030068000001006a00e8a83b0000,,WRITE:0-0
401761-401768,2,3,83c40c85c07501,,WRITE:0-0
401771-401774,163,1,c20000,,WRITE:0-0
401774-40177a,2,2,b8f0984100c3,,WRITE:0-0
40177a-40177f,1,1,e801faffff,,WRITE:0-0
40177f-40178d,2,4,8b4804830824894804e8e7ffffff,m,WRITE:41a2d8-41a2dc
40178d-401797,2,4,8b4804830802894804c3,m,WRITE:4198f0-4198f4
401797-4017a3,2,4,33c03905149041000f94c0c3,,WRITE:0-0
4017a3-4017a9,2,2,b8e8a24100c3,,WRITE:0-0
4017a9-4017af,2,2,b8e4a24100c3,,WRITE:0-0
4018ca-4018cf,1,1,e965feffff,,WRITE:0-0
4018cf-4018d7,2,2,6a00ff1528204100,,WRITE:0-0
4018d7-4018db,2,2,85c07433,,WRITE:0-0
4018db-4018e5,2,3,b94d5a00006639087529,,WRITE:0-0
4018e5-4018f2,2,4,8b483c03c8813950450000751c,,WRITE:0-0
4018f2-4018fd,2,3,b80b010000663941187511,,WRITE:0-0
4018fd-401903,2,2,8379740e760b,,WRITE:0-0
401903-40190e,2,3,83b9e8000000000f95c0c3,,WRITE:0-0
401911-40191c,2,2,681d194000ff151c204100,,WRITE:0-0
40197b-40198b,2,6,5356beb47e4100bbb47e41003bf37319,,WRITE:0-0
4019a4-4019a7,2,3,5e5bc3,,WRITE:0-0
4019a7-4019b7,2,6,5356bebc7e4100bbbc7e41003bf37319,,WRITE:0-0
4019d0-4019d3,2,3,5e5bc3,,WRITE:0-0
4019e0-401a25,59,21,68801d400064ff35000000008b442410896c24108d6c24102be0535657a1289041003145fc33c5508965e8ff75f88b45fcc745fcfeffffff8945f88d45f064a300000000c3,,WRITE:343000-343000
401a25-401a41,2,7,558bec8325fc9841000083ec24830d20904100016a0aff1524204100,m,WRITE:4198fc-419020
401a41-401a49,2,2,85c00f84ac010000,,WRITE:0-0
401a49-401ab2,2,43,8365f00033c053565733c98d7ddc530fa28bf35b908907897704894f0833c989570c8b45dc8b7de08945f481f747656e758b45e835696e65498945fc8b45e4356e74656c8945f833c040530fa28bf35b908d5ddc89038b45fc0b45f80bc7897304894b0889530c7543,,WRITE:19ff04-19ff10
401ab2-401ac1,2,4,8b45dc25f03fff0f3dc00601007423,,WRITE:0-0
401ac1-401ac8,2,2,3d60060200741c,,WRITE:0-0
401ac8-401acf,2,2,3d700602007415,,WRITE:0-0
401acf-401ad6,2,2,3d50060300740e,,WRITE:0-0
401ad6-401add,2,2,3d600603007407,,WRITE:0-0
401add-401ae4,2,2,3d700603007511,,WRITE:0-0
401af5-401b09,2,7,8b3d009941008b4de46a0758894dfc3945f47c30,,WRITE:0-0
401b09-401b2e,2,15,33c9530fa28bf35b908d5ddc8903897304894b088b4dfc89530c8b5de0f7c300020000740e,,WRITE:19ff04-19ff10
401b2e-401b39,2,3,83cf02893d00994100eb03,m,WRITE:419900-0
401b3c-401b5f,2,6,a12090410083c802c705fc98410001000000a320904100f7c1000010000f8493000000,m,WRITE:4198fc-419020
401b5f-401b79,2,5,83c804c705fc98410002000000a320904100f7c1000000087479,m,WRITE:4198fc-419020
401b79-401b81,2,2,f7c1000000107471,,WRITE:0-0
401b81-401b9b,2,11,33c90f01d08945ec8955f08b45ec8b4df06a065e23c63bc67557,,WRITE:0-0
401b9b-401bb7,2,6,a12090410083c808c705fc98410003000000a320904100f6c320743b,m,WRITE:4198fc-419020
401bb7-401bd4,2,7,83c820c705fc98410005000000a320904100b8000003d023d83bd8751e,m,WRITE:4198fc-419020
401bf2-401bf9,2,6,5f5e5b33c0c9c3,,WRITE:0-0
401bf9-401c05,4,4,33c03905e0a241000f95c0c3,,WRITE:0-0
401c05-401c0d,71,2,3b0d289041007501,,WRITE:0-0
401ede-401ee3,1,1,e84e050000,,WRITE:0-0
401ee3-401ee7,2,2,84c07503,,WRITE:0-0
401eea-401eef,1,1,e8f4040000,,WRITE:0-0
401eef-401ef3,2,2,84c07507,,WRITE:0-0
401efa-401efd,2,2,b001c3,,WRITE:0-0
402030-402047,4,6,8b4c240c0fb64424088bd78b7c240485c90f843c010000,,WRITE:0-0
402047-402056,4,3,69c00101010183f9200f86df000000,,WRITE:0-0
402056-402062,4,2,81f9800000000f828b000000,,WRITE:0-0
402062-40206c,4,2,0fba2500994100017309,,WRITE:0-0
40206c-402075,4,260,f3aa8b4424048bfac3,m,WRITE:16b6a88-16b6d27
4023e3-4023ed,2,2,6827234000e8bb010000,,WRITE:0-0
4023ed-4023f8,2,4,a3309041005983f8ff7503,m,WRITE:419030-0
4023fb-402406,2,3,68289c410050e853020000,,WRITE:0-0
402406-40240c,2,4,595985c07507,,WRITE:0-0
402413-402416,2,2,b001c3,,WRITE:0-0
402431-402447,2,8,5657bf509c410033f66a0068a00f000057e850020000,,WRITE:0-0
402447-40244e,2,3,83c40c85c07415,,WRITE:0-0
40244e-40245f,2,5,ff05689c410083c61883c71883fe1872db,m,WRITE:419c68-0
40245f-402463,2,2,b001eb07,,WRITE:0-0
40246a-40246d,2,3,5f5ec3,,WRITE:0-0
4024c3-4024cf,4,8,558bec515356578b7d08eb70,,WRITE:0-0
4024cf-4024df,4,6,8b078d1c85a89c41008b339085f67407,,WRITE:0-0
4024df-4024e4,2,2,83feff7576,,WRITE:0-0
4024e6-4024fe,3,6,8b0485242b410068000800006a00508945fcff156c204100,,WRITE:0-0
4024fe-402504,3,3,8bf085f67547,,WRITE:0-0
40253f-402544,4,2,3b7d0c758b,,WRITE:0-0
402546-40254b,4,5,5f5e5bc9c3,,WRITE:0-0
40254b-402553,3,4,8bc6870385c07407,m,WRITE:419cac-419ca8
40255a-40255e,4,2,8bc6ebe8,,WRITE:0-0
40255e-402577,4,11,558bec8b450856578d3c85b49c41008b079083ceff3bc6742b,,WRITE:0-0
402577-40257b,4,2,85c07529,,WRITE:0-0
40257b-402586,4,3,ff7514ff7510e83dffffff,,WRITE:0-0
402586-40258c,4,4,595985c07414,,WRITE:0-0
40258c-402596,4,3,ff750c50ff1568204100,,WRITE:0-0
402596-40259a,4,2,85c07406,,WRITE:0-0
40259a-4025a0,4,3,8bc8870feb04,m,WRITE:419cc4-419cc0
4025a4-4025a8,4,4,5f5e5dc3,,WRITE:0-0
4025a8-4025c2,2,8,558bec5668d42b410068cc2b410068d42b41006a00e89cffffff,,WRITE:0-0
4025c2-4025cb,2,4,8bf083c41085f67410,,WRITE:0-0
4025cb-4025d6,2,3,ff75088bceff150c214100,,WRITE:0-0
4025d6-4025d8,1,1,ffd6,,WRITE:0-0
4025d8-4025db,2,3,5e5dc3,,WRITE:0-0
402659-402673,2,8,558bec56680c2c410068042c4100680c2c41006a03e8ebfeffff,,WRITE:0-0
402673-402682,2,6,83c4108bf0ff750cff750885f6740c,,WRITE:0-0
402682-40268a,2,2,8bceff150c214100,,WRITE:0-0
40268a-40268c,1,1,ffd6,,WRITE:0-0
40268c-40268e,1,1,eb06,,WRITE:0-0
402694-402697,2,3,5e5dc3,,WRITE:0-0
402697-4026b1,2,8,558bec5668202c410068182c410068202c41006a04e8adfeffff,,WRITE:0-0
4026b1-4026ba,2,4,8bf083c41085f67415,,WRITE:0-0
4026ba-4026cb,2,5,ff75108bceff750cff7508ff150c214100,,WRITE:0-0
4026cb-4026cd,1,1,ffd6,,WRITE:0-0
4026cd-4026cf,1,1,eb0c,,WRITE:0-0
4026db-4026de,2,3,5e5dc3,,WRITE:0-0
4026e0-4026f8,3,10,57568b7424108b4c24148b7c240c8bc18bd103c63bfe7608,,WRITE:0-0
402700-402709,3,2,83f9200f82d2040000,,WRITE:0-0
402709-402711,3,2,81f9800000007313,,WRITE:0-0
402724-40272e,3,2,0fba2500994100017309,,WRITE:0-0
40272e-402737,3,261,f3a48b44240c5e5fc3,m,WRITE:419430-419637
402c60-402c6d,2,6,a1cc9c4100566a035e85c07507,,WRITE:0-0
402c6d-402c74,2,2,b800020000eb06,,WRITE:0-0
402c7a-402c87,2,4,a3cc9c41006a0450e8072e0000,m,WRITE:419ccc-0
402c87-402c93,2,3,6a00a3d09c4100e8582e0000,m,WRITE:419cd0-0
402c93-402c9f,2,3,83c40c833dd09c410000752b,,WRITE:0-0
402cca-402ce2,2,8,5733ffbe509041006a0068a00f00008d462050e8b0310000,,WRITE:0-0
402cd2-402ce2,3,5,6a0068a00f00008d462050e8b0310000,,WRITE:0-0
402ce2-402d07,4,11,a1d09c41008bd7c1fa068934b88bc783e03f6bc8388b0495209f41008b44081883f8ff7409,m,WRITE:16ba130-16ba138
402d07-402d0c,4,2,83f8fe7404,,WRITE:0-0
402d0c-402d10,4,2,85c07507,,WRITE:0-0
402d17-402d23,4,4,83c6384781fef890410075af,,WRITE:0-0
402d23-402d28,2,4,5f33c05ec3,,WRITE:0-0
402d28-402d38,89,7,8bff558bec6b45083805509041005dc3,,WRITE:0-0
402d38-402d40,2,3,8bff56e8c1350000,,WRITE:0-0
402d40-402d45,1,1,e887320000,,WRITE:0-0
402d45-402d54,2,4,33f6a1d09c4100ff3406e8b6350000,,WRITE:0-0
402d47-402d54,3,3,a1d09c4100ff3406e8b6350000,,WRITE:0-0
402d54-402d67,4,6,a1d09c4100598b040683c02050ff154c204100,,WRITE:0-0
402d67-402d6f,4,3,83c60483fe0c75d8,,WRITE:0-0
402d6f-402d7a,2,2,ff35d09c4100e8712d0000,,WRITE:0-0
402d7a-402d84,2,4,8325d09c410000595ec3,m,WRITE:419cd0-0
402d84-402d96,23,7,8bff558bec8b450883c02050ff1544204100,,WRITE:0-0
402d96-402d98,23,2,5dc3,,WRITE:0-0
402d98-402daa,23,7,8bff558bec8b450883c02050ff1548204100,,WRITE:0-0
402daa-402dac,23,2,5dc3,,WRITE:0-0
402dac-402db8,23,3,6a0c68207f4100e828ecffff,,WRITE:0-0
402db8-402dc6,23,4,8365e4008b4508ff30e8beffffff,,WRITE:0-0
402dc6-402dd3,23,4,598365fc008b4d0ce896030000,,WRITE:0-0
402dd3-402de4,23,4,8bf08975e4c745fcfeffffffe817000000,,WRITE:0-0
402de4-402df8,23,9,8bc68b4df064890d00000000595f5e5bc9c20c00,,WRITE:343000-343000
402dfb-402e05,23,3,8b4510ff30e893ffffff,,WRITE:0-0
402e05-402e07,23,2,59c3,,WRITE:0-0
402e07-402e10,21,2,83b904040000007506,,WRITE:0-0
402e10-402e16,21,2,b800020000c3,,WRITE:0-0
402eeb-402f02,21,11,8bff558bec53568bf1578d4e408bb90404000085ff7502,,WRITE:0-0
402f02-402f09,21,2,8bf9e8fefeffff,,WRITE:0-0
402f09-402f1b,21,8,8b5d084803f8897e348bcf8b562885d27f04,,WRITE:19f9f4-19f9f4
402f14-402f1b,41,3,8b562885d27f04,,WRITE:0-0
402f1b-402f1f,41,2,85db7430,,WRITE:0-0
402f1f-402f36,41,9,8d4aff8bc333d2894e28f7750c80c2308bd880fa397e0c,,WRITE:19f9e8-19f9e8
402f42-402f4f,41,5,8b46348810ff4e348b4e34ebc5,,WRITE:19fbff-19f9f4
402f4f-402f5e,21,8,2bf9897e38ff46345f5e5b5dc20c00,,WRITE:19f9f8-19f9f4
402fec-402ff9,21,7,8bff558bec5633f63975107e2b,,WRITE:0-0
403024-403027,21,3,5e5dc3,,WRITE:0-0
403027-40306c,23,25,8bff558bec5133c0894dfc890189410489410889410c89411089411489411889411c8941208941248941286689413089413888413c8981400400008981440400008bc1c9c3,,WRITE:19f9c0-19fe08
40306c-403079,23,6,8bff558bec568bf1e8aeffffff,,WRITE:0-0
403079-4030a8,23,17,8b45088b008986480400008b450c89068b45108946048b45188946088b45148946108b451c8946148bc65e5dc21800,,WRITE:19fe08-19f9d8
4030a8-4030bf,83,11,8bff558bec53578bf98b4d08c6470c008d5f0485c97409,,WRITE:19fec8-19f9b8
4030c8-4030d1,83,2,833d1c9e4100007511,,WRITE:0-0
4030d1-4030e2,83,5,a1009241008903a104924100894304eb41,,WRITE:19fec0-19f9b4
403123-40312b,83,5,8bc75f5b5dc20400,,WRITE:0-0
40312b-40313b,23,5,8bff568bf1ffb604040000e8b0290000,,WRITE:0-0
40313b-403145,23,4,83a60404000000595ec3,,WRITE:19fe04-19fe08
403169-40318c,23,14,8bff558bec81ec74040000a12890410033c58945fc568bf1578b068b3857e8694b0000,,WRITE:0-0
40318c-4031a3,23,6,88859cfbffff8b4604598d8d8cfbffffff30e805ffffff,,WRITE:0-0
4031a3-4031d8,23,16,8b068d8da4fbffff8b008985a0fbffff8b4610ff308d8590fbffff508b460cff308b4608ff7004ff308d85a0fbffff50e894feffff,,WRITE:0-0
4031d8-4031e7,23,3,8365f4008d8da4fbffffe8e2010000,,WRITE:0-0
4031e7-4031f4,23,3,8d8de4fbffff8bf0e837ffffff,,WRITE:0-0
4031f4-4031fd,23,2,80bd98fbffff00740d,,WRITE:0-0
40320a-403216,23,3,57ffb59cfbffffe88b4b0000,,WRITE:0-0
403216-403226,23,8,59598b4dfc8bc65f33cd5ee8dfe9ffff,,WRITE:0-0
403226-403228,23,2,c9c3,,WRITE:0-0
4032b1-4032c0,63,7,8bff558bec8a4d088d41e03c5a7712,,WRITE:0-0
4032c0-4032d2,61,5,0fbec183e82083e07f8b0cc5442c4100eb02,,WRITE:0-0
4032d2-4032e8,3,7,33c98b450c8d04c883e07f8b04c5402c41005dc20800,,WRITE:0-0
4032d4-4032e8,61,6,8b450c8d04c883e07f8b04c5402c41005dc20800,,WRITE:0-0
4033c9-4033da,23,6,8bff53568bf18d8e48040000e8ed0a0000,,WRITE:0-0
4033da-4033de,23,2,84c0741b,,WRITE:0-0
4033de-4033e9,23,3,33db395e100f85b9000000,,WRITE:0-0
4033fc-4033ff,23,3,5e5bc3,,WRITE:0-0
4033ff-40340a,23,3,895e38895e1ce985000000,,WRITE:19f9f8-19f9e0
40340a-403416,63,3,ff4610395e180f8c8c000000,,WRITE:19f9d0-19f9d4
403416-403425,63,5,ff761c0fb646318bce50e88cfeffff,,WRITE:0-0
403425-40342d,63,3,89461c83f80874bc,,WRITE:19f9dc-19f9e0
40342d-403432,63,2,83f80777c7,,WRITE:0-0
403432-403439,62,1,ff2485bd344000,,WRITE:0-0
403439-403440,23,2,8bcee8da000000,,WRITE:0-0
403440-403442,22,1,eb45,,WRITE:0-0
403442-403457,21,7,834e28ff895e24885e30895e20895e2c885e3ceb38,,WRITE:19f9e8-19f9fc
403480-403487,21,2,8bcee8cd020000,,WRITE:0-0
403487-40348f,43,2,84c00f846affffff,,WRITE:0-0
40348f-40349f,85,5,8b46108a0088463184c00f856bffffff,,WRITE:19f9f1-19f9f5
40349f-4034b5,23,4,ff4610ff865004000083be50040000020f854affffff,,WRITE:19f9d0-19fe14
4034a2-4034b5,23,3,ff865004000083be50040000020f854affffff,,WRITE:19fe10-19fe14
4034b5-4034bd,23,2,8b4618e93fffffff,,WRITE:0-0
40351a-40351f,22,1,e81a000000,,WRITE:0-0
40351f-403523,23,2,84c07513,,WRITE:0-0
403536-403539,23,2,b001c3,,WRITE:0-0
403539-403549,23,8,8bff558bec51566a008bf1e82a000000,,WRITE:0-0
403549-40354d,23,2,84c07423,,WRITE:0-0
40354d-403561,23,5,8a46318d8e480400008845fcff75fce80e0a0000,,WRITE:0-0
403561-403565,23,2,84c07405,,WRITE:0-0
403565-40356a,23,2,ff4618eb04,,WRITE:19f9d8-19f9dc
40356e-403573,23,4,b0015ec9c3,,WRITE:0-0
403573-403595,23,13,8bff53568bf168008000008a5e310fbec3508b4608c6463c008b00ff30e87f0b0000,,WRITE:19f9fc-19fa00
403595-40359c,23,3,83c40c85c0743d,,WRITE:0-0
4035d9-4035e0,23,4,b0015e5bc20400,,WRITE:0-0
403754-40376d,21,14,8bff558bec515153568bf133db6a58590fbe463183f8647f6c,,WRITE:0-0
40376d-403773,20,1,0f8493000000,,WRITE:0-0
4037a1-4037a9,21,2,84c00f85a0000000,,WRITE:0-0
403806-403814,21,5,834e2010536a0a8bcee846040000,,WRITE:19f9e0-19f9e0
403814-403816,20,1,eb8b,,WRITE:0-0
403849-403852,21,2,385e300f852e010000,,WRITE:0-0
403852-40386d,21,11,8bcb66895dfc885dfe33d28b5e20428bc3894df8c1e80484c2742f,,WRITE:0-0
40386d-403876,21,4,8bc3c1e80684c27406,,WRITE:0-0
40387c-403880,21,2,84da740b,,WRITE:0-0
40388b-403893,21,4,8bc3d1e884c27409,,WRITE:0-0
40389c-4038a4,21,3,8a563180fa787405,,WRITE:0-0
4038a4-4038a9,21,2,80fa58750d,,WRITE:0-0
4038b6-4038bd,21,3,32db80fa617409,,WRITE:0-0
4038bd-4038c2,21,2,80fa417404,,WRITE:0-0
4038c2-4038c6,21,2,32c0eb02,,WRITE:0-0
4038c8-4038cc,21,2,84db7504,,WRITE:0-0
4038cc-4038d0,21,2,84c07420,,WRITE:0-0
4038f0-403908,21,8,578b7e248d5e182b7e388d86480400002bf9f646200c7510,,WRITE:0-0
403908-403912,21,5,53576a2050e8daf6ffff,,WRITE:0-0
403912-40392d,21,10,8b4df883c4108d460c5053518d45fc508d8e48040000e81d070000,,WRITE:0-0
40392d-403939,21,5,8b4e208bc1c1e803a801741b,,WRITE:0-0
403954-40395d,21,3,6a008bcee848060000,,WRITE:0-0
40395d-403962,21,2,833b007c1d,,WRITE:0-0
403962-40396c,21,4,8b4620c1e802a8017413,,WRITE:0-0
40397f-403986,21,6,5fb0015e5bc9c3,,WRITE:0-0
4039c0-4039cd,21,6,8bff558bec8b450883f80b772a,,WRITE:0-0
4039cd-4039db,21,2,0fb680103a4000ff2485fc394000,a,WRITE:0-0
4039e9-4039f0,21,3,b8040000005dc3,,WRITE:0-0
403c5a-403c6d,21,10,8bff558bec5153568bf157ff762ce853fdffff,,WRITE:0-0
403c6d-403c78,21,5,598bc88945fc83e9017478,,WRITE:0-0
403c78-403c7d,21,2,83e9017456,,WRITE:0-0
403c7d-403c83,21,3,4983e9017433,,WRITE:0-0
403cb6-403cc7,21,6,8b462083461404c1e804a8018b46147405,,WRITE:19f9d4-19f9d4
403cc7-403ccc,21,2,8b40fceb3f,,WRITE:0-0
403d0b-403d1c,21,8,998bf88bda8b4e208bc1c1e804a8017417,,WRITE:0-0
403d1c-403d20,21,2,85db7f13,,WRITE:0-0
403d20-403d22,20,1,7c04,,WRITE:0-0
403d22-403d26,21,2,85ff730d,,WRITE:0-0
403d33-403d39,21,2,837e28007d09,,WRITE:0-0
403d39-403d42,21,2,c7462801000000eb11,,WRITE:19f9e8-19f9e8
403d53-403d59,21,3,8bc70bc37504,,WRITE:0-0
403d5d-403d6f,21,6,837dfc088bceff750cc6463c00ff75087509,,WRITE:19f9fc-19f9fc
403d78-403d7e,21,2,57e86df1ffff,,WRITE:0-0
403d7e-403d88,21,4,8b4620c1e807a801741a,,WRITE:0-0
403da2-403dab,21,6,b0015f5e5bc9c20800,,WRITE:0-0
403ec7-403ecd,23,3,8b0185c07513,,WRITE:0-0
403ee0-403ee6,23,2,50e802000000,,WRITE:0-0
403ee6-403ee8,23,2,59c3,,WRITE:0-0
403ee8-403efc,23,10,8bff558bec8b4d08568b410c90c1e80ca801756e,,WRITE:0-0
403efc-403f03,23,3,5751e8523d0000,,WRITE:0-0
403f03-403f0e,23,4,59b90891410083f8ff741b,,WRITE:0-0
403f0e-403f13,23,2,83f8fe7416,,WRITE:0-0
403f13-403f29,23,7,8bf08bd083e63fc1fa066bfe38033c95209f4100eb0c,,WRITE:0-0
403f35-403f3c,23,3,807f29005f751a,,WRITE:0-0
403f3c-403f41,23,2,83f8ff740f,,WRITE:0-0
403f41-403f46,23,2,83f8fe740a,,WRITE:0-0
403f46-403f56,23,4,6bce38030c95209f4100f6412d017414,,WRITE:0-0
403f6a-403f6f,23,4,b0015e5dc3,,WRITE:0-0
403f6f-403f81,63,9,8bff558bec8b018b400c90c1e80ca801740c,,WRITE:0-0
403f8d-403f99,63,4,ff310fbe450850e8e33c0000,,WRITE:0-0
403f99-403fa5,63,6,83f8ff59590f95c05dc20400,,WRITE:0-0
403fa5-403fc2,21,13,8bff558bec83ec10a12890410033c58945fc53568bf157807e3c00745c,,WRITE:0-0
40401e-404037,21,8,8d460c508d461850ff76388d8e48040000ff7634e813000000,,WRITE:0-0
404037-404046,21,7,8b4dfcb0015f5e33cd5be8bfdbffff,,WRITE:0-0
404046-40404a,21,2,c9c20400,,WRITE:0-0
40404a-40405c,41,9,8bff558bec8b018b400c90c1e80ca8017414,,WRITE:0-0
404070-404076,41,2,5de900000000,,WRITE:0-0
404076-40408e,41,12,8bff558bec83ec0c538b5d148bd1568955fc8b3385f6750c,,WRITE:0-0
40408e-404093,20,1,e8e8190000,,WRITE:0-0
404093-4040b1,21,12,8b55fc8bf089338b5d088b4d0c8b0603cb8326008945f8894df43bd97452,m,WRITE:19f9cc-16b4ae8
40409a-4040b1,21,9,8b5d088b4d0c8b0603cb8326008945f8894df43bd97452,m,WRITE:16b4ae8-16b4ae8
4040b1-4040c0,21,6,578b7d100fb6038bca50e8affeffff,,WRITE:0-0
4040b5-4040c0,21,4,0fb6038bca50e8affeffff,,WRITE:0-0
4040c0-4040c4,41,2,84c07526,,WRITE:0-0
4040ea-4040ee,41,2,ff07eb03,,WRITE:19f9d8-19f9d8
4040f1-4040fa,41,4,8b55fc433b5df475bb,,WRITE:0-0
4040fa-4040fc,20,1,eb03,,WRITE:0-0
4040ff-404108,21,4,8b45f85f833e007506,,WRITE:0-0
404103-404108,21,2,833e007506,,WRITE:0-0
404108-40410c,41,2,85c07402,,WRITE:0-0
40410e-404114,41,4,5e5bc9c21000,,WRITE:0-0
404114-404126,23,7,8bff558bec8b4d0c8d41013d00010000770c,,WRITE:0-0
404126-404132,23,5,8b45080fb704482345105dc3,,WRITE:0-0
404136-404166,23,18,8bff558bec83ec388b451c8b4d108b55148945ec8b45188945f48b45088945dc8b450c8955f0894df88945e085c97515,,WRITE:0-0
40417b-40417f,23,2,85d274e7,,WRITE:0-0
40417f-4041b7,23,20,8d45f8894de88945c88d45f48945cc8d45dc8945d08d45f08945d48d45ec8945d88d45e8508d45c8894de4508d45e4508d4dffe8f5ebffff,,WRITE:0-0
4041b7-4041b9,23,2,c9c3,,WRITE:0-0
404317-404326,2,7,8bff558bec8b4508a3d89c41005dc3,m,WRITE:419cd8-0
404326-404345,12,13,8bff558beca12890410083e01f6a20592bc88b4508d3c83305289041005dc3,,WRITE:0-0
40435d-40436c,2,7,8bff558bec8b4508a3dc9c41005dc3,m,WRITE:419cdc-0
4043b3-4043c3,2,8,8bff558bec83ec10538b5d0885db7507,,WRITE:0-0
4043ca-4043d0,2,3,5683fb02741b,,WRITE:0-0
4043d0-4043d5,2,2,83fb017416,,WRITE:0-0
4043eb-4043f1,2,2,57e8d7480000,,WRITE:0-0
4043f1-404404,2,6,6804010000bee09c410033ff5657e80b430000,,WRITE:0-0
404404-404419,2,6,a1149e410083c40c8935049e41008945f085c07405,m,WRITE:419e04-0
404419-40441e,2,2,8038007505,,WRITE:0-0
404423-404439,2,10,8d4df4897dfc518d4dfc897df451575750e8b0000000,,WRITE:0-0
404439-404446,2,4,6a01ff75f4ff75fce817020000,,WRITE:0-0
404446-40444f,2,4,8bf083c42085f6750c,,WRITE:0-0
40445b-404473,2,10,8d45f4508d45fc508b45fc8d04865056ff75f0e876000000,,WRITE:0-0
404473-40447b,2,3,83c41483fb017516,,WRITE:0-0
40447b-404491,2,8,8b45fc48a3089e41008bc68bf7a30c9e41008bdfeb4a,m,WRITE:419e08-419e0c
4044db-4044e1,2,2,56e80a160000,,WRITE:0-0
4044e1-4044e9,2,7,598bc35f5e5bc9c3,,WRITE:0-0
4044e9-40450e,3,16,8bff558bec518b4514538b5d18568b7510578323008b7d08c700010000008b450c85c07408,,WRITE:19ff04-19ff0c
40450e-404520,2,7,893083c00489450c32c9884dff803f22750d,m,WRITE:16b6d40-0
404516-404520,2,4,32c9884dff803f22750d,,WRITE:0-0
40451b-404520,57,2,803f22750d,,WRITE:0-0
404520-40452d,5,6,84c9b0220f94c147884dffeb35,,WRITE:0-0
40452d-404533,55,3,ff0385f67405,,WRITE:19ff04-19ff04
404533-404547,28,9,8a078806468a07478845fe0fbec050e8a74a0000,m,WRITE:16b6d48-16b6d62
404538-404547,28,6,8a07478845fe0fbec050e8a74a0000,,WRITE:0-0
404547-40454c,55,3,5985c0740c,,WRITE:0-0
404558-40455f,55,3,8a45fe84c07419,,WRITE:0-0
40455f-404566,53,3,8a4dff84c975b5,,WRITE:0-0
404562-404566,5,2,84c975b5,,WRITE:0-0
404566-40456a,3,2,3c207404,,WRITE:0-0
40456a-40456e,3,2,3c0975ad,,WRITE:0-0
404578-404587,3,5,4fc645ff008a0784c00f84c2000000,,WRITE:0-0
404649-404653,3,6,8b4d0c5f5e5b85c97403,,WRITE:0-0
404653-40465d,2,5,8321008b4514ff00c9c3,m,WRITE:16b6d44-19ff0c
404656-40465d,2,4,8b4514ff00c9c3,,WRITE:19ff0c-0
40465d-40466e,2,7,8bff558bec568b750881feffffff3f7339,,WRITE:0-0
40466e-40467d,2,6,83c8ff8b4d0c33d2f775103bc8732a,,WRITE:0-0
40467d-40468c,2,6,0faf4d10c1e6028bc6f7d03bc1761b,,WRITE:0-0
40468c-404697,2,4,8d040e6a0150e8f7130000,,WRITE:0-0
404697-4046a0,2,3,6a008bf0e84b140000,,WRITE:0-0
4046a0-4046a7,2,3,83c40c8bc6eb02,,WRITE:0-0
4046a9-4046ac,2,3,5e5dc3,,WRITE:0-0
4046ac-4046b7,2,5,8bff558bec5de9fcfcffff,,WRITE:0-0
4046e3-4046ec,2,2,833de89d4100007403,,WRITE:0-0
4046ef-4046f6,2,3,5657e8d2450000,,WRITE:0-0
4046f6-4046fb,1,1,e8754a0000,,WRITE:0-0
4046fb-404701,2,3,8bf085f67505,,WRITE:0-0
404706-40470c,2,2,56e82a000000,,WRITE:0-0
40470c-404711,2,3,5985c07505,,WRITE:0-0
404716-404729,2,5,a3f49d410033ffa3e89d41006a00e8c2130000,m,WRITE:419df4-419de8
404729-404730,2,3,5956e8bb130000,,WRITE:0-0
404730-404736,2,5,598bc75f5ec3,,WRITE:0-0
404736-40474b,2,13,8bff558bec5151538b5d0833d256578bf38a03eb18,,WRITE:0-0
40474b-40474f,86,2,3c3d7401,,WRITE:0-0
40474f-40475c,86,7,428bce8d79018a014184c075f9,,WRITE:0-0
404755-40475c,6519,4,8a014184c075f9,,WRITE:0-0
40475c-404767,86,6,2bcf4603f18a0684c075e4,,WRITE:0-0
404763-404767,2,2,84c075e4,,WRITE:0-0
404767-404772,2,4,8d42016a0450e81c130000,,WRITE:0-0
404772-40477a,2,5,8bf8595985ff746e,,WRITE:0-0
40477a-40477f,2,2,897dfceb52,,WRITE:0-0
40477f-40478b,86,6,8bcb8d71018a014184c075f9,,WRITE:0-0
404784-40478b,6519,4,8a014184c075f9,,WRITE:0-0
40478b-404798,86,5,2bce8d41018945f880fa3d7437,,WRITE:0-0
404798-4047a0,86,3,6a0150e8ee120000,,WRITE:0-0
4047a0-4047a8,86,5,8bf0595985f67431,,WRITE:0-0
4047a8-4047b2,86,4,53ff75f856e80d0c0000,,WRITE:0-0
4047b2-4047b9,86,3,83c40c85c07540,,WRITE:0-0
4047b9-4047cb,86,6,8b45fc6a00893083c0048945fce820130000,m,WRITE:16bbb18-16bbc68
4047cb-4047d7,86,6,8b45f85903d88a1384d275a8,,WRITE:0-0
4047d1-4047d7,2,3,8a1384d275a8,,WRITE:0-0
4047d7-4047d9,1,1,eb11,,WRITE:0-0
4047ea-4047f1,2,2,6a00e8fa120000,,WRITE:0-0
4047f1-4047f9,2,7,598bc75f5e5bc9c3,,WRITE:0-0
404953-40495c,2,3,a1f49d410085c0750a,,WRITE:0-0
404967-40496c,1,1,e977fdffff,,WRITE:0-0
40496c-404990,4,18,8bff558bec518b450c53568b75082bc683c0035733ffc1e80239750c1bdbf7d323d8741c,,WRITE:0-0
404990-404999,8,4,8b068945fc85c0740b,,WRITE:0-0
404999-4049a1,5,2,8bc8ff150c214100,,WRITE:0-0
4049a1-4049a4,4,1,ff55fc,,WRITE:0-0
4049a4-4049ac,8,4,83c604473bfb75e4,,WRITE:0-0
4049ac-4049b1,4,5,5f5e5bc9c3,,WRITE:0-0
4049b1-4049bd,2,7,8bff558bec568b750857eb17,,WRITE:0-0
4049bd-4049c3,8,3,8b3e85ff740e,,WRITE:0-0
4049c3-4049cb,7,2,8bcfff150c214100,,WRITE:0-0
4049cb-4049cd,6,1,ffd7,,WRITE:0-0
4049cd-4049d1,7,2,85c0750a,,WRITE:0-0
4049d1-4049d9,8,3,83c6043b750c75e4,,WRITE:0-0
4049d4-4049d9,2,2,3b750c75e4,,WRITE:0-0
4049d9-4049df,2,5,33c05f5e5dc3,,WRITE:0-0
4049df-4049eb,2,3,6a0868607f4100e8f5cfffff,,WRITE:0-0
4049eb-4049f5,2,3,8b4508ff30e8a84b0000,,WRITE:0-0
4049f5-404a02,2,4,598365fc008b4d0ce82a000000,,WRITE:0-0
404a02-404a0e,2,2,c745fcfeffffffe812000000,,WRITE:0-0
404a0e-404a20,2,8,8b4df064890d00000000595f5e5bc9c20c00,,WRITE:343000-0
404a20-404a2a,2,3,8b4510ff30e8bb4b0000,,WRITE:0-0
404a2a-404a2c,2,2,59c3,,WRITE:0-0
404a2c-404a38,2,3,6a0868407f4100e8a8cfffff,,WRITE:0-0
404a38-404a47,2,3,8bf1803d009e4100000f8596000000,,WRITE:0-0
404a47-404a5e,2,10,33c040b9f89d4100870133db895dfc8b068b0085c0752c,m,WRITE:419df8-0
404a5e-404a72,2,6,8b3d289041008bcf83e11fa1fc9d41003bc77411,,WRITE:0-0
404a83-404a8a,2,2,68289e4100eb0a,,WRITE:0-0
404a94-404a99,1,1,e8aa060000,,WRITE:0-0
404a99-404aa7,2,5,59c745fcfeffffff8b0639187511,,WRITE:0-0
404aa7-404ab6,2,3,68502141006840214100e8b6feffff,,WRITE:0-0
404ab6-404ac7,2,5,595968582141006854214100e8a5feffff,,WRITE:0-0
404ac7-404ad0,2,5,59598b46043918750d,,WRITE:0-0
404ad0-404aed,2,11,c605009e4100018b4608c600018b4df064890d00000000595f5e5bc9c3,m,WRITE:419e00-343000
404b19-404b27,2,6,8bff558bec83ec18837d10007512,,WRITE:0-0
404b27-404b2c,1,1,e893000000,,WRITE:0-0
404b2c-404b30,2,2,84c07409,,WRITE:0-0
404b39-404b6c,2,19,8d450cc645ff008945e88d4dfe8d45108945ec8d45ff6a028945f0588945f88945f48d45f8508d45e8508d45f450e873feffff,,WRITE:0-0
404b6c-404b72,2,2,837d10007402,,WRITE:0-0
404b74-404b7c,2,2,ff7508e801000000,,WRITE:0-0
404b7d-404b87,2,4,8bff558bece8754a0000,,WRITE:0-0
404b87-404b8c,2,2,83f8017420,,WRITE:0-0
404bac-404bb4,2,2,ff7508e84e000000,,WRITE:0-0
404bb4-404bbe,2,3,59ff7508ff1580204100,,WRITE:0-0
404bbf-404bc7,2,2,6a00ff1528204100,,WRITE:0-0
404bc7-404bcb,2,2,85c07434,,WRITE:0-0
404bcb-404bd5,2,3,b94d5a0000663908752a,,WRITE:0-0
404bd5-404be2,2,4,8b483c03c8813950450000751d,,WRITE:0-0
404be2-404bed,2,3,b80b010000663941187512,,WRITE:0-0
404bed-404bf3,2,2,8379740e760c,,WRITE:0-0
404bf3-404bfc,2,2,83b9e8000000007403,,WRITE:0-0
404bff-404c02,2,2,32c0c3,,WRITE:0-0
404c02-404c1d,2,10,8bff558bec518365fc008d45fc5068f43041006a00ff1584204100,,WRITE:0-0
404c1d-404c21,2,2,85c07423,,WRITE:0-0
404c44-404c4a,2,2,837dfc007409,,WRITE:0-0
404c53-404c55,2,2,c9c3,,WRITE:0-0
404c55-404c64,2,7,8bff558bec8b4508a3fc9d41005dc3,m,WRITE:419dfc-0
404cbe-404ccf,2,7,8bff558bec6a006a00ff7508e84afeffff,,WRITE:0-0
404cd4-404ce3,2,6,8bff558bec8b45083d004000007423,,WRITE:0-0
404d06-404d11,2,5,b9a4a24100870133c05dc3,m,WRITE:41a2a4-0
404d11-404d17,1,1,ff1588204100,,WRITE:0-0
404d17-404d22,2,2,a3149e4100ff158c204100,m,WRITE:419e14-0
404d22-404d2a,2,3,a3189e4100b001c3,m,WRITE:419e18-0
404d2a-404d30,2,2,b8089e4100c3,,WRITE:0-0
404d30-404d36,2,2,b80c9e4100c3,,WRITE:0-0
404d36-404d42,2,3,6a0c68807f4100e89eccffff,,WRITE:0-0
404d42-404d4c,2,3,8b4508ff30e851480000,,WRITE:0-0
404d4c-404d66,2,7,598365fc00be38a14100bf489141008975e481fe3ca141007414,,WRITE:0-0
404d5b-404d66,2,3,8975e481fe3ca141007414,,WRITE:0-0
404d66-404d6a,2,2,393e740b,,WRITE:0-0
404d75-404d7a,2,2,83c604ebe1,,WRITE:0-0
404d7a-404d86,2,2,c745fcfeffffffe812000000,,WRITE:0-0
404d86-404d98,2,8,8b4df064890d00000000595f5e5bc9c20c00,,WRITE:343000-0
404d98-404da2,2,3,8b4510ff30e843480000,,WRITE:0-0
404da2-404da4,2,2,59c3,,WRITE:0-0
404daf-404dd4,2,16,8bff558bec83ec0c6a04588945f88d4dff8945f48d45f8508d45ff508d45f450e862ffffff,,WRITE:0-0
404dd4-404dd6,2,2,c9c3,,WRITE:0-0
404dd6-404de1,2,5,8bff558bec56e8b9200000,,WRITE:0-0
404de1-404dfb,2,10,8b55088bf06a00588b8e50030000f6c1020f94c04083faff7433,,WRITE:0-0
404dfb-404dff,2,2,85d27436,,WRITE:0-0
404e35-404e38,2,3,5e5dc3,,WRITE:0-0
404e3f-404e4b,2,6,8bff558bec8b450885c0741a,,WRITE:0-0
404e65-404e6e,2,4,b9209e410087015dc3,m,WRITE:419e20-0
404e6e-404e74,2,2,b8249e4100c3,,WRITE:0-0
404e74-404e80,2,3,6a0c68c07f4100e860cbffff,,WRITE:0-0
404e80-404e8e,2,4,8365e4008b4508ff30e80f470000,,WRITE:0-0
404e8e-404e9b,2,4,598365fc008b4d0ce8b8010000,,WRITE:0-0
404e9b-404eac,2,4,8bf08975e4c745fcfeffffffe817000000,,WRITE:0-0
404eac-404ec0,2,9,8bc68b4df064890d00000000595f5e5bc9c20c00,,WRITE:343000-0
404ec3-404ecd,2,3,8b4510ff30e818470000,,WRITE:0-0
404ecd-404ecf,2,2,59c3,,WRITE:0-0
404ecf-404edb,2,3,6a0c68a07f4100e805cbffff,,WRITE:0-0
404edb-404ee9,2,4,8365e4008b4508ff30e8b4460000,,WRITE:0-0
404ee9-404ef6,2,4,598365fc008b4d0ce834000000,,WRITE:0-0
404ef6-404f07,2,4,8bf08975e4c745fcfeffffffe817000000,,WRITE:0-0
404f07-404f1b,2,9,8bc68b4df064890d00000000595f5e5bc9c20c00,,WRITE:343000-0
404f1e-404f28,2,3,8b4510ff30e8bd460000,,WRITE:0-0
404f28-404f2a,2,2,59c3,,WRITE:0-0
404f2a-404f46,2,13,8bff558bec83ec0c8bc18945f853568b00578b3085f60f8405010000,,WRITE:0-0
404f46-404f6c,2,14,a1289041008bc88b1e83e11f8b7e0433d88b760833f833f0d3cfd3ced3cb3bfe0f859d000000,,WRITE:0-0
404f6c-404f7a,2,5,2bf3b800020000c1fe023bf07702,,WRITE:0-0
404f7a-404f83,2,4,8bc68d3c3085ff7503,,WRITE:0-0
404f83-404f8a,2,4,6a205f3bfe721d,,WRITE:0-0
404f8a-404f93,2,4,6a045753e8a3500000,,WRITE:0-0
404f93-404f9d,2,3,6a008945fce84e0b0000,,WRITE:0-0
404f9d-404fa7,2,4,8b4dfc83c41085c97524,,WRITE:0-0
404fcb-404ff7,2,17,8d04b18bd98945fc8d34b9a1289041008b7dfc8bcf8945f48bc62bc783c003c1e8023bf71bd2f7d223d07412,,WRITE:0-0
404ff7-405006,2,7,8b7df433c04089398d49043bc275f6,m,WRITE:16b6ca8-0
404ffc-405006,32,5,4089398d49043bc275f6,m,WRITE:16b6cac-16b6d24
405006-405016,2,5,8b7dfc8b45f88b4004ff30e810f3ffff,,WRITE:0-0
405016-40501e,2,3,538907e808f3ffff,m,WRITE:16b6ca8-0
40501e-405030,2,7,8b5df88b0b8b0989018d470450e8f6f2ffff,m,WRITE:419e28-0
405030-40503d,2,5,8b0b568b09894104e8e9f2ffff,m,WRITE:419e2c-0
40503d-40504b,2,6,8b0b83c4108b0989410833c0eb03,m,WRITE:419e30-0
40504e-405053,2,5,5f5e5bc9c3,,WRITE:0-0
405053-40506a,2,12,8bff558bec83ec14538bd957895dec8b038b3885ff7508,,WRITE:0-0
405072-405093,2,12,8b15289041008bca568b3783e11f8b7f0433f233fad3ced3cf85f60f8493000000,,WRITE:0-0
405093-40509c,2,2,83feff0f848a000000,,WRITE:0-0
40509c-4050ac,2,6,8955fc897df48975f883ef043bfe7254,,WRITE:0-0
4050a5-4050ac,2,3,83ef043bfe7254,,WRITE:0-0
4050ac-4050b3,2,3,8b073b45fc74f2,,WRITE:0-0
4050b3-4050c7,2,7,33c28b55fcd3c88bc889178945f0ff150c214100,m,WRITE:16b6ca8-0
4050c7-4050ca,1,1,ff55f0,,WRITE:0-0
4050ca-4050f1,2,15,8b038b15289041008bca83e11f8b008b188b400433dad3cb33c2d3c83b5df8895df08b5dec7505,,WRITE:0-0
4050f1-4050f6,2,2,3b45f474af,,WRITE:0-0
405100-405105,2,2,83feff740d,,WRITE:0-0
405105-40510b,2,2,56e8e0090000,,WRITE:0-0
40510b-40512d,2,17,8b1528904100598b038b0089108b038b008950048b038b0089500833c05e5f5bc9c3,m,WRITE:419e28-419e30
40512d-40513f,2,6,8bff558becff750868289e4100e85a000000,,WRITE:0-0
40513f-405143,2,4,59595dc3,,WRITE:0-0
405143-40516e,2,18,8bff558bec83ec106a028d45088945f48d4dff588945f88945f08d45f8508d45f4508d45f050e806fdffff,,WRITE:0-0
40516e-405170,2,2,c9c3,,WRITE:0-0
405170-40517c,3,6,8bff558bec8b4d0885c97505,,WRITE:0-0
405181-405188,3,3,8b013b4108750d,,WRITE:0-0
405188-405199,3,7,a128904100890189410489410833c05dc3,m,WRITE:419e28-419e3c
405199-4051ca,2,20,8bff558bec83ec148d45088945ec8d4dff6a028d450c8945f0588945f88945f48d45f8508d45ec508d45f450e805fdffff,,WRITE:0-0
4051ca-4051cc,2,2,c9c3,,WRITE:0-0
4051cc-4051d9,2,3,c70538a1410048914100b001c3,m,WRITE:41a138-0
4051d9-4051e3,2,2,68289e4100e88dffffff,,WRITE:0-0
4051e3-4051ef,2,2,c70424349e4100e881ffffff,,WRITE:0-0
4051ef-4051f3,2,3,59b001c3,,WRITE:0-0
4051fb-40520a,2,5,8bff568b352890410056e841070000,,WRITE:0-0
40520a-405210,2,2,56e8474f0000,,WRITE:0-0
405210-405216,2,2,56e8ce500000,,WRITE:0-0
405216-40521c,2,2,56e841f1ffff,,WRITE:0-0
40521c-405222,2,2,56e833faffff,,WRITE:0-0
405222-405229,2,4,83c414b0015ec3,,WRITE:0-0
4052c7-4052d6,2,3,68a03141006820314100e8e84d0000,,WRITE:0-0
4052d6-4052d9,2,3,5959c3,,WRITE:0-0
405309-405327,2,11,8bff558bec8b4d108b450c81e1fffff7ff23c1568b7508a9e0fcf0fc7424,,WRITE:0-0
40534b-405353,2,4,51ff750c85f67409,,WRITE:0-0
40535c-405361,1,1,e819530000,,WRITE:0-0
405361-405368,2,6,595933c05e5dc3,,WRITE:0-0
4053bf-4053cc,86,7,8bff558bec8b55085685d27411,,WRITE:0-0
4053cc-4053d3,86,3,8b4d0c85c9740a,,WRITE:0-0
4053d3-4053da,86,3,8b751085f67517,,WRITE:0-0
4053ec-4053f1,86,4,8bc65e5dc3,,WRITE:0-0
4053f1-405400,86,8,578bfa2bf28a043e88074784c07405,m,WRITE:16bbc88-16b7c60
4053f6-405400,6519,5,8a043e88074784c07405,m,WRITE:16bbc89-16b7c7f
405400-405405,6519,2,83e90175f1,,WRITE:0-0
405405-40540a,86,3,5f85c9750b,,WRITE:0-0
405415-405419,86,2,33f6ebd3,,WRITE:0-0
40594b-40595a,2,7,8bff558bec8b4508a3409e41005dc3,m,WRITE:419e40-0
405a7b-405a80,20,1,e871150000,,WRITE:0-0
405a80-405a84,21,2,85c07506,,WRITE:0-0
405a8a-405a8e,21,2,83c010c3,,WRITE:0-0
405a8e-405a9b,91,7,8bff558bec568b750885f6740c,,WRITE:0-0
405a9b-405aa7,91,6,6ae033d258f7f63b450c7234,,WRITE:0-0
405aa7-405aaf,91,3,0faf750c85f67517,,WRITE:0-0
405ac6-405ad5,91,4,566a08ff35b0a24100ff1590204100,,WRITE:0-0
405ad5-405ad9,91,2,85c074d9,,WRITE:0-0
405ad9-405adb,90,1,eb0d,,WRITE:0-0
405ae8-405aeb,91,3,5e5dc3,,WRITE:0-0
405aeb-405af6,122,5,8bff558bec837d0800742d,,WRITE:0-0
405af6-405b07,4,4,ff75086a00ff35b0a24100ff1594204100,,WRITE:0-0
405b07-405b0b,4,2,85c07518,,WRITE:0-0
405b23-405b25,122,2,5dc3,,WRITE:0-0
405b25-405b3b,2,5,6884374100688037410068843741006a00e819010000,,WRITE:0-0
405b3b-405b3f,2,2,83c410c3,,WRITE:0-0
405b59-405b6f,5,5,68dc37410068d437410068dc3741006a14e8e5000000,,WRITE:0-0
405b6f-405b73,5,2,83c410c3,,WRITE:0-0
405b8d-405b9e,8,9,8bff558bec515356578b7d08e9a2000000,,WRITE:0-0
405b9e-405bb1,8,7,8b1f8d049d489e41008b308945fc9085f6740b,,WRITE:0-0
405bb1-405bba,3,2,83feff0f8483000000,,WRITE:0-0
405bba-405bbc,2,1,eb7d,,WRITE:0-0
405bbc-405bd1,6,5,8b1c9d0833410068000800006a0053ff156c204100,,WRITE:0-0
405bd1-405bd7,6,3,8bf085f67550,,WRITE:0-0
405c27-405c32,6,5,8b4dfc8bc6870185c07407,m,WRITE:419e64-419e90
405c39-405c3d,8,2,85f67513,,WRITE:0-0
405c40-405c49,8,2,3b7d0c0f8555ffffff,,WRITE:0-0
405c4b-405c50,8,5,5f5e5bc9c3,,WRITE:0-0
405c50-405c54,8,2,8bc6ebf7,,WRITE:0-0
405c54-405c7e,136,17,8bff558bec8b450853578d1c85989e41008b03908b152890410083cfff8bca33d083e11fd3ca3bd77504,,WRITE:0-0
405c82-405c86,136,2,85d27404,,WRITE:0-0
405c86-405c8a,129,2,8bc2eb49,,WRITE:0-0
405c8a-405c96,8,4,56ff7514ff7510e8f7feffff,,WRITE:0-0
405c96-405c9c,8,4,595985c0741d,,WRITE:0-0
405c9c-405ca6,8,3,ff750c50ff1568204100,,WRITE:0-0
405ca6-405cac,8,3,8bf085f6740d,,WRITE:0-0
405cac-405cb2,8,2,56e874e6ffff,,WRITE:0-0
405cb2-405cb9,8,4,5987038bc6eb19,m,WRITE:419ee0-419f08
405cd2-405cd7,8,5,5e5f5b5dc3,,WRITE:0-0
405cd3-405cd7,129,4,5f5b5dc3,,WRITE:0-0
405cd7-405cf3,2,9,8bff558bec56680c3841006808384100680c3841006a1ce861ffffff,,WRITE:0-0
405cf3-405cfc,2,4,8bf083c41085f67411,,WRITE:0-0
405cfc-405d09,2,4,ff75088bce6afaff150c214100,,WRITE:0-0
405d09-405d0b,1,1,ffd6,,WRITE:0-0
405d0b-405d0d,1,1,eb05,,WRITE:0-0
405d12-405d17,2,3,5e5dc20400,,WRITE:0-0
405d17-405d1f,2,3,8bff56e806feffff,,WRITE:0-0
405d1f-405d25,2,3,8bf085f6740c,,WRITE:0-0
405d25-405d2d,2,2,8bceff150c214100,,WRITE:0-0
405d2d-405d2f,1,1,ffd6,,WRITE:0-0
405d2f-405d31,2,2,5ec3,,WRITE:0-0
405d93-405daf,2,9,8bff558bec5668b437410068ac37410068d42b41006a03e8a5feffff,,WRITE:0-0
405daf-405db8,2,4,8bf083c41085f6740f,,WRITE:0-0
405db8-405dc3,2,3,ff75088bceff150c214100,,WRITE:0-0
405dc3-405dc5,1,1,ffd6,,WRITE:0-0
405dc5-405dc7,1,1,eb06,,WRITE:0-0
405dcd-405dd2,2,3,5e5dc20400,,WRITE:0-0
405e11-405e2d,46,9,8bff558bec5668c437410068bc37410068f82b41006a05e827feffff,,WRITE:0-0
405e2d-405e36,46,4,8bf083c41085f67412,,WRITE:0-0
405e36-405e41,46,3,ff75088bceff150c214100,,WRITE:0-0
405e41-405e43,45,1,ffd6,,WRITE:0-0
405e43-405e48,46,3,5e5dc20400,,WRITE:0-0
405e50-405e6c,3,9,8bff558bec5668cc37410068c4374100680c2c41006a06e8e8fdffff,,WRITE:0-0
405e6c-405e75,3,4,8bf083c41085f67415,,WRITE:0-0
405e75-405e83,3,4,ff750c8bceff7508ff150c214100,,WRITE:0-0
405e83-405e85,2,1,ffd6,,WRITE:0-0
405e85-405e8a,3,3,5e5dc20800,,WRITE:0-0
405e92-405eae,82,9,8bff558bec5668d437410068cc37410068202c41006a12e8a6fdffff,,WRITE:0-0
405eae-405eb7,82,4,8bf083c41085f67415,,WRITE:0-0
405eb7-405ec8,82,5,ff75108bceff750cff7508ff150c214100,,WRITE:0-0
405ec8-405eca,81,1,ffd6,,WRITE:0-0
405eca-405ecc,81,1,eb0c,,WRITE:0-0
405ed8-405edd,82,3,5e5dc20c00,,WRITE:0-0
405edd-405ee8,5,5,8bff558bec56e871fcffff,,WRITE:0-0
405ee8-405eee,5,3,8bf085f67427,,WRITE:0-0
405eee-405f11,5,11,ff75288bceff7524ff7520ff751cff7518ff7514ff7510ff750cff7508ff150c214100,,WRITE:0-0
405f11-405f13,4,1,ffd6,,WRITE:0-0
405f13-405f15,4,1,eb20,,WRITE:0-0
405f35-405f3a,5,3,5e5dc22400,,WRITE:0-0
405f6b-405f92,2,14,b9209f4100b8989e410033d23bc8568b35289041001bc983e1de83c1224289308d40043bd175f6,m,WRITE:419e98-0
405f88-405f92,34,5,4289308d40043bd175f6,m,WRITE:419e9c-419f1c
405f92-405f96,2,3,b0015ec3,,WRITE:0-0
405fcc-405fd8,2,3,6a106800804100e808baffff,,WRITE:0-0
405fd8-405fe3,2,3,8365e4006a08e8ba350000,,WRITE:0-0
405fe3-405ff6,2,7,598365fc006a035e8975e03b35cc9c41007459,,WRITE:0-0
405feb-405ff6,510,3,8975e03b35cc9c41007459,,WRITE:0-0
405ff6-406002,510,4,a1d09c41008b04b085c0744a,,WRITE:0-0
40604c-40604f,510,2,46eb9c,,WRITE:0-0
40604f-40605b,2,2,c745fcfeffffffe813000000,,WRITE:0-0
40605b-40606e,2,9,8b45e48b4df064890d00000000595f5e5bc9c3,,WRITE:343000-0
40606e-406075,2,2,6a08e870350000,,WRITE:0-0
406075-406077,2,2,59c3,,WRITE:0-0
406103-40610f,2,3,6a2c6840804100e8d1b8ffff,,WRITE:0-0
40610f-406119,2,3,8b4508ff30e884340000,,WRITE:0-0
406119-406136,2,9,598365fc008b35d09c4100a1cc9c41008d1c868b7d0c8975d43bf3744f,,WRITE:0-0
40612f-406136,513,3,8975d43bf3744f,,WRITE:0-0
406136-406143,513,5,8b068945e0ff3750e8b9000000,,WRITE:0-0
406143-406149,513,4,595984c07437,,WRITE:0-0
406180-406185,513,2,83c604ebaa,,WRITE:0-0
406185-406191,2,2,c745fcfeffffffe812000000,,WRITE:0-0
406191-4061a3,2,8,8b4df064890d00000000595f5e5bc9c20c00,,WRITE:343000-0
4061a3-4061ad,2,3,8b4510ff30e838340000,,WRITE:0-0
4061ad-4061af,2,2,59c3,,WRITE:0-0
4061af-4061ee,2,24,8bff558bec83ec208365f8008d45f88365f4008d4dff8945e08d45088945e48d45f46a088945e8588945f08945ec8d45f0508d45e0508d45ec50e815ffffff,,WRITE:0-0
4061ee-4061f7,2,3,807d08008b45f87503,,WRITE:0-0
4061fa-4061fc,2,2,c9c3,,WRITE:0-0
4061fc-406208,513,6,8bff558bec8b450885c0741f,,WRITE:0-0
406208-406215,4,6,8b480c908bc1c1e80da8017412,,WRITE:0-0
406215-40621b,4,2,51e814000000,,WRITE:0-0
40621b-406222,4,3,83c40484c07509,,WRITE:0-0
406222-40622b,4,5,8b450cff0032c05dc3,,WRITE:19fe58-19fe58
406227-40622b,510,3,32c05dc3,,WRITE:0-0
40622f-40623d,4,7,8bff558bec8b450824033c027506,,WRITE:0-0
40623d-406243,3,2,f64508c07509,,WRITE:0-0
406243-40624c,4,2,f74508000800007404,,WRITE:0-0
406250-406254,4,3,32c05dc3,,WRITE:0-0
406254-40626c,23,13,8bff558bec8b4d0856578d710c8b16908bc224033c027547,,WRITE:0-0
40626c-406271,23,2,f6c2c07442,,WRITE:0-0
406271-406282,23,7,8b398b41042bf889018361080085ff7e31,m,WRITE:419088-419090
406282-40628a,23,4,575051e8cb190000,,WRITE:0-0
40628a-406291,23,3,5950e864520000,,WRITE:0-0
406291-406298,23,3,83c40c3bf8740b,,WRITE:0-0
4062a3-4062ad,23,5,8b0690c1e802a8017406,,WRITE:0-0
4062b3-4062b9,23,5,33c05f5e5dc3,,WRITE:0-0
406301-406308,2,2,6a01e8a7feffff,,WRITE:0-0
406308-40630a,2,2,59c3,,WRITE:0-0
40630a-406321,4,12,8bff558bec568b7508578d7e0c8b0790c1e80da8017425,,WRITE:0-0
406321-40632b,4,5,8b0790c1e806a801741b,,WRITE:0-0
406346-40634a,4,4,5f5e5dc3,,WRITE:0-0
40634a-40635c,2,7,8bff558bec83ec488d45b850ff1520204100,,WRITE:0-0
40635c-406367,2,2,66837dea000f8497000000,,WRITE:0-0
4063fe-406400,2,2,c9c3,,WRITE:0-0
406400-406421,2,13,8bff53565733ff8bc78bcf83e03fc1f9066bf03803348d209f4100837e18ff740c,,WRITE:0-0
406407-406421,3,8,8bc78bcf83e03fc1f9066bf03803348d209f4100837e18ff740c,,WRITE:0-0
40642d-406438,4,4,8bc7c646288183e8007410,m,WRITE:16b4e80-16b4ef0
406438-40643d,3,2,83e8017407,,WRITE:0-0
40643d-406444,2,3,83e8016af4eb06,,WRITE:0-0
406444-406448,2,2,6af5eb02,,WRITE:0-0
406448-406452,2,4,6af65850ff1574204100,,WRITE:0-0
40644a-406452,3,3,5850ff1574204100,,WRITE:0-0
406452-406459,4,3,8bd883fbff740d,,WRITE:0-0
406459-40645d,4,2,85db7409,,WRITE:0-0
40645d-406464,4,2,53ff15a0204100,,WRITE:0-0
406464-406466,3,1,eb02,,WRITE:0-0
406468-40646c,4,2,85c0741c,,WRITE:0-0
40646c-406477,4,4,0fb6c0895e1883f8027506,m,WRITE:16b4e70-16b4ee0
406477-40647d,4,2,804e2840eb29,m,WRITE:16b4e80-16b4ef0
4064a6-4064b0,4,3,4783ff030f8557ffffff,,WRITE:0-0
4064b0-4064b4,2,4,5f5e5bc3,,WRITE:0-0
4064b4-4064c0,2,3,6a0c6860804100e820b5ffff,,WRITE:0-0
4064c0-4064c7,2,2,6a07e8d6300000,,WRITE:0-0
4064c7-4064d6,2,6,5933db885de7895dfc53e807320000,,WRITE:0-0
4064d6-4064db,2,3,5985c0750f,,WRITE:0-0
4064db-4064e0,1,1,e86afeffff,,WRITE:0-0
4064e0-4064e5,1,1,e81bffffff,,WRITE:0-0
4064e5-4064f6,2,4,b301885de7c745fcfeffffffe815000000,,WRITE:0-0
4064f6-406508,2,9,8ac38b4df064890d00000000595f5e5bc9c3,,WRITE:343000-0
40650b-406512,2,2,6a07e8d3300000,,WRITE:0-0
406512-406514,2,2,59c3,,WRITE:0-0
406540-40654e,5,7,8bff558bec568b750883fee07730,,WRITE:0-0
40654e-406552,5,2,85f67517,,WRITE:0-0
406569-406578,5,4,566a00ff35b0a24100ff1590204100,,WRITE:0-0
406578-40657c,5,2,85c074d9,,WRITE:0-0
40657c-40657e,4,1,eb0d,,WRITE:0-0
40658b-40658e,5,3,5e5dc3,,WRITE:0-0
406b5c-406b68,2,3,6a086880804100e878aeffff,,WRITE:0-0
406b68-406b72,2,3,8b4508ff30e82b2a0000,,WRITE:0-0
406b72-406b90,2,9,598365fc008b450c8b008b008b4048f0ff00c745fcfeffffffe812000000,m,WRITE:419210-0
406b90-406ba2,2,8,8b4df064890d00000000595f5e5bc9c20c00,,WRITE:343000-0
406ba2-406bac,2,3,8b4510ff30e8392a0000,,WRITE:0-0
406bac-406bae,2,2,59c3,,WRITE:0-0
406c6e-406c7a,2,3,6a0868a0804100e866adffff,,WRITE:0-0
406c7a-406c84,2,3,8b4508ff30e819290000,,WRITE:0-0
406c84-406c9c,2,9,598365fc008b4d0c8b41048b00ff308b01ff30e8b3010000,,WRITE:0-0
406c9c-406caa,2,4,5959c745fcfeffffffe812000000,,WRITE:0-0
406caa-406cbc,2,8,8b4df064890d00000000595f5e5bc9c20c00,,WRITE:343000-0
406cbc-406cc6,2,3,8b4510ff30e81f290000,,WRITE:0-0
406cc6-406cc8,2,2,59c3,,WRITE:0-0
406cc8-406d36,2,36,8bff558bec83ec148b450833c9416a438948188b4508c700583041008b45088988500300008b4508596a05c74048109241008b45086689486c8b4508668988720100008d4dff8b450883a04c030000008d45088945f0588945f88945ec8d45f8508d45f0508d45ec50e826feffff,m,WRITE:16b4af0-16b4e24
406d36-406d5f,2,16,8d45088945f48d4dff6a048d450c8945f8588945ec8945f08d45ec508d45f4508d45f050e80fffffff,,WRITE:0-0
406d5f-406d61,2,2,c9c3,,WRITE:0-0
406e4f-406e5e,2,7,8bff558bec568b7508837e4c007428,,WRITE:0-0
406e86-406e91,2,5,8b450c89464c5e85c07407,m,WRITE:16b4b24-0
406e91-406e97,2,2,50e8052e0000,,WRITE:0-0
406e97-406e9a,2,3,595dc3,,WRITE:0-0
406e9a-406ea5,24,5,8bff535657ff153c204100,,WRITE:0-0
406ea5-406eb1,24,4,8bf0a14091410083f8ff741c,,WRITE:0-0
406eb1-406eb7,24,2,50e85aefffff,,WRITE:0-0
406eb7-406ebd,24,3,8bf885ff740b,,WRITE:0-0
406ebd-406ec2,24,2,83ffff7578,,WRITE:0-0
406f3a-406f43,24,3,8bdf56ff1540204100,,WRITE:0-0
406f43-406f4b,24,4,f7df1bff23fb7406,,WRITE:0-0
406f4b-406f51,24,5,8bc75f5e5bc3,,WRITE:0-0
406f57-406f62,2,4,a1409141005683f8ff7418,,WRITE:0-0
406f62-406f68,2,2,50e8a9eeffff,,WRITE:0-0
406f68-406f6e,2,3,8bf085f67407,,WRITE:0-0
406f6e-406f73,2,2,83feff7478,,WRITE:0-0
406f73-406f75,1,1,eb6e,,WRITE:0-0
406fe3-406fe7,2,2,85f67404,,WRITE:0-0
406fe7-406feb,2,3,8bc65ec3,,WRITE:0-0
406ff1-406ffc,22,5,8bff535657ff153c204100,,WRITE:0-0
406ffc-407008,22,4,8bf0a14091410083f8ff741c,,WRITE:0-0
407008-40700e,22,2,50e803eeffff,,WRITE:0-0
40700e-407014,22,3,8bf885ff740b,,WRITE:0-0
407014-407019,21,2,83ffff7578,,WRITE:0-0
40701f-40702c,2,4,a1409141006aff50e824eeffff,,WRITE:0-0
40702c-407030,2,2,85c074e9,,WRITE:0-0
407030-40703c,2,3,68640300006a01e852eaffff,,WRITE:0-0
40703c-407044,2,5,8bf8595985ff7517,,WRITE:0-0
40705b-407067,2,3,57ff3540914100e8e9edffff,,WRITE:0-0
407067-40706b,2,2,85c07511,,WRITE:0-0
40707c-407087,2,3,6838a1410057e841fcffff,,WRITE:0-0
407087-40708e,2,2,6a00e85deaffff,,WRITE:0-0
40708e-40709a,2,4,83c40c8bdf56ff1540204100,,WRITE:0-0
407091-40709a,21,3,8bdf56ff1540204100,,WRITE:0-0
40709a-4070a6,22,8,f7df1bff23fb8bc75f5e5bc3,,WRITE:0-0
4070a6-4070b0,2,2,68616d4000e8e3ecffff,,WRITE:0-0
4070b0-4070ba,2,3,a34091410083f8ff7503,m,WRITE:419140-0
4070bd-4070c2,1,1,e82fffffff,,WRITE:0-0
4070c2-4070c6,2,2,85c07509,,WRITE:0-0
4070cf-4070d2,2,2,b001c3,,WRITE:0-0
407c55-407c61,67,6,8bff558bec8b450885c07515,,WRITE:0-0
407c76-407c7c,67,4,8b4010905dc3,,WRITE:0-0
407c7c-407c8a,63,6,8bff558bec8b550c836a0801790d,m,WRITE:419090-419090
407c97-407ca5,63,7,8b028a4d088808ff020fb6c15dc3,m,WRITE:16b7c98-419088
407cba-407cc6,23,5,8bff558bec6a02e862b0ffff,,WRITE:0-0
407cc6-407ccc,23,3,593945087425,,WRITE:0-0
407ccc-407cd3,23,2,6a01e855b0ffff,,WRITE:0-0
407cd3-407cd9,23,3,593945087514,,WRITE:0-0
407cd9-407ce1,23,2,ff7508e874ffffff,,WRITE:0-0
407ce1-407ce7,23,2,50e8a15a0000,,WRITE:0-0
407ce7-407ced,23,4,595985c07504,,WRITE:0-0
407cf1-407cf5,23,3,b0015dc3,,WRITE:0-0
407cf5-407d06,23,9,8bff558bec53568b75085756e8b4ffffff,,WRITE:0-0
407d06-407d0f,23,3,5984c00f848b000000,,WRITE:0-0
407d0f-407d16,23,2,6a01e812b0ffff,,WRITE:0-0
407d16-407d1e,23,5,596a025b3bf07507,,WRITE:0-0
407d1e-407d25,23,2,bf30a14100eb10,,WRITE:0-0
407d35-407d48,23,6,ff05d49c41008d4e0c8b0190a9c00400007552,m,WRITE:419cd4-419cd4
407d48-407d56,23,5,b882020000f009018b0785c0752d,m,WRITE:419094-419094
407d56-407d60,2,2,6800100000e8e0e7ffff,,WRITE:0-0
407d60-407d69,2,3,6a008907e882ddffff,m,WRITE:41a130-0
407d69-407d71,2,5,8b07595985c07512,,WRITE:0-0
407d7f-407d83,23,2,b001eb19,,WRITE:0-0
407d83-407d9a,23,6,8946048b078906c7460800100000c7461800100000ebe5,m,WRITE:41908c-4190a0
407d9c-407da1,23,5,5f5e5b5dc3,,WRITE:0-0
407da1-407dac,23,5,8bff558bec807d0800742d,,WRITE:0-0
407dac-407dbe,23,9,568b750c578d7e0c8b0790c1e809a8017419,,WRITE:0-0
407dbe-407dc4,23,2,56e890e4ffff,,WRITE:0-0
407dc4-407ddb,23,11,59b87ffdfffff0210733c089461889460489065f5e5dc3,m,WRITE:419094-419088
408488-40849a,2,7,8bff558bec83ec106a008d4df0e80eacffff,,WRITE:0-0
40849a-4084a7,2,4,8b45f4bae9fd0000395008740c,,WRITE:0-0
4084a7-4084ac,1,1,e86bd8ffff,,WRITE:0-0
4084ac-4084b2,2,3,33d285c07501,,WRITE:0-0
4084b3-4084b9,2,2,807dfc00740a,,WRITE:0-0
4084c3-4084c7,2,3,8bc2c9c3,,WRITE:0-0
40860d-40861a,2,7,8bff558bec568b750885f6750f,,WRITE:0-0
408629-408631,2,4,5333db66391e7525,,WRITE:0-0
408656-408666,2,9,535353536aff5653ff7514e81c0a0000,,WRITE:0-0
408666-40866d,2,3,83c42085c07516,,WRITE:0-0
408683-40868c,2,4,578b7d0c3b470c760c,,WRITE:0-0
408698-4086ac,2,9,5353ff770cff77086aff5653ff7514e8d6090000,,WRITE:0-0
4086ac-4086b3,2,3,83c42085c07516,,WRITE:0-0
4086c9-4086d4,2,8,4889471033c05f5b5e5dc3,,WRITE:19fcc4-0
40870f-40873a,2,13,8bff558bec81ec2c020000a12890410033c58945fc8b45088d8df0fdffff68050100005150ff157c204100,,WRITE:0-0
40873a-40873e,2,2,85c07511,,WRITE:0-0
40874f-408780,2,9,8b4d0c8b451083a5e4fdffff00898dd4fdffff8985d8fdffff898ddcfdffff8985e0fdffffc685e8fdffff00e808fdffff,,WRITE:0-0
408780-40879b,2,8,508d85effdffff508d85d4fdffff508d85f0fdffff50e872feffff,,WRITE:0-0
40879b-4087ae,2,5,8b85e4fdffff83c4108b4dfc33cde85794ffff,,WRITE:0-0
4087ae-4087b0,2,2,c9c3,,WRITE:0-0
4087b0-4087bc,2,3,6a086820814100e82492ffff,,WRITE:0-0
4087bc-4087c6,2,3,8b4508ff30e8d70d0000,,WRITE:0-0
4087c6-4087d3,2,4,598365fc008b4d0ce82a000000,,WRITE:0-0
4087d3-4087df,2,2,c745fcfeffffffe812000000,,WRITE:0-0
4087df-4087f1,2,8,8b4df064890d00000000595f5e5bc9c20c00,,WRITE:343000-0
4087f1-4087fb,2,3,8b4510ff30e8ea0d0000,,WRITE:0-0
4087fb-4087fd,2,2,59c3,,WRITE:0-0
4087fd-40881f,2,13,8bff568bf1b901010000518b068b008b404883c0185051ff353ca14100e8f7060000,,WRITE:0-0
40881f-40883e,2,10,8b06b900010000518b008b404805190100005051ff3540a14100e8d8060000,,WRITE:0-0
40883e-408851,2,7,8b460483c42083c9ff8b008b00f00fc1087515,m,WRITE:419210-0
408866-408880,2,12,8b068b108b46048b088b424889018b068b008b4048f0ff005ec3,m,WRITE:41a144-16b6a70
408880-40888f,2,6,8bff558bec8b45082da40300007428,,WRITE:0-0
40888f-408894,2,2,83e804741c,,WRITE:0-0
4088b0-4088b7,2,3,a1843d41005dc3,,WRITE:0-0
4088be-4088d0,3,7,8bff558bec83ec108d4df06a00e8d8a7ffff,,WRITE:0-0
4088d0-4088df,3,4,832548a14100008b450883f8fe7512,m,WRITE:41a148-41a148
4088f1-4088f6,3,2,83f8fd7512,,WRITE:0-0
4088f6-408906,2,2,c70548a1410001000000ff15b4204100,m,WRITE:41a148-0
408906-408908,1,1,eb15,,WRITE:0-0
408908-40890d,2,2,83f8fc7510,,WRITE:0-0
40891d-408923,3,2,807dfc00740a,,WRITE:0-0
40892d-40892f,3,2,c9c3,,WRITE:0-0
408994-4089bc,2,13,8bff558bec81ec18070000a12890410033c58945fc53568b750857817e04e9fd00000f840c010000,,WRITE:0-0
4089bc-4089cc,2,4,8d85e8f8ffff50ff7604ff15bc204100,,WRITE:0-0
4089cc-4089d4,2,2,85c00f84f4000000,,WRITE:0-0
4089d4-4089e9,2,7,33dbbf000100008bc3888405fcfeffff403bc772f4,,WRITE:0-0
4089dd-4089e9,256,4,888405fcfeffff403bc772f4,,WRITE:0-0
4089e9-4089fe,2,4,8a85eef8ffff8d8deef8ffffc685fcfeffff20eb1f,,WRITE:0-0
4089fe-408a07,2,3,0fb651010fb6c0eb0d,,WRITE:0-0
408a07-408a0b,127,2,3bc7730d,,WRITE:0-0
408a0b-408a18,127,4,c68405fcfeffff20403bc276ef,,WRITE:0-0
408a14-408a18,2,2,3bc276ef,,WRITE:0-0
408a18-408a21,2,4,83c1028a0184c075dd,,WRITE:0-0
408a1d-408a21,2,2,84c075dd,,WRITE:0-0
408a21-408a3c,2,10,53ff76048d85fcf8ffff50578d85fcfeffff506a0153e83d110000,,WRITE:0-0
408a3c-408a5d,2,12,53ff76048d85fcfdffff5750578d85fcfeffff5057ffb61c02000053e801560000,,WRITE:0-0
408a5d-408a85,2,13,83c4408d85fcfcffff53ff76045750578d85fcfeffff506800020000ffb61c02000053e8d9550000,,WRITE:0-0
408a85-408a97,2,5,83c4248bc30fb78c45fcf8fffff6c101740e,,WRITE:0-0
408a8a-408a97,256,3,0fb78c45fcf8fffff6c101740e,,WRITE:0-0
408a97-408aa5,27,3,804c0619108a8c05fcfdffffeb15,m,WRITE:16b6aca-16b6ae3
408aa5-408aaa,231,2,f6c102740e,,WRITE:0-0
408aaa-408ab8,27,3,804c0619208a8c05fcfcffffeb02,m,WRITE:16b6aea-16b6b03
408ab8-408ac6,205,5,8acb888c0619010000403bc772c4,m,WRITE:16b6b89-16b6c88
408aba-408ac6,53,4,888c0619010000403bc772c4,m,WRITE:16b6bca-16b6c03
408ac6-408ac8,1,1,eb3d,,WRITE:0-0
408b05-408b12,2,6,8b4dfc5f5e33cd5be8f390ffff,,WRITE:0-0
408b12-408b14,2,2,c9c3,,WRITE:0-0
408b14-408b27,2,7,8bff558bec83ec14ff7514ff7510e801010000,,WRITE:0-0
408b27-408b2f,2,2,ff7508e88ffdffff,,WRITE:0-0
408b2f-408b40,2,6,8b4d1083c40c8945f48b49483b41047504,,WRITE:0-0
408b44-408b51,2,5,5356576820020000e8efd9ffff,,WRITE:0-0
408b51-408b5b,2,5,8bf883cbff5985ff742e,,WRITE:0-0
408b5b-408b76,2,144,8b7510b9880000008b7648f3a58bf857ff75f4832700e8ad010000,m,WRITE:16b6a70-16b6a70
408b66-76fdd23b,651,0,,m,WRITE:16b6a70-419538
408b76-408b7e,2,5,8bf059593bf3751b,,WRITE:0-0
408b8b-408b91,2,2,57e85acfffff,,WRITE:0-0
408b91-408b99,2,7,595f8bc65e5bc9c3,,WRITE:0-0
408b99-408b9f,2,2,807d0c007505,,WRITE:0-0
408ba4-408bb1,2,5,8b45108b4048f00fc1184b7515,m,WRITE:419210-0
408bb1-408bbd,2,3,8b4510817848109241007409,,WRITE:0-0
408bc6-408be6,2,9,c707010000008bcf8b451033ff8948488b4d10a18897410085815003000075a5,m,WRITE:16b6a70-16b4b20
408be6-408c0f,2,16,8d45108945ec8d4dff6a058d45148945f0588945f48945f88d45f4508d45ec508d45f850e8a1fbffff,,WRITE:0-0
408c0f-408c19,2,2,807d0c000f8472ffffff,,WRITE:0-0
408c19-408c28,2,4,8b45148b00a304924100e963ffffff,m,WRITE:419204-0
408c28-408c34,2,3,6a0c6800814100e8ac8dffff,,WRITE:0-0
408c34-408c49,2,6,33f68975e48b7d08a188974100858750030000740e,,WRITE:0-0
408c51-408c55,2,2,85f6746d,,WRITE:0-0
408c55-408c57,1,1,eb59,,WRITE:0-0
408c57-408c5e,2,2,6a05e83f090000,,WRITE:0-0
408c5e-408c6f,2,7,598975fc8b77488975e48b5d0c3b337427,,WRITE:0-0
408c96-408ca2,2,2,c745fcfeffffffe805000000,,WRITE:0-0
408ca2-408ca4,1,1,ebad,,WRITE:0-0
408ca7-408cae,2,2,6a05e837090000,,WRITE:0-0
408cae-408cb0,2,2,59c3,,WRITE:0-0
408cb0-408cc2,2,9,8bc68b4df064890d00000000595f5e5bc9c3,,WRITE:343000-0
408cc8-408cd1,5,2,803d4ca1410000753c,,WRITE:0-0
408cd1-408cf4,2,4,c70544a1410010924100c70540a1410038954100c7053ca1410030944100e863e2ffff,m,WRITE:41a144-41a13c
408cf4-408d03,2,5,6844a14100506a016afde811feffff,,WRITE:0-0
408d03-408d10,2,4,83c410c6054ca1410001b001c3,m,WRITE:41a14c-0
408d0d-408d10,4,2,b001c3,,WRITE:0-0
408d23-408d43,2,13,8bff558bec83ec20a12890410033c58945fc53568b750c57ff7508e87bfbffff,,WRITE:0-0
408d43-408d4e,2,4,8bd85985db0f84b0010000,,WRITE:0-0
408d4e-408d63,2,6,33ff8bcf8bc7894de43998409641000f84f3000000,,WRITE:0-0
408d57-408d63,2,2,3998409641000f84f3000000,,WRITE:0-0
408d63-408d71,2,5,4183c030894de43df000000072e6,,WRITE:0-0
408db3-408db9,2,2,56e8dbfbffff,,WRITE:0-0
408db9-408dbe,1,1,e946010000,,WRITE:0-0
408e56-408e65,2,5,68010100008d46185750e8cb91ffff,,WRITE:0-0
408e65-408e7f,2,8,83c40c6b45e4308945e08d80509641008945e48038008bc87435,,WRITE:0-0
408e78-408e7f,4,3,8038008bc87435,,WRITE:0-0
408e7f-408e86,3,3,8a410184c0742b,,WRITE:0-0
408e86-408e8e,3,3,0fb6110fb6c0eb17,,WRITE:0-0
408e8e-408e96,318,2,81fa000100007313,,WRITE:0-0
408e96-408ea9,318,6,8a873896410008441619420fb641013bd076e5,m,WRITE:16b6b0a-16b6b87
408ea5-408ea9,3,2,3bd076e5,,WRITE:0-0
408ea9-408eb1,3,3,83c10280390075ce,,WRITE:0-0
408eb1-408ec0,3,6,8b45e44783c0088945e483ff0472b8,,WRITE:0-0
408eb4-408ec0,3,5,4783c0088945e483ff0472b8,,WRITE:0-0
408ec0-408ed0,2,4,53895e04c7460801000000e8b0f9ffff,m,WRITE:16b6a74-16b6a78
408ed0-408ef9,2,13,83c40489861c0200008b45e08d4e0c6a068d90449641005f668b028d52026689018d490283ef0175ef,m,WRITE:16b6c8c-16b6a7c
408ee8-408ef9,6,6,668b028d52026689018d490283ef0175ef,m,WRITE:16b6a7e-16b6a86
408ef9-408efe,1,1,e9b5feffff,,WRITE:0-0
408f04-408f14,2,8,33c0598b4dfc5f5e33cd5be8f18cffff,,WRITE:0-0
408f14-408f16,2,2,c9c3,,WRITE:0-0
408f16-408f23,3,7,8bff558bec568b751485f67504,,WRITE:0-0
408f27-408f2e,3,3,8b450885c07513,,WRITE:0-0
408f41-408f49,3,4,578b7d1085ff7414,,WRITE:0-0
408f49-408f4e,3,2,39750c720f,,WRITE:0-0
408f4e-408f56,3,4,565750e88a97ffff,,WRITE:0-0
408f56-408f5d,3,3,83c40c33c0eb36,,WRITE:0-0
408f93-408f97,3,4,5f5e5dc3,,WRITE:0-0
408f97-408fab,55,8,8bff558bec83ec1056ff75088d4df0e8fda0ffff,,WRITE:0-0
408fab-408fbb,55,5,0fb6750c8b45f88a4d14844c3019751b,,WRITE:0-0
408fbb-408fc2,55,3,33d2395510740e,,WRITE:0-0
408fd0-408fd6,55,3,8bc285c07403,,WRITE:0-0
408fd9-408fe0,55,3,807dfc005e740a,,WRITE:0-0
408fea-408fee,55,3,8bc2c9c3,,WRITE:0-0
408fee-409001,55,8,8bff558bec6a046a00ff75086a00e896ffffff,,WRITE:0-0
409001-409006,55,3,83c4105dc3,,WRITE:0-0
409006-409017,7,7,8bff558bec8b4508b935c400003bc17728,,WRITE:0-0
409017-409019,6,1,7465,,WRITE:0-0
409019-40901e,7,2,83f82a7460,,WRITE:0-0
40901e-409025,7,2,3d2bc400007615,,WRITE:0-0
40903a-40903f,7,2,8b4d0ceb29,,WRITE:0-0
409068-40907c,7,7,ff751cff7518ff7514ff75105150ff15c0204100,,WRITE:0-0
40907c-40907e,7,2,5dc3,,WRITE:0-0
409082-409099,7,11,8bff558bec8b4508bae9fd00005356578d72ff3bc67408,,WRITE:0-0
409099-40909d,7,2,3bc27404,,WRITE:0-0
40909d-4090a1,7,2,32dbeb02,,WRITE:0-0
4090a3-4090ac,7,3,b935c400003bc17723,,WRITE:0-0
4090ac-4090ae,6,1,7449,,WRITE:0-0
4090ae-4090b3,7,2,83f82a7444,,WRITE:0-0
4090b3-4090ba,7,2,3d2bc400007632,,WRITE:0-0
4090ec-4090f7,7,3,8b4d0c81e17fffffffeb02,,WRITE:0-0
4090f9-409117,7,13,8b7d240fb6d3f7da0fb6f31bd2f7d223d7f7de1bf6f7d623752084db7407,,WRITE:0-0
40911e-409134,7,9,5256ff751cff7518ff7514ff75105150ff15c4204100,,WRITE:0-0
409134-409139,7,5,5f5e5b5dc3,,WRITE:0-0
409139-409149,2,8,8bff558bec8b55085733ff66393a7421,,WRITE:0-0
409149-40915a,2,7,568bca8d7102668b0183c102663bc775f5,,WRITE:0-0
40914a-40915a,85,6,8bca8d7102668b0183c102663bc775f5,,WRITE:0-0
40914f-40915a,6519,4,668b0183c102663bc775f5,,WRITE:0-0
40915a-409169,86,6,2bced1f98d144a83c20266393a75e1,,WRITE:0-0
409169-409170,2,5,5e8d42025f5dc3,,WRITE:0-0
409170-40917f,2,8,8bff558bec51535657ff15c8204100,,WRITE:0-0
40917f-409187,2,4,8bf033ff85f67459,,WRITE:0-0
409187-40918d,2,2,56e8acffffff,,WRITE:0-0
40918d-4091a0,2,12,5757578bd8572bded1fb53565757e8e2feffff,,WRITE:0-0
4091a0-4091aa,2,4,83c4248945fc85c07436,,WRITE:0-0
4091aa-4091b0,2,2,50e890d3ffff,,WRITE:0-0
4091b0-4091b7,2,4,8bf85985ff741e,,WRITE:0-0
4091b7-4091c8,2,10,33c05050ff75fc5753565050e8bafeffff,,WRITE:0-0
4091c8-4091cf,2,3,83c42085c07406,,WRITE:0-0
4091cf-4091d5,2,3,8bdf33ffeb02,,WRITE:0-0
4091d7-4091dd,2,2,57e80ec9ffff,,WRITE:0-0
4091dd-4091e0,2,2,59eb02,,WRITE:0-0
4091e2-4091e6,2,2,85f67407,,WRITE:0-0
4091e6-4091ed,2,2,56ff15cc204100,,WRITE:0-0
4091ed-4091f4,2,6,5f5e8bc35bc9c3,,WRITE:0-0
40955c-409574,2,9,8bff5657bf50a1410033f66a0068a00f000057e81ec9ffff,,WRITE:0-0
409567-409574,14,4,6a0068a00f000057e81ec9ffff,,WRITE:0-0
409574-409578,15,2,85c07418,,WRITE:0-0
409578-40958c,15,5,ff05a0a2410083c61883c71881fe5001000072db,m,WRITE:41a2a0-41a2a0
40958c-409590,2,2,b001eb0a,,WRITE:0-0
40959a-40959d,2,3,5f5ec3,,WRITE:0-0
40959d-4095b2,13,7,8bff558bec6b4508180550a1410050ff1544204100,,WRITE:0-0
4095b2-4095b4,13,2,5dc3,,WRITE:0-0
4095e5-4095fa,13,7,8bff558bec6b4508180550a1410050ff1548204100,,WRITE:0-0
4095fa-4095fc,13,2,5dc3,,WRITE:0-0
4095fc-409616,2,11,8bff558bec5164a1300000005633f68975fc8b40103970087c0f,,WRITE:0-0
409616-40961f,2,3,8d45fc50e8b8c6ffff,,WRITE:0-0
40961f-409625,2,2,837dfc017403,,WRITE:0-0
409625-40962d,2,6,33f6468bc65ec9c3,,WRITE:0-0
40962d-40963f,2,10,8bff558bec515153566a386a40e84fc4ffff,,WRITE:0-0
40963f-40964c,2,7,8bf033db8975f8595985f67504,,WRITE:0-0
409650-40965a,2,3,8d86000e00003bf07441,,WRITE:0-0
40965a-40966f,2,8,578d7e208bf05368a00f00008d47e050e823c8ffff,,WRITE:0-0
409660-40966f,64,5,5368a00f00008d47e050e823c8ffff,,WRITE:0-0
40966f-409697,65,12,834ff8ff80670df8891f8d7f38895fcc8d47e0c747d000000a0ac647d40a895fd6885fda3bc675c9,m,WRITE:16b4e70-16b5c52
409697-4096a1,2,4,8b75f85f53e84ac4ffff,,WRITE:0-0
4096a1-4096a8,2,6,598bc65e5bc9c3,,WRITE:0-0
4096dd-4096e9,2,3,6a106840814100e8f782ffff,,WRITE:0-0
4096e9-4096f2,2,2,817d08002000007221,,WRITE:0-0
409701-409713,2,9,8bc68b4df064890d00000000595f5e5bc9c3,,WRITE:343000-0
409713-40971f,2,4,33f68975e46a07e87efeffff,,WRITE:0-0
40971f-409732,2,7,598975fc8bfea120a14100897de03945087c1f,,WRITE:0-0
40972a-409732,2,3,897de03945087c1f,,WRITE:0-0
409732-40973b,2,2,3934bd209f41007531,,WRITE:0-0
40973b-409740,1,1,e8edfeffff,,WRITE:0-0
409740-40974b,2,3,8904bd209f410085c07514,m,WRITE:419f20-0
409751-40975d,2,2,c745fcfeffffffe815000000,,WRITE:0-0
40975d-40975f,1,1,eba2,,WRITE:0-0
40975f-40976f,2,5,a120a1410083c040a320a1410047ebbb,m,WRITE:41a120-0
409772-409779,2,2,6a07e86cfeffff,,WRITE:0-0
409779-40977b,2,2,59c3,,WRITE:0-0
40977b-40979c,23,11,8bff558bec8b45088bc883e03fc1f9066bc03803048d209f410050ff1544204100,,WRITE:0-0
40979c-40979e,23,2,5dc3,,WRITE:0-0
40979e-4097bf,23,11,8bff558bec8b45088bc883e03fc1f9066bc03803048d209f410050ff1548204100,,WRITE:0-0
4097bf-4097c1,23,2,5dc3,,WRITE:0-0
4098bc-4098c5,2,2,833da4a2410000750a,,WRITE:0-0
4098cf-4098d2,2,2,33c0c3,,WRITE:0-0
409b79-409b99,2,13,8bff558bec83ec1ca12890410033c58945fc535657ff75088d4de4e80f95ffff,,WRITE:0-0
409b99-409ba0,2,3,8b5d1c85db7506,,WRITE:0-0
409ba6-409bc6,2,12,33c033ff3945205757ff75140f95c0ff75108d04c5010000005053e840f4ffff,,WRITE:0-0
409bc6-409bd4,2,4,83c4188945f485c00f8484000000,,WRITE:0-0
409bd4-409be5,2,7,8d14008d4a088955f83bd11bc023c17435,,WRITE:0-0
409be5-409bec,2,2,3d000400007713,,WRITE:0-0
409bec-409bf1,1,1,e8af760000,,WRITE:0-0
409bf1-409bf7,2,3,8bf485f6741e,,WRITE:0-0
409bf7-409bff,2,2,c706cccc0000eb13,,WRITE:19f510-0
409c12-409c1a,2,3,83c6088b55f8eb02,,WRITE:0-0
409c1c-409c20,2,2,85f67431,,WRITE:0-0
409c20-409c28,2,4,525756e80884ffff,,WRITE:0-0
409c28-409c3a,2,7,ff75f456ff7514ff75106a0153e8ccf3ffff,,WRITE:0-0
409c3a-409c41,2,3,83c42485c07410,,WRITE:0-0
409c41-409c4f,2,5,ff75185056ff750cff15d8204100,,WRITE:0-0
409c4f-409c57,2,3,8bf856e825000000,,WRITE:0-0
409c57-409c5e,2,3,59807df000740a,,WRITE:0-0
409c68-409c7a,2,8,8bc78d65d85f5e5b8b4dfc33cde88b7fffff,,WRITE:0-0
409c7a-409c7c,2,2,c9c3,,WRITE:0-0
409c7c-409c88,6,6,8bff558bec8b450885c07412,,WRITE:0-0
409c88-409c93,6,3,83e8088138dddd00007507,,WRITE:0-0
409c9a-409c9c,6,2,5dc3,,WRITE:0-0
409c9c-409caf,2,8,8bff558bec8b4508f0ff400c8b487c85c97403,m,WRITE:419154-0
409cb2-409cbc,2,3,8b888400000085c97403,,WRITE:0-0
409cbf-409cc9,2,3,8b888000000085c97403,,WRITE:0-0
409ccc-409cd6,2,3,8b888c00000085c97403,,WRITE:0-0
409cd9-409ce9,2,6,566a068d48285e8179f8089241007409,,WRITE:0-0
409ce0-409ce9,6,2,8179f8089241007409,,WRITE:0-0
409ce9-409cef,2,3,8b1185d27403,,WRITE:0-0
409cf2-409cf8,7,2,8379f400740a,,WRITE:0-0
409d02-409d0a,7,3,83c11083ee0175d6,,WRITE:0-0
409d0a-409d15,2,2,ffb09c000000e84c010000,,WRITE:0-0
409d15-409d19,2,4,595e5dc3,,WRITE:0-0
409e61-409e6d,2,6,8bff558bec8b4d0885c97416,,WRITE:0-0
409e6d-409e75,2,2,81f9c0384100740e,,WRITE:0-0
409e83-409e8a,2,3,b8ffffff7f5dc3,,WRITE:0-0
40a036-40a043,2,7,8bff558bec568b750c85f6741b,,WRITE:0-0
40a043-40a04f,2,6,6ae033d258f7f63b4510730f,,WRITE:0-0
40a05e-40a067,2,5,538b5d085785db740b,,WRITE:0-0
40a072-40a07f,2,5,33ff0faf75105653e83f420000,,WRITE:0-0
40a07f-40a087,2,5,8bd8595985db7415,,WRITE:0-0
40a087-40a08b,2,2,3bfe7311,,WRITE:0-0
40a08b-40a099,2,6,2bf78d043b566a0050e8977fffff,,WRITE:0-0
40a099-40a0a3,2,7,83c40c5f8bc35b5e5dc3,,WRITE:0-0
40a0a3-40a0a9,1,1,ff15dc204100,,WRITE:0-0
40a0a9-40a0b4,2,4,85c0a3b0a241000f95c0c3,m,WRITE:41a2b0-0
40a0be-40a0ce,2,9,8bff558bec5356578b7d083b7d0c7451,,WRITE:0-0
40a0ce-40a0d6,2,4,8bf78b1e85db740e,,WRITE:0-0
40a0d0-40a0d6,16,3,8b1e85db740e,,WRITE:0-0
40a0d6-40a0de,13,2,8bcbff150c214100,,WRITE:0-0
40a0de-40a0e0,12,1,ffd3,,WRITE:0-0
40a0e0-40a0e4,13,2,84c07408,,WRITE:0-0
40a0e4-40a0ec,17,3,83c6083b750c75e4,,WRITE:0-0
40a0ec-40a0f1,2,2,3b750c742e,,WRITE:0-0
40a11f-40a126,2,6,b0015f5e5b5dc3,,WRITE:0-0
40a157-40a166,2,7,8bff558bec8b4508a3b4a241005dc3,m,WRITE:41a2b4-0
40a2e4-40a302,2,10,8bff558bec8b4508a3b8a24100a3bca24100a3c0a24100a3c4a241005dc3,m,WRITE:41a2b8-41a2c4
40a67a-40a697,2,12,8bff558bec83ec109bd97df8668b45f80fb7c883e101c1e104a8047403,,WRITE:0-0
40a697-40a69e,2,3,83c908a8087403,,WRITE:0-0
40a69e-40a6a5,2,3,83c904a8107403,,WRITE:0-0
40a6a5-40a6ac,2,3,83c902a8207403,,WRITE:0-0
40a6ac-40a6b3,2,3,83c901a8027406,,WRITE:0-0
40a6b3-40a6cf,2,10,81c90000080053560fb7f0bb000c00008bd657bf0002000023d37426,,WRITE:0-0
40a6f5-40a6fd,2,2,81e600030000740c,,WRITE:0-0
40a6fd-40a701,2,2,3bf7750e,,WRITE:0-0
40a701-40a709,2,2,81c900000100eb06,,WRITE:0-0
40a70f-40a71b,2,4,0fb7c0ba0010000085c27406,,WRITE:0-0
40a721-40a739,2,9,8b7d0c8bf78b4508f7d623f123c70bf03bf10f84a8000000,,WRITE:0-0
40a7e1-40a7ee,2,2,833dfc984100010f8c86010000,,WRITE:0-0
40a7ee-40a80b,2,8,81e71f0308030fae5df08b4df08bc1c1e80383e010f7c1000200007403,,WRITE:0-0
40a80b-40a816,2,3,83c808f7c1000400007403,,WRITE:0-0
40a816-40a821,2,3,83c804f7c1000800007403,,WRITE:0-0
40a821-40a828,2,3,83c80285ca7403,,WRITE:0-0
40a828-40a833,2,3,83c801f7c1000100007405,,WRITE:0-0
40a833-40a843,2,5,0d000008008bd1bb0060000023d37427,,WRITE:0-0
40a86a-40a877,2,5,6a4081e1408000005b2bcb741a,,WRITE:0-0
40a877-40a87f,2,2,81e9c07f0000740b,,WRITE:0-0
40a87f-40a883,2,2,2bcb7513,,WRITE:0-0
40a896-40a8a9,2,7,8bcf237d08f7d123c80bcf3bc80f84b4000000,,WRITE:0-0
40a95d-40a96a,2,5,8bc833c60bcea91f0308007406,,WRITE:0-0
40a970-40a974,2,2,8bc1eb02,,WRITE:0-0
40a976-40a97b,2,5,5f5e5bc9c3,,WRITE:0-0
40b18e-40b19f,23,9,8bff558bec51568b75085756e8e9250000,,WRITE:0-0
40b19f-40b1a4,23,3,5985c07455,,WRITE:0-0
40b1a4-40b1bd,23,7,8bfe83e63fc1ff066bf6388b04bd209f4100807c3028007d3c,,WRITE:0-0
40b1bd-40b1c2,22,1,e8d8bcffff,,WRITE:0-0
40b1c2-40b1ce,23,3,8b404c83b8a800000000750e,,WRITE:0-0
40b1ce-40b1dc,23,3,8b04bd209f4100807c302900741d,,WRITE:0-0
40b1f9-40b1ff,23,5,32c05f5ec9c3,,WRITE:0-0
40b1ff-40b20e,23,5,8bff558becb80c140000e8c2600000,,WRITE:0-0
40b20e-40b256,23,26,a12890410033c58945fc8b4d0c8bc18b551483e13fc1f8066bc938538b5d088b0485209f410056578bfb8b4408188b4d1003d18985f8ebffff33c0ab8995f4ebffffabab3bca7373,,WRITE:19f8f4-19f900
40b256-40b266,23,4,8bbdf8ebffff8db5fcebffff3bca7318,,WRITE:0-0
40b262-40b266,63,2,3bca7318,,WRITE:0-0
40b266-40b26d,63,4,8a01413c0a7507,,WRITE:0-0
40b26d-40b27e,3,8,ff4308c6060d468806468d45fb3bf072e4,,WRITE:19f900-19e4d1
40b274-40b27e,61,5,8806468d45fb3bf072e4,,WRITE:19e4cc-19e4ce
40b27e-40b2a1,23,11,8d85fcebffff894d102bf08d85f8ebffff6a0050568d85fcebffff5057ff1578204100,,WRITE:0-0
40b2a1-40b2a5,23,2,85c0741c,,WRITE:0-0
40b2a5-40b2b2,23,4,8b85f8ebffff0143043bc67217,,WRITE:19f8f8-19f8fc
40b2b2-40b2bf,23,4,8b4d108b95f4ebffff3bca729d,,WRITE:0-0
40b2bf-40b2c1,22,1,eb08,,WRITE:0-0
40b2c9-40b2d8,23,7,8b4dfc8bc35f5e33cd5be82d69ffff,,WRITE:0-0
40b2d8-40b2da,23,2,c9c3,,WRITE:0-0
40b4f5-40b501,23,3,6a106820824100e8df64ffff,,WRITE:0-0
40b501-40b509,23,3,8b750883fefe7518,,WRITE:0-0
40b521-40b529,23,2,85f60f8893000000,,WRITE:0-0
40b529-40b535,23,2,3b3520a141000f8387000000,,WRITE:0-0
40b535-40b553,23,9,8bdec1fb068bc683e03f6bc838894de08b049d209f4100f6440828017469,,WRITE:0-0
40b553-40b559,23,2,56e822e2ffff,,WRITE:0-0
40b559-40b575,23,8,5983cfff897de48365fc008b049d209f41008b4de0f6440828017515,,WRITE:0-0
40b58a-40b596,23,4,ff7510ff750c56e851000000,,WRITE:0-0
40b596-40b5aa,23,5,83c40c8bf8897de4c745fcfeffffffe80a000000,,WRITE:0-0
40b5aa-40b5ae,23,2,8bc7eb29,,WRITE:0-0
40b5b4-40b5ba,23,2,56e8e4e1ffff,,WRITE:0-0
40b5ba-40b5bc,23,2,59c3,,WRITE:0-0
40b5d7-40b5e7,23,8,8b4df064890d00000000595f5e5bc9c3,,WRITE:343000-343000
40b5e7-40b609,23,14,8bff558bec83ec288b4d10894dfc53568b7508578b7d0c897df485c90f84b1010000,,WRITE:0-0
40b609-40b60d,23,2,85ff7520,,WRITE:0-0
40b62d-40b650,23,11,8bc68bd6c1fa0683e03f6bc0388955f08b1495209f41008945f88a5c022980fb027405,,WRITE:0-0
40b650-40b655,23,2,80fb01750b,,WRITE:0-0
40b660-40b667,23,2,f644022820740f,,WRITE:0-0
40b676-40b67c,23,2,56e812fbffff,,WRITE:0-0
40b67c-40b681,23,3,5984c07439,,WRITE:0-0
40b6a0-40b6a7,23,2,8bf0e99c000000,,WRITE:0-0
40b6b5-40b6ba,23,2,83c410ebe6,,WRITE:0-0
40b6ba-40b6ce,23,5,8b45f08b0c85209f41008b45f8807c0128007d46,,WRITE:0-0
40b6ce-40b6d6,23,3,0fbec383e800742e,,WRITE:0-0
40b704-40b712,23,6,ff75fc8d45d8575650e8edfaffff,,WRITE:0-0
40b712-40b714,22,1,eba1,,WRITE:0-0
40b743-40b750,23,7,8d7de4a5a5a58b45e885c07565,,WRITE:19f900-19f90c
40b7b5-40b7ba,23,2,2b45eceb02,,WRITE:0-0
40b7bc-40b7c1,23,5,5f5e5bc9c3,,WRITE:0-0
40d788-40d795,45,6,8bff558bec8b4d0883f9fe750d,,WRITE:0-0
40d7a2-40d7a6,45,2,85c97824,,WRITE:0-0
40d7a6-40d7ae,45,2,3b0d20a14100731c,,WRITE:0-0
40d7ae-40d7ca,45,9,8bc183e13fc1f8066bc9388b0485209f41000fb644082883e0405dc3,,WRITE:0-0
40de74-40de8f,3,14,8bff558bec5151a12890410033c58945fc53568b75185785f67e14,,WRITE:0-0
40de8f-40de98,3,3,56ff7514e857140000,,WRITE:0-0
40de98-40dea1,3,5,593bc6598d70017c02,,WRITE:0-0
40dea1-40deaa,3,4,8bf08b7d2485ff750b,,WRITE:0-0
40deb5-40ded3,3,11,33c03945286a006a000f95c056ff75148d04c5010000005057e833b1ffff,,WRITE:0-0
40ded3-40dee3,3,5,8bd083c4188955f885d20f8458010000,,WRITE:0-0
40dee3-40def1,3,6,8d04128d48083bc11bc023c17435,,WRITE:0-0
40def1-40def8,3,2,3d000400007713,,WRITE:0-0
40def8-40defd,2,1,e8a3330000,,WRITE:0-0
40defd-40df03,3,3,8bdc85db741e,,WRITE:0-0
40df03-40df0b,3,2,c703cccc0000eb13,,WRITE:19f4c0-19f4e0
40df1e-40df26,3,3,83c3088b55f8eb02,,WRITE:0-0
40df28-40df30,3,2,85db0f8400010000,,WRITE:0-0
40df30-40df3e,3,7,525356ff75146a0157e8c8b0ffff,,WRITE:0-0
40df3e-40df49,3,3,83c41885c00f84e7000000,,WRITE:0-0
40df49-40df60,3,12,8b7df833c050505050505753ff7510ff750ce87d7fffff,,WRITE:0-0
40df60-40df6a,3,3,8bf085f60f84c6000000,,WRITE:0-0
40df6a-40df74,3,3,ba000400008555107438,,WRITE:0-0
40dfac-40dfba,3,6,8d04368d48083bc11bc023c1742f,,WRITE:0-0
40dfba-40dfbe,3,2,3bc27713,,WRITE:0-0
40dfbe-40dfc3,2,1,e8dd320000,,WRITE:0-0
40dfc3-40dfc9,3,3,8bfc85ff7460,,WRITE:0-0
40dfc9-40dfd1,3,2,c707cccc0000eb13,,WRITE:19f2b0-19f2d0
40dfe4-40dfe9,3,2,83c708eb02,,WRITE:0-0
40dfeb-40dfef,3,2,85ff743a,,WRITE:0-0
40dfef-40e006,3,10,6a006a006a005657ff75f853ff7510ff750ce8d77effff,,WRITE:0-0
40e006-40e00a,3,2,85c0741f,,WRITE:0-0
40e00a-40e013,3,5,33c05050394520753a,,WRITE:0-0
40e015-40e020,3,5,565750ff7524e862b0ffff,,WRITE:0-0
40e020-40e029,3,4,8bf083c42085f6752c,,WRITE:0-0
40e032-40e038,3,2,53e844bcffff,,WRITE:0-0
40e038-40e04b,3,9,598bc68d65ec5f5e5b8b4dfc33cde8ba3bffff,,WRITE:0-0
40e04b-40e04d,3,2,c9c3,,WRITE:0-0
40e04d-40e055,3,3,ff7520ff751cebc0,,WRITE:0-0
40e055-40e05b,3,2,57e821bcffff,,WRITE:0-0
40e05b-40e05e,3,2,59ebd4,,WRITE:0-0
40e05e-40e071,3,7,8bff558bec83ec10ff75088d4df0e83750ffff,,WRITE:0-0
40e071-40e092,3,11,ff75288d45f4ff7524ff7520ff751cff7518ff7514ff7510ff750c50e8e2fdffff,,WRITE:0-0
40e092-40e09b,3,3,83c424807dfc00740a,,WRITE:0-0
40e0a5-40e0a7,3,2,c9c3,,WRITE:0-0
40e0a7-40e0ac,1,1,e81cacffff,,WRITE:0-0
40e0ac-40e0b6,2,5,33c984c00f94c18bc1c3,,WRITE:0-0
40e2be-40e2cb,2,7,8bff558bec578b7d0885ff750b,,WRITE:0-0
40e2cb-40e2d3,2,2,ff750ce86d82ffff,,WRITE:0-0
40e2d3-40e2d6,2,2,59eb24,,WRITE:0-0
40e2fa-40e2fd,2,3,5f5dc3,,WRITE:0-0
40f2ef-40f2fd,3,7,8bff558bec8b4d0833c03801740c,,WRITE:0-0
40f2fd-40f302,515,2,3b450c7407,,WRITE:0-0
40f302-40f309,513,3,40803c080075f4,,WRITE:0-0
40f309-40f30b,3,2,5dc3,,WRITE:0-0
40f750-40f75a,2,3,a1a098410083f8ff740c,,WRITE:0-0
40f75a-40f75f,2,2,83f8fe7407,,WRITE:0-0
40f7bc-40f7c4,2,2,6a0aff1524204100,,WRITE:0-0
40f7c4-40f7cc,2,3,a3f0a2410033c0c3,m,WRITE:41a2f0-0
4112a0-4112b6,6,9,518d4c24082bc883e10f03c11bc90bc159e91a000000,,WRITE:0-0
4112d0-4112e8,28,10,518d4c24042bc81bc0f7d023c88bc42500f0ffff3bc8720a,,WRITE:0-0
4112e4-4112e8,23,2,3bc8720a,,WRITE:0-0
4112e8-4112f2,28,6,8bc159948b00890424c3,,WRITE:0-0
4112f2-4112fb,23,3,2d001000008500ebe9,,WRITE:0-0
41ceb0-41cec2,2,6,60be00e040008dbe0030ffff5783cdffeb10,,WRITE:0-0
41cec8-41ced2,32359,6,8a064688074701db7507,anm,WRITE:401000-41b5f2
41cece-41ced2,12410,2,01db7507,,WRITE:0-0
41ced2-41cedb,1341,4,8b1e83eefc11db72ed,a,WRITE:0-0
41ced9-41cedb,43428,1,72ed,,WRITE:0-0
41cedb-41cee4,12411,3,b80100000001db7507,,WRITE:0-0
41cee0-41cee4,15013,2,01db7507,,WRITE:0-0
41cee4-41cef1,896,6,8b1e83eefc11db11c001db73ef,a,WRITE:0-0
41ceeb-41cef1,26528,3,11c001db73ef,,WRITE:0-0
41cef1-41cef3,12854,1,7509,,WRITE:0-0
41cef3-41cefc,870,4,8b1e83eefc11db73e4,a,WRITE:0-0
41cefc-41cf03,12411,3,31c983e803720d,,WRITE:0-0
41cf03-41cf0e,11646,5,c1e0088a064683f0ff7474,a,WRITE:0-0
41cf0e-41cf14,11645,3,89c501db7507,,WRITE:0-0
41cf10-41cf14,766,2,01db7507,,WRITE:0-0
41cf14-41cf21,421,6,8b1e83eefc11db11c901db7507,a,WRITE:0-0
41cf1b-41cf21,11990,3,11c901db7507,,WRITE:0-0
41cf21-41cf2c,374,5,8b1e83eefc11db11c97520,a,WRITE:0-0
41cf28-41cf2c,12037,2,11c97520,,WRITE:0-0
41cf2c-41cf31,3469,3,4101db7507,,WRITE:0-0
41cf2d-41cf31,2679,2,01db7507,,WRITE:0-0
41cf31-41cf3e,188,6,8b1e83eefc11db11c901db73ef,a,WRITE:0-0
41cf38-41cf3e,5960,3,11c901db73ef,,WRITE:0-0
41cf3e-41cf40,3549,1,7509,,WRITE:0-0
41cf40-41cf49,190,4,8b1e83eefc11db73e4,a,WRITE:0-0
41cf49-41cf5d,3469,6,83c10281fd00f3ffff83d1018d142f83fdfc760f,,WRITE:0-0
41cf4c-41cf5d,8942,5,81fd00f3ffff83d1018d142f83fdfc760f,,WRITE:0-0
41cf5d-41cf66,3376,6,8a02428807474975f7,am,WRITE:40117b-41b592
41cf66-41cf6b,49,1,e963ffffff,,WRITE:0-0
41cf6c-41cf7b,21101,6,8b0283c204890783c70483e90477f1,am,WRITE:401011-41b5e3
41cf7b-41cf82,12361,2,01cfe94cffffff,,WRITE:0-0
41cf82-41cf93,2,8,5e89f7b9c20500008a07472ce83c0177f7,a,WRITE:0-0
41cf8a-41cf93,58940,5,8a07472ce83c0177f7,a,WRITE:0-0
41cf8f-41cf93,1474,2,3c0177f7,,WRITE:0-0
41cf93-41cf98,1826,2,803f1175f2,a,WRITE:0-0
41cf98-41cfb6,1475,12,8b078a5f0466c1e808c1c01086c429f880ebe801f0890783c70589d8e2d9,am,WRITE:401048-411301
41cfb6-41cfc2,2,4,8dbe00a001008b0709c0743c,,WRITE:0-0
41cfbc-41cfc2,2,3,8b0709c0743c,,WRITE:0-0
41cfc2-41cfd8,2,6,8b5f048d843000d0010001f35083c708ff9628d00100,,WRITE:0-0
41cfd8-41cfe0,2,5,958a074708c074dc,,WRITE:0-0
41cfd9-41cfe0,67,4,8a074708c074dc,,WRITE:0-0
41cfe0-41cfed,67,29,89f95748f2ae55ff962cd00100,,WRITE:0-0
41cfed-41cff1,67,2,09c07407,,WRITE:0-0
41cff1-41cff8,67,3,890383c304ebe1,m,WRITE:412000-412104
41cffe-41d004,2,2,61e93d44feff,,WRITE:0-0
